   0.35s  xīŋŊīŋŊīŋŊīŋŊīŋŊīŋŊxīŋŊīŋŊxīŋŊxīŋŊīŋŊxīŋŊxxīŋŊīŋŊīŋŊīŋŊīŋŊīŋŊxīŋŊīŋŊxīŋŊxīŋŊīŋŊxīŋŊxxīŋŊīŋŊīŋŊīŋŊīŋŊīŋŊxīŋŊīŋŊxīŋŊxīŋŊīŋŊxīŋŊxxīŋŊīŋŊīŋŊīŋŊīŋŊīŋŊxīŋŊīŋŊxīŋŊxīŋŊīŋŊxīŋŊxxīŋŊīŋŊīŋŊīŋŊīŋŊīŋŊxīŋŊīŋŊxīŋŊxīŋŊīŋŊxīŋŊxxīŋŊīŋŊīŋŊīŋŊīŋŊīŋŊxīŋŊīŋŊxīŋŊxīŋŊīŋŊxīŋŊxxīŋŊīŋŊīŋŊīŋŊīŋŊīŋŊxīŋŊīŋŊxīŋŊxīŋŊīŋŊxīŋŊxxīŋŊīŋŊīŋŊīŋŊīŋŊīŋŊxīŋŊīŋŊxīŋŊxīŋŊīŋŊxīŋŊxxīŋŊīŋŊīŋŊīŋŊīŋŊīŋŊxīŋŊīŋŊxīŋŊxīŋŊīŋŊxīŋŊxxīŋŊīŋŊīŋŊīŋŊīŋŊīŋŊxīŋŊīŋŊxīŋŊxīŋŊīŋŊxīŋŊxxīŋŊīŋŊīŋŊīŋŊīŋŊīŋŊxīŋŊīŋŊxīŋŊxīŋŊīŋŊxīŋŊxxīŋŊīŋŊīŋŊīŋŊīŋŊīŋŊxīŋŊīŋŊxīŋŊxīŋŊīŋŊxīŋŊxxīŋŊīŋŊīŋŊīŋŊīŋŊīŋŊxīŋŊīŋŊxīŋŊxīŋŊīŋŊxīŋŊxxīŋŊīŋŊīŋŊīŋŊīŋŊīŋŊxīŋŊīŋŊxīŋŊxīŋŊīŋŊxīŋŊxxīŋŊīŋŊīŋŊīŋŊīŋŊīŋŊxīŋŊīŋŊxīŋŊxīŋŊīŋŊxīŋŊxxīŋŊīŋŊīŋŊīŋŊīŋŊīŋŊxīŋŊīŋŊxīŋŊxīŋŊīŋŊxīŋŊxxīŋŊīŋŊīŋŊīŋŊīŋŊīŋŊxīŋŊīŋŊxīŋŊxīŋŊīŋŊxīŋŊxxīŋŊīŋŊīŋŊīŋŊīŋŊīŋŊxīŋŊīŋŊxīŋŊxīŋŊīŋŊxīŋŊxxīŋŊīŋŊīŋŊīŋŊīŋŊīŋŊxīŋŊīŋŊxīŋŊxīŋŊīŋŊxīŋŊxxīŋŊīŋŊīŋŊīŋŊīŋŊīŋŊxīŋŊīŋŊxīŋŊxīŋŊīŋŊxīŋŊxxīŋŊīŋŊīŋŊīŋŊīŋŊīŋŊxīŋŊīŋŊxīŋŊxīŋŊīŋŊxīŋŊxxīŋŊīŋŊīŋŊīŋŊīŋŊīŋŊxīŋŊīŋŊxīŋŊxīŋŊīŋŊxīŋŊxxīŋŊīŋŊīŋŊīŋŊīŋŊīŋŊxīŋŊīŋŊxīŋŊxīŋŊīŋŊxīŋŊxxīŋŊīŋŊīŋŊīŋŊīŋŊīŋŊxīŋŊīŋŊxīŋŊxīŋŊīŋŊxīŋŊxxīŋŊīŋŊīŋŊīŋŊīŋŊīŋŊxīŋŊīŋŊxīŋŊxīŋŊīŋŊxīŋŊxxīŋŊīŋŊīŋŊīŋŊīŋŊīŋŊxīŋŊīŋŊxīŋŊxīŋŊīŋŊxīŋŊxxīŋŊīŋŊīŋŊīŋŊīŋŊīŋŊxīŋŊīŋŊxīŋŊxīŋŊīŋŊxīŋŊxxīŋŊīŋŊīŋŊīŋŊīŋŊīŋŊxīŋŊīŋŊxīŋŊxīŋŊīŋŊxīŋŊxxīŋŊīŋŊīŋŊīŋŊīŋŊīŋŊxīŋŊīŋŊxīŋŊxīŋŊīŋŊxīŋŊxxīŋŊīŋŊīŋŊīŋŊīŋŊīŋŊxīŋŊīŋŊxīŋŊxīŋŊīŋŊxīŋŊxxīŋŊīŋŊīŋŊīŋŊīŋŊīŋŊxīŋŊīŋŊxīŋŊxīŋŊīŋŊxīŋŊxxīŋŊīŋŊīŋŊīŋŊīŋŊīŋŊxīŋŊīŋŊxīŋŊxīŋŊīŋŊxīŋŊxxīŋŊīŋŊīŋŊīŋŊīŋŊīŋŊxīŋŊīŋŊxīŋŊxīŋŊīŋŊxīŋŊxxīŋŊīŋŊīŋŊīŋŊīŋŊīŋŊxīŋŊīŋŊxīŋŊxīŋŊīŋŊxīŋŊxxīŋŊīŋŊīŋŊīŋŊīŋŊīŋŊxīŋŊīŋŊxīŋŊxīŋŊīŋŊxīŋŊxxīŋŊīŋŊīŋŊīŋŊīŋŊīŋŊxīŋŊīŋŊxīŋŊxīŋŊīŋŊxīŋŊxxīŋŊīŋŊīŋŊīŋŊīŋŊīŋŊxīŋŊīŋŊxīŋŊxīŋŊīŋŊxīŋŊxxīŋŊīŋŊīŋŊīŋŊīŋŊīŋŊxīŋŊīŋŊxīŋŊxīŋŊīŋŊxīŋŊxxīŋŊīŋŊīŋŊīŋŊīŋŊīŋŊxīŋŊīŋŊxīŋŊxīŋŊīŋŊxīŋŊxxīŋŊīŋŊīŋŊīŋŊīŋŊīŋŊxīŋŊīŋŊxīŋŊxīŋŊīŋŊxīŋŊxxīŋŊīŋŊīŋŊīŋŊīŋŊīŋŊxīŋŊīŋŊxīŋŊxīŋŊīŋŊxīŋŊxxīŋŊīŋŊīŋŊīŋŊīŋŊīŋŊxīŋŊīŋŊxīŋŊxīŋŊīŋŊxīŋŊxxīŋŊīŋŊīŋŊīŋŊīŋŊīŋŊxīŋŊīŋŊxīŋŊxīŋŊīŋŊxīŋŊxxīŋŊīŋŊīŋŊīŋŊīŋŊīŋŊxīŋŊīŋŊxīŋŊxīŋŊīŋŊxīŋŊxxīŋŊīŋŊīŋŊīŋŊīŋŊīŋŊxīŋŊīŋŊxīŋŊxīŋŊīŋŊxīŋŊxxīŋŊīŋŊīŋŊīŋŊīŋŊīŋŊxīŋŊīŋŊxīŋŊxīŋŊīŋŊxīŋŊxxīŋŊīŋŊīŋŊīŋŊīŋŊīŋŊxīŋŊīŋŊxīŋŊxīŋŊīŋŊxīŋŊxxīŋŊīŋŊīŋŊīŋŊīŋŊīŋŊxīŋŊīŋŊxīŋŊxīŋŊīŋŊxīŋŊxxīŋŊīŋŊīŋŊīŋŊīŋŊīŋŊxīŋŊīŋŊxīŋŊxīŋŊīŋŊxīŋŊxxīŋŊīŋŊīŋŊīŋŊīŋŊīŋŊxīŋŊīŋŊxīŋŊxīŋŊīŋŊxīŋŊxxīŋŊīŋŊīŋŊīŋŊīŋŊīŋŊxīŋŊīŋŊxīŋŊxīŋŊīŋŊxīŋŊxxīŋŊīŋŊīŋŊīŋŊīŋŊīŋŊxīŋŊīŋŊxīŋŊxīŋŊīŋŊxīŋŊxxīŋŊīŋŊīŋŊīŋŊīŋŊīŋŊxīŋŊīŋŊxīŋŊxīŋŊīŋŊxīŋŊxxīŋŊīŋŊīŋŊīŋŊīŋŊīŋŊxīŋŊīŋŊxīŋŊxīŋŊīŋŊxīŋŊxxīŋŊīŋŊīŋŊīŋŊīŋŊīŋŊxīŋŊīŋŊxīŋŊxīŋŊīŋŊxīŋŊxxīŋŊīŋŊīŋŊīŋŊīŋŊīŋŊxīŋŊīŋŊxīŋŊxīŋŊīŋŊxīŋŊxxīŋŊīŋŊīŋŊīŋŊīŋŊīŋŊxīŋŊīŋŊxīŋŊxīŋŊīŋŊxīŋŊxxīŋŊīŋŊīŋŊīŋŊīŋŊīŋŊxīŋŊīŋŊxīŋŊxīŋŊīŋŊxīŋŊxxīŋŊīŋŊīŋŊīŋŊīŋŊīŋŊxīŋŊīŋŊxīŋŊxīŋŊīŋŊxīŋŊxxīŋŊīŋŊīŋŊīŋŊīŋŊīŋŊxīŋŊīŋŊxīŋŊxīŋŊīŋŊxīŋŊxxīŋŊīŋŊīŋŊīŋŊīŋŊīŋŊxīŋŊīŋŊxīŋŊxīŋŊīŋŊxīŋŊxxīŋŊīŋŊīŋŊīŋŊīŋŊīŋŊxīŋŊīŋŊxīŋŊxīŋŊīŋŊxīŋŊxxīŋŊīŋŊīŋŊīŋŊīŋŊīŋŊxīŋŊīŋŊxīŋŊxīŋŊīŋŊxīŋŊxxīŋŊīŋŊīŋŊīŋŊīŋŊīŋŊxīŋŊīŋŊxīŋŊxīŋŊīŋŊxīŋŊxxīŋŊīŋŊīŋŊīŋŊīŋŊīŋŊxīŋŊīŋŊxīŋŊxīŋŊīŋŊxīŋŊxxīŋŊīŋŊīŋŊīŋŊīŋŊīŋŊxīŋŊīŋŊxīŋŊxīŋŊīŋŊxīŋŊxxīŋŊīŋŊīŋŊīŋŊīŋŊīŋŊxīŋŊīŋŊxīŋŊxīŋŊīŋŊxīŋŊxxīŋŊīŋŊīŋŊīŋŊīŋŊīŋŊxīŋŊīŋŊxīŋŊxīŋŊīŋŊxīŋŊxxīŋŊīŋŊīŋŊīŋŊīŋŊīŋŊxīŋŊīŋŊxīŋŊxīŋŊīŋŊxīŋŊxxīŋŊīŋŊīŋŊīŋŊīŋŊīŋŊxīŋŊīŋŊxīŋŊxīŋŊīŋŊxīŋŊxxīŋŊīŋŊīŋŊīŋŊīŋŊīŋŊxīŋŊīŋŊxīŋŊxīŋŊīŋŊxīŋŊxxīŋŊīŋŊīŋŊīŋŊīŋŊīŋŊxīŋŊīŋŊxīŋŊxīŋŊīŋŊxīŋŊxxīŋŊīŋŊīŋŊīŋŊīŋŊīŋŊxīŋŊīŋŊxīŋŊxīŋŊīŋŊxīŋŊxxīŋŊīŋŊīŋŊīŋŊīŋŊīŋŊxīŋŊīŋŊxīŋŊxīŋŊīŋŊxīŋŊxxīŋŊīŋŊīŋŊīŋŊīŋŊīŋŊxīŋŊīŋŊxīŋŊxīŋŊīŋŊxīŋŊxxīŋŊīŋŊīŋŊīŋŊīŋŊīŋŊxīŋŊīŋŊxīŋŊxīŋŊīŋŊxīŋŊxxīŋŊīŋŊīŋŊīŋŊīŋŊīŋŊxīŋŊīŋŊxīŋŊxīŋŊīŋŊxīŋŊxxīŋŊīŋŊīŋŊīŋŊīŋŊīŋŊxīŋŊīŋŊxīŋŊxīŋŊīŋŊxīŋŊxxīŋŊīŋŊīŋŊīŋŊīŋŊīŋŊxīŋŊīŋŊxīŋŊxīŋŊīŋŊxīŋŊxxīŋŊīŋŊīŋŊīŋŊīŋŊīŋŊxīŋŊīŋŊxīŋŊxīŋŊīŋŊxīŋŊxxīŋŊīŋŊīŋŊīŋŊīŋŊīŋŊxīŋŊīŋŊxīŋŊxīŋŊīŋŊxīŋŊxxīŋŊīŋŊīŋŊīŋŊīŋŊīŋŊxīŋŊīŋŊxīŋŊxīŋŊīŋŊxīŋŊxxīŋŊīŋŊīŋŊīŋŊīŋŊīŋŊxīŋŊīŋŊxīŋŊxīŋŊīŋŊxīŋŊxxīŋŊīŋŊīŋŊīŋŊīŋŊīŋŊxīŋŊīŋŊxīŋŊxīŋŊīŋŊxīŋŊxxīŋŊīŋŊīŋŊīŋŊīŋŊīŋŊxīŋŊīŋŊxīŋŊxīŋŊīŋŊxīŋŊxxīŋŊīŋŊīŋŊīŋŊīŋŊīŋŊxīŋŊīŋŊxīŋŊxīŋŊīŋŊxīŋŊxxīŋŊīŋŊīŋŊīŋŊīŋŊīŋŊxīŋŊīŋŊxīŋŊxīŋŊīŋŊxīŋŊxxīŋŊīŋŊīŋŊīŋŊīŋŊīŋŊxīŋŊīŋŊxīŋŊxīŋŊīŋŊxīŋŊxxīŋŊīŋŊīŋŊīŋŊīŋŊīŋŊxīŋŊīŋŊxīŋŊxīŋŊīŋŊxīŋŊxxīŋŊīŋŊīŋŊīŋŊīŋŊīŋŊxīŋŊīŋŊxīŋŊxīŋŊīŋŊxīŋŊxxīŋŊīŋŊīŋŊīŋŊīŋŊīŋŊxīŋŊīŋŊxīŋŊxīŋŊīŋŊxīŋŊxxīŋŊīŋŊīŋŊīŋŊīŋŊīŋŊxīŋŊīŋŊxīŋŊxīŋŊīŋŊxīŋŊxxīŋŊīŋŊīŋŊīŋŊīŋŊīŋŊxīŋŊīŋŊxīŋŊxīŋŊīŋŊxīŋŊxxīŋŊīŋŊīŋŊīŋŊīŋŊīŋŊxīŋŊīŋŊxīŋŊxīŋŊīŋŊxīŋŊxxīŋŊīŋŊīŋŊīŋŊīŋŊīŋŊxīŋŊīŋŊxīŋŊxīŋŊīŋŊxīŋŊxxīŋŊīŋŊīŋŊīŋŊīŋŊīŋŊxīŋŊīŋŊxīŋŊxīŋŊīŋŊxīŋŊxxīŋŊīŋŊīŋŊīŋŊīŋŊīŋŊxīŋŊīŋŊxīŋŊxīŋŊīŋŊxīŋŊxxīŋŊīŋŊīŋŊīŋŊīŋŊīŋŊxīŋŊīŋŊxīŋŊxīŋŊīŋŊxīŋŊxxīŋŊīŋŊīŋŊīŋŊīŋŊīŋŊxīŋŊīŋŊxīŋŊxīŋŊīŋŊxīŋŊxxīŋŊīŋŊīŋŊīŋŊīŋŊīŋŊxīŋŊīŋŊxīŋŊxīŋŊīŋŊxīŋŊxxīŋŊīŋŊīŋŊīŋŊīŋŊīŋŊxīŋŊīŋŊxīŋŊxīŋŊīŋŊxīŋŊxxīŋŊīŋŊīŋŊīŋŊīŋŊīŋŊxīŋŊīŋŊxīŋŊxīŋŊīŋŊxīŋŊxxīŋŊīŋŊīŋŊīŋŊīŋŊīŋŊxīŋŊīŋŊxīŋŊxīŋŊīŋŊxīŋŊxxīŋŊīŋŊīŋŊīŋŊīŋŊīŋŊxīŋŊīŋŊxīŋŊxīŋŊīŋŊxīŋŊxxīŋŊīŋŊīŋŊīŋŊīŋŊīŋŊxīŋŊīŋŊxīŋŊxīŋŊīŋŊxīŋŊxxīŋŊīŋŊīŋŊīŋŊīŋŊīŋŊxīŋŊīŋŊxīŋŊxīŋŊīŋŊxīŋŊxxīŋŊīŋŊīŋŊīŋŊīŋŊīŋŊxīŋŊīŋŊxīŋŊxīŋŊīŋŊxīŋŊxxīŋŊīŋŊīŋŊīŋŊīŋŊīŋŊxīŋŊīŋŊxīŋŊxīŋŊīŋŊxīŋŊxxīŋŊīŋŊīŋŊīŋŊīŋŊīŋŊxīŋŊīŋŊxīŋŊxīŋŊīŋŊxīŋŊxxīŋŊīŋŊīŋŊīŋŊīŋŊīŋŊxīŋŊīŋŊxīŋŊxīŋŊīŋŊxīŋŊxxīŋŊīŋŊīŋŊīŋŊīŋŊīŋŊxīŋŊīŋŊxīŋŊxīŋŊīŋŊxīŋŊxxīŋŊīŋŊīŋŊīŋŊīŋŊīŋŊxīŋŊīŋŊxīŋŊxīŋŊīŋŊxīŋŊxxīŋŊīŋŊīŋŊīŋŊīŋŊīŋŊxīŋŊīŋŊxīŋŊxīŋŊīŋŊxīŋŊxxīŋŊīŋŊīŋŊīŋŊīŋŊīŋŊxīŋŊīŋŊxīŋŊxīŋŊīŋŊxīŋŊxxīŋŊīŋŊīŋŊīŋŊīŋŊīŋŊxīŋŊīŋŊxīŋŊxīŋŊīŋŊxīŋŊxxīŋŊīŋŊīŋŊīŋŊīŋŊīŋŊxīŋŊīŋŊxīŋŊxīŋŊīŋŊxīŋŊxxīŋŊīŋŊīŋŊīŋŊīŋŊīŋŊxīŋŊīŋŊxīŋŊxīŋŊīŋŊxīŋŊxxīŋŊīŋŊīŋŊīŋŊīŋŊīŋŊxīŋŊīŋŊxīŋŊxīŋŊīŋŊxīŋŊxxīŋŊīŋŊīŋŊīŋŊīŋŊīŋŊxīŋŊīŋŊxīŋŊxīŋŊīŋŊxīŋŊxxīŋŊīŋŊīŋŊīŋŊīŋŊīŋŊxīŋŊīŋŊxīŋŊxīŋŊīŋŊxīŋŊxxīŋŊīŋŊīŋŊīŋŊīŋŊīŋŊxīŋŊīŋŊxīŋŊxīŋŊīŋŊxīŋŊxxīŋŊīŋŊīŋŊīŋŊīŋŊīŋŊxīŋŊīŋŊxīŋŊxīŋŊīŋŊxīŋŊxxīŋŊīŋŊīŋŊīŋŊīŋŊīŋŊxīŋŊīŋŊxīŋŊxīŋŊīŋŊxīŋŊxxīŋŊīŋŊīŋŊīŋŊīŋŊīŋŊxīŋŊīŋŊxīŋŊxīŋŊīŋŊxīŋŊxxīŋŊīŋŊīŋŊīŋŊīŋŊīŋŊxīŋŊīŋŊxīŋŊxīŋŊīŋŊxīŋŊxxīŋŊīŋŊīŋŊīŋŊīŋŊīŋŊxīŋŊīŋŊxīŋŊxīŋŊīŋŊxīŋŊxxīŋŊīŋŊīŋŊīŋŊīŋŊīŋŊxīŋŊīŋŊxīŋŊxīŋŊīŋŊxīŋŊxxīŋŊīŋŊīŋŊīŋŊīŋŊīŋŊxīŋŊīŋŊxīŋŊxīŋŊīŋŊxīŋŊxxīŋŊīŋŊīŋŊīŋŊīŋŊīŋŊxīŋŊīŋŊxīŋŊxīŋŊīŋŊxīŋŊxxīŋŊīŋŊīŋŊīŋŊīŋŊīŋŊxīŋŊīŋŊxīŋŊxīŋŊīŋŊxīŋŊxxīŋŊīŋŊīŋŊīŋŊīŋŊīŋŊxīŋŊīŋŊxīŋŊxīŋŊīŋŊxīŋŊxxīŋŊīŋŊīŋŊīŋŊīŋŊīŋŊxīŋŊīŋŊxīŋŊxīŋŊīŋŊxīŋŊxxīŋŊīŋŊīŋŊīŋŊīŋŊīŋŊxīŋŊīŋŊxīŋŊxīŋŊīŋŊxīŋŊxxīŋŊīŋŊīŋŊīŋŊīŋŊīŋŊxīŋŊīŋŊxīŋŊxīŋŊīŋŊxīŋŊxxīŋŊīŋŊīŋŊīŋŊīŋŊīŋŊxīŋŊīŋŊxīŋŊxīŋŊīŋŊxīŋŊxxīŋŊīŋŊīŋŊīŋŊīŋŊīŋŊxīŋŊīŋŊxīŋŊxīŋŊīŋŊxīŋŊxxīŋŊīŋŊīŋŊīŋŊīŋŊīŋŊxīŋŊīŋŊxīŋŊxīŋŊīŋŊxīŋŊxxīŋŊīŋŊīŋŊīŋŊīŋŊīŋŊxīŋŊīŋŊxīŋŊxīŋŊīŋŊxīŋŊxxīŋŊīŋŊīŋŊīŋŊīŋŊīŋŊxīŋŊīŋŊxīŋŊxīŋŊīŋŊxīŋŊxxīŋŊīŋŊīŋŊīŋŊīŋŊīŋŊxīŋŊīŋŊxīŋŊxīŋŊīŋŊxīŋŊxxīŋŊīŋŊīŋŊīŋŊīŋŊīŋŊxīŋŊīŋŊxīŋŊxīŋŊīŋŊxīŋŊxxīŋŊīŋŊīŋŊīŋŊīŋŊīŋŊxīŋŊīŋŊxīŋŊxīŋŊīŋŊxīŋŊxxīŋŊīŋŊīŋŊīŋŊīŋŊīŋŊxīŋŊīŋŊxīŋŊxīŋŊīŋŊxīŋŊxxīŋŊīŋŊīŋŊīŋŊīŋŊīŋŊxīŋŊīŋŊxīŋŊxīŋŊīŋŊxīŋŊxxīŋŊīŋŊīŋŊīŋŊīŋŊīŋŊxīŋŊīŋŊxīŋŊxīŋŊīŋŊxīŋŊxxīŋŊīŋŊīŋŊīŋŊīŋŊīŋŊxīŋŊīŋŊxīŋŊxīŋŊīŋŊxīŋŊxxīŋŊīŋŊīŋŊīŋŊīŋŊīŋŊxīŋŊīŋŊxīŋŊxīŋŊīŋŊxīŋŊxxīŋŊīŋŊīŋŊīŋŊīŋŊīŋŊxīŋŊīŋŊxīŋŊxīŋŊīŋŊxīŋŊxxīŋŊīŋŊīŋŊīŋŊīŋŊīŋŊxīŋŊīŋŊxīŋŊxīŋŊīŋŊxīŋŊxxīŋŊīŋŊīŋŊīŋŊīŋŊīŋŊxīŋŊīŋŊxīŋŊxīŋŊīŋŊxīŋŊxxīŋŊīŋŊīŋŊīŋŊīŋŊīŋŊxīŋŊīŋŊxīŋŊxīŋŊīŋŊxīŋŊxxīŋŊīŋŊīŋŊīŋŊīŋŊīŋŊxīŋŊīŋŊxīŋŊxīŋŊīŋŊxīŋŊxxīŋŊīŋŊīŋŊīŋŊīŋŊīŋŊxīŋŊīŋŊxīŋŊxīŋŊīŋŊxīŋŊxxīŋŊīŋŊīŋŊīŋŊīŋŊīŋŊxīŋŊīŋŊxīŋŊxīŋŊīŋŊxīŋŊxxīŋŊīŋŊīŋŊīŋŊīŋŊīŋŊxīŋŊīŋŊxīŋŊxīŋŊīŋŊxīŋŊxxīŋŊīŋŊīŋŊīŋŊīŋŊīŋŊxīŋŊīŋŊxīŋŊxīŋŊīŋŊxīŋŊxxīŋŊīŋŊīŋŊīŋŊīŋŊīŋŊxīŋŊīŋŊxīŋŊxīŋŊīŋŊxīŋŊxxīŋŊīŋŊīŋŊīŋŊīŋŊīŋŊxīŋŊīŋŊxīŋŊxīŋŊīŋŊxīŋŊxxīŋŊīŋŊīŋŊīŋŊīŋŊīŋŊxīŋŊīŋŊxīŋŊxīŋŊīŋŊxīŋŊxxīŋŊīŋŊīŋŊīŋŊīŋŊīŋŊxīŋŊīŋŊxīŋŊxīŋŊīŋŊxīŋŊxxīŋŊīŋŊīŋŊīŋŊīŋŊīŋŊxīŋŊīŋŊxīŋŊxīŋŊīŋŊxīŋŊxxīŋŊīŋŊīŋŊīŋŊīŋŊīŋŊxīŋŊīŋŊxīŋŊxīŋŊīŋŊxīŋŊxxīŋŊīŋŊīŋŊīŋŊīŋŊīŋŊxīŋŊīŋŊxīŋŊxīŋŊīŋŊxīŋŊxxīŋŊīŋŊīŋŊīŋŊīŋŊīŋŊxīŋŊīŋŊxīŋŊxīŋŊīŋŊxīŋŊxxīŋŊīŋŊīŋŊīŋŊīŋŊīŋŊxīŋŊīŋŊxīŋŊxīŋŊīŋŊxīŋŊxxīŋŊīŋŊīŋŊīŋŊīŋŊīŋŊxīŋŊīŋŊxīŋŊxīŋŊīŋŊxīŋŊxxīŋŊīŋŊīŋŊīŋŊīŋŊīŋŊxīŋŊīŋŊxīŋŊxīŋŊīŋŊxīŋŊxxīŋŊīŋŊīŋŊīŋŊīŋŊīŋŊxīŋŊīŋŊxīŋŊxīŋŊīŋŊxīŋŊxxīŋŊīŋŊīŋŊīŋŊīŋŊīŋŊxīŋŊīŋŊxīŋŊxīŋŊīŋŊxīŋŊxxīŋŊīŋŊīŋŊīŋŊīŋŊīŋŊxīŋŊīŋŊxīŋŊxīŋŊīŋŊxīŋŊxxīŋŊīŋŊīŋŊīŋŊīŋŊīŋŊxīŋŊīŋŊxīŋŊxīŋŊīŋŊxīŋŊxxīŋŊīŋŊīŋŊīŋŊīŋŊīŋŊxīŋŊīŋŊxīŋŊxīŋŊīŋŊxīŋŊxxīŋŊīŋŊīŋŊīŋŊīŋŊīŋŊxīŋŊīŋŊxīŋŊxīŋŊīŋŊxīŋŊxxīŋŊīŋŊīŋŊīŋŊīŋŊīŋŊxīŋŊīŋŊxīŋŊxīŋŊīŋŊxīŋŊxxīŋŊīŋŊīŋŊīŋŊīŋŊīŋŊxīŋŊīŋŊxīŋŊxīŋŊīŋŊxīŋŊx32
   0.38s  load:0x40080400,len:3028
   0.41s  entry 0x400805e4
   0.44s  try 0x400805e4
   0.47s  try 0x400805e4
   0.50s  try 0x400805e4
   0.53s  try 0x400805e4
   0.56s  try 0x400805e4
   0.59s  try 0x400805e4
   0.62s  try 0x400805e4
   0.65s  try 0x400805e4
   0.68s  try 0x400805e4
   0.71s  try 0x400805e4
   0.74s  try 0x400805e4
   0.77s  try 0x400805e4
   0.80s  try 0x400805e4
   0.83s  try 0x400805e4
   0.86s  try 0x400805e4
   0.89s  try 0x400805e4
   0.92s  try 0x400805e4
   0.96s  try 0x400805e4
   0.99s  try 0x400805e4
   1.02s  try 0x400805e4
   1.05s  try 0x400805e4
   1.08s  try 0x400805e4
   1.11s  try 0x400805e4
   1.14s  try 0x400805e4
   1.17s  try 0x400805e4
   1.20s  try 0x400805e4
   1.23s  try 0x400805e4
   1.26s  try 0x400805e4
   1.29s  try 0x400805e4
   1.32s  try 0x400805e4
   1.35s  try 0x400805e4
   1.38s  try 0x400805e4
   1.41s  try 0x400805e4
   1.44s  try 0x400805e4
   1.47s  try 0x400805e4
   1.50s  try 0x400805e4
   1.53s  try 0x400805e4
   1.56s  try 0x400805e4
   1.59s  try 0x400805e4
   1.62s  try 0x400805e4
   1.65s  try 0x400805e4
   1.68s  try 0x400805e4
   1.71s  try 0x400805e4
   1.75s  try 0x400805e4
   1.78s  try 0x400805e4
   1.81s  try 0x400805e4
   1.84s  try 0x400805e4
   1.87s  try 0x400805e4
   1.90s  try 0x400805e4
   1.93s  try 0x400805e4
   1.96s  try 0x400805e4
   1.99s  try 0x400805e4
   2.02s  try 0x400805e4
   2.05s  try 0x400805e4
   2.08s  try 0x400805e4
   2.11s  try 0x400805e4
   2.14s  try 0x400805e4
   2.17s  try 0x400805e4
   2.20s  try 0x400805e4
   2.23s  try 0x400805e4
   2.26s  try 0x400805e4
   2.29s  try 0x400805e4
   2.32s  try 0x400805e4
   2.35s  try 0x400805e4
   2.38s  try 0x400805e4
   2.41s  try 0x400805e4
   2.44s  try 0x400805e4
   2.47s  try 0x400805e4
   2.50s  try 0x400805e4
   2.53s  try 0x400805e4
   2.56s  try 0x400805e4
   2.59s  try 0x400805e4
   2.62s  try 0x400805e4
   2.65s  try 0x400805e4
   2.69s  try 0x400805e4
   2.72s  try 0x400805e4
   2.75s  try 0x400805e4
   2.78s  try 0x400805e4
   2.81s  try 0x400805e4
   2.84s  try 0x400805e4
   2.87s  try 0x400805e4
   2.90s  try 0x400805e4
   2.93s  try 0x400805e4
   2.96s  try 0x400805e4
   2.99s  try 0x400805e4
   3.02s  try 0x400805e4
   3.05s  try 0x400805e4
   3.08s  try 0x400805e4
   3.11s  try 0x400805e4
   3.14s  try 0x400805e4
   3.17s  try 0x400805e4
   3.20s  try 0x400805e4
   3.23s  try 0x400805e4
   3.26s  try 0x400805e4
   3.29s  try 0x400805e4
   3.32s  try 0x400805e4
   3.35s  try 0x400805e4
   3.38s  try 0x400805e4
   3.41s  try 0x400805e4
   3.44s  try 0x400805e4
   3.47s  try 0x400805e4
   3.50s  try 0x400805e4
   3.53s  try 0x400805e4
   3.56s  try 0x400805e4
   3.59s  try 0x400805e4
   3.62s  try 0x400805e4
   3.65s  try 0x400805e4
   3.68s  try 0x400805e4
   3.72s  try 0x400805e4
   3.75s  try 0x400805e4
   3.78s  try 0x400805e4
   3.81s  try 0x400805e4
   3.84s  try 0x400805e4
   3.87s  try 0x400805e4
   3.90s  try 0x400805e4
   3.93s  try 0x400805e4
   3.96s  try 0x400805e4
   3.99s  try 0x400805e4
   4.02s  try 0x400805e4
   4.05s  try 0x400805e4
   4.08s  try 0x400805e4
   4.11s  try 0x400805e4
   4.14s  try 0x400805e4
   4.17s  try 0x400805e4
   4.20s  try 0x400805e4
   4.23s  try 0x400805e4
   4.26s  try 0x400805e4
   4.29s  try 0x400805e4
   4.32s  try 0x400805e4
   4.35s  try 0x400805e4
   4.38s  try 0x400805e4
   4.41s  try 0x400805e4
   4.44s  try 0x400805e4
   4.47s  try 0x400805e4
   4.50s  try 0x400805e4
   4.53s  try 0x400805e4
   4.56s  try 0x400805e4
   4.59s  try 0x400805e4
   4.62s  try 0x400805e4
   4.65s  try 0x400805e4
   4.68s  try 0x400805e4
   4.71s  try 0x400805e4
   4.75s  try 0x400805e4
   4.78s  try 0x400805e4
   4.81s  try 0x400805e4
   4.84s  try 0x400805e4
   4.87s  try 0x400805e4
   4.90s  try 0x400805e4
   4.93s  try 0x400805e4
   4.96s  try 0x400805e4
   4.99s  try 0x400805e4
   5.02s  try 0x400805e4
   5.05s  try 0x400805e4
   5.08s  try 0x400805e4
   5.11s  try 0x400805e4
   5.14s  try 0x400805e4
   5.17s  try 0x400805e4
   5.20s  try 0x400805e4
   5.23s  try 0x400805e4
   5.26s  try 0x400805e4
   5.29s  try 0x400805e4
   5.32s  try 0x400805e4
   5.35s  try 0x400805e4
   5.38s  try 0x400805e4
   5.41s  try 0x400805e4
   5.44s  try 0x400805e4
   5.47s  try 0x400805e4
   5.50s  try 0x400805e4
   5.53s  try 0x400805e4
   5.56s  try 0x400805e4
   5.59s  try 0x400805e4
   5.62s  try 0x400805e4
   5.65s  try 0x400805e4
   5.68s  try 0x400805e4
   5.71s  try 0x400805e4
   5.74s  try 0x400805e4
   5.77s  try 0x400805e4
   5.81s  try 0x400805e4
   5.84s  try 0x400805e4
   5.87s  try 0x400805e4
   5.90s  try 0x400805e4
   5.93s  try 0x400805e4
   5.96s  try 0x400805e4
   5.99s  try 0x400805e4
   6.02s  try 0x400805e4
   6.05s  try 0x400805e4
   6.08s  try 0x400805e4
   6.11s  try 0x400805e4
   6.14s  try 0x400805e4
   6.17s  try 0x400805e4
   6.20s  try 0x400805e4
   6.23s  try 0x400805e4
   6.26s  try 0x400805e4
   6.29s  try 0x400805e4
   6.32s  try 0x400805e4
   6.35s  try 0x400805e4
   6.38s  try 0x400805e4
   6.41s  try 0x400805e4
   6.44s  try 0x400805e4
   6.47s  try 0x400805e4
   6.50s  try 0x400805e4
   6.53s  try 0x400805e4
   6.56s  try 0x400805e4
   6.59s  try 0x400805e4
   6.62s  try 0x400805e4
   6.65s  try 0x400805e4
   6.68s  try 0x400805e4
   6.71s  try 0x400805e4
   6.74s  try 0x400805e4
   6.78s  try 0x400805e4
   6.81s  try 0x400805e4
   6.84s  try 0x400805e4
   6.87s  try 0x400805e4
   6.90s  try 0x400805e4
   6.93s  try 0x400805e4
   6.96s  try 0x400805e4
   6.99s  try 0x400805e4
   7.02s  try 0x400805e4
   7.05s  try 0x400805e4
   7.08s  try 0x400805e4
   7.11s  try 0x400805e4
   7.14s  try 0x400805e4
   7.17s  try 0x400805e4
   7.20s  try 0x400805e4
   7.23s  try 0x400805e4
   7.26s  try 0x400805e4
   7.29s  try 0x400805e4
   7.32s  try 0x400805e4
   7.35s  try 0x400805e4
   7.38s  try 0x400805e4
   7.41s  try 0x400805e4
   7.44s  try 0x400805e4
   7.47s  try 0x400805e4
   7.50s  try 0x400805e4
   7.53s  try 0x400805e4
   7.56s  try 0x400805e4
   7.59s  try 0x400805e4
   7.62s  try 0x400805e4
   7.65s  try 0x400805e4
   7.68s  try 0x400805e4
   7.72s  try 0x400805e4
   7.75s  try 0x400805e4
   7.78s  try 0x400805e4
   7.81s  try 0x400805e4
   7.84s  try 0x400805e4
   7.87s  try 0x400805e4
   7.90s  try 0x400805e4
   7.93s  try 0x400805e4
   7.96s  try 0x400805e4
   7.99s  try 0x400805e4
   8.02s  try 0x400805e4
   8.05s  try 0x400805e4
   8.08s  try 0x400805e4
   8.11s  try 0x400805e4
   8.14s  try 0x400805e4
   8.17s  try 0x400805e4
   8.20s  try 0x400805e4
   8.23s  try 0x400805e4
   8.26s  try 0x400805e4
   8.29s  try 0x400805e4
   8.32s  try 0x400805e4
   8.35s  try 0x400805e4
   8.38s  try 0x400805e4
   8.41s  try 0x400805e4
   8.44s  try 0x400805e4
   8.47s  try 0x400805e4
   8.50s  try 0x400805e4
   8.53s  try 0x400805e4
   8.56s  try 0x400805e4
   8.59s  try 0x400805e4
   8.63s  try 0x400805e4
   8.66s  try 0x400805e4
   8.69s  try 0x400805e4
   8.72s  try 0x400805e4
   8.75s  try 0x400805e4
   8.78s  try 0x400805e4
   8.81s  try 0x400805e4
   8.84s  try 0x400805e4
   8.87s  try 0x400805e4
   8.90s  try 0x400805e4
   8.91s  try 0x400805e4
   8.94s  try 0x400805e4
   8.97s  try 0x400805e4
   9.00s  try 0x400805e4
   9.03s  try 0x400805e4
   9.06s  try 0x400805e4
   9.09s  try 0x400805e4
   9.12s  try 0x400805e4
   9.15s  try 0x400805e4
   9.18s  try 0x400805e4
   9.21s  try 0x400805e4
   9.24s  try 0x400805e4
   9.27s  try 0x400805e4
   9.30s  try 0x400805e4
   9.33s  try 0x400805e4
   9.37s  try 0x400805e4
   9.40s  try 0x400805e4
   9.43s  try 0x400805e4
   9.46s  try 0x400805e4
   9.49s  try 0x400805e4
   9.52s  try 0x400805e4
   9.55s  try 0x400805e4
   9.58s  try 0x400805e4
   9.61s  try 0x400805e4
   9.64s  try 0x400805e4
   9.67s  try 0x400805e4
   9.70s  try 0x400805e4
   9.73s  try 0x400805e4
   9.76s  try 0x400805e4
   9.79s  try 0x400805e4
   9.82s  try 0x400805e4
   9.85s  try 0x400805e4
   9.88s  try 0x400805e4
   9.91s  try 0x400805e4
   9.94s  try 0x400805e4
   9.97s  try 0x400805e4
  10.00s  try 0x400805e4
  10.03s  try 0x400805e4
  10.06s  try 0x400805e4
  10.09s  try 0x400805e4
  10.12s  try 0x400805e4
  10.15s  try 0x400805e4
  10.18s  try 0x400805e4
  10.21s  try 0x400805e4
  10.24s  try 0x400805e4
  10.27s  try 0x400805e4
  10.30s  try 0x400805e4
  10.33s  try 0x400805e4
  10.36s  try 0x400805e4
  10.40s  try 0x400805e4
  10.43s  try 0x400805e4
  10.46s  try 0x400805e4
  10.49s  try 0x400805e4
  10.52s  try 0x400805e4
  10.55s  try 0x400805e4
  10.58s  try 0x400805e4
  10.61s  try 0x400805e4
  10.64s  try 0x400805e4
  10.67s  try 0x400805e4
  10.70s  try 0x400805e4
  10.73s  try 0x400805e4
  10.76s  try 0x400805e4
  10.79s  try 0x400805e4
  10.82s  try 0x400805e4
  10.85s  try 0x400805e4
  10.88s  try 0x400805e4
  10.91s  try 0x400805e4
  10.94s  try 0x400805e4
  10.97s  try 0x400805e4
  11.00s  try 0x400805e4
  11.03s  try 0x400805e4
  11.06s  try 0x400805e4
  11.09s  try 0x400805e4
  11.12s  try 0x400805e4
  11.15s  try 0x400805e4
  11.18s  try 0x400805e4
  11.21s  try 0x400805e4
  11.24s  try 0x400805e4
  11.27s  try 0x400805e4
  11.30s  try 0x400805e4
  11.33s  try 0x400805e4
  11.36s  try 0x400805e4
  11.39s  try 0x400805e4
  11.42s  try 0x400805e4
  11.45s  try 0x400805e4
  11.48s  try 0x400805e4
  11.51s  try 0x400805e4
  11.55s  try 0x400805e4
  11.58s  try 0x400805e4
  11.61s  try 0x400805e4
  11.64s  try 0x400805e4
  11.67s  try 0x400805e4
  11.70s  try 0x400805e4
  11.73s  try 0x400805e4
  11.76s  try 0x400805e4
  11.79s  try 0x400805e4
  11.82s  try 0x400805e4
  11.85s  try 0x400805e4
  11.88s  try 0x400805e4
  11.88s  try 0x400805e4
  11.91s  try 0x400805e4
  11.95s  try 0x400805e4
  11.98s  try 0x400805e4
  12.01s  try 0x400805e4
  12.04s  try 0x400805e4
  12.07s  try 0x400805e4
  12.10s  try 0x400805e4
  12.13s  try 0x400805e4
  12.16s  try 0x400805e4
  12.19s  try 0x400805e4
  12.22s  try 0x400805e4
  12.25s  try 0x400805e4
  12.28s  try 0x400805e4
  12.31s  try 0x400805e4
  12.34s  try 0x400805e4
  12.37s  try 0x400805e4
  12.40s  try 0x400805e4
  12.43s  try 0x400805e4
  12.46s  try 0x400805e4
  12.49s  try 0x400805e4
  12.52s  try 0x400805e4
  12.55s  try 0x400805e4
  12.58s  try 0x400805e4
  12.61s  try 0x400805e4
  12.64s  try 0x400805e4
  12.67s  try 0x400805e4
  12.70s  try 0x400805e4
  12.73s  try 0x400805e4
  12.76s  try 0x400805e4
  12.79s  try 0x400805e4
  12.82s  try 0x400805e4
  12.85s  try 0x400805e4
  12.88s  try 0x400805e4
  12.92s  try 0x400805e4
  12.95s  try 0x400805e4
  12.98s  try 0x400805e4
  13.01s  try 0x400805e4
  13.04s  try 0x400805e4
  13.07s  try 0x400805e4
  13.10s  try 0x400805e4
  13.13s  try 0x400805e4
  13.16s  try 0x400805e4
  13.19s  try 0x400805e4
  13.22s  try 0x400805e4
  13.25s  try 0x400805e4
  13.28s  try 0x400805e4
  13.31s  try 0x400805e4
  13.34s  try 0x400805e4
  13.37s  try 0x400805e4
  13.40s  try 0x400805e4
  13.43s  try 0x400805e4
  13.46s  try 0x400805e4
  13.49s  try 0x400805e4
  13.52s  try 0x400805e4
  13.55s  try 0x400805e4
  13.58s  try 0x400805e4
  13.61s  try 0x400805e4
  13.64s  try 0x400805e4
  13.67s  try 0x400805e4
  13.70s  try 0x400805e4
  13.73s  try 0x400805e4
  13.76s  try 0x400805e4
  13.79s  try 0x400805e4
  13.82s  try 0x400805e4
  13.85s  try 0x400805e4
  13.88s  try 0x400805e4
  13.92s  try 0x400805e4
  13.95s  try 0x400805e4
  13.98s  try 0x400805e4
  14.01s  try 0x400805e4
  14.04s  try 0x400805e4
  14.07s  try 0x400805e4
  14.10s  try 0x400805e4
  14.13s  try 0x400805e4
  14.16s  try 0x400805e4
  14.19s  try 0x400805e4
  14.22s  try 0x400805e4
  14.25s  try 0x400805e4
  14.28s  try 0x400805e4
  14.31s  try 0x400805e4
  14.34s  try 0x400805e4
  14.37s  try 0x400805e4
  14.40s  try 0x400805e4
  14.43s  try 0x400805e4
  14.46s  try 0x400805e4
  14.49s  try 0x400805e4
  14.52s  try 0x400805e4
  14.55s  try 0x400805e4
  14.58s  try 0x400805e4
  14.61s  try 0x400805e4
  14.64s  try 0x400805e4
  14.67s  try 0x400805e4
  14.70s  try 0x400805e4
  14.73s  try 0x400805e4
  14.76s  try 0x400805e4
  14.79s  try 0x400805e4
  14.82s  try 0x400805e4
  14.85s  try 0x400805e4
  14.89s  try 0x400805e4
  14.92s  try 0x400805e4
  14.95s  try 0x400805e4
  14.98s  try 0x400805e4
  15.01s  try 0x400805e4
  15.04s  try 0x400805e4
  15.07s  try 0x400805e4
  15.10s  try 0x400805e4
  15.13s  try 0x400805e4
  15.16s  try 0x400805e4
  15.19s  try 0x400805e4
  15.22s  try 0x400805e4
  15.25s  try 0x400805e4
  15.28s  try 0x400805e4
  15.31s  try 0x400805e4
  15.34s  try 0x400805e4
  15.37s  try 0x400805e4
  15.40s  try 0x400805e4
  15.43s  try 0x400805e4
  15.46s  try 0x400805e4
  15.49s  try 0x400805e4
  15.52s  try 0x400805e4
  15.55s  try 0x400805e4
  15.58s  try 0x400805e4
  15.61s  try 0x400805e4
  15.64s  try 0x400805e4
  15.67s  try 0x400805e4
  15.70s  try 0x400805e4
  15.73s  try 0x400805e4
  15.76s  try 0x400805e4
  15.79s  try 0x400805e4
  15.82s  try 0x400805e4
  15.85s  try 0x400805e4
  15.89s  try 0x400805e4
  15.92s  try 0x400805e4
  15.95s  try 0x400805e4
  15.98s  try 0x400805e4
  16.01s  try 0x400805e4
  16.04s  try 0x400805e4
  16.07s  try 0x400805e4
  16.10s  try 0x400805e4
  16.13s  try 0x400805e4
  16.16s  try 0x400805e4
  16.19s  try 0x400805e4
  16.22s  try 0x400805e4
  16.25s  try 0x400805e4
  16.28s  try 0x400805e4
  16.31s  try 0x400805e4
  16.34s  try 0x400805e4
  16.37s  try 0x400805e4
  16.40s  try 0x400805e4
  16.43s  try 0x400805e4
  16.46s  try 0x400805e4
  16.49s  try 0x400805e4
  16.52s  try 0x400805e4
  16.55s  try 0x400805e4
  16.58s  try 0x400805e4
  16.61s  try 0x400805e4
  16.64s  try 0x400805e4
  16.67s  try 0x400805e4
  16.70s  try 0x400805e4
  16.73s  try 0x400805e4
  16.76s  try 0x400805e4
  16.79s  try 0x400805e4
  16.82s  try 0x400805e4
  16.85s  try 0x400805e4
  16.88s  try 0x400805e4
  16.91s  try 0x400805e4
  16.95s  try 0x400805e4
  16.98s  try 0x400805e4
  17.01s  try 0x400805e4
  17.04s  try 0x400805e4
  17.07s  try 0x400805e4
  17.10s  try 0x400805e4
  17.13s  try 0x400805e4
  17.16s  try 0x400805e4
  17.19s  try 0x400805e4
  17.22s  try 0x400805e4
  17.25s  try 0x400805e4
  17.28s  try 0x400805e4
  17.31s  try 0x400805e4
  17.34s  try 0x400805e4
  17.37s  try 0x400805e4
  17.40s  try 0x400805e4
  17.43s  try 0x400805e4
  17.46s  try 0x400805e4
  17.49s  try 0x400805e4
  17.52s  try 0x400805e4
  17.55s  try 0x400805e4
  17.58s  try 0x400805e4
  17.61s  try 0x400805e4
  17.64s  try 0x400805e4
  17.67s  try 0x400805e4
  17.70s  try 0x400805e4
  17.73s  try 0x400805e4
  17.76s  try 0x400805e4
  17.79s  try 0x400805e4
  17.82s  try 0x400805e4
  17.85s  try 0x400805e4
  17.88s  try 0x400805e4
  17.91s  try 0x400805e4
  17.94s  try 0x400805e4
  17.98s  try 0x400805e4
  18.01s  try 0x400805e4
  18.04s  try 0x400805e4
  18.07s  try 0x400805e4
  18.10s  try 0x400805e4
  18.13s  try 0x400805e4
  18.16s  try 0x400805e4
  18.19s  try 0x400805e4
  18.22s  try 0x400805e4
  18.25s  try 0x400805e4
  18.28s  try 0x400805e4
  18.31s  try 0x400805e4
  18.34s  try 0x400805e4
  18.37s  try 0x400805e4
  18.40s  try 0x400805e4
  18.43s  try 0x400805e4
  18.46s  try 0x400805e4
  18.49s  try 0x400805e4
  18.52s  try 0x400805e4
  18.55s  try 0x400805e4
  18.58s  try 0x400805e4
  18.61s  try 0x400805e4
  18.64s  try 0x400805e4
  18.67s  try 0x400805e4
  18.70s  try 0x400805e4
  18.73s  try 0x400805e4
  18.76s  try 0x400805e4
  18.79s  try 0x400805e4
  18.82s  try 0x400805e4
  18.85s  try 0x400805e4
  18.88s  try 0x400805e4
  18.91s  try 0x400805e4
  18.94s  try 0x400805e4
  18.97s  try 0x400805e4
  19.01s  try 0x400805e4
  19.04s  try 0x400805e4
  19.07s  try 0x400805e4
  19.10s  try 0x400805e4
  19.13s  try 0x400805e4
  19.16s  try 0x400805e4
  19.19s  try 0x400805e4
  19.22s  try 0x400805e4
  19.25s  try 0x400805e4
  19.28s  try 0x400805e4
  19.31s  try 0x400805e4
  19.34s  try 0x400805e4
  19.37s  try 0x400805e4
  19.40s  try 0x400805e4
  19.43s  try 0x400805e4
  19.46s  try 0x400805e4
  19.49s  try 0x400805e4
  19.52s  try 0x400805e4
  19.55s  try 0x400805e4
  19.58s  try 0x400805e4
  19.61s  try 0x400805e4
  19.64s  try 0x400805e4
  19.67s  try 0x400805e4
  19.70s  try 0x400805e4
  19.73s  try 0x400805e4
  19.76s  try 0x400805e4
  19.79s  try 0x400805e4
  19.82s  try 0x400805e4
  19.85s  try 0x400805e4
  19.88s  try 0x400805e4
  19.91s  try 0x400805e4
  19.95s  try 0x400805e4
  19.98s  try 0x400805e4
  20.01s  try 0x400805e4
  20.04s  try 0x400805e4
  20.07s  try 0x400805e4
  20.10s  try 0x400805e4
  20.13s  try 0x400805e4
  20.16s  try 0x400805e4
  20.19s  try 0x400805e4
  20.22s  try 0x400805e4
  20.25s  try 0x400805e4
  20.28s  try 0x400805e4
  20.31s  try 0x400805e4
  20.34s  try 0x400805e4
  20.37s  try 0x400805e4
  20.40s  try 0x400805e4
  20.43s  try 0x400805e4
  20.46s  try 0x400805e4
  20.49s  try 0x400805e4
  20.52s  try 0x400805e4
  20.55s  try 0x400805e4
  20.58s  try 0x400805e4
  20.61s  try 0x400805e4
  20.64s  try 0x400805e4
  20.67s  try 0x400805e4
  20.70s  try 0x400805e4
  20.73s  try 0x400805e4
  20.76s  try 0x400805e4
  20.79s  try 0x400805e4
  20.82s  try 0x400805e4
  20.85s  try 0x400805e4
  20.89s  try 0x400805e4
  20.92s  try 0x400805e4
  20.95s  try 0x400805e4
  20.98s  try 0x400805e4
  21.01s  try 0x400805e4
  21.04s  try 0x400805e4
  21.07s  try 0x400805e4
  21.10s  try 0x400805e4
  21.13s  try 0x400805e4
  21.16s  try 0x400805e4
  21.19s  try 0x400805e4
  21.22s  try 0x400805e4
  21.25s  try 0x400805e4
  21.28s  try 0x400805e4
  21.31s  try 0x400805e4
  21.34s  try 0x400805e4
  21.37s  try 0x400805e4
  21.40s  try 0x400805e4
  21.43s  try 0x400805e4
  21.46s  try 0x400805e4
  21.49s  try 0x400805e4
  21.52s  try 0x400805e4
  21.55s  try 0x400805e4
  21.58s  try 0x400805e4
  21.61s  try 0x400805e4
  21.64s  try 0x400805e4
  21.67s  try 0x400805e4
  21.70s  try 0x400805e4
  21.73s  try 0x400805e4
  21.76s  try 0x400805e4
  21.80s  try 0x400805e4
  21.83s  try 0x400805e4
  21.86s  try 0x400805e4
  21.89s  try 0x400805e4
  21.92s  try 0x400805e4
  21.95s  try 0x400805e4
  21.98s  try 0x400805e4
  22.01s  try 0x400805e4
  22.04s  try 0x400805e4
  22.07s  try 0x400805e4
  22.10s  try 0x400805e4
  22.13s  try 0x400805e4
  22.16s  try 0x400805e4
  22.19s  try 0x400805e4
  22.22s  try 0x400805e4
  22.25s  try 0x400805e4
  22.28s  try 0x400805e4
  22.31s  try 0x400805e4
  22.34s  try 0x400805e4
  22.37s  try 0x400805e4
  22.40s  try 0x400805e4
  22.43s  try 0x400805e4
  22.46s  try 0x400805e4
  22.49s  try 0x400805e4
  22.52s  try 0x400805e4
  22.55s  try 0x400805e4
  22.58s  try 0x400805e4
  22.61s  try 0x400805e4
  22.64s  try 0x400805e4
  22.67s  try 0x400805e4
  22.71s  try 0x400805e4
  22.74s  try 0x400805e4
  22.77s  try 0x400805e4
  22.80s  try 0x400805e4
  22.83s  try 0x400805e4
  22.86s  try 0x400805e4
  22.89s  try 0x400805e4
  22.92s  try 0x400805e4
  22.95s  try 0x400805e4
  22.98s  try 0x400805e4
  23.01s  try 0x400805e4
  23.04s  try 0x400805e4
  23.07s  try 0x400805e4
  23.10s  try 0x400805e4
  23.13s  try 0x400805e4
  23.16s  try 0x400805e4
  23.19s  try 0x400805e4
  23.22s  try 0x400805e4
  23.25s  try 0x400805e4
  23.28s  try 0x400805e4
  23.31s  try 0x400805e4
  23.34s  try 0x400805e4
  23.37s  try 0x400805e4
  23.40s  try 0x400805e4
  23.43s  try 0x400805e4
  23.46s  try 0x400805e4
  23.49s  try 0x400805e4
  23.52s  try 0x400805e4
  23.55s  try 0x400805e4
  23.58s  try 0x400805e4
  23.61s  try 0x400805e4
  23.64s  try 0x400805e4
  23.68s  try 0x400805e4
  23.71s  try 0x400805e4
  23.74s  try 0x400805e4
  23.77s  try 0x400805e4
  23.80s  try 0x400805e4
  23.83s  try 0x400805e4
  23.86s  try 0x400805e4
  23.89s  try 0x400805e4
  23.92s  try 0x400805e4
  23.95s  try 0x400805e4
  23.98s  try 0x400805e4
  24.01s  try 0x400805e4
  24.04s  try 0x400805e4
  24.07s  try 0x400805e4
  24.10s  try 0x400805e4
  24.13s  try 0x400805e4
  24.16s  try 0x400805e4
  24.19s  try 0x400805e4
  24.22s  try 0x400805e4
  24.25s  try 0x400805e4
  24.28s  try 0x400805e4
  24.31s  try 0x400805e4
  24.34s  try 0x400805e4
  24.37s  try 0x400805e4
  24.40s  try 0x400805e4
  24.43s  try 0x400805e4
  24.46s  try 0x400805e4
  24.49s  try 0x400805e4
  24.52s  try 0x400805e4
  24.56s  try 0x400805e4
  24.59s  try 0x400805e4
  24.62s  try 0x400805e4
  24.65s  try 0x400805e4
  24.68s  try 0x400805e4
  24.71s  try 0x400805e4
  24.74s  try 0x400805e4
  24.77s  try 0x400805e4
  24.80s  try 0x400805e4
  24.83s  try 0x400805e4
  24.86s  try 0x400805e4
  24.89s  try 0x400805e4
  24.92s  try 0x400805e4
  24.95s  try 0x400805e4
  24.98s  try 0x400805e4
  25.01s  try 0x400805e4
  25.04s  try 0x400805e4
  25.07s  try 0x400805e4
  25.10s  try 0x400805e4
  25.13s  try 0x400805e4
  25.16s  try 0x400805e4
  25.19s  try 0x400805e4
  25.22s  try 0x400805e4
  25.25s  try 0x400805e4
  25.28s  try 0x400805e4
  25.31s  try 0x400805e4
  25.34s  try 0x400805e4
  25.37s  try 0x400805e4
  25.40s  try 0x400805e4
  25.43s  try 0x400805e4
  25.47s  try 0x400805e4
  25.50s  try 0x400805e4
  25.53s  try 0x400805e4
  25.56s  try 0x400805e4
  25.59s  try 0x400805e4
  25.62s  try 0x400805e4
  25.65s  try 0x400805e4
  25.68s  try 0x400805e4
  25.71s  try 0x400805e4
  25.74s  try 0x400805e4
  25.77s  try 0x400805e4
  25.80s  try 0x400805e4
  25.83s  try 0x400805e4
  25.86s  try 0x400805e4
  25.89s  try 0x400805e4
  25.92s  try 0x400805e4
  25.95s  try 0x400805e4
  25.98s  try 0x400805e4
  26.01s  try 0x400805e4
  26.04s  try 0x400805e4
  26.07s  try 0x400805e4
  26.10s  try 0x400805e4
  26.13s  try 0x400805e4
  26.16s  try 0x400805e4
  26.19s  try 0x400805e4
  26.22s  try 0x400805e4
  26.25s  try 0x400805e4
  26.28s  try 0x400805e4
  26.31s  try 0x400805e4
  26.34s  try 0x400805e4
  26.37s  try 0x400805e4
  26.40s  try 0x400805e4
  26.44s  try 0x400805e4
  26.47s  try 0x400805e4
  26.50s  try 0x400805e4
  26.53s  try 0x400805e4
  26.56s  try 0x400805e4
  26.59s  try 0x400805e4
  26.62s  try 0x400805e4
  26.65s  try 0x400805e4
  26.68s  try 0x400805e4
  26.71s  try 0x400805e4
  26.74s  try 0x400805e4
  26.77s  try 0x400805e4
  26.80s  try 0x400805e4
  26.83s  try 0x400805e4
  26.86s  try 0x400805e4
  26.89s  try 0x400805e4
  26.92s  try 0x400805e4
  26.95s  try 0x400805e4
  26.98s  try 0x400805e4
  27.01s  try 0x400805e4
  27.04s  try 0x400805e4
  27.07s  try 0x400805e4
  27.10s  try 0x400805e4
  27.13s  try 0x400805e4
  27.16s  try 0x400805e4
  27.19s  try 0x400805e4
  27.22s  try 0x400805e4
  27.25s  try 0x400805e4
  27.28s  try 0x400805e4
  27.31s  try 0x400805e4
  27.34s  try 0x400805e4
  27.38s  try 0x400805e4
  27.41s  try 0x400805e4
  27.44s  try 0x400805e4
  27.47s  try 0x400805e4
  27.50s  try 0x400805e4
  27.53s  try 0x400805e4
  27.56s  try 0x400805e4
  27.59s  try 0x400805e4
  27.62s  try 0x400805e4
  27.65s  try 0x400805e4
  27.68s  try 0x400805e4
  27.71s  try 0x400805e4
  27.74s  try 0x400805e4
  27.77s  try 0x400805e4
  27.80s  try 0x400805e4
  27.83s  try 0x400805e4
  27.86s  try 0x400805e4
  27.89s  try 0x400805e4
  27.92s  try 0x400805e4
  27.95s  try 0x400805e4
  27.98s  try 0x400805e4
  28.01s  try 0x400805e4
  28.04s  try 0x400805e4
  28.07s  try 0x400805e4
  28.10s  try 0x400805e4
  28.13s  try 0x400805e4
  28.16s  try 0x400805e4
  28.19s  try 0x400805e4
  28.22s  try 0x400805e4
  28.25s  try 0x400805e4
  28.29s  try 0x400805e4
  28.32s  try 0x400805e4
  28.35s  try 0x400805e4
  28.38s  try 0x400805e4
  28.41s  try 0x400805e4
  28.44s  try 0x400805e4
  28.47s  try 0x400805e4
  28.50s  try 0x400805e4
  28.53s  try 0x400805e4
  28.56s  try 0x400805e4
  28.59s  try 0x400805e4
  28.62s  try 0x400805e4
  28.65s  try 0x400805e4
  28.68s  try 0x400805e4
  28.71s  try 0x400805e4
  28.74s  try 0x400805e4
  28.77s  try 0x400805e4
  28.80s  try 0x400805e4
  28.83s  try 0x400805e4
  28.86s  try 0x400805e4
  28.89s  try 0x400805e4
  28.92s  try 0x400805e4
  28.95s  try 0x400805e4
  28.98s  try 0x400805e4
  29.01s  try 0x400805e4
  29.04s  try 0x400805e4
  29.07s  try 0x400805e4
  29.10s  try 0x400805e4
  29.13s  try 0x400805e4
  29.17s  try 0x400805e4
  29.20s  try 0x400805e4
  29.23s  try 0x400805e4
  29.26s  try 0x400805e4
  29.29s  try 0x400805e4
  29.32s  try 0x400805e4
  29.35s  try 0x400805e4
  29.38s  try 0x400805e4
  29.41s  try 0x400805e4
  29.44s  try 0x400805e4
  29.47s  try 0x400805e4
  29.50s  try 0x400805e4
  29.53s  try 0x400805e4
  29.56s  try 0x400805e4
  29.59s  try 0x400805e4
  29.62s  try 0x400805e4
  29.65s  try 0x400805e4
  29.68s  try 0x400805e4
  29.71s  try 0x400805e4
  29.74s  try 0x400805e4
  29.77s  try 0x400805e4
  29.80s  try 0x400805e4
  29.83s  try 0x400805e4
  29.86s  try 0x400805e4
  29.89s  try 0x400805e4
  29.92s  try 0x400805e4
  29.95s  try 0x400805e4
  29.98s  try 0x400805e4
  30.01s  try 0x400805e4
  30.05s  try 0x400805e4
  30.08s  try 0x400805e4
  30.11s  try 0x400805e4
  30.14s  try 0x400805e4
  30.17s  try 0x400805e4
  30.20s  try 0x400805e4
  30.23s  try 0x400805e4
  30.26s  try 0x400805e4
  30.29s  try 0x400805e4
  30.32s  try 0x400805e4
  30.35s  try 0x400805e4
  30.38s  try 0x400805e4
  30.41s  try 0x400805e4
  30.44s  try 0x400805e4
  30.47s  try 0x400805e4
  30.50s  try 0x400805e4
  30.53s  try 0x400805e4
  30.56s  try 0x400805e4
  30.59s  try 0x400805e4
  30.62s  try 0x400805e4
  30.65s  try 0x400805e4
  30.68s  try 0x400805e4
  30.71s  try 0x400805e4
  30.74s  try 0x400805e4
  30.77s  try 0x400805e4
  30.80s  try 0x400805e4
  30.83s  try 0x400805e4
  30.86s  try 0x400805e4
  30.89s  try 0x400805e4
  30.92s  try 0x400805e4
  30.95s  try 0x400805e4
  30.99s  try 0x400805e4
  31.02s  try 0x400805e4
  31.05s  try 0x400805e4
  31.08s  try 0x400805e4
  31.11s  try 0x400805e4
  31.14s  try 0x400805e4
  31.17s  try 0x400805e4
  31.20s  try 0x400805e4
  31.23s  try 0x400805e4
  31.26s  try 0x400805e4
  31.29s  try 0x400805e4
  31.32s  try 0x400805e4
  31.35s  try 0x400805e4
  31.38s  try 0x400805e4
  31.41s  try 0x400805e4
  31.44s  try 0x400805e4
  31.47s  try 0x400805e4
  31.50s  try 0x400805e4
  31.53s  try 0x400805e4
  31.56s  try 0x400805e4
  31.59s  try 0x400805e4
  31.62s  try 0x400805e4
  31.65s  try 0x400805e4
  31.68s  try 0x400805e4
  31.71s  try 0x400805e4
  31.74s  try 0x400805e4
  31.77s  try 0x400805e4
  31.80s  try 0x400805e4
  31.83s  try 0x400805e4
  31.86s  try 0x400805e4
  31.90s  try 0x400805e4
  31.93s  try 0x400805e4
  31.96s  try 0x400805e4
  31.99s  try 0x400805e4
  32.02s  try 0x400805e4
  32.05s  try 0x400805e4
  32.08s  try 0x400805e4
  32.11s  try 0x400805e4
  32.14s  try 0x400805e4
  32.17s  try 0x400805e4
  32.20s  try 0x400805e4
  32.23s  try 0x400805e4
  32.26s  try 0x400805e4
  32.29s  try 0x400805e4
  32.32s  try 0x400805e4
  32.35s  try 0x400805e4
  32.38s  try 0x400805e4
  32.41s  try 0x400805e4
  32.44s  try 0x400805e4
  32.47s  try 0x400805e4
  32.50s  try 0x400805e4
  32.53s  try 0x400805e4
  32.56s  try 0x400805e4
  32.59s  try 0x400805e4
  32.62s  try 0x400805e4
  32.65s  try 0x400805e4
  32.68s  try 0x400805e4
  32.71s  try 0x400805e4
  32.75s  try 0x400805e4
  32.78s  try 0x400805e4
  32.81s  try 0x400805e4
  32.84s  try 0x400805e4
  32.87s  try 0x400805e4
  32.90s  try 0x400805e4
  32.93s  try 0x400805e4
  32.96s  try 0x400805e4
  32.99s  try 0x400805e4
  33.02s  try 0x400805e4
  33.05s  try 0x400805e4
  33.08s  try 0x400805e4
  33.11s  try 0x400805e4
  33.14s  try 0x400805e4
  33.17s  try 0x400805e4
  33.20s  try 0x400805e4
  33.23s  try 0x400805e4
  33.26s  try 0x400805e4
  33.29s  try 0x400805e4
  33.32s  try 0x400805e4
  33.35s  try 0x400805e4
  33.38s  try 0x400805e4
  33.41s  try 0x400805e4
  33.44s  try 0x400805e4
  33.47s  try 0x400805e4
  33.50s  try 0x400805e4
  33.53s  try 0x400805e4
  33.56s  try 0x400805e4
  33.60s  try 0x400805e4
  33.63s  try 0x400805e4
  33.66s  try 0x400805e4
  33.69s  try 0x400805e4
  33.72s  try 0x400805e4
  33.75s  try 0x400805e4
  33.78s  try 0x400805e4
  33.81s  try 0x400805e4
  33.84s  try 0x400805e4
  33.87s  try 0x400805e4
  33.90s  try 0x400805e4
  33.93s  try 0x400805e4
  33.96s  try 0x400805e4
  33.99s  try 0x400805e4
  34.02s  try 0x400805e4
  34.05s  try 0x400805e4
  34.08s  try 0x400805e4
  34.11s  try 0x400805e4
  34.14s  try 0x400805e4
  34.17s  try 0x400805e4
  34.20s  try 0x400805e4
  34.23s  try 0x400805e4
  34.26s  try 0x400805e4
  34.29s  try 0x400805e4
  34.32s  try 0x400805e4
  34.35s  try 0x400805e4
  34.38s  try 0x400805e4
  34.41s  try 0x400805e4
  34.44s  try 0x400805e4
  34.47s  try 0x400805e4
  34.51s  try 0x400805e4
  34.54s  try 0x400805e4
  34.57s  try 0x400805e4
  34.60s  try 0x400805e4
  34.63s  try 0x400805e4
  34.66s  try 0x400805e4
  34.69s  try 0x400805e4
  34.72s  try 0x400805e4
  34.75s  try 0x400805e4
  34.78s  try 0x400805e4
  34.81s  try 0x400805e4
  34.84s  try 0x400805e4
  34.87s  try 0x400805e4
  34.90s  try 0x400805e4
  34.93s  try 0x400805e4
  34.96s  try 0x400805e4
  34.99s  try 0x400805e4
  35.02s  try 0x400805e4
  35.05s  try 0x400805e4
  35.08s  try 0x400805e4
  35.11s  try 0x400805e4
  35.14s  try 0x400805e4
  35.17s  try 0x400805e4
  35.20s  try 0x400805e4
  35.23s  try 0x400805e4
  35.26s  try 0x400805e4
  35.29s  try 0x400805e4
  35.32s  try 0x400805e4
  35.35s  try 0x400805e4
  35.38s  try 0x400805e4
  35.41s  try 0x400805e4
  35.44s  try 0x400805e4
  35.48s  try 0x400805e4
  35.51s  try 0x400805e4
  35.54s  try 0x400805e4
  35.57s  try 0x400805e4
  35.60s  try 0x400805e4
  35.63s  try 0x400805e4
  35.66s  try 0x400805e4
  35.69s  try 0x400805e4
  35.72s  try 0x400805e4
  35.75s  try 0x400805e4
  35.78s  try 0x400805e4
  35.81s  try 0x400805e4
  35.84s  try 0x400805e4
  35.87s  try 0x400805e4
  35.90s  try 0x400805e4
  35.93s  try 0x400805e4
  35.96s  try 0x400805e4
  35.99s  try 0x400805e4
  36.02s  try 0x400805e4
  36.05s  try 0x400805e4
  36.08s  try 0x400805e4
  36.11s  try 0x400805e4
  36.14s  try 0x400805e4
  36.17s  try 0x400805e4
  36.20s  try 0x400805e4
  36.23s  try 0x400805e4
  36.26s  try 0x400805e4
  36.29s  try 0x400805e4
  36.32s  try 0x400805e4
  36.35s  try 0x400805e4
  36.38s  try 0x400805e4
  36.41s  try 0x400805e4
  36.44s  try 0x400805e4
  36.47s  try 0x400805e4
  36.51s  try 0x400805e4
  36.54s  try 0x400805e4
  36.57s  try 0x400805e4
  36.60s  try 0x400805e4
  36.63s  try 0x400805e4
  36.66s  try 0x400805e4
  36.69s  try 0x400805e4
  36.72s  try 0x400805e4
  36.75s  try 0x400805e4
  36.78s  try 0x400805e4
  36.81s  try 0x400805e4
  36.84s  try 0x400805e4
  36.87s  try 0x400805e4
  36.90s  try 0x400805e4
  36.93s  try 0x400805e4
  36.96s  try 0x400805e4
  36.99s  try 0x400805e4
  37.02s  try 0x400805e4
  37.05s  try 0x400805e4
  37.08s  try 0x400805e4
  37.11s  try 0x400805e4
  37.14s  try 0x400805e4
  37.17s  try 0x400805e4
  37.20s  try 0x400805e4
  37.23s  try 0x400805e4
  37.26s  try 0x400805e4
  37.29s  try 0x400805e4
  37.32s  try 0x400805e4
  37.35s  try 0x400805e4
  37.38s  try 0x400805e4
  37.41s  try 0x400805e4
  37.44s  try 0x400805e4
  37.47s  try 0x400805e4
  37.50s  try 0x400805e4
  37.54s  try 0x400805e4
  37.57s  try 0x400805e4
  37.60s  try 0x400805e4
  37.63s  try 0x400805e4
  37.66s  try 0x400805e4
  37.69s  try 0x400805e4
  37.72s  try 0x400805e4
  37.75s  try 0x400805e4
  37.78s  try 0x400805e4
  37.81s  try 0x400805e4
  37.84s  try 0x400805e4
  37.87s  try 0x400805e4
  37.90s  try 0x400805e4
  37.93s  try 0x400805e4
  37.96s  try 0x400805e4
  37.99s  try 0x400805e4
  38.02s  try 0x400805e4
  38.05s  try 0x400805e4
  38.08s  try 0x400805e4
  38.11s  try 0x400805e4
  38.14s  try 0x400805e4
  38.17s  try 0x400805e4
  38.20s  try 0x400805e4
  38.23s  try 0x400805e4
  38.26s  try 0x400805e4
  38.29s  try 0x400805e4
  38.32s  try 0x400805e4
  38.35s  try 0x400805e4
  38.38s  try 0x400805e4
  38.41s  try 0x400805e4
  38.44s  try 0x400805e4
  38.47s  try 0x400805e4
  38.51s  try 0x400805e4
  38.54s  try 0x400805e4
  38.57s  try 0x400805e4
  38.60s  try 0x400805e4
  38.63s  try 0x400805e4
  38.66s  try 0x400805e4
  38.69s  try 0x400805e4
  38.72s  try 0x400805e4
  38.75s  try 0x400805e4
  38.78s  try 0x400805e4
  38.81s  try 0x400805e4
  38.84s  try 0x400805e4
  38.87s  try 0x400805e4
  38.90s  try 0x400805e4
  38.93s  try 0x400805e4
  38.96s  try 0x400805e4
  38.99s  try 0x400805e4
  39.02s  try 0x400805e4
  39.05s  try 0x400805e4
  39.08s  try 0x400805e4
  39.11s  try 0x400805e4
  39.14s  try 0x400805e4
  39.17s  try 0x400805e4
  39.20s  try 0x400805e4
  39.23s  try 0x400805e4
  39.26s  try 0x400805e4
  39.29s  try 0x400805e4
  39.32s  try 0x400805e4
  39.35s  try 0x400805e4
  39.38s  try 0x400805e4
  39.42s  try 0x400805e4
  39.45s  try 0x400805e4
  39.48s  try 0x400805e4
  39.51s  try 0x400805e4
  39.54s  try 0x400805e4
  39.57s  try 0x400805e4
  39.60s  try 0x400805e4
  39.63s  try 0x400805e4
  39.66s  try 0x400805e4
  39.69s  try 0x400805e4
  39.72s  try 0x400805e4
  39.75s  try 0x400805e4
  39.78s  try 0x400805e4
  39.81s  try 0x400805e4
  39.84s  try 0x400805e4
  39.87s  try 0x400805e4
  39.90s  try 0x400805e4
  39.93s  try 0x400805e4
  39.96s  try 0x400805e4
  39.99s  try 0x400805e4
  40.02s  try 0x400805e4
  40.05s  try 0x400805e4
  40.08s  try 0x400805e4
  40.11s  try 0x400805e4
  40.14s  try 0x400805e4
  40.17s  try 0x400805e4
  40.20s  try 0x400805e4
  40.23s  try 0x400805e4
  40.26s  try 0x400805e4
  40.29s  try 0x400805e4
  40.32s  try 0x400805e4
  40.36s  try 0x400805e4
  40.39s  try 0x400805e4
  40.42s  try 0x400805e4
  40.45s  try 0x400805e4
  40.48s  try 0x400805e4
  40.51s  try 0x400805e4
  40.54s  try 0x400805e4
  40.57s  try 0x400805e4
  40.60s  try 0x400805e4
  40.63s  try 0x400805e4
  40.66s  try 0x400805e4
  40.69s  try 0x400805e4
  40.72s  try 0x400805e4
  40.75s  try 0x400805e4
  40.78s  try 0x400805e4
  40.81s  try 0x400805e4
  40.84s  try 0x400805e4
  40.87s  try 0x400805e4
  40.90s  try 0x400805e4
  40.93s  try 0x400805e4
  40.96s  try 0x400805e4
  40.99s  try 0x400805e4
  41.02s  try 0x400805e4
  41.05s  try 0x400805e4
  41.08s  try 0x400805e4
  41.11s  try 0x400805e4
  41.14s  try 0x400805e4
  41.17s  try 0x400805e4
  41.20s  try 0x400805e4
  41.23s  try 0x400805e4
  41.26s  try 0x400805e4
  41.29s  try 0x400805e4
  41.32s  try 0x400805e4
  41.36s  try 0x400805e4
  41.39s  try 0x400805e4
  41.42s  try 0x400805e4
  41.45s  try 0x400805e4
  41.48s  try 0x400805e4
  41.51s  try 0x400805e4
  41.54s  try 0x400805e4
  41.57s  try 0x400805e4
  41.60s  try 0x400805e4
  41.63s  try 0x400805e4
  41.66s  try 0x400805e4
  41.69s  try 0x400805e4
  41.72s  try 0x400805e4
  41.75s  try 0x400805e4
  41.78s  try 0x400805e4
  41.81s  try 0x400805e4
  41.84s  try 0x400805e4
  41.87s  try 0x400805e4
  41.90s  try 0x400805e4
  41.93s  try 0x400805e4
  41.96s  try 0x400805e4
  41.99s  try 0x400805e4
  42.02s  try 0x400805e4
  42.05s  try 0x400805e4
  42.08s  try 0x400805e4
  42.11s  try 0x400805e4
  42.14s  try 0x400805e4
  42.17s  try 0x400805e4
  42.20s  try 0x400805e4
  42.24s  try 0x400805e4
  42.27s  try 0x400805e4
  42.30s  try 0x400805e4
  42.33s  try 0x400805e4
  42.36s  try 0x400805e4
  42.39s  try 0x400805e4
  42.42s  try 0x400805e4
  42.45s  try 0x400805e4
  42.48s  try 0x400805e4
  42.51s  try 0x400805e4
  42.54s  try 0x400805e4
  42.57s  try 0x400805e4
  42.60s  try 0x400805e4
  42.63s  try 0x400805e4
  42.66s  try 0x400805e4
  42.69s  try 0x400805e4
  42.72s  try 0x400805e4
  42.75s  try 0x400805e4
  42.78s  try 0x400805e4
  42.81s  try 0x400805e4
  42.84s  try 0x400805e4
  42.87s  try 0x400805e4
  42.90s  try 0x400805e4
  42.93s  try 0x400805e4
  42.96s  try 0x400805e4
  42.99s  try 0x400805e4
  43.02s  try 0x400805e4
  43.05s  try 0x400805e4
  43.08s  try 0x400805e4
  43.11s  try 0x400805e4
  43.15s  try 0x400805e4
  43.18s  try 0x400805e4
  43.21s  try 0x400805e4
  43.24s  try 0x400805e4
  43.27s  try 0x400805e4
  43.30s  try 0x400805e4
  43.33s  try 0x400805e4
  43.36s  try 0x400805e4
  43.39s  try 0x400805e4
  43.42s  try 0x400805e4
  43.45s  try 0x400805e4
  43.48s  try 0x400805e4
  43.51s  try 0x400805e4
  43.54s  try 0x400805e4
  43.57s  try 0x400805e4
  43.60s  try 0x400805e4
  43.63s  try 0x400805e4
  43.66s  try 0x400805e4
  43.69s  try 0x400805e4
  43.72s  try 0x400805e4
  43.75s  try 0x400805e4
  43.78s  try 0x400805e4
  43.81s  try 0x400805e4
  43.84s  try 0x400805e4
  43.87s  try 0x400805e4
  43.90s  try 0x400805e4
  43.93s  try 0x400805e4
  43.96s  try 0x400805e4
  43.99s  try 0x400805e4
  44.02s  try 0x400805e4
  44.05s  try 0x400805e4
  44.08s  try 0x400805e4
  44.11s  try 0x400805e4
  44.15s  try 0x400805e4
  44.18s  try 0x400805e4
  44.21s  try 0x400805e4
  44.24s  try 0x400805e4
  44.27s  try 0x400805e4
  44.30s  try 0x400805e4
  44.33s  try 0x400805e4
  44.36s  try 0x400805e4
  44.39s  try 0x400805e4
  44.42s  try 0x400805e4
  44.45s  try 0x400805e4
  44.48s  try 0x400805e4
  44.51s  try 0x400805e4
  44.54s  try 0x400805e4
  44.57s  try 0x400805e4
  44.60s  try 0x400805e4
  44.63s  try 0x400805e4
  44.66s  try 0x400805e4
  44.69s  try 0x400805e4
  44.72s  try 0x400805e4
  44.75s  try 0x400805e4
  44.78s  try 0x400805e4
  44.81s  try 0x400805e4
  44.84s  try 0x400805e4
  44.87s  try 0x400805e4
  44.90s  try 0x400805e4
  44.93s  try 0x400805e4
  44.96s  try 0x400805e4
  44.99s  try 0x400805e4
  45.02s  try 0x400805e4
  45.05s  try 0x400805e4
  45.08s  try 0x400805e4
  45.12s  try 0x400805e4
  45.15s  try 0x400805e4
  45.18s  try 0x400805e4
  45.21s  try 0x400805e4
  45.24s  try 0x400805e4
  45.27s  try 0x400805e4
  45.30s  try 0x400805e4
  45.33s  try 0x400805e4
  45.36s  try 0x400805e4
  45.39s  try 0x400805e4
  45.42s  try 0x400805e4
  45.45s  try 0x400805e4
  45.48s  try 0x400805e4
  45.51s  try 0x400805e4
  45.54s  try 0x400805e4
  45.57s  try 0x400805e4
  45.60s  try 0x400805e4
  45.63s  try 0x400805e4
  45.66s  try 0x400805e4
  45.69s  try 0x400805e4
  45.72s  try 0x400805e4
  45.75s  try 0x400805e4
  45.78s  try 0x400805e4
  45.81s  try 0x400805e4
  45.84s  try 0x400805e4
  45.87s  try 0x400805e4
  45.90s  try 0x400805e4
  45.93s  try 0x400805e4
  45.96s  try 0x400805e4
  45.99s  try 0x400805e4
  46.02s  try 0x400805e4
  46.06s  try 0x400805e4
  46.09s  try 0x400805e4
  46.12s  try 0x400805e4
  46.15s  try 0x400805e4
  46.18s  try 0x400805e4
  46.21s  try 0x400805e4
  46.24s  try 0x400805e4
  46.27s  try 0x400805e4
  46.30s  try 0x400805e4
  46.33s  try 0x400805e4
  46.36s  try 0x400805e4
  46.39s  try 0x400805e4
  46.42s  try 0x400805e4
  46.45s  try 0x400805e4
  46.48s  try 0x400805e4
  46.51s  try 0x400805e4
  46.54s  try 0x400805e4
  46.57s  try 0x400805e4
  46.60s  try 0x400805e4
  46.63s  try 0x400805e4
  46.66s  try 0x400805e4
  46.69s  try 0x400805e4
  46.72s  try 0x400805e4
  46.75s  try 0x400805e4
  46.78s  try 0x400805e4
  46.81s  try 0x400805e4
  46.84s  try 0x400805e4
  46.87s  try 0x400805e4
  46.91s  try 0x400805e4
  46.94s  try 0x400805e4
  46.97s  try 0x400805e4
  47.00s  try 0x400805e4
  47.03s  try 0x400805e4
  47.06s  try 0x400805e4
  47.09s  try 0x400805e4
  47.12s  try 0x400805e4
  47.15s  try 0x400805e4
  47.18s  try 0x400805e4
  47.21s  try 0x400805e4
  47.24s  try 0x400805e4
  47.27s  try 0x400805e4
  47.30s  try 0x400805e4
  47.33s  try 0x400805e4
  47.36s  try 0x400805e4
  47.39s  try 0x400805e4
  47.42s  try 0x400805e4
  47.45s  try 0x400805e4
  47.48s  try 0x400805e4
  47.51s  try 0x400805e4
  47.54s  try 0x400805e4
  47.57s  try 0x400805e4
  47.60s  try 0x400805e4
  47.63s  try 0x400805e4
  47.66s  try 0x400805e4
  47.69s  try 0x400805e4
  47.72s  try 0x400805e4
  47.75s  try 0x400805e4
  47.78s  try 0x400805e4
  47.81s  try 0x400805e4
  47.84s  try 0x400805e4
  47.87s  try 0x400805e4
  47.91s  try 0x400805e4
  47.94s  try 0x400805e4
  47.97s  try 0x400805e4
  48.00s  try 0x400805e4
  48.03s  try 0x400805e4
  48.06s  try 0x400805e4
  48.09s  try 0x400805e4
  48.12s  try 0x400805e4
  48.15s  try 0x400805e4
  48.18s  try 0x400805e4
  48.21s  try 0x400805e4
  48.24s  try 0x400805e4
  48.27s  try 0x400805e4
  48.30s  try 0x400805e4
  48.33s  try 0x400805e4
  48.36s  try 0x400805e4
  48.39s  try 0x400805e4
  48.42s  try 0x400805e4
  48.45s  try 0x400805e4
  48.48s  try 0x400805e4
  48.51s  try 0x400805e4
  48.54s  try 0x400805e4
  48.57s  try 0x400805e4
  48.60s  try 0x400805e4
  48.61s  try 0x400805e4
  48.64s  try 0x400805e4
  48.67s  try 0x400805e4
  48.70s  try 0x400805e4
  48.73s  try 0x400805e4
  48.76s  try 0x400805e4
  48.79s  try 0x400805e4
  48.82s  try 0x400805e4
  48.85s  try 0x400805e4
  48.88s  try 0x400805e4
  48.91s  try 0x400805e4
  48.94s  try 0x400805e4
  48.97s  try 0x400805e4
  49.00s  try 0x400805e4
  49.03s  try 0x400805e4
  49.06s  try 0x400805e4
  49.09s  try 0x400805e4
  49.12s  try 0x400805e4
  49.16s  try 0x400805e4
  49.19s  try 0x400805e4
  49.22s  try 0x400805e4
  49.25s  try 0x400805e4
  49.28s  try 0x400805e4
  49.31s  try 0x400805e4
  49.34s  try 0x400805e4
  49.37s  try 0x400805e4
  49.40s  try 0x400805e4
  49.43s  try 0x400805e4
  49.46s  try 0x400805e4
  49.49s  try 0x400805e4
  49.52s  try 0x400805e4
  49.55s  try 0x400805e4
  49.58s  try 0x400805e4
  49.61s  try 0x400805e4
  49.64s  try 0x400805e4
  49.67s  try 0x400805e4
  49.70s  try 0x400805e4
  49.73s  try 0x400805e4
  49.76s  try 0x400805e4
  49.79s  try 0x400805e4
  49.82s  try 0x400805e4
  49.85s  try 0x400805e4
  49.88s  try 0x400805e4
  49.91s  try 0x400805e4
  49.94s  try 0x400805e4
  49.97s  try 0x400805e4
  50.00s  try 0x400805e4
  50.03s  try 0x400805e4
  50.06s  try 0x400805e4
  50.09s  try 0x400805e4
  50.12s  try 0x400805e4
  50.15s  try 0x400805e4
  50.18s  try 0x400805e4
  50.22s  try 0x400805e4
  50.25s  try 0x400805e4
  50.28s  try 0x400805e4
  50.31s  try 0x400805e4
  50.34s  try 0x400805e4
  50.37s  try 0x400805e4
  50.40s  try 0x400805e4
  50.43s  try 0x400805e4
  50.46s  try 0x400805e4
  50.49s  try 0x400805e4
  50.52s  try 0x400805e4
  50.55s  try 0x400805e4
  50.58s  try 0x400805e4
  50.61s  try 0x400805e4
  50.64s  try 0x400805e4
  50.67s  try 0x400805e4
  50.70s  try 0x400805e4
  50.73s  try 0x400805e4
  50.76s  try 0x400805e4
  50.79s  try 0x400805e4
  50.82s  try 0x400805e4
  50.85s  try 0x400805e4
  50.88s  try 0x400805e4
  50.91s  try 0x400805e4
  50.94s  try 0x400805e4
  50.97s  try 0x400805e4
  51.00s  try 0x400805e4
  51.03s  try 0x400805e4
  51.06s  try 0x400805e4
  51.09s  try 0x400805e4
  51.12s  try 0x400805e4
  51.16s  try 0x400805e4
  51.19s  try 0x400805e4
  51.22s  try 0x400805e4
  51.25s  try 0x400805e4
  51.28s  try 0x400805e4
  51.31s  try 0x400805e4
  51.34s  try 0x400805e4
  51.37s  try 0x400805e4
  51.40s  try 0x400805e4
  51.43s  try 0x400805e4
  51.46s  try 0x400805e4
  51.49s  try 0x400805e4
  51.51s  try 0x400805e4
  51.54s  try 0x400805e4
  51.57s  try 0x400805e4
  51.60s  try 0x400805e4
  51.63s  try 0x400805e4
  51.66s  try 0x400805e4
  51.70s  try 0x400805e4
  51.73s  try 0x400805e4
  51.76s  try 0x400805e4
  51.79s  try 0x400805e4
  51.82s  try 0x400805e4
  51.85s  try 0x400805e4
  51.88s  try 0x400805e4
  51.91s  try 0x400805e4
  51.94s  try 0x400805e4
  51.97s  try 0x400805e4
  52.00s  try 0x400805e4
  52.00s  try 0x400805e4
  52.03s  try 0x400805e4
  52.06s  try 0x400805e4
  52.09s  try 0x400805e4
  52.12s  try 0x400805e4
  52.15s  try 0x400805e4
  52.18s  try 0x400805e4
  52.22s  try 0x400805e4
  52.25s  try 0x400805e4
  52.28s  try 0x400805e4
  52.31s  try 0x400805e4
  52.33s  try 0x400805e4
  52.36s  try 0x400805e4
  52.39s  try 0x400805e4
  52.42s  try 0x400805e4
  52.45s  try 0x400805e4
  52.48s  try 0x400805e4
  52.51s  try 0x400805e4
  52.54s  try 0x400805e4
  52.57s  try 0x400805e4
  52.60s  try 0x400805e4
  52.63s  try 0x400805e4
  52.66s  try 0x400805e4
  52.69s  try 0x400805e4
  52.72s  try 0x400805e4
  52.75s  try 0x400805e4
  52.78s  try 0x400805e4
  52.81s  try 0x400805e4
  52.84s  try 0x400805e4
  52.87s  try 0x400805e4
  52.90s  try 0x400805e4
  52.93s  try 0x400805e4
  52.96s  try 0x400805e4
  52.99s  try 0x400805e4
  53.02s  try 0x400805e4
  53.05s  try 0x400805e4
  53.09s  try 0x400805e4
  53.12s  try 0x400805e4
  53.15s  try 0x400805e4
  53.18s  try 0x400805e4
  53.21s  try 0x400805e4
  53.24s  try 0x400805e4
  53.27s  try 0x400805e4
  53.30s  try 0x400805e4
  53.33s  try 0x400805e4
  53.36s  try 0x400805e4
  53.39s  try 0x400805e4
  53.42s  try 0x400805e4
  53.44s  try 0x400805e4
  53.47s  try 0x400805e4
  53.50s  try 0x400805e4
  53.53s  try 0x400805e4
  53.56s  try 0x400805e4
  53.59s  try 0x400805e4
  53.62s  try 0x400805e4
  53.65s  try 0x400805e4
  53.68s  try 0x400805e4
  53.71s  try 0x400805e4
  53.74s  try 0x400805e4
  53.78s  try 0x400805e4
  53.80s  try 0x400805e4
  53.83s  try 0x400805e4
  53.86s  try 0x400805e4
  53.89s  try 0x400805e4
  53.92s  try 0x400805e4
  53.95s  try 0x400805e4
  53.99s  try 0x400805e4
  54.02s  try 0x400805e4
  54.05s  try 0x400805e4
  54.07s  try 0x400805e4
  54.10s  try 0x400805e4
  54.13s  try 0x400805e4
  54.16s  try 0x400805e4
  54.19s  try 0x400805e4
  54.22s  try 0x400805e4
  54.25s  try 0x400805e4
  54.27s  try 0x400805e4
  54.30s  try 0x400805e4
  54.33s  try 0x400805e4
  54.36s  try 0x400805e4
  54.39s  try 0x400805e4
  54.42s  try 0x400805e4
  54.44s  try 0x400805e4
  54.44s  try 0x400805e4
  54.47s  try 0x400805e4
  54.50s  try 0x400805e4
  54.53s  try 0x400805e4
  54.56s  try 0x400805e4
  54.59s  try 0x400805e4
  54.61s  try 0x400805e4
  54.64s  try 0x400805e4
  54.67s  try 0x400805e4
  54.70s  try 0x400805e4
  54.73s  try 0x400805e4
  54.75s  try 0x400805e4
  54.78s  try 0x400805e4
  54.81s  try 0x400805e4
  54.84s  try 0x400805e4
  54.87s  try 0x400805e4
  54.90s  try 0x400805e4
  54.92s  try 0x400805e4
  54.95s  try 0x400805e4
  54.98s  try 0x400805e4
  55.01s  try 0x400805e4
  55.04s  try 0x400805e4
  55.07s  try 0x400805e4
  55.10s  try 0x400805e4
  55.13s  try 0x400805e4
  55.16s  try 0x400805e4
  55.19s  try 0x400805e4
  55.22s  try 0x400805e4
  55.25s  try 0x400805e4
  55.28s  try 0x400805e4
  55.31s  try 0x400805e4
  55.35s  try 0x400805e4
  55.38s  try 0x400805e4
  55.41s  try 0x400805e4
  55.44s  try 0x400805e4
  55.47s  try 0x400805e4
  55.50s  try 0x400805e4
  55.53s  try 0x400805e4
  55.56s  try 0x400805e4
  55.59s  try 0x400805e4
  55.62s  try 0x400805e4
  55.65s  try 0x400805e4
  55.68s  try 0x400805e4
  55.71s  try 0x400805e4
  55.74s  try 0x400805e4
  55.77s  try 0x400805e4
  55.80s  try 0x400805e4
  55.83s  try 0x400805e4
  55.86s  try 0x400805e4
  55.89s  try 0x400805e4
  55.92s  try 0x400805e4
  55.95s  try 0x400805e4
  55.98s  try 0x400805e4
  56.01s  try 0x400805e4
  56.04s  try 0x400805e4
  56.07s  try 0x400805e4
  56.10s  try 0x400805e4
  56.13s  try 0x400805e4
  56.16s  try 0x400805e4
  56.19s  try 0x400805e4
  56.22s  try 0x400805e4
  56.26s  try 0x400805e4
  56.29s  try 0x400805e4
  56.32s  try 0x400805e4
  56.35s  try 0x400805e4
  56.38s  try 0x400805e4
  56.41s  try 0x400805e4
  56.44s  try 0x400805e4
  56.47s  try 0x400805e4
  56.50s  try 0x400805e4
  56.53s  try 0x400805e4
  56.56s  try 0x400805e4
  56.59s  try 0x400805e4
  56.62s  try 0x400805e4
  56.65s  try 0x400805e4
  56.68s  try 0x400805e4
  56.71s  try 0x400805e4
  56.74s  try 0x400805e4
  56.77s  try 0x400805e4
  56.80s  try 0x400805e4
  56.83s  try 0x400805e4
  56.86s  try 0x400805e4
  56.89s  try 0x400805e4
  56.92s  try 0x400805e4
  56.95s  try 0x400805e4
  56.98s  try 0x400805e4
  57.01s  try 0x400805e4
  57.04s  try 0x400805e4
  57.07s  try 0x400805e4
  57.10s  try 0x400805e4
  57.13s  try 0x400805e4
  57.16s  try 0x400805e4
  57.19s  try 0x400805e4
  57.22s  try 0x400805e4
  57.26s  try 0x400805e4
  57.29s  try 0x400805e4
  57.32s  try 0x400805e4
  57.35s  try 0x400805e4
  57.38s  try 0x400805e4
  57.41s  try 0x400805e4
  57.44s  try 0x400805e4
  57.47s  try 0x400805e4
  57.50s  try 0x400805e4
  57.53s  try 0x400805e4
  57.56s  try 0x400805e4
  57.59s  try 0x400805e4
  57.62s  try 0x400805e4
  57.65s  try 0x400805e4
  57.68s  try 0x400805e4
  57.71s  try 0x400805e4
  57.74s  try 0x400805e4
  57.77s  try 0x400805e4
  57.80s  try 0x400805e4
  57.83s  try 0x400805e4
  57.86s  try 0x400805e4
  57.89s  try 0x400805e4
  57.92s  try 0x400805e4
  57.95s  try 0x400805e4
  57.98s  try 0x400805e4
  58.01s  try 0x400805e4
  58.04s  try 0x400805e4
  58.07s  try 0x400805e4
  58.10s  try 0x400805e4
  58.13s  try 0x400805e4
  58.17s  try 0x400805e4
  58.20s  try 0x400805e4
  58.23s  try 0x400805e4
  58.26s  try 0x400805e4
  58.29s  try 0x400805e4
  58.32s  try 0x400805e4
  58.35s  try 0x400805e4
  58.38s  try 0x400805e4
  58.41s  try 0x400805e4
  58.44s  try 0x400805e4
  58.47s  try 0x400805e4
  58.50s  try 0x400805e4
  58.53s  try 0x400805e4
  58.56s  try 0x400805e4
  58.59s  try 0x400805e4
  58.62s  try 0x400805e4
  58.65s  try 0x400805e4
  58.68s  try 0x400805e4
  58.71s  try 0x400805e4
  58.74s  try 0x400805e4
  58.77s  try 0x400805e4
  58.80s  try 0x400805e4
  58.83s  try 0x400805e4
  58.86s  try 0x400805e4
  58.89s  try 0x400805e4
  58.92s  try 0x400805e4
  58.95s  try 0x400805e4
  58.98s  try 0x400805e4
  59.01s  try 0x400805e4
  59.04s  try 0x400805e4
  59.07s  try 0x400805e4
  59.10s  try 0x400805e4
  59.13s  try 0x400805e4
  59.16s  try 0x400805e4
  59.19s  try 0x400805e4
  59.22s  try 0x400805e4
  59.25s  try 0x400805e4
  59.28s  try 0x400805e4
  59.32s  try 0x400805e4
  59.35s  try 0x400805e4
  59.38s  try 0x400805e4
  59.41s  try 0x400805e4
  59.44s  try 0x400805e4
  59.47s  try 0x400805e4
  59.50s  try 0x400805e4
  59.53s  try 0x400805e4
  59.56s  try 0x400805e4
  59.59s  try 0x400805e4
  59.62s  try 0x400805e4
  59.65s  try 0x400805e4
  59.68s  try 0x400805e4
  59.71s  try 0x400805e4
  59.74s  try 0x400805e4
  59.77s  try 0x400805e4
  59.80s  try 0x400805e4
  59.83s  try 0x400805e4
  59.86s  try 0x400805e4
  59.89s  try 0x400805e4
  59.92s  try 0x400805e4
  59.95s  try 0x400805e4
  59.98s  try 0x400805e4
  60.01s  try 0x400805e4
  60.04s  try 0x400805e4
  60.07s  try 0x400805e4
  60.10s  try 0x400805e4
  60.13s  try 0x400805e4
  60.16s  try 0x400805e4
  60.19s  try 0x400805e4
  60.22s  try 0x400805e4
  60.25s  try 0x400805e4
  60.28s  try 0x400805e4
  60.31s  try 0x400805e4
  60.35s  try 0x400805e4
  60.38s  try 0x400805e4
  60.41s  try 0x400805e4
  60.44s  try 0x400805e4
  60.47s  try 0x400805e4
  60.50s  try 0x400805e4
  60.53s  try 0x400805e4
  60.56s  try 0x400805e4
  60.59s  try 0x400805e4
  60.62s  try 0x400805e4
  60.65s  try 0x400805e4
  60.68s  try 0x400805e4
  60.71s  try 0x400805e4
  60.74s  try 0x400805e4
  60.77s  try 0x400805e4
  60.80s  try 0x400805e4
  60.83s  try 0x400805e4
  60.86s  try 0x400805e4
  60.89s  try 0x400805e4
  60.92s  try 0x400805e4
  60.95s  try 0x400805e4
  60.98s  try 0x400805e4
  61.01s  try 0x400805e4
  61.04s  try 0x400805e4
  61.07s  try 0x400805e4
  61.10s  try 0x400805e4
  61.13s  try 0x400805e4
  61.16s  try 0x400805e4
  61.19s  try 0x400805e4
  61.22s  try 0x400805e4
  61.26s  try 0x400805e4
  61.29s  try 0x400805e4
  61.32s  try 0x400805e4
  61.35s  try 0x400805e4
  61.38s  try 0x400805e4
  61.41s  try 0x400805e4
  61.44s  try 0x400805e4
  61.47s  try 0x400805e4
  61.50s  try 0x400805e4
  61.53s  try 0x400805e4
  61.56s  try 0x400805e4
  61.59s  try 0x400805e4
  61.62s  try 0x400805e4
  61.65s  try 0x400805e4
  61.68s  try 0x400805e4
  61.69s  try 0x400805e4
  61.72s  try 0x400805e4
  61.75s  try 0x400805e4
  61.78s  try 0x400805e4
  61.81s  try 0x400805e4
  61.84s  try 0x400805e4
  61.87s  try 0x400805e4
  61.90s  try 0x400805e4
  61.93s  try 0x400805e4
  61.96s  try 0x400805e4
  61.99s  try 0x400805e4
  62.02s  try 0x400805e4
  62.05s  try 0x400805e4
  62.08s  try 0x400805e4
  62.11s  try 0x400805e4
  62.14s  try 0x400805e4
  62.17s  try 0x400805e4
  62.20s  try 0x400805e4
  62.23s  try 0x400805e4
  62.26s  try 0x400805e4
  62.29s  try 0x400805e4
  62.32s  try 0x400805e4
  62.35s  try 0x400805e4
  62.38s  try 0x400805e4
  62.41s  try 0x400805e4
  62.44s  try 0x400805e4
  62.47s  try 0x400805e4
  62.50s  try 0x400805e4
  62.53s  try 0x400805e4
  62.57s  try 0x400805e4
  62.60s  try 0x400805e4
  62.63s  try 0x400805e4
  62.63s  try 0x400805e4
  62.66s  try 0x400805e4
  62.69s  try 0x400805e4
  62.72s  try 0x400805e4
  62.75s  try 0x400805e4
  62.78s  try 0x400805e4
  62.81s  try 0x400805e4
  62.84s  try 0x400805e4
  62.87s  try 0x400805e4
  62.90s  try 0x400805e4
  62.93s  try 0x400805e4
  62.96s  try 0x400805e4
  62.99s  try 0x400805e4
  63.02s  try 0x400805e4
  63.06s  try 0x400805e4
  63.09s  try 0x400805e4
  63.12s  try 0x400805e4
  63.15s  try 0x400805e4
  63.18s  try 0x400805e4
  63.21s  try 0x400805e4
  63.24s  try 0x400805e4
  63.27s  try 0x400805e4
  63.30s  try 0x400805e4
  63.33s  try 0x400805e4
  63.36s  try 0x400805e4
  63.39s  try 0x400805e4
  63.42s  try 0x400805e4
  63.45s  try 0x400805e4
  63.48s  try 0x400805e4
  63.51s  try 0x400805e4
  63.54s  try 0x400805e4
  63.57s  try 0x400805e4
  63.60s  try 0x400805e4
  63.63s  try 0x400805e4
  63.66s  try 0x400805e4
  63.69s  try 0x400805e4
  63.72s  try 0x400805e4
  63.75s  try 0x400805e4
  63.78s  try 0x400805e4
  63.81s  try 0x400805e4
  63.84s  try 0x400805e4
  63.87s  try 0x400805e4
  63.90s  try 0x400805e4
  63.93s  try 0x400805e4
  63.96s  try 0x400805e4
  63.99s  try 0x400805e4
  64.02s  try 0x400805e4
  64.05s  try 0x400805e4
  64.08s  try 0x400805e4
  64.11s  try 0x400805e4
  64.14s  try 0x400805e4
  64.17s  try 0x400805e4
  64.20s  try 0x400805e4
  64.23s  try 0x400805e4
  64.26s  try 0x400805e4
  64.30s  try 0x400805e4
  64.33s  try 0x400805e4
  64.36s  try 0x400805e4
  64.39s  try 0x400805e4
  64.42s  try 0x400805e4
  64.45s  try 0x400805e4
  64.48s  try 0x400805e4
  64.51s  try 0x400805e4
  64.54s  try 0x400805e4
  64.57s  try 0x400805e4
  64.60s  try 0x400805e4
  64.63s  try 0x400805e4
  64.66s  try 0x400805e4
  64.69s  try 0x400805e4
  64.72s  try 0x400805e4
  64.75s  try 0x400805e4
  64.78s  try 0x400805e4
  64.81s  try 0x400805e4
  64.84s  try 0x400805e4
  64.87s  try 0x400805e4
  64.90s  try 0x400805e4
  64.93s  try 0x400805e4
  64.96s  try 0x400805e4
  64.99s  try 0x400805e4
  65.02s  try 0x400805e4
  65.05s  try 0x400805e4
  65.08s  try 0x400805e4
  65.11s  try 0x400805e4
  65.14s  try 0x400805e4
  65.17s  try 0x400805e4
  65.21s  try 0x400805e4
  65.24s  try 0x400805e4
  65.27s  try 0x400805e4
  65.30s  try 0x400805e4
  65.33s  try 0x400805e4
  65.36s  try 0x400805e4
  65.39s  try 0x400805e4
  65.42s  try 0x400805e4
  65.45s  try 0x400805e4
  65.48s  try 0x400805e4
  65.51s  try 0x400805e4
  65.54s  try 0x400805e4
  65.57s  try 0x400805e4
  65.60s  try 0x400805e4
  65.63s  try 0x400805e4
  65.66s  try 0x400805e4
  65.69s  try 0x400805e4
  65.72s  try 0x400805e4
  65.75s  try 0x400805e4
  65.78s  try 0x400805e4
  65.81s  try 0x400805e4
  65.84s  try 0x400805e4
  65.87s  try 0x400805e4
  65.90s  try 0x400805e4
  65.93s  try 0x400805e4
  65.96s  try 0x400805e4
  65.99s  try 0x400805e4
  66.02s  try 0x400805e4
  66.05s  try 0x400805e4
  66.08s  try 0x400805e4
  66.11s  try 0x400805e4
  66.14s  try 0x400805e4
  66.17s  try 0x400805e4
  66.21s  try 0x400805e4
  66.24s  try 0x400805e4
  66.27s  try 0x400805e4
  66.30s  try 0x400805e4
  66.33s  try 0x400805e4
  66.36s  try 0x400805e4
  66.39s  try 0x400805e4
  66.42s  try 0x400805e4
  66.45s  try 0x400805e4
  66.48s  try 0x400805e4
  66.51s  try 0x400805e4
  66.54s  try 0x400805e4
  66.57s  try 0x400805e4
  66.60s  try 0x400805e4
  66.63s  try 0x400805e4
  66.66s  try 0x400805e4
  66.69s  try 0x400805e4
  66.72s  try 0x400805e4
  66.75s  try 0x400805e4
  66.78s  try 0x400805e4
  66.81s  try 0x400805e4
  66.84s  try 0x400805e4
  66.87s  try 0x400805e4
  66.90s  try 0x400805e4
  66.93s  try 0x400805e4
  66.96s  try 0x400805e4
  66.99s  try 0x400805e4
  67.02s  try 0x400805e4
  67.05s  try 0x400805e4
  67.08s  try 0x400805e4
  67.11s  try 0x400805e4
  67.14s  try 0x400805e4
  67.17s  try 0x400805e4
  67.20s  try 0x400805e4
  67.24s  try 0x400805e4
  67.27s  try 0x400805e4
  67.30s  try 0x400805e4
  67.33s  try 0x400805e4
  67.36s  try 0x400805e4
  67.39s  try 0x400805e4
  67.42s  try 0x400805e4
  67.45s  try 0x400805e4
  67.48s  try 0x400805e4
  67.51s  try 0x400805e4
  67.54s  try 0x400805e4
  67.57s  try 0x400805e4
  67.60s  try 0x400805e4
  67.63s  try 0x400805e4
  67.66s  try 0x400805e4
  67.69s  try 0x400805e4
  67.72s  try 0x400805e4
  67.75s  try 0x400805e4
  67.78s  try 0x400805e4
  67.81s  try 0x400805e4
  67.84s  try 0x400805e4
  67.87s  try 0x400805e4
  67.90s  try 0x400805e4
  67.93s  try 0x400805e4
  67.96s  try 0x400805e4
  67.99s  try 0x400805e4
  68.02s  try 0x400805e4
  68.05s  try 0x400805e4
  68.08s  try 0x400805e4
  68.11s  try 0x400805e4
  68.14s  try 0x400805e4
  68.17s  try 0x400805e4
  68.20s  try 0x400805e4
  68.24s  try 0x400805e4
  68.27s  try 0x400805e4
  68.30s  try 0x400805e4
  68.33s  try 0x400805e4
  68.36s  try 0x400805e4
  68.39s  try 0x400805e4
  68.42s  try 0x400805e4
  68.45s  try 0x400805e4
  68.48s  try 0x400805e4
  68.51s  try 0x400805e4
  68.54s  try 0x400805e4
  68.57s  try 0x400805e4
  68.60s  try 0x400805e4
  68.63s  try 0x400805e4
  68.66s  try 0x400805e4
  68.69s  try 0x400805e4
  68.72s  try 0x400805e4
  68.75s  try 0x400805e4
  68.78s  try 0x400805e4
  68.81s  try 0x400805e4
  68.84s  try 0x400805e4
  68.87s  try 0x400805e4
  68.90s  try 0x400805e4
  68.93s  try 0x400805e4
  68.96s  try 0x400805e4
  68.99s  try 0x400805e4
  69.02s  try 0x400805e4
  69.05s  try 0x400805e4
  69.09s  try 0x400805e4
  69.12s  try 0x400805e4
  69.15s  try 0x400805e4
  69.18s  try 0x400805e4
  69.21s  try 0x400805e4
  69.24s  try 0x400805e4
  69.27s  try 0x400805e4
  69.30s  try 0x400805e4
  69.33s  try 0x400805e4
  69.36s  try 0x400805e4
  69.39s  try 0x400805e4
  69.42s  try 0x400805e4
  69.45s  try 0x400805e4
  69.48s  try 0x400805e4
  69.51s  try 0x400805e4
  69.54s  try 0x400805e4
  69.57s  try 0x400805e4
  69.60s  try 0x400805e4
  69.63s  try 0x400805e4
  69.66s  try 0x400805e4
  69.69s  try 0x400805e4
  69.72s  try 0x400805e4
  69.75s  try 0x400805e4
  69.78s  try 0x400805e4
  69.81s  try 0x400805e4
  69.84s  try 0x400805e4
  69.87s  try 0x400805e4
  69.90s  try 0x400805e4
  69.93s  try 0x400805e4
  69.96s  try 0x400805e4
  69.99s  try 0x400805e4
  70.02s  try 0x400805e4
  70.05s  try 0x400805e4
  70.08s  try 0x400805e4
  70.12s  try 0x400805e4
  70.15s  try 0x400805e4
  70.18s  try 0x400805e4
  70.21s  try 0x400805e4
  70.24s  try 0x400805e4
  70.27s  try 0x400805e4
  70.30s  try 0x400805e4
  70.33s  try 0x400805e4
  70.36s  try 0x400805e4
  70.39s  try 0x400805e4
  70.42s  try 0x400805e4
  70.45s  try 0x400805e4
  70.48s  try 0x400805e4
  70.51s  try 0x400805e4
  70.54s  try 0x400805e4
  70.57s  try 0x400805e4
  70.60s  try 0x400805e4
  70.63s  try 0x400805e4
  70.66s  try 0x400805e4
  70.69s  try 0x400805e4
  70.72s  try 0x400805e4
  70.75s  try 0x400805e4
  70.78s  try 0x400805e4
  70.81s  try 0x400805e4
  70.84s  try 0x400805e4
  70.87s  try 0x400805e4
  70.90s  try 0x400805e4
  70.93s  try 0x400805e4
  70.96s  try 0x400805e4
  70.99s  try 0x400805e4
  71.02s  try 0x400805e4
  71.05s  try 0x400805e4
  71.08s  try 0x400805e4
  71.11s  try 0x400805e4
  71.15s  try 0x400805e4
  71.18s  try 0x400805e4
  71.21s  try 0x400805e4
  71.24s  try 0x400805e4
  71.27s  try 0x400805e4
  71.30s  try 0x400805e4
  71.33s  try 0x400805e4
  71.36s  try 0x400805e4
  71.39s  try 0x400805e4
  71.42s  try 0x400805e4
  71.45s  try 0x400805e4
  71.48s  try 0x400805e4
  71.51s  try 0x400805e4
  71.54s  try 0x400805e4
  71.57s  try 0x400805e4
  71.60s  try 0x400805e4
  71.63s  try 0x400805e4
  71.66s  try 0x400805e4
  71.69s  try 0x400805e4
