   0.32s  īŋŊīŋŊxīŋŊīŋŊīŋŊīŋŊīŋŊīŋŊxīŋŊīŋŊxīŋŊxīŋŊīŋŊxīŋŊxīŋŊīŋŊxīŋŊīŋŊīŋŊīŋŊīŋŊīŋŊxīŋŊīŋŊxīŋŊxīŋŊīŋŊxīŋŊxīŋŊīŋŊxīŋŊīŋŊīŋŊīŋŊīŋŊīŋŊxīŋŊīŋŊxīŋŊxīŋŊīŋŊxīŋŊxīŋŊīŋŊxīŋŊīŋŊīŋŊīŋŊīŋŊīŋŊxīŋŊīŋŊxīŋŊxīŋŊīŋŊxīŋŊxīŋŊīŋŊxīŋŊīŋŊīŋŊīŋŊīŋŊīŋŊxīŋŊīŋŊxīŋŊxīŋŊīŋŊxīŋŊxīŋŊīŋŊxīŋŊīŋŊīŋŊīŋŊīŋŊīŋŊxīŋŊīŋŊxīŋŊxīŋŊīŋŊxīŋŊxīŋŊīŋŊxīŋŊīŋŊīŋŊīŋŊīŋŊīŋŊxīŋŊīŋŊxīŋŊxīŋŊīŋŊxīŋŊxīŋŊīŋŊxīŋŊīŋŊīŋŊīŋŊīŋŊīŋŊxīŋŊīŋŊxīŋŊxīŋŊīŋŊxīŋŊxīŋŊīŋŊxīŋŊīŋŊīŋŊīŋŊīŋŊīŋŊxīŋŊīŋŊxīŋŊxīŋŊīŋŊxīŋŊxīŋŊīŋŊxīŋŊīŋŊīŋŊīŋŊīŋŊīŋŊxīŋŊīŋŊxīŋŊxīŋŊīŋŊxīŋŊxīŋŊīŋŊxīŋŊīŋŊīŋŊīŋŊīŋŊīŋŊxīŋŊīŋŊxīŋŊxīŋŊīŋŊxīŋŊxīŋŊīŋŊxīŋŊīŋŊīŋŊīŋŊīŋŊīŋŊxīŋŊīŋŊxīŋŊxīŋŊīŋŊxīŋŊxīŋŊīŋŊxīŋŊīŋŊīŋŊīŋŊīŋŊīŋŊxīŋŊīŋŊxīŋŊxīŋŊīŋŊxīŋŊxīŋŊīŋŊxīŋŊīŋŊīŋŊīŋŊīŋŊīŋŊxīŋŊīŋŊxīŋŊxīŋŊīŋŊxīŋŊxīŋŊīŋŊxīŋŊīŋŊīŋŊīŋŊīŋŊīŋŊxīŋŊīŋŊxīŋŊxīŋŊīŋŊxīŋŊxīŋŊīŋŊxīŋŊīŋŊīŋŊīŋŊīŋŊīŋŊxīŋŊīŋŊxīŋŊxīŋŊīŋŊxīŋŊxīŋŊīŋŊxīŋŊīŋŊīŋŊīŋŊīŋŊīŋŊxīŋŊīŋŊxīŋŊxīŋŊīŋŊxīŋŊxīŋŊīŋŊxīŋŊīŋŊīŋŊīŋŊīŋŊīŋŊxīŋŊīŋŊxīŋŊxīŋŊīŋŊxīŋŊxīŋŊīŋŊxīŋŊīŋŊīŋŊīŋŊīŋŊīŋŊxīŋŊīŋŊxīŋŊxīŋŊīŋŊxīŋŊxīŋŊīŋŊxīŋŊīŋŊīŋŊīŋŊīŋŊīŋŊxīŋŊīŋŊxīŋŊxīŋŊīŋŊxīŋŊxīŋŊīŋŊxīŋŊīŋŊīŋŊīŋŊīŋŊīŋŊxīŋŊīŋŊxīŋŊxīŋŊīŋŊxīŋŊxīŋŊīŋŊxīŋŊīŋŊīŋŊīŋŊīŋŊīŋŊxīŋŊīŋŊxīŋŊxīŋŊīŋŊxīŋŊxīŋŊīŋŊxīŋŊīŋŊīŋŊīŋŊīŋŊīŋŊxīŋŊīŋŊxīŋŊxīŋŊīŋŊxīŋŊxīŋŊīŋŊxīŋŊīŋŊīŋŊīŋŊīŋŊīŋŊxīŋŊīŋŊxīŋŊxīŋŊīŋŊxīŋŊxīŋŊīŋŊxīŋŊīŋŊīŋŊīŋŊīŋŊīŋŊxīŋŊīŋŊxīŋŊxīŋŊīŋŊxīŋŊxīŋŊīŋŊxīŋŊīŋŊīŋŊīŋŊīŋŊīŋŊxīŋŊīŋŊxīŋŊxīŋŊīŋŊxīŋŊxīŋŊīŋŊxīŋŊīŋŊīŋŊīŋŊīŋŊīŋŊxīŋŊīŋŊxīŋŊxīŋŊīŋŊxīŋŊxīŋŊīŋŊxīŋŊīŋŊīŋŊīŋŊīŋŊīŋŊxīŋŊīŋŊxīŋŊxīŋŊīŋŊxīŋŊxīŋŊīŋŊxīŋŊīŋŊīŋŊīŋŊīŋŊīŋŊxīŋŊīŋŊxīŋŊxīŋŊīŋŊxīŋŊxīŋŊīŋŊxīŋŊīŋŊīŋŊīŋŊīŋŊīŋŊxīŋŊīŋŊxīŋŊxīŋŊīŋŊxīŋŊxīŋŊīŋŊxīŋŊīŋŊīŋŊīŋŊīŋŊīŋŊxīŋŊīŋŊxīŋŊxīŋŊīŋŊxīŋŊxīŋŊīŋŊxīŋŊīŋŊīŋŊīŋŊīŋŊīŋŊxīŋŊīŋŊxīŋŊxīŋŊīŋŊxīŋŊxīŋŊīŋŊxīŋŊīŋŊīŋŊīŋŊīŋŊīŋŊxīŋŊīŋŊxīŋŊxīŋŊīŋŊxīŋŊxīŋŊīŋŊxīŋŊīŋŊīŋŊīŋŊīŋŊīŋŊxīŋŊīŋŊxīŋŊxīŋŊīŋŊxīŋŊxīŋŊīŋŊxīŋŊīŋŊīŋŊīŋŊīŋŊīŋŊxīŋŊīŋŊxīŋŊxīŋŊīŋŊxīŋŊxīŋŊīŋŊxīŋŊīŋŊīŋŊīŋŊīŋŊīŋŊxīŋŊīŋŊxīŋŊxīŋŊīŋŊxīŋŊxīŋŊīŋŊxīŋŊīŋŊīŋŊīŋŊīŋŊīŋŊxīŋŊīŋŊxīŋŊxīŋŊīŋŊxīŋŊxīŋŊīŋŊxīŋŊīŋŊīŋŊīŋŊīŋŊīŋŊxīŋŊīŋŊxīŋŊxīŋŊīŋŊxīŋŊxīŋŊīŋŊxīŋŊīŋŊīŋŊīŋŊīŋŊīŋŊxīŋŊīŋŊxīŋŊxīŋŊīŋŊxīŋŊxīŋŊīŋŊxīŋŊīŋŊīŋŊīŋŊīŋŊīŋŊxīŋŊīŋŊxīŋŊxīŋŊīŋŊxīŋŊxīŋŊīŋŊxīŋŊīŋŊīŋŊīŋŊīŋŊīŋŊxīŋŊīŋŊxīŋŊxīŋŊīŋŊxīŋŊxīŋŊīŋŊxīŋŊīŋŊīŋŊīŋŊīŋŊīŋŊxīŋŊīŋŊxīŋŊxīŋŊīŋŊxīŋŊxīŋŊīŋŊxīŋŊīŋŊīŋŊīŋŊīŋŊīŋŊxīŋŊīŋŊxīŋŊxīŋŊīŋŊxīŋŊxīŋŊīŋŊxīŋŊīŋŊīŋŊīŋŊīŋŊīŋŊxīŋŊīŋŊxīŋŊxīŋŊīŋŊxīŋŊxīŋŊīŋŊxīŋŊīŋŊīŋŊīŋŊīŋŊīŋŊxīŋŊīŋŊxīŋŊxīŋŊīŋŊxīŋŊxīŋŊīŋŊxīŋŊīŋŊīŋŊīŋŊīŋŊīŋŊxīŋŊīŋŊxīŋŊxīŋŊīŋŊxīŋŊxīŋŊīŋŊxīŋŊīŋŊīŋŊīŋŊīŋŊīŋŊxīŋŊīŋŊxīŋŊxīŋŊīŋŊxīŋŊxīŋŊīŋŊxīŋŊīŋŊīŋŊīŋŊīŋŊīŋŊxīŋŊīŋŊxīŋŊxīŋŊīŋŊxīŋŊxīŋŊīŋŊxīŋŊīŋŊīŋŊīŋŊīŋŊīŋŊxīŋŊīŋŊxīŋŊxīŋŊīŋŊxīŋŊxīŋŊīŋŊxīŋŊīŋŊīŋŊīŋŊīŋŊīŋŊxīŋŊīŋŊxīŋŊxīŋŊīŋŊxīŋŊxīŋŊīŋŊxīŋŊīŋŊīŋŊīŋŊīŋŊīŋŊxīŋŊīŋŊxīŋŊxīŋŊīŋŊxīŋŊxīŋŊīŋŊxīŋŊīŋŊīŋŊīŋŊīŋŊīŋŊxīŋŊīŋŊxīŋŊxīŋŊīŋŊxīŋŊxīŋŊīŋŊxīŋŊīŋŊīŋŊīŋŊīŋŊīŋŊxīŋŊīŋŊxīŋŊxīŋŊīŋŊxīŋŊxīŋŊīŋŊxīŋŊīŋŊīŋŊīŋŊīŋŊīŋŊxīŋŊīŋŊxīŋŊxīŋŊīŋŊxīŋŊxīŋŊīŋŊxīŋŊīŋŊīŋŊīŋŊīŋŊīŋŊxīŋŊīŋŊxīŋŊxīŋŊīŋŊxīŋŊxīŋŊīŋŊxīŋŊīŋŊīŋŊīŋŊīŋŊīŋŊxīŋŊīŋŊxīŋŊxīŋŊīŋŊxīŋŊxīŋŊīŋŊxīŋŊīŋŊīŋŊīŋŊīŋŊīŋŊxīŋŊīŋŊxīŋŊxīŋŊīŋŊxīŋŊxīŋŊīŋŊxīŋŊīŋŊīŋŊīŋŊīŋŊīŋŊxīŋŊīŋŊxīŋŊxīŋŊīŋŊxīŋŊxīŋŊīŋŊxīŋŊīŋŊīŋŊīŋŊīŋŊīŋŊxīŋŊīŋŊxīŋŊxīŋŊīŋŊxīŋŊxīŋŊīŋŊxīŋŊīŋŊīŋŊīŋŊīŋŊīŋŊxīŋŊīŋŊxīŋŊxīŋŊīŋŊxīŋŊxīŋŊīŋŊxīŋŊīŋŊīŋŊīŋŊīŋŊīŋŊxīŋŊīŋŊxīŋŊxīŋŊīŋŊxīŋŊxīŋŊīŋŊxīŋŊīŋŊīŋŊīŋŊīŋŊīŋŊxīŋŊīŋŊxīŋŊxīŋŊīŋŊxīŋŊxīŋŊīŋŊxīŋŊīŋŊīŋŊīŋŊīŋŊīŋŊxīŋŊīŋŊxīŋŊxīŋŊīŋŊxīŋŊxīŋŊīŋŊxīŋŊīŋŊīŋŊīŋŊīŋŊīŋŊxīŋŊīŋŊxīŋŊxīŋŊīŋŊxīŋŊxīŋŊīŋŊxīŋŊīŋŊīŋŊīŋŊīŋŊīŋŊxīŋŊīŋŊxīŋŊxīŋŊīŋŊxīŋŊxīŋŊīŋŊxīŋŊīŋŊīŋŊīŋŊīŋŊīŋŊxīŋŊīŋŊxīŋŊxīŋŊīŋŊxīŋŊxīŋŊīŋŊxīŋŊīŋŊīŋŊīŋŊīŋŊīŋŊxīŋŊīŋŊxīŋŊxīŋŊīŋŊxīŋŊxīŋŊīŋŊxīŋŊīŋŊīŋŊīŋŊīŋŊīŋŊxīŋŊīŋŊxīŋŊxīŋŊīŋŊxīŋŊxīŋŊīŋŊxīŋŊīŋŊīŋŊīŋŊīŋŊīŋŊxīŋŊīŋŊxīŋŊxīŋŊīŋŊxīŋŊxīŋŊīŋŊxīŋŊīŋŊīŋŊīŋŊīŋŊīŋŊxīŋŊīŋŊxīŋŊxīŋŊīŋŊxīŋŊxīŋŊīŋŊxīŋŊīŋŊīŋŊīŋŊīŋŊīŋŊxīŋŊīŋŊxīŋŊxīŋŊīŋŊxīŋŊxīŋŊīŋŊxīŋŊīŋŊīŋŊīŋŊīŋŊīŋŊxīŋŊīŋŊxīŋŊxīŋŊīŋŊxīŋŊxīŋŊīŋŊxīŋŊīŋŊīŋŊīŋŊīŋŊīŋŊxīŋŊīŋŊxīŋŊxīŋŊīŋŊxīŋŊxīŋŊīŋŊxīŋŊīŋŊīŋŊīŋŊīŋŊīŋŊxīŋŊīŋŊxīŋŊxīŋŊīŋŊxīŋŊxīŋŊīŋŊxīŋŊīŋŊīŋŊīŋŊīŋŊīŋŊxīŋŊīŋŊxīŋŊxīŋŊīŋŊxīŋŊxīŋŊīŋŊxīŋŊīŋŊīŋŊīŋŊīŋŊīŋŊxīŋŊīŋŊxīŋŊxīŋŊīŋŊxīŋŊxīŋŊīŋŊxīŋŊīŋŊīŋŊīŋŊīŋŊīŋŊxīŋŊīŋŊxīŋŊxīŋŊīŋŊxīŋŊxīŋŊīŋŊxīŋŊīŋŊīŋŊīŋŊīŋŊīŋŊxīŋŊīŋŊxīŋŊxīŋŊīŋŊxīŋŊxīŋŊīŋŊxīŋŊīŋŊīŋŊīŋŊīŋŊīŋŊxīŋŊīŋŊxīŋŊxīŋŊīŋŊxīŋŊxīŋŊīŋŊxīŋŊīŋŊīŋŊīŋŊīŋŊīŋŊxīŋŊīŋŊxīŋŊxīŋŊīŋŊxīŋŊxīŋŊīŋŊxīŋŊīŋŊīŋŊīŋŊīŋŊīŋŊxīŋŊīŋŊxīŋŊxīŋŊīŋŊxīŋŊxīŋŊīŋŊxīŋŊīŋŊīŋŊīŋŊīŋŊīŋŊxīŋŊīŋŊxīŋŊxīŋŊīŋŊxīŋŊxīŋŊīŋŊxīŋŊīŋŊīŋŊīŋŊīŋŊīŋŊxīŋŊīŋŊxīŋŊxīŋŊīŋŊxīŋŊxīŋŊīŋŊxīŋŊīŋŊīŋŊīŋŊīŋŊīŋŊxīŋŊīŋŊxīŋŊxīŋŊīŋŊxīŋŊxīŋŊīŋŊxīŋŊīŋŊīŋŊīŋŊīŋŊīŋŊxīŋŊīŋŊxīŋŊxīŋŊīŋŊxīŋŊxīŋŊīŋŊxīŋŊīŋŊīŋŊīŋŊīŋŊīŋŊxīŋŊīŋŊxīŋŊxīŋŊīŋŊxīŋŊxīŋŊīŋŊxīŋŊīŋŊīŋŊīŋŊīŋŊīŋŊxīŋŊīŋŊxīŋŊxīŋŊīŋŊxīŋŊxīŋŊīŋŊxīŋŊīŋŊīŋŊīŋŊīŋŊīŋŊxīŋŊīŋŊxīŋŊxīŋŊīŋŊxīŋŊxīŋŊīŋŊxīŋŊīŋŊīŋŊīŋŊīŋŊīŋŊxīŋŊīŋŊxīŋŊxīŋŊīŋŊxīŋŊxīŋŊīŋŊxīŋŊīŋŊīŋŊīŋŊīŋŊīŋŊxīŋŊīŋŊxīŋŊxīŋŊīŋŊxīŋŊxīŋŊīŋŊxīŋŊīŋŊīŋŊīŋŊīŋŊīŋŊxīŋŊīŋŊxīŋŊxīŋŊīŋŊxīŋŊxīŋŊīŋŊxīŋŊīŋŊīŋŊīŋŊīŋŊīŋŊxīŋŊīŋŊxīŋŊxīŋŊīŋŊxīŋŊxīŋŊīŋŊxīŋŊīŋŊīŋŊīŋŊīŋŊīŋŊxīŋŊīŋŊxīŋŊxīŋŊīŋŊxīŋŊxīŋŊīŋŊxīŋŊīŋŊīŋŊīŋŊīŋŊīŋŊxīŋŊīŋŊxīŋŊxīŋŊīŋŊxīŋŊxīŋŊīŋŊxīŋŊīŋŊīŋŊīŋŊīŋŊīŋŊxīŋŊīŋŊxīŋŊxīŋŊīŋŊxīŋŊxīŋŊīŋŊxīŋŊīŋŊīŋŊīŋŊīŋŊīŋŊxīŋŊīŋŊxīŋŊxīŋŊīŋŊxīŋŊxīŋŊīŋŊxīŋŊīŋŊīŋŊīŋŊīŋŊīŋŊxīŋŊīŋŊxīŋŊxīŋŊīŋŊxīŋŊxīŋŊīŋŊxīŋŊīŋŊīŋŊīŋŊīŋŊīŋŊxīŋŊīŋŊxīŋŊxīŋŊīŋŊxīŋŊxīŋŊīŋŊxīŋŊīŋŊīŋŊīŋŊīŋŊīŋŊxīŋŊīŋŊxīŋŊxīŋŊīŋŊxīŋŊxīŋŊīŋŊxīŋŊīŋŊīŋŊīŋŊīŋŊīŋŊxīŋŊīŋŊxīŋŊxīŋŊīŋŊxīŋŊxīŋŊīŋŊxīŋŊīŋŊīŋŊīŋŊīŋŊīŋŊxīŋŊīŋŊxīŋŊxīŋŊīŋŊxīŋŊxīŋŊīŋŊxīŋŊīŋŊīŋŊīŋŊīŋŊīŋŊxīŋŊīŋŊxīŋŊxīŋŊīŋŊxīŋŊxīŋŊīŋŊxīŋŊīŋŊīŋŊīŋŊīŋŊīŋŊxīŋŊīŋŊxīŋŊxīŋŊīŋŊxīŋŊxīŋŊīŋŊxīŋŊīŋŊīŋŊīŋŊīŋŊīŋŊxīŋŊīŋŊxīŋŊxīŋŊīŋŊxīŋŊxīŋŊīŋŊxīŋŊīŋŊīŋŊīŋŊīŋŊīŋŊxīŋŊīŋŊxīŋŊxīŋŊīŋŊxīŋŊxīŋŊīŋŊxīŋŊīŋŊīŋŊīŋŊīŋŊīŋŊxīŋŊīŋŊxīŋŊxīŋŊīŋŊxīŋŊxīŋŊīŋŊxīŋŊīŋŊīŋŊīŋŊīŋŊīŋŊxīŋŊīŋŊxīŋŊxīŋŊīŋŊxīŋŊxīŋŊīŋŊxīŋŊīŋŊīŋŊīŋŊīŋŊīŋŊxīŋŊīŋŊxīŋŊxīŋŊīŋŊxīŋŊxīŋŊīŋŊxīŋŊīŋŊīŋŊīŋŊīŋŊīŋŊxīŋŊīŋŊxīŋŊxīŋŊīŋŊxīŋŊxīŋŊīŋŊxīŋŊīŋŊīŋŊīŋŊīŋŊīŋŊxīŋŊīŋŊxīŋŊxīŋŊīŋŊxīŋŊxīŋŊīŋŊxīŋŊīŋŊīŋŊīŋŊīŋŊīŋŊxīŋŊīŋŊxīŋŊxīŋŊīŋŊxīŋŊxīŋŊīŋŊxīŋŊīŋŊīŋŊīŋŊīŋŊīŋŊxīŋŊīŋŊxīŋŊxīŋŊīŋŊxīŋŊxīŋŊīŋŊxīŋŊīŋŊīŋŊīŋŊīŋŊīŋŊxīŋŊīŋŊxīŋŊxīŋŊīŋŊxīŋŊxīŋŊīŋŊxīŋŊīŋŊīŋŊīŋŊīŋŊīŋŊxīŋŊīŋŊxīŋŊxīŋŊīŋŊxīŋŊxīŋŊīŋŊxīŋŊīŋŊīŋŊīŋŊīŋŊīŋŊxīŋŊīŋŊxīŋŊxīŋŊīŋŊxīŋŊxīŋŊīŋŊxīŋŊīŋŊīŋŊīŋŊīŋŊīŋŊxīŋŊīŋŊxīŋŊxīŋŊīŋŊxīŋŊxīŋŊīŋŊxīŋŊīŋŊīŋŊīŋŊīŋŊīŋŊxīŋŊīŋŊxīŋŊxīŋŊīŋŊxīŋŊxīŋŊīŋŊxīŋŊīŋŊīŋŊīŋŊīŋŊīŋŊxīŋŊīŋŊxīŋŊxīŋŊīŋŊxīŋŊxīŋŊīŋŊxīŋŊīŋŊīŋŊīŋŊīŋŊīŋŊxīŋŊīŋŊxīŋŊxīŋŊīŋŊxīŋŊxīŋŊīŋŊxīŋŊīŋŊīŋŊīŋŊīŋŊīŋŊxīŋŊīŋŊxīŋŊxīŋŊīŋŊxīŋŊxīŋŊīŋŊxīŋŊīŋŊīŋŊīŋŊīŋŊīŋŊxīŋŊīŋŊxīŋŊxīŋŊīŋŊxīŋŊxīŋŊīŋŊxīŋŊīŋŊīŋŊīŋŊīŋŊīŋŊxīŋŊīŋŊxīŋŊxīŋŊīŋŊxīŋŊxīŋŊīŋŊxīŋŊīŋŊīŋŊīŋŊīŋŊīŋŊxīŋŊīŋŊxīŋŊxīŋŊīŋŊxīŋŊxīŋŊīŋŊxīŋŊīŋŊīŋŊīŋŊīŋŊīŋŊxīŋŊīŋŊxīŋŊxīŋŊīŋŊxīŋŊxīŋŊīŋŊxīŋŊīŋŊīŋŊīŋŊīŋŊīŋŊxīŋŊīŋŊxīŋŊxīŋŊīŋŊxīŋŊxīŋŊīŋŊxīŋŊīŋŊīŋŊīŋŊīŋŊīŋŊxīŋŊīŋŊxīŋŊxīŋŊīŋŊxīŋŊxīŋŊīŋŊxīŋŊīŋŊīŋŊīŋŊīŋŊīŋŊxīŋŊīŋŊxīŋŊxīŋŊīŋŊxīŋŊxīŋŊīŋŊxīŋŊīŋŊīŋŊīŋŊīŋŊīŋŊxīŋŊīŋŊxīŋŊxīŋŊīŋŊxīŋŊxīŋŊīŋŊxīŋŊīŋŊīŋŊīŋŊīŋŊīŋŊxīŋŊīŋŊxīŋŊxīŋŊīŋŊxīŋŊxīŋŊīŋŊxīŋŊīŋŊīŋŊīŋŊīŋŊīŋŊxīŋŊīŋŊxīŋŊxīŋŊīŋŊxīŋŊxīŋŊīŋŊxīŋŊīŋŊīŋŊīŋŊīŋŊīŋŊxīŋŊīŋŊxīŋŊxīŋŊīŋŊxīŋŊxīŋŊīŋŊxīŋŊīŋŊīŋŊīŋŊīŋŊīŋŊxīŋŊīŋŊxīŋŊxīŋŊīŋŊxīŋŊxīŋŊīŋŊxīŋŊīŋŊīŋŊīŋŊīŋŊīŋŊxīŋŊīŋŊxīŋŊxīŋŊīŋŊxīŋŊxīŋŊīŋŊxīŋŊīŋŊīŋŊīŋŊīŋŊīŋŊxīŋŊīŋŊxīŋŊxīŋŊīŋŊxīŋŊxīŋŊīŋŊxīŋŊīŋŊīŋŊīŋŊīŋŊīŋŊxīŋŊīŋŊxīŋŊxīŋŊīŋŊxīŋŊxīŋŊīŋŊxīŋŊīŋŊīŋŊīŋŊīŋŊīŋŊxīŋŊīŋŊxīŋŊxīŋŊīŋŊxīŋŊxīŋŊīŋŊxīŋŊīŋŊīŋŊīŋŊīŋŊīŋŊxīŋŊīŋŊxīŋŊxīŋŊīŋŊxīŋŊxīŋŊīŋŊxīŋŊīŋŊīŋŊīŋŊīŋŊīŋŊxīŋŊīŋŊxīŋŊxīŋŊīŋŊxīŋŊxīŋŊīŋŊxīŋŊīŋŊīŋŊīŋŊīŋŊīŋŊxīŋŊīŋŊxīŋŊxīŋŊīŋŊxīŋŊxīŋŊīŋŊxīŋŊīŋŊīŋŊīŋŊīŋŊīŋŊxīŋŊīŋŊxīŋŊxīŋŊīŋŊxīŋŊxīŋŊīŋŊxīŋŊīŋŊīŋŊīŋŊīŋŊīŋŊxīŋŊīŋŊxīŋŊxīŋŊīŋŊxīŋŊxīŋŊīŋŊxīŋŊīŋŊīŋŊīŋŊīŋŊīŋŊxīŋŊīŋŊxīŋŊxīŋŊīŋŊxīŋŊxīŋŊīŋŊxīŋŊīŋŊīŋŊīŋŊīŋŊīŋŊxīŋŊīŋŊxīŋŊxīŋŊīŋŊxīŋŊxīŋŊīŋŊxīŋŊīŋŊīŋŊīŋŊīŋŊīŋŊxīŋŊīŋŊxīŋŊxīŋŊīŋŊxīŋŊxīŋŊīŋŊxīŋŊīŋŊīŋŊīŋŊīŋŊīŋŊxīŋŊīŋŊxīŋŊxīŋŊīŋŊxīŋŊxīŋŊīŋŊxīŋŊīŋŊīŋŊīŋŊīŋŊīŋŊxīŋŊīŋŊxīŋŊxīŋŊīŋŊxīŋŊxīŋŊīŋŊxīŋŊīŋŊīŋŊīŋŊīŋŊīŋŊxīŋŊīŋŊxīŋŊxīŋŊīŋŊxīŋŊxīŋŊīŋŊxīŋŊīŋŊīŋŊīŋŊīŋŊīŋŊxīŋŊīŋŊxīŋŊxīŋŊīŋŊxīŋŊxīŋŊīŋŊxīŋŊīŋŊīŋŊīŋŊīŋŊīŋŊxīŋŊīŋŊxīŋŊxīŋŊīŋŊxīŋŊx32
   0.36s  load:0x40080400,len:3028
   0.39s  entry 0x400805e4
   0.42s  try 0x400805e4
   0.45s  try 0x400805e4
   0.48s  try 0x400805e4
   0.51s  try 0x400805e4
   0.54s  try 0x400805e4
   0.57s  try 0x400805e4
   0.60s  try 0x400805e4
   0.63s  try 0x400805e4
   0.66s  try 0x400805e4
   0.69s  try 0x400805e4
   0.72s  try 0x400805e4
   0.75s  try 0x400805e4
   0.78s  try 0x400805e4
   0.81s  try 0x400805e4
   0.84s  try 0x400805e4
   0.87s  try 0x400805e4
   0.90s  try 0x400805e4
   0.93s  try 0x400805e4
   0.96s  try 0x400805e4
   0.99s  try 0x400805e4
   1.02s  try 0x400805e4
   1.06s  try 0x400805e4
   1.09s  try 0x400805e4
   1.12s  try 0x400805e4
   1.15s  try 0x400805e4
   1.18s  try 0x400805e4
   1.21s  try 0x400805e4
   1.24s  try 0x400805e4
   1.27s  try 0x400805e4
   1.30s  try 0x400805e4
   1.33s  try 0x400805e4
   1.36s  try 0x400805e4
   1.39s  try 0x400805e4
   1.42s  try 0x400805e4
   1.45s  try 0x400805e4
   1.48s  try 0x400805e4
   1.51s  try 0x400805e4
   1.54s  try 0x400805e4
   1.57s  try 0x400805e4
   1.60s  try 0x400805e4
   1.63s  try 0x400805e4
   1.66s  try 0x400805e4
   1.69s  try 0x400805e4
   1.72s  try 0x400805e4
   1.75s  try 0x400805e4
   1.78s  try 0x400805e4
   1.82s  try 0x400805e4
   1.85s  try 0x400805e4
   1.88s  try 0x400805e4
   1.91s  try 0x400805e4
   1.94s  try 0x400805e4
   1.97s  try 0x400805e4
   2.00s  try 0x400805e4
   2.03s  try 0x400805e4
   2.06s  try 0x400805e4
   2.09s  try 0x400805e4
   2.12s  try 0x400805e4
   2.15s  try 0x400805e4
   2.18s  try 0x400805e4
   2.21s  try 0x400805e4
   2.24s  try 0x400805e4
   2.27s  try 0x400805e4
   2.30s  try 0x400805e4
   2.33s  try 0x400805e4
   2.36s  try 0x400805e4
   2.39s  try 0x400805e4
   2.42s  try 0x400805e4
   2.45s  try 0x400805e4
   2.48s  try 0x400805e4
   2.51s  try 0x400805e4
   2.55s  try 0x400805e4
   2.58s  try 0x400805e4
   2.61s  try 0x400805e4
   2.64s  try 0x400805e4
   2.67s  try 0x400805e4
   2.70s  try 0x400805e4
   2.73s  try 0x400805e4
   2.76s  try 0x400805e4
   2.79s  try 0x400805e4
   2.82s  try 0x400805e4
   2.85s  try 0x400805e4
   2.88s  try 0x400805e4
   2.91s  try 0x400805e4
   2.94s  try 0x400805e4
   2.97s  try 0x400805e4
   3.00s  try 0x400805e4
   3.03s  try 0x400805e4
   3.06s  try 0x400805e4
   3.09s  try 0x400805e4
   3.12s  try 0x400805e4
   3.15s  try 0x400805e4
   3.18s  try 0x400805e4
   3.22s  try 0x400805e4
   3.25s  try 0x400805e4
   3.28s  try 0x400805e4
   3.31s  try 0x400805e4
   3.34s  try 0x400805e4
   3.37s  try 0x400805e4
   3.40s  try 0x400805e4
   3.43s  try 0x400805e4
   3.46s  try 0x400805e4
   3.49s  try 0x400805e4
   3.52s  try 0x400805e4
   3.55s  try 0x400805e4
   3.58s  try 0x400805e4
   3.61s  try 0x400805e4
   3.64s  try 0x400805e4
   3.67s  try 0x400805e4
   3.70s  try 0x400805e4
   3.74s  try 0x400805e4
   3.77s  try 0x400805e4
   3.80s  try 0x400805e4
   3.83s  try 0x400805e4
   3.86s  try 0x400805e4
   3.89s  try 0x400805e4
   3.92s  try 0x400805e4
   3.95s  try 0x400805e4
   3.98s  try 0x400805e4
   4.01s  try 0x400805e4
   4.04s  try 0x400805e4
   4.07s  try 0x400805e4
   4.10s  try 0x400805e4
   4.13s  try 0x400805e4
   4.16s  try 0x400805e4
   4.19s  try 0x400805e4
   4.22s  try 0x400805e4
   4.25s  try 0x400805e4
   4.28s  try 0x400805e4
   4.32s  try 0x400805e4
   4.35s  try 0x400805e4
   4.38s  try 0x400805e4
   4.41s  try 0x400805e4
   4.44s  try 0x400805e4
   4.47s  try 0x400805e4
   4.50s  try 0x400805e4
   4.53s  try 0x400805e4
   4.56s  try 0x400805e4
   4.59s  try 0x400805e4
   4.62s  try 0x400805e4
   4.65s  try 0x400805e4
   4.68s  try 0x400805e4
   4.71s  try 0x400805e4
   4.74s  try 0x400805e4
   4.77s  try 0x400805e4
   4.80s  try 0x400805e4
   4.83s  try 0x400805e4
   4.86s  try 0x400805e4
   4.89s  try 0x400805e4
   4.92s  try 0x400805e4
   4.95s  try 0x400805e4
   4.98s  try 0x400805e4
   5.01s  try 0x400805e4
   5.04s  try 0x400805e4
   5.07s  try 0x400805e4
   5.10s  try 0x400805e4
   5.13s  try 0x400805e4
   5.17s  try 0x400805e4
   5.20s  try 0x400805e4
   5.23s  try 0x400805e4
   5.26s  try 0x400805e4
   5.29s  try 0x400805e4
   5.32s  try 0x400805e4
   5.35s  try 0x400805e4
   5.38s  try 0x400805e4
   5.41s  try 0x400805e4
   5.44s  try 0x400805e4
   5.47s  try 0x400805e4
   5.50s  try 0x400805e4
   5.53s  try 0x400805e4
   5.56s  try 0x400805e4
   5.59s  try 0x400805e4
   5.62s  try 0x400805e4
   5.65s  try 0x400805e4
   5.68s  try 0x400805e4
   5.71s  try 0x400805e4
   5.74s  try 0x400805e4
   5.77s  try 0x400805e4
   5.80s  try 0x400805e4
   5.83s  try 0x400805e4
   5.86s  try 0x400805e4
   5.89s  try 0x400805e4
   5.92s  try 0x400805e4
   5.95s  try 0x400805e4
   5.98s  try 0x400805e4
   6.01s  try 0x400805e4
   6.04s  try 0x400805e4
   6.07s  try 0x400805e4
   6.10s  try 0x400805e4
   6.14s  try 0x400805e4
   6.17s  try 0x400805e4
   6.20s  try 0x400805e4
   6.23s  try 0x400805e4
   6.26s  try 0x400805e4
   6.26s  try 0x400805e4
   6.29s  try 0x400805e4
   6.32s  try 0x400805e4
   6.35s  try 0x400805e4
   6.38s  try 0x400805e4
   6.41s  try 0x400805e4
   6.44s  try 0x400805e4
   6.47s  try 0x400805e4
   6.51s  try 0x400805e4
   6.54s  try 0x400805e4
   6.57s  try 0x400805e4
   6.60s  try 0x400805e4
   6.63s  try 0x400805e4
   6.66s  try 0x400805e4
   6.69s  try 0x400805e4
   6.72s  try 0x400805e4
   6.75s  try 0x400805e4
   6.78s  try 0x400805e4
   6.81s  try 0x400805e4
   6.84s  try 0x400805e4
   6.87s  try 0x400805e4
   6.90s  try 0x400805e4
   6.93s  try 0x400805e4
   6.96s  try 0x400805e4
   6.99s  try 0x400805e4
   7.02s  try 0x400805e4
   7.05s  try 0x400805e4
   7.08s  try 0x400805e4
   7.11s  try 0x400805e4
   7.14s  try 0x400805e4
   7.17s  try 0x400805e4
   7.20s  try 0x400805e4
   7.23s  try 0x400805e4
   7.26s  try 0x400805e4
   7.30s  try 0x400805e4
   7.33s  try 0x400805e4
   7.36s  try 0x400805e4
   7.39s  try 0x400805e4
   7.42s  try 0x400805e4
   7.45s  try 0x400805e4
   7.48s  try 0x400805e4
   7.51s  try 0x400805e4
   7.54s  try 0x400805e4
   7.57s  try 0x400805e4
   7.60s  try 0x400805e4
   7.63s  try 0x400805e4
   7.66s  try 0x400805e4
   7.69s  try 0x400805e4
   7.72s  try 0x400805e4
   7.75s  try 0x400805e4
   7.78s  try 0x400805e4
   7.81s  try 0x400805e4
   7.84s  try 0x400805e4
   7.87s  try 0x400805e4
   7.90s  try 0x400805e4
   7.93s  try 0x400805e4
   7.96s  try 0x400805e4
   7.99s  try 0x400805e4
   8.02s  try 0x400805e4
   8.06s  try 0x400805e4
   8.09s  try 0x400805e4
   8.12s  try 0x400805e4
   8.15s  try 0x400805e4
   8.18s  try 0x400805e4
   8.21s  try 0x400805e4
   8.24s  try 0x400805e4
   8.27s  try 0x400805e4
   8.30s  try 0x400805e4
   8.33s  try 0x400805e4
   8.36s  try 0x400805e4
   8.39s  try 0x400805e4
   8.42s  try 0x400805e4
   8.45s  try 0x400805e4
   8.48s  try 0x400805e4
   8.51s  try 0x400805e4
   8.54s  try 0x400805e4
   8.57s  try 0x400805e4
   8.60s  try 0x400805e4
   8.63s  try 0x400805e4
   8.66s  try 0x400805e4
   8.69s  try 0x400805e4
   8.73s  try 0x400805e4
   8.76s  try 0x400805e4
   8.79s  try 0x400805e4
   8.82s  try 0x400805e4
   8.85s  try 0x400805e4
   8.88s  try 0x400805e4
   8.91s  try 0x400805e4
   8.94s  try 0x400805e4
   8.97s  try 0x400805e4
   9.00s  try 0x400805e4
   9.03s  try 0x400805e4
   9.06s  try 0x400805e4
   9.09s  try 0x400805e4
   9.12s  try 0x400805e4
   9.15s  try 0x400805e4
   9.18s  try 0x400805e4
   9.21s  try 0x400805e4
   9.24s  try 0x400805e4
   9.27s  try 0x400805e4
   9.30s  try 0x400805e4
   9.33s  try 0x400805e4
   9.36s  try 0x400805e4
   9.39s  try 0x400805e4
   9.42s  try 0x400805e4
   9.45s  try 0x400805e4
   9.49s  try 0x400805e4
   9.52s  try 0x400805e4
   9.55s  try 0x400805e4
   9.58s  try 0x400805e4
   9.61s  try 0x400805e4
   9.64s  try 0x400805e4
   9.67s  try 0x400805e4
   9.70s  try 0x400805e4
   9.73s  try 0x400805e4
   9.76s  try 0x400805e4
   9.79s  try 0x400805e4
   9.82s  try 0x400805e4
   9.85s  try 0x400805e4
   9.88s  try 0x400805e4
   9.91s  try 0x400805e4
   9.94s  try 0x400805e4
   9.97s  try 0x400805e4
  10.00s  try 0x400805e4
  10.03s  try 0x400805e4
  10.06s  try 0x400805e4
  10.09s  try 0x400805e4
  10.12s  try 0x400805e4
  10.15s  try 0x400805e4
  10.18s  try 0x400805e4
  10.21s  try 0x400805e4
  10.25s  try 0x400805e4
  10.28s  try 0x400805e4
  10.31s  try 0x400805e4
  10.34s  try 0x400805e4
  10.37s  try 0x400805e4
  10.40s  try 0x400805e4
  10.43s  try 0x400805e4
  10.46s  try 0x400805e4
  10.49s  try 0x400805e4
  10.50s  try 0x400805e4
  10.53s  try 0x400805e4
  10.56s  try 0x400805e4
  10.59s  try 0x400805e4
  10.62s  try 0x400805e4
  10.65s  try 0x400805e4
  10.68s  try 0x400805e4
  10.71s  try 0x400805e4
  10.74s  try 0x400805e4
  10.77s  try 0x400805e4
  10.80s  try 0x400805e4
  10.83s  try 0x400805e4
  10.86s  try 0x400805e4
  10.90s  try 0x400805e4
  10.93s  try 0x400805e4
  10.96s  try 0x400805e4
  10.99s  try 0x400805e4
  11.02s  try 0x400805e4
  11.05s  try 0x400805e4
  11.08s  try 0x400805e4
  11.11s  try 0x400805e4
  11.14s  try 0x400805e4
  11.17s  try 0x400805e4
  11.20s  try 0x400805e4
  11.23s  try 0x400805e4
  11.26s  try 0x400805e4
  11.29s  try 0x400805e4
  11.32s  try 0x400805e4
  11.35s  try 0x400805e4
  11.38s  try 0x400805e4
  11.41s  try 0x400805e4
  11.44s  try 0x400805e4
  11.47s  try 0x400805e4
  11.50s  try 0x400805e4
  11.53s  try 0x400805e4
  11.56s  try 0x400805e4
  11.59s  try 0x400805e4
  11.62s  try 0x400805e4
  11.65s  try 0x400805e4
  11.68s  try 0x400805e4
  11.72s  try 0x400805e4
  11.75s  try 0x400805e4
  11.78s  try 0x400805e4
  11.81s  try 0x400805e4
  11.84s  try 0x400805e4
  11.87s  try 0x400805e4
  11.90s  try 0x400805e4
  11.93s  try 0x400805e4
  11.96s  try 0x400805e4
  11.99s  try 0x400805e4
  12.02s  try 0x400805e4
  12.05s  try 0x400805e4
  12.08s  try 0x400805e4
  12.11s  try 0x400805e4
  12.14s  try 0x400805e4
  12.17s  try 0x400805e4
  12.20s  try 0x400805e4
  12.23s  try 0x400805e4
  12.26s  try 0x400805e4
  12.29s  try 0x400805e4
  12.32s  try 0x400805e4
  12.35s  try 0x400805e4
  12.38s  try 0x400805e4
  12.41s  try 0x400805e4
  12.44s  try 0x400805e4
  12.48s  try 0x400805e4
  12.51s  try 0x400805e4
  12.54s  try 0x400805e4
  12.57s  try 0x400805e4
  12.60s  try 0x400805e4
  12.63s  try 0x400805e4
  12.66s  try 0x400805e4
  12.69s  try 0x400805e4
  12.72s  try 0x400805e4
  12.75s  try 0x400805e4
  12.78s  try 0x400805e4
  12.81s  try 0x400805e4
  12.82s  try 0x400805e4
  12.85s  try 0x400805e4
  12.88s  try 0x400805e4
  12.91s  try 0x400805e4
  12.94s  try 0x400805e4
  12.97s  try 0x400805e4
  13.00s  try 0x400805e4
  13.03s  try 0x400805e4
  13.06s  try 0x400805e4
  13.09s  try 0x400805e4
  13.12s  try 0x400805e4
  13.15s  try 0x400805e4
  13.18s  try 0x400805e4
  13.22s  try 0x400805e4
  13.25s  try 0x400805e4
  13.28s  try 0x400805e4
  13.31s  try 0x400805e4
  13.34s  try 0x400805e4
  13.37s  try 0x400805e4
  13.40s  try 0x400805e4
  13.43s  try 0x400805e4
  13.46s  try 0x400805e4
  13.49s  try 0x400805e4
  13.52s  try 0x400805e4
  13.55s  try 0x400805e4
  13.58s  try 0x400805e4
  13.61s  try 0x400805e4
  13.64s  try 0x400805e4
  13.67s  try 0x400805e4
  13.70s  try 0x400805e4
  13.73s  try 0x400805e4
  13.76s  try 0x400805e4
  13.79s  try 0x400805e4
  13.82s  try 0x400805e4
  13.85s  try 0x400805e4
  13.88s  try 0x400805e4
  13.91s  try 0x400805e4
  13.94s  try 0x400805e4
  13.97s  try 0x400805e4
  14.01s  try 0x400805e4
  14.04s  try 0x400805e4
  14.07s  try 0x400805e4
  14.10s  try 0x400805e4
  14.13s  try 0x400805e4
  14.16s  try 0x400805e4
  14.19s  try 0x400805e4
  14.22s  try 0x400805e4
  14.25s  try 0x400805e4
  14.28s  try 0x400805e4
  14.31s  try 0x400805e4
  14.34s  try 0x400805e4
  14.37s  try 0x400805e4
  14.40s  try 0x400805e4
  14.43s  try 0x400805e4
  14.46s  try 0x400805e4
  14.49s  try 0x400805e4
  14.52s  try 0x400805e4
  14.55s  try 0x400805e4
  14.58s  try 0x400805e4
  14.61s  try 0x400805e4
  14.64s  try 0x400805e4
  14.67s  try 0x400805e4
  14.70s  try 0x400805e4
  14.73s  try 0x400805e4
  14.76s  try 0x400805e4
  14.79s  try 0x400805e4
  14.83s  try 0x400805e4
  14.86s  try 0x400805e4
  14.89s  try 0x400805e4
  14.92s  try 0x400805e4
  14.95s  try 0x400805e4
  14.98s  try 0x400805e4
  15.01s  try 0x400805e4
  15.04s  try 0x400805e4
  15.07s  try 0x400805e4
  15.10s  try 0x400805e4
  15.13s  try 0x400805e4
  15.16s  try 0x400805e4
  15.19s  try 0x400805e4
  15.22s  try 0x400805e4
  15.25s  try 0x400805e4
  15.28s  try 0x400805e4
  15.31s  try 0x400805e4
  15.34s  try 0x400805e4
  15.37s  try 0x400805e4
  15.40s  try 0x400805e4
  15.43s  try 0x400805e4
  15.46s  try 0x400805e4
  15.49s  try 0x400805e4
  15.52s  try 0x400805e4
  15.56s  try 0x400805e4
  15.59s  try 0x400805e4
  15.62s  try 0x400805e4
  15.65s  try 0x400805e4
  15.68s  try 0x400805e4
  15.71s  try 0x400805e4
  15.74s  try 0x400805e4
  15.77s  try 0x400805e4
  15.80s  try 0x400805e4
  15.83s  try 0x400805e4
  15.86s  try 0x400805e4
  15.89s  try 0x400805e4
  15.92s  try 0x400805e4
  15.95s  try 0x400805e4
  15.98s  try 0x400805e4
  16.01s  try 0x400805e4
  16.04s  try 0x400805e4
  16.05s  try 0x400805e4
  16.08s  try 0x400805e4
  16.11s  try 0x400805e4
  16.14s  try 0x400805e4
  16.17s  try 0x400805e4
  16.20s  try 0x400805e4
  16.24s  try 0x400805e4
  16.27s  try 0x400805e4
  16.30s  try 0x400805e4
  16.33s  try 0x400805e4
  16.36s  try 0x400805e4
  16.39s  try 0x400805e4
  16.42s  try 0x400805e4
  16.45s  try 0x400805e4
  16.48s  try 0x400805e4
  16.51s  try 0x400805e4
  16.54s  try 0x400805e4
  16.57s  try 0x400805e4
  16.60s  try 0x400805e4
  16.63s  try 0x400805e4
  16.66s  try 0x400805e4
  16.69s  try 0x400805e4
  16.72s  try 0x400805e4
  16.75s  try 0x400805e4
  16.78s  try 0x400805e4
  16.81s  try 0x400805e4
  16.84s  try 0x400805e4
  16.87s  try 0x400805e4
  16.91s  try 0x400805e4
  16.94s  try 0x400805e4
  16.97s  try 0x400805e4
  17.00s  try 0x400805e4
  17.03s  try 0x400805e4
  17.06s  try 0x400805e4
  17.08s  try 0x400805e4
  17.11s  try 0x400805e4
  17.14s  try 0x400805e4
  17.17s  try 0x400805e4
  17.20s  try 0x400805e4
  17.23s  try 0x400805e4
  17.26s  try 0x400805e4
  17.29s  try 0x400805e4
  17.32s  try 0x400805e4
  17.35s  try 0x400805e4
  17.38s  try 0x400805e4
  17.41s  try 0x400805e4
  17.44s  try 0x400805e4
  17.47s  try 0x400805e4
  17.50s  try 0x400805e4
  17.53s  try 0x400805e4
  17.56s  try 0x400805e4
  17.59s  try 0x400805e4
  17.61s  try 0x400805e4
  17.64s  try 0x400805e4
  17.67s  try 0x400805e4
  17.70s  try 0x400805e4
  17.73s  try 0x400805e4
  17.76s  try 0x400805e4
  17.79s  try 0x400805e4
  17.82s  try 0x400805e4
  17.85s  try 0x400805e4
  17.88s  try 0x400805e4
  17.91s  try 0x400805e4
  17.94s  try 0x400805e4
  17.97s  try 0x400805e4
  18.00s  try 0x400805e4
  18.00s  try 0x400805e4
  18.04s  try 0x400805e4
  18.07s  try 0x400805e4
  18.10s  try 0x400805e4
  18.13s  try 0x400805e4
  18.16s  try 0x400805e4
  18.19s  try 0x400805e4
  18.19s  try 0x400805e4
  18.22s  try 0x400805e4
  18.25s  try 0x400805e4
  18.28s  try 0x400805e4
  18.31s  try 0x400805e4
  18.34s  try 0x400805e4
  18.36s  try 0x400805e4
  18.39s  try 0x400805e4
  18.42s  try 0x400805e4
  18.45s  try 0x400805e4
  18.48s  try 0x400805e4
  18.51s  try 0x400805e4
  18.52s  try 0x400805e4
  18.55s  try 0x400805e4
  18.58s  try 0x400805e4
  18.61s  try 0x400805e4
  18.63s  try 0x400805e4
  18.66s  try 0x400805e4
  18.69s  try 0x400805e4
  18.72s  try 0x400805e4
  18.76s  try 0x400805e4
  18.79s  try 0x400805e4
  18.82s  try 0x400805e4
  18.85s  try 0x400805e4
  18.88s  try 0x400805e4
  18.91s  try 0x400805e4
  18.94s  try 0x400805e4
  18.97s  try 0x400805e4
  19.00s  try 0x400805e4
  19.03s  try 0x400805e4
  19.06s  try 0x400805e4
  19.09s  try 0x400805e4
  19.12s  try 0x400805e4
  19.15s  try 0x400805e4
  19.18s  try 0x400805e4
  19.21s  try 0x400805e4
  19.24s  try 0x400805e4
  19.27s  try 0x400805e4
  19.30s  try 0x400805e4
  19.33s  try 0x400805e4
  19.36s  try 0x400805e4
  19.39s  try 0x400805e4
  19.43s  try 0x400805e4
  19.46s  try 0x400805e4
  19.49s  try 0x400805e4
  19.52s  try 0x400805e4
  19.54s  try 0x400805e4
  19.57s  try 0x400805e4
  19.60s  try 0x400805e4
  19.63s  try 0x400805e4
  19.66s  try 0x400805e4
  19.69s  try 0x400805e4
  19.72s  try 0x400805e4
  19.75s  try 0x400805e4
  19.78s  try 0x400805e4
  19.81s  try 0x400805e4
  19.85s  try 0x400805e4
  19.88s  try 0x400805e4
  19.91s  try 0x400805e4
  19.94s  try 0x400805e4
  19.97s  try 0x400805e4
  20.00s  try 0x400805e4
  20.03s  try 0x400805e4
  20.06s  try 0x400805e4
  20.09s  try 0x400805e4
  20.12s  try 0x400805e4
  20.15s  try 0x400805e4
  20.18s  try 0x400805e4
  20.21s  try 0x400805e4
  20.24s  try 0x400805e4
  20.27s  try 0x400805e4
  20.30s  try 0x400805e4
  20.33s  try 0x400805e4
  20.36s  try 0x400805e4
  20.39s  try 0x400805e4
  20.42s  try 0x400805e4
  20.45s  try 0x400805e4
  20.48s  try 0x400805e4
  20.51s  try 0x400805e4
  20.54s  try 0x400805e4
  20.57s  try 0x400805e4
  20.60s  try 0x400805e4
  20.64s  try 0x400805e4
  20.67s  try 0x400805e4
  20.70s  try 0x400805e4
  20.73s  try 0x400805e4
  20.76s  try 0x400805e4
  20.79s  try 0x400805e4
  20.82s  try 0x400805e4
  20.85s  try 0x400805e4
  20.88s  try 0x400805e4
  20.91s  try 0x400805e4
  20.94s  try 0x400805e4
  20.97s  try 0x400805e4
  21.00s  try 0x400805e4
  21.03s  try 0x400805e4
  21.06s  try 0x400805e4
  21.09s  try 0x400805e4
  21.12s  try 0x400805e4
  21.15s  try 0x400805e4
  21.18s  try 0x400805e4
  21.21s  try 0x400805e4
  21.24s  try 0x400805e4
  21.27s  try 0x400805e4
  21.30s  try 0x400805e4
  21.33s  try 0x400805e4
  21.36s  try 0x400805e4
  21.39s  try 0x400805e4
  21.42s  try 0x400805e4
  21.46s  try 0x400805e4
  21.49s  try 0x400805e4
  21.52s  try 0x400805e4
  21.55s  try 0x400805e4
  21.58s  try 0x400805e4
  21.61s  try 0x400805e4
  21.64s  try 0x400805e4
  21.67s  try 0x400805e4
  21.70s  try 0x400805e4
  21.73s  try 0x400805e4
  21.76s  try 0x400805e4
  21.79s  try 0x400805e4
  21.82s  try 0x400805e4
  21.85s  try 0x400805e4
  21.88s  try 0x400805e4
  21.91s  try 0x400805e4
  21.94s  try 0x400805e4
  21.97s  try 0x400805e4
  22.00s  try 0x400805e4
  22.03s  try 0x400805e4
  22.06s  try 0x400805e4
  22.09s  try 0x400805e4
  22.12s  try 0x400805e4
  22.15s  try 0x400805e4
  22.18s  try 0x400805e4
  22.21s  try 0x400805e4
  22.24s  try 0x400805e4
  22.27s  try 0x400805e4
  22.30s  try 0x400805e4
  22.33s  try 0x400805e4
  22.36s  try 0x400805e4
  22.40s  try 0x400805e4
  22.43s  try 0x400805e4
  22.46s  try 0x400805e4
  22.49s  try 0x400805e4
  22.52s  try 0x400805e4
  22.55s  try 0x400805e4
  22.58s  try 0x400805e4
  22.61s  try 0x400805e4
  22.64s  try 0x400805e4
  22.67s  try 0x400805e4
  22.70s  try 0x400805e4
  22.73s  try 0x400805e4
  22.76s  try 0x400805e4
  22.79s  try 0x400805e4
  22.82s  try 0x400805e4
  22.85s  try 0x400805e4
  22.88s  try 0x400805e4
  22.91s  try 0x400805e4
  22.94s  try 0x400805e4
  22.97s  try 0x400805e4
  23.00s  try 0x400805e4
  23.03s  try 0x400805e4
  23.06s  try 0x400805e4
  23.09s  try 0x400805e4
  23.12s  try 0x400805e4
  23.15s  try 0x400805e4
  23.18s  try 0x400805e4
  23.21s  try 0x400805e4
  23.24s  try 0x400805e4
  23.27s  try 0x400805e4
  23.30s  try 0x400805e4
  23.33s  try 0x400805e4
  23.36s  try 0x400805e4
  23.39s  try 0x400805e4
  23.43s  try 0x400805e4
  23.46s  try 0x400805e4
  23.49s  try 0x400805e4
  23.52s  try 0x400805e4
  23.55s  try 0x400805e4
  23.58s  try 0x400805e4
  23.61s  try 0x400805e4
  23.64s  try 0x400805e4
  23.67s  try 0x400805e4
  23.70s  try 0x400805e4
  23.73s  try 0x400805e4
  23.76s  try 0x400805e4
  23.79s  try 0x400805e4
  23.82s  try 0x400805e4
  23.85s  try 0x400805e4
  23.88s  try 0x400805e4
  23.91s  try 0x400805e4
  23.94s  try 0x400805e4
  23.97s  try 0x400805e4
  24.00s  try 0x400805e4
  24.03s  try 0x400805e4
  24.06s  try 0x400805e4
  24.09s  try 0x400805e4
  24.12s  try 0x400805e4
  24.15s  try 0x400805e4
  24.18s  try 0x400805e4
  24.21s  try 0x400805e4
  24.24s  try 0x400805e4
  24.27s  try 0x400805e4
  24.31s  try 0x400805e4
  24.34s  try 0x400805e4
  24.37s  try 0x400805e4
  24.40s  try 0x400805e4
  24.43s  try 0x400805e4
  24.46s  try 0x400805e4
  24.49s  try 0x400805e4
  24.52s  try 0x400805e4
  24.55s  try 0x400805e4
  24.58s  try 0x400805e4
  24.61s  try 0x400805e4
  24.64s  try 0x400805e4
  24.67s  try 0x400805e4
  24.70s  try 0x400805e4
  24.73s  try 0x400805e4
  24.76s  try 0x400805e4
  24.79s  try 0x400805e4
  24.82s  try 0x400805e4
  24.85s  try 0x400805e4
  24.88s  try 0x400805e4
  24.91s  try 0x400805e4
  24.94s  try 0x400805e4
  24.97s  try 0x400805e4
  25.00s  try 0x400805e4
  25.03s  try 0x400805e4
  25.06s  try 0x400805e4
  25.09s  try 0x400805e4
  25.12s  try 0x400805e4
  25.15s  try 0x400805e4
  25.19s  try 0x400805e4
  25.22s  try 0x400805e4
  25.25s  try 0x400805e4
  25.28s  try 0x400805e4
  25.31s  try 0x400805e4
  25.34s  try 0x400805e4
  25.37s  try 0x400805e4
  25.40s  try 0x400805e4
  25.43s  try 0x400805e4
  25.46s  try 0x400805e4
  25.49s  try 0x400805e4
  25.52s  try 0x400805e4
  25.55s  try 0x400805e4
  25.58s  try 0x400805e4
  25.61s  try 0x400805e4
  25.64s  try 0x400805e4
  25.67s  try 0x400805e4
  25.70s  try 0x400805e4
  25.73s  try 0x400805e4
  25.76s  try 0x400805e4
  25.79s  try 0x400805e4
  25.82s  try 0x400805e4
  25.85s  try 0x400805e4
  25.88s  try 0x400805e4
  25.91s  try 0x400805e4
  25.94s  try 0x400805e4
  25.97s  try 0x400805e4
  26.01s  try 0x400805e4
  26.04s  try 0x400805e4
  26.07s  try 0x400805e4
  26.10s  try 0x400805e4
  26.13s  try 0x400805e4
  26.16s  try 0x400805e4
  26.19s  try 0x400805e4
  26.22s  try 0x400805e4
  26.25s  try 0x400805e4
  26.28s  try 0x400805e4
  26.31s  try 0x400805e4
  26.34s  try 0x400805e4
  26.37s  try 0x400805e4
  26.40s  try 0x400805e4
  26.43s  try 0x400805e4
  26.46s  try 0x400805e4
  26.49s  try 0x400805e4
  26.52s  try 0x400805e4
  26.55s  try 0x400805e4
  26.58s  try 0x400805e4
  26.61s  try 0x400805e4
  26.64s  try 0x400805e4
  26.67s  try 0x400805e4
  26.70s  try 0x400805e4
  26.73s  try 0x400805e4
  26.76s  try 0x400805e4
  26.79s  try 0x400805e4
  26.82s  try 0x400805e4
  26.86s  try 0x400805e4
  26.89s  try 0x400805e4
  26.92s  try 0x400805e4
  26.95s  try 0x400805e4
  26.98s  try 0x400805e4
  27.01s  try 0x400805e4
  27.04s  try 0x400805e4
  27.07s  try 0x400805e4
  27.10s  try 0x400805e4
  27.13s  try 0x400805e4
  27.16s  try 0x400805e4
  27.19s  try 0x400805e4
  27.22s  try 0x400805e4
  27.25s  try 0x400805e4
  27.28s  try 0x400805e4
  27.31s  try 0x400805e4
  27.34s  try 0x400805e4
  27.37s  try 0x400805e4
  27.40s  try 0x400805e4
  27.43s  try 0x400805e4
  27.46s  try 0x400805e4
  27.49s  try 0x400805e4
  27.52s  try 0x400805e4
  27.55s  try 0x400805e4
  27.58s  try 0x400805e4
  27.61s  try 0x400805e4
  27.65s  try 0x400805e4
  27.68s  try 0x400805e4
  27.71s  try 0x400805e4
  27.74s  try 0x400805e4
  27.77s  try 0x400805e4
  27.80s  try 0x400805e4
  27.83s  try 0x400805e4
  27.86s  try 0x400805e4
  27.89s  try 0x400805e4
  27.92s  try 0x400805e4
  27.95s  try 0x400805e4
  27.98s  try 0x400805e4
  28.01s  try 0x400805e4
  28.04s  try 0x400805e4
  28.07s  try 0x400805e4
  28.10s  try 0x400805e4
  28.13s  try 0x400805e4
  28.16s  try 0x400805e4
  28.19s  try 0x400805e4
  28.22s  try 0x400805e4
  28.25s  try 0x400805e4
  28.28s  try 0x400805e4
  28.31s  try 0x400805e4
  28.34s  try 0x400805e4
  28.37s  try 0x400805e4
  28.40s  try 0x400805e4
  28.43s  try 0x400805e4
  28.47s  try 0x400805e4
  28.50s  try 0x400805e4
  28.53s  try 0x400805e4
  28.56s  try 0x400805e4
  28.59s  try 0x400805e4
  28.62s  try 0x400805e4
  28.65s  try 0x400805e4
  28.68s  try 0x400805e4
  28.71s  try 0x400805e4
  28.74s  try 0x400805e4
  28.77s  try 0x400805e4
  28.80s  try 0x400805e4
  28.83s  try 0x400805e4
  28.86s  try 0x400805e4
  28.89s  try 0x400805e4
  28.92s  try 0x400805e4
  28.95s  try 0x400805e4
  28.98s  try 0x400805e4
  29.01s  try 0x400805e4
  29.04s  try 0x400805e4
  29.07s  try 0x400805e4
  29.10s  try 0x400805e4
  29.13s  try 0x400805e4
  29.16s  try 0x400805e4
  29.19s  try 0x400805e4
  29.22s  try 0x400805e4
  29.25s  try 0x400805e4
  29.29s  try 0x400805e4
  29.32s  try 0x400805e4
  29.35s  try 0x400805e4
  29.38s  try 0x400805e4
  29.41s  try 0x400805e4
  29.44s  try 0x400805e4
  29.47s  try 0x400805e4
  29.50s  try 0x400805e4
  29.53s  try 0x400805e4
  29.56s  try 0x400805e4
  29.59s  try 0x400805e4
  29.62s  try 0x400805e4
  29.65s  try 0x400805e4
  29.68s  try 0x400805e4
  29.71s  try 0x400805e4
  29.74s  try 0x400805e4
  29.77s  try 0x400805e4
  29.80s  try 0x400805e4
  29.83s  try 0x400805e4
  29.86s  try 0x400805e4
  29.89s  try 0x400805e4
  29.92s  try 0x400805e4
  29.95s  try 0x400805e4
  29.99s  try 0x400805e4
  30.02s  try 0x400805e4
  30.05s  try 0x400805e4
  30.08s  try 0x400805e4
  30.11s  try 0x400805e4
  30.14s  try 0x400805e4
  30.17s  try 0x400805e4
  30.20s  try 0x400805e4
  30.23s  try 0x400805e4
  30.26s  try 0x400805e4
  30.29s  try 0x400805e4
  30.32s  try 0x400805e4
  30.35s  try 0x400805e4
  30.38s  try 0x400805e4
  30.41s  try 0x400805e4
  30.44s  try 0x400805e4
  30.47s  try 0x400805e4
  30.50s  try 0x400805e4
  30.53s  try 0x400805e4
  30.56s  try 0x400805e4
  30.59s  try 0x400805e4
  30.62s  try 0x400805e4
  30.65s  try 0x400805e4
  30.68s  try 0x400805e4
  30.71s  try 0x400805e4
  30.75s  try 0x400805e4
  30.78s  try 0x400805e4
  30.81s  try 0x400805e4
  30.84s  try 0x400805e4
  30.87s  try 0x400805e4
  30.90s  try 0x400805e4
  30.93s  try 0x400805e4
  30.96s  try 0x400805e4
  30.99s  try 0x400805e4
  31.02s  try 0x400805e4
  31.05s  try 0x400805e4
  31.08s  try 0x400805e4
  31.11s  try 0x400805e4
  31.14s  try 0x400805e4
  31.17s  try 0x400805e4
  31.20s  try 0x400805e4
  31.23s  try 0x400805e4
  31.26s  try 0x400805e4
  31.29s  try 0x400805e4
  31.32s  try 0x400805e4
  31.35s  try 0x400805e4
  31.38s  try 0x400805e4
  31.41s  try 0x400805e4
  31.44s  try 0x400805e4
  31.47s  try 0x400805e4
  31.50s  try 0x400805e4
  31.53s  try 0x400805e4
  31.56s  try 0x400805e4
  31.59s  try 0x400805e4
  31.63s  try 0x400805e4
  31.66s  try 0x400805e4
  31.69s  try 0x400805e4
  31.72s  try 0x400805e4
  31.75s  try 0x400805e4
  31.78s  try 0x400805e4
  31.81s  try 0x400805e4
  31.84s  try 0x400805e4
  31.87s  try 0x400805e4
  31.90s  try 0x400805e4
  31.93s  try 0x400805e4
  31.96s  try 0x400805e4
  31.99s  try 0x400805e4
  32.02s  try 0x400805e4
  32.05s  try 0x400805e4
  32.08s  try 0x400805e4
  32.11s  try 0x400805e4
  32.14s  try 0x400805e4
  32.17s  try 0x400805e4
  32.20s  try 0x400805e4
  32.23s  try 0x400805e4
  32.26s  try 0x400805e4
  32.29s  try 0x400805e4
  32.32s  try 0x400805e4
  32.35s  try 0x400805e4
  32.38s  try 0x400805e4
  32.41s  try 0x400805e4
  32.44s  try 0x400805e4
  32.47s  try 0x400805e4
  32.50s  try 0x400805e4
  32.54s  try 0x400805e4
  32.57s  try 0x400805e4
  32.60s  try 0x400805e4
  32.63s  try 0x400805e4
  32.66s  try 0x400805e4
  32.69s  try 0x400805e4
  32.72s  try 0x400805e4
  32.75s  try 0x400805e4
  32.78s  try 0x400805e4
  32.81s  try 0x400805e4
  32.84s  try 0x400805e4
  32.87s  try 0x400805e4
  32.90s  try 0x400805e4
  32.93s  try 0x400805e4
  32.96s  try 0x400805e4
  32.99s  try 0x400805e4
  33.02s  try 0x400805e4
  33.05s  try 0x400805e4
  33.08s  try 0x400805e4
  33.11s  try 0x400805e4
  33.14s  try 0x400805e4
  33.17s  try 0x400805e4
  33.20s  try 0x400805e4
  33.23s  try 0x400805e4
  33.26s  try 0x400805e4
  33.29s  try 0x400805e4
  33.32s  try 0x400805e4
  33.35s  try 0x400805e4
  33.38s  try 0x400805e4
  33.41s  try 0x400805e4
  33.45s  try 0x400805e4
  33.48s  try 0x400805e4
  33.51s  try 0x400805e4
  33.54s  try 0x400805e4
  33.57s  try 0x400805e4
  33.60s  try 0x400805e4
  33.63s  try 0x400805e4
  33.66s  try 0x400805e4
  33.69s  try 0x400805e4
  33.72s  try 0x400805e4
  33.75s  try 0x400805e4
  33.78s  try 0x400805e4
  33.81s  try 0x400805e4
  33.84s  try 0x400805e4
  33.87s  try 0x400805e4
  33.90s  try 0x400805e4
  33.93s  try 0x400805e4
  33.96s  try 0x400805e4
  33.99s  try 0x400805e4
  34.02s  try 0x400805e4
  34.05s  try 0x400805e4
  34.08s  try 0x400805e4
  34.11s  try 0x400805e4
  34.14s  try 0x400805e4
  34.17s  try 0x400805e4
  34.20s  try 0x400805e4
  34.23s  try 0x400805e4
  34.26s  try 0x400805e4
  34.29s  try 0x400805e4
  34.32s  try 0x400805e4
  34.35s  try 0x400805e4
  34.38s  try 0x400805e4
  34.42s  try 0x400805e4
  34.45s  try 0x400805e4
  34.48s  try 0x400805e4
  34.51s  try 0x400805e4
  34.54s  try 0x400805e4
  34.57s  try 0x400805e4
  34.60s  try 0x400805e4
  34.63s  try 0x400805e4
  34.66s  try 0x400805e4
  34.69s  try 0x400805e4
  34.72s  try 0x400805e4
  34.75s  try 0x400805e4
  34.78s  try 0x400805e4
  34.81s  try 0x400805e4
  34.84s  try 0x400805e4
  34.87s  try 0x400805e4
  34.90s  try 0x400805e4
  34.93s  try 0x400805e4
  34.96s  try 0x400805e4
  34.99s  try 0x400805e4
  35.02s  try 0x400805e4
  35.05s  try 0x400805e4
  35.08s  try 0x400805e4
  35.11s  try 0x400805e4
  35.14s  try 0x400805e4
  35.17s  try 0x400805e4
  35.20s  try 0x400805e4
  35.23s  try 0x400805e4
  35.26s  try 0x400805e4
  35.29s  try 0x400805e4
  35.33s  try 0x400805e4
  35.36s  try 0x400805e4
  35.39s  try 0x400805e4
  35.42s  try 0x400805e4
  35.45s  try 0x400805e4
  35.48s  try 0x400805e4
  35.51s  try 0x400805e4
  35.54s  try 0x400805e4
  35.57s  try 0x400805e4
  35.60s  try 0x400805e4
  35.63s  try 0x400805e4
  35.66s  try 0x400805e4
  35.69s  try 0x400805e4
  35.72s  try 0x400805e4
  35.75s  try 0x400805e4
  35.78s  try 0x400805e4
  35.81s  try 0x400805e4
  35.84s  try 0x400805e4
  35.87s  try 0x400805e4
  35.90s  try 0x400805e4
  35.93s  try 0x400805e4
  35.96s  try 0x400805e4
  35.99s  try 0x400805e4
  36.03s  try 0x400805e4
  36.06s  try 0x400805e4
  36.09s  try 0x400805e4
  36.12s  try 0x400805e4
  36.15s  try 0x400805e4
  36.18s  try 0x400805e4
  36.21s  try 0x400805e4
  36.24s  try 0x400805e4
  36.27s  try 0x400805e4
  36.30s  try 0x400805e4
  36.33s  try 0x400805e4
  36.36s  try 0x400805e4
  36.39s  try 0x400805e4
  36.42s  try 0x400805e4
  36.45s  try 0x400805e4
  36.48s  try 0x400805e4
  36.51s  try 0x400805e4
  36.54s  try 0x400805e4
  36.57s  try 0x400805e4
  36.60s  try 0x400805e4
  36.63s  try 0x400805e4
  36.66s  try 0x400805e4
  36.69s  try 0x400805e4
  36.72s  try 0x400805e4
  36.75s  try 0x400805e4
  36.78s  try 0x400805e4
  36.81s  try 0x400805e4
  36.84s  try 0x400805e4
  36.87s  try 0x400805e4
  36.90s  try 0x400805e4
  36.94s  try 0x400805e4
  36.97s  try 0x400805e4
  37.00s  try 0x400805e4
  37.03s  try 0x400805e4
  37.06s  try 0x400805e4
  37.09s  try 0x400805e4
  37.12s  try 0x400805e4
  37.15s  try 0x400805e4
  37.18s  try 0x400805e4
  37.21s  try 0x400805e4
  37.24s  try 0x400805e4
  37.27s  try 0x400805e4
  37.30s  try 0x400805e4
  37.33s  try 0x400805e4
  37.36s  try 0x400805e4
  37.39s  try 0x400805e4
  37.42s  try 0x400805e4
  37.45s  try 0x400805e4
  37.48s  try 0x400805e4
  37.51s  try 0x400805e4
  37.54s  try 0x400805e4
  37.57s  try 0x400805e4
  37.60s  try 0x400805e4
  37.63s  try 0x400805e4
  37.66s  try 0x400805e4
  37.69s  try 0x400805e4
  37.73s  try 0x400805e4
  37.76s  try 0x400805e4
  37.79s  try 0x400805e4
  37.82s  try 0x400805e4
  37.85s  try 0x400805e4
  37.88s  try 0x400805e4
  37.91s  try 0x400805e4
  37.94s  try 0x400805e4
  37.97s  try 0x400805e4
  38.00s  try 0x400805e4
  38.03s  try 0x400805e4
  38.06s  try 0x400805e4
  38.09s  try 0x400805e4
  38.12s  try 0x400805e4
  38.15s  try 0x400805e4
  38.18s  try 0x400805e4
  38.21s  try 0x400805e4
  38.24s  try 0x400805e4
  38.27s  try 0x400805e4
  38.30s  try 0x400805e4
  38.33s  try 0x400805e4
  38.36s  try 0x400805e4
  38.39s  try 0x400805e4
  38.42s  try 0x400805e4
  38.45s  try 0x400805e4
  38.48s  try 0x400805e4
  38.51s  try 0x400805e4
  38.54s  try 0x400805e4
  38.57s  try 0x400805e4
  38.60s  try 0x400805e4
  38.64s  try 0x400805e4
  38.67s  try 0x400805e4
  38.70s  try 0x400805e4
  38.73s  try 0x400805e4
  38.76s  try 0x400805e4
  38.79s  try 0x400805e4
  38.82s  try 0x400805e4
  38.85s  try 0x400805e4
  38.88s  try 0x400805e4
  38.91s  try 0x400805e4
  38.94s  try 0x400805e4
  38.97s  try 0x400805e4
  39.00s  try 0x400805e4
  39.03s  try 0x400805e4
  39.06s  try 0x400805e4
  39.09s  try 0x400805e4
  39.12s  try 0x400805e4
  39.15s  try 0x400805e4
  39.18s  try 0x400805e4
  39.21s  try 0x400805e4
  39.24s  try 0x400805e4
  39.27s  try 0x400805e4
  39.30s  try 0x400805e4
  39.33s  try 0x400805e4
  39.36s  try 0x400805e4
  39.39s  try 0x400805e4
  39.42s  try 0x400805e4
  39.45s  try 0x400805e4
  39.48s  try 0x400805e4
  39.51s  try 0x400805e4
  39.55s  try 0x400805e4
  39.58s  try 0x400805e4
  39.61s  try 0x400805e4
  39.64s  try 0x400805e4
  39.67s  try 0x400805e4
  39.70s  try 0x400805e4
  39.73s  try 0x400805e4
  39.76s  try 0x400805e4
  39.79s  try 0x400805e4
  39.82s  try 0x400805e4
  39.85s  try 0x400805e4
  39.88s  try 0x400805e4
  39.91s  try 0x400805e4
  39.94s  try 0x400805e4
  39.97s  try 0x400805e4
  40.00s  try 0x400805e4
  40.03s  try 0x400805e4
  40.06s  try 0x400805e4
  40.09s  try 0x400805e4
  40.12s  try 0x400805e4
  40.15s  try 0x400805e4
  40.18s  try 0x400805e4
  40.21s  try 0x400805e4
  40.24s  try 0x400805e4
  40.27s  try 0x400805e4
  40.30s  try 0x400805e4
  40.33s  try 0x400805e4
  40.36s  try 0x400805e4
  40.39s  try 0x400805e4
  40.42s  try 0x400805e4
  40.45s  try 0x400805e4
  40.48s  try 0x400805e4
  40.52s  try 0x400805e4
  40.55s  try 0x400805e4
  40.58s  try 0x400805e4
  40.61s  try 0x400805e4
  40.64s  try 0x400805e4
  40.67s  try 0x400805e4
  40.70s  try 0x400805e4
  40.73s  try 0x400805e4
  40.76s  try 0x400805e4
  40.79s  try 0x400805e4
  40.82s  try 0x400805e4
  40.85s  try 0x400805e4
  40.88s  try 0x400805e4
  40.91s  try 0x400805e4
  40.94s  try 0x400805e4
  40.97s  try 0x400805e4
  41.00s  try 0x400805e4
  41.03s  try 0x400805e4
  41.06s  try 0x400805e4
  41.09s  try 0x400805e4
  41.12s  try 0x400805e4
  41.15s  try 0x400805e4
  41.18s  try 0x400805e4
  41.21s  try 0x400805e4
  41.24s  try 0x400805e4
  41.27s  try 0x400805e4
  41.30s  try 0x400805e4
  41.33s  try 0x400805e4
  41.36s  try 0x400805e4
  41.39s  try 0x400805e4
  41.42s  try 0x400805e4
  41.45s  try 0x400805e4
  41.49s  try 0x400805e4
  41.52s  try 0x400805e4
  41.55s  try 0x400805e4
  41.58s  try 0x400805e4
  41.61s  try 0x400805e4
  41.64s  try 0x400805e4
  41.67s  try 0x400805e4
  41.70s  try 0x400805e4
  41.73s  try 0x400805e4
  41.76s  try 0x400805e4
  41.79s  try 0x400805e4
  41.82s  try 0x400805e4
  41.85s  try 0x400805e4
  41.88s  try 0x400805e4
  41.91s  try 0x400805e4
  41.94s  try 0x400805e4
  41.97s  try 0x400805e4
  42.00s  try 0x400805e4
  42.03s  try 0x400805e4
  42.06s  try 0x400805e4
  42.09s  try 0x400805e4
  42.12s  try 0x400805e4
  42.15s  try 0x400805e4
  42.18s  try 0x400805e4
  42.21s  try 0x400805e4
  42.24s  try 0x400805e4
  42.27s  try 0x400805e4
  42.30s  try 0x400805e4
  42.33s  try 0x400805e4
  42.37s  try 0x400805e4
  42.40s  try 0x400805e4
  42.43s  try 0x400805e4
  42.46s  try 0x400805e4
  42.49s  try 0x400805e4
  42.52s  try 0x400805e4
  42.55s  try 0x400805e4
  42.58s  try 0x400805e4
  42.61s  try 0x400805e4
  42.64s  try 0x400805e4
  42.67s  try 0x400805e4
  42.70s  try 0x400805e4
  42.73s  try 0x400805e4
  42.76s  try 0x400805e4
  42.79s  try 0x400805e4
  42.82s  try 0x400805e4
  42.85s  try 0x400805e4
  42.88s  try 0x400805e4
  42.91s  try 0x400805e4
  42.94s  try 0x400805e4
  42.97s  try 0x400805e4
  43.00s  try 0x400805e4
  43.03s  try 0x400805e4
  43.06s  try 0x400805e4
  43.09s  try 0x400805e4
  43.12s  try 0x400805e4
  43.15s  try 0x400805e4
  43.18s  try 0x400805e4
  43.22s  try 0x400805e4
  43.25s  try 0x400805e4
  43.28s  try 0x400805e4
  43.31s  try 0x400805e4
  43.34s  try 0x400805e4
  43.37s  try 0x400805e4
  43.40s  try 0x400805e4
  43.43s  try 0x400805e4
  43.46s  try 0x400805e4
  43.49s  try 0x400805e4
  43.52s  try 0x400805e4
  43.55s  try 0x400805e4
  43.58s  try 0x400805e4
  43.61s  try 0x400805e4
  43.64s  try 0x400805e4
  43.67s  try 0x400805e4
  43.70s  try 0x400805e4
  43.73s  try 0x400805e4
  43.76s  try 0x400805e4
  43.79s  try 0x400805e4
  43.82s  try 0x400805e4
  43.85s  try 0x400805e4
  43.88s  try 0x400805e4
  43.91s  try 0x400805e4
  43.94s  try 0x400805e4
  43.97s  try 0x400805e4
  44.00s  try 0x400805e4
  44.03s  try 0x400805e4
  44.06s  try 0x400805e4
  44.10s  try 0x400805e4
  44.13s  try 0x400805e4
  44.16s  try 0x400805e4
  44.19s  try 0x400805e4
  44.22s  try 0x400805e4
  44.25s  try 0x400805e4
  44.28s  try 0x400805e4
  44.31s  try 0x400805e4
  44.34s  try 0x400805e4
  44.37s  try 0x400805e4
  44.40s  try 0x400805e4
  44.43s  try 0x400805e4
  44.46s  try 0x400805e4
  44.49s  try 0x400805e4
  44.52s  try 0x400805e4
  44.55s  try 0x400805e4
  44.58s  try 0x400805e4
  44.61s  try 0x400805e4
  44.64s  try 0x400805e4
  44.67s  try 0x400805e4
  44.70s  try 0x400805e4
  44.73s  try 0x400805e4
  44.76s  try 0x400805e4
  44.79s  try 0x400805e4
  44.82s  try 0x400805e4
  44.85s  try 0x400805e4
  44.88s  try 0x400805e4
  44.91s  try 0x400805e4
  44.94s  try 0x400805e4
  44.97s  try 0x400805e4
  45.01s  try 0x400805e4
  45.04s  try 0x400805e4
  45.07s  try 0x400805e4
  45.10s  try 0x400805e4
  45.13s  try 0x400805e4
  45.16s  try 0x400805e4
  45.19s  try 0x400805e4
  45.22s  try 0x400805e4
  45.25s  try 0x400805e4
  45.28s  try 0x400805e4
  45.31s  try 0x400805e4
  45.34s  try 0x400805e4
  45.37s  try 0x400805e4
  45.40s  try 0x400805e4
  45.43s  try 0x400805e4
  45.46s  try 0x400805e4
  45.49s  try 0x400805e4
  45.52s  try 0x400805e4
  45.55s  try 0x400805e4
  45.58s  try 0x400805e4
  45.61s  try 0x400805e4
  45.64s  try 0x400805e4
  45.67s  try 0x400805e4
  45.70s  try 0x400805e4
  45.73s  try 0x400805e4
  45.76s  try 0x400805e4
  45.80s  try 0x400805e4
  45.83s  try 0x400805e4
  45.86s  try 0x400805e4
  45.89s  try 0x400805e4
  45.92s  try 0x400805e4
  45.95s  try 0x400805e4
  45.98s  try 0x400805e4
  46.01s  try 0x400805e4
  46.04s  try 0x400805e4
  46.07s  try 0x400805e4
  46.10s  try 0x400805e4
  46.13s  try 0x400805e4
  46.16s  try 0x400805e4
  46.19s  try 0x400805e4
  46.22s  try 0x400805e4
  46.25s  try 0x400805e4
  46.28s  try 0x400805e4
  46.31s  try 0x400805e4
  46.34s  try 0x400805e4
  46.37s  try 0x400805e4
  46.40s  try 0x400805e4
  46.43s  try 0x400805e4
  46.46s  try 0x400805e4
  46.49s  try 0x400805e4
  46.52s  try 0x400805e4
  46.55s  try 0x400805e4
  46.58s  try 0x400805e4
  46.61s  try 0x400805e4
  46.65s  try 0x400805e4
  46.68s  try 0x400805e4
  46.71s  try 0x400805e4
  46.74s  try 0x400805e4
  46.77s  try 0x400805e4
  46.80s  try 0x400805e4
  46.83s  try 0x400805e4
  46.86s  try 0x400805e4
  46.89s  try 0x400805e4
  46.92s  try 0x400805e4
  46.95s  try 0x400805e4
  46.98s  try 0x400805e4
  47.01s  try 0x400805e4
  47.04s  try 0x400805e4
  47.07s  try 0x400805e4
  47.10s  try 0x400805e4
  47.13s  try 0x400805e4
  47.16s  try 0x400805e4
  47.19s  try 0x400805e4
  47.22s  try 0x400805e4
  47.25s  try 0x400805e4
  47.28s  try 0x400805e4
  47.31s  try 0x400805e4
  47.34s  try 0x400805e4
  47.37s  try 0x400805e4
  47.40s  try 0x400805e4
  47.44s  try 0x400805e4
  47.47s  try 0x400805e4
  47.50s  try 0x400805e4
  47.53s  try 0x400805e4
  47.56s  try 0x400805e4
  47.59s  try 0x400805e4
  47.62s  try 0x400805e4
  47.65s  try 0x400805e4
  47.67s  try 0x400805e4
  47.70s  try 0x400805e4
  47.73s  try 0x400805e4
  47.76s  try 0x400805e4
  47.79s  try 0x400805e4
  47.82s  try 0x400805e4
  47.85s  try 0x400805e4
  47.88s  try 0x400805e4
  47.91s  try 0x400805e4
  47.94s  try 0x400805e4
  47.97s  try 0x400805e4
  48.00s  try 0x400805e4
  48.03s  try 0x400805e4
  48.06s  try 0x400805e4
  48.09s  try 0x400805e4
  48.12s  try 0x400805e4
  48.15s  try 0x400805e4
  48.18s  try 0x400805e4
  48.21s  try 0x400805e4
  48.24s  try 0x400805e4
  48.28s  try 0x400805e4
  48.31s  try 0x400805e4
  48.34s  try 0x400805e4
  48.37s  try 0x400805e4
  48.40s  try 0x400805e4
  48.43s  try 0x400805e4
  48.46s  try 0x400805e4
  48.49s  try 0x400805e4
  48.52s  try 0x400805e4
  48.55s  try 0x400805e4
  48.56s  try 0x400805e4
  48.60s  try 0x400805e4
  48.63s  try 0x400805e4
  48.66s  try 0x400805e4
  48.69s  try 0x400805e4
  48.72s  try 0x400805e4
  48.75s  try 0x400805e4
  48.78s  try 0x400805e4
  48.81s  try 0x400805e4
  48.84s  try 0x400805e4
  48.87s  try 0x400805e4
  48.90s  try 0x400805e4
  48.93s  try 0x400805e4
  48.96s  try 0x400805e4
  48.99s  try 0x400805e4
  49.02s  try 0x400805e4
  49.05s  try 0x400805e4
  49.08s  try 0x400805e4
  49.11s  try 0x400805e4
  49.14s  try 0x400805e4
  49.17s  try 0x400805e4
  49.20s  try 0x400805e4
  49.23s  try 0x400805e4
  49.26s  try 0x400805e4
  49.29s  try 0x400805e4
  49.32s  try 0x400805e4
  49.35s  try 0x400805e4
  49.38s  try 0x400805e4
  49.41s  try 0x400805e4
  49.45s  try 0x400805e4
  49.48s  try 0x400805e4
  49.51s  try 0x400805e4
  49.54s  try 0x400805e4
  49.57s  try 0x400805e4
  49.60s  try 0x400805e4
  49.63s  try 0x400805e4
  49.66s  try 0x400805e4
  49.69s  try 0x400805e4
  49.72s  try 0x400805e4
  49.75s  try 0x400805e4
  49.78s  try 0x400805e4
  49.81s  try 0x400805e4
  49.84s  try 0x400805e4
  49.87s  try 0x400805e4
  49.90s  try 0x400805e4
  49.93s  try 0x400805e4
  49.96s  try 0x400805e4
  49.99s  try 0x400805e4
  50.02s  try 0x400805e4
  50.05s  try 0x400805e4
  50.08s  try 0x400805e4
  50.11s  try 0x400805e4
  50.14s  try 0x400805e4
  50.17s  try 0x400805e4
  50.20s  try 0x400805e4
  50.24s  try 0x400805e4
  50.27s  try 0x400805e4
  50.30s  try 0x400805e4
  50.33s  try 0x400805e4
  50.36s  try 0x400805e4
  50.39s  try 0x400805e4
  50.42s  try 0x400805e4
  50.45s  try 0x400805e4
  50.48s  try 0x400805e4
  50.51s  try 0x400805e4
  50.54s  try 0x400805e4
  50.57s  try 0x400805e4
  50.60s  try 0x400805e4
  50.63s  try 0x400805e4
  50.66s  try 0x400805e4
  50.69s  try 0x400805e4
  50.72s  try 0x400805e4
  50.75s  try 0x400805e4
  50.78s  try 0x400805e4
  50.81s  try 0x400805e4
  50.84s  try 0x400805e4
  50.87s  try 0x400805e4
  50.90s  try 0x400805e4
  50.93s  try 0x400805e4
  50.96s  try 0x400805e4
  50.99s  try 0x400805e4
  51.03s  try 0x400805e4
  51.06s  try 0x400805e4
  51.09s  try 0x400805e4
  51.12s  try 0x400805e4
  51.15s  try 0x400805e4
  51.18s  try 0x400805e4
  51.21s  try 0x400805e4
  51.24s  try 0x400805e4
  51.27s  try 0x400805e4
  51.30s  try 0x400805e4
  51.33s  try 0x400805e4
  51.36s  try 0x400805e4
  51.39s  try 0x400805e4
  51.42s  try 0x400805e4
  51.45s  try 0x400805e4
