   0.00s  ets Jul 29 2019 12:21:46
   0.00s  
   0.00s  rst:0x1 (POWERON_RESET),boot:0x13 (SPI_FAST_FLASH_BOOT)
   0.00s  configsip: 0, SPIWP:0xee
   0.00s  clk_drv:0x00,q_drv:0x00,d_drv:0x00,cs0_drv:0x00,hd_drv:0x00,wp_drv:0x00
   0.00s  mode:DIO, clock div:2
   0.00s  load:0x3fff0030,len:1184
   0.00s  load:0x40078000,len:13232
   0.00s  load:0x40080400,len:3028
   0.00s  entry 0x400805e4
   1.17s  main_tilt_pi: arming 3s (coils confirmed off, ADC zero recalibrating), then autonomously running the tilt schedule with PI compensation -- NO e-stop listener, only the overcurrent trip or power-cycle stop it early
   4.16s  ARMED -> running tilt schedule
   4.17s  t=4032 | I[A]: A=0.00 B=0.00 C=0.00 D=0.00 | duty[%]: A=0.0 B=0.0 C=0.0 D=0.0
   4.36s  t=4233 | I[A]: A=0.00 B=0.00 C=0.00 D=0.00 | duty[%]: A=0.0 B=0.0 C=0.0 D=0.0
   4.56s  t=4433 | I[A]: A=0.00 B=0.00 C=0.00 D=0.00 | duty[%]: A=0.0 B=0.0 C=0.0 D=0.0
   4.77s  t=4633 | I[A]: A=0.00 B=0.00 C=0.00 D=0.00 | duty[%]: A=0.0 B=0.0 C=0.0 D=0.0
   4.96s  t=4834 | I[A]: A=0.00 B=0.00 C=0.00 D=0.00 | duty[%]: A=0.0 B=0.0 C=0.0 D=0.0
   5.16s  t=5035 | I[A]: A=0.00 B=0.00 C=0.00 D=0.00 | duty[%]: A=0.0 B=0.0 C=0.0 D=0.0
   5.37s  t=5235 | I[A]: A=0.00 B=0.00 C=0.00 D=0.00 | duty[%]: A=0.0 B=0.0 C=0.0 D=0.0
   5.57s  t=5436 | I[A]: A=0.00 B=0.00 C=0.00 D=0.00 | duty[%]: A=0.0 B=0.0 C=0.0 D=0.0
   5.77s  t=5637 | I[A]: A=0.00 B=0.00 C=0.00 D=0.00 | duty[%]: A=0.0 B=0.0 C=0.0 D=0.0
   5.96s  t=5837 | I[A]: A=0.00 B=0.00 C=0.00 D=0.00 | duty[%]: A=0.0 B=0.0 C=0.0 D=0.0
   6.17s  t=6038 | I[A]: A=0.00 B=0.00 C=0.00 D=0.00 | duty[%]: A=0.0 B=0.0 C=0.0 D=0.0
   6.37s  t=6239 | I[A]: A=0.00 B=0.00 C=0.00 D=0.00 | duty[%]: A=0.0 B=0.0 C=0.0 D=0.0
   6.56s  t=6440 | I[A]: A=0.00 B=0.00 C=0.00 D=0.00 | duty[%]: A=0.0 B=0.0 C=0.0 D=0.0
   6.77s  t=6640 | I[A]: A=0.00 B=0.00 C=0.00 D=0.00 | duty[%]: A=0.0 B=0.0 C=0.0 D=0.0
   6.97s  t=6841 | I[A]: A=0.00 B=0.00 C=0.00 D=0.00 | duty[%]: A=0.0 B=0.0 C=0.0 D=0.0
   7.17s  t=7042 | I[A]: A=0.00 B=0.00 C=0.00 D=0.00 | duty[%]: A=0.0 B=0.0 C=0.0 D=0.0
   7.38s  t=7242 | I[A]: A=0.00 B=0.00 C=0.00 D=0.00 | duty[%]: A=0.0 B=0.0 C=0.0 D=0.0
   7.57s  t=7443 | I[A]: A=0.00 B=0.00 C=0.00 D=0.00 | duty[%]: A=0.0 B=0.0 C=0.0 D=0.0
   7.77s  t=7644 | I[A]: A=0.00 B=0.00 C=0.00 D=0.00 | duty[%]: A=0.0 B=0.0 C=0.0 D=0.0
   7.97s  t=7844 | I[A]: A=0.00 B=0.00 C=0.00 D=0.00 | duty[%]: A=0.0 B=0.0 C=0.0 D=0.0
   8.18s  t=8045 | I[A]: A=0.00 B=0.00 C=0.00 D=0.00 | duty[%]: A=0.0 B=0.0 C=0.0 D=0.0
   8.38s  t=8246 | I[A]: A=0.00 B=0.00 C=0.00 D=0.00 | duty[%]: A=0.0 B=0.0 C=0.0 D=0.0
   8.57s  t=8446 | I[A]: A=0.00 B=0.00 C=0.00 D=0.00 | duty[%]: A=0.0 B=0.0 C=0.0 D=0.0
   8.78s  t=8647 | I[A]: A=0.00 B=0.00 C=0.00 D=0.00 | duty[%]: A=0.0 B=0.0 C=0.0 D=0.0
   8.98s  t=8848 | I[A]: A=0.00 B=0.00 C=0.00 D=0.00 | duty[%]: A=0.0 B=0.0 C=0.0 D=0.0
   9.18s  t=9049 | I[A]: A=0.00 B=0.00 C=0.00 D=0.00 | duty[%]: A=0.0 B=0.0 C=0.0 D=0.0
   9.37s  t=9249 | I[A]: A=0.00 B=0.00 C=0.00 D=0.00 | duty[%]: A=0.0 B=0.0 C=0.0 D=0.0
   9.58s  t=9450 | I[A]: A=0.00 B=0.00 C=0.00 D=0.00 | duty[%]: A=0.0 B=0.0 C=0.0 D=0.0
   9.78s  t=9651 | I[A]: A=0.00 B=0.00 C=0.00 D=0.00 | duty[%]: A=0.0 B=0.0 C=0.0 D=0.0
   9.98s  t=9852 | I[A]: A=0.00 B=0.00 C=0.00 D=0.00 | duty[%]: A=0.0 B=0.0 C=0.0 D=0.0
  10.19s  t=10052 | I[A]: A=0.00 B=0.00 C=0.00 D=0.00 | duty[%]: A=0.0 B=0.0 C=0.0 D=0.0
  10.38s  t=10253 | I[A]: A=0.00 B=0.00 C=0.00 D=0.00 | duty[%]: A=0.0 B=0.0 C=0.0 D=0.0
  10.58s  t=10454 | I[A]: A=0.00 B=0.00 C=0.00 D=0.00 | duty[%]: A=0.0 B=0.0 C=0.0 D=0.0
  10.79s  t=10655 | I[A]: A=0.00 B=0.00 C=0.00 D=0.00 | duty[%]: A=0.0 B=0.0 C=0.0 D=0.0
  10.99s  t=10855 | I[A]: A=0.00 B=0.00 C=0.00 D=0.00 | duty[%]: A=0.0 B=0.0 C=0.0 D=0.0
  11.18s  t=11056 | I[A]: A=0.00 B=0.00 C=0.00 D=0.00 | duty[%]: A=0.0 B=0.0 C=0.0 D=0.0
  11.38s  t=11257 | I[A]: A=0.00 B=0.00 C=0.00 D=0.00 | duty[%]: A=0.0 B=0.0 C=0.0 D=0.0
  11.59s  t=11457 | I[A]: A=0.00 B=0.00 C=0.00 D=0.00 | duty[%]: A=0.0 B=0.0 C=0.0 D=0.0
  11.79s  t=11658 | I[A]: A=0.00 B=0.00 C=0.00 D=0.00 | duty[%]: A=0.0 B=0.0 C=0.0 D=0.0
  11.98s  t=11859 | I[A]: A=0.00 B=0.00 C=0.00 D=0.00 | duty[%]: A=0.0 B=0.0 C=0.0 D=0.0
  12.19s  t=12059 | I[A]: A=0.00 B=0.00 C=0.00 D=0.00 | duty[%]: A=0.0 B=0.0 C=0.0 D=0.0
  12.39s  t=12260 | I[A]: A=0.00 B=0.00 C=0.00 D=0.00 | duty[%]: A=0.0 B=0.0 C=0.0 D=0.0
  12.59s  t=12461 | I[A]: A=0.00 B=0.00 C=0.00 D=0.00 | duty[%]: A=0.0 B=0.0 C=0.0 D=0.0
  12.79s  t=12661 | I[A]: A=0.00 B=0.00 C=0.00 D=0.00 | duty[%]: A=0.0 B=0.0 C=0.0 D=0.0
  13.00s  t=12862 | I[A]: A=0.00 B=0.00 C=0.00 D=0.00 | duty[%]: A=0.0 B=0.0 C=0.0 D=0.0
  13.19s  t=13063 | I[A]: A=0.00 B=0.00 C=0.00 D=0.00 | duty[%]: A=0.0 B=0.0 C=0.0 D=0.0
  13.39s  t=13264 | I[A]: A=0.00 B=0.00 C=0.00 D=0.00 | duty[%]: A=0.0 B=0.0 C=0.0 D=0.0
  13.59s  t=13465 | I[A]: A=0.00 B=0.00 C=0.00 D=0.00 | duty[%]: A=0.0 B=0.0 C=0.0 D=0.0
  13.80s  t=13665 | I[A]: A=0.00 B=0.00 C=0.00 D=0.00 | duty[%]: A=0.0 B=0.0 C=0.0 D=0.0
  14.00s  t=13866 | I[A]: A=0.00 B=0.00 C=0.00 D=0.00 | duty[%]: A=0.0 B=0.0 C=0.0 D=0.0
  14.19s  t=14067 | I[A]: A=0.00 B=0.00 C=0.00 D=0.00 | duty[%]: A=0.0 B=0.0 C=0.0 D=0.0
  14.40s  t=14267 | I[A]: A=0.00 B=0.00 C=0.00 D=0.00 | duty[%]: A=0.0 B=0.0 C=0.0 D=0.0
  14.60s  t=14468 | I[A]: A=0.00 B=0.00 C=0.00 D=0.00 | duty[%]: A=0.0 B=0.0 C=0.0 D=0.0
  14.80s  t=14669 | I[A]: A=0.00 B=0.00 C=0.00 D=0.00 | duty[%]: A=0.0 B=0.0 C=0.0 D=0.0
  15.00s  t=14869 | I[A]: A=0.00 B=0.00 C=0.00 D=0.00 | duty[%]: A=0.0 B=0.0 C=0.0 D=0.0
  15.20s  t=15070 | I[A]: A=0.00 B=0.00 C=0.00 D=0.00 | duty[%]: A=0.0 B=0.0 C=0.0 D=0.0
  15.40s  t=15271 | I[A]: A=0.00 B=0.00 C=0.00 D=0.00 | duty[%]: A=0.0 B=0.0 C=0.0 D=0.0
  15.60s  t=15472 | I[A]: A=0.00 B=0.00 C=0.00 D=0.00 | duty[%]: A=0.0 B=0.0 C=0.0 D=0.0
  15.81s  t=15672 | I[A]: A=0.00 B=0.00 C=0.00 D=0.00 | duty[%]: A=0.0 B=0.0 C=0.0 D=0.0
  16.00s  t=15873 | I[A]: A=0.00 B=0.00 C=0.00 D=0.00 | duty[%]: A=0.0 B=0.0 C=0.0 D=0.0
  16.20s  t=16073 | I[A]: A=0.00 B=0.00 C=0.00 D=0.00 | duty[%]: A=0.0 B=0.0 C=0.0 D=0.0
  16.40s  t=16274 | I[A]: A=0.00 B=0.00 C=0.00 D=0.00 | duty[%]: A=0.0 B=0.0 C=0.0 D=0.0
  16.60s  t=16475 | I[A]: A=0.00 B=0.00 C=0.00 D=0.00 | duty[%]: A=0.0 B=0.0 C=0.0 D=0.0
  16.81s  t=16676 | I[A]: A=0.00 B=0.00 C=0.00 D=0.00 | duty[%]: A=0.0 B=0.0 C=0.0 D=0.0
  17.01s  t=16876 | I[A]: A=0.00 B=0.00 C=0.00 D=0.00 | duty[%]: A=0.0 B=0.0 C=0.0 D=0.0
  17.20s  t=17077 | I[A]: A=0.00 B=0.00 C=0.00 D=0.00 | duty[%]: A=0.0 B=0.0 C=0.0 D=0.0
  17.40s  t=17278 | I[A]: A=0.00 B=0.00 C=0.00 D=0.00 | duty[%]: A=0.0 B=0.0 C=0.0 D=0.0
  17.61s  t=17478 | I[A]: A=0.00 B=0.00 C=0.00 D=0.00 | duty[%]: A=0.0 B=0.0 C=0.0 D=0.0
  17.81s  t=17679 | I[A]: A=0.00 B=0.00 C=0.00 D=0.00 | duty[%]: A=0.0 B=0.0 C=0.0 D=0.0
  18.01s  t=17880 | I[A]: A=0.00 B=0.00 C=0.00 D=0.00 | duty[%]: A=0.0 B=0.0 C=0.0 D=0.0
  18.20s  t=18080 | I[A]: A=0.00 B=0.00 C=0.00 D=0.00 | duty[%]: A=0.0 B=0.0 C=0.0 D=0.0
  18.41s  t=18281 | I[A]: A=0.00 B=0.00 C=0.00 D=0.00 | duty[%]: A=0.0 B=0.0 C=0.0 D=0.0
  18.61s  t=18482 | I[A]: A=0.00 B=0.00 C=0.00 D=0.00 | duty[%]: A=0.0 B=0.0 C=0.0 D=0.0
  18.81s  t=18683 | I[A]: A=0.00 B=0.00 C=0.00 D=0.00 | duty[%]: A=0.0 B=0.0 C=0.0 D=0.0
  19.01s  t=18883 | I[A]: A=0.00 B=0.00 C=0.00 D=0.00 | duty[%]: A=0.0 B=0.0 C=0.0 D=0.0
  19.22s  t=19084 | I[A]: A=0.00 B=0.00 C=0.00 D=0.00 | duty[%]: A=0.0 B=0.0 C=0.0 D=0.0
  19.42s  t=19284 | I[A]: A=0.00 B=0.00 C=0.00 D=0.00 | duty[%]: A=0.0 B=0.0 C=0.0 D=0.0
  19.61s  t=19485 | I[A]: A=0.00 B=0.00 C=0.00 D=0.00 | duty[%]: A=0.0 B=0.0 C=0.0 D=0.0
  19.81s  t=19685 | I[A]: A=0.00 B=0.00 C=0.00 D=0.00 | duty[%]: A=0.0 B=0.0 C=0.0 D=0.0
  20.01s  t=19886 | I[A]: A=0.00 B=0.00 C=0.00 D=0.00 | duty[%]: A=0.0 B=0.0 C=0.0 D=0.0
  20.22s  t=20087 | I[A]: A=0.00 B=0.00 C=0.00 D=0.00 | duty[%]: A=0.0 B=0.0 C=0.0 D=0.0
  20.42s  t=20288 | I[A]: A=0.00 B=0.00 C=0.00 D=0.00 | duty[%]: A=0.0 B=0.0 C=0.0 D=0.0
  20.62s  t=20489 | I[A]: A=0.00 B=0.00 C=0.00 D=0.00 | duty[%]: A=0.0 B=0.0 C=0.0 D=0.0
  20.82s  t=20689 | I[A]: A=0.00 B=0.00 C=0.00 D=0.00 | duty[%]: A=0.0 B=0.0 C=0.0 D=0.0
  21.02s  t=20890 | I[A]: A=0.00 B=0.00 C=0.00 D=0.00 | duty[%]: A=0.0 B=0.0 C=0.0 D=0.0
  21.22s  t=21090 | I[A]: A=0.00 B=0.00 C=0.00 D=0.00 | duty[%]: A=0.0 B=0.0 C=0.0 D=0.0
  21.42s  t=21291 | I[A]: A=0.00 B=0.00 C=0.00 D=0.00 | duty[%]: A=0.0 B=0.0 C=0.0 D=0.0
  21.63s  t=21492 | I[A]: A=0.00 B=0.00 C=0.00 D=0.00 | duty[%]: A=0.0 B=0.0 C=0.0 D=0.0
  21.82s  t=21693 | I[A]: A=0.00 B=0.00 C=0.00 D=0.00 | duty[%]: A=0.0 B=0.0 C=0.0 D=0.0
  22.02s  t=21893 | I[A]: A=0.00 B=0.00 C=0.00 D=0.00 | duty[%]: A=0.0 B=0.0 C=0.0 D=0.0
  22.23s  t=22094 | I[A]: A=0.00 B=0.00 C=0.00 D=0.00 | duty[%]: A=0.0 B=0.0 C=0.0 D=0.0
  22.42s  t=22294 | I[A]: A=0.00 B=0.00 C=0.00 D=0.00 | duty[%]: A=0.0 B=0.0 C=0.0 D=0.0
  22.62s  t=22495 | I[A]: A=0.00 B=0.00 C=0.00 D=0.00 | duty[%]: A=0.0 B=0.0 C=0.0 D=0.0
  22.83s  t=22696 | I[A]: A=0.00 B=0.00 C=0.00 D=0.00 | duty[%]: A=0.0 B=0.0 C=0.0 D=0.0
  23.03s  t=22896 | I[A]: A=0.00 B=0.00 C=0.00 D=0.00 | duty[%]: A=0.0 B=0.0 C=0.0 D=0.0
  23.22s  t=23097 | I[A]: A=0.00 B=0.00 C=0.00 D=0.00 | duty[%]: A=0.0 B=0.0 C=0.0 D=0.0
  23.43s  t=23298 | I[A]: A=0.00 B=0.00 C=0.00 D=0.00 | duty[%]: A=0.0 B=0.0 C=0.0 D=0.0
  23.63s  t=23498 | I[A]: A=0.00 B=0.00 C=0.00 D=0.00 | duty[%]: A=0.0 B=0.0 C=0.0 D=0.0
  23.83s  t=23699 | I[A]: A=0.00 B=0.00 C=0.00 D=0.00 | duty[%]: A=0.0 B=0.0 C=0.0 D=0.0
  24.03s  t=23900 | I[A]: A=0.00 B=0.00 C=0.00 D=0.00 | duty[%]: A=0.0 B=0.0 C=0.0 D=0.0
  24.23s  t=24100 | I[A]: A=0.00 B=0.00 C=0.00 D=0.00 | duty[%]: A=0.0 B=0.0 C=0.0 D=0.0
  24.43s  t=24301 | I[A]: A=0.00 B=0.00 C=0.00 D=0.00 | duty[%]: A=0.0 B=0.0 C=0.0 D=0.0
  24.63s  t=24502 | I[A]: A=0.00 B=0.00 C=0.00 D=0.00 | duty[%]: A=0.0 B=0.0 C=0.0 D=0.0
  24.83s  t=24702 | I[A]: A=0.00 B=0.00 C=0.00 D=0.00 | duty[%]: A=0.0 B=0.0 C=0.0 D=0.0
  25.03s  t=24903 | I[A]: A=0.00 B=0.00 C=0.00 D=0.00 | duty[%]: A=0.0 B=0.0 C=0.0 D=0.0
  25.23s  t=25104 | I[A]: A=0.00 B=0.00 C=0.00 D=0.00 | duty[%]: A=0.0 B=0.0 C=0.0 D=0.0
  25.43s  t=25305 | I[A]: A=0.00 B=0.00 C=0.00 D=0.00 | duty[%]: A=0.0 B=0.0 C=0.0 D=0.0
  25.64s  t=25505 | I[A]: A=0.00 B=0.00 C=0.00 D=0.00 | duty[%]: A=0.0 B=0.0 C=0.0 D=0.0
  25.84s  t=25706 | I[A]: A=0.00 B=0.00 C=0.00 D=0.00 | duty[%]: A=0.0 B=0.0 C=0.0 D=0.0
  26.04s  t=25907 | I[A]: A=0.00 B=0.00 C=0.00 D=0.00 | duty[%]: A=0.0 B=0.0 C=0.0 D=0.0
  26.23s  t=26107 | I[A]: A=0.00 B=0.00 C=0.00 D=0.00 | duty[%]: A=0.0 B=0.0 C=0.0 D=0.0
  26.43s  t=26308 | I[A]: A=0.00 B=0.00 C=0.00 D=0.00 | duty[%]: A=0.0 B=0.0 C=0.0 D=0.0
  26.64s  t=26509 | I[A]: A=0.00 B=0.00 C=0.00 D=0.00 | duty[%]: A=0.0 B=0.0 C=0.0 D=0.0
  26.84s  t=26710 | I[A]: A=0.00 B=0.00 C=0.00 D=0.00 | duty[%]: A=0.0 B=0.0 C=0.0 D=0.0
  27.04s  t=26910 | I[A]: A=0.00 B=0.00 C=0.00 D=0.00 | duty[%]: A=0.0 B=0.0 C=0.0 D=0.0
  27.24s  t=27111 | I[A]: A=0.00 B=0.00 C=0.00 D=0.00 | duty[%]: A=0.0 B=0.0 C=0.0 D=0.0
  27.44s  t=27312 | I[A]: A=0.00 B=0.00 C=0.00 D=0.00 | duty[%]: A=0.0 B=0.0 C=0.0 D=0.0
  27.65s  t=27513 | I[A]: A=0.00 B=0.00 C=0.00 D=0.00 | duty[%]: A=0.0 B=0.0 C=0.0 D=0.0
  27.84s  t=27713 | I[A]: A=0.00 B=0.00 C=0.00 D=0.00 | duty[%]: A=0.0 B=0.0 C=0.0 D=0.0
  28.04s  t=27914 | I[A]: A=0.00 B=0.00 C=0.00 D=0.00 | duty[%]: A=0.0 B=0.0 C=0.0 D=0.0
  28.24s  t=28115 | I[A]: A=0.00 B=0.00 C=0.00 D=0.00 | duty[%]: A=0.0 B=0.0 C=0.0 D=0.0
  28.44s  t=28315 | I[A]: A=0.00 B=0.00 C=0.00 D=0.00 | duty[%]: A=0.0 B=0.0 C=0.0 D=0.0
  28.65s  t=28516 | I[A]: A=0.00 B=0.00 C=0.00 D=0.00 | duty[%]: A=0.0 B=0.0 C=0.0 D=0.0
  28.85s  t=28717 | I[A]: A=0.00 B=0.00 C=0.00 D=0.00 | duty[%]: A=0.0 B=0.0 C=0.0 D=0.0
  29.04s  t=28917 | I[A]: A=0.00 B=0.00 C=0.00 D=0.00 | duty[%]: A=0.0 B=0.0 C=0.0 D=0.0
  29.24s  t=29118 | I[A]: A=0.00 B=0.00 C=0.00 D=0.00 | duty[%]: A=0.0 B=0.0 C=0.0 D=0.0
  29.45s  t=29319 | I[A]: A=0.00 B=0.00 C=0.00 D=0.00 | duty[%]: A=0.0 B=0.0 C=0.0 D=0.0
  29.65s  t=29519 | I[A]: A=0.00 B=0.00 C=0.00 D=0.00 | duty[%]: A=0.0 B=0.0 C=0.0 D=0.0
  29.85s  t=29720 | I[A]: A=0.00 B=0.00 C=0.00 D=0.00 | duty[%]: A=0.0 B=0.0 C=0.0 D=0.0
  30.05s  t=29921 | I[A]: A=0.00 B=0.00 C=0.00 D=0.00 | duty[%]: A=0.0 B=0.0 C=0.0 D=0.0
  30.25s  t=30122 | I[A]: A=0.00 B=0.00 C=0.00 D=0.00 | duty[%]: A=0.0 B=0.0 C=0.0 D=0.0
  30.45s  t=30322 | I[A]: A=0.00 B=0.00 C=0.00 D=0.00 | duty[%]: A=0.0 B=0.0 C=0.0 D=0.0
  30.65s  t=30523 | I[A]: A=0.00 B=0.00 C=0.00 D=0.00 | duty[%]: A=0.0 B=0.0 C=0.0 D=0.0
  30.85s  t=30724 | I[A]: A=0.00 B=0.00 C=0.00 D=0.00 | duty[%]: A=0.0 B=0.0 C=0.0 D=0.0
  31.05s  t=30924 | I[A]: A=0.00 B=0.00 C=0.00 D=0.00 | duty[%]: A=0.0 B=0.0 C=0.0 D=0.0
  31.26s  t=31125 | I[A]: A=0.00 B=0.00 C=0.00 D=0.00 | duty[%]: A=0.0 B=0.0 C=0.0 D=0.0
  31.45s  t=31325 | I[A]: A=0.00 B=0.00 C=0.00 D=0.00 | duty[%]: A=0.0 B=0.0 C=0.0 D=0.0
  31.65s  t=31526 | I[A]: A=0.00 B=0.00 C=0.00 D=0.00 | duty[%]: A=0.0 B=0.0 C=0.0 D=0.0
  31.86s  t=31727 | I[A]: A=0.00 B=0.00 C=0.00 D=0.00 | duty[%]: A=0.0 B=0.0 C=0.0 D=0.0
  32.06s  t=31928 | I[A]: A=0.00 B=0.00 C=0.00 D=0.00 | duty[%]: A=0.0 B=0.0 C=0.0 D=0.0
  32.26s  t=32129 | I[A]: A=0.00 B=0.00 C=0.00 D=0.00 | duty[%]: A=0.0 B=0.0 C=0.0 D=0.0
  32.45s  t=32329 | I[A]: A=0.00 B=0.00 C=0.00 D=0.00 | duty[%]: A=0.0 B=0.0 C=0.0 D=0.0
  32.66s  t=32529 | I[A]: A=0.00 B=0.00 C=0.00 D=0.00 | duty[%]: A=0.0 B=0.0 C=0.0 D=0.0
  32.86s  t=32730 | I[A]: A=0.00 B=0.00 C=0.00 D=0.00 | duty[%]: A=0.0 B=0.0 C=0.0 D=0.0
  33.06s  t=32931 | I[A]: A=0.00 B=0.00 C=0.00 D=0.00 | duty[%]: A=0.0 B=0.0 C=0.0 D=0.0
  33.27s  t=33132 | I[A]: A=0.00 B=0.00 C=0.00 D=0.00 | duty[%]: A=0.0 B=0.0 C=0.0 D=0.0
  33.46s  t=33332 | I[A]: A=0.00 B=0.00 C=0.00 D=0.00 | duty[%]: A=0.0 B=0.0 C=0.0 D=0.0
  33.66s  t=33533 | I[A]: A=0.00 B=0.00 C=0.00 D=0.00 | duty[%]: A=0.0 B=0.0 C=0.0 D=0.0
  33.86s  t=33734 | I[A]: A=0.00 B=0.00 C=0.00 D=0.00 | duty[%]: A=0.0 B=0.0 C=0.0 D=0.0
  34.07s  t=33934 | I[A]: A=0.00 B=0.00 C=0.00 D=0.00 | duty[%]: A=0.0 B=0.0 C=0.0 D=0.0
  34.27s  t=34134 | I[A]: A=2.35 B=2.43 C=1.12 D=3.61 | duty[%]: A=100.0 B=100.0 C=100.0 D=100.0
  34.46s  t=34334 | I[A]: A=2.66 B=2.78 C=1.38 D=4.08 | duty[%]: A=100.0 B=100.0 C=100.0 D=100.0
  34.66s  t=34535 | I[A]: A=2.64 B=2.74 C=1.35 D=4.07 | duty[%]: A=100.0 B=100.0 C=100.0 D=100.0
  34.87s  t=34735 | I[A]: A=2.60 B=2.77 C=1.35 D=4.04 | duty[%]: A=100.0 B=100.0 C=100.0 D=100.0
  35.07s  t=34935 | I[A]: A=2.65 B=2.88 C=1.32 D=4.07 | duty[%]: A=100.0 B=100.0 C=100.0 D=100.0
  35.27s  t=35136 | I[A]: A=2.65 B=2.79 C=1.35 D=4.23 | duty[%]: A=100.0 B=100.0 C=100.0 D=100.0
  35.46s  t=35336 | I[A]: A=2.68 B=2.82 C=1.39 D=4.11 | duty[%]: A=100.0 B=100.0 C=100.0 D=100.0
  35.66s  t=35536 | I[A]: A=2.68 B=2.81 C=1.39 D=4.22 | duty[%]: A=100.0 B=100.0 C=100.0 D=100.0
  35.87s  t=35736 | I[A]: A=2.67 B=2.79 C=1.38 D=4.13 | duty[%]: A=100.0 B=100.0 C=100.0 D=100.0
  36.07s  t=35937 | I[A]: A=2.66 B=2.81 C=1.37 D=4.03 | duty[%]: A=100.0 B=100.0 C=100.0 D=100.0
  36.27s  t=36137 | I[A]: A=2.64 B=2.78 C=1.36 D=4.04 | duty[%]: A=100.0 B=100.0 C=100.0 D=100.0
  36.46s  t=36338 | I[A]: A=2.69 B=2.88 C=1.35 D=4.04 | duty[%]: A=100.0 B=100.0 C=100.0 D=100.0
  36.67s  t=36538 | I[A]: A=2.66 B=2.80 C=1.41 D=4.14 | duty[%]: A=100.0 B=100.0 C=100.0 D=100.0
  36.87s  t=36739 | I[A]: A=2.67 B=2.83 C=1.40 D=4.15 | duty[%]: A=100.0 B=100.0 C=100.0 D=100.0
  37.07s  t=36939 | I[A]: A=2.68 B=2.74 C=1.40 D=4.04 | duty[%]: A=100.0 B=100.0 C=100.0 D=100.0
  37.26s  t=37139 | I[A]: A=2.65 B=2.78 C=1.38 D=4.12 | duty[%]: A=100.0 B=100.0 C=100.0 D=100.0
  37.47s  t=37340 | I[A]: A=2.71 B=2.88 C=1.35 D=4.02 | duty[%]: A=100.0 B=100.0 C=100.0 D=100.0
  37.67s  t=37540 | I[A]: A=2.73 B=2.83 C=1.38 D=4.21 | duty[%]: A=100.0 B=100.0 C=100.0 D=100.0
  37.87s  t=37740 | I[A]: A=2.75 B=2.79 C=1.41 D=4.12 | duty[%]: A=100.0 B=100.0 C=100.0 D=100.0
  38.07s  t=37941 | I[A]: A=2.71 B=2.81 C=1.39 D=4.18 | duty[%]: A=100.0 B=100.0 C=100.0 D=100.0
  38.27s  t=38141 | I[A]: A=2.69 B=2.80 C=1.40 D=4.10 | duty[%]: A=100.0 B=100.0 C=100.0 D=100.0
  38.47s  t=38341 | I[A]: A=2.68 B=2.83 C=1.37 D=4.01 | duty[%]: A=100.0 B=100.0 C=100.0 D=100.0
  38.67s  t=38542 | I[A]: A=2.70 B=2.86 C=1.39 D=3.98 | duty[%]: A=100.0 B=100.0 C=100.0 D=100.0
  38.87s  t=38742 | I[A]: A=2.69 B=2.87 C=1.38 D=4.09 | duty[%]: A=100.0 B=100.0 C=100.0 D=100.0
  39.07s  t=38942 | I[A]: A=2.73 B=2.86 C=1.37 D=4.10 | duty[%]: A=100.0 B=100.0 C=100.0 D=100.0
  39.27s  t=39142 | I[A]: A=2.70 B=2.88 C=1.39 D=4.02 | duty[%]: A=100.0 B=100.0 C=100.0 D=100.0
  39.48s  t=39342 | I[A]: A=2.42 B=2.80 C=1.17 D=4.11 | duty[%]: A=100.0 B=100.0 C=100.0 D=100.0
  39.67s  t=39542 | I[A]: A=0.09 B=2.31 C=0.03 D=3.64 | duty[%]: A=100.0 B=100.0 C=100.0 D=100.0
  39.87s  t=39743 | I[A]: A=0.00 B=2.31 C=0.00 D=3.43 | duty[%]: A=100.0 B=100.0 C=100.0 D=100.0
  40.07s  t=39943 | I[A]: A=0.00 B=2.29 C=0.00 D=3.46 | duty[%]: A=100.0 B=100.0 C=100.0 D=100.0
  40.28s  t=40143 | I[A]: A=0.00 B=2.30 C=0.00 D=3.49 | duty[%]: A=100.0 B=100.0 C=100.0 D=100.0
  40.48s  t=40343 | I[A]: A=0.00 B=2.27 C=0.00 D=3.40 | duty[%]: A=100.0 B=100.0 C=100.0 D=100.0
  40.67s  t=40544 | I[A]: A=0.00 B=2.35 C=0.00 D=3.45 | duty[%]: A=100.0 B=100.0 C=100.0 D=100.0
  40.87s  t=40744 | I[A]: A=0.00 B=2.30 C=0.00 D=3.54 | duty[%]: A=100.0 B=100.0 C=100.0 D=100.0
  41.07s  t=40945 | I[A]: A=0.00 B=2.29 C=0.00 D=3.45 | duty[%]: A=100.0 B=100.0 C=100.0 D=100.0
  41.28s  t=41146 | I[A]: A=0.00 B=2.29 C=0.00 D=3.43 | duty[%]: A=100.0 B=100.0 C=100.0 D=100.0
  41.48s  t=41346 | I[A]: A=0.00 B=2.32 C=0.00 D=3.47 | duty[%]: A=100.0 B=100.0 C=100.0 D=100.0
  41.67s  t=41546 | I[A]: A=0.00 B=0.23 C=0.00 D=0.35 | duty[%]: A=100.0 B=100.0 C=100.0 D=100.0
  41.88s  t=41747 | I[A]: A=0.00 B=0.00 C=0.00 D=0.01 | duty[%]: A=100.0 B=100.0 C=100.0 D=100.0
  42.08s  t=41947 | I[A]: A=0.00 B=0.00 C=0.00 D=0.00 | duty[%]: A=100.0 B=100.0 C=100.0 D=100.0
  42.28s  t=42148 | I[A]: A=0.00 B=0.00 C=0.00 D=0.00 | duty[%]: A=100.0 B=100.0 C=100.0 D=100.0
  42.47s  t=42349 | I[A]: A=0.00 B=0.00 C=0.00 D=0.00 | duty[%]: A=100.0 B=100.0 C=100.0 D=100.0
  42.68s  t=42549 | I[A]: A=0.00 B=0.00 C=0.00 D=0.00 | duty[%]: A=100.0 B=100.0 C=100.0 D=100.0
  42.88s  t=42750 | I[A]: A=0.00 B=0.00 C=0.00 D=0.00 | duty[%]: A=100.0 B=100.0 C=100.0 D=100.0
  43.08s  t=42950 | I[A]: A=0.00 B=0.00 C=0.00 D=0.00 | duty[%]: A=100.0 B=100.0 C=100.0 D=100.0
  43.28s  t=43151 | I[A]: A=0.00 B=0.00 C=0.00 D=0.00 | duty[%]: A=100.0 B=100.0 C=100.0 D=100.0
  43.49s  t=43351 | I[A]: A=0.00 B=0.00 C=0.00 D=0.00 | duty[%]: A=100.0 B=100.0 C=100.0 D=100.0
  43.68s  t=43551 | I[A]: A=0.00 B=0.00 C=0.00 D=0.00 | duty[%]: A=100.0 B=100.0 C=100.0 D=100.0
  43.88s  t=43751 | I[A]: A=0.00 B=0.00 C=0.00 D=0.00 | duty[%]: A=100.0 B=100.0 C=100.0 D=100.0
  44.08s  t=43951 | I[A]: A=0.00 B=0.00 C=0.00 D=0.00 | duty[%]: A=100.0 B=100.0 C=100.0 D=100.0
  44.29s  t=44152 | I[A]: A=0.00 B=0.00 C=0.00 D=0.00 | duty[%]: A=100.0 B=100.0 C=100.0 D=100.0
  44.48s  t=44352 | I[A]: A=0.00 B=0.00 C=0.00 D=0.00 | duty[%]: A=100.0 B=100.0 C=100.0 D=100.0
  44.68s  t=44552 | I[A]: A=0.00 B=0.00 C=0.00 D=0.00 | duty[%]: A=100.0 B=100.0 C=100.0 D=100.0
  44.89s  t=44752 | I[A]: A=0.00 B=0.00 C=0.00 D=0.00 | duty[%]: A=100.0 B=100.0 C=100.0 D=100.0
  45.08s  t=44953 | I[A]: A=0.00 B=0.00 C=0.00 D=0.00 | duty[%]: A=100.0 B=100.0 C=100.0 D=100.0
