   0.00s  īŋŊxīŋŊīŋŊīŋŊxīŋŊxīŋŊīŋŊīŋŊxīŋŊxīŋŊīŋŊīŋŊxīŋŊxīŋŊīŋŊīŋŊxīŋŊxīŋŊīŋŊīŋŊxīŋŊxīŋŊīŋŊīŋŊxīŋŊxīŋŊīŋŊīŋŊīŋŊ667 pīŋŊets Jul 29 2019 12:21:46
   0.00s  
   0.00s  rst:0x1 (POWERON_RESET),boot:0x13 (SPI_FAST_FLASH_BOOT)
   0.00s  configsip: 0, SPIWP:0xee
   0.00s  clk_drv:0x00,q_drv:0x00,d_drv:0x00,cs0_drv:0x00,hd_drv:0x00,wp_drv:0x00
   0.00s  mode:DIO, clock div:2
   0.00s  load:0x3fff0030,len:1184
   0.00s  load:0x40078000,len:13232
   0.00s  load:0x40080400,len:3028
   0.00s  entry 0x400805e4
   1.30s  balanced_experiment: arming 3000ms, then loading /spinup.json (pi=1)
   1.31s  t=1152 phase=0 freq=150.0 | I[A]: A=0.00 B=0.00 C=0.00 D=0.00 | duty[%]: A=0.0 B=0.0 C=0.0 D=0.0 | spread=0.000 pi=1 hold=0 ihold=0.00
   1.80s  t=1652 phase=0 freq=150.0 | I[A]: A=0.00 B=0.00 C=0.00 D=0.00 | duty[%]: A=0.0 B=0.0 C=0.0 D=0.0 | spread=0.000 pi=1 hold=0 ihold=0.00
   2.30s  t=2152 phase=0 freq=150.0 | I[A]: A=0.00 B=0.00 C=0.00 D=0.00 | duty[%]: A=0.0 B=0.0 C=0.0 D=0.0 | spread=0.000 pi=1 hold=0 ihold=0.00
   2.80s  t=2652 phase=0 freq=150.0 | I[A]: A=0.00 B=0.00 C=0.00 D=0.00 | duty[%]: A=0.0 B=0.0 C=0.0 D=0.0 | spread=0.000 pi=1 hold=0 ihold=0.00
   3.30s  t=3152 phase=0 freq=150.0 | I[A]: A=0.00 B=0.00 C=0.00 D=0.00 | duty[%]: A=0.0 B=0.0 C=0.0 D=0.0 | spread=0.000 pi=1 hold=0 ihold=0.00
   3.80s  t=3652 phase=0 freq=150.0 | I[A]: A=0.00 B=0.00 C=0.00 D=0.00 | duty[%]: A=0.0 B=0.0 C=0.0 D=0.0 | spread=0.000 pi=1 hold=0 ihold=0.00
   4.30s  ARMED -> running experiment
   4.32s  t=4153 phase=1 freq=150.0 | I[A]: A=0.00 B=0.00 C=-0.00 D=0.00 | duty[%]: A=0.0 B=0.0 C=0.0 D=0.0 | spread=0.000 pi=1 hold=0 ihold=0.00
   4.81s  t=4653 phase=1 freq=0.0 | I[A]: A=0.00 B=0.00 C=-0.01 D=0.00 | duty[%]: A=20.0 B=20.0 C=20.0 D=20.0 | spread=0.011 pi=1 hold=0 ihold=0.00
   5.30s  t=5154 phase=1 freq=0.0 | I[A]: A=0.00 B=0.00 C=-0.01 D=0.01 | duty[%]: A=20.0 B=20.0 C=20.0 D=20.0 | spread=0.025 pi=1 hold=0 ihold=0.00
   5.80s  t=5654 phase=1 freq=0.0 | I[A]: A=0.00 B=0.00 C=-0.01 D=0.00 | duty[%]: A=20.0 B=20.0 C=20.0 D=20.0 | spread=0.010 pi=1 hold=0 ihold=0.00
   6.30s  t=6154 phase=1 freq=7.9 | I[A]: A=0.00 B=0.00 C=-0.01 D=0.00 | duty[%]: A=20.0 B=20.0 C=20.0 D=20.0 | spread=0.011 pi=1 hold=0 ihold=0.00
   6.81s  t=6654 phase=1 freq=16.3 | I[A]: A=0.00 B=0.00 C=-0.01 D=0.00 | duty[%]: A=40.6 B=40.6 C=40.6 D=40.6 | spread=0.011 pi=1 hold=0 ihold=0.00
   7.31s  t=7154 phase=1 freq=24.6 | I[A]: A=0.00 B=0.00 C=-0.01 D=0.00 | duty[%]: A=61.5 B=61.5 C=61.5 D=61.5 | spread=0.011 pi=1 hold=0 ihold=0.00
   7.80s  t=7654 phase=1 freq=25.7 | I[A]: A=0.00 B=0.00 C=-0.01 D=0.00 | duty[%]: A=64.3 B=64.3 C=64.3 D=64.3 | spread=0.012 pi=1 hold=0 ihold=0.00
   8.30s  t=8154 phase=1 freq=26.5 | I[A]: A=0.00 B=0.00 C=-0.01 D=0.00 | duty[%]: A=66.2 B=66.2 C=66.2 D=66.2 | spread=0.011 pi=1 hold=0 ihold=0.00
   8.81s  t=8654 phase=1 freq=27.2 | I[A]: A=0.00 B=0.00 C=-0.01 D=0.00 | duty[%]: A=68.0 B=68.0 C=68.0 D=68.0 | spread=0.010 pi=1 hold=0 ihold=0.00
   9.30s  t=9155 phase=1 freq=28.0 | I[A]: A=0.00 B=0.00 C=-0.01 D=0.00 | duty[%]: A=69.9 B=69.9 C=69.9 D=69.9 | spread=0.011 pi=1 hold=0 ihold=0.00
   9.80s  t=9655 phase=1 freq=28.7 | I[A]: A=0.00 B=0.00 C=-0.01 D=0.00 | duty[%]: A=71.8 B=71.8 C=71.8 D=71.8 | spread=0.012 pi=1 hold=0 ihold=0.00
  10.30s  t=10155 phase=1 freq=29.5 | I[A]: A=0.00 B=0.00 C=-0.00 D=0.00 | duty[%]: A=73.7 B=73.7 C=73.7 D=73.7 | spread=0.003 pi=1 hold=0 ihold=0.00
  10.81s  t=10655 phase=1 freq=30.2 | I[A]: A=0.00 B=0.00 C=-0.01 D=0.00 | duty[%]: A=75.0 B=75.0 C=75.0 D=75.0 | spread=0.011 pi=1 hold=0 ihold=0.00
  11.31s  t=11155 phase=1 freq=31.0 | I[A]: A=0.00 B=0.00 C=-0.01 D=0.00 | duty[%]: A=75.0 B=75.0 C=75.0 D=75.0 | spread=0.011 pi=1 hold=0 ihold=0.00
  11.81s  t=11655 phase=1 freq=31.7 | I[A]: A=0.00 B=0.00 C=-0.01 D=0.00 | duty[%]: A=75.0 B=75.0 C=75.0 D=75.0 | spread=0.007 pi=1 hold=0 ihold=0.00
  12.30s  t=12155 phase=1 freq=32.5 | I[A]: A=0.00 B=0.00 C=-0.01 D=0.00 | duty[%]: A=75.0 B=75.0 C=75.0 D=75.0 | spread=0.011 pi=1 hold=0 ihold=0.00
  12.80s  t=12655 phase=1 freq=33.2 | I[A]: A=0.00 B=0.00 C=-0.01 D=0.00 | duty[%]: A=75.0 B=75.0 C=75.0 D=75.0 | spread=0.011 pi=1 hold=0 ihold=0.00
  13.31s  t=13156 phase=1 freq=34.0 | I[A]: A=0.00 B=0.00 C=-0.01 D=0.00 | duty[%]: A=75.0 B=75.0 C=75.0 D=75.0 | spread=0.011 pi=1 hold=0 ihold=0.00
  13.81s  t=13656 phase=1 freq=34.7 | I[A]: A=0.00 B=0.00 C=-0.01 D=0.00 | duty[%]: A=75.0 B=75.0 C=75.0 D=75.0 | spread=0.011 pi=1 hold=0 ihold=0.00
  14.30s  t=14156 phase=1 freq=35.5 | I[A]: A=0.00 B=0.00 C=-0.01 D=0.00 | duty[%]: A=75.0 B=75.0 C=75.0 D=75.0 | spread=0.011 pi=1 hold=0 ihold=0.00
  14.80s  t=14656 phase=1 freq=36.2 | I[A]: A=0.00 B=0.00 C=-0.01 D=0.00 | duty[%]: A=75.0 B=75.0 C=75.0 D=75.0 | spread=0.011 pi=1 hold=0 ihold=0.00
  15.31s  t=15156 phase=1 freq=37.0 | I[A]: A=0.00 B=0.00 C=-0.01 D=0.00 | duty[%]: A=75.0 B=75.0 C=75.0 D=75.0 | spread=0.011 pi=1 hold=0 ihold=0.00
  15.81s  t=15656 phase=1 freq=37.7 | I[A]: A=0.00 B=0.00 C=-0.00 D=0.00 | duty[%]: A=75.0 B=75.0 C=75.0 D=75.0 | spread=0.005 pi=1 hold=0 ihold=0.00
  16.30s  t=16157 phase=1 freq=38.5 | I[A]: A=0.00 B=0.00 C=-0.01 D=0.00 | duty[%]: A=75.0 B=75.0 C=75.0 D=75.0 | spread=0.013 pi=1 hold=0 ihold=0.00
  16.80s  t=16657 phase=1 freq=39.2 | I[A]: A=0.00 B=0.00 C=-0.01 D=0.00 | duty[%]: A=75.0 B=75.0 C=75.0 D=75.0 | spread=0.011 pi=1 hold=0 ihold=0.00
  17.30s  t=17157 phase=1 freq=40.0 | I[A]: A=0.00 B=0.00 C=-0.01 D=0.00 | duty[%]: A=75.0 B=75.0 C=75.0 D=75.0 | spread=0.011 pi=1 hold=0 ihold=0.00
  17.80s  t=17657 phase=1 freq=41.2 | I[A]: A=0.00 B=0.00 C=-0.01 D=0.00 | duty[%]: A=75.0 B=75.0 C=75.0 D=75.0 | spread=0.011 pi=1 hold=0 ihold=0.00
  18.30s  t=18157 phase=1 freq=42.4 | I[A]: A=0.00 B=0.00 C=-0.01 D=0.00 | duty[%]: A=75.0 B=75.0 C=75.0 D=75.0 | spread=0.010 pi=1 hold=0 ihold=0.00
  18.81s  t=18657 phase=1 freq=43.6 | I[A]: A=0.00 B=0.00 C=-0.01 D=0.00 | duty[%]: A=75.0 B=75.0 C=75.0 D=75.0 | spread=0.011 pi=1 hold=0 ihold=0.00
  19.31s  t=19157 phase=1 freq=44.9 | I[A]: A=0.00 B=0.00 C=-0.01 D=0.00 | duty[%]: A=75.0 B=75.0 C=75.0 D=75.0 | spread=0.013 pi=1 hold=0 ihold=0.00
  19.81s  t=19657 phase=1 freq=46.1 | I[A]: A=0.00 B=0.00 C=-0.01 D=0.00 | duty[%]: A=75.0 B=75.0 C=75.0 D=75.0 | spread=0.011 pi=1 hold=0 ihold=0.00
  20.31s  t=20157 phase=1 freq=47.3 | I[A]: A=0.00 B=0.00 C=-0.01 D=0.00 | duty[%]: A=75.0 B=75.0 C=75.0 D=75.0 | spread=0.011 pi=1 hold=0 ihold=0.00
  20.81s  t=20657 phase=1 freq=48.5 | I[A]: A=0.00 B=0.00 C=-0.01 D=0.00 | duty[%]: A=75.0 B=75.0 C=75.0 D=75.0 | spread=0.011 pi=1 hold=0 ihold=0.00
  21.31s  t=21157 phase=1 freq=49.8 | I[A]: A=0.00 B=0.00 C=-0.01 D=0.00 | duty[%]: A=75.0 B=75.0 C=75.0 D=75.0 | spread=0.011 pi=1 hold=0 ihold=0.00
  21.81s  t=21657 phase=1 freq=51.0 | I[A]: A=0.00 B=0.00 C=-0.01 D=0.00 | duty[%]: A=75.0 B=75.0 C=75.0 D=75.0 | spread=0.011 pi=1 hold=0 ihold=0.00
  22.30s  t=22157 phase=1 freq=52.2 | I[A]: A=0.00 B=0.00 C=-0.01 D=0.00 | duty[%]: A=75.0 B=75.0 C=75.0 D=75.0 | spread=0.011 pi=1 hold=0 ihold=0.00
  22.80s  t=22657 phase=1 freq=53.5 | I[A]: A=0.00 B=0.00 C=-0.01 D=0.00 | duty[%]: A=75.0 B=75.0 C=75.0 D=75.0 | spread=0.011 pi=1 hold=0 ihold=0.00
  23.31s  t=23158 phase=1 freq=54.7 | I[A]: A=0.00 B=0.00 C=-0.01 D=0.00 | duty[%]: A=75.0 B=75.0 C=75.0 D=75.0 | spread=0.011 pi=1 hold=0 ihold=0.00
  23.81s  t=23658 phase=1 freq=56.2 | I[A]: A=0.00 B=0.00 C=-0.01 D=0.00 | duty[%]: A=75.0 B=75.0 C=75.0 D=75.0 | spread=0.011 pi=1 hold=0 ihold=0.00
  24.31s  t=24158 phase=1 freq=57.9 | I[A]: A=0.00 B=0.00 C=-0.01 D=0.00 | duty[%]: A=75.0 B=75.0 C=75.0 D=75.0 | spread=0.011 pi=1 hold=0 ihold=0.00
  24.81s  t=24658 phase=1 freq=59.5 | I[A]: A=0.00 B=0.00 C=-0.01 D=0.00 | duty[%]: A=75.0 B=75.0 C=75.0 D=75.0 | spread=0.011 pi=1 hold=0 ihold=0.00
  25.31s  t=25158 phase=1 freq=61.1 | I[A]: A=0.00 B=0.00 C=-0.01 D=0.00 | duty[%]: A=75.0 B=75.0 C=75.0 D=75.0 | spread=0.011 pi=1 hold=0 ihold=0.00
  25.80s  t=25659 phase=1 freq=62.7 | I[A]: A=0.00 B=0.00 C=-0.01 D=0.00 | duty[%]: A=75.0 B=75.0 C=75.0 D=75.0 | spread=0.011 pi=1 hold=0 ihold=0.00
  26.31s  t=26159 phase=1 freq=64.4 | I[A]: A=0.00 B=0.00 C=-0.01 D=0.00 | duty[%]: A=75.0 B=75.0 C=75.0 D=75.0 | spread=0.011 pi=1 hold=0 ihold=0.00
  26.81s  t=26659 phase=1 freq=66.0 | I[A]: A=0.00 B=0.00 C=-0.01 D=0.00 | duty[%]: A=75.0 B=75.0 C=75.0 D=75.0 | spread=0.011 pi=1 hold=0 ihold=0.00
  27.30s  t=27159 phase=1 freq=67.6 | I[A]: A=0.00 B=0.00 C=-0.01 D=0.00 | duty[%]: A=75.0 B=75.0 C=75.0 D=75.0 | spread=0.011 pi=1 hold=0 ihold=0.00
  27.80s  t=27659 phase=1 freq=69.3 | I[A]: A=0.00 B=0.00 C=-0.01 D=0.00 | duty[%]: A=75.0 B=75.0 C=75.0 D=75.0 | spread=0.011 pi=1 hold=0 ihold=0.00
  28.31s  t=28159 phase=1 freq=71.0 | I[A]: A=0.00 B=0.00 C=-0.01 D=0.00 | duty[%]: A=75.0 B=75.0 C=75.0 D=75.0 | spread=0.011 pi=1 hold=0 ihold=0.00
  28.81s  t=28659 phase=1 freq=72.8 | I[A]: A=0.00 B=0.00 C=-0.01 D=0.00 | duty[%]: A=75.0 B=75.0 C=75.0 D=75.0 | spread=0.011 pi=1 hold=0 ihold=0.00
  29.31s  t=29159 phase=1 freq=74.6 | I[A]: A=0.00 B=0.00 C=-0.01 D=0.00 | duty[%]: A=75.0 B=75.0 C=75.0 D=75.0 | spread=0.011 pi=1 hold=0 ihold=0.00
  29.81s  t=29659 phase=1 freq=76.3 | I[A]: A=0.00 B=0.00 C=-0.01 D=0.00 | duty[%]: A=75.0 B=75.0 C=75.0 D=75.0 | spread=0.011 pi=1 hold=0 ihold=0.00
  30.31s  t=30159 phase=1 freq=78.1 | I[A]: A=0.00 B=0.00 C=-0.01 D=0.00 | duty[%]: A=75.0 B=75.0 C=75.0 D=75.0 | spread=0.011 pi=1 hold=0 ihold=0.00
  30.81s  t=30659 phase=1 freq=79.9 | I[A]: A=0.00 B=0.00 C=-0.01 D=0.00 | duty[%]: A=75.0 B=75.0 C=75.0 D=75.0 | spread=0.011 pi=1 hold=0 ihold=0.00
  31.31s  t=31159 phase=1 freq=81.7 | I[A]: A=0.00 B=0.00 C=-0.01 D=0.01 | duty[%]: A=75.0 B=75.0 C=75.0 D=75.0 | spread=0.024 pi=1 hold=0 ihold=0.00
  31.81s  t=31659 phase=1 freq=83.5 | I[A]: A=0.00 B=0.00 C=-0.01 D=0.00 | duty[%]: A=75.0 B=75.0 C=75.0 D=75.0 | spread=0.013 pi=1 hold=0 ihold=0.00
  32.31s  t=32160 phase=1 freq=85.4 | I[A]: A=0.00 B=0.00 C=-0.01 D=0.00 | duty[%]: A=75.0 B=75.0 C=75.0 D=75.0 | spread=0.011 pi=1 hold=0 ihold=0.00
  32.81s  t=32661 phase=1 freq=87.9 | I[A]: A=0.00 B=0.00 C=-0.01 D=0.00 | duty[%]: A=75.0 B=75.0 C=75.0 D=75.0 | spread=0.011 pi=1 hold=0 ihold=0.00
  33.31s  t=33161 phase=1 freq=90.4 | I[A]: A=0.00 B=0.00 C=-0.01 D=0.00 | duty[%]: A=75.0 B=75.0 C=75.0 D=75.0 | spread=0.011 pi=1 hold=0 ihold=0.00
  33.81s  t=33661 phase=1 freq=92.9 | I[A]: A=0.00 B=0.00 C=-0.01 D=0.00 | duty[%]: A=75.0 B=75.0 C=75.0 D=75.0 | spread=0.011 pi=1 hold=0 ihold=0.00
  34.31s  t=34161 phase=1 freq=95.4 | I[A]: A=0.00 B=0.00 C=-0.01 D=0.00 | duty[%]: A=75.0 B=75.0 C=75.0 D=75.0 | spread=0.011 pi=1 hold=0 ihold=0.00
  34.81s  t=34661 phase=1 freq=97.9 | I[A]: A=0.00 B=0.00 C=-0.01 D=0.00 | duty[%]: A=75.0 B=75.0 C=75.0 D=75.0 | spread=0.011 pi=1 hold=0 ihold=0.00
  35.31s  t=35161 phase=1 freq=100.6 | I[A]: A=0.00 B=0.00 C=-0.01 D=0.00 | duty[%]: A=75.0 B=75.0 C=75.0 D=75.0 | spread=0.011 pi=1 hold=0 ihold=0.00
  35.81s  t=35661 phase=1 freq=104.4 | I[A]: A=0.00 B=0.00 C=-0.01 D=0.00 | duty[%]: A=75.0 B=75.0 C=75.0 D=75.0 | spread=0.011 pi=1 hold=0 ihold=0.00
  36.31s  t=36161 phase=1 freq=108.3 | I[A]: A=0.00 B=0.00 C=-0.01 D=0.00 | duty[%]: A=75.0 B=75.0 C=75.0 D=75.0 | spread=0.011 pi=1 hold=0 ihold=0.00
  36.81s  t=36661 phase=1 freq=112.1 | I[A]: A=0.00 B=0.00 C=-0.01 D=0.00 | duty[%]: A=75.0 B=75.0 C=75.0 D=75.0 | spread=0.011 pi=1 hold=0 ihold=0.00
  37.31s  t=37161 phase=1 freq=116.0 | I[A]: A=0.00 B=0.00 C=-0.01 D=0.00 | duty[%]: A=75.0 B=75.0 C=75.0 D=75.0 | spread=0.011 pi=1 hold=0 ihold=0.00
  37.81s  t=37661 phase=1 freq=119.8 | I[A]: A=0.00 B=0.00 C=-0.01 D=0.00 | duty[%]: A=75.0 B=75.0 C=75.0 D=75.0 | spread=0.011 pi=1 hold=0 ihold=0.00
  38.32s  t=38162 phase=1 freq=125.0 | I[A]: A=0.00 B=0.00 C=-0.01 D=0.00 | duty[%]: A=75.0 B=75.0 C=75.0 D=75.0 | spread=0.011 pi=1 hold=0 ihold=0.00
  38.81s  t=38663 phase=1 freq=130.3 | I[A]: A=0.00 B=0.00 C=-0.01 D=0.00 | duty[%]: A=75.0 B=75.0 C=75.0 D=75.0 | spread=0.011 pi=1 hold=0 ihold=0.00
  39.31s  t=39163 phase=1 freq=135.5 | I[A]: A=0.00 B=0.00 C=-0.01 D=0.00 | duty[%]: A=75.0 B=75.0 C=75.0 D=75.0 | spread=0.011 pi=1 hold=0 ihold=0.00
  39.81s  t=39663 phase=1 freq=140.9 | I[A]: A=0.00 B=0.00 C=-0.01 D=0.00 | duty[%]: A=75.0 B=75.0 C=75.0 D=75.0 | spread=0.011 pi=1 hold=0 ihold=0.00
  40.31s  t=40163 phase=1 freq=146.9 | I[A]: A=0.00 B=0.00 C=-0.01 D=0.00 | duty[%]: A=75.0 B=75.0 C=75.0 D=75.0 | spread=0.011 pi=1 hold=0 ihold=0.00
  40.81s  t=40663 phase=1 freq=152.9 | I[A]: A=0.00 B=0.00 C=-0.01 D=0.00 | duty[%]: A=75.0 B=75.0 C=75.0 D=75.0 | spread=0.011 pi=1 hold=0 ihold=0.00
  41.31s  t=41164 phase=1 freq=158.9 | I[A]: A=0.00 B=0.00 C=-0.01 D=0.00 | duty[%]: A=75.0 B=75.0 C=75.0 D=75.0 | spread=0.011 pi=1 hold=0 ihold=0.00
  41.81s  t=41664 phase=1 freq=164.9 | I[A]: A=0.00 B=0.00 C=-0.01 D=0.00 | duty[%]: A=75.0 B=75.0 C=75.0 D=75.0 | spread=0.011 pi=1 hold=0 ihold=0.00
  42.32s  t=42165 phase=1 freq=170.0 | I[A]: A=0.00 B=0.00 C=-0.01 D=0.00 | duty[%]: A=75.0 B=75.0 C=75.0 D=75.0 | spread=0.011 pi=1 hold=0 ihold=0.00
  42.81s  t=42665 phase=1 freq=170.0 | I[A]: A=0.00 B=0.00 C=-0.01 D=0.00 | duty[%]: A=75.0 B=75.0 C=75.0 D=75.0 | spread=0.011 pi=1 hold=0 ihold=0.00
  43.31s  t=43165 phase=1 freq=170.0 | I[A]: A=0.00 B=0.00 C=-0.01 D=0.00 | duty[%]: A=75.0 B=75.0 C=75.0 D=75.0 | spread=0.011 pi=1 hold=0 ihold=0.00
  43.81s  t=43665 phase=1 freq=170.0 | I[A]: A=0.00 B=0.00 C=-0.01 D=0.00 | duty[%]: A=75.0 B=75.0 C=75.0 D=75.0 | spread=0.011 pi=1 hold=0 ihold=0.00
  44.31s  t=44165 phase=1 freq=170.0 | I[A]: A=0.00 B=0.00 C=-0.01 D=0.00 | duty[%]: A=75.0 B=75.0 C=75.0 D=75.0 | spread=0.014 pi=1 hold=0 ihold=0.00
  44.81s  t=44665 phase=1 freq=170.0 | I[A]: A=0.00 B=0.00 C=-0.01 D=0.00 | duty[%]: A=75.0 B=75.0 C=75.0 D=75.0 | spread=0.011 pi=1 hold=0 ihold=0.00
  45.31s  t=45165 phase=1 freq=170.0 | I[A]: A=0.00 B=0.00 C=-0.01 D=0.00 | duty[%]: A=75.0 B=75.0 C=75.0 D=75.0 | spread=0.011 pi=1 hold=0 ihold=0.00
  45.81s  t=45665 phase=1 freq=170.0 | I[A]: A=0.00 B=0.00 C=-0.01 D=0.00 | duty[%]: A=75.0 B=75.0 C=75.0 D=75.0 | spread=0.011 pi=1 hold=0 ihold=0.00
  46.31s  t=46166 phase=1 freq=170.0 | I[A]: A=0.00 B=0.00 C=-0.01 D=0.00 | duty[%]: A=75.0 B=75.0 C=75.0 D=75.0 | spread=0.011 pi=1 hold=0 ihold=0.00
  46.81s  t=46666 phase=1 freq=170.0 | I[A]: A=0.00 B=0.00 C=-0.01 D=0.00 | duty[%]: A=75.0 B=75.0 C=75.0 D=75.0 | spread=0.008 pi=1 hold=0 ihold=0.00
  47.32s  t=47166 phase=1 freq=170.0 | I[A]: A=0.00 B=0.00 C=-0.01 D=0.00 | duty[%]: A=75.0 B=75.0 C=75.0 D=75.0 | spread=0.011 pi=1 hold=0 ihold=0.00
  47.82s  t=47666 phase=1 freq=170.0 | I[A]: A=0.00 B=0.00 C=-0.01 D=0.00 | duty[%]: A=75.0 B=75.0 C=75.0 D=75.0 | spread=0.011 pi=1 hold=0 ihold=0.00
  48.31s  t=48166 phase=1 freq=170.0 | I[A]: A=0.00 B=0.00 C=-0.01 D=0.00 | duty[%]: A=75.0 B=75.0 C=75.0 D=75.0 | spread=0.011 pi=1 hold=0 ihold=0.00
  48.81s  t=48666 phase=1 freq=170.0 | I[A]: A=0.00 B=0.00 C=-0.01 D=0.00 | duty[%]: A=75.0 B=75.0 C=75.0 D=75.0 | spread=0.011 pi=1 hold=0 ihold=0.00
  49.32s  t=49167 phase=1 freq=170.0 | I[A]: A=0.00 B=0.00 C=-0.01 D=0.00 | duty[%]: A=75.0 B=75.0 C=75.0 D=75.0 | spread=0.011 pi=1 hold=0 ihold=0.00
  49.82s  t=49667 phase=1 freq=170.0 | I[A]: A=0.00 B=0.00 C=-0.01 D=0.00 | duty[%]: A=75.0 B=75.0 C=75.0 D=75.0 | spread=0.011 pi=1 hold=0 ihold=0.00
  50.31s  t=50167 phase=1 freq=170.0 | I[A]: A=0.00 B=0.00 C=-0.01 D=0.00 | duty[%]: A=75.0 B=75.0 C=75.0 D=75.0 | spread=0.011 pi=1 hold=0 ihold=0.00
  50.81s  t=50667 phase=1 freq=170.0 | I[A]: A=0.00 B=0.00 C=-0.01 D=0.00 | duty[%]: A=75.0 B=75.0 C=75.0 D=75.0 | spread=0.011 pi=1 hold=0 ihold=0.00
  51.32s  t=51167 phase=1 freq=170.0 | I[A]: A=0.00 B=0.00 C=-0.01 D=0.00 | duty[%]: A=75.0 B=75.0 C=75.0 D=75.0 | spread=0.011 pi=1 hold=0 ihold=0.00
  51.82s  t=51667 phase=1 freq=170.0 | I[A]: A=0.00 B=0.00 C=-0.01 D=0.00 | duty[%]: A=75.0 B=75.0 C=75.0 D=75.0 | spread=0.011 pi=1 hold=0 ihold=0.00
  52.31s  t=52168 phase=1 freq=170.0 | I[A]: A=0.00 B=0.00 C=-0.01 D=0.00 | duty[%]: A=75.0 B=75.0 C=75.0 D=75.0 | spread=0.011 pi=1 hold=0 ihold=0.00
  52.82s  t=52668 phase=1 freq=170.0 | I[A]: A=0.00 B=0.00 C=-0.01 D=0.00 | duty[%]: A=75.0 B=75.0 C=75.0 D=75.0 | spread=0.011 pi=1 hold=0 ihold=0.00
  53.32s  t=53168 phase=1 freq=170.0 | I[A]: A=0.00 B=0.00 C=-0.01 D=0.00 | duty[%]: A=75.0 B=75.0 C=75.0 D=75.0 | spread=0.011 pi=1 hold=0 ihold=0.00
  53.81s  t=53668 phase=1 freq=170.0 | I[A]: A=0.00 B=0.00 C=-0.01 D=0.00 | duty[%]: A=75.0 B=75.0 C=75.0 D=75.0 | spread=0.011 pi=1 hold=0 ihold=0.00
  54.31s  t=54168 phase=1 freq=170.0 | I[A]: A=0.00 B=0.00 C=-0.01 D=0.00 | duty[%]: A=0.0 B=0.0 C=0.0 D=0.0 | spread=0.011 pi=1 hold=0 ihold=0.00
  54.73s  experiment complete -> DONE (coils latched OFF)
  54.82s  t=54668 phase=2 freq=170.0 | I[A]: A=0.00 B=0.00 C=-0.01 D=0.00 | duty[%]: A=0.0 B=0.0 C=0.0 D=0.0 | spread=0.011 pi=1 hold=0 ihold=0.00
  55.32s  t=55168 phase=2 freq=170.0 | I[A]: A=0.00 B=0.00 C=-0.01 D=0.00 | duty[%]: A=0.0 B=0.0 C=0.0 D=0.0 | spread=0.011 pi=1 hold=0 ihold=0.00
  55.81s  t=55669 phase=2 freq=170.0 | I[A]: A=0.00 B=0.00 C=-0.01 D=0.00 | duty[%]: A=0.0 B=0.0 C=0.0 D=0.0 | spread=0.011 pi=1 hold=0 ihold=0.00
  56.32s  t=56169 phase=2 freq=170.0 | I[A]: A=0.00 B=0.00 C=-0.01 D=0.00 | duty[%]: A=0.0 B=0.0 C=0.0 D=0.0 | spread=0.011 pi=1 hold=0 ihold=0.00
  56.82s  t=56669 phase=2 freq=170.0 | I[A]: A=0.00 B=0.00 C=-0.01 D=0.00 | duty[%]: A=0.0 B=0.0 C=0.0 D=0.0 | spread=0.011 pi=1 hold=0 ihold=0.00
  57.32s  t=57170 phase=2 freq=170.0 | I[A]: A=0.00 B=0.00 C=-0.01 D=0.00 | duty[%]: A=0.0 B=0.0 C=0.0 D=0.0 | spread=0.011 pi=1 hold=0 ihold=0.00
  57.82s  t=57670 phase=2 freq=170.0 | I[A]: A=0.00 B=0.00 C=-0.01 D=0.00 | duty[%]: A=0.0 B=0.0 C=0.0 D=0.0 | spread=0.011 pi=1 hold=0 ihold=0.00
  58.32s  t=58170 phase=2 freq=170.0 | I[A]: A=0.00 B=0.00 C=-0.01 D=0.00 | duty[%]: A=0.0 B=0.0 C=0.0 D=0.0 | spread=0.011 pi=1 hold=0 ihold=0.00
  58.82s  t=58671 phase=2 freq=170.0 | I[A]: A=0.00 B=0.00 C=-0.01 D=0.00 | duty[%]: A=0.0 B=0.0 C=0.0 D=0.0 | spread=0.011 pi=1 hold=0 ihold=0.00
  59.32s  t=59172 phase=2 freq=170.0 | I[A]: A=0.00 B=0.00 C=-0.01 D=0.00 | duty[%]: A=0.0 B=0.0 C=0.0 D=0.0 | spread=0.011 pi=1 hold=0 ihold=0.00
