   0.00s  ets Jul 29 2019 12:21:46
   0.00s  
   0.00s  rst:0x1 (POWERON_RESET),boot:0x13 (SPI_FAST_FLASH_BOOT)
   0.00s  configsip: 0, SPIWP:0xee
   0.00s  clk_drv:0x00,q_drv:0x00,d_drv:0x00,cs0_drv:0x00,hd_drv:0x00,wp_drv:0x00
   0.00s  mode:DIO, clock div:2
   0.00s  load:0x3fff0030,len:1184
   0.00s  load:0x40078000,len:13232
   0.00s  load:0x40080400,len:3028
   0.00s  entry 0x400805e4
   1.30s  balanced_experiment: arming 3000ms, then loading /tilt.json (pi=1)
   1.31s  t=1153 phase=0 freq=190.0 | I[A]: A=0.00 B=0.00 C=0.00 D=0.00 | duty[%]: A=0.0 B=0.0 C=0.0 D=0.0 | spread=0.000 pi=1
   1.80s  t=1654 phase=0 freq=190.0 | I[A]: A=0.00 B=0.00 C=0.00 D=0.00 | duty[%]: A=0.0 B=0.0 C=0.0 D=0.0 | spread=0.000 pi=1
   2.30s  t=2154 phase=0 freq=190.0 | I[A]: A=0.00 B=0.00 C=0.00 D=0.00 | duty[%]: A=0.0 B=0.0 C=0.0 D=0.0 | spread=0.001 pi=1
   2.80s  t=2654 phase=0 freq=190.0 | I[A]: A=0.00 B=0.00 C=0.00 D=0.00 | duty[%]: A=0.0 B=0.0 C=0.0 D=0.0 | spread=0.000 pi=1
   3.30s  t=3154 phase=0 freq=190.0 | I[A]: A=0.00 B=0.00 C=0.00 D=0.00 | duty[%]: A=0.0 B=0.0 C=0.0 D=0.0 | spread=0.000 pi=1
   3.80s  t=3654 phase=0 freq=190.0 | I[A]: A=0.00 B=0.00 C=0.00 D=0.00 | duty[%]: A=0.0 B=0.0 C=0.0 D=0.0 | spread=0.000 pi=1
   4.40s  [JsonPhaseSequencer] parse failed: EmptyInput (file=0 bytes, free heap=343948 bytes)
   4.40s  ARMED -> FAILED to load /tilt.json -- staying latched off
   4.41s  t=4266 phase=2 freq=190.0 | I[A]: A=0.00 B=-0.00 C=0.00 D=0.00 | duty[%]: A=0.0 B=0.0 C=0.0 D=0.0 | spread=0.000 pi=1
   4.91s  t=4766 phase=2 freq=190.0 | I[A]: A=0.00 B=0.01 C=0.00 D=0.00 | duty[%]: A=0.0 B=0.0 C=0.0 D=0.0 | spread=0.012 pi=1
   5.42s  t=5266 phase=2 freq=190.0 | I[A]: A=0.00 B=0.00 C=0.00 D=0.00 | duty[%]: A=0.0 B=0.0 C=0.0 D=0.0 | spread=0.000 pi=1
   5.91s  t=5766 phase=2 freq=190.0 | I[A]: A=0.00 B=0.00 C=0.00 D=0.00 | duty[%]: A=0.0 B=0.0 C=0.0 D=0.0 | spread=0.000 pi=1
   6.41s  t=6266 phase=2 freq=190.0 | I[A]: A=0.00 B=0.00 C=0.00 D=0.00 | duty[%]: A=0.0 B=0.0 C=0.0 D=0.0 | spread=0.000 pi=1
   6.92s  t=6766 phase=2 freq=190.0 | I[A]: A=0.00 B=0.00 C=0.00 D=0.00 | duty[%]: A=0.0 B=0.0 C=0.0 D=0.0 | spread=0.000 pi=1
   7.41s  t=7266 phase=2 freq=190.0 | I[A]: A=0.00 B=0.00 C=0.00 D=0.00 | duty[%]: A=0.0 B=0.0 C=0.0 D=0.0 | spread=0.000 pi=1
   7.91s  t=7766 phase=2 freq=190.0 | I[A]: A=0.00 B=0.00 C=0.00 D=0.00 | duty[%]: A=0.0 B=0.0 C=0.0 D=0.0 | spread=0.000 pi=1
   8.42s  t=8266 phase=2 freq=190.0 | I[A]: A=0.00 B=0.00 C=0.00 D=0.00 | duty[%]: A=0.0 B=0.0 C=0.0 D=0.0 | spread=0.000 pi=1
   8.91s  t=8766 phase=2 freq=190.0 | I[A]: A=0.00 B=0.00 C=0.00 D=0.00 | duty[%]: A=0.0 B=0.0 C=0.0 D=0.0 | spread=0.000 pi=1
   9.42s  t=9266 phase=2 freq=190.0 | I[A]: A=0.00 B=0.00 C=0.00 D=0.00 | duty[%]: A=0.0 B=0.0 C=0.0 D=0.0 | spread=0.000 pi=1
   9.91s  t=9766 phase=2 freq=190.0 | I[A]: A=0.00 B=0.00 C=0.00 D=0.00 | duty[%]: A=0.0 B=0.0 C=0.0 D=0.0 | spread=0.000 pi=1
  10.41s  t=10266 phase=2 freq=190.0 | I[A]: A=0.00 B=0.00 C=0.00 D=0.00 | duty[%]: A=0.0 B=0.0 C=0.0 D=0.0 | spread=0.000 pi=1
  10.91s  t=10766 phase=2 freq=190.0 | I[A]: A=0.00 B=0.00 C=0.00 D=0.00 | duty[%]: A=0.0 B=0.0 C=0.0 D=0.0 | spread=0.000 pi=1
  11.42s  t=11266 phase=2 freq=190.0 | I[A]: A=0.00 B=0.00 C=0.00 D=0.00 | duty[%]: A=0.0 B=0.0 C=0.0 D=0.0 | spread=0.000 pi=1
  11.91s  t=11766 phase=2 freq=190.0 | I[A]: A=0.00 B=0.00 C=0.00 D=0.01 | duty[%]: A=0.0 B=0.0 C=0.0 D=0.0 | spread=0.014 pi=1
  12.41s  t=12266 phase=2 freq=190.0 | I[A]: A=0.00 B=-0.00 C=0.00 D=0.00 | duty[%]: A=0.0 B=0.0 C=0.0 D=0.0 | spread=0.000 pi=1
  12.91s  t=12766 phase=2 freq=190.0 | I[A]: A=0.00 B=-0.00 C=0.00 D=0.00 | duty[%]: A=0.0 B=0.0 C=0.0 D=0.0 | spread=0.000 pi=1
  13.42s  t=13266 phase=2 freq=190.0 | I[A]: A=0.00 B=-0.00 C=0.00 D=0.00 | duty[%]: A=0.0 B=0.0 C=0.0 D=0.0 | spread=0.000 pi=1
  13.91s  t=13767 phase=2 freq=190.0 | I[A]: A=0.00 B=-0.00 C=0.00 D=0.00 | duty[%]: A=0.0 B=0.0 C=0.0 D=0.0 | spread=0.000 pi=1
  14.42s  t=14267 phase=2 freq=190.0 | I[A]: A=0.00 B=-0.00 C=0.00 D=0.00 | duty[%]: A=0.0 B=0.0 C=0.0 D=0.0 | spread=0.000 pi=1
  14.91s  t=14767 phase=2 freq=190.0 | I[A]: A=0.00 B=-0.00 C=0.00 D=0.00 | duty[%]: A=0.0 B=0.0 C=0.0 D=0.0 | spread=0.000 pi=1
  15.42s  t=15267 phase=2 freq=190.0 | I[A]: A=0.00 B=-0.00 C=0.00 D=0.00 | duty[%]: A=0.0 B=0.0 C=0.0 D=0.0 | spread=0.000 pi=1
  15.92s  t=15767 phase=2 freq=190.0 | I[A]: A=0.00 B=-0.00 C=0.00 D=0.00 | duty[%]: A=0.0 B=0.0 C=0.0 D=0.0 | spread=0.000 pi=1
  16.41s  t=16267 phase=2 freq=190.0 | I[A]: A=0.00 B=0.00 C=0.00 D=0.00 | duty[%]: A=0.0 B=0.0 C=0.0 D=0.0 | spread=0.000 pi=1
  16.92s  t=16768 phase=2 freq=190.0 | I[A]: A=0.00 B=0.00 C=0.00 D=0.00 | duty[%]: A=0.0 B=0.0 C=0.0 D=0.0 | spread=0.000 pi=1
  17.42s  t=17269 phase=2 freq=190.0 | I[A]: A=0.00 B=0.00 C=0.00 D=0.00 | duty[%]: A=0.0 B=0.0 C=0.0 D=0.0 | spread=0.000 pi=1
  17.91s  t=17770 phase=2 freq=190.0 | I[A]: A=0.00 B=0.00 C=0.00 D=0.00 | duty[%]: A=0.0 B=0.0 C=0.0 D=0.0 | spread=0.000 pi=1
  18.42s  t=18271 phase=2 freq=190.0 | I[A]: A=0.00 B=-0.00 C=0.00 D=0.00 | duty[%]: A=0.0 B=0.0 C=0.0 D=0.0 | spread=0.000 pi=1
  18.92s  t=18772 phase=2 freq=190.0 | I[A]: A=0.00 B=-0.00 C=0.00 D=0.00 | duty[%]: A=0.0 B=0.0 C=0.0 D=0.0 | spread=0.000 pi=1
  19.42s  t=19272 phase=2 freq=190.0 | I[A]: A=0.00 B=-0.00 C=0.00 D=0.00 | duty[%]: A=0.0 B=0.0 C=0.0 D=0.0 | spread=0.000 pi=1
  19.92s  t=19772 phase=2 freq=190.0 | I[A]: A=0.00 B=-0.00 C=0.00 D=0.00 | duty[%]: A=0.0 B=0.0 C=0.0 D=0.0 | spread=0.000 pi=1
  20.42s  t=20272 phase=2 freq=190.0 | I[A]: A=0.00 B=-0.00 C=0.00 D=0.00 | duty[%]: A=0.0 B=0.0 C=0.0 D=0.0 | spread=0.000 pi=1
  20.92s  t=20772 phase=2 freq=190.0 | I[A]: A=0.00 B=-0.00 C=0.00 D=0.00 | duty[%]: A=0.0 B=0.0 C=0.0 D=0.0 | spread=0.000 pi=1
  21.42s  t=21273 phase=2 freq=190.0 | I[A]: A=0.00 B=-0.00 C=0.00 D=0.00 | duty[%]: A=0.0 B=0.0 C=0.0 D=0.0 | spread=0.000 pi=1
  21.92s  t=21773 phase=2 freq=190.0 | I[A]: A=0.00 B=-0.00 C=0.00 D=0.00 | duty[%]: A=0.0 B=0.0 C=0.0 D=0.0 | spread=0.000 pi=1
  22.42s  t=22273 phase=2 freq=190.0 | I[A]: A=0.00 B=-0.00 C=0.00 D=0.00 | duty[%]: A=0.0 B=0.0 C=0.0 D=0.0 | spread=0.000 pi=1
  22.92s  t=22774 phase=2 freq=190.0 | I[A]: A=0.00 B=-0.00 C=0.00 D=0.00 | duty[%]: A=0.0 B=0.0 C=0.0 D=0.0 | spread=0.000 pi=1
  23.42s  t=23274 phase=2 freq=190.0 | I[A]: A=0.00 B=-0.00 C=0.00 D=0.00 | duty[%]: A=0.0 B=0.0 C=0.0 D=0.0 | spread=0.000 pi=1
  23.92s  t=23774 phase=2 freq=190.0 | I[A]: A=0.00 B=-0.00 C=0.00 D=0.00 | duty[%]: A=0.0 B=0.0 C=0.0 D=0.0 | spread=0.000 pi=1
  24.42s  t=24274 phase=2 freq=190.0 | I[A]: A=0.00 B=-0.00 C=0.00 D=0.00 | duty[%]: A=0.0 B=0.0 C=0.0 D=0.0 | spread=0.000 pi=1
  24.92s  t=24775 phase=2 freq=190.0 | I[A]: A=0.00 B=-0.00 C=0.00 D=0.00 | duty[%]: A=0.0 B=0.0 C=0.0 D=0.0 | spread=0.000 pi=1
  25.43s  t=25275 phase=2 freq=190.0 | I[A]: A=0.00 B=-0.00 C=0.00 D=0.00 | duty[%]: A=0.0 B=0.0 C=0.0 D=0.0 | spread=0.000 pi=1
  25.92s  t=25775 phase=2 freq=190.0 | I[A]: A=0.00 B=-0.00 C=0.00 D=0.00 | duty[%]: A=0.0 B=0.0 C=0.0 D=0.0 | spread=0.000 pi=1
  26.42s  t=26275 phase=2 freq=190.0 | I[A]: A=0.00 B=-0.00 C=0.00 D=0.00 | duty[%]: A=0.0 B=0.0 C=0.0 D=0.0 | spread=0.000 pi=1
  26.93s  t=26776 phase=2 freq=190.0 | I[A]: A=0.00 B=-0.00 C=0.00 D=0.00 | duty[%]: A=0.0 B=0.0 C=0.0 D=0.0 | spread=0.000 pi=1
  27.42s  t=27276 phase=2 freq=190.0 | I[A]: A=0.00 B=-0.00 C=0.00 D=0.00 | duty[%]: A=0.0 B=0.0 C=0.0 D=0.0 | spread=0.000 pi=1
  27.92s  t=27776 phase=2 freq=190.0 | I[A]: A=0.00 B=-0.00 C=0.00 D=0.00 | duty[%]: A=0.0 B=0.0 C=0.0 D=0.0 | spread=0.000 pi=1
  28.42s  t=28276 phase=2 freq=190.0 | I[A]: A=0.00 B=-0.00 C=0.00 D=0.00 | duty[%]: A=0.0 B=0.0 C=0.0 D=0.0 | spread=0.000 pi=1
  28.92s  t=28777 phase=2 freq=190.0 | I[A]: A=0.00 B=-0.00 C=0.00 D=0.00 | duty[%]: A=0.0 B=0.0 C=0.0 D=0.0 | spread=0.000 pi=1
  29.43s  t=29277 phase=2 freq=190.0 | I[A]: A=0.00 B=-0.00 C=0.00 D=0.00 | duty[%]: A=0.0 B=0.0 C=0.0 D=0.0 | spread=0.000 pi=1
  29.93s  t=29777 phase=2 freq=190.0 | I[A]: A=0.00 B=-0.00 C=0.00 D=0.00 | duty[%]: A=0.0 B=0.0 C=0.0 D=0.0 | spread=0.000 pi=1
  30.42s  t=30277 phase=2 freq=190.0 | I[A]: A=0.00 B=-0.00 C=0.00 D=0.00 | duty[%]: A=0.0 B=0.0 C=0.0 D=0.0 | spread=0.000 pi=1
  30.93s  t=30778 phase=2 freq=190.0 | I[A]: A=0.00 B=-0.00 C=0.00 D=0.00 | duty[%]: A=0.0 B=0.0 C=0.0 D=0.0 | spread=0.000 pi=1
  31.42s  t=31278 phase=2 freq=190.0 | I[A]: A=0.00 B=-0.00 C=0.00 D=0.00 | duty[%]: A=0.0 B=0.0 C=0.0 D=0.0 | spread=0.000 pi=1
  31.93s  t=31778 phase=2 freq=190.0 | I[A]: A=0.00 B=-0.00 C=0.00 D=0.00 | duty[%]: A=0.0 B=0.0 C=0.0 D=0.0 | spread=0.000 pi=1
  32.42s  t=32278 phase=2 freq=190.0 | I[A]: A=0.00 B=-0.00 C=0.00 D=0.00 | duty[%]: A=0.0 B=0.0 C=0.0 D=0.0 | spread=0.000 pi=1
  32.93s  t=32779 phase=2 freq=190.0 | I[A]: A=0.00 B=-0.00 C=0.00 D=0.00 | duty[%]: A=0.0 B=0.0 C=0.0 D=0.0 | spread=0.000 pi=1
  33.42s  t=33279 phase=2 freq=190.0 | I[A]: A=0.00 B=-0.00 C=0.00 D=0.00 | duty[%]: A=0.0 B=0.0 C=0.0 D=0.0 | spread=0.000 pi=1
  33.93s  t=33779 phase=2 freq=190.0 | I[A]: A=0.00 B=-0.00 C=0.00 D=0.00 | duty[%]: A=0.0 B=0.0 C=0.0 D=0.0 | spread=0.000 pi=1
  34.43s  t=34279 phase=2 freq=190.0 | I[A]: A=0.00 B=-0.00 C=0.00 D=0.00 | duty[%]: A=0.0 B=0.0 C=0.0 D=0.0 | spread=0.000 pi=1
  34.93s  t=34779 phase=2 freq=190.0 | I[A]: A=0.00 B=-0.00 C=0.00 D=0.00 | duty[%]: A=0.0 B=0.0 C=0.0 D=0.0 | spread=0.000 pi=1
  35.43s  t=35279 phase=2 freq=190.0 | I[A]: A=0.00 B=-0.00 C=0.00 D=0.00 | duty[%]: A=0.0 B=0.0 C=0.0 D=0.0 | spread=0.000 pi=1
  35.93s  t=35779 phase=2 freq=190.0 | I[A]: A=0.00 B=-0.00 C=0.00 D=0.00 | duty[%]: A=0.0 B=0.0 C=0.0 D=0.0 | spread=0.000 pi=1
  36.43s  t=36279 phase=2 freq=190.0 | I[A]: A=0.00 B=-0.00 C=0.00 D=0.00 | duty[%]: A=0.0 B=0.0 C=0.0 D=0.0 | spread=0.004 pi=1
  36.93s  t=36780 phase=2 freq=190.0 | I[A]: A=0.00 B=-0.00 C=0.00 D=0.00 | duty[%]: A=0.0 B=0.0 C=0.0 D=0.0 | spread=0.000 pi=1
  37.43s  t=37280 phase=2 freq=190.0 | I[A]: A=0.00 B=-0.00 C=0.00 D=0.00 | duty[%]: A=0.0 B=0.0 C=0.0 D=0.0 | spread=0.000 pi=1
  37.92s  t=37780 phase=2 freq=190.0 | I[A]: A=0.00 B=-0.00 C=0.00 D=0.00 | duty[%]: A=0.0 B=0.0 C=0.0 D=0.0 | spread=0.000 pi=1
  38.43s  t=38280 phase=2 freq=190.0 | I[A]: A=0.00 B=-0.00 C=0.00 D=0.00 | duty[%]: A=0.0 B=0.0 C=0.0 D=0.0 | spread=0.000 pi=1
  38.93s  t=38781 phase=2 freq=190.0 | I[A]: A=0.00 B=-0.00 C=0.00 D=0.00 | duty[%]: A=0.0 B=0.0 C=0.0 D=0.0 | spread=0.005 pi=1
  39.43s  t=39281 phase=2 freq=190.0 | I[A]: A=0.00 B=-0.00 C=0.00 D=0.00 | duty[%]: A=0.0 B=0.0 C=0.0 D=0.0 | spread=0.000 pi=1
  39.93s  t=39781 phase=2 freq=190.0 | I[A]: A=0.00 B=-0.00 C=0.00 D=0.02 | duty[%]: A=0.0 B=0.0 C=0.0 D=0.0 | spread=0.018 pi=1
  40.43s  t=40281 phase=2 freq=190.0 | I[A]: A=0.00 B=-0.00 C=0.01 D=0.01 | duty[%]: A=0.0 B=0.0 C=0.0 D=0.0 | spread=0.010 pi=1
  40.93s  t=40782 phase=2 freq=190.0 | I[A]: A=0.00 B=0.00 C=0.00 D=0.00 | duty[%]: A=0.0 B=0.0 C=0.0 D=0.0 | spread=0.000 pi=1
  41.43s  t=41282 phase=2 freq=190.0 | I[A]: A=0.00 B=0.00 C=0.00 D=0.00 | duty[%]: A=0.0 B=0.0 C=0.0 D=0.0 | spread=0.000 pi=1
  41.93s  t=41782 phase=2 freq=190.0 | I[A]: A=0.00 B=0.00 C=0.00 D=0.00 | duty[%]: A=0.0 B=0.0 C=0.0 D=0.0 | spread=0.000 pi=1
  42.43s  t=42282 phase=2 freq=190.0 | I[A]: A=0.00 B=0.00 C=0.00 D=0.00 | duty[%]: A=0.0 B=0.0 C=0.0 D=0.0 | spread=0.004 pi=1
  42.93s  t=42783 phase=2 freq=190.0 | I[A]: A=0.00 B=-0.00 C=0.00 D=0.00 | duty[%]: A=0.0 B=0.0 C=0.0 D=0.0 | spread=0.000 pi=1
  43.43s  t=43283 phase=2 freq=190.0 | I[A]: A=0.00 B=-0.00 C=0.00 D=0.00 | duty[%]: A=0.0 B=0.0 C=0.0 D=0.0 | spread=0.000 pi=1
  43.93s  t=43784 phase=2 freq=190.0 | I[A]: A=0.00 B=-0.00 C=0.00 D=0.00 | duty[%]: A=0.0 B=0.0 C=0.0 D=0.0 | spread=0.000 pi=1
  44.43s  t=44285 phase=2 freq=190.0 | I[A]: A=0.00 B=-0.00 C=0.00 D=0.00 | duty[%]: A=0.0 B=0.0 C=0.0 D=0.0 | spread=0.000 pi=1
  44.94s  t=44785 phase=2 freq=190.0 | I[A]: A=0.00 B=-0.00 C=0.00 D=0.00 | duty[%]: A=0.0 B=0.0 C=0.0 D=0.0 | spread=0.000 pi=1
  45.43s  t=45285 phase=2 freq=190.0 | I[A]: A=0.00 B=-0.00 C=0.00 D=0.00 | duty[%]: A=0.0 B=0.0 C=0.0 D=0.0 | spread=0.000 pi=1
  45.93s  t=45785 phase=2 freq=190.0 | I[A]: A=0.00 B=-0.00 C=0.00 D=0.00 | duty[%]: A=0.0 B=0.0 C=0.0 D=0.0 | spread=0.000 pi=1
  46.44s  t=46285 phase=2 freq=190.0 | I[A]: A=0.00 B=-0.00 C=0.00 D=0.00 | duty[%]: A=0.0 B=0.0 C=0.0 D=0.0 | spread=0.004 pi=1
  46.93s  t=46785 phase=2 freq=190.0 | I[A]: A=0.00 B=-0.00 C=0.00 D=0.00 | duty[%]: A=0.0 B=0.0 C=0.0 D=0.0 | spread=0.000 pi=1
  47.44s  t=47285 phase=2 freq=190.0 | I[A]: A=0.00 B=-0.00 C=0.00 D=0.00 | duty[%]: A=0.0 B=0.0 C=0.0 D=0.0 | spread=0.000 pi=1
  47.93s  t=47786 phase=2 freq=190.0 | I[A]: A=0.00 B=-0.00 C=0.00 D=0.00 | duty[%]: A=0.0 B=0.0 C=0.0 D=0.0 | spread=0.000 pi=1
  48.44s  t=48286 phase=2 freq=190.0 | I[A]: A=0.00 B=-0.00 C=0.00 D=0.00 | duty[%]: A=0.0 B=0.0 C=0.0 D=0.0 | spread=0.000 pi=1
  48.93s  t=48786 phase=2 freq=190.0 | I[A]: A=0.00 B=-0.00 C=0.00 D=0.00 | duty[%]: A=0.0 B=0.0 C=0.0 D=0.0 | spread=0.000 pi=1
  49.44s  t=49286 phase=2 freq=190.0 | I[A]: A=0.00 B=-0.00 C=0.00 D=0.00 | duty[%]: A=0.0 B=0.0 C=0.0 D=0.0 | spread=0.000 pi=1
  49.93s  t=49786 phase=2 freq=190.0 | I[A]: A=0.00 B=-0.00 C=0.00 D=0.00 | duty[%]: A=0.0 B=0.0 C=0.0 D=0.0 | spread=0.000 pi=1
  50.44s  t=50287 phase=2 freq=190.0 | I[A]: A=0.00 B=-0.00 C=0.00 D=0.00 | duty[%]: A=0.0 B=0.0 C=0.0 D=0.0 | spread=0.000 pi=1
  50.93s  t=50788 phase=2 freq=190.0 | I[A]: A=0.00 B=-0.00 C=0.00 D=0.00 | duty[%]: A=0.0 B=0.0 C=0.0 D=0.0 | spread=0.001 pi=1
  51.44s  t=51288 phase=2 freq=190.0 | I[A]: A=0.00 B=-0.00 C=0.00 D=0.00 | duty[%]: A=0.0 B=0.0 C=0.0 D=0.0 | spread=0.000 pi=1
  51.94s  t=51788 phase=2 freq=190.0 | I[A]: A=0.00 B=-0.00 C=0.00 D=0.00 | duty[%]: A=0.0 B=0.0 C=0.0 D=0.0 | spread=0.000 pi=1
  52.44s  t=52288 phase=2 freq=190.0 | I[A]: A=0.00 B=-0.00 C=0.00 D=0.00 | duty[%]: A=0.0 B=0.0 C=0.0 D=0.0 | spread=0.000 pi=1
  52.93s  t=52789 phase=2 freq=190.0 | I[A]: A=0.00 B=0.01 C=0.00 D=0.00 | duty[%]: A=0.0 B=0.0 C=0.0 D=0.0 | spread=0.012 pi=1
  53.44s  t=53289 phase=2 freq=190.0 | I[A]: A=0.00 B=0.00 C=0.00 D=0.00 | duty[%]: A=0.0 B=0.0 C=0.0 D=0.0 | spread=0.000 pi=1
  53.93s  t=53789 phase=2 freq=190.0 | I[A]: A=0.00 B=0.00 C=0.00 D=0.00 | duty[%]: A=0.0 B=0.0 C=0.0 D=0.0 | spread=0.000 pi=1
  54.44s  t=54289 phase=2 freq=190.0 | I[A]: A=0.00 B=0.00 C=0.00 D=0.00 | duty[%]: A=0.0 B=0.0 C=0.0 D=0.0 | spread=0.000 pi=1
  54.94s  t=54790 phase=2 freq=190.0 | I[A]: A=0.00 B=0.00 C=0.00 D=0.00 | duty[%]: A=0.0 B=0.0 C=0.0 D=0.0 | spread=0.000 pi=1
  55.43s  t=55290 phase=2 freq=190.0 | I[A]: A=0.00 B=-0.00 C=0.00 D=0.00 | duty[%]: A=0.0 B=0.0 C=0.0 D=0.0 | spread=0.000 pi=1
  55.94s  t=55790 phase=2 freq=190.0 | I[A]: A=0.00 B=-0.00 C=0.00 D=0.00 | duty[%]: A=0.0 B=0.0 C=0.0 D=0.0 | spread=0.000 pi=1
  56.44s  t=56290 phase=2 freq=190.0 | I[A]: A=0.00 B=-0.00 C=0.00 D=0.00 | duty[%]: A=0.0 B=0.0 C=0.0 D=0.0 | spread=0.000 pi=1
  56.94s  t=56791 phase=2 freq=190.0 | I[A]: A=0.00 B=-0.00 C=0.00 D=0.00 | duty[%]: A=0.0 B=0.0 C=0.0 D=0.0 | spread=0.000 pi=1
  57.43s  t=57291 phase=2 freq=190.0 | I[A]: A=0.00 B=-0.00 C=0.00 D=0.00 | duty[%]: A=0.0 B=0.0 C=0.0 D=0.0 | spread=0.000 pi=1
  57.94s  t=57791 phase=2 freq=190.0 | I[A]: A=0.00 B=-0.00 C=0.00 D=0.00 | duty[%]: A=0.0 B=0.0 C=0.0 D=0.0 | spread=0.000 pi=1
  58.44s  t=58291 phase=2 freq=190.0 | I[A]: A=0.00 B=-0.00 C=0.00 D=0.00 | duty[%]: A=0.0 B=0.0 C=0.0 D=0.0 | spread=0.000 pi=1
  58.94s  t=58792 phase=2 freq=190.0 | I[A]: A=0.00 B=-0.00 C=0.00 D=0.00 | duty[%]: A=0.0 B=0.0 C=0.0 D=0.0 | spread=0.000 pi=1
  59.44s  t=59292 phase=2 freq=190.0 | I[A]: A=0.00 B=-0.00 C=0.00 D=0.00 | duty[%]: A=0.0 B=0.0 C=0.0 D=0.0 | spread=0.000 pi=1
  59.94s  t=59792 phase=2 freq=190.0 | I[A]: A=0.00 B=-0.00 C=0.00 D=0.00 | duty[%]: A=0.0 B=0.0 C=0.0 D=0.0 | spread=0.001 pi=1
  60.44s  t=60292 phase=2 freq=190.0 | I[A]: A=0.00 B=0.00 C=0.00 D=0.00 | duty[%]: A=0.0 B=0.0 C=0.0 D=0.0 | spread=0.000 pi=1
  60.94s  t=60793 phase=2 freq=190.0 | I[A]: A=0.00 B=0.00 C=0.00 D=0.00 | duty[%]: A=0.0 B=0.0 C=0.0 D=0.0 | spread=0.000 pi=1
  61.45s  t=61293 phase=2 freq=190.0 | I[A]: A=0.00 B=0.00 C=0.00 D=0.00 | duty[%]: A=0.0 B=0.0 C=0.0 D=0.0 | spread=0.000 pi=1
  61.94s  t=61793 phase=2 freq=190.0 | I[A]: A=0.00 B=0.00 C=0.00 D=0.00 | duty[%]: A=0.0 B=0.0 C=0.0 D=0.0 | spread=0.000 pi=1
  62.44s  t=62293 phase=2 freq=190.0 | I[A]: A=0.00 B=-0.00 C=0.00 D=0.00 | duty[%]: A=0.0 B=0.0 C=0.0 D=0.0 | spread=0.000 pi=1
  62.94s  t=62794 phase=2 freq=190.0 | I[A]: A=0.00 B=-0.00 C=0.00 D=0.00 | duty[%]: A=0.0 B=0.0 C=0.0 D=0.0 | spread=0.000 pi=1
  63.44s  t=63294 phase=2 freq=190.0 | I[A]: A=0.00 B=-0.00 C=0.00 D=0.00 | duty[%]: A=0.0 B=0.0 C=0.0 D=0.0 | spread=0.000 pi=1
  63.94s  t=63794 phase=2 freq=190.0 | I[A]: A=0.00 B=-0.00 C=0.00 D=0.00 | duty[%]: A=0.0 B=0.0 C=0.0 D=0.0 | spread=0.000 pi=1
  64.44s  t=64294 phase=2 freq=190.0 | I[A]: A=0.00 B=-0.00 C=0.00 D=0.00 | duty[%]: A=0.0 B=0.0 C=0.0 D=0.0 | spread=0.000 pi=1
  64.95s  t=64795 phase=2 freq=190.0 | I[A]: A=0.00 B=-0.00 C=0.00 D=0.00 | duty[%]: A=0.0 B=0.0 C=0.0 D=0.0 | spread=0.000 pi=1
  65.45s  t=65295 phase=2 freq=190.0 | I[A]: A=0.00 B=-0.00 C=0.00 D=0.00 | duty[%]: A=0.0 B=0.0 C=0.0 D=0.0 | spread=0.000 pi=1
  65.94s  t=65796 phase=2 freq=190.0 | I[A]: A=0.00 B=-0.00 C=0.00 D=0.00 | duty[%]: A=0.0 B=0.0 C=0.0 D=0.0 | spread=0.000 pi=1
  66.45s  t=66297 phase=2 freq=190.0 | I[A]: A=0.00 B=-0.00 C=0.00 D=0.00 | duty[%]: A=0.0 B=0.0 C=0.0 D=0.0 | spread=0.000 pi=1
  66.95s  t=66798 phase=2 freq=190.0 | I[A]: A=0.00 B=-0.00 C=0.00 D=0.00 | duty[%]: A=0.0 B=0.0 C=0.0 D=0.0 | spread=0.000 pi=1
  67.44s  t=67298 phase=2 freq=190.0 | I[A]: A=0.00 B=-0.00 C=0.00 D=0.00 | duty[%]: A=0.0 B=0.0 C=0.0 D=0.0 | spread=0.000 pi=1
  67.95s  t=67798 phase=2 freq=190.0 | I[A]: A=0.00 B=-0.00 C=0.00 D=0.00 | duty[%]: A=0.0 B=0.0 C=0.0 D=0.0 | spread=0.000 pi=1
  68.45s  t=68298 phase=2 freq=190.0 | I[A]: A=0.00 B=-0.00 C=0.00 D=0.00 | duty[%]: A=0.0 B=0.0 C=0.0 D=0.0 | spread=0.000 pi=1
  68.95s  t=68799 phase=2 freq=190.0 | I[A]: A=0.00 B=-0.00 C=0.00 D=0.00 | duty[%]: A=0.0 B=0.0 C=0.0 D=0.0 | spread=0.000 pi=1
  69.45s  t=69300 phase=2 freq=190.0 | I[A]: A=0.00 B=-0.00 C=0.00 D=0.00 | duty[%]: A=0.0 B=0.0 C=0.0 D=0.0 | spread=0.000 pi=1
  69.95s  t=69801 phase=2 freq=190.0 | I[A]: A=0.00 B=-0.00 C=0.00 D=0.00 | duty[%]: A=0.0 B=0.0 C=0.0 D=0.0 | spread=0.000 pi=1
  70.45s  t=70301 phase=2 freq=190.0 | I[A]: A=0.00 B=-0.00 C=0.00 D=0.00 | duty[%]: A=0.0 B=0.0 C=0.0 D=0.0 | spread=0.001 pi=1
  70.95s  t=70801 phase=2 freq=190.0 | I[A]: A=0.00 B=-0.00 C=0.00 D=0.00 | duty[%]: A=0.0 B=0.0 C=0.0 D=0.0 | spread=0.000 pi=1
  71.45s  t=71301 phase=2 freq=190.0 | I[A]: A=0.00 B=-0.00 C=0.00 D=0.00 | duty[%]: A=0.0 B=0.0 C=0.0 D=0.0 | spread=0.000 pi=1
  71.95s  t=71802 phase=2 freq=190.0 | I[A]: A=0.00 B=-0.00 C=0.00 D=0.00 | duty[%]: A=0.0 B=0.0 C=0.0 D=0.0 | spread=0.000 pi=1
  72.45s  t=72302 phase=2 freq=190.0 | I[A]: A=0.00 B=0.00 C=0.00 D=0.00 | duty[%]: A=0.0 B=0.0 C=0.0 D=0.0 | spread=0.001 pi=1
  72.95s  t=72802 phase=2 freq=190.0 | I[A]: A=0.00 B=0.00 C=0.00 D=0.00 | duty[%]: A=0.0 B=0.0 C=0.0 D=0.0 | spread=0.000 pi=1
  73.46s  t=73302 phase=2 freq=190.0 | I[A]: A=0.00 B=0.00 C=0.00 D=0.00 | duty[%]: A=0.0 B=0.0 C=0.0 D=0.0 | spread=0.000 pi=1
  73.95s  t=73803 phase=2 freq=190.0 | I[A]: A=0.00 B=0.00 C=0.00 D=0.00 | duty[%]: A=0.0 B=0.0 C=0.0 D=0.0 | spread=0.000 pi=1
  74.45s  t=74303 phase=2 freq=190.0 | I[A]: A=0.00 B=-0.00 C=0.00 D=0.00 | duty[%]: A=0.0 B=0.0 C=0.0 D=0.0 | spread=0.000 pi=1
  74.96s  t=74803 phase=2 freq=190.0 | I[A]: A=0.00 B=-0.00 C=0.00 D=0.00 | duty[%]: A=0.0 B=0.0 C=0.0 D=0.0 | spread=0.000 pi=1
  75.45s  t=75303 phase=2 freq=190.0 | I[A]: A=0.00 B=-0.00 C=0.00 D=0.00 | duty[%]: A=0.0 B=0.0 C=0.0 D=0.0 | spread=0.000 pi=1
  75.95s  t=75803 phase=2 freq=190.0 | I[A]: A=0.00 B=-0.00 C=0.00 D=0.00 | duty[%]: A=0.0 B=0.0 C=0.0 D=0.0 | spread=0.000 pi=1
  76.45s  t=76303 phase=2 freq=190.0 | I[A]: A=0.00 B=-0.00 C=0.00 D=0.00 | duty[%]: A=0.0 B=0.0 C=0.0 D=0.0 | spread=0.000 pi=1
  76.96s  t=76804 phase=2 freq=190.0 | I[A]: A=0.00 B=-0.00 C=0.00 D=0.00 | duty[%]: A=0.0 B=0.0 C=0.0 D=0.0 | spread=0.000 pi=1
  77.45s  t=77304 phase=2 freq=190.0 | I[A]: A=0.00 B=-0.00 C=0.00 D=0.00 | duty[%]: A=0.0 B=0.0 C=0.0 D=0.0 | spread=0.000 pi=1
