   0.00s  ets Jul 29 2019 12:21:46
   0.00s  
   0.00s  rst:0x1 (POWERON_RESET),boot:0x13 (SPI_FAST_FLASH_BOOT)
   0.00s  configsip: 0, SPIWP:0xee
   0.00s  clk_drv:0x00,q_drv:0x00,d_drv:0x00,cs0_drv:0x00,hd_drv:0x00,wp_drv:0x00
   0.00s  mode:DIO, clock div:2
   0.00s  load:0x3fff0030,len:1184
   0.00s  load:0x40078000,len:13232
   0.00s  load:0x40080400,len:3028
   0.00s  entry 0x400805e4
   1.29s  balanced_experiment: arming 3000ms, then loading /tilt.json (pi=1)
   1.30s  t=1153 phase=0 freq=190.0 | I[A]: A=0.00 B=0.00 C=0.00 D=0.00 | duty[%]: A=0.0 B=0.0 C=0.0 D=0.0 | spread=0.000 pi=1 hold=0 ihold=0.00
   1.80s  t=1654 phase=0 freq=190.0 | I[A]: A=0.00 B=0.00 C=0.00 D=0.00 | duty[%]: A=0.0 B=0.0 C=0.0 D=0.0 | spread=0.000 pi=1 hold=0 ihold=0.00
   2.30s  t=2154 phase=0 freq=190.0 | I[A]: A=0.00 B=0.00 C=-0.00 D=-0.00 | duty[%]: A=0.0 B=0.0 C=0.0 D=0.0 | spread=0.000 pi=1 hold=0 ihold=0.00
   2.81s  t=2654 phase=0 freq=190.0 | I[A]: A=0.00 B=0.00 C=-0.00 D=0.00 | duty[%]: A=0.0 B=0.0 C=0.0 D=0.0 | spread=0.000 pi=1 hold=0 ihold=0.00
   3.31s  t=3154 phase=0 freq=190.0 | I[A]: A=0.00 B=-0.00 C=0.00 D=0.00 | duty[%]: A=0.0 B=0.0 C=0.0 D=0.0 | spread=0.000 pi=1 hold=0 ihold=0.00
   3.80s  t=3654 phase=0 freq=190.0 | I[A]: A=-0.00 B=0.00 C=0.00 D=0.00 | duty[%]: A=0.0 B=0.0 C=0.0 D=0.0 | spread=0.000 pi=1 hold=0 ihold=0.00
   4.30s  ARMED -> running experiment
   4.32s  t=4166 phase=1 freq=0.0 | I[A]: A=-0.00 B=-0.00 C=-0.00 D=-0.00 | duty[%]: A=0.0 B=0.0 C=0.0 D=0.0 | spread=0.000 pi=1 hold=0 ihold=0.00
   4.82s  t=4667 phase=1 freq=0.2 | I[A]: A=-0.00 B=-0.00 C=-0.00 D=-0.00 | duty[%]: A=0.4 B=0.4 C=0.4 D=0.4 | spread=0.000 pi=1 hold=0 ihold=0.00
   5.32s  t=5168 phase=1 freq=0.7 | I[A]: A=-0.00 B=-0.00 C=-0.00 D=-0.00 | duty[%]: A=1.6 B=1.6 C=1.6 D=1.6 | spread=0.000 pi=1 hold=0 ihold=0.00
   5.81s  t=5668 phase=1 freq=1.5 | I[A]: A=-0.00 B=-0.00 C=-0.00 D=0.00 | duty[%]: A=3.6 B=3.6 C=3.6 D=3.6 | spread=0.000 pi=1 hold=0 ihold=0.00
   6.32s  t=6169 phase=1 freq=2.5 | I[A]: A=-0.00 B=0.00 C=-0.00 D=0.00 | duty[%]: A=6.4 B=6.4 C=6.4 D=6.4 | spread=0.001 pi=1 hold=0 ihold=0.00
   6.82s  t=6669 phase=1 freq=3.9 | I[A]: A=-0.00 B=0.00 C=0.00 D=0.00 | duty[%]: A=9.8 B=9.8 C=9.8 D=9.8 | spread=0.000 pi=1 hold=0 ihold=0.00
   7.32s  t=7169 phase=1 freq=5.6 | I[A]: A=-0.00 B=0.00 C=0.00 D=0.00 | duty[%]: A=14.0 B=14.0 C=14.0 D=14.0 | spread=0.001 pi=1 hold=0 ihold=0.00
   7.82s  t=7670 phase=1 freq=7.5 | I[A]: A=0.00 B=0.00 C=0.01 D=0.00 | duty[%]: A=18.8 B=18.8 C=18.8 D=18.8 | spread=0.007 pi=1 hold=0 ihold=0.00
   8.32s  t=8171 phase=1 freq=9.7 | I[A]: A=0.02 B=0.01 C=0.01 D=0.01 | duty[%]: A=24.3 B=24.3 C=24.3 D=24.3 | spread=0.011 pi=1 hold=0 ihold=0.00
   8.82s  t=8672 phase=1 freq=12.2 | I[A]: A=0.04 B=0.07 C=0.03 D=0.02 | duty[%]: A=30.4 B=30.4 C=30.4 D=30.4 | spread=0.058 pi=1 hold=0 ihold=0.00
   9.32s  t=9172 phase=1 freq=14.8 | I[A]: A=0.05 B=0.03 C=0.08 D=0.08 | duty[%]: A=37.0 B=37.0 C=37.0 D=37.0 | spread=0.046 pi=1 hold=0 ihold=0.00
   9.82s  t=9673 phase=1 freq=17.7 | I[A]: A=0.07 B=0.08 C=0.11 D=0.12 | duty[%]: A=44.3 B=44.3 C=44.3 D=44.3 | spread=0.049 pi=1 hold=0 ihold=0.00
  10.33s  t=10173 phase=1 freq=20.8 | I[A]: A=0.11 B=0.14 C=0.13 D=0.12 | duty[%]: A=52.0 B=52.0 C=52.0 D=52.0 | spread=0.029 pi=1 hold=0 ihold=0.00
  10.83s  t=10674 phase=1 freq=24.1 | I[A]: A=0.21 B=0.21 C=0.17 D=0.14 | duty[%]: A=60.2 B=60.2 C=60.2 D=60.2 | spread=0.071 pi=1 hold=0 ihold=0.00
  11.32s  t=11175 phase=1 freq=27.6 | I[A]: A=0.27 B=0.30 C=0.23 D=0.18 | duty[%]: A=69.0 B=68.9 C=69.0 D=69.0 | spread=0.116 pi=1 hold=0 ihold=0.00
  11.82s  t=11675 phase=1 freq=31.2 | I[A]: A=0.30 B=0.32 C=0.36 D=0.34 | duty[%]: A=78.1 B=74.8 C=74.9 D=75.0 | spread=0.057 pi=1 hold=0 ihold=0.00
  12.33s  t=12176 phase=1 freq=35.1 | I[A]: A=0.32 B=0.37 C=0.31 D=0.37 | duty[%]: A=87.7 B=74.7 C=75.7 D=75.4 | spread=0.068 pi=1 hold=0 ihold=0.00
  12.83s  t=12676 phase=1 freq=39.1 | I[A]: A=0.42 B=0.38 C=0.39 D=0.41 | duty[%]: A=97.7 B=75.5 C=76.3 D=76.3 | spread=0.038 pi=1 hold=0 ihold=0.00
  13.33s  t=13176 phase=1 freq=43.2 | I[A]: A=0.53 B=0.44 C=0.44 D=0.49 | duty[%]: A=100.0 B=78.3 C=80.1 D=79.2 | spread=0.087 pi=1 hold=0 ihold=0.00
  13.83s  t=13677 phase=1 freq=47.5 | I[A]: A=0.69 B=0.54 C=0.46 D=0.51 | duty[%]: A=100.0 B=80.9 C=84.3 D=81.1 | spread=0.232 pi=1 hold=0 ihold=0.00
  14.32s  t=14178 phase=1 freq=51.9 | I[A]: A=0.68 B=0.52 C=0.53 D=0.63 | duty[%]: A=100.0 B=84.8 C=88.5 D=81.3 | spread=0.155 pi=1 hold=0 ihold=0.00
  14.83s  t=14678 phase=1 freq=56.4 | I[A]: A=0.75 B=0.65 C=0.61 D=0.67 | duty[%]: A=97.0 B=85.2 C=100.0 D=79.9 | spread=0.135 pi=1 hold=0 ihold=0.00
  15.33s  t=15178 phase=1 freq=60.9 | I[A]: A=0.73 B=0.83 C=0.63 D=0.73 | duty[%]: A=96.0 B=98.9 C=100.0 D=78.4 | spread=0.207 pi=1 hold=0 ihold=0.00
  15.83s  t=15679 phase=1 freq=65.6 | I[A]: A=0.69 B=0.76 C=0.70 D=0.68 | duty[%]: A=92.5 B=94.5 C=100.0 D=78.0 | spread=0.088 pi=1 hold=0 ihold=0.00
  16.33s  t=16180 phase=1 freq=70.4 | I[A]: A=0.81 B=0.84 C=0.69 D=0.69 | duty[%]: A=90.7 B=91.7 C=100.0 D=77.8 | spread=0.156 pi=1 hold=0 ihold=0.00
  16.83s  t=16680 phase=1 freq=75.2 | I[A]: A=0.77 B=0.78 C=0.75 D=0.73 | duty[%]: A=89.5 B=89.6 C=100.0 D=78.7 | spread=0.052 pi=1 hold=0 ihold=0.00
  17.33s  t=17180 phase=1 freq=80.1 | I[A]: A=0.82 B=0.89 C=0.86 D=0.83 | duty[%]: A=89.7 B=87.9 C=100.0 D=80.1 | spread=0.064 pi=1 hold=0 ihold=0.00
  17.83s  t=17680 phase=1 freq=85.1 | I[A]: A=0.98 B=1.03 C=0.92 D=0.85 | duty[%]: A=100.0 B=87.5 C=99.4 D=81.2 | spread=0.177 pi=1 hold=0 ihold=0.00
  18.33s  t=18180 phase=1 freq=90.0 | I[A]: A=1.05 B=1.01 C=1.10 D=0.95 | duty[%]: A=100.0 B=87.8 C=98.8 D=83.3 | spread=0.149 pi=1 hold=0 ihold=0.00
  18.83s  t=18681 phase=1 freq=95.0 | I[A]: A=1.18 B=1.15 C=1.23 D=1.18 | duty[%]: A=96.9 B=84.6 C=96.1 D=100.0 | spread=0.083 pi=1 hold=0 ihold=0.00
  19.33s  t=19182 phase=1 freq=100.0 | I[A]: A=1.33 B=1.30 C=1.37 D=1.31 | duty[%]: A=96.0 B=84.7 C=94.2 D=100.0 | spread=0.075 pi=1 hold=0 ihold=0.00
  19.84s  t=19683 phase=1 freq=105.0 | I[A]: A=1.44 B=1.64 C=1.61 D=1.45 | duty[%]: A=100.0 B=98.4 C=91.9 D=99.8 | spread=0.195 pi=1 hold=0 ihold=0.00
  20.33s  t=20183 phase=1 freq=110.0 | I[A]: A=1.75 B=1.80 C=1.68 D=1.51 | duty[%]: A=100.0 B=95.6 C=87.0 D=98.9 | spread=0.290 pi=1 hold=0 ihold=0.00
  20.83s  t=20683 phase=1 freq=115.0 | I[A]: A=1.76 B=1.79 C=1.96 D=1.77 | duty[%]: A=94.9 B=89.4 C=82.4 D=100.0 | spread=0.198 pi=1 hold=0 ihold=0.00
  21.33s  t=21183 phase=1 freq=119.9 | I[A]: A=2.08 B=2.07 C=2.02 D=1.83 | duty[%]: A=92.4 B=86.1 C=77.8 D=100.0 | spread=0.249 pi=1 hold=0 ihold=0.00
  21.83s  t=21683 phase=1 freq=124.8 | I[A]: A=2.22 B=2.11 C=2.27 D=2.18 | duty[%]: A=89.9 B=84.9 C=74.6 D=100.0 | spread=0.159 pi=1 hold=0 ihold=0.00
  22.33s  t=22183 phase=1 freq=129.6 | I[A]: A=2.27 B=2.24 C=2.41 D=2.24 | duty[%]: A=87.8 B=82.5 C=69.0 D=100.0 | spread=0.172 pi=1 hold=0 ihold=0.00
  22.84s  t=22683 phase=1 freq=134.4 | I[A]: A=2.31 B=2.35 C=2.54 D=2.37 | duty[%]: A=83.9 B=78.9 C=64.0 D=100.0 | spread=0.227 pi=1 hold=0 ihold=0.00
  23.33s  t=23184 phase=1 freq=139.1 | I[A]: A=2.43 B=2.57 C=2.56 D=2.42 | duty[%]: A=82.0 B=81.2 C=59.4 D=100.0 | spread=0.155 pi=1 hold=0 ihold=0.00
  23.84s  t=23685 phase=1 freq=143.7 | I[A]: A=2.61 B=2.76 C=2.66 D=2.56 | duty[%]: A=80.9 B=80.2 C=55.9 D=100.0 | spread=0.202 pi=1 hold=0 ihold=0.00
  24.34s  t=24185 phase=1 freq=148.2 | I[A]: A=2.58 B=2.69 C=2.72 D=2.58 | duty[%]: A=78.1 B=75.2 C=53.9 D=100.0 | spread=0.140 pi=1 hold=0 ihold=0.00
  24.83s  t=24685 phase=1 freq=152.6 | I[A]: A=2.60 B=2.65 C=2.80 D=2.66 | duty[%]: A=77.1 B=77.1 C=53.5 D=100.0 | spread=0.206 pi=1 hold=0 ihold=0.00
  25.33s  t=25185 phase=1 freq=156.8 | I[A]: A=2.77 B=2.90 C=2.80 D=2.50 | duty[%]: A=76.7 B=77.7 C=50.2 D=100.0 | spread=0.398 pi=1 hold=0 ihold=0.00
  25.84s  t=25686 phase=1 freq=161.0 | I[A]: A=2.68 B=2.70 C=2.62 D=2.56 | duty[%]: A=74.1 B=72.4 C=46.5 D=100.0 | spread=0.138 pi=1 hold=0 ihold=0.00
  26.34s  t=26186 phase=1 freq=164.9 | I[A]: A=2.64 B=2.59 C=2.65 D=2.63 | duty[%]: A=73.3 B=71.0 C=46.6 D=100.0 | spread=0.058 pi=1 hold=0 ihold=0.00
  26.83s  t=26687 phase=1 freq=168.8 | I[A]: A=2.53 B=2.79 C=2.76 D=2.53 | duty[%]: A=72.5 B=73.0 C=47.9 D=100.0 | spread=0.254 pi=1 hold=0 ihold=0.00
  27.34s  t=27188 phase=1 freq=172.4 | I[A]: A=2.78 B=2.57 C=2.71 D=2.45 | duty[%]: A=75.6 B=70.1 C=47.0 D=100.0 | spread=0.330 pi=1 hold=0 ihold=0.00
  27.84s  t=27688 phase=1 freq=175.9 | I[A]: A=2.68 B=2.59 C=2.50 D=2.56 | duty[%]: A=71.7 B=69.5 C=46.0 D=100.0 | spread=0.179 pi=1 hold=0 ihold=0.00
  28.34s  t=28188 phase=1 freq=179.2 | I[A]: A=2.43 B=2.51 C=2.42 D=2.45 | duty[%]: A=71.1 B=69.5 C=45.5 D=100.0 | spread=0.089 pi=1 hold=0 ihold=0.00
  28.84s  t=28688 phase=1 freq=182.3 | I[A]: A=2.43 B=2.49 C=2.57 D=2.44 | duty[%]: A=70.9 B=71.3 C=48.0 D=100.0 | spread=0.142 pi=1 hold=0 ihold=0.00
  29.34s  t=29189 phase=1 freq=185.2 | I[A]: A=2.36 B=2.45 C=2.37 D=2.40 | duty[%]: A=70.1 B=70.6 C=46.0 D=100.0 | spread=0.090 pi=1 hold=0 ihold=0.00
  29.84s  t=29689 phase=1 freq=187.9 | I[A]: A=2.49 B=2.43 C=2.50 D=2.34 | duty[%]: A=72.8 B=70.9 C=49.3 D=100.0 | spread=0.164 pi=1 hold=0 ihold=0.00
  30.34s  t=30190 phase=1 freq=190.3 | I[A]: A=2.30 B=2.24 C=2.41 D=2.25 | duty[%]: A=71.4 B=69.7 C=50.2 D=100.0 | spread=0.173 pi=1 hold=0 ihold=0.00
  30.84s  t=30690 phase=1 freq=192.5 | I[A]: A=2.28 B=2.37 C=2.17 D=2.25 | duty[%]: A=69.9 B=70.5 C=46.9 D=100.0 | spread=0.197 pi=1 hold=0 ihold=0.00
  31.34s  t=31190 phase=1 freq=194.4 | I[A]: A=2.17 B=2.14 C=2.37 D=2.21 | duty[%]: A=71.0 B=70.5 C=51.3 D=100.0 | spread=0.227 pi=1 hold=0 ihold=0.00
  31.84s  t=31690 phase=1 freq=196.1 | I[A]: A=2.22 B=2.35 C=2.11 D=2.14 | duty[%]: A=70.1 B=70.8 C=47.9 D=100.0 | spread=0.245 pi=1 hold=0 ihold=0.00
  32.34s  t=32190 phase=1 freq=197.5 | I[A]: A=2.29 B=2.09 C=2.27 D=2.15 | duty[%]: A=74.7 B=69.9 C=51.0 D=100.0 | spread=0.193 pi=1 hold=0 ihold=0.00
  32.84s  t=32690 phase=1 freq=198.6 | I[A]: A=2.14 B=2.06 C=2.10 D=2.06 | duty[%]: A=71.4 B=69.0 C=49.2 D=100.0 | spread=0.080 pi=1 hold=0 ihold=0.00
  33.34s  t=33191 phase=1 freq=199.4 | I[A]: A=2.15 B=2.35 C=2.22 D=2.08 | duty[%]: A=71.1 B=73.9 C=51.3 D=100.0 | spread=0.265 pi=1 hold=0 ihold=0.00
  33.84s  t=33691 phase=1 freq=199.8 | I[A]: A=2.06 B=2.14 C=2.09 D=2.02 | duty[%]: A=69.8 B=70.3 C=49.0 D=100.0 | spread=0.117 pi=1 hold=0 ihold=0.00
  34.35s  t=34192 phase=1 freq=200.0 | I[A]: A=2.30 B=2.30 C=2.32 D=2.08 | duty[%]: A=74.8 B=74.1 C=51.8 D=100.0 | spread=0.234 pi=1 hold=0 ihold=0.00
  34.84s  t=34692 phase=1 freq=200.0 | I[A]: A=2.11 B=2.17 C=2.10 D=2.04 | duty[%]: A=70.9 B=71.7 C=48.4 D=100.0 | spread=0.132 pi=1 hold=0 ihold=0.00
  35.34s  t=35192 phase=1 freq=200.0 | I[A]: A=2.04 B=2.11 C=2.06 D=2.13 | duty[%]: A=70.6 B=70.1 C=48.5 D=100.0 | spread=0.087 pi=1 hold=0 ihold=0.00
  35.84s  t=35693 phase=1 freq=200.0 | I[A]: A=2.19 B=2.08 C=2.40 D=2.03 | duty[%]: A=73.3 B=70.2 C=53.4 D=100.0 | spread=0.369 pi=1 hold=0 ihold=0.00
  36.35s  t=36194 phase=1 freq=200.0 | I[A]: A=2.21 B=2.12 C=2.07 D=2.11 | duty[%]: A=71.2 B=69.4 C=50.4 D=100.0 | spread=0.138 pi=1 hold=0 ihold=0.00
  36.84s  t=36694 phase=1 freq=200.0 | I[A]: A=2.06 B=2.33 C=2.24 D=2.04 | duty[%]: A=71.0 B=73.2 C=51.3 D=100.0 | spread=0.290 pi=1 hold=0 ihold=0.00
  37.34s  t=37194 phase=1 freq=200.0 | I[A]: A=2.06 B=2.15 C=2.07 D=1.93 | duty[%]: A=70.1 B=70.5 C=49.8 D=90.0 | spread=0.219 pi=1 hold=1 ihold=2.08
  37.84s  t=37694 phase=1 freq=200.0 | I[A]: A=1.89 B=2.11 C=2.06 D=1.69 | duty[%]: A=67.9 B=70.3 C=50.0 D=90.0 | spread=0.424 pi=1 hold=1 ihold=2.08
  38.34s  t=38194 phase=1 freq=200.0 | I[A]: A=1.89 B=2.08 C=2.05 D=1.70 | duty[%]: A=67.4 B=70.2 C=50.3 D=90.0 | spread=0.380 pi=1 hold=1 ihold=2.08
  38.85s  t=38695 phase=1 freq=200.0 | I[A]: A=1.86 B=2.04 C=2.12 D=1.70 | duty[%]: A=67.1 B=70.2 C=50.0 D=90.0 | spread=0.412 pi=1 hold=1 ihold=2.08
  39.34s  t=39196 phase=1 freq=200.0 | I[A]: A=1.84 B=2.07 C=2.08 D=1.63 | duty[%]: A=67.9 B=71.2 C=49.4 D=90.0 | spread=0.445 pi=1 hold=1 ihold=2.08
  39.84s  t=39697 phase=1 freq=200.0 | I[A]: A=1.84 B=2.03 C=2.06 D=1.50 | duty[%]: A=67.3 B=70.8 C=50.1 D=80.0 | spread=0.561 pi=1 hold=1 ihold=2.08
  40.35s  t=40198 phase=1 freq=200.0 | I[A]: A=1.65 B=2.01 C=2.04 D=1.14 | duty[%]: A=65.6 B=71.9 C=49.9 D=80.0 | spread=0.904 pi=1 hold=1 ihold=2.08
  40.85s  t=40699 phase=1 freq=200.0 | I[A]: A=1.70 B=2.11 C=2.05 D=1.14 | duty[%]: A=65.5 B=72.3 C=50.0 D=80.0 | spread=0.974 pi=1 hold=1 ihold=2.08
  41.35s  t=41199 phase=1 freq=200.0 | I[A]: A=1.70 B=2.09 C=2.04 D=1.20 | duty[%]: A=65.1 B=72.0 C=50.4 D=80.0 | spread=0.886 pi=1 hold=1 ihold=2.08
  41.85s  t=41699 phase=1 freq=200.0 | I[A]: A=1.62 B=2.10 C=2.04 D=1.12 | duty[%]: A=65.0 B=71.9 C=50.4 D=80.0 | spread=0.978 pi=1 hold=1 ihold=2.08
  42.35s  t=42199 phase=1 freq=200.0 | I[A]: A=1.66 B=2.06 C=2.05 D=0.94 | duty[%]: A=64.6 B=72.0 C=50.9 D=70.0 | spread=1.123 pi=1 hold=1 ihold=2.08
  42.85s  t=42699 phase=1 freq=200.0 | I[A]: A=1.47 B=2.06 C=2.04 D=0.66 | duty[%]: A=63.3 B=73.3 C=50.5 D=70.0 | spread=1.402 pi=1 hold=1 ihold=2.08
  43.34s  t=43199 phase=1 freq=200.0 | I[A]: A=1.50 B=2.11 C=2.11 D=0.64 | duty[%]: A=62.9 B=73.2 C=50.7 D=70.0 | spread=1.476 pi=1 hold=1 ihold=2.08
  43.85s  t=43699 phase=1 freq=200.0 | I[A]: A=1.46 B=2.13 C=2.02 D=0.68 | duty[%]: A=62.5 B=73.8 C=50.2 D=70.0 | spread=1.442 pi=1 hold=1 ihold=2.08
  44.35s  t=44199 phase=1 freq=200.0 | I[A]: A=1.45 B=2.06 C=2.10 D=0.70 | duty[%]: A=62.7 B=73.7 C=50.5 D=70.0 | spread=1.405 pi=1 hold=1 ihold=2.08
  44.85s  t=44699 phase=1 freq=200.0 | I[A]: A=1.39 B=2.05 C=2.02 D=0.51 | duty[%]: A=60.0 B=73.8 C=50.4 D=60.0 | spread=1.535 pi=1 hold=1 ihold=2.08
  45.35s  t=45199 phase=1 freq=200.0 | I[A]: A=1.25 B=2.11 C=2.03 D=0.24 | duty[%]: A=60.0 B=74.6 C=50.9 D=60.0 | spread=1.872 pi=1 hold=1 ihold=2.08
  45.85s  t=45700 phase=1 freq=200.0 | I[A]: A=1.23 B=2.05 C=2.12 D=0.27 | duty[%]: A=60.0 B=75.0 C=51.4 D=60.0 | spread=1.852 pi=1 hold=1 ihold=2.08
  46.35s  t=46200 phase=1 freq=200.0 | I[A]: A=1.25 B=2.08 C=2.08 D=0.24 | duty[%]: A=60.0 B=75.7 C=50.7 D=60.0 | spread=1.848 pi=1 hold=1 ihold=2.08
  46.85s  t=46700 phase=1 freq=200.0 | I[A]: A=1.25 B=2.11 C=2.07 D=0.26 | duty[%]: A=60.0 B=75.8 C=50.3 D=60.0 | spread=1.848 pi=1 hold=1 ihold=2.08
  47.35s  t=47200 phase=1 freq=200.0 | I[A]: A=1.04 B=2.04 C=2.06 D=0.15 | duty[%]: A=50.0 B=76.2 C=50.5 D=50.0 | spread=1.909 pi=1 hold=1 ihold=2.08
  47.85s  t=47700 phase=1 freq=200.0 | I[A]: A=0.68 B=2.07 C=2.03 D=0.04 | duty[%]: A=50.0 B=77.0 C=51.4 D=50.0 | spread=2.038 pi=1 hold=1 ihold=2.08
  48.36s  t=48201 phase=1 freq=200.0 | I[A]: A=0.69 B=2.13 C=1.96 D=0.04 | duty[%]: A=50.0 B=77.4 C=52.0 D=50.0 | spread=2.091 pi=1 hold=1 ihold=2.08
  48.85s  t=48701 phase=1 freq=200.0 | I[A]: A=0.66 B=2.08 C=2.03 D=0.03 | duty[%]: A=50.0 B=76.7 C=52.8 D=50.0 | spread=2.055 pi=1 hold=1 ihold=2.08
  49.35s  t=49201 phase=1 freq=200.0 | I[A]: A=0.65 B=2.03 C=2.06 D=0.02 | duty[%]: A=50.0 B=77.1 C=53.3 D=50.0 | spread=2.042 pi=1 hold=1 ihold=2.08
  49.85s  t=49701 phase=1 freq=200.0 | I[A]: A=0.47 B=2.04 C=2.11 D=0.01 | duty[%]: A=40.0 B=77.4 C=52.8 D=40.0 | spread=2.102 pi=1 hold=1 ihold=2.08
  50.36s  t=50202 phase=1 freq=200.0 | I[A]: A=0.18 B=2.05 C=2.09 D=0.00 | duty[%]: A=40.0 B=78.1 C=54.2 D=40.0 | spread=2.088 pi=1 hold=1 ihold=2.08
  50.85s  t=50702 phase=1 freq=200.0 | I[A]: A=0.18 B=2.09 C=2.02 D=0.01 | duty[%]: A=40.0 B=79.1 C=54.0 D=40.0 | spread=2.082 pi=1 hold=1 ihold=2.08
  51.35s  t=51203 phase=1 freq=200.0 | I[A]: A=0.20 B=2.05 C=2.06 D=0.00 | duty[%]: A=40.0 B=78.9 C=53.7 D=40.0 | spread=2.061 pi=1 hold=1 ihold=2.08
  51.86s  t=51703 phase=1 freq=200.0 | I[A]: A=0.17 B=2.02 C=2.07 D=0.00 | duty[%]: A=40.0 B=78.4 C=54.4 D=40.0 | spread=2.074 pi=1 hold=1 ihold=2.08
  52.36s  t=52203 phase=1 freq=200.0 | I[A]: A=0.10 B=2.01 C=2.06 D=0.00 | duty[%]: A=30.0 B=79.1 C=54.2 D=30.0 | spread=2.056 pi=1 hold=1 ihold=2.08
  52.85s  t=52704 phase=1 freq=200.0 | I[A]: A=0.00 B=2.10 C=2.02 D=0.00 | duty[%]: A=30.0 B=79.7 C=55.3 D=30.0 | spread=2.103 pi=1 hold=1 ihold=2.08
  53.35s  t=53204 phase=1 freq=200.0 | I[A]: A=-0.00 B=2.12 C=2.06 D=0.00 | duty[%]: A=30.0 B=80.1 C=55.7 D=30.0 | spread=2.116 pi=1 hold=1 ihold=2.08
  53.85s  t=53704 phase=1 freq=200.0 | I[A]: A=0.00 B=2.16 C=2.03 D=0.00 | duty[%]: A=30.0 B=79.9 C=55.9 D=30.0 | spread=2.163 pi=1 hold=1 ihold=2.08
  54.36s  t=54204 phase=1 freq=200.0 | I[A]: A=0.00 B=2.06 C=2.04 D=0.00 | duty[%]: A=30.0 B=80.1 C=55.8 D=30.0 | spread=2.058 pi=1 hold=1 ihold=2.08
  54.86s  t=54704 phase=1 freq=200.0 | I[A]: A=0.00 B=2.05 C=2.02 D=0.00 | duty[%]: A=20.0 B=80.3 C=56.1 D=20.0 | spread=2.049 pi=1 hold=1 ihold=2.08
  55.36s  t=55204 phase=1 freq=200.0 | I[A]: A=-0.00 B=2.07 C=2.06 D=0.00 | duty[%]: A=20.0 B=81.3 C=57.0 D=20.0 | spread=2.073 pi=1 hold=1 ihold=2.08
  55.85s  t=55705 phase=1 freq=200.0 | I[A]: A=-0.00 B=2.00 C=2.08 D=0.00 | duty[%]: A=20.0 B=81.7 C=57.6 D=20.0 | spread=2.084 pi=1 hold=1 ihold=2.08
  56.35s  t=56205 phase=1 freq=200.0 | I[A]: A=-0.00 B=2.09 C=2.12 D=0.00 | duty[%]: A=20.0 B=82.2 C=57.2 D=20.0 | spread=2.116 pi=1 hold=1 ihold=2.08
  56.85s  t=56705 phase=1 freq=200.0 | I[A]: A=-0.00 B=2.11 C=2.08 D=-0.00 | duty[%]: A=20.0 B=82.3 C=57.3 D=20.0 | spread=2.109 pi=1 hold=1 ihold=2.08
  57.35s  t=57205 phase=1 freq=200.0 | I[A]: A=-0.00 B=2.09 C=2.06 D=-0.00 | duty[%]: A=10.0 B=82.5 C=57.2 D=10.0 | spread=2.087 pi=1 hold=1 ihold=2.08
  57.85s  t=57705 phase=1 freq=200.0 | I[A]: A=-0.00 B=2.05 C=2.07 D=-0.00 | duty[%]: A=10.0 B=82.5 C=58.1 D=10.0 | spread=2.074 pi=1 hold=1 ihold=2.08
  58.36s  t=58206 phase=1 freq=200.0 | I[A]: A=-0.00 B=2.14 C=2.00 D=-0.00 | duty[%]: A=10.0 B=82.5 C=58.5 D=10.0 | spread=2.140 pi=1 hold=1 ihold=2.08
  58.86s  t=58706 phase=1 freq=200.0 | I[A]: A=-0.00 B=2.02 C=2.03 D=-0.00 | duty[%]: A=10.0 B=82.2 C=59.3 D=10.0 | spread=2.026 pi=1 hold=1 ihold=2.08
  59.36s  t=59206 phase=1 freq=200.0 | I[A]: A=-0.00 B=2.02 C=2.12 D=-0.00 | duty[%]: A=10.0 B=82.1 C=59.2 D=10.0 | spread=2.120 pi=1 hold=1 ihold=2.08
  59.85s  t=59707 phase=1 freq=200.0 | I[A]: A=-0.00 B=1.11 C=1.14 D=-0.00 | duty[%]: A=0.0 B=0.0 C=0.0 D=0.0 | spread=1.141 pi=1 hold=1 ihold=2.08
  60.32s  experiment complete -> DONE (coils latched OFF)
  60.35s  t=60208 phase=2 freq=200.0 | I[A]: A=-0.00 B=0.00 C=0.00 D=-0.00 | duty[%]: A=0.0 B=0.0 C=0.0 D=0.0 | spread=0.000 pi=1 hold=1 ihold=2.08
  60.86s  t=60708 phase=2 freq=200.0 | I[A]: A=-0.00 B=0.00 C=0.00 D=-0.00 | duty[%]: A=0.0 B=0.0 C=0.0 D=0.0 | spread=0.000 pi=1 hold=1 ihold=2.08
  61.36s  t=61209 phase=2 freq=200.0 | I[A]: A=-0.00 B=0.00 C=0.00 D=-0.00 | duty[%]: A=0.0 B=0.0 C=0.0 D=0.0 | spread=0.000 pi=1 hold=1 ihold=2.08
  61.86s  t=61709 phase=2 freq=200.0 | I[A]: A=-0.00 B=0.00 C=0.00 D=-0.00 | duty[%]: A=0.0 B=0.0 C=0.0 D=0.0 | spread=0.000 pi=1 hold=1 ihold=2.08
  62.35s  t=62210 phase=2 freq=200.0 | I[A]: A=-0.00 B=0.00 C=0.00 D=-0.00 | duty[%]: A=0.0 B=0.0 C=0.0 D=0.0 | spread=0.000 pi=1 hold=1 ihold=2.08
  62.86s  t=62710 phase=2 freq=200.0 | I[A]: A=-0.00 B=0.00 C=0.00 D=-0.00 | duty[%]: A=0.0 B=0.0 C=0.0 D=0.0 | spread=0.000 pi=1 hold=1 ihold=2.08
  63.36s  t=63211 phase=2 freq=200.0 | I[A]: A=-0.00 B=0.00 C=-0.00 D=-0.00 | duty[%]: A=0.0 B=0.0 C=0.0 D=0.0 | spread=0.000 pi=1 hold=1 ihold=2.08
  63.86s  t=63711 phase=2 freq=200.0 | I[A]: A=-0.00 B=-0.00 C=-0.00 D=-0.00 | duty[%]: A=0.0 B=0.0 C=0.0 D=0.0 | spread=0.000 pi=1 hold=1 ihold=2.08
  64.36s  t=64212 phase=2 freq=200.0 | I[A]: A=-0.00 B=-0.00 C=0.00 D=-0.00 | duty[%]: A=0.0 B=0.0 C=0.0 D=0.0 | spread=0.001 pi=1 hold=1 ihold=2.08
  64.86s  t=64712 phase=2 freq=200.0 | I[A]: A=-0.00 B=-0.00 C=0.00 D=-0.00 | duty[%]: A=0.0 B=0.0 C=0.0 D=0.0 | spread=0.000 pi=1 hold=1 ihold=2.08
  65.36s  t=65213 phase=2 freq=200.0 | I[A]: A=-0.00 B=-0.00 C=0.00 D=-0.00 | duty[%]: A=0.0 B=0.0 C=0.0 D=0.0 | spread=0.000 pi=1 hold=1 ihold=2.08
  65.87s  t=65713 phase=2 freq=200.0 | I[A]: A=-0.00 B=-0.00 C=0.00 D=-0.00 | duty[%]: A=0.0 B=0.0 C=0.0 D=0.0 | spread=0.001 pi=1 hold=1 ihold=2.08
  66.37s  t=66214 phase=2 freq=200.0 | I[A]: A=-0.00 B=-0.00 C=0.00 D=0.00 | duty[%]: A=0.0 B=0.0 C=0.0 D=0.0 | spread=0.001 pi=1 hold=1 ihold=2.08
  66.86s  t=66714 phase=2 freq=200.0 | I[A]: A=0.01 B=-0.00 C=0.00 D=0.00 | duty[%]: A=0.0 B=0.0 C=0.0 D=0.0 | spread=0.008 pi=1 hold=1 ihold=2.08
  67.36s  t=67214 phase=2 freq=200.0 | I[A]: A=-0.00 B=-0.00 C=0.00 D=0.00 | duty[%]: A=0.0 B=0.0 C=0.0 D=0.0 | spread=0.000 pi=1 hold=1 ihold=2.08
  67.86s  t=67714 phase=2 freq=200.0 | I[A]: A=-0.00 B=-0.00 C=-0.00 D=0.00 | duty[%]: A=0.0 B=0.0 C=0.0 D=0.0 | spread=0.000 pi=1 hold=1 ihold=2.08
  68.36s  t=68214 phase=2 freq=200.0 | I[A]: A=-0.00 B=-0.00 C=-0.00 D=0.00 | duty[%]: A=0.0 B=0.0 C=0.0 D=0.0 | spread=0.000 pi=1 hold=1 ihold=2.08
  68.87s  t=68715 phase=2 freq=200.0 | I[A]: A=-0.00 B=-0.00 C=0.00 D=0.00 | duty[%]: A=0.0 B=0.0 C=0.0 D=0.0 | spread=0.000 pi=1 hold=1 ihold=2.08
  69.37s  t=69215 phase=2 freq=200.0 | I[A]: A=-0.00 B=-0.00 C=0.00 D=0.00 | duty[%]: A=0.0 B=0.0 C=0.0 D=0.0 | spread=0.003 pi=1 hold=1 ihold=2.08
  69.86s  t=69715 phase=2 freq=200.0 | I[A]: A=-0.00 B=-0.00 C=0.00 D=0.00 | duty[%]: A=0.0 B=0.0 C=0.0 D=0.0 | spread=0.000 pi=1 hold=1 ihold=2.08
  70.36s  t=70215 phase=2 freq=200.0 | I[A]: A=-0.00 B=-0.00 C=0.00 D=0.00 | duty[%]: A=0.0 B=0.0 C=0.0 D=0.0 | spread=0.000 pi=1 hold=1 ihold=2.08
  70.87s  t=70715 phase=2 freq=200.0 | I[A]: A=-0.00 B=-0.00 C=0.00 D=0.00 | duty[%]: A=0.0 B=0.0 C=0.0 D=0.0 | spread=0.000 pi=1 hold=1 ihold=2.08
  71.37s  t=71216 phase=2 freq=200.0 | I[A]: A=-0.00 B=-0.00 C=-0.00 D=-0.00 | duty[%]: A=0.0 B=0.0 C=0.0 D=0.0 | spread=0.000 pi=1 hold=1 ihold=2.08
  71.86s  t=71716 phase=2 freq=200.0 | I[A]: A=-0.00 B=-0.00 C=-0.00 D=-0.00 | duty[%]: A=0.0 B=0.0 C=0.0 D=0.0 | spread=0.000 pi=1 hold=1 ihold=2.08
  72.37s  t=72217 phase=2 freq=200.0 | I[A]: A=-0.00 B=-0.00 C=0.00 D=-0.00 | duty[%]: A=0.0 B=0.0 C=0.0 D=0.0 | spread=0.003 pi=1 hold=1 ihold=2.08
  72.87s  t=72717 phase=2 freq=200.0 | I[A]: A=-0.00 B=-0.00 C=0.00 D=-0.00 | duty[%]: A=0.0 B=0.0 C=0.0 D=0.0 | spread=0.000 pi=1 hold=1 ihold=2.08
  73.37s  t=73218 phase=2 freq=200.0 | I[A]: A=-0.00 B=-0.00 C=0.00 D=-0.00 | duty[%]: A=0.0 B=0.0 C=0.0 D=0.0 | spread=0.000 pi=1 hold=1 ihold=2.08
  73.86s  t=73718 phase=2 freq=200.0 | I[A]: A=-0.00 B=-0.00 C=0.00 D=-0.00 | duty[%]: A=0.0 B=0.0 C=0.0 D=0.0 | spread=0.000 pi=1 hold=1 ihold=2.08
  74.37s  t=74218 phase=2 freq=200.0 | I[A]: A=-0.00 B=-0.00 C=-0.00 D=-0.00 | duty[%]: A=0.0 B=0.0 C=0.0 D=0.0 | spread=0.000 pi=1 hold=1 ihold=2.08
  74.87s  t=74718 phase=2 freq=200.0 | I[A]: A=-0.00 B=-0.00 C=-0.00 D=-0.00 | duty[%]: A=0.0 B=0.0 C=0.0 D=0.0 | spread=0.000 pi=1 hold=1 ihold=2.08
  75.37s  t=75219 phase=2 freq=200.0 | I[A]: A=-0.00 B=-0.00 C=-0.00 D=-0.00 | duty[%]: A=0.0 B=0.0 C=0.0 D=0.0 | spread=0.000 pi=1 hold=1 ihold=2.08
  75.87s  t=75719 phase=2 freq=200.0 | I[A]: A=-0.00 B=-0.00 C=-0.00 D=-0.00 | duty[%]: A=0.0 B=0.0 C=0.0 D=0.0 | spread=0.000 pi=1 hold=1 ihold=2.08
  76.37s  t=76220 phase=2 freq=200.0 | I[A]: A=-0.00 B=-0.00 C=-0.00 D=-0.00 | duty[%]: A=0.0 B=0.0 C=0.0 D=0.0 | spread=0.000 pi=1 hold=1 ihold=2.08
  76.87s  t=76720 phase=2 freq=200.0 | I[A]: A=-0.00 B=-0.00 C=0.00 D=-0.00 | duty[%]: A=0.0 B=0.0 C=0.0 D=0.0 | spread=0.000 pi=1 hold=1 ihold=2.08
  77.37s  t=77221 phase=2 freq=200.0 | I[A]: A=-0.00 B=-0.00 C=0.00 D=-0.00 | duty[%]: A=0.0 B=0.0 C=0.0 D=0.0 | spread=0.000 pi=1 hold=1 ihold=2.08
  77.87s  t=77721 phase=2 freq=200.0 | I[A]: A=-0.00 B=-0.00 C=0.00 D=-0.00 | duty[%]: A=0.0 B=0.0 C=0.0 D=0.0 | spread=0.000 pi=1 hold=1 ihold=2.08
  78.37s  t=78222 phase=2 freq=200.0 | I[A]: A=-0.00 B=-0.00 C=0.00 D=-0.00 | duty[%]: A=0.0 B=0.0 C=0.0 D=0.0 | spread=0.000 pi=1 hold=1 ihold=2.08
  78.87s  t=78722 phase=2 freq=200.0 | I[A]: A=-0.00 B=-0.00 C=-0.00 D=-0.00 | duty[%]: A=0.0 B=0.0 C=0.0 D=0.0 | spread=0.000 pi=1 hold=1 ihold=2.08
  79.37s  t=79222 phase=2 freq=200.0 | I[A]: A=-0.00 B=-0.00 C=-0.00 D=-0.00 | duty[%]: A=0.0 B=0.0 C=0.0 D=0.0 | spread=0.000 pi=1 hold=1 ihold=2.08
  79.88s  t=79722 phase=2 freq=200.0 | I[A]: A=-0.00 B=-0.00 C=-0.00 D=-0.00 | duty[%]: A=0.0 B=0.0 C=0.0 D=0.0 | spread=0.000 pi=1 hold=1 ihold=2.08
  80.38s  t=80223 phase=2 freq=200.0 | I[A]: A=-0.00 B=-0.00 C=-0.00 D=-0.00 | duty[%]: A=0.0 B=0.0 C=0.0 D=0.0 | spread=0.000 pi=1 hold=1 ihold=2.08
  80.87s  t=80723 phase=2 freq=200.0 | I[A]: A=-0.00 B=-0.00 C=-0.00 D=-0.00 | duty[%]: A=0.0 B=0.0 C=0.0 D=0.0 | spread=0.000 pi=1 hold=1 ihold=2.08
  81.37s  t=81224 phase=2 freq=200.0 | I[A]: A=-0.00 B=-0.00 C=-0.00 D=-0.00 | duty[%]: A=0.0 B=0.0 C=0.0 D=0.0 | spread=0.000 pi=1 hold=1 ihold=2.08
  81.87s  t=81724 phase=2 freq=200.0 | I[A]: A=-0.00 B=-0.00 C=-0.00 D=-0.00 | duty[%]: A=0.0 B=0.0 C=0.0 D=0.0 | spread=0.000 pi=1 hold=1 ihold=2.08
  82.38s  t=82225 phase=2 freq=200.0 | I[A]: A=-0.00 B=-0.00 C=-0.00 D=-0.00 | duty[%]: A=0.0 B=0.0 C=0.0 D=0.0 | spread=0.000 pi=1 hold=1 ihold=2.08
  82.88s  t=82725 phase=2 freq=200.0 | I[A]: A=-0.00 B=-0.00 C=0.00 D=-0.00 | duty[%]: A=0.0 B=0.0 C=0.0 D=0.0 | spread=0.000 pi=1 hold=1 ihold=2.08
  83.37s  t=83226 phase=2 freq=200.0 | I[A]: A=-0.00 B=-0.00 C=0.00 D=-0.00 | duty[%]: A=0.0 B=0.0 C=0.0 D=0.0 | spread=0.000 pi=1 hold=1 ihold=2.08
  83.87s  t=83726 phase=2 freq=200.0 | I[A]: A=-0.00 B=-0.00 C=0.00 D=-0.00 | duty[%]: A=0.0 B=0.0 C=0.0 D=0.0 | spread=0.000 pi=1 hold=1 ihold=2.08
  84.38s  t=84227 phase=2 freq=200.0 | I[A]: A=-0.00 B=-0.00 C=-0.00 D=-0.00 | duty[%]: A=0.0 B=0.0 C=0.0 D=0.0 | spread=0.000 pi=1 hold=1 ihold=2.08
  84.88s  t=84727 phase=2 freq=200.0 | I[A]: A=-0.00 B=-0.00 C=-0.00 D=-0.00 | duty[%]: A=0.0 B=0.0 C=0.0 D=0.0 | spread=0.000 pi=1 hold=1 ihold=2.08
  85.38s  t=85228 phase=2 freq=200.0 | I[A]: A=-0.00 B=-0.00 C=-0.00 D=-0.00 | duty[%]: A=0.0 B=0.0 C=0.0 D=0.0 | spread=0.000 pi=1 hold=1 ihold=2.08
  85.88s  t=85728 phase=2 freq=200.0 | I[A]: A=-0.00 B=-0.00 C=-0.00 D=-0.00 | duty[%]: A=0.0 B=0.0 C=0.0 D=0.0 | spread=0.000 pi=1 hold=1 ihold=2.08
  86.38s  t=86229 phase=2 freq=200.0 | I[A]: A=-0.00 B=-0.00 C=-0.00 D=-0.00 | duty[%]: A=0.0 B=0.0 C=0.0 D=0.0 | spread=0.000 pi=1 hold=1 ihold=2.08
  86.88s  t=86729 phase=2 freq=200.0 | I[A]: A=-0.00 B=-0.00 C=-0.00 D=0.00 | duty[%]: A=0.0 B=0.0 C=0.0 D=0.0 | spread=0.000 pi=1 hold=1 ihold=2.08
  87.38s  t=87230 phase=2 freq=200.0 | I[A]: A=-0.00 B=0.00 C=-0.00 D=0.00 | duty[%]: A=0.0 B=0.0 C=0.0 D=0.0 | spread=0.000 pi=1 hold=1 ihold=2.08
  87.88s  t=87730 phase=2 freq=200.0 | I[A]: A=-0.00 B=0.00 C=-0.00 D=0.00 | duty[%]: A=0.0 B=0.0 C=0.0 D=0.0 | spread=0.000 pi=1 hold=1 ihold=2.08
  88.38s  t=88231 phase=2 freq=200.0 | I[A]: A=-0.00 B=0.00 C=-0.00 D=0.00 | duty[%]: A=0.0 B=0.0 C=0.0 D=0.0 | spread=0.000 pi=1 hold=1 ihold=2.08
  88.88s  t=88731 phase=2 freq=200.0 | I[A]: A=-0.00 B=-0.00 C=0.00 D=0.00 | duty[%]: A=0.0 B=0.0 C=0.0 D=0.0 | spread=0.000 pi=1 hold=1 ihold=2.08
  89.38s  t=89232 phase=2 freq=200.0 | I[A]: A=-0.00 B=-0.00 C=0.00 D=-0.00 | duty[%]: A=0.0 B=0.0 C=0.0 D=0.0 | spread=0.000 pi=1 hold=1 ihold=2.08
  89.88s  t=89732 phase=2 freq=200.0 | I[A]: A=-0.00 B=-0.00 C=0.00 D=-0.00 | duty[%]: A=0.0 B=0.0 C=0.0 D=0.0 | spread=0.000 pi=1 hold=1 ihold=2.08
  90.39s  t=90232 phase=2 freq=200.0 | I[A]: A=-0.00 B=-0.00 C=0.00 D=-0.00 | duty[%]: A=0.0 B=0.0 C=0.0 D=0.0 | spread=0.000 pi=1 hold=1 ihold=2.08
  90.88s  t=90732 phase=2 freq=200.0 | I[A]: A=-0.00 B=-0.00 C=0.00 D=-0.00 | duty[%]: A=0.0 B=0.0 C=0.0 D=0.0 | spread=0.000 pi=1 hold=1 ihold=2.08
  91.38s  t=91233 phase=2 freq=200.0 | I[A]: A=-0.00 B=-0.00 C=0.00 D=-0.00 | duty[%]: A=0.0 B=0.0 C=0.0 D=0.0 | spread=0.000 pi=1 hold=1 ihold=2.08
  91.88s  t=91733 phase=2 freq=200.0 | I[A]: A=-0.00 B=-0.00 C=0.00 D=-0.00 | duty[%]: A=0.0 B=0.0 C=0.0 D=0.0 | spread=0.003 pi=1 hold=1 ihold=2.08
  92.39s  t=92234 phase=2 freq=200.0 | I[A]: A=-0.00 B=0.00 C=0.00 D=-0.00 | duty[%]: A=0.0 B=0.0 C=0.0 D=0.0 | spread=0.001 pi=1 hold=1 ihold=2.08
  92.88s  t=92734 phase=2 freq=200.0 | I[A]: A=-0.00 B=0.00 C=0.00 D=-0.00 | duty[%]: A=0.0 B=0.0 C=0.0 D=0.0 | spread=0.000 pi=1 hold=1 ihold=2.08
  93.38s  t=93235 phase=2 freq=200.0 | I[A]: A=-0.00 B=0.00 C=0.00 D=-0.00 | duty[%]: A=0.0 B=0.0 C=0.0 D=0.0 | spread=0.000 pi=1 hold=1 ihold=2.08
  93.89s  t=93735 phase=2 freq=200.0 | I[A]: A=-0.00 B=-0.00 C=-0.00 D=-0.00 | duty[%]: A=0.0 B=0.0 C=0.0 D=0.0 | spread=0.000 pi=1 hold=1 ihold=2.08
  94.39s  t=94236 phase=2 freq=200.0 | I[A]: A=-0.00 B=-0.00 C=0.00 D=0.00 | duty[%]: A=0.0 B=0.0 C=0.0 D=0.0 | spread=0.000 pi=1 hold=1 ihold=2.08
  94.88s  t=94736 phase=2 freq=200.0 | I[A]: A=-0.00 B=-0.00 C=0.01 D=0.00 | duty[%]: A=0.0 B=0.0 C=0.0 D=0.0 | spread=0.011 pi=1 hold=1 ihold=2.08
  95.38s  t=95236 phase=2 freq=200.0 | I[A]: A=-0.00 B=-0.00 C=0.00 D=0.00 | duty[%]: A=0.0 B=0.0 C=0.0 D=0.0 | spread=0.000 pi=1 hold=1 ihold=2.08
  95.88s  t=95736 phase=2 freq=200.0 | I[A]: A=-0.00 B=-0.00 C=0.00 D=0.00 | duty[%]: A=0.0 B=0.0 C=0.0 D=0.0 | spread=0.002 pi=1 hold=1 ihold=2.08
  96.39s  t=96237 phase=2 freq=200.0 | I[A]: A=-0.00 B=-0.00 C=0.00 D=-0.00 | duty[%]: A=0.0 B=0.0 C=0.0 D=0.0 | spread=0.000 pi=1 hold=1 ihold=2.08
  96.89s  t=96737 phase=2 freq=200.0 | I[A]: A=-0.00 B=-0.00 C=0.00 D=-0.00 | duty[%]: A=0.0 B=0.0 C=0.0 D=0.0 | spread=0.000 pi=1 hold=1 ihold=2.08
  97.39s  t=97238 phase=2 freq=200.0 | I[A]: A=-0.00 B=-0.00 C=0.00 D=-0.00 | duty[%]: A=0.0 B=0.0 C=0.0 D=0.0 | spread=0.000 pi=1 hold=1 ihold=2.08
  97.89s  t=97738 phase=2 freq=200.0 | I[A]: A=-0.00 B=-0.00 C=0.00 D=-0.00 | duty[%]: A=0.0 B=0.0 C=0.0 D=0.0 | spread=0.000 pi=1 hold=1 ihold=2.08
  98.39s  t=98239 phase=2 freq=200.0 | I[A]: A=-0.00 B=-0.00 C=0.00 D=-0.00 | duty[%]: A=0.0 B=0.0 C=0.0 D=0.0 | spread=0.000 pi=1 hold=1 ihold=2.08
  98.89s  t=98739 phase=2 freq=200.0 | I[A]: A=-0.00 B=-0.00 C=-0.00 D=-0.00 | duty[%]: A=0.0 B=0.0 C=0.0 D=0.0 | spread=0.000 pi=1 hold=1 ihold=2.08
  99.39s  t=99240 phase=2 freq=200.0 | I[A]: A=-0.00 B=-0.00 C=-0.00 D=-0.00 | duty[%]: A=0.0 B=0.0 C=0.0 D=0.0 | spread=0.000 pi=1 hold=1 ihold=2.08
