   0.00s  ets Jul 29 2019 12:21:46
   0.00s  
   0.00s  rst:0x1 (POWERON_RESET),boot:0x13 (SPI_FAST_FLASH_BOOT)
   0.00s  configsip: 0, SPIWP:0xee
   0.00s  clk_drv:0x00,q_drv:0x00,d_drv:0x00,cs0_drv:0x00,hd_drv:0x00,wp_drv:0x00
   0.00s  mode:DIO, clock div:2
   0.00s  load:0x3fff0030,len:1184
   0.00s  load:0x40078000,len:13232
   0.00s  load:0x40080400,len:3028
   0.00s  entry 0x400805e4
   1.29s  balanced_experiment: arming 3000ms, then loading /tilt.json (pi=1)
   1.31s  t=1153 phase=0 freq=190.0 | I[A]: A=0.00 B=0.00 C=0.00 D=0.00 | duty[%]: A=0.0 B=0.0 C=0.0 D=0.0 | spread=0.000 pi=1
   1.80s  t=1654 phase=0 freq=190.0 | I[A]: A=0.00 B=0.00 C=0.00 D=0.00 | duty[%]: A=0.0 B=0.0 C=0.0 D=0.0 | spread=0.000 pi=1
   2.30s  t=2155 phase=0 freq=190.0 | I[A]: A=0.00 B=0.00 C=0.00 D=0.00 | duty[%]: A=0.0 B=0.0 C=0.0 D=0.0 | spread=0.000 pi=1
   2.81s  t=2655 phase=0 freq=190.0 | I[A]: A=0.00 B=0.00 C=0.00 D=0.00 | duty[%]: A=0.0 B=0.0 C=0.0 D=0.0 | spread=0.000 pi=1
   3.30s  t=3155 phase=0 freq=190.0 | I[A]: A=0.00 B=0.00 C=0.00 D=0.00 | duty[%]: A=0.0 B=0.0 C=0.0 D=0.0 | spread=0.000 pi=1
   3.80s  t=3655 phase=0 freq=190.0 | I[A]: A=0.00 B=0.00 C=0.00 D=0.00 | duty[%]: A=0.0 B=0.0 C=0.0 D=0.0 | spread=0.000 pi=1
   4.30s  ARMED -> running experiment
   4.31s  t=4167 phase=1 freq=1.0 | I[A]: A=0.00 B=0.00 C=-0.00 D=-0.00 | duty[%]: A=50.7 B=50.0 C=50.0 D=50.0 | spread=0.000 pi=1
   4.82s  t=4668 phase=1 freq=1.2 | I[A]: A=0.01 B=0.00 C=-0.00 D=-0.00 | duty[%]: A=75.8 B=50.1 C=50.3 D=50.1 | spread=0.009 pi=1
   5.32s  t=5168 phase=1 freq=1.6 | I[A]: A=0.00 B=0.00 C=0.00 D=0.02 | duty[%]: A=100.0 B=50.2 C=50.4 D=50.0 | spread=0.016 pi=1
   5.82s  t=5669 phase=1 freq=2.4 | I[A]: A=0.01 B=0.00 C=0.00 D=0.02 | duty[%]: A=100.0 B=50.6 C=51.2 D=50.5 | spread=0.023 pi=1
   6.32s  t=6170 phase=1 freq=3.5 | I[A]: A=0.03 B=0.01 C=0.00 D=0.03 | duty[%]: A=100.0 B=51.1 C=52.3 D=51.1 | spread=0.034 pi=1
   6.81s  t=6670 phase=1 freq=4.9 | I[A]: A=0.03 B=0.02 C=0.00 D=0.04 | duty[%]: A=100.0 B=51.6 C=53.7 D=51.7 | spread=0.038 pi=1
   7.32s  t=7171 phase=1 freq=6.6 | I[A]: A=0.09 B=0.06 C=0.01 D=0.02 | duty[%]: A=100.0 B=52.6 C=55.0 D=52.7 | spread=0.074 pi=1
   7.82s  t=7672 phase=1 freq=8.5 | I[A]: A=0.07 B=0.04 C=0.00 D=0.05 | duty[%]: A=100.0 B=53.5 C=57.6 D=53.6 | spread=0.066 pi=1
   8.32s  t=8172 phase=1 freq=10.7 | I[A]: A=0.15 B=0.09 C=0.00 D=0.05 | duty[%]: A=100.0 B=54.9 C=61.3 D=55.5 | spread=0.150 pi=1
   8.82s  t=8672 phase=1 freq=13.1 | I[A]: A=0.19 B=0.13 C=0.01 D=0.08 | duty[%]: A=100.0 B=56.2 C=65.1 D=57.3 | spread=0.177 pi=1
   9.32s  t=9173 phase=1 freq=15.7 | I[A]: A=0.21 B=0.11 C=0.00 D=0.12 | duty[%]: A=97.4 B=56.0 C=77.4 D=57.1 | spread=0.211 pi=1
   9.82s  t=9674 phase=1 freq=18.6 | I[A]: A=0.21 B=0.13 C=0.00 D=0.13 | duty[%]: A=91.6 B=52.4 C=100.0 D=54.4 | spread=0.210 pi=1
  10.33s  t=10175 phase=1 freq=21.7 | I[A]: A=0.18 B=0.12 C=0.00 D=0.12 | duty[%]: A=85.5 B=48.7 C=100.0 D=50.8 | spread=0.181 pi=1
  10.82s  t=10676 phase=1 freq=25.0 | I[A]: A=0.27 B=0.15 C=0.00 D=0.13 | duty[%]: A=78.9 B=44.7 C=100.0 D=47.3 | spread=0.271 pi=1
  11.33s  t=11176 phase=1 freq=28.4 | I[A]: A=0.24 B=0.14 C=-0.00 D=0.18 | duty[%]: A=72.2 B=40.2 C=100.0 D=43.0 | spread=0.239 pi=1
  11.82s  t=11677 phase=1 freq=32.1 | I[A]: A=0.36 B=0.17 C=-0.00 D=0.16 | duty[%]: A=64.5 B=36.7 C=100.0 D=38.9 | spread=0.358 pi=1
  12.33s  t=12177 phase=1 freq=35.9 | I[A]: A=0.40 B=0.12 C=-0.00 D=0.10 | duty[%]: A=56.8 B=33.8 C=100.0 D=35.7 | spread=0.402 pi=1
  12.83s  t=12678 phase=1 freq=39.9 | I[A]: A=0.36 B=0.11 C=-0.00 D=0.12 | duty[%]: A=49.1 B=31.5 C=100.0 D=32.9 | spread=0.356 pi=1
  13.33s  t=13179 phase=1 freq=44.0 | I[A]: A=0.25 B=0.10 C=-0.00 D=0.07 | duty[%]: A=42.8 B=29.6 C=100.0 D=30.8 | spread=0.251 pi=1
  13.83s  t=13679 phase=1 freq=48.2 | I[A]: A=0.20 B=0.11 C=-0.00 D=0.05 | duty[%]: A=37.8 B=27.7 C=100.0 D=28.7 | spread=0.197 pi=1
  14.33s  t=14180 phase=1 freq=52.6 | I[A]: A=0.13 B=0.04 C=-0.00 D=0.06 | duty[%]: A=33.9 B=26.5 C=100.0 D=27.0 | spread=0.132 pi=1
  14.83s  t=14681 phase=1 freq=57.1 | I[A]: A=0.10 B=0.07 C=-0.00 D=0.08 | duty[%]: A=30.8 B=25.2 C=100.0 D=25.7 | spread=0.099 pi=1
  15.33s  t=15181 phase=1 freq=61.6 | I[A]: A=0.08 B=0.03 C=-0.00 D=0.02 | duty[%]: A=28.4 B=24.2 C=100.0 D=24.9 | spread=0.078 pi=1
  15.83s  t=15681 phase=1 freq=66.3 | I[A]: A=0.05 B=0.03 C=-0.00 D=0.02 | duty[%]: A=26.8 B=23.6 C=100.0 D=24.3 | spread=0.053 pi=1
  16.33s  t=16182 phase=1 freq=71.1 | I[A]: A=0.07 B=0.22 C=0.00 D=0.01 | duty[%]: A=25.5 B=22.4 C=100.0 D=23.9 | spread=0.213 pi=1
  16.83s  t=16682 phase=1 freq=75.9 | I[A]: A=0.04 B=0.02 C=0.00 D=0.03 | duty[%]: A=24.5 B=21.9 C=100.0 D=23.6 | spread=0.038 pi=1
  17.33s  t=17183 phase=1 freq=80.7 | I[A]: A=0.02 B=0.02 C=0.00 D=0.01 | duty[%]: A=23.8 B=21.5 C=100.0 D=23.1 | spread=0.019 pi=1
  17.83s  t=17683 phase=1 freq=85.6 | I[A]: A=0.01 B=0.00 C=-0.00 D=0.01 | duty[%]: A=23.3 B=21.3 C=100.0 D=22.9 | spread=0.015 pi=1
  18.33s  t=18184 phase=1 freq=90.6 | I[A]: A=0.05 B=0.00 C=-0.00 D=0.01 | duty[%]: A=22.9 B=21.1 C=100.0 D=22.5 | spread=0.048 pi=1
  18.83s  t=18684 phase=1 freq=95.5 | I[A]: A=0.00 B=0.00 C=-0.00 D=0.01 | duty[%]: A=22.8 B=21.0 C=100.0 D=22.0 | spread=0.010 pi=1
  19.33s  t=19185 phase=1 freq=100.5 | I[A]: A=0.00 B=0.01 C=-0.00 D=0.02 | duty[%]: A=22.6 B=20.9 C=100.0 D=21.7 | spread=0.017 pi=1
  19.84s  t=19685 phase=1 freq=105.5 | I[A]: A=0.00 B=0.00 C=0.00 D=0.01 | duty[%]: A=22.5 B=20.8 C=100.0 D=21.3 | spread=0.013 pi=1
  20.33s  t=20185 phase=1 freq=110.4 | I[A]: A=0.00 B=0.00 C=0.00 D=0.01 | duty[%]: A=22.5 B=20.7 C=100.0 D=20.7 | spread=0.010 pi=1
  20.84s  t=20686 phase=1 freq=115.4 | I[A]: A=0.01 B=0.00 C=0.00 D=0.01 | duty[%]: A=22.4 B=20.6 C=100.0 D=19.7 | spread=0.009 pi=1
  21.33s  t=21186 phase=1 freq=120.3 | I[A]: A=0.00 B=0.00 C=-0.00 D=0.02 | duty[%]: A=22.2 B=20.6 C=100.0 D=19.4 | spread=0.017 pi=1
  21.84s  t=21686 phase=1 freq=125.2 | I[A]: A=0.00 B=0.01 C=-0.00 D=0.02 | duty[%]: A=22.2 B=20.5 C=100.0 D=18.9 | spread=0.019 pi=1
  22.33s  t=22186 phase=1 freq=130.0 | I[A]: A=0.00 B=0.00 C=-0.00 D=0.01 | duty[%]: A=22.2 B=20.5 C=100.0 D=18.6 | spread=0.008 pi=1
  22.84s  t=22687 phase=1 freq=134.7 | I[A]: A=0.00 B=0.00 C=-0.00 D=0.00 | duty[%]: A=22.2 B=20.4 C=100.0 D=18.3 | spread=0.002 pi=1
  23.33s  t=23187 phase=1 freq=139.4 | I[A]: A=0.00 B=0.00 C=-0.00 D=0.01 | duty[%]: A=22.1 B=20.4 C=100.0 D=17.9 | spread=0.009 pi=1
  23.84s  t=23687 phase=1 freq=143.9 | I[A]: A=0.00 B=0.00 C=-0.00 D=0.02 | duty[%]: A=22.1 B=20.3 C=100.0 D=17.7 | spread=0.019 pi=1
  24.33s  t=24187 phase=1 freq=148.4 | I[A]: A=0.00 B=0.00 C=-0.00 D=0.03 | duty[%]: A=22.1 B=20.3 C=100.0 D=17.3 | spread=0.034 pi=1
  24.84s  t=24688 phase=1 freq=152.8 | I[A]: A=0.00 B=0.00 C=-0.00 D=0.04 | duty[%]: A=22.1 B=20.3 C=100.0 D=16.8 | spread=0.039 pi=1
  25.33s  t=25188 phase=1 freq=157.0 | I[A]: A=0.00 B=0.00 C=-0.00 D=0.01 | duty[%]: A=22.1 B=19.5 C=100.0 D=16.6 | spread=0.013 pi=1
  25.84s  t=25689 phase=1 freq=161.1 | I[A]: A=0.00 B=0.00 C=-0.00 D=0.01 | duty[%]: A=22.1 B=19.4 C=100.0 D=16.4 | spread=0.013 pi=1
  26.34s  t=26189 phase=1 freq=165.1 | I[A]: A=0.00 B=0.00 C=-0.00 D=-0.00 | duty[%]: A=22.0 B=19.4 C=100.0 D=16.3 | spread=0.004 pi=1
  26.83s  t=26689 phase=1 freq=168.9 | I[A]: A=0.00 B=0.00 C=0.00 D=0.00 | duty[%]: A=22.1 B=19.4 C=100.0 D=16.0 | spread=0.002 pi=1
  27.34s  t=27189 phase=1 freq=172.6 | I[A]: A=0.00 B=0.03 C=0.00 D=0.00 | duty[%]: A=22.0 B=19.2 C=100.0 D=16.0 | spread=0.032 pi=1
  27.83s  t=27689 phase=1 freq=176.0 | I[A]: A=0.00 B=0.00 C=0.00 D=0.00 | duty[%]: A=22.0 B=19.2 C=100.0 D=16.0 | spread=0.001 pi=1
  28.34s  t=28189 phase=1 freq=179.3 | I[A]: A=0.01 B=0.02 C=0.00 D=-0.00 | duty[%]: A=21.9 B=19.0 C=100.0 D=15.9 | spread=0.019 pi=1
  28.84s  t=28690 phase=1 freq=182.4 | I[A]: A=0.00 B=0.00 C=0.00 D=0.01 | duty[%]: A=21.9 B=19.0 C=100.0 D=15.7 | spread=0.012 pi=1
  29.34s  t=29190 phase=1 freq=185.3 | I[A]: A=0.00 B=0.00 C=0.00 D=-0.00 | duty[%]: A=22.0 B=19.1 C=100.0 D=15.8 | spread=0.005 pi=1
  29.84s  t=29690 phase=1 freq=187.9 | I[A]: A=0.00 B=0.00 C=0.01 D=0.01 | duty[%]: A=22.1 B=18.9 C=100.0 D=15.3 | spread=0.011 pi=1
  30.34s  t=30190 phase=1 freq=190.3 | I[A]: A=0.00 B=0.00 C=0.00 D=0.00 | duty[%]: A=22.1 B=18.9 C=100.0 D=15.2 | spread=0.004 pi=1
  30.84s  t=30690 phase=1 freq=192.5 | I[A]: A=0.00 B=0.00 C=0.00 D=-0.00 | duty[%]: A=22.0 B=18.9 C=100.0 D=15.2 | spread=0.001 pi=1
  31.34s  t=31190 phase=1 freq=194.4 | I[A]: A=0.00 B=0.03 C=-0.00 D=-0.00 | duty[%]: A=22.0 B=18.8 C=100.0 D=15.2 | spread=0.028 pi=1
  31.84s  t=31691 phase=1 freq=196.1 | I[A]: A=0.00 B=0.00 C=-0.00 D=0.00 | duty[%]: A=22.0 B=18.8 C=100.0 D=15.2 | spread=0.000 pi=1
  32.34s  t=32191 phase=1 freq=197.5 | I[A]: A=0.00 B=0.04 C=0.05 D=-0.00 | duty[%]: A=22.2 B=18.4 C=100.0 D=15.4 | spread=0.052 pi=1
  32.84s  t=32691 phase=1 freq=198.6 | I[A]: A=0.00 B=0.00 C=0.00 D=0.00 | duty[%]: A=22.2 B=18.4 C=100.0 D=15.3 | spread=0.000 pi=1
  33.34s  t=33191 phase=1 freq=199.4 | I[A]: A=0.00 B=0.00 C=0.00 D=0.01 | duty[%]: A=22.2 B=18.4 C=100.0 D=15.3 | spread=0.005 pi=1
  33.84s  t=33691 phase=1 freq=199.8 | I[A]: A=0.00 B=0.00 C=-0.00 D=0.00 | duty[%]: A=22.2 B=18.4 C=100.0 D=15.1 | spread=0.003 pi=1
  34.34s  t=34191 phase=1 freq=200.0 | I[A]: A=0.00 B=0.00 C=-0.00 D=-0.00 | duty[%]: A=22.2 B=18.4 C=100.0 D=15.2 | spread=0.001 pi=1
  34.84s  t=34692 phase=1 freq=200.0 | I[A]: A=0.00 B=0.00 C=-0.00 D=-0.00 | duty[%]: A=22.2 B=18.4 C=100.0 D=15.0 | spread=0.003 pi=1
  35.34s  t=35193 phase=1 freq=200.0 | I[A]: A=0.00 B=0.00 C=-0.00 D=-0.00 | duty[%]: A=22.2 B=18.3 C=100.0 D=15.0 | spread=0.002 pi=1
  35.85s  t=35694 phase=1 freq=200.0 | I[A]: A=0.00 B=0.00 C=0.00 D=0.00 | duty[%]: A=22.2 B=18.4 C=100.0 D=14.4 | spread=0.004 pi=1
  36.34s  t=36194 phase=1 freq=200.0 | I[A]: A=0.00 B=0.00 C=0.00 D=-0.00 | duty[%]: A=22.2 B=18.0 C=100.0 D=14.4 | spread=0.002 pi=1
  36.84s  t=36694 phase=1 freq=200.0 | I[A]: A=0.00 B=0.00 C=0.00 D=-0.00 | duty[%]: A=22.2 B=18.0 C=100.0 D=14.5 | spread=0.001 pi=1
  37.34s  t=37194 phase=1 freq=200.0 | I[A]: A=0.00 B=0.00 C=0.00 D=-0.00 | duty[%]: A=22.2 B=18.0 C=100.0 D=14.5 | spread=0.001 pi=1
  37.84s  t=37694 phase=1 freq=200.0 | I[A]: A=0.00 B=0.00 C=0.00 D=0.00 | duty[%]: A=22.3 B=18.1 C=100.0 D=14.5 | spread=0.002 pi=1
  38.34s  t=38195 phase=1 freq=200.0 | I[A]: A=0.00 B=0.00 C=0.00 D=-0.00 | duty[%]: A=22.3 B=18.0 C=100.0 D=14.5 | spread=0.002 pi=1
  38.84s  t=38696 phase=1 freq=200.0 | I[A]: A=0.00 B=0.00 C=0.00 D=-0.00 | duty[%]: A=22.3 B=17.8 C=100.0 D=14.6 | spread=0.001 pi=1
  39.35s  t=39196 phase=1 freq=200.0 | I[A]: A=0.00 B=0.00 C=0.00 D=-0.00 | duty[%]: A=22.3 B=17.8 C=100.0 D=14.6 | spread=0.001 pi=1
  39.85s  t=39696 phase=1 freq=200.0 | I[A]: A=0.00 B=0.00 C=-0.00 D=-0.00 | duty[%]: A=22.3 B=17.8 C=100.0 D=14.5 | spread=0.001 pi=1
  40.34s  t=40197 phase=1 freq=200.0 | I[A]: A=0.00 B=0.00 C=-0.00 D=-0.00 | duty[%]: A=22.3 B=17.8 C=100.0 D=14.5 | spread=0.001 pi=1
  40.85s  t=40698 phase=1 freq=200.0 | I[A]: A=0.00 B=0.00 C=-0.00 D=-0.00 | duty[%]: A=22.2 B=17.8 C=100.0 D=14.5 | spread=0.001 pi=1
  41.34s  t=41198 phase=1 freq=200.0 | I[A]: A=0.00 B=0.00 C=-0.00 D=-0.00 | duty[%]: A=21.8 B=17.8 C=100.0 D=14.5 | spread=0.002 pi=1
  41.85s  t=41698 phase=1 freq=200.0 | I[A]: A=0.00 B=0.00 C=0.00 D=-0.00 | duty[%]: A=21.9 B=17.8 C=100.0 D=14.6 | spread=0.001 pi=1
  42.35s  t=42199 phase=1 freq=200.0 | I[A]: A=0.00 B=0.00 C=0.00 D=-0.00 | duty[%]: A=22.0 B=17.9 C=100.0 D=14.6 | spread=0.001 pi=1
  42.84s  t=42699 phase=1 freq=200.0 | I[A]: A=0.00 B=0.02 C=0.00 D=0.00 | duty[%]: A=22.0 B=17.9 C=100.0 D=14.6 | spread=0.016 pi=1
  43.35s  t=43199 phase=1 freq=200.0 | I[A]: A=0.00 B=0.00 C=0.00 D=-0.00 | duty[%]: A=22.0 B=17.9 C=100.0 D=14.6 | spread=0.001 pi=1
  43.84s  t=43699 phase=1 freq=200.0 | I[A]: A=0.00 B=0.00 C=0.00 D=-0.00 | duty[%]: A=22.0 B=17.9 C=100.0 D=14.7 | spread=0.001 pi=1
  44.35s  t=44199 phase=1 freq=200.0 | I[A]: A=0.00 B=0.00 C=-0.00 D=-0.00 | duty[%]: A=22.0 B=17.8 C=100.0 D=14.7 | spread=0.001 pi=1
  44.85s  t=44699 phase=1 freq=200.0 | I[A]: A=0.00 B=0.00 C=-0.00 D=0.00 | duty[%]: A=22.0 B=17.8 C=100.0 D=14.7 | spread=0.005 pi=1
  45.34s  t=45200 phase=1 freq=200.0 | I[A]: A=0.00 B=0.00 C=-0.00 D=-0.00 | duty[%]: A=22.0 B=17.8 C=100.0 D=14.7 | spread=0.002 pi=1
  45.85s  t=45700 phase=1 freq=200.0 | I[A]: A=0.00 B=0.00 C=-0.00 D=-0.00 | duty[%]: A=21.9 B=17.8 C=100.0 D=14.7 | spread=0.002 pi=1
  46.35s  t=46201 phase=1 freq=200.0 | I[A]: A=0.00 B=0.00 C=-0.00 D=-0.00 | duty[%]: A=21.9 B=17.8 C=100.0 D=14.6 | spread=0.004 pi=1
  46.85s  t=46702 phase=1 freq=200.0 | I[A]: A=0.00 B=0.00 C=0.00 D=-0.00 | duty[%]: A=21.9 B=17.8 C=100.0 D=14.6 | spread=0.001 pi=1
  47.35s  t=47203 phase=1 freq=200.0 | I[A]: A=0.00 B=0.00 C=0.00 D=0.00 | duty[%]: A=21.8 B=17.7 C=100.0 D=14.6 | spread=0.002 pi=1
  47.85s  t=47704 phase=1 freq=200.0 | I[A]: A=0.00 B=0.00 C=0.00 D=-0.00 | duty[%]: A=21.8 B=17.7 C=100.0 D=14.5 | spread=0.001 pi=1
  48.36s  t=48205 phase=1 freq=200.0 | I[A]: A=0.00 B=0.00 C=-0.00 D=-0.00 | duty[%]: A=21.8 B=17.0 C=100.0 D=14.5 | spread=0.002 pi=1
  48.85s  t=48706 phase=1 freq=200.0 | I[A]: A=0.00 B=0.00 C=-0.00 D=0.00 | duty[%]: A=21.8 B=17.0 C=100.0 D=14.3 | spread=0.001 pi=1
  49.36s  t=49207 phase=1 freq=200.0 | I[A]: A=0.00 B=0.00 C=0.00 D=-0.00 | duty[%]: A=21.8 B=17.1 C=100.0 D=14.4 | spread=0.001 pi=1
  49.85s  t=49708 phase=1 freq=200.0 | I[A]: A=0.00 B=0.00 C=0.00 D=-0.00 | duty[%]: A=21.8 B=17.1 C=100.0 D=14.4 | spread=0.001 pi=1
  50.36s  t=50209 phase=1 freq=200.0 | I[A]: A=0.00 B=0.00 C=0.00 D=-0.00 | duty[%]: A=21.8 B=17.0 C=100.0 D=14.5 | spread=0.001 pi=1
  50.86s  t=50709 phase=1 freq=200.0 | I[A]: A=0.00 B=0.00 C=0.00 D=-0.00 | duty[%]: A=21.9 B=17.1 C=100.0 D=14.5 | spread=0.001 pi=1
  51.36s  t=51209 phase=1 freq=200.0 | I[A]: A=0.00 B=0.00 C=0.00 D=-0.00 | duty[%]: A=21.9 B=17.1 C=100.0 D=14.5 | spread=0.001 pi=1
  51.86s  t=51710 phase=1 freq=200.0 | I[A]: A=0.00 B=0.00 C=0.00 D=0.01 | duty[%]: A=21.9 B=17.1 C=100.0 D=14.3 | spread=0.007 pi=1
  52.36s  t=52211 phase=1 freq=200.0 | I[A]: A=0.00 B=0.00 C=0.00 D=0.00 | duty[%]: A=21.9 B=17.1 C=100.0 D=14.3 | spread=0.000 pi=1
  52.86s  t=52712 phase=1 freq=200.0 | I[A]: A=0.01 B=0.00 C=0.01 D=-0.00 | duty[%]: A=21.8 B=17.2 C=100.0 D=14.4 | spread=0.010 pi=1
  53.36s  t=53213 phase=1 freq=200.0 | I[A]: A=0.00 B=0.00 C=0.00 D=-0.00 | duty[%]: A=21.8 B=17.1 C=100.0 D=14.4 | spread=0.002 pi=1
  53.86s  t=53714 phase=1 freq=200.0 | I[A]: A=0.00 B=0.00 C=0.00 D=0.00 | duty[%]: A=21.8 B=17.1 C=100.0 D=14.3 | spread=0.002 pi=1
  54.37s  t=54214 phase=1 freq=200.0 | I[A]: A=0.00 B=0.00 C=0.00 D=0.00 | duty[%]: A=21.8 B=17.1 C=100.0 D=14.2 | spread=0.002 pi=1
  54.86s  t=54714 phase=1 freq=200.0 | I[A]: A=0.00 B=0.00 C=0.00 D=-0.00 | duty[%]: A=20.0 B=17.1 C=100.0 D=14.2 | spread=0.001 pi=1
  55.37s  t=55215 phase=1 freq=200.0 | I[A]: A=0.00 B=0.00 C=-0.00 D=-0.00 | duty[%]: A=20.0 B=17.1 C=100.0 D=14.1 | spread=0.000 pi=1
  55.86s  t=55716 phase=1 freq=200.0 | I[A]: A=0.00 B=0.00 C=-0.00 D=0.00 | duty[%]: A=20.0 B=17.1 C=100.0 D=14.1 | spread=0.000 pi=1
  56.37s  t=56217 phase=1 freq=200.0 | I[A]: A=0.00 B=0.00 C=-0.00 D=0.01 | duty[%]: A=20.0 B=17.1 C=100.0 D=14.0 | spread=0.014 pi=1
  56.87s  t=56718 phase=1 freq=200.0 | I[A]: A=0.00 B=0.00 C=0.00 D=-0.00 | duty[%]: A=20.0 B=17.3 C=100.0 D=14.1 | spread=0.003 pi=1
  57.37s  t=57219 phase=1 freq=200.0 | I[A]: A=0.00 B=0.00 C=0.00 D=-0.00 | duty[%]: A=10.0 B=17.3 C=100.0 D=10.0 | spread=0.001 pi=1
  57.86s  t=57720 phase=1 freq=200.0 | I[A]: A=0.00 B=0.00 C=0.00 D=-0.00 | duty[%]: A=10.0 B=17.2 C=100.0 D=10.0 | spread=0.001 pi=1
  58.37s  t=58220 phase=1 freq=200.0 | I[A]: A=0.00 B=0.00 C=-0.00 D=0.00 | duty[%]: A=10.0 B=17.2 C=100.0 D=10.0 | spread=0.004 pi=1
  58.87s  t=58720 phase=1 freq=200.0 | I[A]: A=0.00 B=0.00 C=-0.00 D=-0.00 | duty[%]: A=10.0 B=17.2 C=100.0 D=10.0 | spread=0.001 pi=1
  59.37s  t=59220 phase=1 freq=200.0 | I[A]: A=0.00 B=0.00 C=0.02 D=-0.00 | duty[%]: A=10.0 B=17.3 C=100.0 D=10.0 | spread=0.018 pi=1
  59.87s  t=59720 phase=1 freq=200.0 | I[A]: A=0.00 B=0.00 C=0.00 D=-0.00 | duty[%]: A=0.0 B=0.0 C=0.0 D=0.0 | spread=0.001 pi=1
  60.32s  experiment complete -> DONE (coils latched OFF)
  60.37s  t=60221 phase=2 freq=200.0 | I[A]: A=0.00 B=0.00 C=0.00 D=-0.00 | duty[%]: A=0.0 B=0.0 C=0.0 D=0.0 | spread=0.001 pi=1
  60.87s  t=60721 phase=2 freq=200.0 | I[A]: A=0.00 B=0.00 C=-0.00 D=-0.00 | duty[%]: A=0.0 B=0.0 C=0.0 D=0.0 | spread=0.001 pi=1
  61.37s  t=61222 phase=2 freq=200.0 | I[A]: A=0.00 B=0.00 C=-0.00 D=-0.00 | duty[%]: A=0.0 B=0.0 C=0.0 D=0.0 | spread=0.001 pi=1
  61.87s  t=61722 phase=2 freq=200.0 | I[A]: A=0.00 B=0.00 C=-0.00 D=-0.00 | duty[%]: A=0.0 B=0.0 C=0.0 D=0.0 | spread=0.001 pi=1
  62.37s  t=62222 phase=2 freq=200.0 | I[A]: A=0.00 B=0.00 C=-0.00 D=-0.00 | duty[%]: A=0.0 B=0.0 C=0.0 D=0.0 | spread=0.001 pi=1
  62.87s  t=62722 phase=2 freq=200.0 | I[A]: A=0.00 B=0.00 C=-0.00 D=-0.00 | duty[%]: A=0.0 B=0.0 C=0.0 D=0.0 | spread=0.001 pi=1
  63.37s  t=63222 phase=2 freq=200.0 | I[A]: A=0.00 B=0.00 C=0.00 D=-0.00 | duty[%]: A=0.0 B=0.0 C=0.0 D=0.0 | spread=0.001 pi=1
  63.87s  t=63722 phase=2 freq=200.0 | I[A]: A=0.00 B=0.00 C=0.00 D=-0.00 | duty[%]: A=0.0 B=0.0 C=0.0 D=0.0 | spread=0.001 pi=1
  64.37s  t=64223 phase=2 freq=200.0 | I[A]: A=0.00 B=0.00 C=0.00 D=-0.00 | duty[%]: A=0.0 B=0.0 C=0.0 D=0.0 | spread=0.001 pi=1
  64.88s  t=64723 phase=2 freq=200.0 | I[A]: A=0.00 B=0.00 C=0.00 D=-0.00 | duty[%]: A=0.0 B=0.0 C=0.0 D=0.0 | spread=0.001 pi=1
  65.37s  t=65223 phase=2 freq=200.0 | I[A]: A=0.00 B=0.00 C=-0.00 D=-0.00 | duty[%]: A=0.0 B=0.0 C=0.0 D=0.0 | spread=0.001 pi=1
  65.87s  t=65723 phase=2 freq=200.0 | I[A]: A=0.00 B=0.00 C=-0.00 D=-0.00 | duty[%]: A=0.0 B=0.0 C=0.0 D=0.0 | spread=0.001 pi=1
  66.37s  t=66223 phase=2 freq=200.0 | I[A]: A=0.00 B=0.00 C=-0.00 D=-0.00 | duty[%]: A=0.0 B=0.0 C=0.0 D=0.0 | spread=0.001 pi=1
  66.87s  t=66723 phase=2 freq=200.0 | I[A]: A=0.00 B=0.00 C=0.01 D=-0.00 | duty[%]: A=0.0 B=0.0 C=0.0 D=0.0 | spread=0.016 pi=1
  67.38s  t=67224 phase=2 freq=200.0 | I[A]: A=0.00 B=0.00 C=0.00 D=-0.00 | duty[%]: A=0.0 B=0.0 C=0.0 D=0.0 | spread=0.001 pi=1
  67.87s  t=67724 phase=2 freq=200.0 | I[A]: A=0.00 B=0.00 C=0.00 D=-0.00 | duty[%]: A=0.0 B=0.0 C=0.0 D=0.0 | spread=0.001 pi=1
  68.37s  t=68224 phase=2 freq=200.0 | I[A]: A=0.00 B=0.00 C=0.00 D=-0.00 | duty[%]: A=0.0 B=0.0 C=0.0 D=0.0 | spread=0.001 pi=1
  68.87s  t=68724 phase=2 freq=200.0 | I[A]: A=0.00 B=0.00 C=-0.00 D=-0.00 | duty[%]: A=0.0 B=0.0 C=0.0 D=0.0 | spread=0.001 pi=1
  69.37s  t=69225 phase=2 freq=200.0 | I[A]: A=0.00 B=0.00 C=-0.00 D=-0.00 | duty[%]: A=0.0 B=0.0 C=0.0 D=0.0 | spread=0.001 pi=1
  69.88s  t=69725 phase=2 freq=200.0 | I[A]: A=0.00 B=0.00 C=-0.00 D=-0.00 | duty[%]: A=0.0 B=0.0 C=0.0 D=0.0 | spread=0.001 pi=1
  70.37s  t=70225 phase=2 freq=200.0 | I[A]: A=0.00 B=0.00 C=-0.00 D=-0.00 | duty[%]: A=0.0 B=0.0 C=0.0 D=0.0 | spread=0.001 pi=1
  70.88s  t=70725 phase=2 freq=200.0 | I[A]: A=0.00 B=0.00 C=-0.00 D=-0.00 | duty[%]: A=0.0 B=0.0 C=0.0 D=0.0 | spread=0.001 pi=1
  71.37s  t=71225 phase=2 freq=200.0 | I[A]: A=0.00 B=0.00 C=-0.00 D=-0.00 | duty[%]: A=0.0 B=0.0 C=0.0 D=0.0 | spread=0.001 pi=1
  71.87s  t=71725 phase=2 freq=200.0 | I[A]: A=0.00 B=0.00 C=-0.00 D=-0.00 | duty[%]: A=0.0 B=0.0 C=0.0 D=0.0 | spread=0.001 pi=1
  72.37s  t=72225 phase=2 freq=200.0 | I[A]: A=0.00 B=0.00 C=-0.00 D=-0.00 | duty[%]: A=0.0 B=0.0 C=0.0 D=0.0 | spread=0.001 pi=1
  72.87s  t=72726 phase=2 freq=200.0 | I[A]: A=0.00 B=0.00 C=-0.00 D=-0.00 | duty[%]: A=0.0 B=0.0 C=0.0 D=0.0 | spread=0.001 pi=1
  73.37s  t=73226 phase=2 freq=200.0 | I[A]: A=0.00 B=0.00 C=-0.00 D=-0.00 | duty[%]: A=0.0 B=0.0 C=0.0 D=0.0 | spread=0.001 pi=1
  73.87s  t=73726 phase=2 freq=200.0 | I[A]: A=0.00 B=0.00 C=-0.00 D=-0.00 | duty[%]: A=0.0 B=0.0 C=0.0 D=0.0 | spread=0.001 pi=1
  74.37s  t=74226 phase=2 freq=200.0 | I[A]: A=0.00 B=0.00 C=-0.00 D=-0.00 | duty[%]: A=0.0 B=0.0 C=0.0 D=0.0 | spread=0.001 pi=1
  74.88s  t=74727 phase=2 freq=200.0 | I[A]: A=0.00 B=0.00 C=-0.00 D=-0.00 | duty[%]: A=0.0 B=0.0 C=0.0 D=0.0 | spread=0.001 pi=1
  75.37s  t=75227 phase=2 freq=200.0 | I[A]: A=0.00 B=0.00 C=-0.00 D=-0.00 | duty[%]: A=0.0 B=0.0 C=0.0 D=0.0 | spread=0.001 pi=1
  75.88s  t=75727 phase=2 freq=200.0 | I[A]: A=0.00 B=0.00 C=-0.00 D=-0.00 | duty[%]: A=0.0 B=0.0 C=0.0 D=0.0 | spread=0.001 pi=1
  76.38s  t=76227 phase=2 freq=200.0 | I[A]: A=0.00 B=0.00 C=-0.00 D=-0.00 | duty[%]: A=0.0 B=0.0 C=0.0 D=0.0 | spread=0.001 pi=1
  76.87s  t=76727 phase=2 freq=200.0 | I[A]: A=0.00 B=0.00 C=-0.00 D=-0.00 | duty[%]: A=0.0 B=0.0 C=0.0 D=0.0 | spread=0.001 pi=1
  77.38s  t=77228 phase=2 freq=200.0 | I[A]: A=0.00 B=0.00 C=-0.00 D=-0.00 | duty[%]: A=0.0 B=0.0 C=0.0 D=0.0 | spread=0.001 pi=1
  77.87s  t=77728 phase=2 freq=200.0 | I[A]: A=0.00 B=0.00 C=-0.00 D=-0.00 | duty[%]: A=0.0 B=0.0 C=0.0 D=0.0 | spread=0.001 pi=1
  78.38s  t=78229 phase=2 freq=200.0 | I[A]: A=0.00 B=0.00 C=-0.00 D=-0.00 | duty[%]: A=0.0 B=0.0 C=0.0 D=0.0 | spread=0.001 pi=1
  78.87s  t=78729 phase=2 freq=200.0 | I[A]: A=0.00 B=0.00 C=0.01 D=-0.00 | duty[%]: A=0.0 B=0.0 C=0.0 D=0.0 | spread=0.008 pi=1
  79.38s  t=79230 phase=2 freq=200.0 | I[A]: A=0.00 B=0.00 C=0.00 D=-0.00 | duty[%]: A=0.0 B=0.0 C=0.0 D=0.0 | spread=0.001 pi=1
