   0.00s  ets Jul 29 2019 12:21:46
   0.00s  
   0.00s  rst:0x1 (POWERON_RESET),boot:0x13 (SPI_FAST_FLASH_BOOT)
   0.00s  configsip: 0, SPIWP:0xee
   0.00s  clk_drv:0x00,q_drv:0x00,d_drv:0x00,cs0_drv:0x00,hd_drv:0x00,wp_drv:0x00
   0.00s  mode:DIO, clock div:2
   0.00s  load:0x3fff0030,len:1184
   0.00s  load:0x40078000,len:13232
   0.00s  load:0x40080400,len:3028
   0.00s  entry 0x400805e4
   1.30s  balanced_experiment: arming 3000ms, then loading /tilt.json (pi=1)
   1.31s  t=1153 phase=0 freq=190.0 | I[A]: A=0.00 B=0.00 C=0.00 D=0.00 | duty[%]: A=0.0 B=0.0 C=0.0 D=0.0 | spread=0.000 pi=1
   1.80s  t=1653 phase=0 freq=190.0 | I[A]: A=0.00 B=0.00 C=0.00 D=0.00 | duty[%]: A=0.0 B=0.0 C=0.0 D=0.0 | spread=0.000 pi=1
   2.30s  t=2153 phase=0 freq=190.0 | I[A]: A=0.00 B=0.00 C=0.00 D=0.00 | duty[%]: A=0.0 B=0.0 C=0.0 D=0.0 | spread=0.000 pi=1
   2.80s  t=2653 phase=0 freq=190.0 | I[A]: A=0.00 B=0.00 C=0.00 D=0.00 | duty[%]: A=0.0 B=0.0 C=0.0 D=0.0 | spread=0.000 pi=1
   3.30s  t=3153 phase=0 freq=190.0 | I[A]: A=0.00 B=0.00 C=0.00 D=0.00 | duty[%]: A=0.0 B=0.0 C=0.0 D=0.0 | spread=0.000 pi=1
   3.80s  t=3653 phase=0 freq=190.0 | I[A]: A=0.00 B=0.00 C=0.00 D=0.00 | duty[%]: A=0.0 B=0.0 C=0.0 D=0.0 | spread=0.000 pi=1
   4.30s  ARMED -> running experiment
   4.31s  t=4166 phase=1 freq=1.0 | I[A]: A=0.00 B=0.00 C=0.00 D=0.00 | duty[%]: A=50.7 B=50.0 C=50.0 D=50.0 | spread=0.000 pi=1
   4.82s  t=4667 phase=1 freq=1.2 | I[A]: A=0.04 B=0.04 C=0.00 D=0.00 | duty[%]: A=75.7 B=50.0 C=50.2 D=50.0 | spread=0.045 pi=1
   5.31s  t=5167 phase=1 freq=1.6 | I[A]: A=0.01 B=0.01 C=0.02 D=0.00 | duty[%]: A=100.0 B=50.1 C=50.2 D=50.2 | spread=0.016 pi=1
   5.82s  t=5667 phase=1 freq=2.4 | I[A]: A=0.02 B=0.01 C=0.00 D=0.01 | duty[%]: A=100.0 B=50.4 C=50.9 D=50.6 | spread=0.019 pi=1
   6.31s  t=6168 phase=1 freq=3.5 | I[A]: A=0.05 B=0.03 C=0.00 D=0.01 | duty[%]: A=100.0 B=50.7 C=51.4 D=50.8 | spread=0.047 pi=1
   6.82s  t=6668 phase=1 freq=4.9 | I[A]: A=0.05 B=0.03 C=0.00 D=0.09 | duty[%]: A=100.0 B=51.2 C=52.8 D=51.4 | spread=0.090 pi=1
   7.32s  t=7169 phase=1 freq=6.6 | I[A]: A=0.10 B=0.07 C=0.00 D=0.02 | duty[%]: A=100.0 B=51.9 C=54.9 D=52.5 | spread=0.099 pi=1
   7.82s  t=7669 phase=1 freq=8.5 | I[A]: A=0.09 B=0.06 C=0.00 D=0.07 | duty[%]: A=100.0 B=53.0 C=57.5 D=53.5 | spread=0.091 pi=1
   8.32s  t=8170 phase=1 freq=10.7 | I[A]: A=0.16 B=0.11 C=0.00 D=0.06 | duty[%]: A=100.0 B=54.1 C=61.0 D=55.5 | spread=0.155 pi=1
   8.82s  t=8671 phase=1 freq=13.1 | I[A]: A=0.27 B=0.13 C=0.15 D=0.11 | duty[%]: A=100.0 B=55.6 C=64.6 D=57.1 | spread=0.158 pi=1
   9.31s  t=9172 phase=1 freq=15.7 | I[A]: A=0.24 B=0.14 C=0.00 D=0.08 | duty[%]: A=98.2 B=55.8 C=73.6 D=57.5 | spread=0.245 pi=1
   9.82s  t=9672 phase=1 freq=18.6 | I[A]: A=0.21 B=0.17 C=0.00 D=0.16 | duty[%]: A=92.7 B=52.2 C=98.7 D=54.3 | spread=0.214 pi=1
  10.32s  t=10173 phase=1 freq=21.7 | I[A]: A=0.32 B=0.15 C=0.00 D=0.19 | duty[%]: A=86.5 B=48.3 C=100.0 D=51.0 | spread=0.317 pi=1
  10.82s  t=10673 phase=1 freq=25.0 | I[A]: A=0.22 B=0.15 C=0.00 D=0.15 | duty[%]: A=80.1 B=44.2 C=100.0 D=46.9 | spread=0.218 pi=1
  11.32s  t=11174 phase=1 freq=28.4 | I[A]: A=0.23 B=0.12 C=0.00 D=0.19 | duty[%]: A=73.0 B=40.2 C=100.0 D=42.6 | spread=0.232 pi=1
  11.82s  t=11674 phase=1 freq=32.1 | I[A]: A=0.24 B=0.06 C=0.00 D=0.11 | duty[%]: A=66.1 B=37.2 C=100.0 D=39.1 | spread=0.240 pi=1
  12.32s  t=12174 phase=1 freq=35.9 | I[A]: A=0.30 B=0.14 C=0.00 D=0.07 | duty[%]: A=58.3 B=33.9 C=100.0 D=35.6 | spread=0.304 pi=1
  12.82s  t=12674 phase=1 freq=39.9 | I[A]: A=0.30 B=0.09 C=0.00 D=0.12 | duty[%]: A=50.6 B=31.5 C=100.0 D=32.2 | spread=0.302 pi=1
  13.32s  t=13175 phase=1 freq=44.0 | I[A]: A=0.26 B=0.08 C=0.00 D=0.09 | duty[%]: A=44.0 B=29.4 C=100.0 D=30.0 | spread=0.258 pi=1
  13.83s  t=13675 phase=1 freq=48.2 | I[A]: A=0.28 B=0.06 C=0.01 D=0.05 | duty[%]: A=37.8 B=27.6 C=100.0 D=28.5 | spread=0.279 pi=1
  14.32s  t=14175 phase=1 freq=52.6 | I[A]: A=0.13 B=0.05 C=0.00 D=0.04 | duty[%]: A=33.7 B=26.2 C=100.0 D=26.6 | spread=0.130 pi=1
  14.83s  t=14676 phase=1 freq=57.1 | I[A]: A=0.14 B=0.03 C=0.00 D=0.02 | duty[%]: A=30.6 B=25.3 C=100.0 D=25.7 | spread=0.144 pi=1
  15.32s  t=15176 phase=1 freq=61.6 | I[A]: A=0.09 B=0.07 C=0.02 D=0.03 | duty[%]: A=28.3 B=24.4 C=100.0 D=25.1 | spread=0.071 pi=1
  15.83s  t=15677 phase=1 freq=66.3 | I[A]: A=0.08 B=0.04 C=0.00 D=0.03 | duty[%]: A=27.0 B=24.1 C=100.0 D=24.7 | spread=0.078 pi=1
  16.32s  t=16178 phase=1 freq=71.1 | I[A]: A=0.08 B=0.03 C=0.00 D=0.01 | duty[%]: A=25.4 B=23.5 C=100.0 D=24.1 | spread=0.080 pi=1
  16.83s  t=16678 phase=1 freq=75.9 | I[A]: A=0.04 B=0.03 C=0.00 D=0.02 | duty[%]: A=24.4 B=22.0 C=100.0 D=23.6 | spread=0.039 pi=1
  17.33s  t=17178 phase=1 freq=80.7 | I[A]: A=0.03 B=0.01 C=0.00 D=0.03 | duty[%]: A=23.6 B=21.6 C=100.0 D=23.3 | spread=0.035 pi=1
  17.82s  t=17679 phase=1 freq=85.6 | I[A]: A=0.02 B=0.00 C=0.00 D=0.01 | duty[%]: A=23.3 B=21.3 C=100.0 D=23.0 | spread=0.016 pi=1
  18.33s  t=18179 phase=1 freq=90.6 | I[A]: A=0.01 B=0.00 C=0.00 D=0.01 | duty[%]: A=22.8 B=21.1 C=100.0 D=22.5 | spread=0.008 pi=1
  18.82s  t=18680 phase=1 freq=95.5 | I[A]: A=0.00 B=0.01 C=0.00 D=0.06 | duty[%]: A=22.7 B=21.0 C=100.0 D=21.6 | spread=0.056 pi=1
  19.33s  t=19180 phase=1 freq=100.5 | I[A]: A=0.01 B=0.01 C=0.00 D=0.02 | duty[%]: A=22.4 B=20.9 C=100.0 D=21.2 | spread=0.019 pi=1
  19.83s  t=19681 phase=1 freq=105.5 | I[A]: A=0.00 B=0.00 C=0.00 D=0.02 | duty[%]: A=22.3 B=20.8 C=100.0 D=20.9 | spread=0.018 pi=1
  20.33s  t=20181 phase=1 freq=110.4 | I[A]: A=0.00 B=0.21 C=0.00 D=0.01 | duty[%]: A=22.3 B=20.1 C=100.0 D=20.4 | spread=0.207 pi=1
  20.83s  t=20682 phase=1 freq=115.4 | I[A]: A=0.02 B=0.02 C=0.00 D=0.02 | duty[%]: A=22.2 B=19.9 C=100.0 D=19.4 | spread=0.023 pi=1
  21.33s  t=21182 phase=1 freq=120.3 | I[A]: A=0.00 B=0.00 C=0.00 D=0.01 | duty[%]: A=22.2 B=19.8 C=100.0 D=19.0 | spread=0.009 pi=1
  21.83s  t=21682 phase=1 freq=125.2 | I[A]: A=0.00 B=0.00 C=0.00 D=0.01 | duty[%]: A=22.1 B=19.7 C=100.0 D=18.6 | spread=0.009 pi=1
  22.33s  t=22182 phase=1 freq=130.0 | I[A]: A=0.00 B=0.01 C=0.02 D=0.05 | duty[%]: A=22.2 B=19.6 C=100.0 D=18.2 | spread=0.053 pi=1
  22.83s  t=22683 phase=1 freq=134.7 | I[A]: A=0.00 B=0.00 C=0.00 D=0.06 | duty[%]: A=22.1 B=19.0 C=100.0 D=17.4 | spread=0.060 pi=1
  23.33s  t=23183 phase=1 freq=139.4 | I[A]: A=0.00 B=0.01 C=0.00 D=0.00 | duty[%]: A=22.1 B=19.0 C=100.0 D=17.3 | spread=0.007 pi=1
  23.83s  t=23683 phase=1 freq=143.9 | I[A]: A=0.00 B=0.00 C=0.00 D=0.01 | duty[%]: A=22.2 B=19.1 C=100.0 D=17.2 | spread=0.007 pi=1
  24.33s  t=24183 phase=1 freq=148.4 | I[A]: A=0.00 B=0.00 C=0.00 D=0.00 | duty[%]: A=22.1 B=19.0 C=100.0 D=17.1 | spread=0.000 pi=1
  24.84s  t=24684 phase=1 freq=152.8 | I[A]: A=0.00 B=0.00 C=0.00 D=0.00 | duty[%]: A=22.1 B=19.0 C=100.0 D=16.9 | spread=0.004 pi=1
  25.33s  t=25184 phase=1 freq=157.0 | I[A]: A=0.00 B=0.00 C=0.00 D=0.00 | duty[%]: A=21.9 B=18.9 C=100.0 D=16.7 | spread=0.004 pi=1
  25.84s  t=25684 phase=1 freq=161.1 | I[A]: A=0.00 B=0.00 C=0.00 D=0.01 | duty[%]: A=21.9 B=18.9 C=100.0 D=16.5 | spread=0.013 pi=1
  26.33s  t=26184 phase=1 freq=165.1 | I[A]: A=0.00 B=0.00 C=0.00 D=0.01 | duty[%]: A=21.8 B=18.9 C=100.0 D=16.2 | spread=0.012 pi=1
  26.84s  t=26685 phase=1 freq=168.9 | I[A]: A=0.00 B=0.00 C=0.00 D=0.00 | duty[%]: A=21.8 B=18.9 C=100.0 D=16.1 | spread=0.001 pi=1
  27.33s  t=27185 phase=1 freq=172.6 | I[A]: A=0.00 B=0.00 C=0.00 D=0.00 | duty[%]: A=21.8 B=18.7 C=100.0 D=15.8 | spread=0.001 pi=1
  27.83s  t=27685 phase=1 freq=176.0 | I[A]: A=0.00 B=0.00 C=0.00 D=0.00 | duty[%]: A=21.7 B=18.7 C=100.0 D=15.7 | spread=0.003 pi=1
  28.34s  t=28185 phase=1 freq=179.3 | I[A]: A=0.00 B=0.00 C=0.00 D=0.00 | duty[%]: A=21.7 B=18.7 C=100.0 D=14.8 | spread=0.001 pi=1
  28.83s  t=28686 phase=1 freq=182.4 | I[A]: A=0.00 B=0.01 C=0.00 D=0.01 | duty[%]: A=21.7 B=18.6 C=100.0 D=14.8 | spread=0.007 pi=1
  29.34s  t=29186 phase=1 freq=185.3 | I[A]: A=0.01 B=0.00 C=0.00 D=0.00 | duty[%]: A=21.7 B=18.3 C=100.0 D=14.6 | spread=0.010 pi=1
  29.83s  t=29687 phase=1 freq=187.9 | I[A]: A=0.00 B=0.00 C=0.00 D=0.00 | duty[%]: A=21.5 B=18.3 C=100.0 D=14.4 | spread=0.005 pi=1
  30.34s  t=30187 phase=1 freq=190.3 | I[A]: A=0.00 B=0.00 C=0.00 D=0.00 | duty[%]: A=21.5 B=18.1 C=100.0 D=14.4 | spread=0.000 pi=1
  30.83s  t=30687 phase=1 freq=192.5 | I[A]: A=0.00 B=0.00 C=0.00 D=0.00 | duty[%]: A=21.5 B=18.1 C=100.0 D=14.4 | spread=0.001 pi=1
  31.34s  t=31187 phase=1 freq=194.4 | I[A]: A=0.02 B=0.00 C=0.00 D=0.00 | duty[%]: A=21.4 B=18.1 C=100.0 D=14.3 | spread=0.017 pi=1
  31.83s  t=31688 phase=1 freq=196.1 | I[A]: A=0.00 B=0.01 C=0.00 D=0.00 | duty[%]: A=21.6 B=17.9 C=100.0 D=14.5 | spread=0.013 pi=1
  32.34s  t=32188 phase=1 freq=197.5 | I[A]: A=0.00 B=0.00 C=0.00 D=0.00 | duty[%]: A=21.5 B=17.9 C=100.0 D=14.5 | spread=0.001 pi=1
  32.83s  t=32688 phase=1 freq=198.6 | I[A]: A=0.00 B=0.00 C=0.00 D=0.00 | duty[%]: A=21.5 B=17.9 C=100.0 D=14.4 | spread=0.003 pi=1
  33.34s  t=33188 phase=1 freq=199.4 | I[A]: A=0.00 B=0.00 C=0.01 D=0.00 | duty[%]: A=21.9 B=18.2 C=100.0 D=14.6 | spread=0.005 pi=1
  33.83s  t=33689 phase=1 freq=199.8 | I[A]: A=0.00 B=0.00 C=0.00 D=0.00 | duty[%]: A=21.9 B=18.2 C=100.0 D=14.4 | spread=0.001 pi=1
  34.34s  t=34190 phase=1 freq=200.0 | I[A]: A=0.01 B=0.00 C=0.00 D=0.00 | duty[%]: A=21.8 B=18.2 C=100.0 D=14.4 | spread=0.008 pi=1
  34.84s  t=34690 phase=1 freq=200.0 | I[A]: A=0.00 B=0.00 C=0.00 D=0.02 | duty[%]: A=21.7 B=18.1 C=100.0 D=13.9 | spread=0.016 pi=1
  35.34s  t=35190 phase=1 freq=200.0 | I[A]: A=0.01 B=0.12 C=0.00 D=0.00 | duty[%]: A=21.9 B=17.8 C=100.0 D=14.2 | spread=0.119 pi=1
  35.84s  t=35690 phase=1 freq=200.0 | I[A]: A=0.00 B=0.00 C=0.00 D=0.00 | duty[%]: A=21.9 B=17.8 C=100.0 D=14.2 | spread=0.003 pi=1
  36.34s  t=36190 phase=1 freq=200.0 | I[A]: A=0.00 B=0.03 C=0.00 D=0.02 | duty[%]: A=21.9 B=17.3 C=100.0 D=14.1 | spread=0.032 pi=1
  36.84s  t=36690 phase=1 freq=200.0 | I[A]: A=0.00 B=0.00 C=0.00 D=0.00 | duty[%]: A=21.9 B=16.6 C=100.0 D=14.1 | spread=0.004 pi=1
  37.34s  t=37191 phase=1 freq=200.0 | I[A]: A=0.00 B=0.00 C=0.00 D=0.00 | duty[%]: A=21.9 B=16.6 C=100.0 D=14.1 | spread=0.002 pi=1
  37.84s  t=37692 phase=1 freq=200.0 | I[A]: A=0.00 B=0.00 C=0.00 D=0.00 | duty[%]: A=21.9 B=16.6 C=100.0 D=14.0 | spread=0.000 pi=1
  38.34s  t=38192 phase=1 freq=200.0 | I[A]: A=0.03 B=0.00 C=0.00 D=0.00 | duty[%]: A=21.5 B=16.6 C=100.0 D=14.0 | spread=0.030 pi=1
  38.84s  t=38692 phase=1 freq=200.0 | I[A]: A=0.00 B=0.00 C=0.00 D=0.00 | duty[%]: A=21.5 B=16.6 C=100.0 D=14.0 | spread=0.000 pi=1
  39.34s  t=39192 phase=1 freq=200.0 | I[A]: A=0.00 B=0.00 C=0.00 D=0.00 | duty[%]: A=21.4 B=16.6 C=100.0 D=13.8 | spread=0.002 pi=1
  39.84s  t=39692 phase=1 freq=200.0 | I[A]: A=0.00 B=0.00 C=0.00 D=0.00 | duty[%]: A=21.4 B=16.5 C=100.0 D=13.8 | spread=0.000 pi=1
  40.34s  t=40193 phase=1 freq=200.0 | I[A]: A=0.00 B=0.00 C=0.01 D=0.07 | duty[%]: A=21.4 B=16.6 C=100.0 D=13.1 | spread=0.074 pi=1
  40.84s  t=40694 phase=1 freq=200.0 | I[A]: A=0.00 B=0.00 C=0.00 D=0.00 | duty[%]: A=21.4 B=16.6 C=100.0 D=13.0 | spread=0.002 pi=1
  41.34s  t=41194 phase=1 freq=200.0 | I[A]: A=0.00 B=0.00 C=0.00 D=0.00 | duty[%]: A=21.4 B=16.5 C=100.0 D=13.0 | spread=0.005 pi=1
  41.84s  t=41695 phase=1 freq=200.0 | I[A]: A=0.00 B=0.00 C=0.00 D=0.00 | duty[%]: A=21.4 B=16.4 C=100.0 D=13.0 | spread=0.000 pi=1
  42.35s  t=42196 phase=1 freq=200.0 | I[A]: A=0.00 B=0.00 C=0.01 D=0.00 | duty[%]: A=21.4 B=15.7 C=100.0 D=13.1 | spread=0.013 pi=1
  42.84s  t=42697 phase=1 freq=200.0 | I[A]: A=0.00 B=0.00 C=0.00 D=0.00 | duty[%]: A=21.4 B=15.7 C=100.0 D=13.0 | spread=0.000 pi=1
  43.35s  t=43198 phase=1 freq=200.0 | I[A]: A=0.00 B=0.00 C=0.00 D=0.00 | duty[%]: A=21.4 B=15.7 C=100.0 D=13.0 | spread=0.001 pi=1
  43.85s  t=43699 phase=1 freq=200.0 | I[A]: A=0.00 B=0.00 C=0.00 D=0.00 | duty[%]: A=21.4 B=15.7 C=100.0 D=12.9 | spread=0.004 pi=1
  44.35s  t=44200 phase=1 freq=200.0 | I[A]: A=0.00 B=0.00 C=0.00 D=0.00 | duty[%]: A=21.3 B=15.7 C=100.0 D=12.9 | spread=0.000 pi=1
  44.85s  t=44701 phase=1 freq=200.0 | I[A]: A=0.00 B=0.00 C=0.00 D=0.00 | duty[%]: A=21.3 B=15.8 C=100.0 D=12.8 | spread=0.002 pi=1
  45.35s  t=45202 phase=1 freq=200.0 | I[A]: A=0.00 B=0.01 C=0.00 D=0.00 | duty[%]: A=21.3 B=15.0 C=100.0 D=12.8 | spread=0.005 pi=1
  45.85s  t=45703 phase=1 freq=200.0 | I[A]: A=0.03 B=0.05 C=0.00 D=0.00 | duty[%]: A=21.2 B=14.6 C=100.0 D=12.8 | spread=0.048 pi=1
  46.35s  t=46204 phase=1 freq=200.0 | I[A]: A=0.02 B=0.00 C=0.00 D=0.00 | duty[%]: A=21.0 B=14.6 C=100.0 D=12.8 | spread=0.024 pi=1
  46.86s  t=46705 phase=1 freq=200.0 | I[A]: A=0.00 B=0.00 C=0.00 D=0.00 | duty[%]: A=21.0 B=14.6 C=100.0 D=12.7 | spread=0.000 pi=1
  47.35s  t=47206 phase=1 freq=200.0 | I[A]: A=0.00 B=0.01 C=0.00 D=0.00 | duty[%]: A=21.0 B=14.1 C=100.0 D=12.7 | spread=0.006 pi=1
  47.86s  t=47707 phase=1 freq=200.0 | I[A]: A=0.00 B=0.00 C=0.00 D=0.00 | duty[%]: A=21.0 B=14.1 C=100.0 D=12.7 | spread=0.000 pi=1
  48.35s  t=48207 phase=1 freq=200.0 | I[A]: A=0.00 B=0.07 C=0.00 D=0.00 | duty[%]: A=21.0 B=13.5 C=100.0 D=12.7 | spread=0.075 pi=1
  48.85s  t=48707 phase=1 freq=200.0 | I[A]: A=0.00 B=0.00 C=0.00 D=0.00 | duty[%]: A=21.0 B=13.5 C=100.0 D=12.6 | spread=0.001 pi=1
  49.36s  t=49207 phase=1 freq=200.0 | I[A]: A=0.00 B=0.00 C=0.00 D=0.00 | duty[%]: A=21.0 B=12.9 C=100.0 D=12.6 | spread=0.000 pi=1
  49.85s  t=49707 phase=1 freq=200.0 | I[A]: A=0.00 B=0.00 C=0.00 D=0.00 | duty[%]: A=21.0 B=12.8 C=100.0 D=12.5 | spread=0.002 pi=1
  50.36s  t=50208 phase=1 freq=200.0 | I[A]: A=0.00 B=0.00 C=0.00 D=0.00 | duty[%]: A=20.9 B=12.8 C=100.0 D=12.4 | spread=0.003 pi=1
  50.86s  t=50709 phase=1 freq=200.0 | I[A]: A=0.00 B=0.00 C=0.00 D=0.03 | duty[%]: A=20.8 B=12.8 C=100.0 D=12.1 | spread=0.027 pi=1
  51.36s  t=51209 phase=1 freq=200.0 | I[A]: A=0.00 B=0.00 C=0.00 D=0.00 | duty[%]: A=20.8 B=12.8 C=100.0 D=12.1 | spread=0.001 pi=1
  51.86s  t=51709 phase=1 freq=200.0 | I[A]: A=0.00 B=0.00 C=0.00 D=0.00 | duty[%]: A=21.0 B=13.3 C=100.0 D=12.3 | spread=0.003 pi=1
  52.36s  t=52209 phase=1 freq=200.0 | I[A]: A=0.00 B=0.00 C=0.00 D=0.00 | duty[%]: A=21.0 B=13.3 C=100.0 D=12.3 | spread=0.000 pi=1
  52.86s  t=52709 phase=1 freq=200.0 | I[A]: A=0.00 B=0.00 C=0.00 D=0.00 | duty[%]: A=21.0 B=13.3 C=100.0 D=12.3 | spread=0.000 pi=1
  53.36s  t=53210 phase=1 freq=200.0 | I[A]: A=0.00 B=0.00 C=0.00 D=0.00 | duty[%]: A=21.0 B=13.3 C=100.0 D=12.3 | spread=0.000 pi=1
  53.86s  t=53711 phase=1 freq=200.0 | I[A]: A=0.00 B=0.00 C=0.00 D=0.02 | duty[%]: A=21.0 B=13.0 C=100.0 D=12.3 | spread=0.017 pi=1
  54.36s  t=54211 phase=1 freq=200.0 | I[A]: A=0.00 B=0.00 C=0.00 D=0.00 | duty[%]: A=20.9 B=13.0 C=100.0 D=12.3 | spread=0.002 pi=1
  54.86s  t=54711 phase=1 freq=200.0 | I[A]: A=0.00 B=0.00 C=0.00 D=0.00 | duty[%]: A=20.0 B=13.0 C=100.0 D=12.3 | spread=0.000 pi=1
  55.36s  t=55212 phase=1 freq=200.0 | I[A]: A=0.01 B=0.00 C=0.00 D=0.00 | duty[%]: A=20.0 B=12.5 C=100.0 D=12.2 | spread=0.010 pi=1
  55.86s  t=55713 phase=1 freq=200.0 | I[A]: A=0.00 B=0.00 C=0.00 D=0.00 | duty[%]: A=20.0 B=12.5 C=100.0 D=12.1 | spread=0.001 pi=1
  56.36s  t=56213 phase=1 freq=200.0 | I[A]: A=0.00 B=0.00 C=0.00 D=0.00 | duty[%]: A=20.0 B=12.5 C=100.0 D=12.0 | spread=0.000 pi=1
  56.86s  t=56713 phase=1 freq=200.0 | I[A]: A=0.00 B=0.00 C=0.00 D=0.00 | duty[%]: A=20.0 B=12.5 C=100.0 D=11.3 | spread=0.003 pi=1
  57.36s  t=57214 phase=1 freq=200.0 | I[A]: A=0.00 B=0.00 C=0.00 D=0.00 | duty[%]: A=10.0 B=12.3 C=100.0 D=10.0 | spread=0.000 pi=1
  57.86s  t=57715 phase=1 freq=200.0 | I[A]: A=0.00 B=0.00 C=0.00 D=0.00 | duty[%]: A=10.0 B=12.2 C=100.0 D=10.0 | spread=0.000 pi=1
  58.37s  t=58215 phase=1 freq=200.0 | I[A]: A=0.00 B=0.00 C=0.00 D=0.00 | duty[%]: A=10.0 B=12.2 C=100.0 D=10.0 | spread=0.000 pi=1
  58.86s  t=58715 phase=1 freq=200.0 | I[A]: A=0.00 B=0.00 C=0.00 D=0.00 | duty[%]: A=10.0 B=12.2 C=100.0 D=10.0 | spread=0.000 pi=1
  59.36s  t=59215 phase=1 freq=200.0 | I[A]: A=0.00 B=0.05 C=0.02 D=0.00 | duty[%]: A=10.0 B=11.6 C=100.0 D=10.0 | spread=0.046 pi=1
  59.86s  t=59716 phase=1 freq=200.0 | I[A]: A=0.00 B=0.00 C=0.00 D=0.00 | duty[%]: A=0.0 B=0.0 C=0.0 D=0.0 | spread=0.000 pi=1
  60.32s  experiment complete -> DONE (coils latched OFF)
  60.36s  t=60216 phase=2 freq=200.0 | I[A]: A=0.00 B=0.00 C=0.00 D=0.00 | duty[%]: A=0.0 B=0.0 C=0.0 D=0.0 | spread=0.000 pi=1
  60.87s  t=60716 phase=2 freq=200.0 | I[A]: A=0.00 B=0.00 C=0.00 D=0.00 | duty[%]: A=0.0 B=0.0 C=0.0 D=0.0 | spread=0.000 pi=1
  61.36s  t=61216 phase=2 freq=200.0 | I[A]: A=0.00 B=0.00 C=0.00 D=0.00 | duty[%]: A=0.0 B=0.0 C=0.0 D=0.0 | spread=0.000 pi=1
  61.86s  t=61716 phase=2 freq=200.0 | I[A]: A=0.00 B=0.00 C=0.00 D=0.00 | duty[%]: A=0.0 B=0.0 C=0.0 D=0.0 | spread=0.000 pi=1
  62.37s  t=62216 phase=2 freq=200.0 | I[A]: A=0.00 B=0.00 C=0.00 D=0.00 | duty[%]: A=0.0 B=0.0 C=0.0 D=0.0 | spread=0.000 pi=1
  62.86s  t=62717 phase=2 freq=200.0 | I[A]: A=0.00 B=0.01 C=0.00 D=0.00 | duty[%]: A=0.0 B=0.0 C=0.0 D=0.0 | spread=0.005 pi=1
  63.37s  t=63217 phase=2 freq=200.0 | I[A]: A=0.00 B=0.00 C=0.00 D=0.00 | duty[%]: A=0.0 B=0.0 C=0.0 D=0.0 | spread=0.000 pi=1
  63.86s  t=63718 phase=2 freq=200.0 | I[A]: A=0.00 B=0.00 C=0.00 D=0.00 | duty[%]: A=0.0 B=0.0 C=0.0 D=0.0 | spread=0.000 pi=1
  64.37s  t=64218 phase=2 freq=200.0 | I[A]: A=0.00 B=0.00 C=0.00 D=0.00 | duty[%]: A=0.0 B=0.0 C=0.0 D=0.0 | spread=0.000 pi=1
  64.87s  t=64719 phase=2 freq=200.0 | I[A]: A=0.00 B=0.00 C=0.00 D=0.00 | duty[%]: A=0.0 B=0.0 C=0.0 D=0.0 | spread=0.000 pi=1
  65.37s  t=65219 phase=2 freq=200.0 | I[A]: A=0.00 B=0.00 C=0.00 D=0.00 | duty[%]: A=0.0 B=0.0 C=0.0 D=0.0 | spread=0.000 pi=1
  65.87s  t=65719 phase=2 freq=200.0 | I[A]: A=0.00 B=0.00 C=0.00 D=0.00 | duty[%]: A=0.0 B=0.0 C=0.0 D=0.0 | spread=0.000 pi=1
  66.37s  t=66220 phase=2 freq=200.0 | I[A]: A=0.00 B=0.00 C=0.00 D=0.00 | duty[%]: A=0.0 B=0.0 C=0.0 D=0.0 | spread=0.000 pi=1
  66.87s  t=66720 phase=2 freq=200.0 | I[A]: A=0.00 B=0.00 C=0.00 D=0.00 | duty[%]: A=0.0 B=0.0 C=0.0 D=0.0 | spread=0.000 pi=1
  67.37s  t=67221 phase=2 freq=200.0 | I[A]: A=0.00 B=0.00 C=0.00 D=0.00 | duty[%]: A=0.0 B=0.0 C=0.0 D=0.0 | spread=0.000 pi=1
  67.88s  t=67722 phase=2 freq=200.0 | I[A]: A=0.00 B=0.00 C=0.00 D=0.00 | duty[%]: A=0.0 B=0.0 C=0.0 D=0.0 | spread=0.000 pi=1
  68.37s  t=68222 phase=2 freq=200.0 | I[A]: A=0.00 B=0.00 C=0.00 D=0.00 | duty[%]: A=0.0 B=0.0 C=0.0 D=0.0 | spread=0.000 pi=1
  68.87s  t=68723 phase=2 freq=200.0 | I[A]: A=0.00 B=0.00 C=0.00 D=0.00 | duty[%]: A=0.0 B=0.0 C=0.0 D=0.0 | spread=0.000 pi=1
  69.37s  t=69223 phase=2 freq=200.0 | I[A]: A=0.00 B=0.00 C=0.00 D=0.00 | duty[%]: A=0.0 B=0.0 C=0.0 D=0.0 | spread=0.000 pi=1
  69.87s  t=69724 phase=2 freq=200.0 | I[A]: A=0.00 B=0.00 C=0.00 D=0.00 | duty[%]: A=0.0 B=0.0 C=0.0 D=0.0 | spread=0.000 pi=1
  70.37s  t=70224 phase=2 freq=200.0 | I[A]: A=0.00 B=0.00 C=0.00 D=0.00 | duty[%]: A=0.0 B=0.0 C=0.0 D=0.0 | spread=0.000 pi=1
  70.87s  t=70724 phase=2 freq=200.0 | I[A]: A=0.00 B=0.00 C=0.00 D=0.00 | duty[%]: A=0.0 B=0.0 C=0.0 D=0.0 | spread=0.000 pi=1
  71.37s  t=71224 phase=2 freq=200.0 | I[A]: A=0.00 B=0.00 C=0.00 D=0.00 | duty[%]: A=0.0 B=0.0 C=0.0 D=0.0 | spread=0.000 pi=1
  71.87s  t=71725 phase=2 freq=200.0 | I[A]: A=0.00 B=0.00 C=0.00 D=0.00 | duty[%]: A=0.0 B=0.0 C=0.0 D=0.0 | spread=0.000 pi=1
  72.38s  t=72225 phase=2 freq=200.0 | I[A]: A=0.00 B=0.00 C=0.00 D=0.00 | duty[%]: A=0.0 B=0.0 C=0.0 D=0.0 | spread=0.000 pi=1
  72.87s  t=72725 phase=2 freq=200.0 | I[A]: A=0.00 B=0.00 C=0.00 D=0.00 | duty[%]: A=0.0 B=0.0 C=0.0 D=0.0 | spread=0.000 pi=1
  73.37s  t=73225 phase=2 freq=200.0 | I[A]: A=0.00 B=0.00 C=0.00 D=0.00 | duty[%]: A=0.0 B=0.0 C=0.0 D=0.0 | spread=0.000 pi=1
  73.87s  t=73726 phase=2 freq=200.0 | I[A]: A=0.00 B=0.00 C=0.00 D=0.00 | duty[%]: A=0.0 B=0.0 C=0.0 D=0.0 | spread=0.000 pi=1
  74.37s  t=74226 phase=2 freq=200.0 | I[A]: A=0.00 B=0.00 C=0.00 D=0.00 | duty[%]: A=0.0 B=0.0 C=0.0 D=0.0 | spread=0.000 pi=1
  74.87s  t=74727 phase=2 freq=200.0 | I[A]: A=0.00 B=0.00 C=0.00 D=0.00 | duty[%]: A=0.0 B=0.0 C=0.0 D=0.0 | spread=0.000 pi=1
  75.37s  t=75227 phase=2 freq=200.0 | I[A]: A=0.00 B=0.00 C=0.00 D=0.00 | duty[%]: A=0.0 B=0.0 C=0.0 D=0.0 | spread=0.002 pi=1
  75.88s  t=75728 phase=2 freq=200.0 | I[A]: A=0.00 B=0.00 C=0.00 D=0.00 | duty[%]: A=0.0 B=0.0 C=0.0 D=0.0 | spread=0.000 pi=1
  76.38s  t=76228 phase=2 freq=200.0 | I[A]: A=0.00 B=0.00 C=0.00 D=0.00 | duty[%]: A=0.0 B=0.0 C=0.0 D=0.0 | spread=0.000 pi=1
  76.87s  t=76728 phase=2 freq=200.0 | I[A]: A=0.00 B=0.00 C=0.00 D=0.00 | duty[%]: A=0.0 B=0.0 C=0.0 D=0.0 | spread=0.000 pi=1
  77.38s  t=77229 phase=2 freq=200.0 | I[A]: A=0.00 B=0.00 C=0.00 D=0.00 | duty[%]: A=0.0 B=0.0 C=0.0 D=0.0 | spread=0.000 pi=1
  77.88s  t=77730 phase=2 freq=200.0 | I[A]: A=0.00 B=0.00 C=0.00 D=0.00 | duty[%]: A=0.0 B=0.0 C=0.0 D=0.0 | spread=0.000 pi=1
  78.38s  t=78230 phase=2 freq=200.0 | I[A]: A=0.00 B=0.00 C=0.00 D=0.00 | duty[%]: A=0.0 B=0.0 C=0.0 D=0.0 | spread=0.000 pi=1
  78.88s  t=78731 phase=2 freq=200.0 | I[A]: A=0.00 B=0.00 C=0.00 D=0.00 | duty[%]: A=0.0 B=0.0 C=0.0 D=0.0 | spread=0.000 pi=1
  79.38s  t=79231 phase=2 freq=200.0 | I[A]: A=0.00 B=0.00 C=0.00 D=0.00 | duty[%]: A=0.0 B=0.0 C=0.0 D=0.0 | spread=0.000 pi=1
