   0.00s  ets Jul 29 2019 12:21:46
   0.00s  
   0.00s  rst:0x1 (POWERON_RESET),boot:0x13 (SPI_FAST_FLASH_BOOT)
   0.00s  configsip: 0, SPIWP:0xee
   0.00s  clk_drv:0x00,q_drv:0x00,d_drv:0x00,cs0_drv:0x00,hd_drv:0x00,wp_drv:0x00
   0.00s  mode:DIO, clock div:2
   0.00s  load:0x3fff0030,len:1184
   0.00s  load:0x40078000,len:13232
   0.00s  load:0x40080400,len:3028
   0.00s  entry 0x400805e4
   1.30s  balanced_experiment: arming 3000ms, then loading /tilt.json (pi=1)
   1.31s  t=1153 phase=0 freq=190.0 | I[A]: A=0.00 B=0.00 C=0.00 D=0.00 | duty[%]: A=0.0 B=0.0 C=0.0 D=0.0 | spread=0.000 pi=1
   1.80s  t=1654 phase=0 freq=190.0 | I[A]: A=0.00 B=0.00 C=0.00 D=0.00 | duty[%]: A=0.0 B=0.0 C=0.0 D=0.0 | spread=0.000 pi=1
   2.30s  t=2155 phase=0 freq=190.0 | I[A]: A=0.00 B=0.00 C=0.00 D=0.00 | duty[%]: A=0.0 B=0.0 C=0.0 D=0.0 | spread=0.000 pi=1
   2.80s  t=2655 phase=0 freq=190.0 | I[A]: A=0.00 B=-0.00 C=0.00 D=0.00 | duty[%]: A=0.0 B=0.0 C=0.0 D=0.0 | spread=0.000 pi=1
   3.30s  t=3155 phase=0 freq=190.0 | I[A]: A=0.00 B=0.00 C=-0.00 D=0.00 | duty[%]: A=0.0 B=0.0 C=0.0 D=0.0 | spread=0.000 pi=1
   3.80s  t=3655 phase=0 freq=190.0 | I[A]: A=0.00 B=0.00 C=0.00 D=0.00 | duty[%]: A=0.0 B=0.0 C=0.0 D=0.0 | spread=0.000 pi=1
   4.30s  ARMED -> running experiment
   4.31s  t=4167 phase=1 freq=1.0 | I[A]: A=0.00 B=-0.00 C=-0.00 D=-0.00 | duty[%]: A=50.7 B=50.0 C=50.0 D=50.0 | spread=0.000 pi=1
   4.81s  t=4668 phase=1 freq=1.2 | I[A]: A=0.00 B=0.00 C=-0.00 D=0.00 | duty[%]: A=75.8 B=49.9 C=50.2 D=50.0 | spread=0.005 pi=1
   5.32s  t=5168 phase=1 freq=1.6 | I[A]: A=0.00 B=0.00 C=-0.00 D=0.02 | duty[%]: A=100.0 B=50.0 C=50.5 D=49.9 | spread=0.017 pi=1
   5.82s  t=5668 phase=1 freq=2.4 | I[A]: A=0.01 B=0.00 C=-0.00 D=0.04 | duty[%]: A=100.0 B=50.2 C=51.1 D=50.2 | spread=0.037 pi=1
   6.32s  t=6169 phase=1 freq=3.5 | I[A]: A=0.02 B=0.01 C=-0.00 D=0.05 | duty[%]: A=100.0 B=50.3 C=52.1 D=50.6 | spread=0.047 pi=1
   6.82s  t=6669 phase=1 freq=4.9 | I[A]: A=0.03 B=0.02 C=-0.00 D=0.05 | duty[%]: A=100.0 B=51.0 C=53.6 D=51.4 | spread=0.049 pi=1
   7.32s  t=7170 phase=1 freq=6.6 | I[A]: A=0.08 B=0.03 C=0.00 D=0.13 | duty[%]: A=100.0 B=52.1 C=55.8 D=52.1 | spread=0.127 pi=1
   7.82s  t=7670 phase=1 freq=8.5 | I[A]: A=0.07 B=0.04 C=0.00 D=0.05 | duty[%]: A=100.0 B=53.1 C=58.2 D=53.1 | spread=0.069 pi=1
   8.31s  t=8171 phase=1 freq=10.7 | I[A]: A=0.12 B=0.10 C=0.00 D=0.10 | duty[%]: A=100.0 B=54.1 C=61.4 D=54.7 | spread=0.113 pi=1
   8.82s  t=8671 phase=1 freq=13.1 | I[A]: A=0.22 B=0.15 C=0.00 D=0.06 | duty[%]: A=100.0 B=55.6 C=65.5 D=56.7 | spread=0.218 pi=1
   9.31s  t=9171 phase=1 freq=15.7 | I[A]: A=0.20 B=0.18 C=0.00 D=0.13 | duty[%]: A=100.0 B=56.8 C=70.0 D=58.8 | spread=0.202 pi=1
   9.82s  t=9672 phase=1 freq=18.6 | I[A]: A=0.24 B=0.12 C=0.00 D=0.17 | duty[%]: A=94.6 B=53.5 C=92.0 D=55.9 | spread=0.240 pi=1
  10.33s  t=10173 phase=1 freq=21.7 | I[A]: A=0.24 B=0.13 C=-0.00 D=0.16 | duty[%]: A=87.9 B=49.4 C=100.0 D=52.3 | spread=0.235 pi=1
  10.82s  t=10674 phase=1 freq=25.0 | I[A]: A=0.31 B=0.19 C=-0.00 D=0.17 | duty[%]: A=80.5 B=44.9 C=100.0 D=48.2 | spread=0.309 pi=1
  11.32s  t=11175 phase=1 freq=28.4 | I[A]: A=0.25 B=0.10 C=0.01 D=0.20 | duty[%]: A=74.1 B=41.9 C=100.0 D=44.6 | spread=0.239 pi=1
  11.83s  t=11675 phase=1 freq=32.1 | I[A]: A=0.34 B=0.21 C=0.00 D=0.18 | duty[%]: A=66.3 B=37.7 C=100.0 D=40.3 | spread=0.345 pi=1
  12.32s  t=12175 phase=1 freq=35.9 | I[A]: A=0.34 B=0.19 C=-0.00 D=0.10 | duty[%]: A=58.7 B=34.4 C=100.0 D=37.1 | spread=0.343 pi=1
  12.82s  t=12676 phase=1 freq=39.9 | I[A]: A=0.28 B=0.10 C=-0.00 D=0.13 | duty[%]: A=51.0 B=31.7 C=100.0 D=34.0 | spread=0.283 pi=1
  13.33s  t=13177 phase=1 freq=44.0 | I[A]: A=0.25 B=0.07 C=0.00 D=0.09 | duty[%]: A=43.6 B=29.8 C=100.0 D=31.5 | spread=0.249 pi=1
  13.82s  t=13677 phase=1 freq=48.2 | I[A]: A=0.15 B=0.04 C=0.00 D=0.10 | duty[%]: A=38.1 B=28.3 C=100.0 D=29.0 | spread=0.154 pi=1
  14.32s  t=14178 phase=1 freq=52.6 | I[A]: A=0.16 B=0.06 C=-0.00 D=0.07 | duty[%]: A=33.8 B=26.8 C=100.0 D=27.3 | spread=0.157 pi=1
  14.83s  t=14678 phase=1 freq=57.1 | I[A]: A=0.04 B=0.04 C=-0.00 D=0.14 | duty[%]: A=31.0 B=25.5 C=100.0 D=25.6 | spread=0.139 pi=1
  15.33s  t=15179 phase=1 freq=61.6 | I[A]: A=0.10 B=0.03 C=-0.00 D=0.03 | duty[%]: A=28.9 B=24.6 C=100.0 D=24.8 | spread=0.100 pi=1
  15.83s  t=15679 phase=1 freq=66.3 | I[A]: A=0.07 B=0.02 C=0.00 D=0.02 | duty[%]: A=27.1 B=23.9 C=100.0 D=24.2 | spread=0.074 pi=1
  16.33s  t=16180 phase=1 freq=71.1 | I[A]: A=0.05 B=0.04 C=0.00 D=0.01 | duty[%]: A=25.8 B=23.4 C=100.0 D=24.0 | spread=0.052 pi=1
  16.83s  t=16680 phase=1 freq=75.9 | I[A]: A=0.04 B=0.03 C=0.00 D=0.01 | duty[%]: A=24.9 B=22.7 C=100.0 D=23.6 | spread=0.040 pi=1
  17.33s  t=17180 phase=1 freq=80.7 | I[A]: A=0.03 B=0.06 C=0.00 D=0.01 | duty[%]: A=24.1 B=22.1 C=100.0 D=23.2 | spread=0.059 pi=1
  17.83s  t=17681 phase=1 freq=85.6 | I[A]: A=0.02 B=0.01 C=-0.00 D=0.01 | duty[%]: A=23.6 B=21.5 C=100.0 D=22.3 | spread=0.016 pi=1
  18.33s  t=18181 phase=1 freq=90.6 | I[A]: A=0.02 B=0.03 C=-0.00 D=0.03 | duty[%]: A=23.2 B=21.2 C=100.0 D=22.0 | spread=0.030 pi=1
  18.83s  t=18682 phase=1 freq=95.5 | I[A]: A=0.00 B=0.00 C=-0.00 D=0.00 | duty[%]: A=22.9 B=21.2 C=100.0 D=21.7 | spread=0.001 pi=1
  19.33s  t=19182 phase=1 freq=100.5 | I[A]: A=0.06 B=0.00 C=-0.00 D=0.01 | duty[%]: A=22.4 B=21.1 C=100.0 D=21.4 | spread=0.059 pi=1
  19.83s  t=19683 phase=1 freq=105.5 | I[A]: A=0.00 B=0.00 C=-0.00 D=0.02 | duty[%]: A=22.3 B=21.1 C=100.0 D=20.8 | spread=0.017 pi=1
  20.34s  t=20183 phase=1 freq=110.4 | I[A]: A=0.05 B=0.00 C=-0.00 D=0.02 | duty[%]: A=21.9 B=20.9 C=100.0 D=20.5 | spread=0.051 pi=1
  20.83s  t=20684 phase=1 freq=115.4 | I[A]: A=0.00 B=0.00 C=0.00 D=0.02 | duty[%]: A=21.8 B=20.9 C=100.0 D=20.1 | spread=0.024 pi=1
  21.34s  t=21184 phase=1 freq=120.3 | I[A]: A=0.00 B=0.02 C=0.00 D=0.02 | duty[%]: A=21.8 B=19.9 C=100.0 D=19.5 | spread=0.018 pi=1
  21.83s  t=21684 phase=1 freq=125.2 | I[A]: A=0.00 B=0.00 C=-0.00 D=0.01 | duty[%]: A=21.8 B=19.9 C=100.0 D=19.2 | spread=0.007 pi=1
  22.34s  t=22184 phase=1 freq=130.0 | I[A]: A=0.00 B=0.00 C=-0.00 D=0.03 | duty[%]: A=21.8 B=19.9 C=100.0 D=18.9 | spread=0.028 pi=1
  22.83s  t=22684 phase=1 freq=134.7 | I[A]: A=0.00 B=0.00 C=-0.00 D=0.01 | duty[%]: A=21.8 B=19.8 C=100.0 D=18.4 | spread=0.010 pi=1
  23.34s  t=23184 phase=1 freq=139.4 | I[A]: A=0.00 B=0.00 C=-0.00 D=0.02 | duty[%]: A=21.6 B=19.7 C=100.0 D=18.1 | spread=0.022 pi=1
  23.83s  t=23684 phase=1 freq=143.9 | I[A]: A=0.00 B=0.00 C=-0.00 D=-0.00 | duty[%]: A=21.6 B=19.5 C=100.0 D=17.9 | spread=0.003 pi=1
  24.33s  t=24184 phase=1 freq=148.4 | I[A]: A=0.01 B=0.00 C=-0.00 D=0.01 | duty[%]: A=21.0 B=19.5 C=100.0 D=17.6 | spread=0.014 pi=1
  24.83s  t=24685 phase=1 freq=152.8 | I[A]: A=0.00 B=0.00 C=-0.00 D=0.01 | duty[%]: A=21.0 B=18.9 C=100.0 D=17.4 | spread=0.007 pi=1
  25.33s  t=25185 phase=1 freq=157.0 | I[A]: A=0.00 B=0.00 C=0.00 D=0.00 | duty[%]: A=20.9 B=18.8 C=100.0 D=17.3 | spread=0.003 pi=1
  25.84s  t=25685 phase=1 freq=161.1 | I[A]: A=0.00 B=0.00 C=0.00 D=0.00 | duty[%]: A=20.9 B=18.7 C=100.0 D=17.1 | spread=0.001 pi=1
  26.33s  t=26185 phase=1 freq=165.1 | I[A]: A=0.05 B=0.00 C=0.00 D=0.01 | duty[%]: A=20.1 B=18.7 C=100.0 D=16.7 | spread=0.047 pi=1
  26.83s  t=26686 phase=1 freq=168.9 | I[A]: A=0.00 B=0.02 C=0.00 D=0.02 | duty[%]: A=20.1 B=18.6 C=100.0 D=16.7 | spread=0.025 pi=1
  27.33s  t=27186 phase=1 freq=172.6 | I[A]: A=0.00 B=0.00 C=0.00 D=0.02 | duty[%]: A=20.1 B=18.5 C=100.0 D=16.2 | spread=0.017 pi=1
  27.83s  t=27686 phase=1 freq=176.0 | I[A]: A=0.00 B=0.00 C=0.00 D=0.00 | duty[%]: A=20.2 B=18.6 C=100.0 D=16.0 | spread=0.003 pi=1
  28.33s  t=28186 phase=1 freq=179.3 | I[A]: A=0.00 B=0.00 C=0.00 D=0.00 | duty[%]: A=20.2 B=18.6 C=100.0 D=16.0 | spread=0.002 pi=1
  28.84s  t=28686 phase=1 freq=182.4 | I[A]: A=0.00 B=0.00 C=-0.00 D=0.00 | duty[%]: A=20.0 B=18.6 C=100.0 D=15.0 | spread=0.001 pi=1
  29.33s  t=29186 phase=1 freq=185.3 | I[A]: A=0.00 B=0.00 C=0.00 D=-0.00 | duty[%]: A=19.9 B=18.7 C=100.0 D=15.0 | spread=0.004 pi=1
  29.84s  t=29687 phase=1 freq=187.9 | I[A]: A=0.00 B=0.01 C=0.01 D=-0.00 | duty[%]: A=20.0 B=18.6 C=100.0 D=15.0 | spread=0.009 pi=1
  30.33s  t=30188 phase=1 freq=190.3 | I[A]: A=0.00 B=0.00 C=0.00 D=-0.00 | duty[%]: A=20.0 B=18.6 C=100.0 D=14.8 | spread=0.003 pi=1
  30.84s  t=30689 phase=1 freq=192.5 | I[A]: A=0.00 B=0.00 C=-0.00 D=0.00 | duty[%]: A=19.9 B=18.6 C=100.0 D=14.7 | spread=0.000 pi=1
  31.33s  t=31189 phase=1 freq=194.4 | I[A]: A=0.02 B=0.00 C=-0.00 D=-0.00 | duty[%]: A=19.9 B=18.5 C=100.0 D=14.7 | spread=0.019 pi=1
  31.84s  t=31689 phase=1 freq=196.1 | I[A]: A=0.00 B=0.00 C=-0.00 D=0.00 | duty[%]: A=19.9 B=18.5 C=100.0 D=14.7 | spread=0.001 pi=1
  32.34s  t=32189 phase=1 freq=197.5 | I[A]: A=0.01 B=0.00 C=-0.00 D=-0.00 | duty[%]: A=19.8 B=18.4 C=100.0 D=14.7 | spread=0.010 pi=1
  32.84s  t=32689 phase=1 freq=198.6 | I[A]: A=0.00 B=0.00 C=-0.00 D=-0.00 | duty[%]: A=19.7 B=18.4 C=100.0 D=14.5 | spread=0.003 pi=1
  33.34s  t=33190 phase=1 freq=199.4 | I[A]: A=0.00 B=0.00 C=0.00 D=-0.00 | duty[%]: A=19.9 B=18.3 C=100.0 D=14.5 | spread=0.006 pi=1
  33.84s  t=33690 phase=1 freq=199.8 | I[A]: A=0.00 B=0.00 C=0.00 D=-0.00 | duty[%]: A=19.9 B=18.3 C=100.0 D=14.5 | spread=0.001 pi=1
  34.34s  t=34190 phase=1 freq=200.0 | I[A]: A=0.00 B=0.00 C=-0.00 D=0.00 | duty[%]: A=19.9 B=18.3 C=100.0 D=14.4 | spread=0.000 pi=1
  34.84s  t=34691 phase=1 freq=200.0 | I[A]: A=0.00 B=0.00 C=-0.00 D=-0.00 | duty[%]: A=19.9 B=18.2 C=100.0 D=14.4 | spread=0.001 pi=1
  35.34s  t=35192 phase=1 freq=200.0 | I[A]: A=0.00 B=0.00 C=-0.00 D=-0.00 | duty[%]: A=19.9 B=18.2 C=100.0 D=14.2 | spread=0.000 pi=1
  35.84s  t=35693 phase=1 freq=200.0 | I[A]: A=0.00 B=0.00 C=-0.00 D=-0.00 | duty[%]: A=19.8 B=18.2 C=100.0 D=14.2 | spread=0.001 pi=1
  36.34s  t=36193 phase=1 freq=200.0 | I[A]: A=0.00 B=0.00 C=0.00 D=-0.00 | duty[%]: A=19.7 B=18.2 C=100.0 D=14.3 | spread=0.001 pi=1
  36.84s  t=36694 phase=1 freq=200.0 | I[A]: A=0.00 B=0.00 C=0.00 D=-0.00 | duty[%]: A=19.7 B=18.2 C=100.0 D=14.3 | spread=0.001 pi=1
  37.34s  t=37195 phase=1 freq=200.0 | I[A]: A=0.00 B=0.00 C=0.00 D=-0.00 | duty[%]: A=19.7 B=16.9 C=100.0 D=14.3 | spread=0.002 pi=1
  37.85s  t=37695 phase=1 freq=200.0 | I[A]: A=0.00 B=0.00 C=-0.00 D=-0.00 | duty[%]: A=19.7 B=16.9 C=100.0 D=14.1 | spread=0.001 pi=1
  38.35s  t=38195 phase=1 freq=200.0 | I[A]: A=0.00 B=0.00 C=-0.00 D=-0.00 | duty[%]: A=19.7 B=16.8 C=100.0 D=14.0 | spread=0.001 pi=1
  38.84s  t=38695 phase=1 freq=200.0 | I[A]: A=0.00 B=0.00 C=-0.00 D=-0.00 | duty[%]: A=19.7 B=16.8 C=100.0 D=14.1 | spread=0.001 pi=1
  39.34s  t=39195 phase=1 freq=200.0 | I[A]: A=0.00 B=0.00 C=-0.00 D=-0.00 | duty[%]: A=19.7 B=16.4 C=100.0 D=14.1 | spread=0.001 pi=1
  39.85s  t=39695 phase=1 freq=200.0 | I[A]: A=0.00 B=0.00 C=-0.00 D=-0.00 | duty[%]: A=19.7 B=16.4 C=100.0 D=14.0 | spread=0.000 pi=1
  40.34s  t=40196 phase=1 freq=200.0 | I[A]: A=0.00 B=0.00 C=-0.00 D=-0.00 | duty[%]: A=19.7 B=16.4 C=100.0 D=14.0 | spread=0.000 pi=1
  40.85s  t=40697 phase=1 freq=200.0 | I[A]: A=0.00 B=0.00 C=-0.00 D=0.01 | duty[%]: A=19.6 B=16.4 C=100.0 D=13.8 | spread=0.005 pi=1
  41.34s  t=41198 phase=1 freq=200.0 | I[A]: A=0.00 B=0.00 C=-0.00 D=-0.00 | duty[%]: A=19.5 B=16.4 C=100.0 D=13.8 | spread=0.001 pi=1
  41.85s  t=41699 phase=1 freq=200.0 | I[A]: A=0.00 B=0.00 C=-0.00 D=-0.00 | duty[%]: A=19.5 B=16.4 C=100.0 D=13.8 | spread=0.001 pi=1
  42.35s  t=42200 phase=1 freq=200.0 | I[A]: A=0.00 B=0.00 C=-0.00 D=-0.00 | duty[%]: A=19.5 B=16.2 C=100.0 D=13.8 | spread=0.003 pi=1
  42.85s  t=42701 phase=1 freq=200.0 | I[A]: A=0.00 B=0.00 C=-0.00 D=0.04 | duty[%]: A=19.5 B=16.2 C=100.0 D=13.6 | spread=0.038 pi=1
  43.35s  t=43202 phase=1 freq=200.0 | I[A]: A=0.00 B=0.02 C=0.02 D=0.01 | duty[%]: A=19.5 B=16.0 C=100.0 D=12.7 | spread=0.016 pi=1
  43.86s  t=43703 phase=1 freq=200.0 | I[A]: A=0.00 B=0.00 C=0.00 D=0.02 | duty[%]: A=19.5 B=16.0 C=100.0 D=12.6 | spread=0.023 pi=1
  44.35s  t=44204 phase=1 freq=200.0 | I[A]: A=0.00 B=0.01 C=0.00 D=-0.00 | duty[%]: A=19.6 B=15.2 C=100.0 D=12.7 | spread=0.009 pi=1
  44.86s  t=44705 phase=1 freq=200.0 | I[A]: A=0.00 B=0.00 C=0.00 D=-0.00 | duty[%]: A=19.6 B=15.2 C=100.0 D=12.7 | spread=0.001 pi=1
  45.35s  t=45206 phase=1 freq=200.0 | I[A]: A=0.00 B=0.00 C=0.00 D=0.00 | duty[%]: A=19.6 B=15.2 C=100.0 D=12.6 | spread=0.000 pi=1
  45.86s  t=45707 phase=1 freq=200.0 | I[A]: A=0.00 B=0.00 C=0.00 D=-0.00 | duty[%]: A=19.6 B=15.1 C=100.0 D=12.7 | spread=0.002 pi=1
  46.36s  t=46208 phase=1 freq=200.0 | I[A]: A=0.00 B=0.00 C=-0.00 D=-0.00 | duty[%]: A=19.6 B=15.0 C=100.0 D=12.7 | spread=0.001 pi=1
  46.85s  t=46709 phase=1 freq=200.0 | I[A]: A=0.00 B=0.00 C=0.01 D=-0.00 | duty[%]: A=19.6 B=15.0 C=100.0 D=12.7 | spread=0.008 pi=1
  47.36s  t=47210 phase=1 freq=200.0 | I[A]: A=0.00 B=0.01 C=0.00 D=-0.00 | duty[%]: A=19.5 B=15.0 C=100.0 D=12.7 | spread=0.010 pi=1
  47.86s  t=47711 phase=1 freq=200.0 | I[A]: A=0.00 B=0.00 C=-0.00 D=-0.00 | duty[%]: A=19.5 B=15.0 C=100.0 D=12.8 | spread=0.001 pi=1
  48.36s  t=48212 phase=1 freq=200.0 | I[A]: A=0.01 B=0.00 C=0.01 D=-0.00 | duty[%]: A=19.4 B=15.0 C=100.0 D=12.8 | spread=0.013 pi=1
  48.86s  t=48712 phase=1 freq=200.0 | I[A]: A=0.00 B=0.00 C=0.00 D=-0.00 | duty[%]: A=19.4 B=15.0 C=100.0 D=12.8 | spread=0.001 pi=1
  49.36s  t=49213 phase=1 freq=200.0 | I[A]: A=0.00 B=-0.00 C=0.00 D=0.00 | duty[%]: A=19.4 B=15.0 C=100.0 D=12.8 | spread=0.002 pi=1
  49.86s  t=49713 phase=1 freq=200.0 | I[A]: A=0.00 B=-0.00 C=-0.00 D=0.01 | duty[%]: A=19.4 B=15.0 C=100.0 D=12.6 | spread=0.008 pi=1
  50.36s  t=50213 phase=1 freq=200.0 | I[A]: A=0.00 B=-0.00 C=0.02 D=-0.00 | duty[%]: A=19.6 B=15.6 C=100.0 D=12.9 | spread=0.025 pi=1
  50.86s  t=50713 phase=1 freq=200.0 | I[A]: A=0.00 B=-0.00 C=0.00 D=-0.00 | duty[%]: A=19.6 B=15.6 C=100.0 D=12.9 | spread=0.001 pi=1
  51.37s  t=51213 phase=1 freq=200.0 | I[A]: A=0.00 B=-0.00 C=0.00 D=0.00 | duty[%]: A=19.5 B=15.6 C=100.0 D=12.9 | spread=0.000 pi=1
  51.86s  t=51713 phase=1 freq=200.0 | I[A]: A=0.00 B=-0.00 C=-0.00 D=-0.00 | duty[%]: A=19.5 B=15.6 C=100.0 D=12.9 | spread=0.001 pi=1
  52.36s  t=52214 phase=1 freq=200.0 | I[A]: A=0.00 B=0.02 C=0.00 D=-0.00 | duty[%]: A=19.5 B=15.6 C=100.0 D=12.9 | spread=0.016 pi=1
  52.86s  t=52715 phase=1 freq=200.0 | I[A]: A=0.00 B=0.00 C=0.00 D=-0.00 | duty[%]: A=19.5 B=15.6 C=100.0 D=12.9 | spread=0.001 pi=1
  53.36s  t=53215 phase=1 freq=200.0 | I[A]: A=0.00 B=0.00 C=0.00 D=-0.00 | duty[%]: A=19.5 B=15.6 C=100.0 D=12.9 | spread=0.001 pi=1
  53.87s  t=53716 phase=1 freq=200.0 | I[A]: A=0.00 B=0.00 C=-0.00 D=-0.00 | duty[%]: A=19.4 B=15.5 C=100.0 D=12.9 | spread=0.001 pi=1
  54.36s  t=54217 phase=1 freq=200.0 | I[A]: A=0.00 B=0.00 C=0.00 D=-0.00 | duty[%]: A=19.5 B=14.7 C=100.0 D=13.0 | spread=0.001 pi=1
  54.87s  t=54718 phase=1 freq=200.0 | I[A]: A=0.00 B=0.00 C=0.00 D=-0.00 | duty[%]: A=19.4 B=14.7 C=100.0 D=13.0 | spread=0.001 pi=1
  55.37s  t=55219 phase=1 freq=200.0 | I[A]: A=0.00 B=0.00 C=-0.00 D=-0.00 | duty[%]: A=19.4 B=14.6 C=100.0 D=13.0 | spread=0.001 pi=1
  55.87s  t=55720 phase=1 freq=200.0 | I[A]: A=0.00 B=0.00 C=0.00 D=-0.00 | duty[%]: A=19.4 B=14.6 C=100.0 D=13.0 | spread=0.001 pi=1
  56.37s  t=56220 phase=1 freq=200.0 | I[A]: A=0.00 B=0.01 C=0.00 D=0.00 | duty[%]: A=19.4 B=14.0 C=100.0 D=13.0 | spread=0.007 pi=1
  56.86s  t=56720 phase=1 freq=200.0 | I[A]: A=0.00 B=0.00 C=0.00 D=-0.00 | duty[%]: A=19.4 B=14.0 C=100.0 D=13.0 | spread=0.001 pi=1
  57.37s  t=57220 phase=1 freq=200.0 | I[A]: A=0.00 B=0.00 C=0.00 D=0.00 | duty[%]: A=10.0 B=13.9 C=100.0 D=10.0 | spread=0.000 pi=1
  57.87s  t=57721 phase=1 freq=200.0 | I[A]: A=0.00 B=0.00 C=0.00 D=-0.00 | duty[%]: A=10.0 B=13.9 C=100.0 D=10.0 | spread=0.001 pi=1
  58.37s  t=58222 phase=1 freq=200.0 | I[A]: A=0.00 B=0.00 C=0.00 D=-0.00 | duty[%]: A=10.0 B=13.6 C=100.0 D=10.0 | spread=0.001 pi=1
  58.88s  t=58723 phase=1 freq=200.0 | I[A]: A=0.00 B=0.02 C=0.00 D=0.00 | duty[%]: A=10.0 B=14.1 C=100.0 D=10.0 | spread=0.021 pi=1
  59.37s  t=59224 phase=1 freq=200.0 | I[A]: A=0.00 B=0.00 C=0.00 D=-0.00 | duty[%]: A=10.0 B=14.4 C=100.0 D=10.0 | spread=0.001 pi=1
  59.87s  t=59724 phase=1 freq=200.0 | I[A]: A=0.00 B=0.00 C=0.00 D=-0.00 | duty[%]: A=0.0 B=0.0 C=0.0 D=0.0 | spread=0.000 pi=1
  60.33s  experiment complete -> DONE (coils latched OFF)
  60.38s  t=60225 phase=2 freq=200.0 | I[A]: A=0.00 B=0.00 C=-0.00 D=-0.00 | duty[%]: A=0.0 B=0.0 C=0.0 D=0.0 | spread=0.001 pi=1
  60.87s  t=60725 phase=2 freq=200.0 | I[A]: A=0.00 B=0.00 C=-0.00 D=-0.00 | duty[%]: A=0.0 B=0.0 C=0.0 D=0.0 | spread=0.001 pi=1
  61.37s  t=61225 phase=2 freq=200.0 | I[A]: A=0.00 B=0.00 C=-0.00 D=-0.00 | duty[%]: A=0.0 B=0.0 C=0.0 D=0.0 | spread=0.001 pi=1
  61.87s  t=61726 phase=2 freq=200.0 | I[A]: A=0.00 B=0.00 C=-0.00 D=-0.00 | duty[%]: A=0.0 B=0.0 C=0.0 D=0.0 | spread=0.001 pi=1
  62.37s  t=62226 phase=2 freq=200.0 | I[A]: A=0.00 B=-0.00 C=-0.00 D=-0.00 | duty[%]: A=0.0 B=0.0 C=0.0 D=0.0 | spread=0.001 pi=1
  62.87s  t=62727 phase=2 freq=200.0 | I[A]: A=0.00 B=-0.00 C=-0.00 D=-0.00 | duty[%]: A=0.0 B=0.0 C=0.0 D=0.0 | spread=0.001 pi=1
  63.38s  t=63227 phase=2 freq=200.0 | I[A]: A=0.00 B=-0.00 C=-0.00 D=-0.00 | duty[%]: A=0.0 B=0.0 C=0.0 D=0.0 | spread=0.001 pi=1
  63.87s  t=63727 phase=2 freq=200.0 | I[A]: A=0.00 B=-0.00 C=-0.00 D=-0.00 | duty[%]: A=0.0 B=0.0 C=0.0 D=0.0 | spread=0.001 pi=1
  64.38s  t=64227 phase=2 freq=200.0 | I[A]: A=0.00 B=-0.00 C=-0.00 D=-0.00 | duty[%]: A=0.0 B=0.0 C=0.0 D=0.0 | spread=0.001 pi=1
  64.87s  t=64727 phase=2 freq=200.0 | I[A]: A=0.00 B=-0.00 C=0.00 D=-0.00 | duty[%]: A=0.0 B=0.0 C=0.0 D=0.0 | spread=0.002 pi=1
  65.38s  t=65227 phase=2 freq=200.0 | I[A]: A=0.00 B=-0.00 C=0.00 D=-0.00 | duty[%]: A=0.0 B=0.0 C=0.0 D=0.0 | spread=0.001 pi=1
  65.87s  t=65728 phase=2 freq=200.0 | I[A]: A=0.00 B=-0.00 C=0.00 D=-0.00 | duty[%]: A=0.0 B=0.0 C=0.0 D=0.0 | spread=0.004 pi=1
  66.38s  t=66228 phase=2 freq=200.0 | I[A]: A=0.00 B=-0.00 C=0.00 D=-0.00 | duty[%]: A=0.0 B=0.0 C=0.0 D=0.0 | spread=0.001 pi=1
  66.87s  t=66729 phase=2 freq=200.0 | I[A]: A=0.00 B=-0.00 C=0.00 D=-0.00 | duty[%]: A=0.0 B=0.0 C=0.0 D=0.0 | spread=0.001 pi=1
  67.38s  t=67229 phase=2 freq=200.0 | I[A]: A=0.00 B=-0.00 C=-0.00 D=-0.00 | duty[%]: A=0.0 B=0.0 C=0.0 D=0.0 | spread=0.001 pi=1
  67.87s  t=67729 phase=2 freq=200.0 | I[A]: A=0.00 B=-0.00 C=-0.00 D=-0.00 | duty[%]: A=0.0 B=0.0 C=0.0 D=0.0 | spread=0.001 pi=1
  68.38s  t=68229 phase=2 freq=200.0 | I[A]: A=0.00 B=-0.00 C=-0.00 D=-0.00 | duty[%]: A=0.0 B=0.0 C=0.0 D=0.0 | spread=0.001 pi=1
  68.88s  t=68729 phase=2 freq=200.0 | I[A]: A=0.00 B=-0.00 C=-0.00 D=-0.00 | duty[%]: A=0.0 B=0.0 C=0.0 D=0.0 | spread=0.001 pi=1
  69.37s  t=69230 phase=2 freq=200.0 | I[A]: A=0.00 B=-0.00 C=-0.00 D=-0.00 | duty[%]: A=0.0 B=0.0 C=0.0 D=0.0 | spread=0.001 pi=1
  69.88s  t=69730 phase=2 freq=200.0 | I[A]: A=0.00 B=-0.00 C=-0.00 D=-0.00 | duty[%]: A=0.0 B=0.0 C=0.0 D=0.0 | spread=0.001 pi=1
  70.38s  t=70230 phase=2 freq=200.0 | I[A]: A=0.00 B=-0.00 C=-0.00 D=-0.00 | duty[%]: A=0.0 B=0.0 C=0.0 D=0.0 | spread=0.001 pi=1
  70.88s  t=70730 phase=2 freq=200.0 | I[A]: A=0.00 B=-0.00 C=-0.00 D=-0.00 | duty[%]: A=0.0 B=0.0 C=0.0 D=0.0 | spread=0.003 pi=1
  71.37s  t=71231 phase=2 freq=200.0 | I[A]: A=0.00 B=0.00 C=0.00 D=-0.00 | duty[%]: A=0.0 B=0.0 C=0.0 D=0.0 | spread=0.001 pi=1
  71.88s  t=71731 phase=2 freq=200.0 | I[A]: A=0.00 B=0.00 C=0.00 D=-0.00 | duty[%]: A=0.0 B=0.0 C=0.0 D=0.0 | spread=0.001 pi=1
  72.38s  t=72231 phase=2 freq=200.0 | I[A]: A=0.00 B=0.00 C=0.00 D=-0.00 | duty[%]: A=0.0 B=0.0 C=0.0 D=0.0 | spread=0.001 pi=1
  72.88s  t=72732 phase=2 freq=200.0 | I[A]: A=0.00 B=0.00 C=-0.00 D=-0.00 | duty[%]: A=0.0 B=0.0 C=0.0 D=0.0 | spread=0.001 pi=1
  73.37s  t=73232 phase=2 freq=200.0 | I[A]: A=0.00 B=-0.00 C=-0.00 D=-0.00 | duty[%]: A=0.0 B=0.0 C=0.0 D=0.0 | spread=0.001 pi=1
  73.88s  t=73732 phase=2 freq=200.0 | I[A]: A=0.00 B=-0.00 C=-0.00 D=-0.00 | duty[%]: A=0.0 B=0.0 C=0.0 D=0.0 | spread=0.001 pi=1
  74.38s  t=74233 phase=2 freq=200.0 | I[A]: A=0.00 B=-0.00 C=-0.00 D=-0.00 | duty[%]: A=0.0 B=0.0 C=0.0 D=0.0 | spread=0.001 pi=1
  74.88s  t=74733 phase=2 freq=200.0 | I[A]: A=0.00 B=-0.00 C=-0.00 D=-0.00 | duty[%]: A=0.0 B=0.0 C=0.0 D=0.0 | spread=0.001 pi=1
  75.38s  t=75233 phase=2 freq=200.0 | I[A]: A=0.00 B=-0.00 C=-0.00 D=-0.00 | duty[%]: A=0.0 B=0.0 C=0.0 D=0.0 | spread=0.001 pi=1
  75.88s  t=75733 phase=2 freq=200.0 | I[A]: A=0.00 B=-0.00 C=-0.00 D=-0.00 | duty[%]: A=0.0 B=0.0 C=0.0 D=0.0 | spread=0.001 pi=1
  76.38s  t=76233 phase=2 freq=200.0 | I[A]: A=0.00 B=-0.00 C=0.00 D=-0.00 | duty[%]: A=0.0 B=0.0 C=0.0 D=0.0 | spread=0.001 pi=1
  76.88s  t=76733 phase=2 freq=200.0 | I[A]: A=0.00 B=-0.00 C=0.00 D=-0.00 | duty[%]: A=0.0 B=0.0 C=0.0 D=0.0 | spread=0.001 pi=1
  77.38s  t=77234 phase=2 freq=200.0 | I[A]: A=0.00 B=-0.00 C=0.00 D=0.00 | duty[%]: A=0.0 B=0.0 C=0.0 D=0.0 | spread=0.000 pi=1
  77.88s  t=77734 phase=2 freq=200.0 | I[A]: A=0.00 B=-0.00 C=-0.00 D=-0.00 | duty[%]: A=0.0 B=0.0 C=0.0 D=0.0 | spread=0.001 pi=1
  78.38s  t=78234 phase=2 freq=200.0 | I[A]: A=0.00 B=-0.00 C=-0.00 D=-0.00 | duty[%]: A=0.0 B=0.0 C=0.0 D=0.0 | spread=0.001 pi=1
  78.89s  t=78735 phase=2 freq=200.0 | I[A]: A=0.00 B=-0.00 C=-0.00 D=-0.00 | duty[%]: A=0.0 B=0.0 C=0.0 D=0.0 | spread=0.001 pi=1
  79.38s  t=79235 phase=2 freq=200.0 | I[A]: A=0.00 B=-0.00 C=0.00 D=-0.00 | duty[%]: A=0.0 B=0.0 C=0.0 D=0.0 | spread=0.001 pi=1
