   0.00s  ets Jul 29 2019 12:21:46
   0.00s  
   0.00s  rst:0x1 (POWERON_RESET),boot:0x13 (SPI_FAST_FLASH_BOOT)
   0.00s  configsip: 0, SPIWP:0xee
   0.00s  clk_drv:0x00,q_drv:0x00,d_drv:0x00,cs0_drv:0x00,hd_drv:0x00,wp_drv:0x00
   0.00s  mode:DIO, clock div:2
   0.00s  load:0x3fff0030,len:1184
   0.00s  load:0x40078000,len:13232
   0.00s  load:0x40080400,len:3028
   0.00s  entry 0x400805e4
   1.29s  balanced_experiment: arming 3000ms, then loading /tilt.json (pi=1)
   1.30s  t=1153 phase=0 freq=190.0 | I[A]: A=0.00 B=0.00 C=0.00 D=0.00 | duty[%]: A=0.0 B=0.0 C=0.0 D=0.0 | spread=0.000 pi=1
   1.80s  t=1654 phase=0 freq=190.0 | I[A]: A=0.00 B=0.00 C=0.00 D=-0.00 | duty[%]: A=0.0 B=0.0 C=0.0 D=0.0 | spread=0.000 pi=1
   2.31s  t=2154 phase=0 freq=190.0 | I[A]: A=0.00 B=0.00 C=0.00 D=0.00 | duty[%]: A=0.0 B=0.0 C=0.0 D=0.0 | spread=0.000 pi=1
   2.80s  t=2655 phase=0 freq=190.0 | I[A]: A=0.00 B=0.00 C=0.00 D=0.00 | duty[%]: A=0.0 B=0.0 C=0.0 D=0.0 | spread=0.000 pi=1
   3.30s  t=3155 phase=0 freq=190.0 | I[A]: A=0.00 B=-0.00 C=0.00 D=0.00 | duty[%]: A=0.0 B=0.0 C=0.0 D=0.0 | spread=0.000 pi=1
   3.80s  t=3655 phase=0 freq=190.0 | I[A]: A=0.00 B=0.00 C=0.00 D=0.00 | duty[%]: A=0.0 B=0.0 C=0.0 D=0.0 | spread=0.000 pi=1
   4.30s  ARMED -> running experiment
   4.32s  t=4167 phase=1 freq=1.0 | I[A]: A=0.00 B=-0.00 C=0.00 D=-0.00 | duty[%]: A=50.7 B=50.0 C=50.0 D=50.0 | spread=0.000 pi=1
   4.82s  t=4668 phase=1 freq=1.2 | I[A]: A=0.00 B=0.00 C=0.00 D=0.00 | duty[%]: A=75.8 B=50.0 C=50.2 D=50.0 | spread=0.003 pi=1
   5.31s  t=5168 phase=1 freq=1.6 | I[A]: A=0.00 B=0.00 C=0.00 D=0.02 | duty[%]: A=100.0 B=50.1 C=50.6 D=49.9 | spread=0.024 pi=1
   5.82s  t=5669 phase=1 freq=2.4 | I[A]: A=0.01 B=0.00 C=0.00 D=0.01 | duty[%]: A=100.0 B=50.6 C=51.4 D=50.5 | spread=0.009 pi=1
   6.31s  t=6169 phase=1 freq=3.5 | I[A]: A=0.02 B=0.00 C=0.00 D=0.04 | duty[%]: A=100.0 B=51.0 C=52.3 D=50.9 | spread=0.038 pi=1
   6.82s  t=6669 phase=1 freq=4.9 | I[A]: A=0.03 B=0.02 C=0.00 D=0.05 | duty[%]: A=100.0 B=51.5 C=53.8 D=51.6 | spread=0.048 pi=1
   7.32s  t=7169 phase=1 freq=6.6 | I[A]: A=0.08 B=0.03 C=0.00 D=0.08 | duty[%]: A=100.0 B=52.5 C=55.8 D=52.8 | spread=0.075 pi=1
   7.82s  t=7669 phase=1 freq=8.5 | I[A]: A=0.06 B=0.04 C=0.00 D=0.07 | duty[%]: A=100.0 B=53.5 C=58.2 D=53.7 | spread=0.075 pi=1
   8.31s  t=8170 phase=1 freq=10.7 | I[A]: A=0.15 B=0.09 C=0.00 D=0.15 | duty[%]: A=100.0 B=54.9 C=61.8 D=55.3 | spread=0.150 pi=1
   8.82s  t=8670 phase=1 freq=13.1 | I[A]: A=0.21 B=0.12 C=0.00 D=0.08 | duty[%]: A=100.0 B=56.4 C=66.0 D=57.6 | spread=0.208 pi=1
   9.31s  t=9170 phase=1 freq=15.7 | I[A]: A=0.19 B=0.10 C=0.00 D=0.13 | duty[%]: A=100.0 B=57.9 C=70.3 D=59.1 | spread=0.185 pi=1
   9.82s  t=9670 phase=1 freq=18.6 | I[A]: A=0.21 B=0.13 C=0.00 D=0.15 | duty[%]: A=94.7 B=54.5 C=92.3 D=56.6 | spread=0.210 pi=1
  10.31s  t=10171 phase=1 freq=21.7 | I[A]: A=0.23 B=0.12 C=0.00 D=0.16 | duty[%]: A=88.1 B=50.4 C=100.0 D=53.0 | spread=0.231 pi=1
  10.82s  t=10671 phase=1 freq=25.0 | I[A]: A=0.36 B=0.19 C=0.00 D=0.13 | duty[%]: A=80.8 B=45.9 C=100.0 D=49.3 | spread=0.364 pi=1
  11.32s  t=11172 phase=1 freq=28.4 | I[A]: A=0.28 B=0.15 C=0.00 D=0.16 | duty[%]: A=74.0 B=42.4 C=100.0 D=45.4 | spread=0.281 pi=1
  11.82s  t=11672 phase=1 freq=32.1 | I[A]: A=0.21 B=0.10 C=0.00 D=0.15 | duty[%]: A=66.9 B=38.5 C=100.0 D=41.3 | spread=0.207 pi=1
  12.32s  t=12173 phase=1 freq=35.9 | I[A]: A=0.21 B=0.10 C=0.00 D=0.18 | duty[%]: A=59.7 B=35.4 C=100.0 D=37.4 | spread=0.210 pi=1
  12.83s  t=12673 phase=1 freq=39.9 | I[A]: A=0.26 B=0.10 C=0.00 D=0.13 | duty[%]: A=51.9 B=32.0 C=100.0 D=34.4 | spread=0.263 pi=1
  13.32s  t=13173 phase=1 freq=44.0 | I[A]: A=0.27 B=0.07 C=0.00 D=0.11 | duty[%]: A=44.4 B=29.7 C=100.0 D=31.4 | spread=0.266 pi=1
  13.82s  t=13673 phase=1 freq=48.2 | I[A]: A=0.15 B=0.02 C=0.00 D=0.12 | duty[%]: A=38.7 B=28.3 C=100.0 D=28.9 | spread=0.144 pi=1
  14.32s  t=14174 phase=1 freq=52.6 | I[A]: A=0.14 B=0.05 C=0.00 D=0.05 | duty[%]: A=34.4 B=26.8 C=100.0 D=27.3 | spread=0.138 pi=1
  14.82s  t=14675 phase=1 freq=57.1 | I[A]: A=0.05 B=0.05 C=0.00 D=0.04 | duty[%]: A=31.3 B=25.7 C=100.0 D=26.0 | spread=0.048 pi=1
  15.32s  t=15175 phase=1 freq=61.6 | I[A]: A=0.10 B=0.04 C=0.00 D=0.03 | duty[%]: A=29.2 B=24.6 C=100.0 D=25.3 | spread=0.103 pi=1
  15.82s  t=15675 phase=1 freq=66.3 | I[A]: A=0.08 B=0.03 C=0.00 D=0.01 | duty[%]: A=27.2 B=24.1 C=100.0 D=24.6 | spread=0.076 pi=1
  16.33s  t=16175 phase=1 freq=71.1 | I[A]: A=0.08 B=0.03 C=0.00 D=0.02 | duty[%]: A=25.7 B=23.4 C=100.0 D=24.0 | spread=0.076 pi=1
  16.82s  t=16675 phase=1 freq=75.9 | I[A]: A=0.04 B=0.02 C=0.00 D=0.03 | duty[%]: A=24.9 B=22.7 C=100.0 D=23.1 | spread=0.040 pi=1
  17.33s  t=17175 phase=1 freq=80.7 | I[A]: A=0.02 B=0.02 C=0.00 D=0.01 | duty[%]: A=24.1 B=22.3 C=100.0 D=22.8 | spread=0.023 pi=1
  17.82s  t=17675 phase=1 freq=85.6 | I[A]: A=0.02 B=0.02 C=0.00 D=0.00 | duty[%]: A=23.5 B=21.8 C=100.0 D=22.4 | spread=0.021 pi=1
  18.33s  t=18175 phase=1 freq=90.6 | I[A]: A=0.01 B=0.01 C=0.00 D=0.01 | duty[%]: A=23.1 B=21.6 C=100.0 D=22.0 | spread=0.011 pi=1
  18.82s  t=18676 phase=1 freq=95.5 | I[A]: A=0.02 B=0.01 C=0.00 D=0.00 | duty[%]: A=22.9 B=21.5 C=100.0 D=21.7 | spread=0.017 pi=1
  19.33s  t=19177 phase=1 freq=100.5 | I[A]: A=0.01 B=0.01 C=0.00 D=0.01 | duty[%]: A=22.6 B=21.3 C=100.0 D=21.3 | spread=0.010 pi=1
  19.82s  t=19677 phase=1 freq=105.5 | I[A]: A=0.00 B=0.01 C=0.00 D=0.03 | duty[%]: A=22.5 B=21.2 C=100.0 D=20.9 | spread=0.026 pi=1
  20.33s  t=20178 phase=1 freq=110.4 | I[A]: A=0.00 B=0.00 C=0.00 D=0.03 | duty[%]: A=22.3 B=21.2 C=100.0 D=20.4 | spread=0.031 pi=1
  20.83s  t=20679 phase=1 freq=115.4 | I[A]: A=0.00 B=0.00 C=0.00 D=0.03 | duty[%]: A=22.3 B=21.1 C=100.0 D=19.8 | spread=0.030 pi=1
  21.33s  t=21179 phase=1 freq=120.3 | I[A]: A=0.00 B=0.00 C=0.00 D=0.03 | duty[%]: A=22.3 B=21.1 C=100.0 D=19.4 | spread=0.026 pi=1
  21.83s  t=21680 phase=1 freq=125.2 | I[A]: A=0.00 B=0.00 C=0.00 D=0.03 | duty[%]: A=22.3 B=20.9 C=100.0 D=18.9 | spread=0.030 pi=1
  22.32s  t=22180 phase=1 freq=130.0 | I[A]: A=0.02 B=0.00 C=0.00 D=0.01 | duty[%]: A=22.1 B=20.9 C=100.0 D=18.4 | spread=0.023 pi=1
  22.83s  t=22680 phase=1 freq=134.7 | I[A]: A=0.00 B=0.00 C=0.00 D=0.01 | duty[%]: A=22.0 B=20.9 C=100.0 D=18.1 | spread=0.012 pi=1
  23.33s  t=23180 phase=1 freq=139.4 | I[A]: A=0.00 B=0.01 C=0.00 D=0.00 | duty[%]: A=21.9 B=20.8 C=100.0 D=17.2 | spread=0.010 pi=1
  23.83s  t=23681 phase=1 freq=143.9 | I[A]: A=0.00 B=0.00 C=0.00 D=0.00 | duty[%]: A=21.9 B=20.8 C=100.0 D=17.1 | spread=0.003 pi=1
  24.33s  t=24181 phase=1 freq=148.4 | I[A]: A=0.00 B=0.00 C=0.00 D=0.03 | duty[%]: A=21.9 B=20.7 C=100.0 D=16.8 | spread=0.032 pi=1
  24.83s  t=24681 phase=1 freq=152.8 | I[A]: A=0.00 B=0.00 C=0.00 D=0.00 | duty[%]: A=21.8 B=20.7 C=100.0 D=16.5 | spread=0.005 pi=1
  25.33s  t=25181 phase=1 freq=157.0 | I[A]: A=0.00 B=0.27 C=0.00 D=0.01 | duty[%]: A=21.8 B=20.0 C=100.0 D=16.0 | spread=0.267 pi=1
  25.82s  t=25681 phase=1 freq=161.1 | I[A]: A=0.00 B=0.00 C=0.00 D=0.01 | duty[%]: A=21.8 B=19.8 C=100.0 D=15.8 | spread=0.009 pi=1
  26.33s  t=26182 phase=1 freq=165.1 | I[A]: A=0.00 B=0.01 C=0.00 D=0.02 | duty[%]: A=21.8 B=19.8 C=100.0 D=15.1 | spread=0.016 pi=1
  26.83s  t=26683 phase=1 freq=168.9 | I[A]: A=0.00 B=0.00 C=0.00 D=0.00 | duty[%]: A=21.7 B=19.8 C=100.0 D=15.0 | spread=0.002 pi=1
  27.33s  t=27183 phase=1 freq=172.6 | I[A]: A=0.00 B=0.00 C=0.00 D=0.00 | duty[%]: A=21.7 B=19.8 C=100.0 D=14.8 | spread=0.001 pi=1
  27.83s  t=27683 phase=1 freq=176.0 | I[A]: A=0.00 B=0.03 C=0.00 D=0.00 | duty[%]: A=21.7 B=19.0 C=100.0 D=14.8 | spread=0.028 pi=1
  28.34s  t=28183 phase=1 freq=179.3 | I[A]: A=0.00 B=0.00 C=0.00 D=0.00 | duty[%]: A=21.6 B=19.0 C=100.0 D=14.8 | spread=0.000 pi=1
  28.83s  t=28684 phase=1 freq=182.4 | I[A]: A=0.00 B=0.00 C=0.00 D=0.05 | duty[%]: A=21.6 B=19.0 C=100.0 D=13.5 | spread=0.047 pi=1
  29.33s  t=29184 phase=1 freq=185.3 | I[A]: A=0.01 B=0.00 C=0.00 D=0.00 | duty[%]: A=21.2 B=19.0 C=100.0 D=13.5 | spread=0.006 pi=1
  29.83s  t=29684 phase=1 freq=187.9 | I[A]: A=0.00 B=-0.00 C=0.00 D=0.00 | duty[%]: A=21.1 B=19.0 C=100.0 D=13.4 | spread=0.004 pi=1
  30.33s  t=30184 phase=1 freq=190.3 | I[A]: A=0.00 B=-0.00 C=0.00 D=0.00 | duty[%]: A=21.1 B=19.0 C=100.0 D=13.4 | spread=0.002 pi=1
  30.83s  t=30684 phase=1 freq=192.5 | I[A]: A=0.01 B=-0.00 C=0.00 D=0.00 | duty[%]: A=21.1 B=19.0 C=100.0 D=13.4 | spread=0.007 pi=1
  31.33s  t=31184 phase=1 freq=194.4 | I[A]: A=0.00 B=0.00 C=0.00 D=0.00 | duty[%]: A=21.1 B=19.1 C=100.0 D=13.4 | spread=0.001 pi=1
  31.84s  t=31684 phase=1 freq=196.1 | I[A]: A=0.00 B=0.00 C=0.00 D=0.00 | duty[%]: A=21.1 B=19.1 C=100.0 D=13.4 | spread=0.001 pi=1
  32.33s  t=32184 phase=1 freq=197.5 | I[A]: A=0.00 B=-0.00 C=0.00 D=0.00 | duty[%]: A=21.1 B=19.1 C=100.0 D=13.1 | spread=0.003 pi=1
  32.84s  t=32685 phase=1 freq=198.6 | I[A]: A=0.00 B=-0.00 C=0.00 D=0.00 | duty[%]: A=21.1 B=19.1 C=100.0 D=13.1 | spread=0.002 pi=1
  33.33s  t=33185 phase=1 freq=199.4 | I[A]: A=0.00 B=0.00 C=0.00 D=0.00 | duty[%]: A=21.1 B=19.0 C=100.0 D=13.0 | spread=0.000 pi=1
  33.84s  t=33685 phase=1 freq=199.8 | I[A]: A=0.00 B=-0.00 C=0.00 D=0.00 | duty[%]: A=21.1 B=19.0 C=100.0 D=13.0 | spread=0.000 pi=1
  34.33s  t=34185 phase=1 freq=200.0 | I[A]: A=0.00 B=0.00 C=0.00 D=0.00 | duty[%]: A=21.0 B=19.0 C=100.0 D=12.9 | spread=0.001 pi=1
  34.84s  t=34686 phase=1 freq=200.0 | I[A]: A=0.00 B=0.01 C=0.00 D=0.00 | duty[%]: A=21.0 B=18.9 C=100.0 D=12.9 | spread=0.010 pi=1
  35.33s  t=35187 phase=1 freq=200.0 | I[A]: A=0.00 B=0.00 C=0.00 D=0.00 | duty[%]: A=21.0 B=18.9 C=100.0 D=12.9 | spread=0.000 pi=1
  35.84s  t=35688 phase=1 freq=200.0 | I[A]: A=0.00 B=0.00 C=0.00 D=0.00 | duty[%]: A=21.0 B=18.9 C=100.0 D=12.8 | spread=0.000 pi=1
  36.33s  t=36188 phase=1 freq=200.0 | I[A]: A=0.00 B=0.00 C=0.00 D=0.00 | duty[%]: A=20.9 B=18.8 C=100.0 D=12.8 | spread=0.003 pi=1
  36.84s  t=36688 phase=1 freq=200.0 | I[A]: A=0.00 B=0.00 C=0.00 D=0.00 | duty[%]: A=20.9 B=18.8 C=100.0 D=12.8 | spread=0.000 pi=1
  37.34s  t=37189 phase=1 freq=200.0 | I[A]: A=0.00 B=0.00 C=0.00 D=0.00 | duty[%]: A=20.8 B=18.8 C=100.0 D=12.8 | spread=0.001 pi=1
  37.84s  t=37690 phase=1 freq=200.0 | I[A]: A=0.00 B=0.00 C=0.00 D=0.00 | duty[%]: A=20.8 B=18.8 C=100.0 D=12.8 | spread=0.001 pi=1
  38.33s  t=38190 phase=1 freq=200.0 | I[A]: A=0.00 B=0.00 C=0.00 D=0.00 | duty[%]: A=20.8 B=18.8 C=100.0 D=12.8 | spread=0.000 pi=1
  38.84s  t=38691 phase=1 freq=200.0 | I[A]: A=0.00 B=0.00 C=0.00 D=0.00 | duty[%]: A=20.8 B=18.8 C=100.0 D=12.8 | spread=0.003 pi=1
  39.34s  t=39191 phase=1 freq=200.0 | I[A]: A=0.00 B=0.00 C=0.00 D=0.00 | duty[%]: A=20.8 B=18.7 C=100.0 D=12.8 | spread=0.000 pi=1
  39.84s  t=39691 phase=1 freq=200.0 | I[A]: A=0.00 B=0.00 C=0.00 D=0.00 | duty[%]: A=20.8 B=18.7 C=100.0 D=12.8 | spread=0.002 pi=1
  40.34s  t=40192 phase=1 freq=200.0 | I[A]: A=0.00 B=0.00 C=0.00 D=0.00 | duty[%]: A=20.8 B=18.7 C=100.0 D=12.5 | spread=0.001 pi=1
  40.84s  t=40693 phase=1 freq=200.0 | I[A]: A=0.01 B=0.00 C=0.00 D=0.00 | duty[%]: A=20.7 B=18.7 C=100.0 D=12.4 | spread=0.011 pi=1
  41.35s  t=41193 phase=1 freq=200.0 | I[A]: A=0.00 B=0.00 C=0.00 D=0.00 | duty[%]: A=20.5 B=18.6 C=100.0 D=12.4 | spread=0.002 pi=1
  41.84s  t=41693 phase=1 freq=200.0 | I[A]: A=0.01 B=0.00 C=0.00 D=0.00 | duty[%]: A=20.4 B=18.4 C=100.0 D=12.4 | spread=0.006 pi=1
  42.35s  t=42194 phase=1 freq=200.0 | I[A]: A=0.00 B=0.00 C=0.00 D=0.00 | duty[%]: A=20.4 B=18.4 C=100.0 D=12.4 | spread=0.002 pi=1
  42.84s  t=42695 phase=1 freq=200.0 | I[A]: A=0.00 B=0.00 C=0.00 D=0.00 | duty[%]: A=20.4 B=18.4 C=100.0 D=12.4 | spread=0.000 pi=1
  43.35s  t=43195 phase=1 freq=200.0 | I[A]: A=0.00 B=0.00 C=0.00 D=0.00 | duty[%]: A=20.4 B=18.5 C=100.0 D=12.5 | spread=0.000 pi=1
  43.85s  t=43695 phase=1 freq=200.0 | I[A]: A=0.00 B=0.00 C=0.00 D=0.00 | duty[%]: A=20.4 B=18.5 C=100.0 D=12.4 | spread=0.001 pi=1
  44.34s  t=44195 phase=1 freq=200.0 | I[A]: A=0.00 B=0.00 C=0.00 D=0.00 | duty[%]: A=20.4 B=18.5 C=100.0 D=12.4 | spread=0.000 pi=1
  44.84s  t=44695 phase=1 freq=200.0 | I[A]: A=0.00 B=0.00 C=0.00 D=0.00 | duty[%]: A=20.4 B=18.4 C=100.0 D=12.3 | spread=0.001 pi=1
  45.34s  t=45195 phase=1 freq=200.0 | I[A]: A=0.00 B=0.00 C=0.00 D=0.00 | duty[%]: A=20.4 B=18.4 C=100.0 D=12.3 | spread=0.000 pi=1
  45.85s  t=45695 phase=1 freq=200.0 | I[A]: A=0.00 B=0.00 C=0.00 D=0.00 | duty[%]: A=20.4 B=18.4 C=100.0 D=12.3 | spread=0.000 pi=1
  46.34s  t=46195 phase=1 freq=200.0 | I[A]: A=0.00 B=0.00 C=0.00 D=0.00 | duty[%]: A=20.4 B=18.3 C=100.0 D=12.2 | spread=0.004 pi=1
  46.85s  t=46696 phase=1 freq=200.0 | I[A]: A=0.00 B=0.00 C=0.00 D=0.00 | duty[%]: A=20.4 B=18.3 C=100.0 D=12.2 | spread=0.000 pi=1
  47.34s  t=47197 phase=1 freq=200.0 | I[A]: A=0.00 B=0.00 C=0.00 D=0.00 | duty[%]: A=20.4 B=18.4 C=100.0 D=12.2 | spread=0.000 pi=1
  47.85s  t=47697 phase=1 freq=200.0 | I[A]: A=0.00 B=0.00 C=0.00 D=0.00 | duty[%]: A=20.3 B=18.3 C=100.0 D=12.2 | spread=0.000 pi=1
  48.34s  t=48197 phase=1 freq=200.0 | I[A]: A=0.00 B=0.00 C=0.00 D=0.01 | duty[%]: A=20.3 B=18.3 C=100.0 D=12.1 | spread=0.008 pi=1
  48.85s  t=48698 phase=1 freq=200.0 | I[A]: A=0.00 B=0.01 C=0.00 D=0.00 | duty[%]: A=20.3 B=18.2 C=100.0 D=12.1 | spread=0.009 pi=1
  49.34s  t=49198 phase=1 freq=200.0 | I[A]: A=0.00 B=0.00 C=0.01 D=0.00 | duty[%]: A=20.3 B=18.3 C=100.0 D=12.1 | spread=0.006 pi=1
  49.85s  t=49698 phase=1 freq=200.0 | I[A]: A=0.01 B=0.01 C=0.00 D=0.00 | duty[%]: A=20.3 B=18.0 C=100.0 D=12.0 | spread=0.015 pi=1
  50.34s  t=50198 phase=1 freq=200.0 | I[A]: A=0.00 B=0.00 C=0.00 D=0.00 | duty[%]: A=20.3 B=18.0 C=100.0 D=12.0 | spread=0.000 pi=1
  50.85s  t=50699 phase=1 freq=200.0 | I[A]: A=0.00 B=0.00 C=0.00 D=0.00 | duty[%]: A=20.3 B=18.0 C=100.0 D=12.0 | spread=0.001 pi=1
  51.34s  t=51200 phase=1 freq=200.0 | I[A]: A=0.00 B=0.00 C=0.00 D=0.02 | duty[%]: A=20.3 B=18.0 C=100.0 D=11.9 | spread=0.017 pi=1
  51.85s  t=51701 phase=1 freq=200.0 | I[A]: A=0.00 B=0.00 C=0.00 D=0.02 | duty[%]: A=20.3 B=17.9 C=100.0 D=11.2 | spread=0.020 pi=1
  52.35s  t=52201 phase=1 freq=200.0 | I[A]: A=0.00 B=0.00 C=0.00 D=0.00 | duty[%]: A=20.3 B=17.9 C=100.0 D=11.2 | spread=0.003 pi=1
  52.85s  t=52701 phase=1 freq=200.0 | I[A]: A=0.00 B=0.00 C=0.00 D=0.00 | duty[%]: A=20.3 B=17.9 C=100.0 D=11.2 | spread=0.000 pi=1
  53.35s  t=53201 phase=1 freq=200.0 | I[A]: A=0.00 B=0.00 C=0.00 D=0.00 | duty[%]: A=20.3 B=17.9 C=100.0 D=11.0 | spread=0.001 pi=1
  53.85s  t=53701 phase=1 freq=200.0 | I[A]: A=0.00 B=0.00 C=0.00 D=0.00 | duty[%]: A=20.2 B=17.9 C=100.0 D=11.0 | spread=0.001 pi=1
  54.35s  t=54201 phase=1 freq=200.0 | I[A]: A=0.00 B=-0.00 C=0.00 D=0.03 | duty[%]: A=20.2 B=17.9 C=100.0 D=10.9 | spread=0.030 pi=1
  54.85s  t=54701 phase=1 freq=200.0 | I[A]: A=0.00 B=0.00 C=0.00 D=0.00 | duty[%]: A=20.0 B=18.0 C=100.0 D=10.9 | spread=0.000 pi=1
  55.35s  t=55201 phase=1 freq=200.0 | I[A]: A=0.00 B=0.00 C=0.00 D=0.01 | duty[%]: A=20.0 B=18.0 C=100.0 D=10.8 | spread=0.007 pi=1
  55.85s  t=55701 phase=1 freq=200.0 | I[A]: A=0.00 B=0.00 C=0.00 D=0.00 | duty[%]: A=20.0 B=17.9 C=100.0 D=10.8 | spread=0.001 pi=1
  56.35s  t=56201 phase=1 freq=200.0 | I[A]: A=0.00 B=0.00 C=0.00 D=0.00 | duty[%]: A=20.0 B=18.0 C=100.0 D=10.8 | spread=0.001 pi=1
  56.85s  t=56702 phase=1 freq=200.0 | I[A]: A=0.00 B=0.00 C=0.00 D=0.00 | duty[%]: A=20.0 B=18.0 C=100.0 D=10.6 | spread=0.000 pi=1
  57.35s  t=57203 phase=1 freq=200.0 | I[A]: A=0.00 B=-0.00 C=0.00 D=0.00 | duty[%]: A=10.0 B=18.1 C=100.0 D=10.0 | spread=0.000 pi=1
  57.85s  t=57703 phase=1 freq=200.0 | I[A]: A=0.00 B=0.00 C=0.00 D=0.00 | duty[%]: A=10.0 B=17.5 C=100.0 D=10.0 | spread=0.000 pi=1
  58.35s  t=58203 phase=1 freq=200.0 | I[A]: A=0.00 B=0.00 C=0.00 D=0.00 | duty[%]: A=10.0 B=17.4 C=100.0 D=10.0 | spread=0.000 pi=1
  58.85s  t=58704 phase=1 freq=200.0 | I[A]: A=0.00 B=0.00 C=0.00 D=0.00 | duty[%]: A=10.0 B=17.4 C=100.0 D=10.0 | spread=0.000 pi=1
  59.36s  t=59204 phase=1 freq=200.0 | I[A]: A=0.00 B=0.04 C=0.00 D=0.00 | duty[%]: A=10.0 B=17.1 C=100.0 D=10.0 | spread=0.042 pi=1
  59.85s  t=59705 phase=1 freq=200.0 | I[A]: A=0.00 B=0.00 C=0.00 D=0.00 | duty[%]: A=0.0 B=0.0 C=0.0 D=0.0 | spread=0.000 pi=1
  60.32s  experiment complete -> DONE (coils latched OFF)
  60.36s  t=60206 phase=2 freq=200.0 | I[A]: A=0.00 B=0.00 C=0.00 D=0.00 | duty[%]: A=0.0 B=0.0 C=0.0 D=0.0 | spread=0.000 pi=1
  60.85s  t=60706 phase=2 freq=200.0 | I[A]: A=0.00 B=-0.00 C=0.00 D=0.00 | duty[%]: A=0.0 B=0.0 C=0.0 D=0.0 | spread=0.001 pi=1
  61.36s  t=61206 phase=2 freq=200.0 | I[A]: A=0.00 B=-0.00 C=0.00 D=0.00 | duty[%]: A=0.0 B=0.0 C=0.0 D=0.0 | spread=0.000 pi=1
  61.85s  t=61707 phase=2 freq=200.0 | I[A]: A=0.00 B=-0.00 C=0.00 D=0.00 | duty[%]: A=0.0 B=0.0 C=0.0 D=0.0 | spread=0.000 pi=1
  62.36s  t=62208 phase=2 freq=200.0 | I[A]: A=0.00 B=-0.00 C=0.00 D=0.00 | duty[%]: A=0.0 B=0.0 C=0.0 D=0.0 | spread=0.000 pi=1
  62.86s  t=62708 phase=2 freq=200.0 | I[A]: A=0.00 B=-0.00 C=0.00 D=0.00 | duty[%]: A=0.0 B=0.0 C=0.0 D=0.0 | spread=0.000 pi=1
  63.36s  t=63208 phase=2 freq=200.0 | I[A]: A=0.00 B=0.00 C=0.00 D=0.00 | duty[%]: A=0.0 B=0.0 C=0.0 D=0.0 | spread=0.001 pi=1
  63.85s  t=63708 phase=2 freq=200.0 | I[A]: A=0.00 B=0.00 C=0.00 D=0.00 | duty[%]: A=0.0 B=0.0 C=0.0 D=0.0 | spread=0.000 pi=1
  64.35s  t=64208 phase=2 freq=200.0 | I[A]: A=0.00 B=0.00 C=0.00 D=0.00 | duty[%]: A=0.0 B=0.0 C=0.0 D=0.0 | spread=0.000 pi=1
  64.86s  t=64708 phase=2 freq=200.0 | I[A]: A=0.00 B=-0.00 C=0.00 D=0.00 | duty[%]: A=0.0 B=0.0 C=0.0 D=0.0 | spread=0.000 pi=1
  65.35s  t=65208 phase=2 freq=200.0 | I[A]: A=0.00 B=-0.00 C=0.00 D=0.00 | duty[%]: A=0.0 B=0.0 C=0.0 D=0.0 | spread=0.000 pi=1
  65.86s  t=65708 phase=2 freq=200.0 | I[A]: A=0.00 B=-0.00 C=0.00 D=0.00 | duty[%]: A=0.0 B=0.0 C=0.0 D=0.0 | spread=0.000 pi=1
  66.36s  t=66208 phase=2 freq=200.0 | I[A]: A=0.00 B=-0.00 C=0.00 D=0.00 | duty[%]: A=0.0 B=0.0 C=0.0 D=0.0 | spread=0.000 pi=1
  66.86s  t=66709 phase=2 freq=200.0 | I[A]: A=0.00 B=-0.00 C=0.00 D=0.00 | duty[%]: A=0.0 B=0.0 C=0.0 D=0.0 | spread=0.000 pi=1
  67.36s  t=67210 phase=2 freq=200.0 | I[A]: A=0.00 B=-0.00 C=0.00 D=0.00 | duty[%]: A=0.0 B=0.0 C=0.0 D=0.0 | spread=0.000 pi=1
  67.86s  t=67711 phase=2 freq=200.0 | I[A]: A=0.00 B=-0.00 C=0.00 D=0.00 | duty[%]: A=0.0 B=0.0 C=0.0 D=0.0 | spread=0.000 pi=1
  68.36s  t=68212 phase=2 freq=200.0 | I[A]: A=0.00 B=-0.00 C=0.00 D=0.00 | duty[%]: A=0.0 B=0.0 C=0.0 D=0.0 | spread=0.000 pi=1
  68.86s  t=68713 phase=2 freq=200.0 | I[A]: A=0.00 B=-0.00 C=0.00 D=0.00 | duty[%]: A=0.0 B=0.0 C=0.0 D=0.0 | spread=0.000 pi=1
  69.36s  t=69214 phase=2 freq=200.0 | I[A]: A=0.00 B=-0.00 C=0.00 D=0.00 | duty[%]: A=0.0 B=0.0 C=0.0 D=0.0 | spread=0.000 pi=1
  69.87s  t=69714 phase=2 freq=200.0 | I[A]: A=0.00 B=-0.00 C=0.00 D=0.00 | duty[%]: A=0.0 B=0.0 C=0.0 D=0.0 | spread=0.000 pi=1
  70.36s  t=70214 phase=2 freq=200.0 | I[A]: A=0.00 B=-0.00 C=0.00 D=0.00 | duty[%]: A=0.0 B=0.0 C=0.0 D=0.0 | spread=0.000 pi=1
  70.87s  t=70714 phase=2 freq=200.0 | I[A]: A=0.00 B=-0.00 C=0.00 D=0.00 | duty[%]: A=0.0 B=0.0 C=0.0 D=0.0 | spread=0.000 pi=1
  71.36s  t=71214 phase=2 freq=200.0 | I[A]: A=0.00 B=-0.00 C=0.00 D=0.00 | duty[%]: A=0.0 B=0.0 C=0.0 D=0.0 | spread=0.000 pi=1
  71.87s  t=71714 phase=2 freq=200.0 | I[A]: A=0.00 B=-0.00 C=0.00 D=0.00 | duty[%]: A=0.0 B=0.0 C=0.0 D=0.0 | spread=0.000 pi=1
  72.36s  t=72214 phase=2 freq=200.0 | I[A]: A=0.00 B=-0.00 C=0.00 D=0.00 | duty[%]: A=0.0 B=0.0 C=0.0 D=0.0 | spread=0.000 pi=1
  72.87s  t=72714 phase=2 freq=200.0 | I[A]: A=0.00 B=-0.00 C=0.00 D=0.00 | duty[%]: A=0.0 B=0.0 C=0.0 D=0.0 | spread=0.000 pi=1
  73.36s  t=73214 phase=2 freq=200.0 | I[A]: A=0.00 B=-0.00 C=0.00 D=0.00 | duty[%]: A=0.0 B=0.0 C=0.0 D=0.0 | spread=0.000 pi=1
  73.87s  t=73714 phase=2 freq=200.0 | I[A]: A=0.00 B=-0.00 C=0.00 D=0.00 | duty[%]: A=0.0 B=0.0 C=0.0 D=0.0 | spread=0.000 pi=1
  74.36s  t=74214 phase=2 freq=200.0 | I[A]: A=0.00 B=-0.00 C=0.00 D=0.00 | duty[%]: A=0.0 B=0.0 C=0.0 D=0.0 | spread=0.000 pi=1
  74.87s  t=74715 phase=2 freq=200.0 | I[A]: A=0.00 B=-0.00 C=0.00 D=0.00 | duty[%]: A=0.0 B=0.0 C=0.0 D=0.0 | spread=0.000 pi=1
  75.36s  t=75216 phase=2 freq=200.0 | I[A]: A=0.00 B=-0.00 C=0.00 D=0.00 | duty[%]: A=0.0 B=0.0 C=0.0 D=0.0 | spread=0.000 pi=1
  75.87s  t=75716 phase=2 freq=200.0 | I[A]: A=0.00 B=-0.00 C=0.00 D=0.00 | duty[%]: A=0.0 B=0.0 C=0.0 D=0.0 | spread=0.000 pi=1
  76.36s  t=76216 phase=2 freq=200.0 | I[A]: A=0.00 B=-0.00 C=0.00 D=0.00 | duty[%]: A=0.0 B=0.0 C=0.0 D=0.0 | spread=0.000 pi=1
  76.87s  t=76716 phase=2 freq=200.0 | I[A]: A=0.00 B=-0.00 C=0.00 D=0.00 | duty[%]: A=0.0 B=0.0 C=0.0 D=0.0 | spread=0.000 pi=1
  77.36s  t=77216 phase=2 freq=200.0 | I[A]: A=0.00 B=-0.00 C=0.00 D=0.00 | duty[%]: A=0.0 B=0.0 C=0.0 D=0.0 | spread=0.000 pi=1
  77.86s  t=77716 phase=2 freq=200.0 | I[A]: A=0.00 B=-0.00 C=0.00 D=0.00 | duty[%]: A=0.0 B=0.0 C=0.0 D=0.0 | spread=0.000 pi=1
  78.37s  t=78216 phase=2 freq=200.0 | I[A]: A=0.00 B=-0.00 C=0.00 D=0.00 | duty[%]: A=0.0 B=0.0 C=0.0 D=0.0 | spread=0.000 pi=1
  78.86s  t=78717 phase=2 freq=200.0 | I[A]: A=0.00 B=-0.00 C=0.00 D=0.00 | duty[%]: A=0.0 B=0.0 C=0.0 D=0.0 | spread=0.000 pi=1
  79.37s  t=79218 phase=2 freq=200.0 | I[A]: A=0.00 B=-0.00 C=0.00 D=0.00 | duty[%]: A=0.0 B=0.0 C=0.0 D=0.0 | spread=0.000 pi=1
