   0.00s  ets Jul 29 2019 12:21:46
   0.00s  
   0.00s  rst:0x1 (POWERON_RESET),boot:0x13 (SPI_FAST_FLASH_BOOT)
   0.00s  configsip: 0, SPIWP:0xee
   0.00s  clk_drv:0x00,q_drv:0x00,d_drv:0x00,cs0_drv:0x00,hd_drv:0x00,wp_drv:0x00
   0.00s  mode:DIO, clock div:2
   0.00s  load:0x3fff0030,len:1184
   0.00s  load:0x40078000,len:13232
   0.00s  load:0x40080400,len:3028
   0.00s  entry 0x400805e4
   1.17s  main_tilt_pi: arming 3s (coils confirmed off, ADC zero recalibrating), then autonomously running the tilt schedule with PI compensation -- NO e-stop listener, only the overcurrent trip or power-cycle stop it early
   4.15s  ARMED -> running tilt schedule
   4.16s  t=4032 | I[A]: A=0.00 B=0.00 C=0.00 D=0.00 | duty[%]: A=100.0 B=100.0 C=76.3 D=100.0
   4.36s  t=4232 | I[A]: A=0.00 B=0.00 C=0.14 D=0.12 | duty[%]: A=100.0 B=100.0 C=100.0 D=100.0
   4.57s  t=4433 | I[A]: A=0.00 B=0.00 C=0.00 D=0.00 | duty[%]: A=100.0 B=100.0 C=100.0 D=100.0
   4.76s  t=4634 | I[A]: A=0.01 B=0.01 C=0.00 D=0.00 | duty[%]: A=100.0 B=100.0 C=100.0 D=100.0
   4.96s  t=4834 | I[A]: A=0.00 B=0.00 C=0.01 D=0.00 | duty[%]: A=100.0 B=100.0 C=100.0 D=100.0
   5.16s  t=5034 | I[A]: A=0.00 B=0.00 C=0.11 D=0.12 | duty[%]: A=100.0 B=100.0 C=100.0 D=100.0
   5.37s  t=5235 | I[A]: A=0.04 B=0.04 C=0.00 D=0.00 | duty[%]: A=100.0 B=100.0 C=100.0 D=100.0
   5.57s  t=5435 | I[A]: A=0.11 B=0.11 C=0.01 D=0.01 | duty[%]: A=100.0 B=100.0 C=100.0 D=100.0
   5.76s  t=5635 | I[A]: A=0.12 B=0.13 C=0.02 D=0.02 | duty[%]: A=100.0 B=100.0 C=100.0 D=100.0
   5.97s  t=5835 | I[A]: A=0.07 B=0.07 C=0.01 D=0.01 | duty[%]: A=100.0 B=100.0 C=100.0 D=100.0
   6.17s  t=6036 | I[A]: A=0.03 B=0.03 C=0.01 D=0.01 | duty[%]: A=100.0 B=100.0 C=100.0 D=100.0
   6.36s  t=6236 | I[A]: A=0.01 B=0.01 C=0.04 D=0.04 | duty[%]: A=100.0 B=100.0 C=100.0 D=100.0
   6.57s  t=6436 | I[A]: A=0.03 B=0.03 C=0.10 D=0.10 | duty[%]: A=100.0 B=100.0 C=100.0 D=100.0
   6.77s  t=6636 | I[A]: A=0.03 B=0.04 C=0.10 D=0.11 | duty[%]: A=100.0 B=100.0 C=100.0 D=100.0
   6.96s  t=6837 | I[A]: A=0.04 B=0.03 C=0.08 D=0.09 | duty[%]: A=100.0 B=100.0 C=100.0 D=100.0
   7.17s  t=7037 | I[A]: A=0.11 B=0.11 C=0.04 D=0.05 | duty[%]: A=100.0 B=100.0 C=100.0 D=100.0
   7.37s  t=7237 | I[A]: A=0.16 B=0.16 C=0.08 D=0.08 | duty[%]: A=100.0 B=100.0 C=100.0 D=100.0
   7.56s  t=7437 | I[A]: A=0.16 B=0.15 C=0.09 D=0.08 | duty[%]: A=100.0 B=100.0 C=100.0 D=100.0
   7.77s  t=7638 | I[A]: A=0.11 B=0.11 C=0.20 D=0.18 | duty[%]: A=100.0 B=100.0 C=100.0 D=100.0
   7.97s  t=7838 | I[A]: A=0.14 B=0.16 C=0.10 D=0.10 | duty[%]: A=100.0 B=100.0 C=100.0 D=100.0
   8.17s  t=8038 | I[A]: A=0.15 B=0.16 C=0.10 D=0.10 | duty[%]: A=100.0 B=100.0 C=100.0 D=100.0
   8.36s  t=8238 | I[A]: A=0.12 B=0.10 C=0.19 D=0.19 | duty[%]: A=100.0 B=100.0 C=100.0 D=100.0
   8.57s  t=8439 | I[A]: A=0.15 B=0.16 C=0.23 D=0.22 | duty[%]: A=100.0 B=100.0 C=100.0 D=100.0
   8.77s  t=8639 | I[A]: A=0.14 B=0.15 C=0.21 D=0.20 | duty[%]: A=100.0 B=100.0 C=100.0 D=100.0
   8.97s  t=8839 | I[A]: A=0.20 B=0.20 C=0.23 D=0.27 | duty[%]: A=100.0 B=100.0 C=100.0 D=100.0
   9.17s  t=9039 | I[A]: A=0.17 B=0.21 C=0.29 D=0.26 | duty[%]: A=100.0 B=100.0 C=100.0 D=100.0
   9.37s  t=9240 | I[A]: A=0.31 B=0.30 C=0.20 D=0.22 | duty[%]: A=100.0 B=100.0 C=100.0 D=100.0
   9.57s  t=9440 | I[A]: A=0.30 B=0.29 C=0.23 D=0.22 | duty[%]: A=100.0 B=100.0 C=100.0 D=100.0
   9.77s  t=9640 | I[A]: A=0.26 B=0.24 C=0.27 D=0.33 | duty[%]: A=100.0 B=100.0 C=100.0 D=100.0
   9.97s  t=9841 | I[A]: A=0.30 B=0.30 C=0.23 D=0.22 | duty[%]: A=100.0 B=100.0 C=100.0 D=100.0
  10.17s  t=10041 | I[A]: A=0.23 B=0.26 C=0.32 D=0.31 | duty[%]: A=100.0 B=100.0 C=100.0 D=100.0
  10.37s  t=10242 | I[A]: A=0.26 B=0.29 C=0.37 D=0.33 | duty[%]: A=100.0 B=100.0 C=100.0 D=100.0
  10.57s  t=10442 | I[A]: A=0.36 B=0.36 C=0.33 D=0.27 | duty[%]: A=100.0 B=100.0 C=100.0 D=100.0
  10.78s  t=10642 | I[A]: A=0.39 B=0.35 C=0.34 D=0.30 | duty[%]: A=100.0 B=100.0 C=100.0 D=100.0
  10.97s  t=10842 | I[A]: A=0.35 B=0.32 C=0.41 D=0.39 | duty[%]: A=100.0 B=100.0 C=100.0 D=100.0
  11.17s  t=11043 | I[A]: A=0.37 B=0.37 C=0.42 D=0.42 | duty[%]: A=100.0 B=100.0 C=100.0 D=100.0
  11.38s  t=11243 | I[A]: A=0.42 B=0.40 C=0.45 D=0.49 | duty[%]: A=100.0 B=100.0 C=100.0 D=100.0
  11.58s  t=11443 | I[A]: A=0.41 B=0.39 C=0.42 D=0.53 | duty[%]: A=100.0 B=100.0 C=100.0 D=100.0
  11.77s  t=11644 | I[A]: A=0.44 B=0.40 C=0.45 D=0.57 | duty[%]: A=100.0 B=100.0 C=100.0 D=100.0
  11.97s  t=11844 | I[A]: A=0.54 B=0.47 C=0.42 D=0.48 | duty[%]: A=100.0 B=100.0 C=100.0 D=100.0
  12.18s  t=12044 | I[A]: A=0.56 B=0.55 C=0.42 D=0.54 | duty[%]: A=100.0 B=100.0 C=100.0 D=100.0
  12.38s  t=12245 | I[A]: A=0.47 B=0.46 C=0.49 D=0.57 | duty[%]: A=100.0 B=100.0 C=100.0 D=100.0
  12.57s  t=12445 | I[A]: A=0.52 B=0.62 C=0.51 D=0.55 | duty[%]: A=100.0 B=100.0 C=100.0 D=100.0
  12.78s  t=12645 | I[A]: A=0.61 B=0.63 C=0.52 D=0.54 | duty[%]: A=100.0 B=100.0 C=100.0 D=100.0
  12.98s  t=12845 | I[A]: A=0.57 B=0.57 C=0.63 D=0.61 | duty[%]: A=100.0 B=100.0 C=100.0 D=100.0
  13.17s  t=13046 | I[A]: A=0.55 B=0.68 C=0.64 D=0.59 | duty[%]: A=100.0 B=100.0 C=100.0 D=100.0
  13.38s  t=13246 | I[A]: A=0.58 B=0.59 C=0.73 D=0.57 | duty[%]: A=100.0 B=100.0 C=100.0 D=100.0
  13.58s  t=13446 | I[A]: A=0.63 B=0.64 C=0.84 D=0.65 | duty[%]: A=100.0 B=100.0 C=100.0 D=100.0
  13.78s  t=13647 | I[A]: A=0.62 B=0.63 C=0.85 D=0.60 | duty[%]: A=100.0 B=100.0 C=100.0 D=100.0
  13.97s  t=13847 | I[A]: A=0.66 B=0.62 C=0.93 D=0.59 | duty[%]: A=100.0 B=100.0 C=100.0 D=100.0
  14.18s  t=14047 | I[A]: A=0.69 B=0.70 C=1.02 D=0.62 | duty[%]: A=100.0 B=100.0 C=100.0 D=100.0
  14.38s  t=14248 | I[A]: A=0.76 B=0.79 C=0.96 D=0.56 | duty[%]: A=100.0 B=100.0 C=100.0 D=100.0
  14.58s  t=14448 | I[A]: A=0.77 B=0.80 C=1.00 D=0.54 | duty[%]: A=100.0 B=100.0 C=100.0 D=100.0
  14.78s  t=14648 | I[A]: A=0.78 B=0.82 C=1.02 D=0.58 | duty[%]: A=100.0 B=100.0 C=100.0 D=100.0
  14.98s  t=14848 | I[A]: A=0.75 B=0.76 C=1.07 D=0.62 | duty[%]: A=100.0 B=100.0 C=100.0 D=100.0
  15.18s  t=15049 | I[A]: A=0.63 B=0.81 C=0.91 D=0.58 | duty[%]: A=100.0 B=100.0 C=100.0 D=100.0
  15.38s  t=15249 | I[A]: A=0.78 B=0.85 C=0.94 D=0.58 | duty[%]: A=100.0 B=100.0 C=100.0 D=100.0
  15.58s  t=15449 | I[A]: A=0.74 B=0.77 C=0.98 D=0.62 | duty[%]: A=100.0 B=100.0 C=100.0 D=100.0
  15.78s  t=15650 | I[A]: A=0.78 B=0.82 C=0.95 D=0.67 | duty[%]: A=100.0 B=100.0 C=100.0 D=100.0
  15.99s  t=15850 | I[A]: A=0.77 B=0.79 C=0.90 D=0.66 | duty[%]: A=100.0 B=100.0 C=100.0 D=100.0
  16.18s  t=16050 | I[A]: A=0.78 B=0.80 C=0.90 D=0.70 | duty[%]: A=100.0 B=100.0 C=100.0 D=100.0
  16.38s  t=16250 | I[A]: A=0.78 B=0.84 C=0.94 D=0.72 | duty[%]: A=100.0 B=100.0 C=100.0 D=100.0
  16.58s  t=16451 | I[A]: A=0.87 B=0.90 C=0.85 D=0.71 | duty[%]: A=100.0 B=100.0 C=100.0 D=100.0
  16.78s  t=16651 | I[A]: A=0.74 B=0.90 C=0.97 D=0.78 | duty[%]: A=100.0 B=100.0 C=100.0 D=100.0
  16.98s  t=16851 | I[A]: A=0.85 B=0.90 C=0.90 D=0.78 | duty[%]: A=100.0 B=100.0 C=100.0 D=100.0
  17.18s  t=17052 | I[A]: A=0.87 B=0.89 C=0.94 D=0.83 | duty[%]: A=100.0 B=100.0 C=100.0 D=100.0
  17.38s  t=17252 | I[A]: A=0.91 B=0.99 C=0.99 D=0.85 | duty[%]: A=100.0 B=100.0 C=100.0 D=100.0
  17.58s  t=17452 | I[A]: A=1.05 B=1.06 C=0.97 D=0.88 | duty[%]: A=100.0 B=100.0 C=100.0 D=100.0
  17.79s  t=17652 | I[A]: A=1.00 B=1.04 C=1.02 D=1.03 | duty[%]: A=100.0 B=100.0 C=100.0 D=100.0
  17.98s  t=17853 | I[A]: A=0.95 B=1.14 C=1.08 D=1.06 | duty[%]: A=100.0 B=100.0 C=100.0 D=100.0
  18.18s  t=18053 | I[A]: A=1.07 B=1.12 C=1.09 D=1.11 | duty[%]: A=100.0 B=100.0 C=100.0 D=100.0
  18.38s  t=18253 | I[A]: A=1.17 B=1.24 C=1.09 D=1.11 | duty[%]: A=100.0 B=100.0 C=100.0 D=100.0
  18.59s  t=18453 | I[A]: A=1.15 B=1.22 C=1.20 D=1.25 | duty[%]: A=100.0 B=100.0 C=100.0 D=100.0
  18.79s  t=18654 | I[A]: A=1.19 B=1.26 C=1.20 D=1.27 | duty[%]: A=100.0 B=100.0 C=100.0 D=100.0
  18.98s  t=18854 | I[A]: A=1.26 B=1.39 C=1.24 D=1.37 | duty[%]: A=100.0 B=100.0 C=100.0 D=100.0
  19.18s  t=19054 | I[A]: A=1.28 B=1.35 C=1.29 D=1.42 | duty[%]: A=100.0 B=100.0 C=100.0 D=100.0
  19.39s  t=19254 | I[A]: A=1.39 B=1.40 C=1.39 D=1.51 | duty[%]: A=100.0 B=100.0 C=100.0 D=100.0
  19.59s  t=19454 | I[A]: A=1.41 B=1.60 C=1.38 D=1.60 | duty[%]: A=100.0 B=100.0 C=100.0 D=100.0
  19.78s  t=19655 | I[A]: A=1.58 B=1.65 C=1.42 D=1.75 | duty[%]: A=100.0 B=100.0 C=100.0 D=100.0
  19.98s  t=19855 | I[A]: A=1.62 B=1.75 C=1.48 D=1.90 | duty[%]: A=100.0 B=100.0 C=100.0 D=100.0
  20.19s  t=20055 | I[A]: A=1.74 B=1.86 C=1.52 D=1.94 | duty[%]: A=100.0 B=100.0 C=100.0 D=100.0
  20.39s  t=20255 | I[A]: A=1.72 B=1.87 C=1.62 D=2.05 | duty[%]: A=100.0 B=100.0 C=100.0 D=100.0
  20.58s  t=20456 | I[A]: A=1.86 B=2.03 C=1.66 D=2.25 | duty[%]: A=100.0 B=100.0 C=100.0 D=100.0
  20.78s  t=20656 | I[A]: A=1.94 B=2.04 C=1.79 D=2.38 | duty[%]: A=100.0 B=100.0 C=100.0 D=100.0
  20.99s  t=20856 | I[A]: A=2.03 B=2.15 C=1.86 D=2.52 | duty[%]: A=100.0 B=100.0 C=100.0 D=100.0
  21.19s  t=21056 | I[A]: A=2.11 B=2.26 C=1.85 D=2.70 | duty[%]: A=100.0 B=100.0 C=100.0 D=100.0
  21.39s  t=21257 | I[A]: A=2.18 B=2.41 C=1.86 D=2.68 | duty[%]: A=100.0 B=100.0 C=100.0 D=100.0
  21.58s  t=21457 | I[A]: A=2.20 B=2.53 C=2.00 D=3.04 | duty[%]: A=100.0 B=100.0 C=100.0 D=100.0
  21.79s  t=21657 | I[A]: A=2.34 B=2.53 C=2.02 D=3.12 | duty[%]: A=100.0 B=100.0 C=100.0 D=100.0
  21.99s  t=21857 | I[A]: A=2.42 B=2.62 C=2.08 D=3.28 | duty[%]: A=100.0 B=100.0 C=100.0 D=100.0
  22.19s  t=22058 | I[A]: A=2.55 B=2.79 C=2.03 D=3.41 | duty[%]: A=100.0 B=100.0 C=100.0 D=100.0
  22.38s  t=22258 | I[A]: A=2.55 B=2.75 C=2.14 D=3.61 | duty[%]: A=100.0 B=100.0 C=100.0 D=100.0
  22.59s  t=22458 | I[A]: A=2.56 B=2.88 C=2.11 D=3.69 | duty[%]: A=100.0 B=100.0 C=100.0 D=100.0
  22.79s  t=22658 | I[A]: A=2.64 B=2.95 C=2.17 D=3.85 | duty[%]: A=100.0 B=100.0 C=100.0 D=100.0
  22.99s  t=22859 | I[A]: A=2.77 B=3.00 C=2.23 D=4.15 | duty[%]: A=100.0 B=100.0 C=100.0 D=100.0
  23.19s  t=23059 | I[A]: A=2.87 B=3.15 C=2.17 D=4.19 | duty[%]: A=100.0 B=100.0 C=100.0 D=100.0
  23.39s  t=23259 | I[A]: A=2.90 B=3.21 C=2.21 D=4.49 | duty[%]: A=100.0 B=100.0 C=100.0 D=100.0
  23.59s  t=23459 | I[A]: A=2.99 B=3.29 C=2.14 D=4.65 | duty[%]: A=100.0 B=100.0 C=100.0 D=100.0
  23.79s  t=23660 | I[A]: A=2.98 B=3.11 C=2.21 D=4.25 | duty[%]: A=100.0 B=100.0 C=100.0 D=100.0
  23.99s  t=23860 | I[A]: A=3.10 B=2.98 C=2.27 D=4.40 | duty[%]: A=100.0 B=100.0 C=100.0 D=100.0
  24.20s  t=24060 | I[A]: A=3.17 B=2.89 C=2.32 D=4.33 | duty[%]: A=100.0 B=100.0 C=100.0 D=100.0
  24.39s  t=24260 | I[A]: A=3.22 B=2.78 C=2.29 D=4.42 | duty[%]: A=100.0 B=100.0 C=100.0 D=100.0
  24.59s  t=24461 | I[A]: A=3.07 B=2.66 C=2.34 D=4.17 | duty[%]: A=100.0 B=100.0 C=100.0 D=100.0
  24.79s  t=24661 | I[A]: A=3.56 B=2.81 C=2.28 D=3.98 | duty[%]: A=100.0 B=100.0 C=100.0 D=100.0
  25.00s  t=24861 | I[A]: A=2.94 B=2.58 C=2.37 D=4.21 | duty[%]: A=100.0 B=100.0 C=100.0 D=100.0
  25.19s  t=25061 | I[A]: A=3.30 B=2.60 C=2.38 D=4.29 | duty[%]: A=100.0 B=100.0 C=100.0 D=100.0
  25.39s  t=25262 | I[A]: A=3.39 B=2.47 C=2.23 D=4.35 | duty[%]: A=100.0 B=100.0 C=100.0 D=100.0
  25.59s  t=25462 | I[A]: A=3.46 B=2.50 C=2.25 D=4.38 | duty[%]: A=100.0 B=100.0 C=100.0 D=100.0
  25.80s  t=25662 | I[A]: A=3.52 B=2.47 C=2.25 D=4.50 | duty[%]: A=100.0 B=100.0 C=100.0 D=100.0
  25.99s  t=25862 | I[A]: A=3.43 B=2.47 C=2.29 D=4.42 | duty[%]: A=100.0 B=100.0 C=100.0 D=100.0
  26.19s  t=26062 | I[A]: A=3.53 B=2.47 C=2.27 D=4.50 | duty[%]: A=100.0 B=100.0 C=100.0 D=100.0
  26.40s  t=26263 | I[A]: A=3.44 B=2.48 C=2.21 D=4.36 | duty[%]: A=100.0 B=100.0 C=100.0 D=100.0
  26.59s  t=26463 | I[A]: A=3.47 B=2.51 C=2.18 D=4.35 | duty[%]: A=100.0 B=100.0 C=100.0 D=100.0
  26.79s  t=26663 | I[A]: A=3.47 B=2.44 C=2.19 D=4.47 | duty[%]: A=100.0 B=100.0 C=100.0 D=100.0
  27.00s  t=26864 | I[A]: A=3.46 B=2.52 C=2.15 D=4.46 | duty[%]: A=100.0 B=100.0 C=100.0 D=100.0
  27.20s  t=27064 | I[A]: A=3.43 B=2.52 C=2.14 D=4.51 | duty[%]: A=100.0 B=100.0 C=100.0 D=100.0
  27.39s  t=27264 | I[A]: A=3.52 B=2.51 C=2.10 D=4.62 | duty[%]: A=100.0 B=100.0 C=100.0 D=100.0
  27.59s  t=27464 | I[A]: A=3.48 B=2.51 C=2.08 D=4.64 | duty[%]: A=100.0 B=100.0 C=100.0 D=100.0
  27.80s  t=27665 | I[A]: A=3.39 B=2.49 C=2.08 D=4.67 | duty[%]: A=100.0 B=100.0 C=100.0 D=100.0
  28.00s  t=27865 | I[A]: A=3.38 B=2.57 C=2.04 D=4.55 | duty[%]: A=100.0 B=100.0 C=100.0 D=100.0
  28.19s  t=28065 | I[A]: A=3.37 B=2.56 C=2.04 D=4.67 | duty[%]: A=100.0 B=100.0 C=100.0 D=100.0
  28.40s  t=28265 | I[A]: A=3.35 B=2.53 C=2.02 D=4.62 | duty[%]: A=100.0 B=100.0 C=100.0 D=100.0
  28.60s  t=28466 | I[A]: A=3.41 B=2.67 C=1.95 D=4.71 | duty[%]: A=100.0 B=100.0 C=100.0 D=100.0
  28.80s  t=28666 | I[A]: A=3.37 B=2.65 C=1.91 D=4.73 | duty[%]: A=100.0 B=100.0 C=100.0 D=100.0
  28.99s  t=28866 | I[A]: A=3.25 B=2.67 C=1.93 D=4.65 | duty[%]: A=100.0 B=100.0 C=100.0 D=100.0
  29.20s  t=29066 | I[A]: A=3.28 B=2.71 C=1.92 D=4.60 | duty[%]: A=100.0 B=100.0 C=100.0 D=100.0
  29.40s  t=29267 | I[A]: A=3.30 B=2.73 C=1.89 D=4.87 | duty[%]: A=100.0 B=100.0 C=100.0 D=100.0
  29.60s  t=29467 | I[A]: A=3.28 B=2.77 C=1.81 D=4.80 | duty[%]: A=100.0 B=100.0 C=100.0 D=100.0
  29.79s  t=29667 | I[A]: A=3.19 B=2.73 C=1.83 D=4.79 | duty[%]: A=100.0 B=100.0 C=100.0 D=100.0
  30.00s  t=29867 | I[A]: A=3.27 B=2.77 C=1.80 D=4.76 | duty[%]: A=100.0 B=100.0 C=100.0 D=100.0
  30.20s  t=30068 | I[A]: A=3.17 B=2.83 C=1.79 D=4.90 | duty[%]: A=100.0 B=100.0 C=100.0 D=100.0
  30.40s  t=30268 | I[A]: A=3.07 B=2.77 C=1.72 D=4.67 | duty[%]: A=100.0 B=100.0 C=100.0 D=100.0
  30.60s  t=30468 | I[A]: A=3.04 B=2.77 C=1.76 D=4.85 | duty[%]: A=100.0 B=100.0 C=100.0 D=100.0
  30.80s  t=30668 | I[A]: A=3.04 B=2.80 C=1.70 D=4.83 | duty[%]: A=100.0 B=100.0 C=100.0 D=100.0
  31.00s  t=30869 | I[A]: A=3.10 B=2.93 C=1.64 D=4.98 | duty[%]: A=100.0 B=100.0 C=100.0 D=100.0
  31.20s  t=31069 | I[A]: A=3.00 B=2.94 C=1.64 D=4.73 | duty[%]: A=100.0 B=100.0 C=100.0 D=100.0
  31.40s  t=31269 | I[A]: A=2.96 B=2.99 C=1.64 D=4.80 | duty[%]: A=100.0 B=100.0 C=100.0 D=100.0
  31.60s  t=31469 | I[A]: A=3.06 B=2.88 C=1.63 D=4.91 | duty[%]: A=100.0 B=100.0 C=100.0 D=100.0
  31.80s  t=31670 | I[A]: A=2.97 B=2.96 C=1.63 D=4.73 | duty[%]: A=100.0 B=100.0 C=100.0 D=100.0
  32.00s  t=31870 | I[A]: A=2.92 B=2.92 C=1.62 D=4.87 | duty[%]: A=100.0 B=100.0 C=100.0 D=100.0
  32.20s  t=32070 | I[A]: A=2.91 B=2.93 C=1.61 D=4.89 | duty[%]: A=100.0 B=100.0 C=100.0 D=100.0
  32.40s  t=32270 | I[A]: A=2.89 B=2.97 C=1.58 D=4.85 | duty[%]: A=100.0 B=100.0 C=100.0 D=100.0
  32.61s  t=32470 | I[A]: A=2.92 B=2.97 C=1.57 D=4.98 | duty[%]: A=100.0 B=100.0 C=100.0 D=100.0
  32.80s  t=32671 | I[A]: A=2.86 B=2.97 C=1.54 D=4.77 | duty[%]: A=100.0 B=100.0 C=100.0 D=100.0
  33.00s  t=32871 | I[A]: A=2.91 B=3.02 C=1.58 D=4.88 | duty[%]: A=100.0 B=100.0 C=100.0 D=100.0
  33.20s  t=33071 | I[A]: A=2.95 B=3.04 C=1.55 D=4.99 | duty[%]: A=100.0 B=100.0 C=100.0 D=100.0
  33.41s  t=33271 | I[A]: A=2.94 B=3.07 C=1.54 D=4.94 | duty[%]: A=100.0 B=100.0 C=100.0 D=100.0
  33.60s  t=33472 | I[A]: A=2.94 B=3.09 C=1.50 D=4.87 | duty[%]: A=100.0 B=100.0 C=100.0 D=100.0
  33.80s  t=33672 | I[A]: A=2.96 B=3.06 C=1.56 D=4.91 | duty[%]: A=100.0 B=100.0 C=100.0 D=100.0
  34.01s  t=33872 | I[A]: A=2.95 B=3.03 C=1.56 D=4.94 | duty[%]: A=100.0 B=100.0 C=100.0 D=100.0
  34.20s  t=34072 | I[A]: A=2.89 B=3.02 C=1.57 D=4.93 | duty[%]: A=100.0 B=100.0 C=100.0 D=100.0
  34.40s  t=34272 | I[A]: A=2.92 B=3.02 C=1.52 D=4.93 | duty[%]: A=100.0 B=100.0 C=100.0 D=100.0
  34.61s  t=34472 | I[A]: A=2.88 B=3.10 C=1.53 D=4.81 | duty[%]: A=100.0 B=100.0 C=100.0 D=100.0
  34.80s  t=34673 | I[A]: A=2.89 B=3.03 C=1.56 D=4.87 | duty[%]: A=100.0 B=100.0 C=100.0 D=100.0
  35.00s  t=34874 | I[A]: A=2.85 B=3.05 C=1.49 D=4.77 | duty[%]: A=100.0 B=100.0 C=100.0 D=100.0
  35.20s  t=35075 | I[A]: A=2.89 B=3.05 C=1.56 D=4.91 | duty[%]: A=100.0 B=100.0 C=100.0 D=100.0
  35.41s  t=35276 | I[A]: A=2.85 B=2.97 C=1.55 D=4.75 | duty[%]: A=100.0 B=100.0 C=100.0 D=100.0
  35.61s  t=35476 | I[A]: A=2.85 B=2.95 C=1.56 D=4.87 | duty[%]: A=100.0 B=100.0 C=100.0 D=100.0
  35.81s  t=35677 | I[A]: A=2.90 B=3.10 C=1.50 D=4.80 | duty[%]: A=100.0 B=100.0 C=100.0 D=100.0
  36.00s  t=35878 | I[A]: A=2.88 B=2.97 C=1.52 D=4.85 | duty[%]: A=100.0 B=100.0 C=100.0 D=100.0
  36.21s  t=36079 | I[A]: A=2.86 B=3.08 C=1.51 D=4.77 | duty[%]: A=100.0 B=100.0 C=100.0 D=100.0
  36.41s  t=36279 | I[A]: A=2.83 B=3.02 C=1.51 D=4.74 | duty[%]: A=100.0 B=100.0 C=100.0 D=100.0
  36.61s  t=36480 | I[A]: A=2.91 B=3.03 C=1.57 D=4.94 | duty[%]: A=100.0 B=100.0 C=100.0 D=100.0
  36.81s  t=36680 | I[A]: A=2.91 B=3.03 C=1.53 D=4.94 | duty[%]: A=100.0 B=100.0 C=100.0 D=100.0
  37.01s  t=36881 | I[A]: A=2.82 B=3.01 C=1.53 D=4.75 | duty[%]: A=100.0 B=100.0 C=100.0 D=100.0
  37.21s  t=37082 | I[A]: A=2.93 B=3.08 C=1.53 D=4.86 | duty[%]: A=100.0 B=100.0 C=100.0 D=100.0
  37.41s  t=37283 | I[A]: A=2.88 B=2.99 C=1.55 D=4.86 | duty[%]: A=100.0 B=100.0 C=100.0 D=100.0
  37.62s  t=37483 | I[A]: A=2.89 B=3.02 C=1.54 D=4.81 | duty[%]: A=100.0 B=100.0 C=100.0 D=100.0
  37.81s  t=37684 | I[A]: A=2.85 B=3.03 C=1.50 D=4.79 | duty[%]: A=100.0 B=100.0 C=100.0 D=100.0
  38.01s  t=37885 | I[A]: A=2.91 B=3.05 C=1.57 D=4.90 | duty[%]: A=100.0 B=100.0 C=100.0 D=100.0
  38.22s  t=38086 | I[A]: A=2.85 B=2.99 C=1.54 D=4.69 | duty[%]: A=100.0 B=100.0 C=100.0 D=100.0
  38.42s  t=38286 | I[A]: A=2.86 B=2.97 C=1.56 D=4.83 | duty[%]: A=100.0 B=100.0 C=100.0 D=100.0
  38.62s  t=38487 | I[A]: A=2.90 B=3.10 C=1.51 D=4.76 | duty[%]: A=100.0 B=100.0 C=100.0 D=100.0
  38.82s  t=38688 | I[A]: A=2.87 B=3.00 C=1.56 D=4.83 | duty[%]: A=100.0 B=100.0 C=100.0 D=100.0
  39.02s  t=38889 | I[A]: A=2.85 B=3.08 C=1.53 D=4.73 | duty[%]: A=100.0 B=100.0 C=100.0 D=100.0
  39.22s  t=39089 | I[A]: A=2.87 B=3.05 C=1.53 D=4.73 | duty[%]: A=100.0 B=100.0 C=100.0 D=100.0
  39.42s  t=39290 | I[A]: A=2.90 B=3.02 C=1.59 D=4.80 | duty[%]: A=100.0 B=100.0 C=100.0 D=100.0
  39.62s  t=39490 | I[A]: A=2.90 B=3.05 C=1.59 D=4.88 | duty[%]: A=100.0 B=100.0 C=100.0 D=100.0
  39.82s  t=39691 | I[A]: A=2.81 B=3.01 C=1.54 D=4.73 | duty[%]: A=100.0 B=100.0 C=100.0 D=100.0
  40.02s  t=39891 | I[A]: A=2.85 B=2.99 C=1.53 D=4.80 | duty[%]: A=100.0 B=100.0 C=100.0 D=100.0
  40.23s  t=40092 | I[A]: A=2.93 B=3.07 C=1.52 D=4.77 | duty[%]: A=100.0 B=100.0 C=100.0 D=100.0
  40.42s  t=40293 | I[A]: A=2.88 B=2.97 C=1.55 D=4.83 | duty[%]: A=100.0 B=100.0 C=100.0 D=100.0
  40.62s  t=40494 | I[A]: A=2.88 B=3.06 C=1.51 D=4.73 | duty[%]: A=100.0 B=100.0 C=100.0 D=100.0
  40.83s  t=40694 | I[A]: A=2.84 B=2.96 C=1.53 D=4.71 | duty[%]: A=100.0 B=100.0 C=100.0 D=100.0
  41.03s  t=40895 | I[A]: A=2.90 B=3.01 C=1.59 D=4.96 | duty[%]: A=100.0 B=100.0 C=100.0 D=100.0
  41.23s  t=41096 | I[A]: A=2.82 B=3.02 C=1.51 D=4.69 | duty[%]: A=100.0 B=100.0 C=100.0 D=100.0
  41.42s  t=41296 | I[A]: A=2.87 B=2.96 C=1.55 D=4.82 | duty[%]: A=100.0 B=100.0 C=100.0 D=100.0
  41.62s  t=41497 | I[A]: A=2.91 B=3.09 C=1.51 D=4.71 | duty[%]: A=100.0 B=100.0 C=100.0 D=100.0
  41.83s  t=41697 | I[A]: A=2.87 B=3.08 C=1.53 D=4.73 | duty[%]: A=100.0 B=100.0 C=100.0 D=100.0
  42.03s  t=41898 | I[A]: A=2.86 B=3.03 C=1.58 D=4.86 | duty[%]: A=100.0 B=100.0 C=100.0 D=100.0
  42.23s  t=42099 | I[A]: A=2.84 B=3.07 C=1.53 D=4.67 | duty[%]: A=100.0 B=100.0 C=100.0 D=100.0
  42.44s  t=42300 | I[A]: A=2.88 B=3.02 C=1.58 D=4.77 | duty[%]: A=100.0 B=100.0 C=100.0 D=100.0
  42.63s  t=42500 | I[A]: A=2.93 B=3.06 C=1.54 D=4.90 | duty[%]: A=100.0 B=100.0 C=100.0 D=100.0
  42.83s  t=42701 | I[A]: A=2.82 B=2.98 C=1.53 D=4.72 | duty[%]: A=100.0 B=100.0 C=100.0 D=100.0
  43.03s  t=42902 | I[A]: A=2.92 B=3.05 C=1.52 D=4.81 | duty[%]: A=100.0 B=100.0 C=100.0 D=100.0
  43.24s  t=43103 | I[A]: A=2.87 B=2.96 C=1.57 D=4.76 | duty[%]: A=100.0 B=100.0 C=100.0 D=100.0
  43.43s  t=43303 | I[A]: A=2.87 B=2.99 C=1.58 D=4.78 | duty[%]: A=100.0 B=100.0 C=100.0 D=100.0
  43.63s  t=43504 | I[A]: A=2.84 B=3.00 C=1.53 D=4.74 | duty[%]: A=100.0 B=100.0 C=100.0 D=100.0
  43.84s  t=43705 | I[A]: A=2.86 B=3.03 C=1.58 D=4.85 | duty[%]: A=100.0 B=100.0 C=100.0 D=100.0
  44.04s  t=43906 | I[A]: A=2.81 B=3.00 C=1.54 D=4.67 | duty[%]: A=100.0 B=100.0 C=100.0 D=100.0
  44.24s  t=44106 | I[A]: A=2.82 B=2.99 C=1.53 D=4.71 | duty[%]: A=100.0 B=100.0 C=100.0 D=100.0
  44.43s  t=44306 | I[A]: A=2.83 B=2.97 C=1.56 D=4.80 | duty[%]: A=100.0 B=100.0 C=100.0 D=100.0
  44.64s  t=44507 | I[A]: A=2.91 B=3.06 C=1.53 D=4.80 | duty[%]: A=100.0 B=100.0 C=100.0 D=100.0
  44.84s  t=44708 | I[A]: A=2.88 B=2.95 C=1.53 D=4.86 | duty[%]: A=100.0 B=100.0 C=100.0 D=100.0
  45.04s  t=44909 | I[A]: A=2.86 B=3.06 C=1.53 D=4.72 | duty[%]: A=100.0 B=100.0 C=100.0 D=100.0
  45.24s  t=45109 | I[A]: A=2.84 B=3.02 C=1.54 D=4.69 | duty[%]: A=100.0 B=100.0 C=100.0 D=100.0
  45.44s  t=45310 | I[A]: A=2.90 B=3.02 C=1.56 D=4.85 | duty[%]: A=100.0 B=100.0 C=100.0 D=100.0
  45.64s  t=45511 | I[A]: A=2.80 B=2.96 C=1.54 D=4.65 | duty[%]: A=100.0 B=100.0 C=100.0 D=100.0
  45.84s  t=45712 | I[A]: A=2.90 B=2.99 C=1.55 D=4.82 | duty[%]: A=100.0 B=100.0 C=100.0 D=100.0
  46.04s  t=45912 | I[A]: A=2.84 B=3.07 C=1.53 D=4.71 | duty[%]: A=100.0 B=100.0 C=100.0 D=100.0
  46.25s  t=46113 | I[A]: A=2.88 B=2.97 C=1.57 D=4.81 | duty[%]: A=100.0 B=100.0 C=100.0 D=100.0
  46.44s  t=46314 | I[A]: A=2.85 B=3.11 C=1.52 D=4.70 | duty[%]: A=100.0 B=100.0 C=100.0 D=100.0
  46.64s  t=46514 | I[A]: A=2.82 B=2.99 C=1.53 D=4.67 | duty[%]: A=100.0 B=100.0 C=100.0 D=100.0
  46.84s  t=46714 | I[A]: A=2.83 B=3.00 C=1.52 D=4.70 | duty[%]: A=100.0 B=100.0 C=100.0 D=100.0
  47.05s  t=46915 | I[A]: A=2.87 B=3.03 C=1.55 D=5.03 | duty[%]: A=100.0 B=100.0 C=100.0 D=100.0
  47.25s  t=47116 | I[A]: A=2.82 B=3.00 C=1.54 D=4.67 | duty[%]: A=100.0 B=100.0 C=100.0 D=100.0
  47.45s  t=47316 | I[A]: A=2.83 B=2.95 C=1.55 D=4.75 | duty[%]: A=100.0 B=100.0 C=100.0 D=100.0
  47.64s  t=47517 | I[A]: A=2.90 B=3.08 C=1.54 D=4.68 | duty[%]: A=100.0 B=100.0 C=100.0 D=100.0
  47.85s  t=47718 | I[A]: A=2.86 B=2.98 C=1.57 D=4.79 | duty[%]: A=100.0 B=100.0 C=100.0 D=100.0
  48.05s  t=47919 | I[A]: A=2.84 B=3.03 C=1.53 D=4.66 | duty[%]: A=100.0 B=100.0 C=100.0 D=100.0
  48.25s  t=48120 | I[A]: A=2.88 B=3.02 C=1.59 D=4.74 | duty[%]: A=100.0 B=100.0 C=100.0 D=100.0
  48.45s  t=48320 | I[A]: A=2.93 B=3.02 C=1.56 D=4.86 | duty[%]: A=100.0 B=100.0 C=100.0 D=100.0
  48.66s  t=48521 | I[A]: A=2.80 B=2.96 C=1.53 D=4.71 | duty[%]: A=100.0 B=100.0 C=100.0 D=100.0
  48.86s  t=48722 | I[A]: A=2.91 B=3.06 C=1.53 D=4.76 | duty[%]: A=100.0 B=100.0 C=100.0 D=100.0
  49.05s  t=48923 | I[A]: A=2.87 B=2.96 C=1.53 D=4.73 | duty[%]: A=100.0 B=100.0 C=100.0 D=100.0
  49.25s  t=49123 | I[A]: A=2.84 B=2.97 C=1.56 D=4.72 | duty[%]: A=100.0 B=100.0 C=100.0 D=100.0
  49.45s  t=49323 | I[A]: A=2.87 B=2.98 C=1.56 D=4.74 | duty[%]: A=100.0 B=100.0 C=100.0 D=100.0
  49.66s  t=49524 | I[A]: A=2.86 B=3.07 C=1.52 D=4.68 | duty[%]: A=100.0 B=100.0 C=100.0 D=100.0
  49.86s  t=49725 | I[A]: A=2.87 B=3.04 C=1.54 D=4.73 | duty[%]: A=100.0 B=100.0 C=100.0 D=100.0
  50.05s  t=49925 | I[A]: A=2.91 B=3.02 C=1.56 D=4.85 | duty[%]: A=100.0 B=100.0 C=100.0 D=100.0
  50.25s  t=50126 | I[A]: A=2.81 B=2.98 C=1.52 D=4.68 | duty[%]: A=100.0 B=100.0 C=100.0 D=100.0
  50.46s  t=50327 | I[A]: A=2.90 B=3.03 C=1.55 D=4.75 | duty[%]: A=100.0 B=100.0 C=100.0 D=100.0
  50.66s  t=50528 | I[A]: A=2.86 B=2.98 C=1.56 D=4.71 | duty[%]: A=100.0 B=100.0 C=100.0 D=100.0
  50.86s  t=50728 | I[A]: A=2.87 B=3.00 C=1.56 D=4.73 | duty[%]: A=100.0 B=100.0 C=100.0 D=100.0
  51.06s  t=50929 | I[A]: A=2.83 B=2.99 C=1.53 D=4.68 | duty[%]: A=100.0 B=100.0 C=100.0 D=100.0
  51.26s  t=51130 | I[A]: A=2.88 B=3.02 C=1.59 D=4.83 | duty[%]: A=100.0 B=100.0 C=100.0 D=100.0
  51.46s  t=51331 | I[A]: A=2.82 B=3.00 C=1.54 D=4.65 | duty[%]: A=100.0 B=100.0 C=100.0 D=100.0
  51.66s  t=51531 | I[A]: A=2.85 B=2.98 C=1.53 D=4.80 | duty[%]: A=100.0 B=100.0 C=100.0 D=100.0
  51.86s  t=51731 | I[A]: A=2.79 B=2.98 C=1.52 D=4.67 | duty[%]: A=100.0 B=100.0 C=100.0 D=100.0
  52.07s  t=51932 | I[A]: A=2.91 B=3.02 C=1.56 D=4.77 | duty[%]: A=100.0 B=100.0 C=100.0 D=100.0
  52.26s  t=52132 | I[A]: A=2.83 B=3.08 C=1.51 D=4.68 | duty[%]: A=100.0 B=100.0 C=100.0 D=100.0
  52.46s  t=52333 | I[A]: A=2.84 B=2.97 C=1.56 D=4.77 | duty[%]: A=100.0 B=100.0 C=100.0 D=100.0
  52.67s  t=52534 | I[A]: A=2.85 B=3.01 C=1.53 D=4.67 | duty[%]: A=100.0 B=100.0 C=100.0 D=100.0
  52.87s  t=52735 | I[A]: A=2.86 B=3.04 C=1.58 D=4.70 | duty[%]: A=100.0 B=100.0 C=100.0 D=100.0
  53.06s  t=52935 | I[A]: A=2.89 B=3.02 C=1.54 D=4.79 | duty[%]: A=100.0 B=100.0 C=100.0 D=100.0
  53.27s  t=53136 | I[A]: A=2.82 B=2.99 C=1.54 D=4.70 | duty[%]: A=100.0 B=100.0 C=100.0 D=100.0
  53.47s  t=53337 | I[A]: A=2.91 B=3.06 C=1.51 D=4.76 | duty[%]: A=100.0 B=100.0 C=100.0 D=100.0
  53.67s  t=53538 | I[A]: A=2.86 B=2.94 C=1.55 D=4.78 | duty[%]: A=100.0 B=100.0 C=100.0 D=100.0
  53.86s  t=53738 | I[A]: A=2.88 B=2.99 C=1.54 D=4.70 | duty[%]: A=100.0 B=100.0 C=100.0 D=100.0
  54.07s  t=53939 | I[A]: A=2.82 B=2.99 C=1.51 D=4.69 | duty[%]: A=100.0 B=100.0 C=100.0 D=100.0
  54.27s  t=54139 | I[A]: A=2.84 B=3.01 C=1.52 D=4.62 | duty[%]: A=100.0 B=100.0 C=100.0 D=100.0
  54.47s  t=54339 | I[A]: A=2.83 B=3.05 C=1.51 D=4.60 | duty[%]: A=100.0 B=100.0 C=100.0 D=100.0
  54.67s  t=54539 | I[A]: A=2.79 B=3.00 C=1.53 D=4.84 | duty[%]: A=100.0 B=100.0 C=100.0 D=100.0
  54.87s  t=54740 | I[A]: A=2.84 B=3.01 C=1.55 D=4.77 | duty[%]: A=100.0 B=100.0 C=100.0 D=100.0
  55.07s  t=54941 | I[A]: A=2.81 B=3.01 C=1.51 D=4.61 | duty[%]: A=100.0 B=100.0 C=100.0 D=100.0
  55.27s  t=55141 | I[A]: A=2.83 B=2.96 C=1.55 D=4.63 | duty[%]: A=100.0 B=100.0 C=100.0 D=100.0
  55.48s  t=55342 | I[A]: A=2.88 B=3.07 C=1.52 D=4.65 | duty[%]: A=100.0 B=100.0 C=100.0 D=100.0
  55.67s  t=55543 | I[A]: A=2.85 B=2.93 C=1.55 D=4.72 | duty[%]: A=100.0 B=100.0 C=100.0 D=100.0
  55.87s  t=55744 | I[A]: A=2.85 B=3.03 C=1.51 D=4.65 | duty[%]: A=100.0 B=100.0 C=100.0 D=100.0
  56.08s  t=55944 | I[A]: A=2.80 B=2.98 C=1.52 D=4.63 | duty[%]: A=100.0 B=100.0 C=100.0 D=100.0
  56.28s  t=56145 | I[A]: A=2.88 B=3.01 C=1.58 D=4.78 | duty[%]: A=100.0 B=100.0 C=100.0 D=100.0
  56.48s  t=56346 | I[A]: A=2.78 B=2.94 C=1.52 D=4.65 | duty[%]: A=100.0 B=100.0 C=100.0 D=100.0
  56.67s  t=56546 | I[A]: A=2.83 B=2.93 C=1.50 D=4.65 | duty[%]: A=79.8 B=90.4 C=94.1 D=84.3
  56.88s  t=56746 | I[A]: A=2.76 B=2.97 C=1.54 D=4.56 | duty[%]: A=100.0 B=100.0 C=100.0 D=100.0
  57.08s  t=56946 | I[A]: A=2.80 B=2.96 C=1.55 D=4.62 | duty[%]: A=100.0 B=100.0 C=100.0 D=100.0
  57.27s  t=57147 | I[A]: A=2.89 B=3.04 C=1.54 D=4.72 | duty[%]: A=100.0 B=100.0 C=100.0 D=100.0
  57.48s  t=57347 | I[A]: A=2.85 B=3.07 C=1.53 D=4.61 | duty[%]: A=100.0 B=100.0 C=100.0 D=100.0
  57.68s  t=57548 | I[A]: A=2.83 B=2.98 C=1.55 D=4.73 | duty[%]: A=100.0 B=100.0 C=100.0 D=100.0
  57.88s  t=57748 | I[A]: A=2.85 B=2.99 C=1.57 D=4.66 | duty[%]: A=100.0 B=100.0 C=100.0 D=100.0
  58.07s  t=57949 | I[A]: A=2.81 B=3.00 C=1.52 D=4.60 | duty[%]: A=100.0 B=100.0 C=100.0 D=100.0
  58.28s  t=58150 | I[A]: A=2.84 B=2.99 C=1.58 D=4.76 | duty[%]: A=100.0 B=100.0 C=100.0 D=100.0
  58.48s  t=58351 | I[A]: A=2.80 B=2.98 C=1.53 D=4.60 | duty[%]: A=100.0 B=100.0 C=100.0 D=100.0
  58.68s  t=58551 | I[A]: A=2.82 B=2.92 C=1.55 D=4.68 | duty[%]: A=100.0 B=100.0 C=100.0 D=100.0
  58.88s  t=58752 | I[A]: A=2.85 B=3.04 C=1.54 D=4.65 | duty[%]: A=100.0 B=100.0 C=100.0 D=100.0
  59.09s  t=58953 | I[A]: A=2.83 B=2.99 C=1.55 D=4.73 | duty[%]: A=100.0 B=100.0 C=100.0 D=100.0
  59.28s  t=59153 | I[A]: A=1.82 B=2.37 C=1.50 D=3.18 | duty[%]: A=68.3 B=75.9 C=85.2 D=65.3
  59.48s  t=59353 | I[A]: A=1.20 B=1.52 C=1.14 D=1.64 | duty[%]: A=54.5 B=58.4 C=72.9 D=44.7
  59.69s  t=59553 | I[A]: A=0.79 B=0.97 C=0.86 D=0.85 | duty[%]: A=45.5 B=47.5 C=63.5 D=33.8
  59.89s  t=59753 | I[A]: A=0.52 B=0.61 C=0.64 D=0.51 | duty[%]: A=39.8 B=40.6 C=56.6 D=27.8
  60.08s  t=59954 | I[A]: A=0.37 B=0.41 C=0.44 D=0.25 | duty[%]: A=35.7 B=36.0 C=51.8 D=24.7
  60.28s  t=60155 | I[A]: A=0.22 B=0.27 C=0.32 D=0.14 | duty[%]: A=33.2 B=33.1 C=48.3 D=23.0
  60.49s  t=60355 | I[A]: A=0.14 B=0.17 C=0.27 D=0.10 | duty[%]: A=31.6 B=31.2 C=45.6 D=22.0
  60.69s  t=60556 | I[A]: A=0.10 B=0.11 C=0.16 D=0.03 | duty[%]: A=30.6 B=30.1 C=43.8 D=21.5
  60.89s  t=60757 | I[A]: A=0.06 B=0.07 C=0.13 D=0.03 | duty[%]: A=29.9 B=29.3 C=42.4 D=21.1
  61.09s  t=60958 | I[A]: A=0.05 B=0.07 C=0.10 D=0.02 | duty[%]: A=29.3 B=28.7 C=41.3 D=20.8
  61.29s  t=61158 | I[A]: A=0.04 B=0.04 C=0.09 D=0.01 | duty[%]: A=28.9 B=28.1 C=40.5 D=20.6
  61.49s  t=61359 | I[A]: A=0.03 B=0.04 C=0.05 D=0.01 | duty[%]: A=28.6 B=27.7 C=39.8 D=20.5
  61.67s  tilt schedule complete -> DONE (coils latched OFF)
