   0.00s  ets Jul 29 2019 12:21:46
   0.00s  
   0.00s  rst:0x1 (POWERON_RESET),boot:0x13 (SPI_FAST_FLASH_BOOT)
   0.00s  configsip: 0, SPIWP:0xee
   0.00s  clk_drv:0x00,q_drv:0x00,d_drv:0x00,cs0_drv:0x00,hd_drv:0x00,wp_drv:0x00
   0.00s  mode:DIO, clock div:2
   0.00s  load:0x3fff0030,len:1184
   0.00s  load:0x40078000,len:13232
   0.00s  load:0x40080400,len:3028
   0.00s  entry 0x400805e4
   1.17s  main_tilt_pi: arming 3s (coils confirmed off, ADC zero recalibrating), then autonomously running the tilt schedule with PI compensation -- NO e-stop listener, only the overcurrent trip or power-cycle stop it early
   4.16s  ARMED -> running tilt schedule
   4.17s  t=4033 | carrier=100% ref=1.50A | I[A]: A=0.00 B=0.00 C=0.00 D=0.00 | duty[%]: A=8.6 B=8.6 C=8.6 D=8.6
   4.37s  t=4234 | carrier=100% ref=1.50A | I[A]: A=0.00 B=0.00 C=0.00 D=0.00 | duty[%]: A=23.4 B=23.4 C=23.4 D=23.4
   4.56s  t=4434 | carrier=100% ref=1.50A | I[A]: A=0.01 B=0.01 C=0.00 D=0.00 | duty[%]: A=38.2 B=38.3 C=38.4 D=38.4
   4.76s  t=4634 | carrier=100% ref=1.50A | I[A]: A=0.00 B=0.00 C=0.02 D=0.02 | duty[%]: A=53.2 B=53.3 C=53.3 D=53.2
   4.97s  t=4834 | carrier=100% ref=1.50A | I[A]: A=0.03 B=0.04 C=0.00 D=0.00 | duty[%]: A=68.0 B=68.1 C=68.3 D=68.3
   5.17s  t=5035 | carrier=100% ref=1.50A | I[A]: A=0.00 B=0.00 C=0.02 D=0.02 | duty[%]: A=83.1 B=83.1 C=83.0 D=83.0
   5.37s  t=5235 | carrier=100% ref=1.50A | I[A]: A=0.01 B=0.01 C=0.00 D=0.00 | duty[%]: A=97.8 B=97.8 C=98.0 D=98.0
   5.57s  t=5436 | carrier=100% ref=1.50A | I[A]: A=0.03 B=0.04 C=0.00 D=0.00 | duty[%]: A=100.0 B=100.0 C=100.0 D=100.0
   5.77s  t=5637 | carrier=100% ref=1.50A | I[A]: A=0.05 B=0.05 C=0.01 D=0.01 | duty[%]: A=100.0 B=100.0 C=100.0 D=100.0
   5.97s  t=5837 | carrier=100% ref=1.50A | I[A]: A=0.03 B=0.04 C=0.01 D=0.01 | duty[%]: A=100.0 B=100.0 C=100.0 D=100.0
   6.17s  t=6038 | carrier=100% ref=1.50A | I[A]: A=0.02 B=0.02 C=0.08 D=0.09 | duty[%]: A=100.0 B=100.0 C=100.0 D=100.0
   6.37s  t=6239 | carrier=100% ref=1.50A | I[A]: A=0.08 B=0.09 C=0.02 D=0.03 | duty[%]: A=100.0 B=100.0 C=100.0 D=100.0
   6.58s  t=6440 | carrier=100% ref=1.50A | I[A]: A=0.02 B=0.02 C=0.06 D=0.06 | duty[%]: A=100.0 B=100.0 C=100.0 D=100.0
   6.78s  t=6641 | carrier=100% ref=1.50A | I[A]: A=0.03 B=0.02 C=0.08 D=0.07 | duty[%]: A=100.0 B=100.0 C=100.0 D=100.0
   6.97s  t=6842 | carrier=100% ref=1.50A | I[A]: A=0.13 B=0.13 C=0.06 D=0.05 | duty[%]: A=100.0 B=100.0 C=100.0 D=100.0
   7.18s  t=7042 | carrier=100% ref=1.50A | I[A]: A=0.06 B=0.07 C=0.15 D=0.13 | duty[%]: A=100.0 B=100.0 C=100.0 D=100.0
   7.38s  t=7242 | carrier=100% ref=1.50A | I[A]: A=0.10 B=0.10 C=0.05 D=0.05 | duty[%]: A=100.0 B=100.0 C=100.0 D=100.0
   7.58s  t=7443 | carrier=100% ref=1.50A | I[A]: A=0.11 B=0.11 C=0.05 D=0.06 | duty[%]: A=100.0 B=100.0 C=100.0 D=100.0
   7.77s  t=7644 | carrier=100% ref=1.50A | I[A]: A=0.07 B=0.06 C=0.13 D=0.14 | duty[%]: A=100.0 B=100.0 C=100.0 D=100.0
   7.98s  t=7845 | carrier=100% ref=1.50A | I[A]: A=0.11 B=0.12 C=0.19 D=0.18 | duty[%]: A=100.0 B=100.0 C=100.0 D=100.0
   8.18s  t=8046 | carrier=100% ref=1.50A | I[A]: A=0.11 B=0.11 C=0.20 D=0.18 | duty[%]: A=100.0 B=100.0 C=100.0 D=100.0
   8.38s  t=8247 | carrier=100% ref=1.50A | I[A]: A=0.20 B=0.21 C=0.13 D=0.10 | duty[%]: A=100.0 B=100.0 C=100.0 D=100.0
   8.58s  t=8447 | carrier=100% ref=1.50A | I[A]: A=0.24 B=0.24 C=0.15 D=0.16 | duty[%]: A=100.0 B=100.0 C=100.0 D=100.0
   8.78s  t=8648 | carrier=100% ref=1.50A | I[A]: A=0.19 B=0.22 C=0.14 D=0.15 | duty[%]: A=100.0 B=100.0 C=100.0 D=100.0
   8.98s  t=8849 | carrier=100% ref=1.50A | I[A]: A=0.15 B=0.15 C=0.19 D=0.19 | duty[%]: A=100.0 B=100.0 C=100.0 D=100.0
   9.18s  t=9050 | carrier=100% ref=1.50A | I[A]: A=0.27 B=0.28 C=0.20 D=0.20 | duty[%]: A=100.0 B=100.0 C=100.0 D=100.0
   9.39s  t=9250 | carrier=100% ref=1.50A | I[A]: A=0.23 B=0.22 C=0.31 D=0.29 | duty[%]: A=100.0 B=100.0 C=100.0 D=100.0
   9.58s  t=9451 | carrier=100% ref=1.50A | I[A]: A=0.21 B=0.22 C=0.30 D=0.29 | duty[%]: A=100.0 B=100.0 C=100.0 D=100.0
   9.78s  t=9652 | carrier=100% ref=1.50A | I[A]: A=0.32 B=0.33 C=0.23 D=0.26 | duty[%]: A=100.0 B=100.0 C=100.0 D=100.0
   9.98s  t=9852 | carrier=100% ref=1.50A | I[A]: A=0.33 B=0.35 C=0.27 D=0.27 | duty[%]: A=100.0 B=100.0 C=100.0 D=100.0
  10.19s  t=10053 | carrier=100% ref=1.50A | I[A]: A=0.28 B=0.30 C=0.38 D=0.35 | duty[%]: A=100.0 B=100.0 C=100.0 D=100.0
  10.39s  t=10254 | carrier=100% ref=1.50A | I[A]: A=0.33 B=0.32 C=0.40 D=0.31 | duty[%]: A=100.0 B=100.0 C=100.0 D=100.0
  10.58s  t=10455 | carrier=100% ref=1.50A | I[A]: A=0.40 B=0.41 C=0.35 D=0.29 | duty[%]: A=100.0 B=100.0 C=100.0 D=100.0
  10.79s  t=10656 | carrier=100% ref=1.50A | I[A]: A=0.43 B=0.40 C=0.35 D=0.31 | duty[%]: A=100.0 B=100.0 C=100.0 D=100.0
  10.99s  t=10857 | carrier=100% ref=1.50A | I[A]: A=0.34 B=0.34 C=0.41 D=0.39 | duty[%]: A=100.0 B=100.0 C=100.0 D=100.0
  11.19s  t=11057 | carrier=100% ref=1.50A | I[A]: A=0.35 B=0.34 C=0.42 D=0.43 | duty[%]: A=100.0 B=100.0 C=100.0 D=100.0
  11.39s  t=11258 | carrier=100% ref=1.50A | I[A]: A=0.40 B=0.42 C=0.46 D=0.51 | duty[%]: A=100.0 B=100.0 C=100.0 D=100.0
  11.59s  t=11458 | carrier=100% ref=1.50A | I[A]: A=0.39 B=0.38 C=0.44 D=0.54 | duty[%]: A=100.0 B=100.0 C=100.0 D=100.0
  11.79s  t=11659 | carrier=100% ref=1.50A | I[A]: A=0.41 B=0.43 C=0.45 D=0.56 | duty[%]: A=100.0 B=100.0 C=100.0 D=100.0
  12.00s  t=11859 | carrier=100% ref=1.50A | I[A]: A=0.52 B=0.50 C=0.41 D=0.49 | duty[%]: A=100.0 B=100.0 C=100.0 D=100.0
  12.20s  t=12060 | carrier=100% ref=1.50A | I[A]: A=0.49 B=0.50 C=0.42 D=0.57 | duty[%]: A=100.0 B=100.0 C=100.0 D=100.0
  12.39s  t=12261 | carrier=100% ref=1.50A | I[A]: A=0.54 B=0.58 C=0.45 D=0.53 | duty[%]: A=100.0 B=100.0 C=100.0 D=100.0
  12.59s  t=12462 | carrier=100% ref=1.50A | I[A]: A=0.54 B=0.54 C=0.53 D=0.59 | duty[%]: A=100.0 B=100.0 C=100.0 D=100.0
  12.80s  t=12662 | carrier=100% ref=1.50A | I[A]: A=0.53 B=0.57 C=0.62 D=0.63 | duty[%]: A=100.0 B=100.0 C=100.0 D=100.0
  13.00s  t=12862 | carrier=100% ref=1.50A | I[A]: A=0.61 B=0.65 C=0.58 D=0.54 | duty[%]: A=100.0 B=100.0 C=100.0 D=100.0
  13.19s  t=13063 | carrier=100% ref=1.50A | I[A]: A=0.60 B=0.61 C=0.70 D=0.61 | duty[%]: A=100.0 B=100.0 C=100.0 D=100.0
  13.39s  t=13263 | carrier=100% ref=1.50A | I[A]: A=0.65 B=0.65 C=0.82 D=0.65 | duty[%]: A=100.0 B=100.0 C=100.0 D=100.0
  13.60s  t=13463 | carrier=100% ref=1.50A | I[A]: A=0.69 B=0.70 C=0.74 D=0.54 | duty[%]: A=100.0 B=100.0 C=100.0 D=100.0
  13.80s  t=13664 | carrier=100% ref=1.50A | I[A]: A=0.64 B=0.69 C=0.95 D=0.63 | duty[%]: A=100.0 B=100.0 C=100.0 D=100.0
  14.00s  t=13864 | carrier=100% ref=1.50A | I[A]: A=0.68 B=0.70 C=1.00 D=0.61 | duty[%]: A=100.0 B=100.0 C=100.0 D=100.0
  14.19s  t=14064 | carrier=100% ref=1.50A | I[A]: A=0.75 B=0.74 C=1.08 D=0.59 | duty[%]: A=100.0 B=100.0 C=100.0 D=100.0
  14.40s  t=14264 | carrier=100% ref=1.50A | I[A]: A=0.70 B=0.69 C=1.00 D=0.59 | duty[%]: A=100.0 B=100.0 C=100.0 D=100.0
  14.60s  t=14464 | carrier=100% ref=1.50A | I[A]: A=0.79 B=0.82 C=1.02 D=0.58 | duty[%]: A=100.0 B=100.0 C=100.0 D=100.0
  14.80s  t=14664 | carrier=100% ref=1.50A | I[A]: A=0.80 B=0.82 C=1.03 D=0.61 | duty[%]: A=100.0 B=100.0 C=100.0 D=100.0
  15.00s  t=14865 | carrier=100% ref=1.50A | I[A]: A=0.71 B=0.73 C=1.06 D=0.62 | duty[%]: A=100.0 B=100.0 C=100.0 D=100.0
  15.19s  t=15066 | carrier=100% ref=1.50A | I[A]: A=0.80 B=0.82 C=0.99 D=0.57 | duty[%]: A=100.0 B=100.0 C=100.0 D=100.0
  15.40s  t=15267 | carrier=100% ref=1.50A | I[A]: A=0.82 B=0.82 C=1.10 D=0.68 | duty[%]: A=100.0 B=100.0 C=100.0 D=100.0
  15.60s  t=15467 | carrier=100% ref=1.50A | I[A]: A=0.81 B=0.86 C=0.92 D=0.60 | duty[%]: A=100.0 B=100.0 C=100.0 D=100.0
  15.80s  t=15668 | carrier=100% ref=1.50A | I[A]: A=0.76 B=0.85 C=0.93 D=0.63 | duty[%]: A=100.0 B=100.0 C=100.0 D=100.0
  16.00s  t=15868 | carrier=100% ref=1.50A | I[A]: A=0.81 B=0.85 C=0.94 D=0.70 | duty[%]: A=100.0 B=100.0 C=100.0 D=100.0
  16.20s  t=16068 | carrier=100% ref=1.50A | I[A]: A=0.82 B=0.88 C=0.98 D=0.73 | duty[%]: A=100.0 B=100.0 C=100.0 D=100.0
  16.40s  t=16269 | carrier=100% ref=1.50A | I[A]: A=0.84 B=0.88 C=0.96 D=0.73 | duty[%]: A=100.0 B=100.0 C=100.0 D=100.0
  16.60s  t=16469 | carrier=100% ref=1.50A | I[A]: A=0.90 B=0.92 C=0.89 D=0.70 | duty[%]: A=100.0 B=100.0 C=100.0 D=100.0
  16.80s  t=16670 | carrier=100% ref=1.50A | I[A]: A=0.83 B=0.90 C=0.95 D=0.78 | duty[%]: A=100.0 B=100.0 C=100.0 D=100.0
  17.01s  t=16870 | carrier=100% ref=1.50A | I[A]: A=0.84 B=0.80 C=0.97 D=0.84 | duty[%]: A=100.0 B=100.0 C=100.0 D=100.0
  17.20s  t=17071 | carrier=100% ref=1.50A | I[A]: A=0.97 B=1.01 C=0.93 D=0.81 | duty[%]: A=100.0 B=100.0 C=100.0 D=100.0
  17.40s  t=17272 | carrier=100% ref=1.50A | I[A]: A=0.94 B=1.03 C=0.96 D=0.87 | duty[%]: A=100.0 B=100.0 C=100.0 D=100.0
  17.61s  t=17472 | carrier=100% ref=1.50A | I[A]: A=0.97 B=1.02 C=1.01 D=0.95 | duty[%]: A=100.0 B=100.0 C=100.0 D=100.0
  17.81s  t=17672 | carrier=100% ref=1.50A | I[A]: A=0.97 B=1.07 C=1.01 D=0.98 | duty[%]: A=100.0 B=100.0 C=100.0 D=100.0
  18.01s  t=17872 | carrier=100% ref=1.50A | I[A]: A=1.07 B=1.16 C=1.02 D=1.00 | duty[%]: A=100.0 B=100.0 C=100.0 D=100.0
  18.20s  t=18072 | carrier=100% ref=1.50A | I[A]: A=1.15 B=1.15 C=1.02 D=1.05 | duty[%]: A=100.0 B=100.0 C=100.0 D=100.0
  18.41s  t=18273 | carrier=100% ref=1.50A | I[A]: A=1.09 B=1.17 C=1.12 D=1.14 | duty[%]: A=100.0 B=100.0 C=100.0 D=100.0
  18.61s  t=18474 | carrier=100% ref=1.50A | I[A]: A=1.15 B=1.24 C=1.20 D=1.25 | duty[%]: A=100.0 B=100.0 C=100.0 D=100.0
  18.81s  t=18674 | carrier=100% ref=1.50A | I[A]: A=1.18 B=1.31 C=1.18 D=1.31 | duty[%]: A=100.0 B=100.0 C=100.0 D=100.0
  19.01s  t=18874 | carrier=100% ref=1.50A | I[A]: A=1.33 B=1.43 C=1.22 D=1.35 | duty[%]: A=100.0 B=100.0 C=100.0 D=100.0
  19.21s  t=19075 | carrier=100% ref=1.50A | I[A]: A=1.37 B=1.44 C=1.27 D=1.44 | duty[%]: A=100.0 B=100.0 C=100.0 D=100.0
  19.41s  t=19275 | carrier=100% ref=1.50A | I[A]: A=1.35 B=1.39 C=1.37 D=1.44 | duty[%]: A=100.0 B=100.0 C=100.0 D=100.0
  19.60s  t=19476 | carrier=100% ref=1.50A | I[A]: A=1.38 B=1.45 C=1.43 D=1.62 | duty[%]: A=100.0 B=100.0 C=100.0 D=99.2
  19.81s  t=19676 | carrier=100% ref=1.50A | I[A]: A=1.53 B=1.69 C=1.46 D=1.70 | duty[%]: A=99.7 B=98.4 C=100.0 D=97.1
  20.01s  t=19876 | carrier=100% ref=1.50A | I[A]: A=1.66 B=1.80 C=1.50 D=1.76 | duty[%]: A=98.6 B=96.0 C=99.6 D=94.0
  20.20s  t=20076 | carrier=100% ref=1.50A | I[A]: A=1.64 B=1.76 C=1.57 D=1.84 | duty[%]: A=97.2 B=93.7 C=98.7 D=90.7
  20.41s  t=20276 | carrier=100% ref=1.50A | I[A]: A=1.74 B=1.76 C=1.69 D=1.90 | duty[%]: A=95.0 B=90.9 C=97.0 D=86.6
  20.61s  t=20476 | carrier=100% ref=1.50A | I[A]: A=1.81 B=1.88 C=1.65 D=1.91 | duty[%]: A=92.0 B=87.4 C=95.5 D=82.2
  20.81s  t=20676 | carrier=100% ref=1.50A | I[A]: A=1.84 B=1.84 C=1.70 D=1.98 | duty[%]: A=89.1 B=84.5 C=93.6 D=77.8
  21.00s  t=20876 | carrier=100% ref=1.50A | I[A]: A=1.85 B=1.85 C=1.71 D=2.03 | duty[%]: A=85.7 B=80.9 C=91.7 D=73.1
  21.21s  t=21076 | carrier=100% ref=1.50A | I[A]: A=1.81 B=1.86 C=1.69 D=2.01 | duty[%]: A=82.5 B=77.4 C=89.4 D=68.6
  21.41s  t=21276 | carrier=100% ref=1.50A | I[A]: A=1.76 B=1.75 C=1.69 D=1.93 | duty[%]: A=79.8 B=74.4 C=87.4 D=64.3
  21.61s  t=21476 | carrier=100% ref=1.50A | I[A]: A=1.85 B=1.88 C=1.73 D=1.88 | duty[%]: A=76.8 B=71.2 C=84.8 D=60.0
  21.81s  t=21676 | carrier=100% ref=1.50A | I[A]: A=1.80 B=1.78 C=1.71 D=1.89 | duty[%]: A=73.7 B=68.4 C=82.8 D=56.5
  22.01s  t=21876 | carrier=100% ref=1.50A | I[A]: A=1.83 B=1.75 C=1.61 D=1.86 | duty[%]: A=70.7 B=65.9 C=81.3 D=53.1
  22.20s  t=22076 | carrier=100% ref=1.50A | I[A]: A=1.70 B=1.70 C=1.60 D=1.74 | duty[%]: A=68.5 B=63.8 C=80.2 D=50.5
  22.41s  t=22276 | carrier=100% ref=1.50A | I[A]: A=1.72 B=1.67 C=1.66 D=1.82 | duty[%]: A=66.6 B=62.1 C=78.7 D=47.8
  22.61s  t=22476 | carrier=100% ref=1.50A | I[A]: A=1.63 B=1.59 C=1.62 D=1.74 | duty[%]: A=64.7 B=60.5 C=77.5 D=45.4
  22.81s  t=22676 | carrier=100% ref=1.50A | I[A]: A=1.63 B=1.56 C=1.59 D=1.68 | duty[%]: A=62.9 B=59.6 C=76.7 D=43.5
  23.01s  t=22876 | carrier=100% ref=1.50A | I[A]: A=1.64 B=1.63 C=1.62 D=1.72 | duty[%]: A=61.5 B=58.3 C=75.6 D=41.5
  23.20s  t=23076 | carrier=100% ref=1.50A | I[A]: A=1.59 B=1.55 C=1.57 D=1.60 | duty[%]: A=60.1 B=57.2 C=74.9 D=40.5
  23.41s  t=23277 | carrier=100% ref=1.50A | I[A]: A=1.58 B=1.58 C=1.58 D=1.64 | duty[%]: A=59.4 B=56.6 C=74.0 D=39.4
  23.61s  t=23477 | carrier=100% ref=1.50A | I[A]: A=1.59 B=1.54 C=1.56 D=1.61 | duty[%]: A=58.4 B=55.7 C=73.5 D=38.6
  23.81s  t=23677 | carrier=100% ref=1.50A | I[A]: A=1.59 B=1.57 C=1.52 D=1.55 | duty[%]: A=57.6 B=54.9 C=73.2 D=37.9
  24.01s  t=23877 | carrier=100% ref=1.50A | I[A]: A=1.59 B=1.56 C=1.58 D=1.59 | duty[%]: A=56.9 B=54.5 C=72.7 D=37.2
  24.21s  t=24077 | carrier=100% ref=1.50A | I[A]: A=1.60 B=1.57 C=1.59 D=1.59 | duty[%]: A=56.0 B=53.9 C=72.3 D=36.4
  24.41s  t=24277 | carrier=100% ref=1.50A | I[A]: A=1.54 B=1.54 C=1.51 D=1.60 | duty[%]: A=55.4 B=53.4 C=72.2 D=35.6
  24.61s  t=24478 | carrier=100% ref=1.50A | I[A]: A=1.58 B=1.51 C=1.44 D=1.59 | duty[%]: A=54.9 B=53.1 C=72.0 D=35.3
  24.81s  t=24678 | carrier=100% ref=1.50A | I[A]: A=1.40 B=1.58 C=1.55 D=1.54 | duty[%]: A=55.1 B=52.4 C=71.9 D=35.0
  25.01s  t=24878 | carrier=100% ref=1.50A | I[A]: A=1.64 B=1.58 C=1.31 D=1.60 | duty[%]: A=53.7 B=51.8 C=73.6 D=33.8
  25.21s  t=25078 | carrier=100% ref=1.50A | I[A]: A=1.58 B=1.52 C=1.54 D=1.54 | duty[%]: A=53.3 B=51.3 C=73.4 D=33.3
  25.41s  t=25279 | carrier=100% ref=1.50A | I[A]: A=1.50 B=1.48 C=1.59 D=1.54 | duty[%]: A=53.2 B=51.4 C=72.6 D=33.0
  25.62s  t=25479 | carrier=100% ref=1.50A | I[A]: A=1.54 B=1.49 C=1.50 D=1.55 | duty[%]: A=53.2 B=51.1 C=72.4 D=32.5
  25.81s  t=25679 | carrier=100% ref=1.50A | I[A]: A=1.50 B=1.47 C=1.49 D=1.50 | duty[%]: A=53.2 B=51.0 C=72.5 D=32.7
  26.01s  t=25879 | carrier=100% ref=1.50A | I[A]: A=1.48 B=1.51 C=1.48 D=1.47 | duty[%]: A=53.2 B=51.0 C=72.3 D=32.8
  26.21s  t=26080 | carrier=100% ref=1.50A | I[A]: A=1.53 B=1.57 C=1.47 D=1.53 | duty[%]: A=53.1 B=50.8 C=72.6 D=32.7
  26.41s  t=26280 | carrier=100% ref=1.50A | I[A]: A=1.49 B=1.48 C=1.53 D=1.52 | duty[%]: A=53.1 B=50.8 C=72.6 D=32.6
  26.61s  t=26480 | carrier=100% ref=1.50A | I[A]: A=1.47 B=1.47 C=1.49 D=1.47 | duty[%]: A=53.2 B=51.1 C=72.6 D=32.8
  26.81s  t=26680 | carrier=100% ref=1.50A | I[A]: A=1.51 B=1.54 C=1.49 D=1.51 | duty[%]: A=53.3 B=51.1 C=72.9 D=32.7
  27.01s  t=26880 | carrier=100% ref=1.50A | I[A]: A=1.49 B=1.45 C=1.53 D=1.50 | duty[%]: A=53.2 B=51.5 C=73.0 D=32.7
  27.22s  t=27081 | carrier=100% ref=1.50A | I[A]: A=1.47 B=1.46 C=1.47 D=1.47 | duty[%]: A=53.1 B=51.4 C=73.2 D=32.7
  27.42s  t=27281 | carrier=100% ref=1.50A | I[A]: A=1.48 B=1.54 C=1.43 D=1.43 | duty[%]: A=53.3 B=51.2 C=73.4 D=33.0
  27.62s  t=27482 | carrier=100% ref=1.50A | I[A]: A=1.49 B=1.45 C=1.49 D=1.53 | duty[%]: A=53.6 B=51.6 C=73.7 D=33.0
  27.81s  t=27682 | carrier=100% ref=1.50A | I[A]: A=1.45 B=1.50 C=1.44 D=1.45 | duty[%]: A=53.8 B=51.5 C=74.1 D=33.1
  28.01s  t=27882 | carrier=100% ref=1.50A | I[A]: A=1.47 B=1.46 C=1.46 D=1.43 | duty[%]: A=54.0 B=51.8 C=74.4 D=33.5
  28.22s  t=28082 | carrier=100% ref=1.50A | I[A]: A=1.48 B=1.48 C=1.47 D=1.49 | duty[%]: A=54.2 B=51.9 C=74.7 D=33.8
  28.42s  t=28283 | carrier=100% ref=1.50A | I[A]: A=1.47 B=1.47 C=1.47 D=1.45 | duty[%]: A=54.1 B=51.9 C=75.0 D=34.0
  28.62s  t=28483 | carrier=100% ref=1.50A | I[A]: A=1.51 B=1.47 C=1.54 D=1.50 | duty[%]: A=54.3 B=52.1 C=75.1 D=34.2
  28.81s  t=28683 | carrier=100% ref=1.50A | I[A]: A=1.46 B=1.44 C=1.51 D=1.49 | duty[%]: A=54.4 B=52.5 C=75.1 D=34.3
  29.02s  t=28884 | carrier=100% ref=1.50A | I[A]: A=1.46 B=1.44 C=1.48 D=1.50 | duty[%]: A=54.5 B=52.7 C=75.3 D=34.5
  29.22s  t=29084 | carrier=100% ref=1.50A | I[A]: A=1.46 B=1.47 C=1.42 D=1.48 | duty[%]: A=54.7 B=53.1 C=75.9 D=34.8
  29.42s  t=29285 | carrier=100% ref=1.50A | I[A]: A=1.53 B=1.49 C=1.52 D=1.46 | duty[%]: A=54.6 B=53.6 C=76.0 D=35.3
  29.62s  t=29485 | carrier=100% ref=1.50A | I[A]: A=1.48 B=1.50 C=1.46 D=1.43 | duty[%]: A=54.8 B=53.4 C=76.5 D=35.6
  29.82s  t=29685 | carrier=100% ref=1.50A | I[A]: A=1.46 B=1.56 C=1.41 D=1.45 | duty[%]: A=55.3 B=53.3 C=77.2 D=36.0
  30.02s  t=29886 | carrier=100% ref=1.50A | I[A]: A=1.50 B=1.50 C=1.54 D=1.51 | duty[%]: A=55.6 B=53.4 C=77.3 D=36.2
  30.21s  t=30086 | carrier=100% ref=1.50A | I[A]: A=1.50 B=1.50 C=1.50 D=1.54 | duty[%]: A=55.6 B=53.4 C=77.3 D=36.0
  30.42s  t=30286 | carrier=100% ref=1.50A | I[A]: A=1.43 B=1.39 C=1.50 D=1.46 | duty[%]: A=56.0 B=54.1 C=77.6 D=36.5
  30.62s  t=30486 | carrier=100% ref=1.50A | I[A]: A=1.49 B=1.50 C=1.47 D=1.50 | duty[%]: A=56.3 B=54.3 C=77.8 D=36.9
  30.82s  t=30687 | carrier=100% ref=1.50A | I[A]: A=1.44 B=1.49 C=1.45 D=1.47 | duty[%]: A=56.6 B=54.4 C=78.4 D=37.2
  31.02s  t=30887 | carrier=100% ref=1.50A | I[A]: A=1.54 B=1.48 C=1.51 D=1.46 | duty[%]: A=56.7 B=54.7 C=78.8 D=37.6
  31.22s  t=31087 | carrier=100% ref=1.50A | I[A]: A=1.48 B=1.50 C=1.47 D=1.49 | duty[%]: A=56.9 B=54.7 C=79.3 D=37.8
  31.42s  t=31288 | carrier=100% ref=1.50A | I[A]: A=1.49 B=1.48 C=1.52 D=1.51 | duty[%]: A=57.2 B=55.0 C=79.6 D=38.1
  31.62s  t=31488 | carrier=100% ref=1.50A | I[A]: A=1.46 B=1.45 C=1.45 D=1.47 | duty[%]: A=57.6 B=55.2 C=79.7 D=38.2
  31.82s  t=31688 | carrier=100% ref=1.50A | I[A]: A=1.46 B=1.48 C=1.48 D=1.52 | duty[%]: A=57.9 B=55.6 C=79.9 D=38.3
  32.02s  t=31889 | carrier=100% ref=1.50A | I[A]: A=1.50 B=1.49 C=1.46 D=1.48 | duty[%]: A=58.2 B=55.7 C=80.3 D=38.9
  32.22s  t=32089 | carrier=100% ref=1.50A | I[A]: A=1.51 B=1.49 C=1.47 D=1.43 | duty[%]: A=58.2 B=55.8 C=80.7 D=39.1
  32.42s  t=32289 | carrier=100% ref=1.50A | I[A]: A=1.50 B=1.51 C=1.50 D=1.47 | duty[%]: A=58.3 B=55.7 C=80.8 D=39.1
  32.63s  t=32490 | carrier=100% ref=1.50A | I[A]: A=1.46 B=1.53 C=1.48 D=1.51 | duty[%]: A=58.4 B=55.9 C=81.0 D=39.0
  32.82s  t=32690 | carrier=100% ref=1.50A | I[A]: A=1.50 B=1.45 C=1.52 D=1.50 | duty[%]: A=58.6 B=56.3 C=81.3 D=39.2
  33.02s  t=32890 | carrier=100% ref=1.50A | I[A]: A=1.50 B=1.50 C=1.47 D=1.45 | duty[%]: A=58.5 B=56.3 C=81.1 D=39.3
  33.23s  t=33091 | carrier=100% ref=1.50A | I[A]: A=1.54 B=1.52 C=1.48 D=1.52 | duty[%]: A=58.4 B=56.3 C=81.3 D=39.1
  33.43s  t=33291 | carrier=100% ref=1.50A | I[A]: A=1.46 B=1.46 C=1.48 D=1.51 | duty[%]: A=58.8 B=56.4 C=81.6 D=39.1
  33.62s  t=33491 | carrier=100% ref=1.50A | I[A]: A=1.47 B=1.45 C=1.51 D=1.45 | duty[%]: A=59.0 B=56.7 C=81.7 D=39.6
  33.82s  t=33692 | carrier=100% ref=1.50A | I[A]: A=1.55 B=1.48 C=1.50 D=1.57 | duty[%]: A=59.0 B=57.1 C=81.7 D=39.4
  34.03s  t=33892 | carrier=100% ref=1.50A | I[A]: A=1.51 B=1.52 C=1.49 D=1.46 | duty[%]: A=59.1 B=57.0 C=81.8 D=40.0
  34.23s  t=34093 | carrier=100% ref=1.50A | I[A]: A=1.49 B=1.48 C=1.51 D=1.54 | duty[%]: A=59.2 B=57.1 C=81.8 D=40.1
  34.42s  t=34293 | carrier=100% ref=1.50A | I[A]: A=1.51 B=1.48 C=1.55 D=1.53 | duty[%]: A=59.3 B=57.3 C=81.8 D=39.9
  34.62s  t=34494 | carrier=100% ref=1.50A | I[A]: A=1.49 B=1.50 C=1.47 D=1.49 | duty[%]: A=59.3 B=57.2 C=82.0 D=40.0
  34.83s  t=34695 | carrier=100% ref=1.50A | I[A]: A=1.52 B=1.51 C=1.56 D=1.57 | duty[%]: A=59.4 B=57.2 C=82.0 D=39.9
  35.03s  t=34895 | carrier=100% ref=1.50A | I[A]: A=1.53 B=1.51 C=1.50 D=1.54 | duty[%]: A=59.2 B=57.0 C=82.0 D=39.7
  35.23s  t=35096 | carrier=100% ref=1.50A | I[A]: A=1.48 B=1.47 C=1.51 D=1.49 | duty[%]: A=59.2 B=56.7 C=82.0 D=40.0
  35.43s  t=35297 | carrier=100% ref=1.50A | I[A]: A=1.51 B=1.53 C=1.49 D=1.53 | duty[%]: A=59.4 B=56.9 C=82.0 D=39.8
  35.63s  t=35497 | carrier=100% ref=1.50A | I[A]: A=1.50 B=1.50 C=1.49 D=1.50 | duty[%]: A=59.5 B=56.9 C=82.0 D=39.9
  35.83s  t=35698 | carrier=100% ref=1.50A | I[A]: A=1.51 B=1.48 C=1.54 D=1.53 | duty[%]: A=59.5 B=56.9 C=82.0 D=40.1
  36.03s  t=35899 | carrier=100% ref=1.50A | I[A]: A=1.46 B=1.53 C=1.47 D=1.48 | duty[%]: A=59.7 B=56.9 C=82.0 D=40.2
  36.24s  t=36099 | carrier=100% ref=1.50A | I[A]: A=1.48 B=1.49 C=1.50 D=1.44 | duty[%]: A=59.8 B=57.0 C=82.2 D=40.4
  36.43s  t=36300 | carrier=100% ref=1.50A | I[A]: A=1.55 B=1.50 C=1.52 D=1.53 | duty[%]: A=59.6 B=57.2 C=82.1 D=40.4
  36.63s  t=36501 | carrier=100% ref=1.50A | I[A]: A=1.47 B=1.48 C=1.50 D=1.48 | duty[%]: A=59.6 B=57.1 C=82.2 D=40.4
  36.83s  t=36701 | carrier=90% ref=1.35A | I[A]: A=1.44 B=1.44 C=1.46 D=1.40 | duty[%]: A=58.5 B=55.9 C=80.7 D=39.4
  37.04s  t=36902 | carrier=90% ref=1.35A | I[A]: A=1.47 B=1.43 C=1.42 D=1.48 | duty[%]: A=57.7 B=55.1 C=79.9 D=38.5
  37.23s  t=37102 | carrier=90% ref=1.35A | I[A]: A=1.41 B=1.40 C=1.41 D=1.36 | duty[%]: A=57.1 B=54.6 C=79.2 D=38.3
  37.43s  t=37303 | carrier=90% ref=1.35A | I[A]: A=1.39 B=1.34 C=1.42 D=1.43 | duty[%]: A=56.8 B=54.5 C=78.7 D=38.0
  37.63s  t=37504 | carrier=90% ref=1.35A | I[A]: A=1.35 B=1.35 C=1.36 D=1.32 | duty[%]: A=56.5 B=54.5 C=78.4 D=38.2
  37.84s  t=37704 | carrier=90% ref=1.35A | I[A]: A=1.35 B=1.35 C=1.37 D=1.33 | duty[%]: A=56.6 B=54.4 C=78.3 D=38.5
  38.04s  t=37905 | carrier=90% ref=1.35A | I[A]: A=1.39 B=1.39 C=1.36 D=1.39 | duty[%]: A=56.5 B=54.6 C=78.2 D=38.2
  38.24s  t=38106 | carrier=90% ref=1.35A | I[A]: A=1.33 B=1.32 C=1.35 D=1.31 | duty[%]: A=56.4 B=54.5 C=78.0 D=38.2
  38.43s  t=38306 | carrier=90% ref=1.35A | I[A]: A=1.33 B=1.33 C=1.36 D=1.34 | duty[%]: A=56.6 B=54.5 C=77.9 D=38.4
  38.64s  t=38507 | carrier=90% ref=1.35A | I[A]: A=1.39 B=1.37 C=1.35 D=1.40 | duty[%]: A=56.3 B=54.5 C=78.0 D=38.0
  38.84s  t=38708 | carrier=90% ref=1.35A | I[A]: A=1.31 B=1.33 C=1.40 D=1.37 | duty[%]: A=56.5 B=54.3 C=77.9 D=38.1
  39.04s  t=38908 | carrier=90% ref=1.35A | I[A]: A=1.38 B=1.33 C=1.35 D=1.37 | duty[%]: A=56.2 B=54.3 C=77.9 D=38.1
  39.24s  t=39109 | carrier=80% ref=1.20A | I[A]: A=1.30 B=1.35 C=1.33 D=1.30 | duty[%]: A=55.4 B=53.5 C=77.1 D=37.3
  39.44s  t=39309 | carrier=80% ref=1.20A | I[A]: A=1.25 B=1.25 C=1.29 D=1.26 | duty[%]: A=54.8 B=52.6 C=76.1 D=36.7
  39.65s  t=39510 | carrier=80% ref=1.20A | I[A]: A=1.27 B=1.26 C=1.28 D=1.25 | duty[%]: A=54.1 B=52.2 C=75.4 D=36.4
  39.84s  t=39710 | carrier=80% ref=1.20A | I[A]: A=1.26 B=1.25 C=1.25 D=1.20 | duty[%]: A=53.6 B=51.7 C=74.7 D=36.3
  40.04s  t=39911 | carrier=80% ref=1.20A | I[A]: A=1.22 B=1.18 C=1.25 D=1.23 | duty[%]: A=53.4 B=51.7 C=74.2 D=36.2
  40.24s  t=40112 | carrier=80% ref=1.20A | I[A]: A=1.24 B=1.22 C=1.18 D=1.20 | duty[%]: A=53.3 B=51.7 C=74.1 D=36.1
  40.45s  t=40313 | carrier=80% ref=1.20A | I[A]: A=1.19 B=1.19 C=1.22 D=1.23 | duty[%]: A=53.1 B=51.7 C=73.8 D=36.1
  40.65s  t=40513 | carrier=80% ref=1.20A | I[A]: A=1.19 B=1.23 C=1.21 D=1.15 | duty[%]: A=53.2 B=51.6 C=73.7 D=36.5
  40.85s  t=40714 | carrier=80% ref=1.20A | I[A]: A=1.15 B=1.21 C=1.17 D=1.15 | duty[%]: A=53.5 B=51.5 C=73.8 D=36.6
  41.05s  t=40915 | carrier=80% ref=1.20A | I[A]: A=1.21 B=1.20 C=1.21 D=1.20 | duty[%]: A=53.6 B=51.5 C=74.0 D=36.8
  41.24s  t=41115 | carrier=80% ref=1.20A | I[A]: A=1.21 B=1.23 C=1.20 D=1.24 | duty[%]: A=53.5 B=51.4 C=73.9 D=36.3
  41.45s  t=41316 | carrier=80% ref=1.20A | I[A]: A=1.19 B=1.16 C=1.21 D=1.19 | duty[%]: A=53.5 B=51.5 C=74.0 D=36.4
  41.65s  t=41517 | carrier=80% ref=1.20A | I[A]: A=1.23 B=1.22 C=1.19 D=1.22 | duty[%]: A=53.6 B=51.6 C=73.9 D=36.5
  41.85s  t=41717 | carrier=70% ref=1.05A | I[A]: A=1.16 B=1.14 C=1.16 D=1.10 | duty[%]: A=52.0 B=50.3 C=72.5 D=35.2
  42.05s  t=41918 | carrier=70% ref=1.05A | I[A]: A=1.11 B=1.07 C=1.16 D=1.14 | duty[%]: A=51.3 B=49.6 C=71.5 D=34.8
  42.26s  t=42119 | carrier=70% ref=1.05A | I[A]: A=1.07 B=1.09 C=1.09 D=1.05 | duty[%]: A=50.8 B=49.3 C=70.9 D=34.5
  42.45s  t=42319 | carrier=70% ref=1.05A | I[A]: A=1.06 B=1.04 C=1.07 D=1.02 | duty[%]: A=50.9 B=49.1 C=70.6 D=34.6
  42.65s  t=42520 | carrier=70% ref=1.05A | I[A]: A=1.09 B=1.08 C=1.11 D=1.09 | duty[%]: A=50.6 B=49.0 C=70.2 D=34.5
  42.85s  t=42721 | carrier=70% ref=1.05A | I[A]: A=1.04 B=1.04 C=1.04 D=0.99 | duty[%]: A=50.5 B=48.9 C=70.2 D=34.8
  43.06s  t=42921 | carrier=70% ref=1.05A | I[A]: A=1.10 B=1.00 C=1.09 D=1.08 | duty[%]: A=50.3 B=49.2 C=69.9 D=34.6
  43.26s  t=43122 | carrier=70% ref=1.05A | I[A]: A=1.06 B=1.11 C=1.03 D=1.00 | duty[%]: A=50.3 B=49.0 C=69.9 D=34.6
  43.46s  t=43323 | carrier=70% ref=1.05A | I[A]: A=1.04 B=1.05 C=1.07 D=1.09 | duty[%]: A=50.4 B=48.9 C=69.9 D=34.5
  43.65s  t=43524 | carrier=70% ref=1.05A | I[A]: A=1.03 B=1.06 C=1.06 D=1.04 | duty[%]: A=50.3 B=48.9 C=69.8 D=34.3
  43.85s  t=43725 | carrier=70% ref=1.05A | I[A]: A=1.06 B=1.06 C=1.09 D=1.08 | duty[%]: A=50.2 B=48.9 C=69.6 D=34.2
  44.06s  t=43925 | carrier=70% ref=1.05A | I[A]: A=1.08 B=1.04 C=1.09 D=1.06 | duty[%]: A=50.2 B=48.8 C=69.4 D=34.3
  44.26s  t=44126 | carrier=60% ref=0.90A | I[A]: A=1.00 B=1.01 C=0.99 D=1.01 | duty[%]: A=49.2 B=47.9 C=68.7 D=33.5
  44.46s  t=44327 | carrier=60% ref=0.90A | I[A]: A=1.01 B=1.00 C=0.98 D=0.96 | duty[%]: A=48.3 B=47.0 C=67.7 D=32.9
  44.66s  t=44527 | carrier=60% ref=0.90A | I[A]: A=0.96 B=0.98 C=0.97 D=0.94 | duty[%]: A=47.8 B=46.3 C=67.1 D=32.7
  44.86s  t=44728 | carrier=60% ref=0.90A | I[A]: A=0.94 B=0.90 C=0.97 D=0.95 | duty[%]: A=47.6 B=46.0 C=66.6 D=32.6
  45.06s  t=44929 | carrier=60% ref=0.90A | I[A]: A=0.93 B=0.91 C=0.92 D=0.90 | duty[%]: A=47.2 B=45.9 C=66.2 D=32.6
  45.26s  t=45130 | carrier=60% ref=0.90A | I[A]: A=0.90 B=0.90 C=0.93 D=0.90 | duty[%]: A=47.3 B=46.0 C=66.0 D=32.7
  45.46s  t=45331 | carrier=60% ref=0.90A | I[A]: A=0.91 B=0.88 C=0.92 D=0.90 | duty[%]: A=47.2 B=46.0 C=65.7 D=32.6
  45.67s  t=45532 | carrier=60% ref=0.90A | I[A]: A=0.93 B=0.94 C=0.89 D=0.91 | duty[%]: A=47.1 B=45.9 C=65.5 D=32.6
  45.87s  t=45732 | carrier=60% ref=0.90A | I[A]: A=0.86 B=0.94 C=0.90 D=0.86 | duty[%]: A=47.1 B=45.8 C=65.4 D=32.7
  46.06s  t=45933 | carrier=60% ref=0.90A | I[A]: A=0.89 B=0.88 C=0.90 D=0.88 | duty[%]: A=47.1 B=45.7 C=65.4 D=32.9
  46.26s  t=46134 | carrier=60% ref=0.90A | I[A]: A=0.87 B=0.89 C=0.87 D=0.87 | duty[%]: A=47.0 B=45.8 C=65.5 D=32.9
  46.47s  t=46335 | carrier=60% ref=0.90A | I[A]: A=0.90 B=0.92 C=0.94 D=0.93 | duty[%]: A=47.0 B=46.0 C=65.3 D=32.9
  46.67s  t=46536 | carrier=60% ref=0.90A | I[A]: A=0.88 B=0.89 C=0.87 D=0.88 | duty[%]: A=47.1 B=45.9 C=65.4 D=32.8
  46.87s  t=46737 | carrier=50% ref=0.75A | I[A]: A=0.85 B=0.85 C=0.81 D=0.83 | duty[%]: A=45.8 B=44.6 C=64.0 D=31.5
  47.07s  t=46937 | carrier=50% ref=0.75A | I[A]: A=0.80 B=0.83 C=0.84 D=0.79 | duty[%]: A=45.2 B=43.8 C=63.1 D=30.9
  47.27s  t=47138 | carrier=50% ref=0.75A | I[A]: A=0.81 B=0.78 C=0.79 D=0.75 | duty[%]: A=44.6 B=43.4 C=62.6 D=30.8
  47.47s  t=47339 | carrier=50% ref=0.75A | I[A]: A=0.76 B=0.74 C=0.78 D=0.75 | duty[%]: A=44.3 B=43.3 C=62.1 D=30.7
  47.68s  t=47540 | carrier=50% ref=0.75A | I[A]: A=0.77 B=0.78 C=0.76 D=0.77 | duty[%]: A=44.4 B=43.3 C=61.8 D=30.7
  47.87s  t=47741 | carrier=50% ref=0.75A | I[A]: A=0.74 B=0.74 C=0.76 D=0.77 | duty[%]: A=44.3 B=43.2 C=61.6 D=30.6
  48.07s  t=47942 | carrier=50% ref=0.75A | I[A]: A=0.72 B=0.77 C=0.74 D=0.75 | duty[%]: A=44.4 B=43.1 C=61.6 D=30.5
  48.27s  t=48142 | carrier=50% ref=0.75A | I[A]: A=0.76 B=0.75 C=0.78 D=0.77 | duty[%]: A=44.4 B=43.2 C=61.5 D=30.6
  48.48s  t=48342 | carrier=50% ref=0.75A | I[A]: A=0.79 B=0.75 C=0.72 D=0.77 | duty[%]: A=44.2 B=43.2 C=61.5 D=30.4
  48.68s  t=48543 | carrier=50% ref=0.75A | I[A]: A=0.73 B=0.74 C=0.78 D=0.75 | duty[%]: A=44.3 B=43.1 C=61.5 D=30.6
  48.87s  t=48744 | carrier=50% ref=0.75A | I[A]: A=0.74 B=0.75 C=0.74 D=0.71 | duty[%]: A=44.2 B=43.1 C=61.6 D=30.8
  49.08s  t=48945 | carrier=50% ref=0.75A | I[A]: A=0.77 B=0.77 C=0.76 D=0.77 | duty[%]: A=44.2 B=43.2 C=61.6 D=30.8
  49.28s  t=49146 | carrier=40% ref=0.60A | I[A]: A=0.66 B=0.69 C=0.69 D=0.69 | duty[%]: A=43.5 B=42.2 C=60.6 D=29.8
  49.48s  t=49347 | carrier=40% ref=0.60A | I[A]: A=0.69 B=0.69 C=0.68 D=0.66 | duty[%]: A=42.6 B=41.2 C=59.6 D=29.3
  49.68s  t=49548 | carrier=40% ref=0.60A | I[A]: A=0.66 B=0.63 C=0.68 D=0.65 | duty[%]: A=42.1 B=40.7 C=58.9 D=29.0
  49.89s  t=49749 | carrier=40% ref=0.60A | I[A]: A=0.61 B=0.63 C=0.64 D=0.64 | duty[%]: A=41.7 B=40.5 C=58.3 D=28.7
  50.09s  t=49950 | carrier=40% ref=0.60A | I[A]: A=0.62 B=0.62 C=0.65 D=0.60 | duty[%]: A=41.6 B=40.3 C=57.8 D=28.9
  50.28s  t=50151 | carrier=40% ref=0.60A | I[A]: A=0.61 B=0.61 C=0.62 D=0.62 | duty[%]: A=41.4 B=40.3 C=57.6 D=28.8
  50.48s  t=50352 | carrier=40% ref=0.60A | I[A]: A=0.61 B=0.62 C=0.61 D=0.57 | duty[%]: A=41.5 B=40.1 C=57.5 D=28.9
  50.68s  t=50553 | carrier=40% ref=0.60A | I[A]: A=0.60 B=0.58 C=0.62 D=0.63 | duty[%]: A=41.4 B=40.1 C=57.5 D=28.7
  50.89s  t=50754 | carrier=40% ref=0.60A | I[A]: A=0.60 B=0.62 C=0.59 D=0.58 | duty[%]: A=41.4 B=40.0 C=57.4 D=28.9
  51.09s  t=50954 | carrier=40% ref=0.60A | I[A]: A=0.62 B=0.59 C=0.60 D=0.59 | duty[%]: A=41.4 B=40.2 C=57.2 D=29.0
  51.28s  t=51154 | carrier=40% ref=0.60A | I[A]: A=0.59 B=0.57 C=0.59 D=0.58 | duty[%]: A=41.4 B=40.4 C=57.3 D=29.2
  51.49s  t=51354 | carrier=40% ref=0.60A | I[A]: A=0.61 B=0.61 C=0.57 D=0.62 | duty[%]: A=41.4 B=40.4 C=57.4 D=29.0
  51.69s  t=51554 | carrier=30% ref=0.45A | I[A]: A=0.59 B=0.59 C=0.58 D=0.58 | duty[%]: A=41.0 B=39.9 C=57.1 D=28.5
  51.89s  t=51755 | carrier=30% ref=0.45A | I[A]: A=0.56 B=0.55 C=0.58 D=0.55 | duty[%]: A=39.8 B=38.8 C=55.8 D=27.5
  52.08s  t=51956 | carrier=30% ref=0.45A | I[A]: A=0.52 B=0.52 C=0.54 D=0.49 | duty[%]: A=39.1 B=38.0 C=54.8 D=27.1
  52.29s  t=52156 | carrier=30% ref=0.45A | I[A]: A=0.47 B=0.47 C=0.51 D=0.47 | duty[%]: A=38.8 B=37.6 C=54.1 D=26.8
  52.49s  t=52357 | carrier=30% ref=0.45A | I[A]: A=0.46 B=0.47 C=0.49 D=0.45 | duty[%]: A=38.7 B=37.5 C=53.7 D=26.8
  52.69s  t=52557 | carrier=30% ref=0.45A | I[A]: A=0.47 B=0.46 C=0.50 D=0.48 | duty[%]: A=38.5 B=37.2 C=53.4 D=26.8
  52.90s  t=52758 | carrier=30% ref=0.45A | I[A]: A=0.47 B=0.44 C=0.48 D=0.48 | duty[%]: A=38.2 B=37.2 C=53.2 D=26.6
  53.09s  t=52958 | carrier=30% ref=0.45A | I[A]: A=0.44 B=0.45 C=0.46 D=0.47 | duty[%]: A=38.2 B=37.3 C=53.1 D=26.7
  53.29s  t=53159 | carrier=30% ref=0.45A | I[A]: A=0.44 B=0.46 C=0.46 D=0.45 | duty[%]: A=38.3 B=37.3 C=52.9 D=26.7
  53.49s  t=53359 | carrier=30% ref=0.45A | I[A]: A=0.46 B=0.47 C=0.43 D=0.44 | duty[%]: A=38.2 B=37.4 C=53.0 D=26.6
  53.70s  t=53560 | carrier=30% ref=0.45A | I[A]: A=0.44 B=0.47 C=0.45 D=0.43 | duty[%]: A=38.3 B=37.4 C=53.0 D=26.7
  53.90s  t=53760 | carrier=30% ref=0.45A | I[A]: A=0.45 B=0.44 C=0.44 D=0.45 | duty[%]: A=38.1 B=37.3 C=53.0 D=26.6
  54.09s  t=53961 | carrier=30% ref=0.45A | I[A]: A=0.42 B=0.47 C=0.45 D=0.41 | duty[%]: A=38.1 B=37.3 C=52.9 D=26.6
  54.29s  t=54162 | carrier=20% ref=0.30A | I[A]: A=0.41 B=0.43 C=0.43 D=0.40 | duty[%]: A=37.0 B=36.2 C=51.8 D=25.7
  54.50s  t=54362 | carrier=20% ref=0.30A | I[A]: A=0.38 B=0.39 C=0.39 D=0.36 | duty[%]: A=36.2 B=35.4 C=50.9 D=25.1
  54.70s  t=54562 | carrier=20% ref=0.30A | I[A]: A=0.33 B=0.37 C=0.37 D=0.32 | duty[%]: A=35.8 B=34.7 C=50.1 D=24.9
  54.90s  t=54762 | carrier=20% ref=0.30A | I[A]: A=0.33 B=0.32 C=0.33 D=0.32 | duty[%]: A=35.4 B=34.6 C=49.7 D=24.7
  55.09s  t=54962 | carrier=20% ref=0.30A | I[A]: A=0.32 B=0.33 C=0.33 D=0.30 | duty[%]: A=35.2 B=34.2 C=49.3 D=24.6
  55.29s  t=55162 | carrier=20% ref=0.30A | I[A]: A=0.32 B=0.31 C=0.36 D=0.30 | duty[%]: A=35.1 B=34.1 C=48.8 D=24.5
  55.49s  t=55362 | carrier=20% ref=0.30A | I[A]: A=0.31 B=0.29 C=0.32 D=0.31 | duty[%]: A=35.0 B=34.1 C=48.5 D=24.4
  55.70s  t=55562 | carrier=20% ref=0.30A | I[A]: A=0.30 B=0.28 C=0.30 D=0.31 | duty[%]: A=35.0 B=34.1 C=48.5 D=24.5
  55.90s  t=55762 | carrier=20% ref=0.30A | I[A]: A=0.32 B=0.30 C=0.28 D=0.28 | duty[%]: A=35.0 B=34.0 C=48.5 D=24.6
  56.09s  t=55962 | carrier=20% ref=0.30A | I[A]: A=0.30 B=0.30 C=0.29 D=0.30 | duty[%]: A=34.9 B=34.1 C=48.5 D=24.6
  56.30s  t=56162 | carrier=20% ref=0.30A | I[A]: A=0.29 B=0.31 C=0.32 D=0.31 | duty[%]: A=35.0 B=34.1 C=48.4 D=24.5
  56.50s  t=56362 | carrier=20% ref=0.30A | I[A]: A=0.29 B=0.29 C=0.32 D=0.31 | duty[%]: A=35.0 B=34.1 C=48.2 D=24.5
  56.69s  t=56563 | carrier=10% ref=0.15A | I[A]: A=0.30 B=0.29 C=0.29 D=0.29 | duty[%]: A=34.4 B=33.6 C=47.7 D=24.1
  56.89s  t=56764 | carrier=10% ref=0.15A | I[A]: A=0.25 B=0.25 C=0.24 D=0.23 | duty[%]: A=33.3 B=32.5 C=46.5 D=23.0
  57.10s  t=56965 | carrier=10% ref=0.15A | I[A]: A=0.20 B=0.22 C=0.23 D=0.20 | duty[%]: A=32.7 B=31.8 C=45.7 D=22.5
  57.30s  t=57165 | carrier=10% ref=0.15A | I[A]: A=0.20 B=0.20 C=0.20 D=0.16 | duty[%]: A=32.2 B=31.3 C=45.0 D=22.4
  57.50s  t=57365 | carrier=10% ref=0.15A | I[A]: A=0.19 B=0.15 C=0.19 D=0.18 | duty[%]: A=31.8 B=31.2 C=44.5 D=22.1
  57.69s  t=57565 | carrier=10% ref=0.15A | I[A]: A=0.16 B=0.16 C=0.19 D=0.14 | duty[%]: A=31.7 B=31.0 C=44.1 D=22.1
  57.90s  t=57766 | carrier=10% ref=0.15A | I[A]: A=0.16 B=0.16 C=0.17 D=0.14 | duty[%]: A=31.5 B=30.9 C=43.9 D=22.1
  58.10s  t=57967 | carrier=10% ref=0.15A | I[A]: A=0.14 B=0.13 C=0.17 D=0.14 | duty[%]: A=31.5 B=30.9 C=43.7 D=22.1
  58.30s  t=58168 | carrier=10% ref=0.15A | I[A]: A=0.17 B=0.13 C=0.15 D=0.15 | duty[%]: A=31.4 B=31.0 C=43.7 D=22.2
  58.50s  t=58368 | carrier=10% ref=0.15A | I[A]: A=0.14 B=0.16 C=0.15 D=0.15 | duty[%]: A=31.5 B=31.0 C=43.5 D=22.2
  58.70s  t=58568 | carrier=10% ref=0.15A | I[A]: A=0.15 B=0.16 C=0.16 D=0.16 | duty[%]: A=31.4 B=30.9 C=43.4 D=22.2
  58.90s  t=58768 | carrier=10% ref=0.15A | I[A]: A=0.16 B=0.16 C=0.15 D=0.14 | duty[%]: A=31.3 B=30.8 C=43.4 D=22.2
  59.10s  t=58968 | carrier=10% ref=0.15A | I[A]: A=0.14 B=0.13 C=0.16 D=0.16 | duty[%]: A=31.4 B=30.9 C=43.4 D=22.2
  59.30s  t=59168 | carrier=0% ref=0.00A | I[A]: A=0.11 B=0.13 C=0.12 D=0.11 | duty[%]: A=30.4 B=29.7 C=42.3 D=21.2
  59.50s  t=59368 | carrier=0% ref=0.00A | I[A]: A=0.09 B=0.09 C=0.10 D=0.06 | duty[%]: A=29.4 B=28.7 C=41.3 D=20.4
  59.70s  t=59568 | carrier=0% ref=0.00A | I[A]: A=0.06 B=0.06 C=0.08 D=0.05 | duty[%]: A=28.7 B=28.0 C=40.4 D=19.9
  59.90s  t=59768 | carrier=0% ref=0.00A | I[A]: A=0.05 B=0.05 C=0.06 D=0.03 | duty[%]: A=28.2 B=27.4 C=39.6 D=19.5
  60.10s  t=59968 | carrier=0% ref=0.00A | I[A]: A=0.04 B=0.03 C=0.06 D=0.03 | duty[%]: A=27.7 B=27.0 C=39.0 D=19.2
  60.30s  t=60169 | carrier=0% ref=0.00A | I[A]: A=0.03 B=0.03 C=0.05 D=0.01 | duty[%]: A=27.4 B=26.7 C=38.5 D=19.0
  60.50s  t=60370 | carrier=0% ref=0.00A | I[A]: A=0.03 B=0.03 C=0.04 D=0.01 | duty[%]: A=27.1 B=26.4 C=38.1 D=18.9
  60.70s  t=60571 | carrier=0% ref=0.00A | I[A]: A=0.03 B=0.03 C=0.03 D=0.02 | duty[%]: A=26.9 B=26.2 C=37.7 D=18.8
  60.90s  t=60771 | carrier=0% ref=0.00A | I[A]: A=0.01 B=0.01 C=0.03 D=0.02 | duty[%]: A=26.7 B=26.0 C=37.4 D=18.6
  61.11s  t=60971 | carrier=0% ref=0.00A | I[A]: A=0.01 B=0.02 C=0.04 D=0.01 | duty[%]: A=26.6 B=25.8 C=37.1 D=18.6
  61.31s  t=61171 | carrier=0% ref=0.00A | I[A]: A=0.01 B=0.02 C=0.01 D=0.01 | duty[%]: A=26.3 B=25.6 C=36.9 D=18.5
  61.50s  t=61371 | carrier=0% ref=0.00A | I[A]: A=0.01 B=0.03 C=0.01 D=0.00 | duty[%]: A=26.3 B=25.4 C=36.8 D=18.5
  61.67s  tilt schedule complete -> DONE (coils latched OFF)
