   0.00s  ets Jul 29 2019 12:21:46
   0.00s  
   0.00s  rst:0x1 (POWERON_RESET),boot:0x13 (SPI_FAST_FLASH_BOOT)
   0.00s  configsip: 0, SPIWP:0xee
   0.00s  clk_drv:0x00,q_drv:0x00,d_drv:0x00,cs0_drv:0x00,hd_drv:0x00,wp_drv:0x00
   0.00s  mode:DIO, clock div:2
   0.00s  load:0x3fff0030,len:1184
   0.00s  load:0x40078000,len:13232
   0.00s  load:0x40080400,len:3028
   0.00s  entry 0x400805e4
   1.30s  balanced_experiment: arming 3000ms, then loading /tilt.json (pi=1)
   1.31s  t=1152 phase=0 freq=190.0 | I[A]: A=0.00 B=0.00 C=0.00 D=0.00 | duty[%]: A=0.0 B=0.0 C=0.0 D=0.0 | spread=0.000 pi=1
   1.80s  t=1653 phase=0 freq=190.0 | I[A]: A=0.00 B=0.00 C=0.00 D=0.00 | duty[%]: A=0.0 B=0.0 C=0.0 D=0.0 | spread=0.000 pi=1
   2.30s  t=2154 phase=0 freq=190.0 | I[A]: A=0.00 B=0.00 C=0.00 D=0.00 | duty[%]: A=0.0 B=0.0 C=0.0 D=0.0 | spread=0.000 pi=1
   2.81s  t=2654 phase=0 freq=190.0 | I[A]: A=0.00 B=0.00 C=0.00 D=0.00 | duty[%]: A=0.0 B=0.0 C=0.0 D=0.0 | spread=0.000 pi=1
   3.30s  t=3155 phase=0 freq=190.0 | I[A]: A=0.00 B=0.00 C=0.00 D=0.00 | duty[%]: A=0.0 B=0.0 C=0.0 D=0.0 | spread=0.000 pi=1
   3.80s  t=3656 phase=0 freq=190.0 | I[A]: A=0.00 B=0.00 C=0.00 D=0.00 | duty[%]: A=0.0 B=0.0 C=0.0 D=0.0 | spread=0.000 pi=1
   4.31s  ARMED -> running experiment
   4.32s  t=4166 phase=1 freq=1.0 | I[A]: A=0.00 B=0.00 C=0.00 D=0.00 | duty[%]: A=50.7 B=50.0 C=50.0 D=50.0 | spread=0.000 pi=1
   4.81s  t=4666 phase=1 freq=1.2 | I[A]: A=0.00 B=0.03 C=0.01 D=0.00 | duty[%]: A=75.7 B=49.5 C=49.9 D=50.1 | spread=0.034 pi=1
   5.32s  t=5166 phase=1 freq=1.6 | I[A]: A=0.02 B=0.12 C=0.00 D=0.00 | duty[%]: A=100.0 B=49.5 C=50.3 D=50.5 | spread=0.116 pi=1
   5.81s  t=5666 phase=1 freq=2.4 | I[A]: A=0.04 B=0.02 C=0.00 D=0.00 | duty[%]: A=100.0 B=49.7 C=50.7 D=50.8 | spread=0.033 pi=1
   6.32s  t=6166 phase=1 freq=3.5 | I[A]: A=0.08 B=0.04 C=0.01 D=0.01 | duty[%]: A=100.0 B=50.2 C=51.2 D=51.3 | spread=0.069 pi=1
   6.81s  t=6667 phase=1 freq=4.9 | I[A]: A=0.06 B=0.04 C=0.01 D=0.01 | duty[%]: A=100.0 B=50.9 C=51.7 D=52.0 | spread=0.050 pi=1
   7.32s  t=7167 phase=1 freq=6.6 | I[A]: A=0.15 B=0.08 C=0.04 D=0.03 | duty[%]: A=100.0 B=51.6 C=52.4 D=53.0 | spread=0.116 pi=1
   7.81s  t=7668 phase=1 freq=8.5 | I[A]: A=0.10 B=0.05 C=0.10 D=0.10 | duty[%]: A=100.0 B=52.6 C=53.4 D=54.1 | spread=0.058 pi=1
   8.32s  t=8169 phase=1 freq=10.7 | I[A]: A=0.21 B=0.13 C=0.07 D=0.06 | duty[%]: A=100.0 B=53.9 C=55.1 D=55.9 | spread=0.145 pi=1
   8.82s  t=8669 phase=1 freq=13.1 | I[A]: A=0.13 B=0.08 C=0.12 D=0.10 | duty[%]: A=100.0 B=55.4 C=56.7 D=57.5 | spread=0.046 pi=1
   9.32s  t=9169 phase=1 freq=15.7 | I[A]: A=0.25 B=0.15 C=0.10 D=0.11 | duty[%]: A=100.0 B=57.2 C=59.2 D=60.2 | spread=0.153 pi=1
   9.81s  t=9669 phase=1 freq=18.6 | I[A]: A=0.34 B=0.18 C=0.13 D=0.13 | duty[%]: A=100.0 B=59.4 C=61.9 D=63.0 | spread=0.213 pi=1
  10.32s  t=10169 phase=1 freq=21.7 | I[A]: A=0.31 B=0.21 C=0.15 D=0.13 | duty[%]: A=100.0 B=61.7 C=64.6 D=65.9 | spread=0.179 pi=1
  10.82s  t=10670 phase=1 freq=25.0 | I[A]: A=0.33 B=0.20 C=0.25 D=0.24 | duty[%]: A=100.0 B=64.5 C=67.2 D=68.8 | spread=0.123 pi=1
  11.32s  t=11170 phase=1 freq=28.4 | I[A]: A=0.43 B=0.29 C=0.23 D=0.22 | duty[%]: A=100.0 B=67.4 C=70.9 D=72.4 | spread=0.206 pi=1
  11.82s  t=11671 phase=1 freq=32.1 | I[A]: A=0.45 B=0.30 C=0.34 D=0.36 | duty[%]: A=100.0 B=70.6 C=74.3 D=75.7 | spread=0.146 pi=1
  12.32s  t=12171 phase=1 freq=35.9 | I[A]: A=0.51 B=0.37 C=0.34 D=0.43 | duty[%]: A=98.2 B=72.2 C=76.0 D=88.8 | spread=0.170 pi=1
  12.82s  t=12672 phase=1 freq=39.9 | I[A]: A=0.56 B=0.44 C=0.40 D=0.51 | duty[%]: A=98.3 B=75.2 C=78.9 D=100.0 | spread=0.152 pi=1
  13.32s  t=13172 phase=1 freq=44.0 | I[A]: A=0.70 B=0.52 C=0.50 D=0.54 | duty[%]: A=98.3 B=78.3 C=81.0 D=100.0 | spread=0.192 pi=1
  13.82s  t=13672 phase=1 freq=48.2 | I[A]: A=0.72 B=0.57 C=0.58 D=0.54 | duty[%]: A=96.2 B=80.1 C=81.1 D=100.0 | spread=0.174 pi=1
  14.32s  t=14173 phase=1 freq=52.6 | I[A]: A=0.70 B=0.59 C=0.71 D=0.65 | duty[%]: A=94.5 B=81.5 C=79.9 D=100.0 | spread=0.120 pi=1
  14.82s  t=14674 phase=1 freq=57.1 | I[A]: A=0.74 B=0.65 C=0.63 D=0.60 | duty[%]: A=92.1 B=82.1 C=79.2 D=100.0 | spread=0.143 pi=1
  15.32s  t=15174 phase=1 freq=61.6 | I[A]: A=0.69 B=0.55 C=0.72 D=0.63 | duty[%]: A=90.1 B=81.8 C=77.9 D=100.0 | spread=0.176 pi=1
  15.83s  t=15674 phase=1 freq=66.3 | I[A]: A=0.68 B=0.67 C=0.71 D=0.67 | duty[%]: A=87.9 B=80.9 C=76.9 D=100.0 | spread=0.040 pi=1
  16.33s  t=16174 phase=1 freq=71.1 | I[A]: A=0.78 B=0.76 C=0.69 D=0.65 | duty[%]: A=86.0 B=79.2 C=76.6 D=100.0 | spread=0.134 pi=1
  16.82s  t=16674 phase=1 freq=75.9 | I[A]: A=0.92 B=0.77 C=0.76 D=0.76 | duty[%]: A=84.5 B=78.5 C=77.0 D=100.0 | spread=0.158 pi=1
  17.32s  t=17174 phase=1 freq=80.7 | I[A]: A=0.83 B=0.80 C=0.83 D=0.87 | duty[%]: A=84.6 B=79.1 C=78.0 D=100.0 | spread=0.066 pi=1
  17.82s  t=17675 phase=1 freq=85.6 | I[A]: A=0.93 B=1.01 C=1.01 D=0.92 | duty[%]: A=85.5 B=79.2 C=78.7 D=100.0 | spread=0.093 pi=1
  18.32s  t=18175 phase=1 freq=90.6 | I[A]: A=1.04 B=1.07 C=0.95 D=1.02 | duty[%]: A=86.7 B=80.1 C=80.5 D=100.0 | spread=0.120 pi=1
  18.83s  t=18675 phase=1 freq=95.5 | I[A]: A=1.18 B=1.16 C=1.05 D=1.23 | duty[%]: A=87.9 B=81.2 C=89.5 D=98.6 | spread=0.173 pi=1
  19.32s  t=19175 phase=1 freq=100.5 | I[A]: A=1.28 B=1.25 C=1.26 D=1.34 | duty[%]: A=88.7 B=82.1 C=100.0 D=95.5 | spread=0.094 pi=1
  19.83s  t=19675 phase=1 freq=105.5 | I[A]: A=1.42 B=1.48 C=1.37 D=1.57 | duty[%]: A=89.1 B=82.9 C=100.0 D=91.7 | spread=0.204 pi=1
  20.32s  t=20175 phase=1 freq=110.4 | I[A]: A=1.50 B=1.56 C=1.56 D=1.71 | duty[%]: A=89.8 B=83.2 C=100.0 D=87.0 | spread=0.207 pi=1
  20.83s  t=20675 phase=1 freq=115.4 | I[A]: A=1.70 B=1.74 C=1.71 D=1.94 | duty[%]: A=90.7 B=82.8 C=100.0 D=81.9 | spread=0.234 pi=1
  21.32s  t=21175 phase=1 freq=120.3 | I[A]: A=1.92 B=1.86 C=1.90 D=2.13 | duty[%]: A=90.1 B=82.5 C=100.0 D=75.9 | spread=0.270 pi=1
  21.82s  t=21676 phase=1 freq=125.2 | I[A]: A=2.13 B=2.13 C=1.99 D=2.32 | duty[%]: A=88.0 B=81.2 C=100.0 D=70.0 | spread=0.335 pi=1
  22.33s  t=22176 phase=1 freq=130.0 | I[A]: A=2.19 B=2.18 C=2.16 D=2.34 | duty[%]: A=86.3 B=79.3 C=100.0 D=64.9 | spread=0.180 pi=1
  22.82s  t=22676 phase=1 freq=134.7 | I[A]: A=2.36 B=2.33 C=2.25 D=2.47 | duty[%]: A=84.5 B=78.4 C=100.0 D=60.2 | spread=0.225 pi=1
  23.33s  t=23176 phase=1 freq=139.4 | I[A]: A=2.51 B=2.44 C=2.33 D=2.54 | duty[%]: A=82.1 B=76.6 C=100.0 D=56.5 | spread=0.212 pi=1
  23.82s  t=23676 phase=1 freq=143.9 | I[A]: A=2.43 B=2.51 C=2.50 D=2.59 | duty[%]: A=80.9 B=74.8 C=100.0 D=53.8 | spread=0.161 pi=1
  24.33s  t=24176 phase=1 freq=148.4 | I[A]: A=2.75 B=2.56 C=2.51 D=2.56 | duty[%]: A=80.1 B=73.6 C=100.0 D=50.3 | spread=0.238 pi=1
  24.82s  t=24676 phase=1 freq=152.8 | I[A]: A=2.68 B=2.50 C=2.39 D=2.76 | duty[%]: A=76.6 B=71.7 C=100.0 D=46.6 | spread=0.370 pi=1
  25.32s  t=25176 phase=1 freq=157.0 | I[A]: A=2.86 B=2.68 C=2.62 D=2.96 | duty[%]: A=80.9 B=75.8 C=99.9 D=48.9 | spread=0.343 pi=1
  25.83s  t=25676 phase=1 freq=161.1 | I[A]: A=2.67 B=2.64 C=2.60 D=2.64 | duty[%]: A=75.2 B=70.1 C=100.0 D=44.3 | spread=0.073 pi=1
  26.33s  t=26177 phase=1 freq=165.1 | I[A]: A=2.58 B=2.54 C=2.55 D=2.57 | duty[%]: A=73.8 B=69.1 C=100.0 D=44.0 | spread=0.041 pi=1
  26.82s  t=26677 phase=1 freq=168.9 | I[A]: A=2.56 B=2.54 C=2.50 D=2.53 | duty[%]: A=73.1 B=68.1 C=100.0 D=43.1 | spread=0.060 pi=1
  27.33s  t=27177 phase=1 freq=172.6 | I[A]: A=2.54 B=2.52 C=2.51 D=2.48 | duty[%]: A=72.5 B=67.6 C=100.0 D=43.1 | spread=0.063 pi=1
  27.82s  t=27677 phase=1 freq=176.0 | I[A]: A=2.46 B=2.47 C=2.44 D=2.44 | duty[%]: A=72.4 B=67.2 C=100.0 D=43.4 | spread=0.028 pi=1
  28.32s  t=28177 phase=1 freq=179.3 | I[A]: A=2.60 B=2.42 C=2.46 D=2.46 | duty[%]: A=71.7 B=67.5 C=100.0 D=43.4 | spread=0.177 pi=1
  28.83s  t=28677 phase=1 freq=182.4 | I[A]: A=2.44 B=2.42 C=2.43 D=2.41 | duty[%]: A=71.0 B=67.1 C=100.0 D=43.7 | spread=0.033 pi=1
  29.32s  t=29177 phase=1 freq=185.3 | I[A]: A=2.37 B=2.39 C=2.34 D=2.44 | duty[%]: A=71.4 B=67.4 C=100.0 D=45.2 | spread=0.101 pi=1
  29.83s  t=29677 phase=1 freq=187.9 | I[A]: A=2.25 B=2.23 C=2.31 D=2.25 | duty[%]: A=71.2 B=67.0 C=100.0 D=45.6 | spread=0.076 pi=1
  30.32s  t=30177 phase=1 freq=190.3 | I[A]: A=2.22 B=2.23 C=2.22 D=2.23 | duty[%]: A=71.4 B=67.1 C=100.0 D=45.2 | spread=0.015 pi=1
  30.83s  t=30678 phase=1 freq=192.5 | I[A]: A=2.22 B=2.15 C=2.20 D=2.25 | duty[%]: A=71.4 B=67.7 C=100.0 D=45.9 | spread=0.104 pi=1
  31.32s  t=31178 phase=1 freq=194.4 | I[A]: A=2.24 B=2.22 C=2.20 D=2.17 | duty[%]: A=71.7 B=68.0 C=100.0 D=46.6 | spread=0.068 pi=1
  31.83s  t=31679 phase=1 freq=196.1 | I[A]: A=2.10 B=2.14 C=2.12 D=2.11 | duty[%]: A=71.5 B=67.5 C=100.0 D=46.5 | spread=0.032 pi=1
  32.32s  t=32179 phase=1 freq=197.5 | I[A]: A=2.07 B=2.11 C=2.11 D=2.11 | duty[%]: A=71.5 B=67.5 C=100.0 D=47.1 | spread=0.038 pi=1
  32.83s  t=32680 phase=1 freq=198.6 | I[A]: A=2.10 B=2.09 C=2.08 D=2.02 | duty[%]: A=71.6 B=68.0 C=100.0 D=47.6 | spread=0.084 pi=1
  33.33s  t=33181 phase=1 freq=199.4 | I[A]: A=2.12 B=2.04 C=2.08 D=2.10 | duty[%]: A=71.6 B=67.8 C=100.0 D=47.7 | spread=0.082 pi=1
  33.83s  t=33682 phase=1 freq=199.8 | I[A]: A=2.10 B=2.00 C=2.09 D=2.11 | duty[%]: A=71.6 B=68.1 C=100.0 D=47.6 | spread=0.114 pi=1
  34.33s  t=34183 phase=1 freq=200.0 | I[A]: A=2.05 B=2.12 C=2.06 D=2.05 | duty[%]: A=71.6 B=67.9 C=100.0 D=47.9 | spread=0.074 pi=1
  34.83s  t=34684 phase=1 freq=200.0 | I[A]: A=2.11 B=2.03 C=2.09 D=2.09 | duty[%]: A=71.5 B=67.8 C=100.0 D=47.9 | spread=0.075 pi=1
  35.34s  t=35184 phase=1 freq=200.0 | I[A]: A=2.08 B=2.07 C=2.07 D=2.11 | duty[%]: A=71.5 B=67.9 C=100.0 D=47.7 | spread=0.036 pi=1
  35.83s  t=35685 phase=1 freq=200.0 | I[A]: A=2.02 B=2.04 C=2.08 D=2.07 | duty[%]: A=71.6 B=68.4 C=100.0 D=48.1 | spread=0.054 pi=1
  36.34s  t=36185 phase=1 freq=200.0 | I[A]: A=2.06 B=2.14 C=2.10 D=2.13 | duty[%]: A=72.0 B=68.0 C=100.0 D=48.4 | spread=0.078 pi=1
  36.83s  t=36685 phase=1 freq=200.0 | I[A]: A=2.04 B=2.06 C=2.07 D=2.04 | duty[%]: A=72.0 B=68.5 C=100.0 D=48.0 | spread=0.038 pi=1
  37.34s  t=37186 phase=1 freq=200.0 | I[A]: A=2.11 B=2.12 C=2.04 D=2.04 | duty[%]: A=71.1 B=68.0 C=100.0 D=47.3 | spread=0.077 pi=1
  37.83s  t=37687 phase=1 freq=200.0 | I[A]: A=1.95 B=2.11 C=2.14 D=1.92 | duty[%]: A=68.9 B=68.1 C=100.0 D=45.9 | spread=0.222 pi=1
  38.34s  t=38187 phase=1 freq=200.0 | I[A]: A=1.95 B=2.38 C=2.16 D=2.03 | duty[%]: A=68.3 B=72.7 C=100.0 D=45.4 | spread=0.431 pi=1
  38.84s  t=38688 phase=1 freq=200.0 | I[A]: A=1.88 B=2.14 C=2.11 D=1.84 | duty[%]: A=67.7 B=69.6 C=100.0 D=45.3 | spread=0.296 pi=1
  39.33s  t=39188 phase=1 freq=200.0 | I[A]: A=1.90 B=2.19 C=2.16 D=1.86 | duty[%]: A=67.7 B=68.5 C=100.0 D=45.7 | spread=0.331 pi=1
  39.84s  t=39688 phase=1 freq=200.0 | I[A]: A=1.86 B=2.04 C=2.12 D=1.90 | duty[%]: A=67.5 B=68.6 C=100.0 D=45.4 | spread=0.257 pi=1
  40.34s  t=40189 phase=1 freq=200.0 | I[A]: A=1.80 B=2.17 C=2.13 D=1.76 | duty[%]: A=64.7 B=68.2 C=100.0 D=43.3 | spread=0.411 pi=1
  40.84s  t=40689 phase=1 freq=200.0 | I[A]: A=1.78 B=2.17 C=2.22 D=1.74 | duty[%]: A=64.2 B=68.7 C=100.0 D=43.0 | spread=0.483 pi=1
  41.34s  t=41190 phase=1 freq=200.0 | I[A]: A=1.70 B=2.12 C=2.17 D=1.76 | duty[%]: A=63.8 B=68.7 C=100.0 D=42.9 | spread=0.466 pi=1
  41.84s  t=41691 phase=1 freq=200.0 | I[A]: A=1.70 B=2.17 C=2.14 D=1.72 | duty[%]: A=63.6 B=68.4 C=100.0 D=42.3 | spread=0.467 pi=1
  42.34s  t=42191 phase=1 freq=200.0 | I[A]: A=1.76 B=2.25 C=2.18 D=1.72 | duty[%]: A=62.8 B=68.1 C=100.0 D=41.7 | spread=0.528 pi=1
  42.84s  t=42692 phase=1 freq=200.0 | I[A]: A=1.62 B=2.11 C=2.24 D=1.56 | duty[%]: A=60.2 B=68.4 C=100.0 D=39.9 | spread=0.675 pi=1
  43.34s  t=43193 phase=1 freq=200.0 | I[A]: A=1.55 B=2.23 C=2.22 D=1.49 | duty[%]: A=59.6 B=69.0 C=100.0 D=39.8 | spread=0.738 pi=1
  43.84s  t=43693 phase=1 freq=200.0 | I[A]: A=1.59 B=2.27 C=2.16 D=1.50 | duty[%]: A=59.4 B=68.9 C=100.0 D=39.7 | spread=0.772 pi=1
  44.35s  t=44194 phase=1 freq=200.0 | I[A]: A=1.57 B=2.22 C=2.25 D=1.62 | duty[%]: A=59.4 B=68.7 C=100.0 D=39.6 | spread=0.684 pi=1
  44.84s  t=44695 phase=1 freq=200.0 | I[A]: A=1.50 B=2.19 C=2.20 D=1.49 | duty[%]: A=58.7 B=68.7 C=100.0 D=38.7 | spread=0.707 pi=1
  45.35s  t=45196 phase=1 freq=200.0 | I[A]: A=1.38 B=2.24 C=2.22 D=1.34 | duty[%]: A=55.7 B=68.6 C=100.0 D=36.8 | spread=0.909 pi=1
  45.84s  t=45696 phase=1 freq=200.0 | I[A]: A=1.38 B=2.33 C=2.23 D=1.31 | duty[%]: A=54.9 B=68.6 C=100.0 D=36.8 | spread=1.026 pi=1
  46.34s  t=46196 phase=1 freq=200.0 | I[A]: A=1.36 B=2.28 C=2.45 D=1.38 | duty[%]: A=54.8 B=70.7 C=99.2 D=37.1 | spread=1.089 pi=1
  46.85s  t=46696 phase=1 freq=200.0 | I[A]: A=1.37 B=2.44 C=2.28 D=1.36 | duty[%]: A=54.7 B=71.1 C=100.0 D=36.3 | spread=1.075 pi=1
  47.34s  t=47197 phase=1 freq=200.0 | I[A]: A=1.28 B=2.29 C=2.29 D=1.35 | duty[%]: A=50.0 B=69.2 C=100.0 D=35.4 | spread=1.006 pi=1
  47.85s  t=47697 phase=1 freq=200.0 | I[A]: A=1.15 B=2.25 C=2.31 D=1.20 | duty[%]: A=50.0 B=69.7 C=100.0 D=33.9 | spread=1.164 pi=1
  48.35s  t=48197 phase=1 freq=200.0 | I[A]: A=1.13 B=2.26 C=2.23 D=1.18 | duty[%]: A=50.0 B=68.6 C=100.0 D=33.1 | spread=1.130 pi=1
  48.84s  t=48698 phase=1 freq=200.0 | I[A]: A=1.09 B=2.26 C=2.28 D=1.14 | duty[%]: A=50.0 B=69.3 C=100.0 D=33.3 | spread=1.194 pi=1
  49.34s  t=49198 phase=1 freq=200.0 | I[A]: A=1.15 B=2.25 C=2.28 D=1.11 | duty[%]: A=50.0 B=69.2 C=100.0 D=33.8 | spread=1.170 pi=1
  49.85s  t=49698 phase=1 freq=200.0 | I[A]: A=0.98 B=2.29 C=2.27 D=1.07 | duty[%]: A=40.0 B=68.9 C=100.0 D=32.9 | spread=1.305 pi=1
  50.35s  t=50199 phase=1 freq=200.0 | I[A]: A=0.74 B=2.39 C=2.38 D=1.03 | duty[%]: A=40.0 B=69.6 C=100.0 D=31.5 | spread=1.654 pi=1
  50.84s  t=50699 phase=1 freq=200.0 | I[A]: A=0.73 B=2.33 C=2.34 D=0.98 | duty[%]: A=40.0 B=69.9 C=100.0 D=30.8 | spread=1.606 pi=1
  51.35s  t=51199 phase=1 freq=200.0 | I[A]: A=0.71 B=2.40 C=2.38 D=0.94 | duty[%]: A=40.0 B=69.6 C=100.0 D=30.9 | spread=1.686 pi=1
  51.85s  t=51699 phase=1 freq=200.0 | I[A]: A=0.72 B=2.35 C=2.36 D=0.97 | duty[%]: A=40.0 B=69.4 C=100.0 D=30.8 | spread=1.649 pi=1
  52.35s  t=52199 phase=1 freq=200.0 | I[A]: A=0.54 B=2.37 C=2.51 D=0.89 | duty[%]: A=30.0 B=70.1 C=100.0 D=30.0 | spread=1.971 pi=1
  52.85s  t=52700 phase=1 freq=200.0 | I[A]: A=0.31 B=2.55 C=2.45 D=0.80 | duty[%]: A=30.0 B=73.4 C=100.0 D=27.8 | spread=2.238 pi=1
  53.35s  t=53200 phase=1 freq=200.0 | I[A]: A=0.30 B=2.54 C=2.47 D=0.76 | duty[%]: A=30.0 B=71.0 C=100.0 D=27.5 | spread=2.233 pi=1
  53.85s  t=53700 phase=1 freq=200.0 | I[A]: A=0.28 B=2.46 C=2.49 D=0.70 | duty[%]: A=30.0 B=71.1 C=100.0 D=28.0 | spread=2.203 pi=1
  54.35s  t=54200 phase=1 freq=200.0 | I[A]: A=0.30 B=2.42 C=2.44 D=0.71 | duty[%]: A=30.0 B=70.3 C=100.0 D=28.0 | spread=2.144 pi=1
  54.85s  t=54701 phase=1 freq=200.0 | I[A]: A=0.17 B=2.52 C=2.44 D=0.55 | duty[%]: A=20.0 B=70.2 C=100.0 D=20.0 | spread=2.344 pi=1
  55.35s  t=55201 phase=1 freq=200.0 | I[A]: A=0.04 B=2.54 C=2.55 D=0.32 | duty[%]: A=20.0 B=70.5 C=100.0 D=20.0 | spread=2.509 pi=1
  55.85s  t=55702 phase=1 freq=200.0 | I[A]: A=0.03 B=2.56 C=2.58 D=0.34 | duty[%]: A=20.0 B=71.0 C=100.0 D=20.0 | spread=2.545 pi=1
  56.35s  t=56202 phase=1 freq=200.0 | I[A]: A=0.02 B=2.47 C=2.53 D=0.31 | duty[%]: A=20.0 B=70.8 C=100.0 D=20.0 | spread=2.510 pi=1
  56.85s  t=56703 phase=1 freq=200.0 | I[A]: A=0.03 B=2.56 C=2.52 D=0.31 | duty[%]: A=20.0 B=70.5 C=100.0 D=20.0 | spread=2.531 pi=1
  57.35s  t=57204 phase=1 freq=200.0 | I[A]: A=0.01 B=2.64 C=2.51 D=0.20 | duty[%]: A=10.0 B=70.0 C=100.0 D=10.0 | spread=2.630 pi=1
  57.85s  t=57705 phase=1 freq=200.0 | I[A]: A=0.00 B=2.57 C=2.68 D=0.00 | duty[%]: A=10.0 B=70.0 C=100.0 D=10.0 | spread=2.677 pi=1
  58.35s  t=58205 phase=1 freq=200.0 | I[A]: A=0.00 B=2.61 C=2.63 D=0.00 | duty[%]: A=10.0 B=70.2 C=100.0 D=10.0 | spread=2.631 pi=1
  58.86s  t=58706 phase=1 freq=200.0 | I[A]: A=0.00 B=2.71 C=2.63 D=0.01 | duty[%]: A=10.0 B=70.1 C=100.0 D=10.0 | spread=2.711 pi=1
  59.35s  t=59207 phase=1 freq=200.0 | I[A]: A=0.00 B=2.62 C=2.69 D=0.00 | duty[%]: A=10.0 B=70.8 C=100.0 D=10.0 | spread=2.689 pi=1
  59.86s  t=59708 phase=1 freq=200.0 | I[A]: A=0.00 B=1.32 C=1.27 D=0.01 | duty[%]: A=0.0 B=0.0 C=0.0 D=0.0 | spread=1.317 pi=1
  60.32s  experiment complete -> DONE (coils latched OFF)
  60.36s  t=60209 phase=2 freq=200.0 | I[A]: A=0.00 B=0.00 C=0.00 D=0.00 | duty[%]: A=0.0 B=0.0 C=0.0 D=0.0 | spread=0.000 pi=1
  60.85s  t=60709 phase=2 freq=200.0 | I[A]: A=0.00 B=0.00 C=0.00 D=0.00 | duty[%]: A=0.0 B=0.0 C=0.0 D=0.0 | spread=0.000 pi=1
  61.36s  t=61210 phase=2 freq=200.0 | I[A]: A=0.00 B=0.00 C=0.00 D=0.00 | duty[%]: A=0.0 B=0.0 C=0.0 D=0.0 | spread=0.000 pi=1
  61.86s  t=61710 phase=2 freq=200.0 | I[A]: A=0.00 B=0.00 C=0.00 D=0.00 | duty[%]: A=0.0 B=0.0 C=0.0 D=0.0 | spread=0.000 pi=1
  62.36s  t=62210 phase=2 freq=200.0 | I[A]: A=0.00 B=0.00 C=0.00 D=0.00 | duty[%]: A=0.0 B=0.0 C=0.0 D=0.0 | spread=0.000 pi=1
  62.86s  t=62710 phase=2 freq=200.0 | I[A]: A=0.00 B=0.00 C=0.00 D=0.00 | duty[%]: A=0.0 B=0.0 C=0.0 D=0.0 | spread=0.000 pi=1
  63.36s  t=63211 phase=2 freq=200.0 | I[A]: A=0.00 B=0.00 C=0.00 D=0.00 | duty[%]: A=0.0 B=0.0 C=0.0 D=0.0 | spread=0.000 pi=1
  63.86s  t=63711 phase=2 freq=200.0 | I[A]: A=0.00 B=0.00 C=0.00 D=0.00 | duty[%]: A=0.0 B=0.0 C=0.0 D=0.0 | spread=0.000 pi=1
  64.36s  t=64211 phase=2 freq=200.0 | I[A]: A=0.00 B=0.00 C=0.00 D=0.00 | duty[%]: A=0.0 B=0.0 C=0.0 D=0.0 | spread=0.000 pi=1
  64.86s  t=64711 phase=2 freq=200.0 | I[A]: A=0.00 B=0.00 C=0.00 D=0.00 | duty[%]: A=0.0 B=0.0 C=0.0 D=0.0 | spread=0.000 pi=1
  65.36s  t=65212 phase=2 freq=200.0 | I[A]: A=0.00 B=0.00 C=0.00 D=0.00 | duty[%]: A=0.0 B=0.0 C=0.0 D=0.0 | spread=0.000 pi=1
  65.86s  t=65712 phase=2 freq=200.0 | I[A]: A=0.00 B=0.00 C=0.00 D=0.00 | duty[%]: A=0.0 B=0.0 C=0.0 D=0.0 | spread=0.000 pi=1
  66.36s  t=66212 phase=2 freq=200.0 | I[A]: A=0.00 B=0.00 C=0.00 D=0.00 | duty[%]: A=0.0 B=0.0 C=0.0 D=0.0 | spread=0.000 pi=1
  66.86s  t=66713 phase=2 freq=200.0 | I[A]: A=0.00 B=0.00 C=0.00 D=0.00 | duty[%]: A=0.0 B=0.0 C=0.0 D=0.0 | spread=0.000 pi=1
  67.36s  t=67213 phase=2 freq=200.0 | I[A]: A=0.00 B=0.00 C=0.00 D=0.00 | duty[%]: A=0.0 B=0.0 C=0.0 D=0.0 | spread=0.000 pi=1
  67.86s  t=67713 phase=2 freq=200.0 | I[A]: A=0.00 B=0.00 C=0.00 D=0.00 | duty[%]: A=0.0 B=0.0 C=0.0 D=0.0 | spread=0.000 pi=1
  68.36s  t=68214 phase=2 freq=200.0 | I[A]: A=0.00 B=0.00 C=0.00 D=0.00 | duty[%]: A=0.0 B=0.0 C=0.0 D=0.0 | spread=0.000 pi=1
  68.86s  t=68714 phase=2 freq=200.0 | I[A]: A=0.00 B=0.00 C=0.00 D=0.00 | duty[%]: A=0.0 B=0.0 C=0.0 D=0.0 | spread=0.000 pi=1
  69.37s  t=69215 phase=2 freq=200.0 | I[A]: A=0.00 B=0.00 C=0.00 D=0.00 | duty[%]: A=0.0 B=0.0 C=0.0 D=0.0 | spread=0.000 pi=1
  69.86s  t=69716 phase=2 freq=200.0 | I[A]: A=0.00 B=0.00 C=0.00 D=0.00 | duty[%]: A=0.0 B=0.0 C=0.0 D=0.0 | spread=0.000 pi=1
  70.37s  t=70216 phase=2 freq=200.0 | I[A]: A=0.00 B=0.00 C=0.00 D=0.00 | duty[%]: A=0.0 B=0.0 C=0.0 D=0.0 | spread=0.000 pi=1
  70.86s  t=70717 phase=2 freq=200.0 | I[A]: A=0.00 B=0.00 C=0.00 D=0.00 | duty[%]: A=0.0 B=0.0 C=0.0 D=0.0 | spread=0.000 pi=1
  71.37s  t=71218 phase=2 freq=200.0 | I[A]: A=0.00 B=0.00 C=0.00 D=0.00 | duty[%]: A=0.0 B=0.0 C=0.0 D=0.0 | spread=0.000 pi=1
  71.86s  t=71718 phase=2 freq=200.0 | I[A]: A=0.00 B=0.00 C=0.00 D=0.00 | duty[%]: A=0.0 B=0.0 C=0.0 D=0.0 | spread=0.000 pi=1
  72.37s  t=72219 phase=2 freq=200.0 | I[A]: A=0.00 B=0.00 C=0.00 D=0.00 | duty[%]: A=0.0 B=0.0 C=0.0 D=0.0 | spread=0.000 pi=1
  72.87s  t=72719 phase=2 freq=200.0 | I[A]: A=0.00 B=0.00 C=0.00 D=0.00 | duty[%]: A=0.0 B=0.0 C=0.0 D=0.0 | spread=0.000 pi=1
  73.37s  t=73220 phase=2 freq=200.0 | I[A]: A=0.00 B=0.00 C=0.00 D=0.00 | duty[%]: A=0.0 B=0.0 C=0.0 D=0.0 | spread=0.000 pi=1
  73.87s  t=73720 phase=2 freq=200.0 | I[A]: A=0.00 B=0.00 C=0.00 D=0.00 | duty[%]: A=0.0 B=0.0 C=0.0 D=0.0 | spread=0.000 pi=1
  74.37s  t=74220 phase=2 freq=200.0 | I[A]: A=0.00 B=0.00 C=0.00 D=0.00 | duty[%]: A=0.0 B=0.0 C=0.0 D=0.0 | spread=0.000 pi=1
  74.87s  t=74720 phase=2 freq=200.0 | I[A]: A=0.00 B=0.00 C=0.00 D=0.00 | duty[%]: A=0.0 B=0.0 C=0.0 D=0.0 | spread=0.000 pi=1
  75.37s  t=75220 phase=2 freq=200.0 | I[A]: A=0.00 B=0.00 C=0.00 D=0.00 | duty[%]: A=0.0 B=0.0 C=0.0 D=0.0 | spread=0.000 pi=1
  75.87s  t=75721 phase=2 freq=200.0 | I[A]: A=0.00 B=0.00 C=0.00 D=0.00 | duty[%]: A=0.0 B=0.0 C=0.0 D=0.0 | spread=0.000 pi=1
  76.37s  t=76221 phase=2 freq=200.0 | I[A]: A=0.00 B=0.00 C=0.00 D=0.00 | duty[%]: A=0.0 B=0.0 C=0.0 D=0.0 | spread=0.000 pi=1
  76.87s  t=76722 phase=2 freq=200.0 | I[A]: A=0.00 B=0.00 C=0.00 D=0.00 | duty[%]: A=0.0 B=0.0 C=0.0 D=0.0 | spread=0.000 pi=1
  77.38s  t=77222 phase=2 freq=200.0 | I[A]: A=0.00 B=0.00 C=0.00 D=0.00 | duty[%]: A=0.0 B=0.0 C=0.0 D=0.0 | spread=0.000 pi=1
  77.87s  t=77723 phase=2 freq=200.0 | I[A]: A=0.00 B=0.00 C=0.00 D=0.00 | duty[%]: A=0.0 B=0.0 C=0.0 D=0.0 | spread=0.000 pi=1
  78.37s  t=78223 phase=2 freq=200.0 | I[A]: A=0.00 B=0.00 C=0.00 D=0.00 | duty[%]: A=0.0 B=0.0 C=0.0 D=0.0 | spread=0.000 pi=1
  78.87s  t=78724 phase=2 freq=200.0 | I[A]: A=0.00 B=0.00 C=0.00 D=0.00 | duty[%]: A=0.0 B=0.0 C=0.0 D=0.0 | spread=0.000 pi=1
  79.37s  t=79224 phase=2 freq=200.0 | I[A]: A=0.00 B=0.00 C=0.00 D=0.00 | duty[%]: A=0.0 B=0.0 C=0.0 D=0.0 | spread=0.000 pi=1
  79.88s  t=79725 phase=2 freq=200.0 | I[A]: A=0.00 B=0.00 C=0.00 D=0.00 | duty[%]: A=0.0 B=0.0 C=0.0 D=0.0 | spread=0.000 pi=1
  80.37s  t=80225 phase=2 freq=200.0 | I[A]: A=0.00 B=0.00 C=0.00 D=0.00 | duty[%]: A=0.0 B=0.0 C=0.0 D=0.0 | spread=0.000 pi=1
  80.88s  t=80726 phase=2 freq=200.0 | I[A]: A=0.00 B=0.00 C=0.00 D=0.00 | duty[%]: A=0.0 B=0.0 C=0.0 D=0.0 | spread=0.000 pi=1
  81.37s  t=81226 phase=2 freq=200.0 | I[A]: A=0.00 B=0.00 C=0.00 D=0.00 | duty[%]: A=0.0 B=0.0 C=0.0 D=0.0 | spread=0.000 pi=1
  81.87s  t=81727 phase=2 freq=200.0 | I[A]: A=0.00 B=0.00 C=0.00 D=0.00 | duty[%]: A=0.0 B=0.0 C=0.0 D=0.0 | spread=0.000 pi=1
  82.37s  t=82227 phase=2 freq=200.0 | I[A]: A=0.00 B=0.00 C=0.00 D=0.00 | duty[%]: A=0.0 B=0.0 C=0.0 D=0.0 | spread=0.000 pi=1
  82.88s  t=82728 phase=2 freq=200.0 | I[A]: A=0.00 B=0.00 C=0.00 D=0.00 | duty[%]: A=0.0 B=0.0 C=0.0 D=0.0 | spread=0.000 pi=1
  83.38s  t=83228 phase=2 freq=200.0 | I[A]: A=0.00 B=0.00 C=0.00 D=0.00 | duty[%]: A=0.0 B=0.0 C=0.0 D=0.0 | spread=0.000 pi=1
  83.88s  t=83728 phase=2 freq=200.0 | I[A]: A=0.00 B=0.00 C=0.00 D=0.00 | duty[%]: A=0.0 B=0.0 C=0.0 D=0.0 | spread=0.000 pi=1
  84.38s  t=84229 phase=2 freq=200.0 | I[A]: A=0.00 B=0.00 C=0.00 D=0.00 | duty[%]: A=0.0 B=0.0 C=0.0 D=0.0 | spread=0.000 pi=1
  84.88s  t=84729 phase=2 freq=200.0 | I[A]: A=0.00 B=0.00 C=0.00 D=0.00 | duty[%]: A=0.0 B=0.0 C=0.0 D=0.0 | spread=0.000 pi=1
  85.38s  t=85230 phase=2 freq=200.0 | I[A]: A=0.00 B=0.00 C=0.00 D=0.00 | duty[%]: A=0.0 B=0.0 C=0.0 D=0.0 | spread=0.000 pi=1
  85.88s  t=85730 phase=2 freq=200.0 | I[A]: A=0.00 B=0.00 C=0.00 D=0.00 | duty[%]: A=0.0 B=0.0 C=0.0 D=0.0 | spread=0.000 pi=1
  86.38s  t=86230 phase=2 freq=200.0 | I[A]: A=0.00 B=0.00 C=0.00 D=0.00 | duty[%]: A=0.0 B=0.0 C=0.0 D=0.0 | spread=0.000 pi=1
  86.88s  t=86730 phase=2 freq=200.0 | I[A]: A=0.00 B=0.00 C=0.00 D=0.00 | duty[%]: A=0.0 B=0.0 C=0.0 D=0.0 | spread=0.000 pi=1
  87.37s  t=87230 phase=2 freq=200.0 | I[A]: A=0.00 B=0.00 C=0.00 D=0.00 | duty[%]: A=0.0 B=0.0 C=0.0 D=0.0 | spread=0.000 pi=1
  87.88s  t=87731 phase=2 freq=200.0 | I[A]: A=0.00 B=0.00 C=0.00 D=0.00 | duty[%]: A=0.0 B=0.0 C=0.0 D=0.0 | spread=0.000 pi=1
  88.38s  t=88231 phase=2 freq=200.0 | I[A]: A=0.00 B=0.00 C=0.00 D=0.00 | duty[%]: A=0.0 B=0.0 C=0.0 D=0.0 | spread=0.000 pi=1
  88.88s  t=88732 phase=2 freq=200.0 | I[A]: A=0.00 B=0.00 C=0.00 D=0.00 | duty[%]: A=0.0 B=0.0 C=0.0 D=0.0 | spread=0.000 pi=1
  89.39s  t=89232 phase=2 freq=200.0 | I[A]: A=0.00 B=0.00 C=0.00 D=0.00 | duty[%]: A=0.0 B=0.0 C=0.0 D=0.0 | spread=0.000 pi=1
  89.88s  t=89733 phase=2 freq=200.0 | I[A]: A=0.00 B=0.00 C=0.00 D=0.00 | duty[%]: A=0.0 B=0.0 C=0.0 D=0.0 | spread=0.000 pi=1
  90.39s  t=90233 phase=2 freq=200.0 | I[A]: A=0.00 B=0.00 C=0.00 D=0.00 | duty[%]: A=0.0 B=0.0 C=0.0 D=0.0 | spread=0.000 pi=1
  90.88s  t=90734 phase=2 freq=200.0 | I[A]: A=0.00 B=0.00 C=0.00 D=0.00 | duty[%]: A=0.0 B=0.0 C=0.0 D=0.0 | spread=0.000 pi=1
  91.39s  t=91234 phase=2 freq=200.0 | I[A]: A=0.00 B=0.00 C=0.00 D=0.00 | duty[%]: A=0.0 B=0.0 C=0.0 D=0.0 | spread=0.000 pi=1
  91.88s  t=91735 phase=2 freq=200.0 | I[A]: A=0.00 B=0.00 C=0.00 D=0.00 | duty[%]: A=0.0 B=0.0 C=0.0 D=0.0 | spread=0.000 pi=1
  92.39s  t=92235 phase=2 freq=200.0 | I[A]: A=0.00 B=0.00 C=0.00 D=0.00 | duty[%]: A=0.0 B=0.0 C=0.0 D=0.0 | spread=0.000 pi=1
  92.88s  t=92736 phase=2 freq=200.0 | I[A]: A=0.00 B=0.00 C=0.00 D=0.00 | duty[%]: A=0.0 B=0.0 C=0.0 D=0.0 | spread=0.000 pi=1
  93.39s  t=93236 phase=2 freq=200.0 | I[A]: A=0.00 B=0.00 C=0.00 D=0.00 | duty[%]: A=0.0 B=0.0 C=0.0 D=0.0 | spread=0.000 pi=1
  93.88s  t=93737 phase=2 freq=200.0 | I[A]: A=0.00 B=0.00 C=0.00 D=0.00 | duty[%]: A=0.0 B=0.0 C=0.0 D=0.0 | spread=0.000 pi=1
  94.38s  t=94237 phase=2 freq=200.0 | I[A]: A=0.00 B=0.00 C=0.00 D=0.00 | duty[%]: A=0.0 B=0.0 C=0.0 D=0.0 | spread=0.000 pi=1
  94.89s  t=94738 phase=2 freq=200.0 | I[A]: A=0.00 B=0.00 C=0.00 D=0.00 | duty[%]: A=0.0 B=0.0 C=0.0 D=0.0 | spread=0.000 pi=1
  95.39s  t=95238 phase=2 freq=200.0 | I[A]: A=0.00 B=0.00 C=0.00 D=0.00 | duty[%]: A=0.0 B=0.0 C=0.0 D=0.0 | spread=0.000 pi=1
  95.89s  t=95738 phase=2 freq=200.0 | I[A]: A=0.00 B=0.00 C=0.00 D=0.00 | duty[%]: A=0.0 B=0.0 C=0.0 D=0.0 | spread=0.000 pi=1
  96.39s  t=96239 phase=2 freq=200.0 | I[A]: A=0.00 B=0.00 C=0.00 D=0.00 | duty[%]: A=0.0 B=0.0 C=0.0 D=0.0 | spread=0.000 pi=1
  96.89s  t=96739 phase=2 freq=200.0 | I[A]: A=0.00 B=0.00 C=0.00 D=0.00 | duty[%]: A=0.0 B=0.0 C=0.0 D=0.0 | spread=0.000 pi=1
  97.39s  t=97240 phase=2 freq=200.0 | I[A]: A=0.00 B=0.00 C=0.00 D=0.00 | duty[%]: A=0.0 B=0.0 C=0.0 D=0.0 | spread=0.000 pi=1
  97.89s  t=97740 phase=2 freq=200.0 | I[A]: A=0.00 B=0.00 C=0.00 D=0.00 | duty[%]: A=0.0 B=0.0 C=0.0 D=0.0 | spread=0.000 pi=1
  98.39s  t=98240 phase=2 freq=200.0 | I[A]: A=0.00 B=0.00 C=0.00 D=0.00 | duty[%]: A=0.0 B=0.0 C=0.0 D=0.0 | spread=0.000 pi=1
  98.89s  t=98740 phase=2 freq=200.0 | I[A]: A=0.00 B=0.00 C=0.00 D=0.00 | duty[%]: A=0.0 B=0.0 C=0.0 D=0.0 | spread=0.000 pi=1
  99.39s  t=99240 phase=2 freq=200.0 | I[A]: A=0.00 B=0.00 C=0.00 D=0.00 | duty[%]: A=0.0 B=0.0 C=0.0 D=0.0 | spread=0.000 pi=1
  99.89s  t=99740 phase=2 freq=200.0 | I[A]: A=0.00 B=0.00 C=0.00 D=0.00 | duty[%]: A=0.0 B=0.0 C=0.0 D=0.0 | spread=0.000 pi=1
 100.39s  t=100241 phase=2 freq=200.0 | I[A]: A=0.00 B=0.00 C=0.00 D=0.00 | duty[%]: A=0.0 B=0.0 C=0.0 D=0.0 | spread=0.000 pi=1
 100.89s  t=100741 phase=2 freq=200.0 | I[A]: A=0.00 B=0.00 C=0.00 D=0.00 | duty[%]: A=0.0 B=0.0 C=0.0 D=0.0 | spread=0.000 pi=1
 101.39s  t=101241 phase=2 freq=200.0 | I[A]: A=0.00 B=0.00 C=0.00 D=0.00 | duty[%]: A=0.0 B=0.0 C=0.0 D=0.0 | spread=0.000 pi=1
 101.89s  t=101742 phase=2 freq=200.0 | I[A]: A=0.00 B=0.00 C=0.00 D=0.00 | duty[%]: A=0.0 B=0.0 C=0.0 D=0.0 | spread=0.000 pi=1
 102.39s  t=102242 phase=2 freq=200.0 | I[A]: A=0.00 B=0.00 C=0.00 D=0.00 | duty[%]: A=0.0 B=0.0 C=0.0 D=0.0 | spread=0.000 pi=1
 102.89s  t=102742 phase=2 freq=200.0 | I[A]: A=0.00 B=0.00 C=0.00 D=0.00 | duty[%]: A=0.0 B=0.0 C=0.0 D=0.0 | spread=0.000 pi=1
 103.39s  t=103243 phase=2 freq=200.0 | I[A]: A=0.00 B=0.00 C=0.00 D=0.00 | duty[%]: A=0.0 B=0.0 C=0.0 D=0.0 | spread=0.000 pi=1
 103.89s  t=103743 phase=2 freq=200.0 | I[A]: A=0.00 B=0.00 C=0.00 D=0.00 | duty[%]: A=0.0 B=0.0 C=0.0 D=0.0 | spread=0.000 pi=1
 104.39s  t=104244 phase=2 freq=200.0 | I[A]: A=0.00 B=0.00 C=0.00 D=0.00 | duty[%]: A=0.0 B=0.0 C=0.0 D=0.0 | spread=0.000 pi=1
 104.90s  t=104744 phase=2 freq=200.0 | I[A]: A=0.00 B=0.00 C=0.00 D=0.00 | duty[%]: A=0.0 B=0.0 C=0.0 D=0.0 | spread=0.000 pi=1
 105.39s  t=105245 phase=2 freq=200.0 | I[A]: A=0.00 B=0.00 C=0.00 D=0.00 | duty[%]: A=0.0 B=0.0 C=0.0 D=0.0 | spread=0.000 pi=1
 105.89s  t=105745 phase=2 freq=200.0 | I[A]: A=0.00 B=0.00 C=0.00 D=0.00 | duty[%]: A=0.0 B=0.0 C=0.0 D=0.0 | spread=0.000 pi=1
 106.40s  t=106245 phase=2 freq=200.0 | I[A]: A=0.00 B=0.00 C=0.00 D=0.00 | duty[%]: A=0.0 B=0.0 C=0.0 D=0.0 | spread=0.000 pi=1
 106.89s  t=106746 phase=2 freq=200.0 | I[A]: A=0.00 B=0.00 C=0.00 D=0.00 | duty[%]: A=0.0 B=0.0 C=0.0 D=0.0 | spread=0.000 pi=1
 107.40s  t=107247 phase=2 freq=200.0 | I[A]: A=0.00 B=0.00 C=0.00 D=0.00 | duty[%]: A=0.0 B=0.0 C=0.0 D=0.0 | spread=0.000 pi=1
 107.90s  t=107747 phase=2 freq=200.0 | I[A]: A=0.00 B=0.00 C=0.00 D=0.00 | duty[%]: A=0.0 B=0.0 C=0.0 D=0.0 | spread=0.000 pi=1
 108.39s  t=108247 phase=2 freq=200.0 | I[A]: A=0.00 B=0.00 C=0.00 D=0.00 | duty[%]: A=0.0 B=0.0 C=0.0 D=0.0 | spread=0.000 pi=1
 108.90s  t=108748 phase=2 freq=200.0 | I[A]: A=0.00 B=0.00 C=0.00 D=0.00 | duty[%]: A=0.0 B=0.0 C=0.0 D=0.0 | spread=0.000 pi=1
 109.39s  t=109248 phase=2 freq=200.0 | I[A]: A=0.00 B=0.00 C=0.00 D=0.00 | duty[%]: A=0.0 B=0.0 C=0.0 D=0.0 | spread=0.000 pi=1
 109.90s  t=109749 phase=2 freq=200.0 | I[A]: A=0.00 B=0.00 C=0.00 D=0.00 | duty[%]: A=0.0 B=0.0 C=0.0 D=0.0 | spread=0.000 pi=1
 110.39s  t=110249 phase=2 freq=200.0 | I[A]: A=0.00 B=0.00 C=0.00 D=0.00 | duty[%]: A=0.0 B=0.0 C=0.0 D=0.0 | spread=0.000 pi=1
 110.90s  t=110749 phase=2 freq=200.0 | I[A]: A=0.00 B=0.00 C=0.00 D=0.00 | duty[%]: A=0.0 B=0.0 C=0.0 D=0.0 | spread=0.000 pi=1
 111.40s  t=111249 phase=2 freq=200.0 | I[A]: A=0.00 B=0.00 C=0.00 D=0.00 | duty[%]: A=0.0 B=0.0 C=0.0 D=0.0 | spread=0.000 pi=1
 111.89s  t=111750 phase=2 freq=200.0 | I[A]: A=0.00 B=0.00 C=0.00 D=0.00 | duty[%]: A=0.0 B=0.0 C=0.0 D=0.0 | spread=0.000 pi=1
 112.40s  t=112250 phase=2 freq=200.0 | I[A]: A=0.00 B=0.00 C=0.00 D=0.00 | duty[%]: A=0.0 B=0.0 C=0.0 D=0.0 | spread=0.000 pi=1
 112.90s  t=112751 phase=2 freq=200.0 | I[A]: A=0.00 B=0.00 C=0.00 D=0.00 | duty[%]: A=0.0 B=0.0 C=0.0 D=0.0 | spread=0.000 pi=1
 113.40s  t=113251 phase=2 freq=200.0 | I[A]: A=0.00 B=0.00 C=0.00 D=0.00 | duty[%]: A=0.0 B=0.0 C=0.0 D=0.0 | spread=0.000 pi=1
 113.90s  t=113752 phase=2 freq=200.0 | I[A]: A=0.00 B=0.00 C=0.00 D=0.00 | duty[%]: A=0.0 B=0.0 C=0.0 D=0.0 | spread=0.000 pi=1
 114.40s  t=114253 phase=2 freq=200.0 | I[A]: A=0.00 B=0.00 C=0.00 D=0.00 | duty[%]: A=0.0 B=0.0 C=0.0 D=0.0 | spread=0.000 pi=1
 114.91s  t=114753 phase=2 freq=200.0 | I[A]: A=0.00 B=0.00 C=0.00 D=0.00 | duty[%]: A=0.0 B=0.0 C=0.0 D=0.0 | spread=0.000 pi=1
 115.40s  t=115253 phase=2 freq=200.0 | I[A]: A=0.00 B=0.00 C=0.00 D=0.00 | duty[%]: A=0.0 B=0.0 C=0.0 D=0.0 | spread=0.000 pi=1
 115.90s  t=115753 phase=2 freq=200.0 | I[A]: A=0.00 B=0.00 C=0.00 D=0.00 | duty[%]: A=0.0 B=0.0 C=0.0 D=0.0 | spread=0.000 pi=1
 116.40s  t=116253 phase=2 freq=200.0 | I[A]: A=0.00 B=0.00 C=0.00 D=0.00 | duty[%]: A=0.0 B=0.0 C=0.0 D=0.0 | spread=0.000 pi=1
 116.91s  t=116754 phase=2 freq=200.0 | I[A]: A=0.00 B=0.00 C=0.00 D=0.00 | duty[%]: A=0.0 B=0.0 C=0.0 D=0.0 | spread=0.000 pi=1
 117.40s  t=117254 phase=2 freq=200.0 | I[A]: A=0.00 B=0.00 C=0.00 D=0.00 | duty[%]: A=0.0 B=0.0 C=0.0 D=0.0 | spread=0.000 pi=1
 117.91s  t=117755 phase=2 freq=200.0 | I[A]: A=0.00 B=0.00 C=0.00 D=0.00 | duty[%]: A=0.0 B=0.0 C=0.0 D=0.0 | spread=0.000 pi=1
 118.40s  t=118255 phase=2 freq=200.0 | I[A]: A=0.00 B=0.00 C=0.00 D=0.00 | duty[%]: A=0.0 B=0.0 C=0.0 D=0.0 | spread=0.000 pi=1
 118.91s  t=118756 phase=2 freq=200.0 | I[A]: A=0.00 B=0.00 C=0.00 D=0.00 | duty[%]: A=0.0 B=0.0 C=0.0 D=0.0 | spread=0.000 pi=1
 119.40s  t=119257 phase=2 freq=200.0 | I[A]: A=0.00 B=0.00 C=0.00 D=0.00 | duty[%]: A=0.0 B=0.0 C=0.0 D=0.0 | spread=0.000 pi=1
