   0.00s  ets Jul 29 2019 12:21:46
   0.00s  
   0.00s  rst:0x1 (POWERON_RESET),boot:0x13 (SPI_FAST_FLASH_BOOT)
   0.00s  configsip: 0, SPIWP:0xee
   0.00s  clk_drv:0x00,q_drv:0x00,d_drv:0x00,cs0_drv:0x00,hd_drv:0x00,wp_drv:0x00
   0.00s  mode:DIO, clock div:2
   0.00s  load:0x3fff0030,len:1184
   0.00s  load:0x40078000,len:13232
   0.00s  load:0x40080400,len:3028
   0.00s  entry 0x400805e4
   1.18s  main_tilt_pi: arming 3s (coils confirmed off, ADC zero recalibrating), then autonomously running the tilt schedule with PI compensation -- NO e-stop listener, NO overcurrent trip (removed) -- ONLY cutting power stops it early; PSU current limit is the only protection
   4.15s  ARMED -> running tilt schedule
   4.17s  t=4033 | carrier=100% ref=5.00A | I[A]: A=0.00 B=0.00 C=0.00 D=0.00 | duty[%]: A=16.9 B=16.9 C=16.9 D=16.9
   4.37s  t=4233 | carrier=100% ref=5.00A | I[A]: A=0.00 B=0.00 C=0.01 D=0.01 | duty[%]: A=66.1 B=66.1 C=66.0 D=65.9
   4.57s  t=4433 | carrier=100% ref=5.00A | I[A]: A=0.07 B=0.06 C=0.00 D=0.00 | duty[%]: A=100.0 B=100.0 C=100.0 D=100.0
   4.77s  t=4634 | carrier=100% ref=5.00A | I[A]: A=0.00 B=0.00 C=0.09 D=0.09 | duty[%]: A=100.0 B=100.0 C=100.0 D=100.0
   4.96s  t=4834 | carrier=100% ref=5.00A | I[A]: A=0.07 B=0.08 C=0.00 D=0.00 | duty[%]: A=100.0 B=100.0 C=100.0 D=100.0
   5.17s  t=5034 | carrier=100% ref=5.00A | I[A]: A=0.00 B=0.00 C=0.05 D=0.04 | duty[%]: A=100.0 B=100.0 C=100.0 D=100.0
   5.37s  t=5234 | carrier=100% ref=5.00A | I[A]: A=0.02 B=0.02 C=0.00 D=0.00 | duty[%]: A=100.0 B=100.0 C=100.0 D=100.0
   5.57s  t=5435 | carrier=100% ref=5.00A | I[A]: A=0.06 B=0.05 C=0.00 D=0.00 | duty[%]: A=100.0 B=100.0 C=100.0 D=100.0
   5.76s  t=5635 | carrier=100% ref=5.00A | I[A]: A=0.06 B=0.07 C=0.01 D=0.01 | duty[%]: A=100.0 B=100.0 C=100.0 D=100.0
   5.97s  t=5835 | carrier=100% ref=5.00A | I[A]: A=0.05 B=0.04 C=0.01 D=0.01 | duty[%]: A=100.0 B=100.0 C=100.0 D=100.0
   6.17s  t=6035 | carrier=100% ref=5.00A | I[A]: A=0.02 B=0.03 C=0.11 D=0.09 | duty[%]: A=100.0 B=100.0 C=100.0 D=100.0
   6.37s  t=6236 | carrier=100% ref=5.00A | I[A]: A=0.12 B=0.12 C=0.03 D=0.03 | duty[%]: A=100.0 B=100.0 C=100.0 D=100.0
   6.57s  t=6436 | carrier=100% ref=5.00A | I[A]: A=0.02 B=0.02 C=0.06 D=0.08 | duty[%]: A=100.0 B=100.0 C=100.0 D=100.0
   6.77s  t=6636 | carrier=100% ref=5.00A | I[A]: A=0.03 B=0.03 C=0.10 D=0.09 | duty[%]: A=100.0 B=100.0 C=100.0 D=100.0
   6.97s  t=6836 | carrier=100% ref=5.00A | I[A]: A=0.18 B=0.17 C=0.07 D=0.06 | duty[%]: A=100.0 B=100.0 C=100.0 D=100.0
   7.17s  t=7037 | carrier=100% ref=5.00A | I[A]: A=0.07 B=0.08 C=0.04 D=0.05 | duty[%]: A=100.0 B=100.0 C=100.0 D=100.0
   7.37s  t=7237 | carrier=100% ref=5.00A | I[A]: A=0.11 B=0.13 C=0.06 D=0.05 | duty[%]: A=100.0 B=100.0 C=100.0 D=100.0
   7.57s  t=7437 | carrier=100% ref=5.00A | I[A]: A=0.13 B=0.14 C=0.07 D=0.07 | duty[%]: A=100.0 B=100.0 C=100.0 D=100.0
   7.77s  t=7637 | carrier=100% ref=5.00A | I[A]: A=0.10 B=0.09 C=0.16 D=0.16 | duty[%]: A=100.0 B=100.0 C=100.0 D=100.0
   7.97s  t=7838 | carrier=100% ref=5.00A | I[A]: A=0.14 B=0.13 C=0.07 D=0.08 | duty[%]: A=100.0 B=100.0 C=100.0 D=100.0
   8.17s  t=8038 | carrier=100% ref=5.00A | I[A]: A=0.12 B=0.14 C=0.21 D=0.20 | duty[%]: A=100.0 B=100.0 C=100.0 D=100.0
   8.37s  t=8238 | carrier=100% ref=5.00A | I[A]: A=0.10 B=0.11 C=0.17 D=0.15 | duty[%]: A=100.0 B=100.0 C=100.0 D=100.0
   8.58s  t=8439 | carrier=100% ref=5.00A | I[A]: A=0.14 B=0.13 C=0.21 D=0.21 | duty[%]: A=100.0 B=100.0 C=100.0 D=100.0
   8.77s  t=8639 | carrier=100% ref=5.00A | I[A]: A=0.12 B=0.20 C=0.18 D=0.19 | duty[%]: A=100.0 B=100.0 C=100.0 D=100.0
   8.97s  t=8839 | carrier=100% ref=5.00A | I[A]: A=0.17 B=0.16 C=0.28 D=0.26 | duty[%]: A=100.0 B=100.0 C=100.0 D=100.0
   9.17s  t=9040 | carrier=100% ref=5.00A | I[A]: A=0.19 B=0.19 C=0.26 D=0.25 | duty[%]: A=100.0 B=100.0 C=100.0 D=100.0
   9.38s  t=9240 | carrier=100% ref=5.00A | I[A]: A=0.27 B=0.28 C=0.21 D=0.21 | duty[%]: A=100.0 B=100.0 C=100.0 D=100.0
   9.58s  t=9440 | carrier=100% ref=5.00A | I[A]: A=0.31 B=0.31 C=0.21 D=0.20 | duty[%]: A=100.0 B=100.0 C=100.0 D=100.0
   9.77s  t=9641 | carrier=100% ref=5.00A | I[A]: A=0.26 B=0.27 C=0.33 D=0.31 | duty[%]: A=100.0 B=100.0 C=100.0 D=100.0
   9.97s  t=9841 | carrier=100% ref=5.00A | I[A]: A=0.29 B=0.28 C=0.34 D=0.34 | duty[%]: A=100.0 B=100.0 C=100.0 D=100.0
  10.18s  t=10041 | carrier=100% ref=5.00A | I[A]: A=0.25 B=0.26 C=0.33 D=0.30 | duty[%]: A=100.0 B=100.0 C=100.0 D=100.0
  10.38s  t=10242 | carrier=100% ref=5.00A | I[A]: A=0.26 B=0.24 C=0.33 D=0.33 | duty[%]: A=100.0 B=100.0 C=100.0 D=100.0
  10.58s  t=10442 | carrier=100% ref=5.00A | I[A]: A=0.34 B=0.32 C=0.29 D=0.28 | duty[%]: A=100.0 B=100.0 C=100.0 D=100.0
  10.77s  t=10642 | carrier=100% ref=5.00A | I[A]: A=0.36 B=0.37 C=0.33 D=0.29 | duty[%]: A=100.0 B=100.0 C=100.0 D=100.0
  10.97s  t=10843 | carrier=100% ref=5.00A | I[A]: A=0.33 B=0.31 C=0.39 D=0.37 | duty[%]: A=100.0 B=100.0 C=100.0 D=100.0
  11.18s  t=11043 | carrier=100% ref=5.00A | I[A]: A=0.41 B=0.47 C=0.38 D=0.38 | duty[%]: A=100.0 B=100.0 C=100.0 D=100.0
  11.38s  t=11244 | carrier=100% ref=5.00A | I[A]: A=0.41 B=0.40 C=0.46 D=0.49 | duty[%]: A=100.0 B=100.0 C=100.0 D=100.0
  11.58s  t=11444 | carrier=100% ref=5.00A | I[A]: A=0.38 B=0.38 C=0.42 D=0.51 | duty[%]: A=100.0 B=100.0 C=100.0 D=100.0
  11.78s  t=11644 | carrier=100% ref=5.00A | I[A]: A=0.42 B=0.40 C=0.47 D=0.55 | duty[%]: A=100.0 B=100.0 C=100.0 D=100.0
  11.98s  t=11845 | carrier=100% ref=5.00A | I[A]: A=0.52 B=0.51 C=0.40 D=0.51 | duty[%]: A=100.0 B=100.0 C=100.0 D=100.0
  12.18s  t=12045 | carrier=100% ref=5.00A | I[A]: A=0.53 B=0.47 C=0.41 D=0.48 | duty[%]: A=100.0 B=100.0 C=100.0 D=100.0
  12.38s  t=12245 | carrier=100% ref=5.00A | I[A]: A=0.49 B=0.59 C=0.48 D=0.56 | duty[%]: A=100.0 B=100.0 C=100.0 D=100.0
  12.58s  t=12446 | carrier=100% ref=5.00A | I[A]: A=0.56 B=0.55 C=0.48 D=0.53 | duty[%]: A=100.0 B=100.0 C=100.0 D=100.0
  12.78s  t=12646 | carrier=100% ref=5.00A | I[A]: A=0.58 B=0.62 C=0.51 D=0.51 | duty[%]: A=100.0 B=100.0 C=100.0 D=100.0
  12.98s  t=12846 | carrier=100% ref=5.00A | I[A]: A=0.54 B=0.56 C=0.60 D=0.56 | duty[%]: A=100.0 B=100.0 C=100.0 D=100.0
  13.18s  t=13047 | carrier=100% ref=5.00A | I[A]: A=0.67 B=0.67 C=0.61 D=0.54 | duty[%]: A=100.0 B=100.0 C=100.0 D=100.0
  13.38s  t=13247 | carrier=100% ref=5.00A | I[A]: A=0.75 B=0.72 C=0.74 D=0.56 | duty[%]: A=100.0 B=100.0 C=100.0 D=100.0
  13.59s  t=13448 | carrier=100% ref=5.00A | I[A]: A=0.64 B=0.62 C=0.80 D=0.57 | duty[%]: A=100.0 B=100.0 C=100.0 D=100.0
  13.78s  t=13648 | carrier=100% ref=5.00A | I[A]: A=0.77 B=0.75 C=0.81 D=0.54 | duty[%]: A=100.0 B=100.0 C=100.0 D=100.0
  13.98s  t=13848 | carrier=100% ref=5.00A | I[A]: A=0.76 B=0.77 C=0.90 D=0.55 | duty[%]: A=100.0 B=100.0 C=100.0 D=100.0
  14.18s  t=14049 | carrier=100% ref=5.00A | I[A]: A=0.68 B=0.67 C=0.99 D=0.62 | duty[%]: A=100.0 B=100.0 C=100.0 D=100.0
  14.39s  t=14249 | carrier=100% ref=5.00A | I[A]: A=0.72 B=0.79 C=0.99 D=0.56 | duty[%]: A=100.0 B=100.0 C=100.0 D=100.0
  14.59s  t=14450 | carrier=100% ref=5.00A | I[A]: A=0.75 B=0.75 C=1.12 D=0.63 | duty[%]: A=100.0 B=100.0 C=100.0 D=100.0
  14.78s  t=14650 | carrier=100% ref=5.00A | I[A]: A=0.75 B=0.83 C=1.00 D=0.53 | duty[%]: A=100.0 B=100.0 C=100.0 D=100.0
  14.98s  t=14850 | carrier=100% ref=5.00A | I[A]: A=0.71 B=0.76 C=1.01 D=0.59 | duty[%]: A=100.0 B=100.0 C=100.0 D=100.0
  15.19s  t=15050 | carrier=100% ref=5.00A | I[A]: A=0.81 B=0.81 C=0.96 D=0.57 | duty[%]: A=100.0 B=100.0 C=100.0 D=100.0
  15.39s  t=15251 | carrier=100% ref=5.00A | I[A]: A=0.78 B=0.75 C=0.91 D=0.52 | duty[%]: A=100.0 B=100.0 C=100.0 D=100.0
  15.58s  t=15451 | carrier=100% ref=5.00A | I[A]: A=0.84 B=0.83 C=0.94 D=0.59 | duty[%]: A=100.0 B=100.0 C=100.0 D=100.0
  15.78s  t=15651 | carrier=100% ref=5.00A | I[A]: A=0.78 B=0.80 C=0.99 D=0.64 | duty[%]: A=100.0 B=100.0 C=100.0 D=100.0
  15.98s  t=15851 | carrier=100% ref=5.00A | I[A]: A=0.84 B=0.89 C=0.91 D=0.64 | duty[%]: A=100.0 B=100.0 C=100.0 D=100.0
  16.19s  t=16052 | carrier=100% ref=5.00A | I[A]: A=0.90 B=0.90 C=0.92 D=0.66 | duty[%]: A=100.0 B=100.0 C=100.0 D=100.0
  16.39s  t=16252 | carrier=100% ref=5.00A | I[A]: A=0.79 B=0.93 C=0.89 D=0.67 | duty[%]: A=100.0 B=100.0 C=100.0 D=100.0
  16.58s  t=16452 | carrier=100% ref=5.00A | I[A]: A=0.84 B=0.85 C=0.95 D=0.74 | duty[%]: A=100.0 B=100.0 C=100.0 D=100.0
  16.78s  t=16652 | carrier=100% ref=5.00A | I[A]: A=0.87 B=0.93 C=0.89 D=0.75 | duty[%]: A=100.0 B=100.0 C=100.0 D=100.0
  16.99s  t=16853 | carrier=100% ref=5.00A | I[A]: A=0.89 B=0.97 C=0.93 D=0.76 | duty[%]: A=100.0 B=100.0 C=100.0 D=100.0
  17.19s  t=17053 | carrier=100% ref=5.00A | I[A]: A=0.98 B=0.95 C=0.88 D=0.79 | duty[%]: A=100.0 B=100.0 C=100.0 D=100.0
  17.39s  t=17253 | carrier=100% ref=5.00A | I[A]: A=0.92 B=0.92 C=0.97 D=0.86 | duty[%]: A=100.0 B=100.0 C=100.0 D=100.0
  17.58s  t=17454 | carrier=100% ref=5.00A | I[A]: A=0.95 B=0.99 C=1.02 D=0.97 | duty[%]: A=100.0 B=100.0 C=100.0 D=100.0
  17.79s  t=17654 | carrier=100% ref=5.00A | I[A]: A=0.96 B=1.00 C=1.01 D=0.96 | duty[%]: A=100.0 B=100.0 C=100.0 D=100.0
  17.99s  t=17855 | carrier=100% ref=5.00A | I[A]: A=1.00 B=1.10 C=1.05 D=1.02 | duty[%]: A=100.0 B=100.0 C=100.0 D=100.0
  18.19s  t=18055 | carrier=100% ref=5.00A | I[A]: A=1.01 B=1.16 C=1.09 D=1.05 | duty[%]: A=100.0 B=100.0 C=100.0 D=100.0
  18.39s  t=18255 | carrier=100% ref=5.00A | I[A]: A=1.11 B=1.13 C=1.15 D=1.16 | duty[%]: A=100.0 B=100.0 C=100.0 D=100.0
  18.59s  t=18456 | carrier=100% ref=5.00A | I[A]: A=1.21 B=1.25 C=1.13 D=1.19 | duty[%]: A=100.0 B=100.0 C=100.0 D=100.0
  18.79s  t=18656 | carrier=100% ref=5.00A | I[A]: A=1.21 B=1.27 C=1.25 D=1.33 | duty[%]: A=100.0 B=100.0 C=100.0 D=100.0
  19.00s  t=18857 | carrier=100% ref=5.00A | I[A]: A=1.26 B=1.33 C=1.27 D=1.40 | duty[%]: A=100.0 B=100.0 C=100.0 D=100.0
  19.19s  t=19058 | carrier=100% ref=5.00A | I[A]: A=1.35 B=1.40 C=1.35 D=1.50 | duty[%]: A=100.0 B=100.0 C=100.0 D=100.0
  19.39s  t=19258 | carrier=100% ref=5.00A | I[A]: A=1.46 B=1.55 C=1.33 D=1.58 | duty[%]: A=100.0 B=100.0 C=100.0 D=100.0
  19.59s  t=19458 | carrier=100% ref=5.00A | I[A]: A=1.39 B=1.57 C=1.38 D=1.64 | duty[%]: A=100.0 B=100.0 C=100.0 D=100.0
  19.79s  t=19659 | carrier=100% ref=5.00A | I[A]: A=1.60 B=1.58 C=1.39 D=1.68 | duty[%]: A=100.0 B=100.0 C=100.0 D=100.0
  20.00s  t=19860 | carrier=100% ref=5.00A | I[A]: A=1.60 B=1.76 C=1.48 D=1.93 | duty[%]: A=100.0 B=100.0 C=100.0 D=100.0
  20.20s  t=20060 | carrier=100% ref=5.00A | I[A]: A=1.68 B=1.80 C=1.56 D=2.08 | duty[%]: A=100.0 B=100.0 C=100.0 D=100.0
  20.39s  t=20261 | carrier=100% ref=5.00A | I[A]: A=1.84 B=2.01 C=1.61 D=2.06 | duty[%]: A=100.0 B=100.0 C=100.0 D=100.0
  20.59s  t=20461 | carrier=100% ref=5.00A | I[A]: A=1.86 B=1.94 C=1.74 D=2.26 | duty[%]: A=100.0 B=100.0 C=100.0 D=100.0
  20.80s  t=20662 | carrier=100% ref=5.00A | I[A]: A=1.93 B=2.10 C=1.73 D=2.29 | duty[%]: A=100.0 B=100.0 C=100.0 D=100.0
  21.00s  t=20863 | carrier=100% ref=5.00A | I[A]: A=2.09 B=2.25 C=1.80 D=2.52 | duty[%]: A=100.0 B=100.0 C=100.0 D=100.0
  21.20s  t=21063 | carrier=100% ref=5.00A | I[A]: A=2.19 B=2.34 C=1.85 D=2.61 | duty[%]: A=100.0 B=100.0 C=100.0 D=100.0
  21.40s  t=21263 | carrier=100% ref=5.00A | I[A]: A=2.23 B=2.40 C=2.00 D=2.84 | duty[%]: A=100.0 B=100.0 C=100.0 D=100.0
  21.59s  t=21463 | carrier=100% ref=5.00A | I[A]: A=2.34 B=2.55 C=1.95 D=2.95 | duty[%]: A=100.0 B=100.0 C=100.0 D=100.0
  21.80s  t=21664 | carrier=100% ref=5.00A | I[A]: A=2.41 B=2.67 C=2.04 D=3.25 | duty[%]: A=100.0 B=100.0 C=100.0 D=100.0
  22.00s  t=21865 | carrier=100% ref=5.00A | I[A]: A=2.47 B=2.76 C=2.13 D=3.38 | duty[%]: A=100.0 B=100.0 C=100.0 D=100.0
  22.20s  t=22066 | carrier=100% ref=5.00A | I[A]: A=2.62 B=2.84 C=2.08 D=3.56 | duty[%]: A=100.0 B=100.0 C=100.0 D=100.0
  22.41s  t=22267 | carrier=100% ref=5.00A | I[A]: A=2.60 B=2.90 C=2.13 D=3.61 | duty[%]: A=100.0 B=100.0 C=100.0 D=100.0
  22.60s  t=22468 | carrier=100% ref=5.00A | I[A]: A=2.75 B=2.97 C=2.24 D=3.92 | duty[%]: A=100.0 B=100.0 C=100.0 D=100.0
  22.80s  t=22669 | carrier=100% ref=5.00A | I[A]: A=2.75 B=3.04 C=2.26 D=4.02 | duty[%]: A=100.0 B=100.0 C=100.0 D=100.0
  23.00s  t=22870 | carrier=100% ref=5.00A | I[A]: A=2.85 B=3.09 C=2.28 D=4.26 | duty[%]: A=100.0 B=100.0 C=100.0 D=100.0
  23.20s  t=23071 | carrier=100% ref=5.00A | I[A]: A=2.98 B=3.19 C=2.30 D=4.48 | duty[%]: A=100.0 B=100.0 C=100.0 D=100.0
  23.41s  t=23272 | carrier=100% ref=5.00A | I[A]: A=2.95 B=3.23 C=2.27 D=4.44 | duty[%]: A=100.0 B=100.0 C=100.0 D=100.0
  23.61s  t=23473 | carrier=100% ref=5.00A | I[A]: A=3.13 B=3.22 C=2.26 D=4.57 | duty[%]: A=100.0 B=100.0 C=100.0 D=100.0
  23.81s  t=23674 | carrier=100% ref=5.00A | I[A]: A=3.21 B=3.07 C=2.30 D=4.38 | duty[%]: A=100.0 B=100.0 C=100.0 D=100.0
  24.01s  t=23874 | carrier=100% ref=5.00A | I[A]: A=3.28 B=2.91 C=2.38 D=4.48 | duty[%]: A=100.0 B=100.0 C=100.0 D=100.0
  24.20s  t=24075 | carrier=100% ref=5.00A | I[A]: A=3.25 B=2.81 C=2.40 D=4.31 | duty[%]: A=100.0 B=100.0 C=100.0 D=100.0
  24.41s  t=24275 | carrier=100% ref=5.00A | I[A]: A=3.30 B=2.72 C=2.39 D=4.32 | duty[%]: A=100.0 B=100.0 C=100.0 D=100.0
  24.61s  t=24476 | carrier=100% ref=5.00A | I[A]: A=3.50 B=2.78 C=2.41 D=4.35 | duty[%]: A=100.0 B=100.0 C=100.0 D=100.0
  24.81s  t=24676 | carrier=100% ref=5.00A | I[A]: A=3.40 B=2.58 C=2.40 D=4.29 | duty[%]: A=100.0 B=100.0 C=100.0 D=100.0
  25.01s  t=24876 | carrier=100% ref=5.00A | I[A]: A=3.36 B=2.55 C=2.43 D=4.30 | duty[%]: A=100.0 B=100.0 C=100.0 D=100.0
  25.21s  t=25077 | carrier=100% ref=5.00A | I[A]: A=3.75 B=2.54 C=2.36 D=4.40 | duty[%]: A=100.0 B=100.0 C=100.0 D=100.0
  25.41s  t=25277 | carrier=100% ref=5.00A | I[A]: A=3.36 B=2.11 C=2.44 D=4.72 | duty[%]: A=100.0 B=100.0 C=100.0 D=100.0
  25.61s  t=25477 | carrier=100% ref=5.00A | I[A]: A=3.61 B=2.61 C=2.46 D=4.10 | duty[%]: A=100.0 B=100.0 C=100.0 D=100.0
  25.81s  t=25677 | carrier=100% ref=5.00A | I[A]: A=3.77 B=2.48 C=2.25 D=4.49 | duty[%]: A=100.0 B=100.0 C=100.0 D=100.0
  26.01s  t=25877 | carrier=100% ref=5.00A | I[A]: A=3.56 B=2.41 C=2.42 D=4.48 | duty[%]: A=100.0 B=100.0 C=100.0 D=100.0
  26.21s  t=26078 | carrier=100% ref=5.00A | I[A]: A=3.67 B=2.38 C=2.35 D=4.56 | duty[%]: A=100.0 B=100.0 C=100.0 D=100.0
  26.41s  t=26278 | carrier=100% ref=5.00A | I[A]: A=3.57 B=2.43 C=2.31 D=4.47 | duty[%]: A=100.0 B=100.0 C=100.0 D=100.0
  26.62s  t=26478 | carrier=100% ref=5.00A | I[A]: A=3.65 B=2.43 C=2.28 D=4.46 | duty[%]: A=100.0 B=100.0 C=100.0 D=100.0
  26.81s  t=26678 | carrier=100% ref=5.00A | I[A]: A=3.66 B=2.33 C=2.23 D=4.59 | duty[%]: A=100.0 B=100.0 C=100.0 D=100.0
  27.01s  t=26879 | carrier=100% ref=5.00A | I[A]: A=3.68 B=2.44 C=2.23 D=4.52 | duty[%]: A=100.0 B=100.0 C=100.0 D=100.0
  27.21s  t=27079 | carrier=100% ref=5.00A | I[A]: A=3.64 B=2.46 C=2.20 D=4.56 | duty[%]: A=100.0 B=100.0 C=100.0 D=100.0
  27.42s  t=27279 | carrier=100% ref=5.00A | I[A]: A=3.62 B=2.38 C=2.26 D=4.66 | duty[%]: A=100.0 B=100.0 C=100.0 D=100.0
  27.62s  t=27479 | carrier=100% ref=5.00A | I[A]: A=3.60 B=2.40 C=2.21 D=4.69 | duty[%]: A=100.0 B=100.0 C=100.0 D=100.0
  27.81s  t=27680 | carrier=100% ref=5.00A | I[A]: A=3.66 B=2.47 C=2.11 D=4.67 | duty[%]: A=100.0 B=100.0 C=100.0 D=100.0
  28.01s  t=27880 | carrier=100% ref=5.00A | I[A]: A=3.63 B=2.47 C=2.13 D=4.76 | duty[%]: A=100.0 B=100.0 C=100.0 D=100.0
  28.21s  t=28080 | carrier=100% ref=5.00A | I[A]: A=3.48 B=2.44 C=2.06 D=4.65 | duty[%]: A=100.0 B=100.0 C=100.0 D=100.0
  28.41s  t=28280 | carrier=100% ref=5.00A | I[A]: A=3.49 B=2.50 C=2.04 D=4.63 | duty[%]: A=100.0 B=100.0 C=100.0 D=100.0
  28.62s  t=28481 | carrier=100% ref=5.00A | I[A]: A=3.56 B=2.56 C=2.00 D=4.66 | duty[%]: A=100.0 B=100.0 C=100.0 D=100.0
  28.81s  t=28681 | carrier=100% ref=5.00A | I[A]: A=3.47 B=2.59 C=1.97 D=4.71 | duty[%]: A=100.0 B=100.0 C=100.0 D=100.0
  29.01s  t=28882 | carrier=100% ref=5.00A | I[A]: A=3.43 B=2.52 C=1.98 D=4.81 | duty[%]: A=100.0 B=100.0 C=100.0 D=100.0
  29.21s  t=29082 | carrier=100% ref=5.00A | I[A]: A=3.42 B=2.63 C=1.97 D=4.83 | duty[%]: A=100.0 B=100.0 C=100.0 D=100.0
  29.42s  t=29282 | carrier=100% ref=5.00A | I[A]: A=3.40 B=2.61 C=1.87 D=4.76 | duty[%]: A=100.0 B=100.0 C=100.0 D=100.0
  29.62s  t=29482 | carrier=100% ref=5.00A | I[A]: A=3.30 B=2.66 C=1.90 D=4.71 | duty[%]: A=100.0 B=100.0 C=100.0 D=100.0
  29.82s  t=29683 | carrier=100% ref=5.00A | I[A]: A=3.36 B=2.71 C=1.92 D=4.95 | duty[%]: A=100.0 B=100.0 C=100.0 D=100.0
  30.02s  t=29883 | carrier=100% ref=5.00A | I[A]: A=3.30 B=2.79 C=1.80 D=4.97 | duty[%]: A=100.0 B=100.0 C=100.0 D=99.9
  30.21s  t=30083 | carrier=100% ref=5.00A | I[A]: A=3.29 B=2.70 C=1.75 D=4.87 | duty[%]: A=100.0 B=100.0 C=100.0 D=100.0
  30.42s  t=30284 | carrier=100% ref=5.00A | I[A]: A=3.23 B=2.52 C=1.77 D=4.58 | duty[%]: A=100.0 B=100.0 C=100.0 D=100.0
  30.62s  t=30484 | carrier=100% ref=5.00A | I[A]: A=3.19 B=2.75 C=1.78 D=4.93 | duty[%]: A=100.0 B=100.0 C=100.0 D=100.0
  30.82s  t=30685 | carrier=100% ref=5.00A | I[A]: A=3.24 B=2.85 C=1.72 D=4.85 | duty[%]: A=100.0 B=100.0 C=100.0 D=100.0
  31.02s  t=30886 | carrier=100% ref=5.00A | I[A]: A=3.14 B=2.81 C=1.74 D=4.83 | duty[%]: A=100.0 B=100.0 C=100.0 D=100.0
  31.22s  t=31086 | carrier=100% ref=5.00A | I[A]: A=3.21 B=2.81 C=1.77 D=4.92 | duty[%]: A=100.0 B=100.0 C=100.0 D=100.0
  31.42s  t=31286 | carrier=100% ref=5.00A | I[A]: A=3.12 B=2.83 C=1.72 D=5.03 | duty[%]: A=100.0 B=100.0 C=100.0 D=99.8
  31.62s  t=31486 | carrier=100% ref=5.00A | I[A]: A=3.10 B=2.90 C=1.67 D=4.84 | duty[%]: A=100.0 B=100.0 C=100.0 D=100.0
  31.82s  t=31686 | carrier=100% ref=5.00A | I[A]: A=3.15 B=2.94 C=1.66 D=5.00 | duty[%]: A=100.0 B=100.0 C=100.0 D=99.9
  32.02s  t=31886 | carrier=100% ref=5.00A | I[A]: A=3.05 B=2.95 C=1.59 D=4.86 | duty[%]: A=100.0 B=100.0 C=100.0 D=100.0
  32.22s  t=32087 | carrier=100% ref=5.00A | I[A]: A=3.12 B=2.94 C=1.66 D=4.99 | duty[%]: A=100.0 B=100.0 C=100.0 D=99.9
  32.42s  t=32287 | carrier=100% ref=5.00A | I[A]: A=3.08 B=3.01 C=1.63 D=4.96 | duty[%]: A=100.0 B=100.0 C=100.0 D=99.9
  32.62s  t=32487 | carrier=100% ref=5.00A | I[A]: A=3.04 B=2.99 C=1.63 D=4.91 | duty[%]: A=100.0 B=100.0 C=100.0 D=99.8
  32.82s  t=32687 | carrier=100% ref=5.00A | I[A]: A=3.09 B=2.90 C=1.65 D=5.10 | duty[%]: A=100.0 B=100.0 C=100.0 D=99.4
  33.02s  t=32887 | carrier=100% ref=5.00A | I[A]: A=3.02 B=3.05 C=1.55 D=4.93 | duty[%]: A=100.0 B=100.0 C=100.0 D=99.3
  33.22s  t=33087 | carrier=100% ref=5.00A | I[A]: A=3.01 B=2.93 C=1.57 D=4.94 | duty[%]: A=100.0 B=100.0 C=100.0 D=99.7
  33.42s  t=33287 | carrier=100% ref=5.00A | I[A]: A=2.99 B=2.98 C=1.62 D=5.01 | duty[%]: A=100.0 B=100.0 C=100.0 D=99.3
  33.63s  t=33487 | carrier=100% ref=5.00A | I[A]: A=3.07 B=3.00 C=1.62 D=5.02 | duty[%]: A=100.0 B=100.0 C=100.0 D=99.5
  33.82s  t=33687 | carrier=100% ref=5.00A | I[A]: A=3.04 B=3.09 C=1.59 D=5.16 | duty[%]: A=100.0 B=100.0 C=100.0 D=99.4
  34.02s  t=33887 | carrier=100% ref=5.00A | I[A]: A=3.08 B=3.04 C=1.60 D=5.04 | duty[%]: A=100.0 B=100.0 C=100.0 D=99.3
  34.22s  t=34087 | carrier=100% ref=5.00A | I[A]: A=3.08 B=3.08 C=1.59 D=5.06 | duty[%]: A=100.0 B=100.0 C=100.0 D=99.4
  34.42s  t=34287 | carrier=100% ref=5.00A | I[A]: A=3.05 B=3.03 C=1.61 D=5.10 | duty[%]: A=100.0 B=100.0 C=100.0 D=99.4
  34.63s  t=34488 | carrier=100% ref=5.00A | I[A]: A=3.00 B=3.01 C=1.61 D=5.06 | duty[%]: A=100.0 B=100.0 C=100.0 D=99.3
  34.82s  t=34688 | carrier=100% ref=5.00A | I[A]: A=2.98 B=2.99 C=1.59 D=5.02 | duty[%]: A=100.0 B=100.0 C=100.0 D=98.9
  35.02s  t=34888 | carrier=100% ref=5.00A | I[A]: A=3.00 B=2.98 C=1.61 D=5.09 | duty[%]: A=100.0 B=100.0 C=100.0 D=98.3
  35.22s  t=35088 | carrier=100% ref=5.00A | I[A]: A=2.93 B=2.99 C=1.58 D=5.00 | duty[%]: A=100.0 B=100.0 C=100.0 D=98.1
  35.42s  t=35289 | carrier=100% ref=5.00A | I[A]: A=2.97 B=3.03 C=1.57 D=4.91 | duty[%]: A=100.0 B=100.0 C=100.0 D=98.1
  35.63s  t=35489 | carrier=100% ref=5.00A | I[A]: A=2.93 B=3.04 C=1.56 D=4.91 | duty[%]: A=100.0 B=100.0 C=100.0 D=98.6
  35.83s  t=35689 | carrier=100% ref=5.00A | I[A]: A=3.00 B=3.09 C=1.55 D=4.93 | duty[%]: A=100.0 B=100.0 C=100.0 D=98.8
  36.02s  t=35889 | carrier=100% ref=5.00A | I[A]: A=3.00 B=3.12 C=1.57 D=4.94 | duty[%]: A=100.0 B=100.0 C=100.0 D=99.1
  36.22s  t=36089 | carrier=100% ref=5.00A | I[A]: A=3.02 B=3.15 C=1.57 D=5.01 | duty[%]: A=100.0 B=100.0 C=100.0 D=99.3
  36.42s  t=36290 | carrier=100% ref=5.00A | I[A]: A=3.04 B=3.01 C=1.56 D=5.08 | duty[%]: A=100.0 B=100.0 C=100.0 D=99.2
  36.63s  t=36490 | carrier=100% ref=5.00A | I[A]: A=3.06 B=3.05 C=1.61 D=5.11 | duty[%]: A=100.0 B=100.0 C=100.0 D=98.9
  36.83s  t=36691 | carrier=90% ref=4.50A | I[A]: A=3.01 B=3.12 C=1.57 D=4.89 | duty[%]: A=100.0 B=100.0 C=100.0 D=94.5
  37.03s  t=36891 | carrier=90% ref=4.50A | I[A]: A=2.93 B=3.13 C=1.55 D=4.63 | duty[%]: A=100.0 B=100.0 C=100.0 D=91.5
  37.22s  t=37091 | carrier=90% ref=4.50A | I[A]: A=2.97 B=3.25 C=1.53 D=4.62 | duty[%]: A=100.0 B=100.0 C=100.0 D=89.9
  37.42s  t=37291 | carrier=90% ref=4.50A | I[A]: A=3.03 B=3.25 C=1.52 D=4.54 | duty[%]: A=100.0 B=100.0 C=100.0 D=88.9
  37.62s  t=37492 | carrier=90% ref=4.50A | I[A]: A=3.09 B=3.28 C=1.53 D=4.54 | duty[%]: A=100.0 B=100.0 C=100.0 D=88.2
  37.83s  t=37692 | carrier=90% ref=4.50A | I[A]: A=3.11 B=3.27 C=1.54 D=4.58 | duty[%]: A=100.0 B=100.0 C=100.0 D=87.8
  38.03s  t=37892 | carrier=90% ref=4.50A | I[A]: A=3.11 B=3.25 C=1.57 D=4.61 | duty[%]: A=100.0 B=100.0 C=100.0 D=87.2
  38.22s  t=38093 | carrier=90% ref=4.50A | I[A]: A=3.05 B=3.22 C=1.58 D=4.50 | duty[%]: A=100.0 B=100.0 C=100.0 D=87.4
  38.42s  t=38293 | carrier=90% ref=4.50A | I[A]: A=3.06 B=3.29 C=1.58 D=4.57 | duty[%]: A=100.0 B=100.0 C=100.0 D=86.9
  38.63s  t=38493 | carrier=90% ref=4.50A | I[A]: A=3.04 B=3.16 C=1.54 D=4.52 | duty[%]: A=100.0 B=100.0 C=100.0 D=86.5
  38.83s  t=38693 | carrier=90% ref=4.50A | I[A]: A=3.05 B=3.18 C=1.55 D=4.45 | duty[%]: A=100.0 B=100.0 C=100.0 D=86.4
  39.03s  t=38893 | carrier=90% ref=4.50A | I[A]: A=3.00 B=3.19 C=1.55 D=4.47 | duty[%]: A=100.0 B=100.0 C=100.0 D=86.5
  39.22s  t=39093 | carrier=80% ref=4.00A | I[A]: A=3.07 B=3.22 C=1.58 D=4.45 | duty[%]: A=100.0 B=100.0 C=100.0 D=83.8
  39.42s  t=39293 | carrier=80% ref=4.00A | I[A]: A=3.11 B=3.25 C=1.55 D=4.30 | duty[%]: A=100.0 B=100.0 C=100.0 D=80.6
  39.63s  t=39494 | carrier=80% ref=4.00A | I[A]: A=3.06 B=3.28 C=1.53 D=4.09 | duty[%]: A=100.0 B=100.0 C=100.0 D=78.9
  39.83s  t=39694 | carrier=80% ref=4.00A | I[A]: A=3.11 B=3.38 C=1.52 D=4.04 | duty[%]: A=100.0 B=100.0 C=100.0 D=78.2
  40.03s  t=39894 | carrier=80% ref=4.00A | I[A]: A=3.15 B=3.41 C=1.50 D=4.00 | duty[%]: A=100.0 B=100.0 C=100.0 D=78.0
  40.23s  t=40094 | carrier=80% ref=4.00A | I[A]: A=3.18 B=3.42 C=1.50 D=4.06 | duty[%]: A=100.0 B=100.0 C=100.0 D=77.6
  40.42s  t=40294 | carrier=80% ref=4.00A | I[A]: A=3.06 B=3.37 C=1.54 D=3.91 | duty[%]: A=100.0 B=100.0 C=100.0 D=77.7
  40.62s  t=40494 | carrier=80% ref=4.00A | I[A]: A=3.10 B=3.32 C=1.52 D=3.99 | duty[%]: A=100.0 B=100.0 C=100.0 D=77.6
  40.83s  t=40694 | carrier=80% ref=4.00A | I[A]: A=3.09 B=3.36 C=1.52 D=3.97 | duty[%]: A=100.0 B=100.0 C=100.0 D=77.7
  41.03s  t=40894 | carrier=80% ref=4.00A | I[A]: A=3.16 B=3.35 C=1.51 D=3.99 | duty[%]: A=100.0 B=100.0 C=100.0 D=77.6
  41.23s  t=41094 | carrier=80% ref=4.00A | I[A]: A=3.16 B=3.39 C=1.54 D=4.07 | duty[%]: A=100.0 B=100.0 C=100.0 D=77.4
  41.42s  t=41295 | carrier=80% ref=4.00A | I[A]: A=3.19 B=3.32 C=1.54 D=4.07 | duty[%]: A=100.0 B=100.0 C=100.0 D=77.2
  41.63s  t=41495 | carrier=80% ref=4.00A | I[A]: A=3.10 B=3.37 C=1.55 D=4.05 | duty[%]: A=100.0 B=100.0 C=100.0 D=77.1
  41.83s  t=41696 | carrier=70% ref=3.50A | I[A]: A=3.16 B=3.39 C=1.52 D=3.88 | duty[%]: A=100.0 B=100.0 C=100.0 D=72.7
  42.03s  t=41896 | carrier=70% ref=3.50A | I[A]: A=3.14 B=3.36 C=1.50 D=3.62 | duty[%]: A=100.0 B=100.0 C=100.0 D=70.6
  42.23s  t=42096 | carrier=70% ref=3.50A | I[A]: A=3.07 B=3.43 C=1.48 D=3.62 | duty[%]: A=100.0 B=100.0 C=100.0 D=69.2
  42.43s  t=42296 | carrier=70% ref=3.50A | I[A]: A=3.09 B=3.41 C=1.48 D=3.52 | duty[%]: A=100.0 B=100.0 C=100.0 D=68.5
  42.63s  t=42497 | carrier=70% ref=3.50A | I[A]: A=3.20 B=3.47 C=1.48 D=3.57 | duty[%]: A=100.0 B=100.0 C=100.0 D=67.6
  42.83s  t=42698 | carrier=70% ref=3.50A | I[A]: A=3.18 B=3.45 C=1.50 D=3.58 | duty[%]: A=100.0 B=100.0 C=100.0 D=67.5
  43.03s  t=42898 | carrier=70% ref=3.50A | I[A]: A=3.15 B=3.41 C=1.50 D=3.54 | duty[%]: A=100.0 B=100.0 C=100.0 D=67.1
  43.23s  t=43098 | carrier=70% ref=3.50A | I[A]: A=3.21 B=3.37 C=1.51 D=3.53 | duty[%]: A=100.0 B=100.0 C=100.0 D=66.8
  43.43s  t=43298 | carrier=70% ref=3.50A | I[A]: A=3.20 B=3.44 C=1.56 D=3.56 | duty[%]: A=100.0 B=100.0 C=100.0 D=66.6
  43.63s  t=43498 | carrier=70% ref=3.50A | I[A]: A=3.22 B=3.38 C=1.48 D=3.44 | duty[%]: A=100.0 B=100.0 C=100.0 D=66.8
  43.83s  t=43698 | carrier=70% ref=3.50A | I[A]: A=3.17 B=3.39 C=1.51 D=3.55 | duty[%]: A=100.0 B=100.0 C=100.0 D=66.4
  44.03s  t=43898 | carrier=70% ref=3.50A | I[A]: A=3.20 B=3.40 C=1.52 D=3.55 | duty[%]: A=100.0 B=100.0 C=100.0 D=66.2
  44.24s  t=44098 | carrier=60% ref=3.00A | I[A]: A=3.26 B=3.29 C=1.52 D=3.40 | duty[%]: A=98.3 B=98.2 C=100.0 D=63.8
  44.43s  t=44298 | carrier=60% ref=3.00A | I[A]: A=3.20 B=3.23 C=1.52 D=3.30 | duty[%]: A=96.2 B=94.7 C=100.0 D=60.4
  44.63s  t=44498 | carrier=60% ref=3.00A | I[A]: A=3.08 B=3.15 C=1.57 D=3.08 | duty[%]: A=95.1 B=92.2 C=100.0 D=59.2
  44.83s  t=44698 | carrier=60% ref=3.00A | I[A]: A=3.10 B=3.00 C=1.61 D=2.99 | duty[%]: A=94.0 B=91.2 C=100.0 D=59.0
  45.03s  t=44898 | carrier=60% ref=3.00A | I[A]: A=2.98 B=3.06 C=1.61 D=3.06 | duty[%]: A=93.6 B=90.1 C=100.0 D=58.6
  45.24s  t=45098 | carrier=60% ref=3.00A | I[A]: A=2.96 B=3.04 C=1.62 D=3.03 | duty[%]: A=93.7 B=89.4 C=100.0 D=58.4
  45.43s  t=45298 | carrier=60% ref=3.00A | I[A]: A=3.04 B=2.89 C=1.64 D=2.99 | duty[%]: A=93.2 B=89.7 C=100.0 D=58.6
  45.63s  t=45498 | carrier=60% ref=3.00A | I[A]: A=3.07 B=2.99 C=1.67 D=2.93 | duty[%]: A=92.9 B=89.4 C=100.0 D=59.3
  45.83s  t=45698 | carrier=60% ref=3.00A | I[A]: A=3.02 B=2.98 C=1.65 D=2.93 | duty[%]: A=92.9 B=89.3 C=100.0 D=59.3
  46.04s  t=45898 | carrier=60% ref=3.00A | I[A]: A=2.97 B=2.96 C=1.66 D=2.99 | duty[%]: A=92.8 B=89.5 C=100.0 D=59.4
  46.23s  t=46098 | carrier=60% ref=3.00A | I[A]: A=2.98 B=3.06 C=1.66 D=3.03 | duty[%]: A=92.6 B=89.1 C=100.0 D=59.7
  46.43s  t=46298 | carrier=60% ref=3.00A | I[A]: A=2.94 B=3.01 C=1.62 D=3.04 | duty[%]: A=93.0 B=89.1 C=100.0 D=59.1
  46.63s  t=46498 | carrier=60% ref=3.00A | I[A]: A=2.96 B=3.04 C=1.64 D=3.05 | duty[%]: A=92.8 B=88.8 C=100.0 D=59.1
  46.83s  t=46698 | carrier=50% ref=2.50A | I[A]: A=2.83 B=2.84 C=1.70 D=2.73 | duty[%]: A=88.6 B=84.5 C=100.0 D=55.3
  47.04s  t=46899 | carrier=50% ref=2.50A | I[A]: A=2.72 B=2.75 C=1.79 D=2.57 | duty[%]: A=86.3 B=81.7 C=100.0 D=53.7
  47.23s  t=47099 | carrier=50% ref=2.50A | I[A]: A=2.60 B=2.61 C=1.78 D=2.51 | duty[%]: A=84.8 B=80.1 C=100.0 D=53.3
  47.43s  t=47299 | carrier=50% ref=2.50A | I[A]: A=2.64 B=2.55 C=1.84 D=2.44 | duty[%]: A=83.4 B=79.4 C=100.0 D=53.6
  47.63s  t=47499 | carrier=50% ref=2.50A | I[A]: A=2.55 B=2.54 C=1.81 D=2.44 | duty[%]: A=82.7 B=79.4 C=100.0 D=53.6
  47.84s  t=47700 | carrier=50% ref=2.50A | I[A]: A=2.54 B=2.61 C=1.87 D=2.59 | duty[%]: A=82.5 B=78.9 C=100.0 D=53.1
  48.03s  t=47900 | carrier=50% ref=2.50A | I[A]: A=2.55 B=2.57 C=1.92 D=2.52 | duty[%]: A=81.9 B=78.3 C=100.0 D=53.1
  48.23s  t=48100 | carrier=50% ref=2.50A | I[A]: A=2.50 B=2.53 C=1.88 D=2.55 | duty[%]: A=81.6 B=77.9 C=100.0 D=52.8
  48.44s  t=48300 | carrier=50% ref=2.50A | I[A]: A=2.55 B=2.48 C=1.94 D=2.49 | duty[%]: A=81.0 B=78.1 C=100.0 D=53.3
  48.63s  t=48500 | carrier=50% ref=2.50A | I[A]: A=2.46 B=2.56 C=1.90 D=2.51 | duty[%]: A=81.2 B=77.4 C=100.0 D=53.0
  48.83s  t=48700 | carrier=50% ref=2.50A | I[A]: A=2.54 B=2.50 C=1.96 D=2.46 | duty[%]: A=80.5 B=77.6 C=100.0 D=53.8
  49.04s  t=48900 | carrier=50% ref=2.50A | I[A]: A=2.47 B=2.54 C=1.90 D=2.56 | duty[%]: A=80.9 B=77.2 C=100.0 D=53.5
  49.23s  t=49100 | carrier=40% ref=2.00A | I[A]: A=2.43 B=2.42 C=1.94 D=2.40 | duty[%]: A=78.1 B=74.7 C=99.3 D=51.5
  49.43s  t=49300 | carrier=40% ref=2.00A | I[A]: A=2.35 B=2.27 C=1.99 D=2.22 | duty[%]: A=74.7 B=71.6 C=99.3 D=49.0
  49.63s  t=49501 | carrier=40% ref=2.00A | I[A]: A=2.19 B=2.12 C=2.05 D=2.14 | duty[%]: A=72.6 B=69.5 C=98.9 D=47.7
  49.84s  t=49701 | carrier=40% ref=2.00A | I[A]: A=2.11 B=2.10 C=2.06 D=2.01 | duty[%]: A=71.1 B=68.3 C=98.2 D=47.4
  50.04s  t=49902 | carrier=40% ref=2.00A | I[A]: A=2.10 B=2.09 C=2.06 D=2.02 | duty[%]: A=70.7 B=67.6 C=97.4 D=47.2
  50.24s  t=50103 | carrier=40% ref=2.00A | I[A]: A=2.04 B=2.00 C=2.08 D=2.06 | duty[%]: A=70.3 B=67.2 C=96.6 D=47.0
  50.44s  t=50304 | carrier=40% ref=2.00A | I[A]: A=1.98 B=2.01 C=1.99 D=1.95 | duty[%]: A=70.1 B=67.0 C=96.2 D=47.0
  50.64s  t=50505 | carrier=40% ref=2.00A | I[A]: A=2.06 B=2.03 C=2.00 D=2.01 | duty[%]: A=70.0 B=66.9 C=96.2 D=47.3
  50.83s  t=50706 | carrier=40% ref=2.00A | I[A]: A=1.97 B=1.96 C=2.01 D=1.97 | duty[%]: A=70.0 B=66.9 C=96.0 D=47.4
  51.04s  t=50906 | carrier=40% ref=2.00A | I[A]: A=1.97 B=2.03 C=1.96 D=1.98 | duty[%]: A=70.1 B=67.0 C=96.1 D=47.4
  51.24s  t=51106 | carrier=40% ref=2.00A | I[A]: A=2.02 B=2.01 C=2.05 D=2.04 | duty[%]: A=70.2 B=66.8 C=96.0 D=47.3
  51.44s  t=51306 | carrier=40% ref=2.00A | I[A]: A=1.99 B=1.98 C=1.99 D=1.98 | duty[%]: A=70.1 B=67.1 C=96.0 D=47.2
  51.64s  t=51506 | carrier=40% ref=2.00A | I[A]: A=2.03 B=1.95 C=2.01 D=2.02 | duty[%]: A=70.1 B=67.2 C=96.0 D=47.2
  51.84s  t=51707 | carrier=30% ref=1.50A | I[A]: A=1.83 B=1.88 C=1.83 D=1.69 | duty[%]: A=65.8 B=62.8 C=91.7 D=43.2
  52.04s  t=51907 | carrier=30% ref=1.50A | I[A]: A=1.76 B=1.74 C=1.80 D=1.64 | duty[%]: A=63.1 B=60.3 C=88.8 D=42.0
  52.24s  t=52107 | carrier=30% ref=1.50A | I[A]: A=1.63 B=1.63 C=1.66 D=1.48 | duty[%]: A=61.6 B=58.9 C=86.7 D=41.5
  52.44s  t=52308 | carrier=30% ref=1.50A | I[A]: A=1.58 B=1.59 C=1.67 D=1.54 | duty[%]: A=60.8 B=58.1 C=85.4 D=41.4
  52.65s  t=52508 | carrier=30% ref=1.50A | I[A]: A=1.51 B=1.50 C=1.62 D=1.50 | duty[%]: A=60.3 B=57.9 C=84.2 D=41.3
  52.84s  t=52708 | carrier=30% ref=1.50A | I[A]: A=1.54 B=1.46 C=1.57 D=1.47 | duty[%]: A=60.0 B=58.2 C=83.5 D=41.3
  53.04s  t=52908 | carrier=30% ref=1.50A | I[A]: A=1.50 B=1.49 C=1.51 D=1.47 | duty[%]: A=59.9 B=58.1 C=83.4 D=41.4
  53.24s  t=53109 | carrier=30% ref=1.50A | I[A]: A=1.48 B=1.53 C=1.50 D=1.49 | duty[%]: A=60.1 B=58.1 C=82.9 D=41.2
  53.44s  t=53310 | carrier=30% ref=1.50A | I[A]: A=1.52 B=1.51 C=1.57 D=1.53 | duty[%]: A=60.0 B=57.5 C=82.8 D=41.1
  53.65s  t=53511 | carrier=30% ref=1.50A | I[A]: A=1.48 B=1.45 C=1.51 D=1.47 | duty[%]: A=59.9 B=57.6 C=82.6 D=41.3
  53.85s  t=53712 | carrier=30% ref=1.50A | I[A]: A=1.51 B=1.48 C=1.49 D=1.42 | duty[%]: A=59.8 B=57.9 C=82.6 D=41.6
  54.04s  t=53912 | carrier=30% ref=1.50A | I[A]: A=1.57 B=1.49 C=1.54 D=1.55 | duty[%]: A=59.7 B=58.0 C=82.4 D=41.2
  54.24s  t=54112 | carrier=20% ref=1.00A | I[A]: A=1.43 B=1.41 C=1.41 D=1.35 | duty[%]: A=57.0 B=55.3 C=80.0 D=39.2
  54.45s  t=54312 | carrier=20% ref=1.00A | I[A]: A=1.29 B=1.23 C=1.34 D=1.26 | duty[%]: A=53.9 B=52.5 C=76.3 D=36.5
  54.65s  t=54512 | carrier=20% ref=1.00A | I[A]: A=1.13 B=1.21 C=1.21 D=1.08 | duty[%]: A=52.1 B=50.4 C=73.9 D=35.5
  54.85s  t=54712 | carrier=20% ref=1.00A | I[A]: A=1.10 B=1.08 C=1.16 D=1.07 | duty[%]: A=51.1 B=49.4 C=72.1 D=35.0
  55.04s  t=54913 | carrier=20% ref=1.00A | I[A]: A=1.03 B=1.03 C=1.11 D=1.00 | duty[%]: A=50.6 B=48.8 C=71.0 D=34.9
  55.24s  t=55114 | carrier=20% ref=1.00A | I[A]: A=1.03 B=1.02 C=1.04 D=0.96 | duty[%]: A=50.2 B=48.4 C=70.2 D=35.1
  55.45s  t=55314 | carrier=20% ref=1.00A | I[A]: A=1.04 B=1.01 C=1.03 D=0.97 | duty[%]: A=50.0 B=48.5 C=69.7 D=35.2
  55.65s  t=55514 | carrier=20% ref=1.00A | I[A]: A=0.99 B=1.00 C=1.02 D=0.98 | duty[%]: A=49.7 B=48.4 C=69.4 D=35.3
  55.85s  t=55714 | carrier=20% ref=1.00A | I[A]: A=1.00 B=1.02 C=1.00 D=0.98 | duty[%]: A=49.9 B=48.3 C=69.2 D=35.3
  56.04s  t=55914 | carrier=20% ref=1.00A | I[A]: A=0.98 B=0.99 C=1.00 D=0.96 | duty[%]: A=50.1 B=48.5 C=69.1 D=35.2
  56.24s  t=56114 | carrier=20% ref=1.00A | I[A]: A=1.03 B=1.01 C=1.01 D=1.00 | duty[%]: A=50.0 B=48.5 C=68.8 D=35.2
  56.45s  t=56315 | carrier=20% ref=1.00A | I[A]: A=1.01 B=1.01 C=0.99 D=1.07 | duty[%]: A=50.0 B=48.6 C=69.0 D=35.0
  56.65s  t=56515 | carrier=20% ref=1.00A | I[A]: A=1.01 B=0.98 C=1.01 D=1.02 | duty[%]: A=49.9 B=48.7 C=69.0 D=34.9
  56.85s  t=56716 | carrier=10% ref=0.50A | I[A]: A=0.83 B=0.84 C=0.87 D=0.75 | duty[%]: A=45.5 B=44.2 C=64.3 D=31.0
  57.05s  t=56916 | carrier=10% ref=0.50A | I[A]: A=0.72 B=0.71 C=0.75 D=0.64 | duty[%]: A=43.0 B=41.8 C=61.4 D=29.4
  57.25s  t=57117 | carrier=10% ref=0.50A | I[A]: A=0.60 B=0.65 C=0.69 D=0.53 | duty[%]: A=41.6 B=40.3 C=59.3 D=28.6
  57.45s  t=57317 | carrier=10% ref=0.50A | I[A]: A=0.58 B=0.56 C=0.66 D=0.54 | duty[%]: A=40.9 B=39.4 C=57.9 D=28.3
  57.65s  t=57517 | carrier=10% ref=0.50A | I[A]: A=0.56 B=0.54 C=0.61 D=0.52 | duty[%]: A=40.2 B=39.0 C=56.8 D=28.2
  57.85s  t=57718 | carrier=10% ref=0.50A | I[A]: A=0.54 B=0.51 C=0.60 D=0.49 | duty[%]: A=39.8 B=38.6 C=55.8 D=28.0
  58.05s  t=57918 | carrier=10% ref=0.50A | I[A]: A=0.50 B=0.48 C=0.55 D=0.52 | duty[%]: A=39.7 B=38.8 C=55.3 D=28.1
  58.25s  t=58118 | carrier=10% ref=0.50A | I[A]: A=0.50 B=0.50 C=0.54 D=0.51 | duty[%]: A=39.7 B=38.6 C=55.1 D=28.2
  58.45s  t=58318 | carrier=10% ref=0.50A | I[A]: A=0.50 B=0.49 C=0.51 D=0.51 | duty[%]: A=39.6 B=38.6 C=55.0 D=28.1
  58.66s  t=58518 | carrier=10% ref=0.50A | I[A]: A=0.49 B=0.48 C=0.52 D=0.48 | duty[%]: A=39.6 B=38.7 C=54.8 D=28.1
  58.85s  t=58718 | carrier=10% ref=0.50A | I[A]: A=0.50 B=0.48 C=0.50 D=0.48 | duty[%]: A=39.6 B=38.9 C=54.7 D=28.2
  59.05s  t=58919 | carrier=10% ref=0.50A | I[A]: A=0.49 B=0.48 C=0.48 D=0.47 | duty[%]: A=39.6 B=39.0 C=54.8 D=28.1
  59.25s  t=59119 | carrier=0% ref=0.00A | I[A]: A=0.42 B=0.42 C=0.43 D=0.39 | duty[%]: A=36.8 B=36.2 C=52.0 D=25.5
  59.46s  t=59320 | carrier=0% ref=0.00A | I[A]: A=0.29 B=0.29 C=0.38 D=0.21 | duty[%]: A=33.5 B=33.0 C=48.1 D=22.9
  59.66s  t=59520 | carrier=0% ref=0.00A | I[A]: A=0.19 B=0.18 C=0.24 D=0.13 | duty[%]: A=31.4 B=31.0 C=45.4 D=21.5
  59.85s  t=59720 | carrier=0% ref=0.00A | I[A]: A=0.13 B=0.12 C=0.18 D=0.07 | duty[%]: A=30.2 B=29.7 C=43.4 D=20.6
  60.05s  t=59920 | carrier=0% ref=0.00A | I[A]: A=0.09 B=0.11 C=0.14 D=0.04 | duty[%]: A=29.2 B=28.5 C=41.9 D=20.1
  60.25s  t=60120 | carrier=0% ref=0.00A | I[A]: A=0.05 B=0.05 C=0.13 D=0.03 | duty[%]: A=28.7 B=27.8 C=40.6 D=19.8
  60.46s  t=60320 | carrier=0% ref=0.00A | I[A]: A=0.05 B=0.05 C=0.08 D=0.02 | duty[%]: A=28.2 B=27.3 C=39.8 D=19.6
  60.66s  t=60520 | carrier=0% ref=0.00A | I[A]: A=0.03 B=0.03 C=0.08 D=0.02 | duty[%]: A=27.8 B=27.0 C=39.1 D=19.4
  60.85s  t=60721 | carrier=0% ref=0.00A | I[A]: A=0.03 B=0.03 C=0.05 D=0.01 | duty[%]: A=27.5 B=26.6 C=38.5 D=19.3
  61.05s  t=60921 | carrier=0% ref=0.00A | I[A]: A=0.01 B=0.03 C=0.05 D=0.01 | duty[%]: A=27.3 B=26.3 C=37.9 D=19.2
  61.25s  t=61122 | carrier=0% ref=0.00A | I[A]: A=0.03 B=0.01 C=0.05 D=0.01 | duty[%]: A=27.0 B=26.1 C=37.5 D=19.0
  61.45s  t=61322 | carrier=0% ref=0.00A | I[A]: A=0.01 B=0.01 C=0.04 D=0.01 | duty[%]: A=26.9 B=26.0 C=37.1 D=18.9
  61.66s  t=61522 | carrier=0% ref=0.00A | I[A]: A=0.01 B=0.03 C=0.03 D=0.00 | duty[%]: A=26.8 B=25.8 C=36.8 D=18.8
  61.67s  tilt schedule complete -> DONE (coils latched OFF)
