ets Jul 29 2019 12:21:46

rst:0x1 (POWERON_RESET),boot:0x13 (SPI_FAST_FLASH_BOOT)
configsip: 0, SPIWP:0xee
clk_drv:0x00,q_drv:0x00,d_drv:0x00,cs0_drv:0x00,hd_drv:0x00,wp_drv:0x00
mode:DIO, clock div:2
load:0x3fff0030,len:1184
load:0x40078000,len:13232
load:0x40080400,len:3028
entry 0x400805e4
running main tilt
armed: send 'start' to begin, 'down'/'stop' to ramp down
started
state=1 freq=1.0 target=100.0 ledc0=0 ledc3=0
state=1 freq=1.6 target=100.0 ledc0=0 ledc3=0
state=1 freq=3.6 target=100.0 ledc0=0 ledc3=0
state=1 freq=6.8 target=100.0 ledc0=0 ledc3=0
state=1 freq=11.0 target=100.0 ledc0=0 ledc3=0
state=1 freq=16.3 target=100.0 ledc0=0 ledc3=0
state=1 freq=22.6 target=100.0 ledc0=0 ledc3=0
state=1 freq=29.6 target=100.0 ledc0=0 ledc3=0
state=1 freq=37.5 target=100.0 ledc0=0 ledc3=0
state=1 freq=45.9 target=100.0 ledc0=0 ledc3=0
state=1 freq=55.0 target=100.0 ledc0=0 ledc3=0
state=1 freq=64.4 target=100.0 ledc0=0 ledc3=0
state=1 freq=74.3 target=100.0 ledc0=0 ledc3=0
state=1 freq=84.5 target=100.0 ledc0=0 ledc3=0
state=1 freq=94.8 target=100.0 ledc0=0 ledc3=0
state=1 freq=105.2 target=100.0 ledc0=0 ledc3=0
state=1 freq=115.7 target=100.0 ledc0=0 ledc3=0
state=1 freq=126.0 target=100.0 ledc0=0 ledc3=0
state=1 freq=136.2 target=100.0 ledc0=0 ledc3=0
state=1 freq=146.1 target=100.0 ledc0=0 ledc3=0
state=1 freq=155.6 target=100.0 ledc0=0 ledc3=0
state=1 freq=164.7 target=100.0 ledc0=0 ledc3=0
state=1 freq=173.2 target=100.0 ledc0=0 ledc3=0
state=1 freq=181.0 target=100.0 ledc0=0 ledc3=0
state=1 freq=188.1 target=100.0 ledc0=0 ledc3=0
state=1 freq=194.4 target=100.0 ledc0=0 ledc3=0
state=1 freq=199.8 target=100.0 ledc0=0 ledc3=0
state=1 freq=204.1 target=100.0 ledc0=0 ledc3=0
state=1 freq=207.3 target=100.0 ledc0=0 ledc3=0
state=1 freq=209.3 target=100.0 ledc0=0 ledc3=0
ramping down
