ledc0=0 ledc3=0
ledc0=0 ledc3=0
ledc0=0 ledc3=0
ledc0=0 ledc3=0
ledc0=0 ledc3=0
ledc0=0 ledc3=0
ledc0=0 ledc3=0
ledc0=0 ledc3=0
ledc0=0 ledc3=0
ledc0=0 ledc3=0
ledc0=0 ledc3=0
ledc0=0 ledc3=0
ledc0=0 ledc3=0
ledc0=0 ledc3=0
ledc0=0 ledc3=0
ledc0=0 ledc3=0
ledc0=0 ledc3=0
ledc0=0 ledc3=0
ledc0=0 ledc3=0
ledc0=0 ledc3=0
ledc0=0 ledc3=0
ledc0=0 ledc3=0
ledc0=0 ledc3=0
ledc0=0 ledc3=0
ledc0=0 ledc3=0
ledc0=0 ledc3=0
ledc0=0 ledc3=0
ledc0=0 ledc3=0
ledc0=0 ledc3=0
ledc0=0 ledc3=0
ledc0=0 ledc3=0
ledc0=0 ledc3=0
ledc0=0 ledc3=0
ledc0=0 ledc3=0
ledc0=0 ledc3=0
ledc0=0 ledc3=0
ledc0=0 ledc3=0
ledc0=0 ledc3=0
ledc0=0 ledc3=0
ledc0=0 ledc3=0
ledc0=0 ledc3=0
ledc0=0 ledc3=0
ledc0=0 ledc3=0
ledc0=0 ledc3=0
ledc0=0 ledc3=0
ledc0=0 ledc3=0
ledc0=0 ledc3=0
ledc0=0 ledc3=0
ledc0=0 ledc3=0
ledc0=0 ledc3=0
ledc0=0 ledc3=0
ledc0=0 ledc3=0
ledc0=0 ledc3=0
ledc0=0 ledc3=0
ledc0=0 ledc3=0
ledc0=0 ledc3=0
ledc0=0 ledc3=0
ledc0=0 ledc3=0
ledc0=0 ledc3=0
ledc0=0 ledc3=0
ledc0=0 ledc3=0
ledc0=0 ledc3=0
ledc0=0 ledc3=0
ledc0=0 ledc3=0
ledc0=0 ledc3=0
ledc0=0 ledc3=0
ledc0=0 ledc3=0
ledc0=0 ledc3=0
ledc0=0 ledc3=0
ledc0=0 ledc3=0
ledc0=0 ledc3=0
ledc0=0 ledc3=0
ledc0=0 ledc3=0
ledc0=0 ledc3=0
ledc0=0 ledc3=0
ledc0=0 ledc3=0
ledc0=0 ledc3=0
ledc0=0 ledc3=0
ledc0=0 ledc3=0
ledc0=0 ledc3=0
ledc0=0 ledc3=0
ledc0=0 ledc3=0
ledc0=0 ledc3=0
ledc0=0 ledc3=0
ledc0=0 ledc3=0
ledc0=0 ledc3=0
ledc0=0 ledc3=0
ledc0=0 ledc3=0
ledc0=0 ledc3=0
ledc0=0 ledc3=0
ledc0=0 ledc3=0
ledc0=0 ledc3=0
ledc0=0 ledc3=0
ledc0=0 ledc3=0
ledc0=0 ledc3=0
ledc0=0 ledc3=0
ledc0=0 ledc3=0
ledc0=0 ledc3=0
ledc0=0 ledc3=0
ledc0=0 ledc3=0
ledc0=0 ledc3=0
ledc0=0 ledc3=0
ledc0=0 ledc3=0
ledc0=0 ledc3=0
ledc0=0 ledc3=0
ledc0=0 ledc3=0
ledc0=0 ledc3=0
ledc0=0 ledc3=0
ledc0=0 ledc3=0
ledc0=0 ledc3=0
ledc0=0 ledc3=0
ledc0=0 ledc3=0
ledc0=0 ledc3=0
ledc0=0 ledc3=0
ledc0=0 ledc3=0
ledc0=0 ledc3=0
ledc0=0 ledc3=0
ledc0=0 ledc3=0
ledc0=0 ledc3=0
ledc0=0 ledc3=0
ledc0=0 ledc3=0
ledc0=0 ledc3=0
ledc0=0 ledc3=0
ledc0=0 ledc3=0
ledc0=0 ledc3=0
ledc0=0 ledc3=0
ledc0=0 ledc3=0
ledc0=0 ledc3=0
ledc0=0 ledc3=0
ledc0=0 ledc3=0
ledc0=0 ledc3=0
ledc0=0 ledc3=0
ledc0=0 ledc3=0
ledc0=0 ledc3=0
ledc0=0 ledc3=0
ledc0=0 ledc3=0
ledc0=0 ledc3=0
ledc0=0 ledc3=0
ledc0=0 ledc3=0
ledc0=0 ledc3=0
ledc0=0 ledc3=0
ledc0=0 ledc3=0
ledc0=0 ledc3=0
ledc0=0 ledc3=0
ledc0=0 ledc3=0
ledc0=0 ledc3=0
ledc0=0 ledc3=0
ledc0=0 ledc3=0
ledc0=0 ledc3=0
ledc0=0 ledc3=0
ledc0=0 ledc3=0
ledc0=0 ledc3=0
ledc0=0 ledc3=0
ledc0=0 ledc3=0
ledc0=0 ledc3=0
ledc0=0 ledc3=0
ledc0=0 ledc3=0
ledc0=0 ledc3=0
ledc0=0 ledc3=0
ets Jul 29 2019 12:21:46

rst:0x1 (POWERON_RESET),boot:0x13 (SPI_FAST_FLASH_BOOT)
configsip: 0, SPIWP:0xee
clk_drv:0x00,q_drv:0x00,d_drv:0x00,cs0_drv:0x00,hd_drv:0x00,wp_drv:0x00
mode:DIO, clock div:2
load:0x3fff0030,len:1184
load:0x40078000,len:13232
load:0x40080400,len:3028
entry 0x400805e4
running main tilt
armed: send 'start' to begin, 'down'/'stop' to ramp down
state=0 freq=0.0 target=100.0 ledc0=0 ledc3=0
state=0 freq=0.0 target=100.0 ledc0=0 ledc3=0
state=0 freq=0.0 target=100.0 ledc0=0 ledc3=0
state=0 freq=0.0 target=100.0 ledc0=0 ledc3=0
state=0 freq=0.0 target=100.0 ledc0=0 ledc3=0
state=0 freq=0.0 target=100.0 ledc0=0 ledc3=0
started
state=1 freq=1.1 target=100.0 ledc0=0 ledc3=0
state=1 freq=2.3 target=100.0 ledc0=0 ledc3=0
state=1 freq=4.7 target=100.0 ledc0=0 ledc3=0
state=1 freq=8.3 target=100.0 ledc0=0 ledc3=0
state=1 freq=13.0 target=100.0 ledc0=0 ledc3=0
ramping down
state=4 freq=18.7 target=100.0 ledc0=11 ledc3=11
done
state=5 freq=25.3 target=100.0 ledc0=0 ledc3=0
state=5 freq=32.7 target=100.0 ledc0=0 ledc3=0
state=5 freq=40.8 target=100.0 ledc0=0 ledc3=0
state=5 freq=49.5 target=100.0 ledc0=0 ledc3=0
state=5 freq=58.7 target=100.0 ledc0=0 ledc3=0
state=5 freq=68.4 target=100.0 ledc0=0 ledc3=0
state=5 freq=78.4 target=100.0 ledc0=0 ledc3=0
state=5 freq=88.6 target=100.0 ledc0=0 ledc3=0
state=5 freq=99.0 target=100.0 ledc0=0 ledc3=0
state=5 freq=109.4 target=100.0 ledc0=0 ledc3=0
state=5 freq=119.8 target=100.0 ledc0=0 ledc3=0
state=5 freq=130.1 target=100.0 ledc0=0 ledc3=0
state=5 freq=140.2 target=100.0 ledc0=0 ledc3=0
