ets Jul 29 2019 12:21:46

rst:0x1 (POWERON_RESET),boot:0x13 (SPI_FAST_FLASH_BOOT)
configsip: 0, SPIWP:0xee
clk_drv:0x00,q_drv:0x00,d_drv:0x00,cs0_drv:0x00,hd_drv:0x00,wp_drv:0x00
mode:DIO, clock div:2
load:0x3fff0030,len:1184
load:0x40078000,len:13232
load:0x40080400,len:3028
entry 0x400805e4
running main tilt
armed: b=begin  s=stop(e-stop)  e=end(ramp down)
state=0 freq=0.0 target=100.0 ledc0=0 ledc3=0
state=0 freq=0.0 target=100.0 ledc0=0 ledc3=0
state=0 freq=0.0 target=100.0 ledc0=0 ledc3=0
state=0 freq=0.0 target=100.0 ledc0=0 ledc3=0
state=0 freq=0.0 target=100.0 ledc0=0 ledc3=0
state=0 freq=0.0 target=100.0 ledc0=0 ledc3=0
state=0 freq=0.0 target=100.0 ledc0=0 ledc3=0
state=0 freq=0.0 target=100.0 ledc0=0 ledc3=0
unknown cmd 'pp^lb' (b=begin s=stop e=end)
state=0 freq=0.0 target=100.0 ledc0=0 ledc3=0
state=0 freq=0.0 target=100.0 ledc0=0 ledc3=0
state=0 freq=0.0 target=100.0 ledc0=0 ledc3=0
begin: started
state=1 freq=1.4 target=100.0 ledc0=0 ledc3=0
state=1 freq=3.1 target=100.0 ledc0=0 ledc3=0
state=1 freq=5.9 target=100.0 ledc0=0 ledc3=0
state=1 freq=10.0 target=100.0 ledc0=0 ledc3=0
state=1 freq=15.1 target=100.0 ledc0=0 ledc3=0
state=1 freq=21.1 target=100.0 ledc0=0 ledc3=0
state=1 freq=28.0 target=100.0 ledc0=0 ledc3=0
state=1 freq=35.6 target=100.0 ledc0=0 ledc3=0
state=1 freq=44.0 target=100.0 ledc0=0 ledc3=0
state=1 freq=52.9 target=100.0 ledc0=0 ledc3=0
state=1 freq=62.3 target=100.0 ledc0=0 ledc3=0
state=1 freq=72.1 target=100.0 ledc0=0 ledc3=0
state=1 freq=82.2 target=100.0 ledc0=0 ledc3=0
state=1 freq=92.5 target=100.0 ledc0=0 ledc3=0
state=1 freq=102.9 target=100.0 ledc0=0 ledc3=0
state=1 freq=113.3 target=100.0 ledc0=0 ledc3=0
state=1 freq=123.7 target=100.0 ledc0=0 ledc3=0
state=1 freq=133.9 target=100.0 ledc0=0 ledc3=0
state=1 freq=143.9 target=100.0 ledc0=0 ledc3=0
state=1 freq=153.5 target=100.0 ledc0=0 ledc3=0
state=1 freq=162.7 target=100.0 ledc0=0 ledc3=0
state=1 freq=171.3 target=100.0 ledc0=0 ledc3=0
state=1 freq=179.3 target=100.0 ledc0=0 ledc3=0
state=1 freq=186.6 target=100.0 ledc0=0 ledc3=0
state=1 freq=193.1 target=100.0 ledc0=0 ledc3=0
state=1 freq=198.6 target=100.0 ledc0=0 ledc3=0
state=1 freq=203.2 target=100.0 ledc0=0 ledc3=0
state=1 freq=206.7 target=100.0 ledc0=0 ledc3=0
state=1 freq=208.9 target=100.0 ledc0=0 ledc3=0
state=2 freq=210.0 target=100.0 ledc0=0 ledc3=0
state=2 freq=210.0 target=100.0 ledc0=0 ledc3=0
state=3 freq=210.0 target=90.0 ledc0=0 ledc3=0
state=2 freq=210.0 target=90.0 ledc0=0 ledc3=0
state=2 freq=210.0 target=90.0 ledc0=0 ledc3=0
state=3 freq=210.0 target=80.0 ledc0=0 ledc3=0
state=2 freq=210.0 target=80.0 ledc0=0 ledc3=0
state=2 freq=210.0 target=80.0 ledc0=0 ledc3=0
state=3 freq=210.0 target=70.0 ledc0=0 ledc3=0
state=2 freq=210.0 target=70.0 ledc0=0 ledc3=0
state=2 freq=210.0 target=70.0 ledc0=0 ledc3=0
state=3 freq=210.0 target=60.0 ledc0=0 ledc3=0
state=2 freq=210.0 target=60.0 ledc0=0 ledc3=0
state=2 freq=210.0 target=60.0 ledc0=0 ledc3=0
state=3 freq=210.0 target=50.0 ledc0=0 ledc3=0
state=2 freq=210.0 target=50.0 ledc0=0 ledc3=0
state=2 freq=210.0 target=50.0 ledc0=0 ledc3=0
state=3 freq=210.0 target=40.0 ledc0=0 ledc3=0
state=2 freq=210.0 target=40.0 ledc0=0 ledc3=0
state=2 freq=210.0 target=40.0 ledc0=0 ledc3=0
state=3 freq=210.0 target=30.0 ledc0=0 ledc3=0
state=2 freq=210.0 target=30.0 ledc0=0 ledc3=0
stop: ramping down (fast)
coils off
state=6 freq=210.0 target=30.0 ledc0=0 ledc3=0
state=6 freq=210.0 target=30.0 ledc0=0 ledc3=0
state=6 freq=210.0 target=30.0 ledc0=0 ledc3=0
state=6 freq=210.0 target=30.0 ledc0=0 ledc3=0
state=6 freq=210.0 target=30.0 ledc0=0 ledc3=0
state=6 freq=210.0 target=30.0 ledc0=0 ledc3=0
state=6 freq=210.0 target=30.0 ledc0=0 ledc3=0
state=6 freq=210.0 target=30.0 ledc0=0 ledc3=0
state=6 freq=210.0 target=30.0 ledc0=0 ledc3=0
state=6 freq=210.0 target=30.0 ledc0=0 ledc3=0
state=6 freq=210.0 target=30.0 ledc0=0 ledc3=0
state=6 freq=210.0 target=30.0 ledc0=0 ledc3=0
state=6 freq=210.0 target=30.0 ledc0=0 ledc3=0
state=6 freq=210.0 target=30.0 ledc0=0 ledc3=0
state=6 freq=210.0 target=30.0 ledc0=0 ledc3=0
state=6 freq=210.0 target=30.0 ledc0=0 ledc3=0
state=6 freq=210.0 target=30.0 ledc0=0 ledc3=0
state=6 freq=210.0 target=30.0 ledc0=0 ledc3=0
state=6 freq=210.0 target=30.0 ledc0=0 ledc3=0
state=6 freq=210.0 target=30.0 ledc0=0 ledc3=0
state=6 freq=210.0 target=30.0 ledc0=0 ledc3=0
state=6 freq=210.0 target=30.0 ledc0=0 ledc3=0
state=6 freq=210.0 target=30.0 ledc0=0 ledc3=0
state=6 freq=210.0 target=30.0 ledc0=0 ledc3=0
state=6 freq=210.0 target=30.0 ledc0=0 ledc3=0
state=6 freq=210.0 target=30.0 ledc0=0 ledc3=0
state=6 freq=210.0 target=30.0 ledc0=0 ledc3=0
state=6 freq=210.0 target=30.0 ledc0=0 ledc3=0
state=6 freq=210.0 target=30.0 ledc0=0 ledc3=0
state=6 freq=210.0 target=30.0 ledc0=0 ledc3=0
state=6 freq=210.0 target=30.0 ledc0=0 ledc3=0
state=6 freq=210.0 target=30.0 ledc0=0 ledc3=0
state=6 freq=210.0 target=30.0 ledc0=0 ledc3=0
state=6 freq=210.0 target=30.0 ledc0=0 ledc3=0
state=6 freq=210.0 target=30.0 ledc0=0 ledc3=0
state=6 freq=210.0 target=30.0 ledc0=0 ledc3=0
state=6 freq=210.0 target=30.0 ledc0=0 ledc3=0
state=6 freq=210.0 target=30.0 ledc0=0 ledc3=0
state=6 freq=210.0 target=30.0 ledc0=0 ledc3=0
state=6 freq=210.0 target=30.0 ledc0=0 ledc3=0
state=6 freq=210.0 target=30.0 ledc0=0 ledc3=0
state=6 freq=210.0 target=30.0 ledc0=0 ledc3=0
state=6 freq=210.0 target=30.0 ledc0=0 ledc3=0
state=6 freq=210.0 target=30.0 ledc0=0 ledc3=0
state=6 freq=210.0 target=30.0 ledc0=0 ledc3=0
state=6 freq=210.0 target=30.0 ledc0=0 ledc3=0
state=6 freq=210.0 target=30.0 ledc0=0 ledc3=0
state=6 freq=210.0 target=30.0 ledc0=0 ledc3=0
end: ramping down
coils off
state=6 freq=210.0 target=30.0 ledc0=0 ledc3=0
state=6 freq=210.0 target=30.0 ledc0=0 ledc3=0
state=6 freq=210.0 target=30.0 ledc0=0 ledc3=0
state=6 freq=210.0 target=30.0 ledc0=0 ledc3=0
state=6 freq=210.0 target=30.0 ledc0=0 ledc3=0
state=6 freq=210.0 target=30.0 ledc0=0 ledc3=0
state=6 freq=210.0 target=30.0 ledc0=0 ledc3=0
state=6 freq=210.0 target=30.0 ledc0=0 ledc3=0
state=6 freq=210.0 target=30.0 ledc0=0 ledc3=0
state=6 freq=210.0 target=30.0 ledc0=0 ledc3=0
state=6 freq=210.0 target=30.0 ledc0=0 ledc3=0
state=6 freq=210.0 target=30.0 ledc0=0 ledc3=0
state=6 freq=210.0 target=30.0 ledc0=0 ledc3=0
state=6 freq=210.0 target=30.0 ledc0=0 ledc3=0
state=6 freq=210.0 target=30.0 ledc0=0 ledc3=0
state=6 freq=210.0 target=30.0 ledc0=0 ledc3=0
state=6 freq=210.0 target=30.0 ledc0=0 ledc3=0
state=6 freq=210.0 target=30.0 ledc0=0 ledc3=0
state=6 freq=210.0 target=30.0 ledc0=0 ledc3=0
state=6 freq=210.0 target=30.0 ledc0=0 ledc3=0
state=6 freq=210.0 target=30.0 ledc0=0 ledc3=0
state=6 freq=210.0 target=30.0 ledc0=0 ledc3=0
state=6 freq=210.0 target=30.0 ledc0=0 ledc3=0
state=6 freq=210.0 target=30.0 ledc0=0 ledc3=0
state=6 freq=210.0 target=30.0 ledc0=0 ledc3=0
state=6 freq=210.0 target=30.0 ledc0=0 ledc3=0
state=6 freq=210.0 target=30.0 ledc0=0 ledc3=0
state=6 freq=210.0 target=30.0 ledc0=0 ledc3=0
state=6 freq=210.0 target=30.0 ledc0=0 ledc3=0
state=6 freq=210.0 target=30.0 ledc0=0 ledc3=0
state=6 freq=210.0 target=30.0 ledc0=0 ledc3=0
state=6 freq=210.0 target=30.0 ledc0=0 ledc3=0
state=6 freq=210.0 target=30.0 ledc0=0 ledc3=0
state=6 freq=210.0 target=30.0 ledc0=0 ledc3=0
state=6 freq=210.0 target=30.0 ledc0=0 ledc3=0
state=6 freq=210.0 target=30.0 ledc0=0 ledc3=0
state=6 freq=210.0 target=30.0 ledc0=0 ledc3=0
state=6 freq=210.0 target=30.0 ledc0=0 ledc3=0
state=6 freq=210.0 target=30.0 ledc0=0 ledc3=0
state=6 freq=210.0 target=30.0 ledc0=0 ledc3=0
state=6 freq=210.0 target=30.0 ledc0=0 ledc3=0
state=6 freq=210.0 target=30.0 ledc0=0 ledc3=0
state=6 freq=210.0 target=30.0 ledc0=0 ledc3=0
state=6 freq=210.0 target=30.0 ledc0=0 ledc3=0
state=6 freq=210.0 target=30.0 ledc0=0 ledc3=0
state=6 freq=210.0 target=30.0 ledc0=0 ledc3=0
state=6 freq=210.0 target=30.0 ledc0=0 ledc3=0
state=6 freq=210.0 target=30.0 ledc0=0 ledc3=0
state=6 freq=210.0 target=30.0 ledc0=0 ledc3=0
state=6 freq=210.0 target=30.0 ledc0=0 ledc3=0
state=6 freq=210.0 target=30.0 ledc0=0 ledc3=0
state=6 freq=210.0 target=30.0 ledc0=0 ledc3=0
state=6 freq=210.0 target=30.0 ledc0=0 ledc3=0
state=6 freq=210.0 target=30.0 ledc0=0 ledc3=0
state=6 freq=210.0 target=30.0 ledc0=0 ledc3=0
state=6 freq=210.0 target=30.0 ledc0=0 ledc3=0
state=6 freq=210.0 target=30.0 ledc0=0 ledc3=0
state=6 freq=210.0 target=30.0 ledc0=0 ledc3=0
state=6 freq=210.0 target=30.0 ledc0=0 ledc3=0
state=6 freq=210.0 target=30.0 ledc0=0 ledc3=0
state=6 freq=210.0 target=30.0 ledc0=0 ledc3=0
state=6 freq=210.0 target=30.0 ledc0=0 ledc3=0
state=6 freq=210.0 target=30.0 ledc0=0 ledc3=0
state=6 freq=210.0 target=30.0 ledc0=0 ledc3=0
state=6 freq=210.0 target=30.0 ledc0=0 ledc3=0
state=6 freq=210.0 target=30.0 ledc0=0 ledc3=0
state=6 freq=210.0 target=30.0 ledc0=0 ledc3=0
state=6 freq=210.0 target=30.0 ledc0=0 ledc3=0
state=6 freq=210.0 target=30.0 ledc0=0 ledc3=0
state=6 freq=210.0 target=30.0 ledc0=0 ledc3=0
state=6 freq=210.0 target=30.0 ledc0=0 ledc3=0
state=6 freq=210.0 target=30.0 ledc0=0 ledc3=0
state=6 freq=210.0 target=30.0 ledc0=0 ledc3=0
state=6 freq=210.0 target=30.0 ledc0=0 ledc3=0
state=6 freq=210.0 target=30.0 ledc0=0 ledc3=0
state=6 freq=210.0 target=30.0 ledc0=0 ledc3=0
state=6 freq=210.0 target=30.0 ledc0=0 ledc3=0
state=6 freq=210.0 target=30.0 ledc0=0 ledc3=0
state=6 freq=210.0 target=30.0 ledc0=0 ledc3=0
state=6 freq=210.0 target=30.0 ledc0=0 ledc3=0
state=6 freq=210.0 target=30.0 ledc0=0 ledc3=0
state=6 freq=210.0 target=30.0 ledc0=0 ledc3=0
state=6 freq=210.0 target=30.0 ledc0=0 ledc3=0
state=6 freq=210.0 target=30.0 ledc0=0 ledc3=0
state=6 freq=210.0 target=30.0 ledc0=0 ledc3=0
state=6 freq=210.0 target=30.0 ledc0=0 ledc3=0
state=6 freq=210.0 target=30.0 ledc0=0 ledc3=0
state=6 freq=210.0 target=30.0 ledc0=0 ledc3=0
state=6 freq=210.0 target=30.0 ledc0=0 ledc3=0
state=6 freq=210.0 target=30.0 ledc0=0 ledc3=0
state=6 freq=210.0 target=30.0 ledc0=0 ledc3=0
state=6 freq=210.0 target=30.0 ledc0=0 ledc3=0
state=6 freq=210.0 target=30.0 ledc0=0 ledc3=0
state=6 freq=210.0 target=30.0 ledc0=0 ledc3=0
state=6 freq=210.0 target=30.0 ledc0=0 ledc3=0
state=6 freq=210.0 target=30.0 ledc0=0 ledc3=0
state=6 freq=210.0 target=30.0 ledc0=0 ledc3=0
state=6 freq=210.0 target=30.0 ledc0=0 ledc3=0
state=6 freq=210.0 target=30.0 ledc0=0 ledc3=0
state=6 freq=210.0 target=30.0 ledc0=0 ledc3=0
state=6 freq=210.0 target=30.0 ledc0=0 ledc3=0
state=6 freq=210.0 target=30.0 ledc0=0 ledc3=0
state=6 freq=210.0 target=30.0 ledc0=0 ledc3=0
state=6 freq=210.0 target=30.0 ledc0=0 ledc3=0
stop: ramping down (fast)
coils off
