   0.00s  ets Jul 29 2019 12:21:46
   0.00s  
   0.00s  rst:0x1 (POWERON_RESET),boot:0x13 (SPI_FAST_FLASH_BOOT)
   0.01s  configsip: 0, SPIWP:0xee
   0.01s  clk_drv:0x00,q_drv:0x00,d_drv:0x00,cs0_drv:0x00,hd_drv:0x00,wp_drv:0x00
   0.02s  mode:DIO, clock div:2
   0.02s  load:0x3fff0030,len:1184
   0.02s  load:0x40078000,len:13232
   0.03s  load:0x40080400,len:3028
   0.03s  entry 0x400805e4
   1.03s  state_space: dual-core, arming 3s, then autonomous 1->210Hz ramp + LQID, bounded run
   1.20s  commands: dir=cw|ccw  rmax=/rrate=<val>  gains?
   1.21s  direction=CCW
   1.21s  t=1038 phase=0 freq=1.0 | I[A]: A=0.00 B=0.00 C=0.00 D=0.00 | duty[%]: A=50.0 B=50.0 C=50.0 D=50.0 | spread=0.000 dir=1 r=0.000 rmax=8.000 rrate=0.00030
   1.22s  R_MAX=2.000 R_RAMP=0.00030
   1.22s  t=1538 phase=0 freq=1.0 | I[A]: A=0.00 B=0.00 C=0.00 D=0.00 | duty[%]: A=50.0 B=50.0 C=50.0 D=50.0 | spread=0.000 dir=1 r=0.000 rmax=2.000 rrate=0.00030
   1.72s  t=2038 phase=0 freq=1.0 | I[A]: A=0.00 B=0.00 C=0.00 D=0.00 | duty[%]: A=50.0 B=50.0 C=50.0 D=50.0 | spread=0.000 dir=1 r=0.000 rmax=2.000 rrate=0.00030
   2.22s  t=2538 phase=0 freq=1.0 | I[A]: A=0.00 B=0.00 C=0.00 D=0.00 | duty[%]: A=50.0 B=50.0 C=50.0 D=50.0 | spread=0.000 dir=1 r=0.000 rmax=2.000 rrate=0.00030
   2.72s  t=3038 phase=0 freq=1.0 | I[A]: A=0.00 B=0.00 C=0.00 D=0.00 | duty[%]: A=50.0 B=50.0 C=50.0 D=50.0 | spread=0.000 dir=1 r=0.000 rmax=2.000 rrate=0.00030
   3.22s  t=3538 phase=0 freq=1.0 | I[A]: A=0.00 B=0.00 C=0.00 D=0.00 | duty[%]: A=50.0 B=50.0 C=50.0 D=50.0 | spread=0.000 dir=1 r=0.000 rmax=2.000 rrate=0.00030
   3.72s  t=4038 phase=0 freq=1.0 | I[A]: A=0.00 B=0.00 C=0.00 D=0.00 | duty[%]: A=50.0 B=50.0 C=50.0 D=50.0 | spread=0.000 dir=1 r=0.000 rmax=2.000 rrate=0.00030
   4.22s  t=4538 phase=1 freq=1.3 | I[A]: A=0.00 B=0.00 C=0.03 D=0.00 | duty[%]: A=8.2 B=7.9 C=19.4 D=5.0 | spread=0.034 dir=1 r=0.150 rmax=2.000 rrate=0.00030
   4.72s  t=5038 phase=1 freq=2.4 | I[A]: A=0.00 B=0.01 C=0.00 D=0.00 | duty[%]: A=17.6 B=17.1 C=41.2 D=8.0 | spread=0.006 dir=1 r=0.300 rmax=2.000 rrate=0.00030
   5.22s  t=5538 phase=1 freq=4.2 | I[A]: A=0.00 B=0.00 C=0.01 D=0.00 | duty[%]: A=26.8 B=26.2 C=62.9 D=12.2 | spread=0.012 dir=1 r=0.450 rmax=2.000 rrate=0.00030
   5.72s  t=6038 phase=1 freq=6.7 | I[A]: A=0.00 B=0.09 C=0.02 D=0.00 | duty[%]: A=36.1 B=35.2 C=84.7 D=16.4 | spread=0.088 dir=1 r=0.600 rmax=2.000 rrate=0.00030
   6.22s  t=6538 phase=1 freq=9.8 | I[A]: A=0.10 B=0.02 C=0.19 D=0.00 | duty[%]: A=43.8 B=42.9 C=100.0 D=20.0 | spread=0.191 dir=1 r=0.705 rmax=2.000 rrate=0.00030
   6.72s  t=7038 phase=1 freq=13.5 | I[A]: A=0.02 B=0.11 C=0.32 D=0.00 | duty[%]: A=43.6 B=42.7 C=100.0 D=19.9 | spread=0.318 dir=1 r=0.705 rmax=2.000 rrate=0.00030
   7.22s  t=7538 phase=1 freq=17.7 | I[A]: A=0.22 B=0.10 C=1.00 D=0.00 | duty[%]: A=43.9 B=43.3 C=100.0 D=20.2 | spread=0.999 dir=1 r=0.705 rmax=2.000 rrate=0.00030
   7.72s  t=8038 phase=1 freq=22.5 | I[A]: A=0.00 B=0.09 C=0.80 D=0.00 | duty[%]: A=44.3 B=43.3 C=100.0 D=20.2 | spread=0.798 dir=1 r=0.705 rmax=2.000 rrate=0.00030
   8.22s  t=8538 phase=1 freq=27.7 | I[A]: A=0.04 B=0.37 C=0.08 D=0.00 | duty[%]: A=43.7 B=42.4 C=100.0 D=20.0 | spread=0.371 dir=1 r=0.705 rmax=2.000 rrate=0.00030
   8.72s  t=9038 phase=1 freq=33.4 | I[A]: A=0.22 B=0.07 C=0.47 D=0.00 | duty[%]: A=43.9 B=42.8 C=100.0 D=20.1 | spread=0.470 dir=1 r=0.705 rmax=2.000 rrate=0.00030
   9.22s  t=9538 phase=1 freq=39.4 | I[A]: A=0.11 B=0.14 C=0.56 D=0.00 | duty[%]: A=43.9 B=42.8 C=100.0 D=20.3 | spread=0.564 dir=1 r=0.705 rmax=2.000 rrate=0.00030
   9.72s  t=10038 phase=1 freq=45.8 | I[A]: A=0.28 B=0.23 C=0.45 D=0.00 | duty[%]: A=44.3 B=43.3 C=100.0 D=20.4 | spread=0.451 dir=1 r=0.705 rmax=2.000 rrate=0.00030
  10.22s  t=10538 phase=1 freq=52.5 | I[A]: A=0.08 B=0.18 C=0.94 D=0.00 | duty[%]: A=44.0 B=43.0 C=100.0 D=20.3 | spread=0.941 dir=1 r=0.705 rmax=2.000 rrate=0.00030
  10.72s  t=11038 phase=1 freq=59.5 | I[A]: A=0.38 B=0.15 C=0.70 D=0.00 | duty[%]: A=43.9 B=43.0 C=100.0 D=20.1 | spread=0.695 dir=1 r=0.705 rmax=2.000 rrate=0.00030
  11.22s  t=11538 phase=1 freq=66.8 | I[A]: A=0.32 B=0.19 C=0.89 D=0.00 | duty[%]: A=44.1 B=43.2 C=100.0 D=20.4 | spread=0.893 dir=1 r=0.705 rmax=2.000 rrate=0.00030
  11.72s  t=12038 phase=1 freq=74.2 | I[A]: A=0.25 B=0.44 C=0.54 D=0.00 | duty[%]: A=43.8 B=42.8 C=100.0 D=20.3 | spread=0.545 dir=1 r=0.705 rmax=2.000 rrate=0.00030
  12.22s  t=12538 phase=1 freq=81.8 | I[A]: A=0.39 B=1.14 C=0.59 D=0.00 | duty[%]: A=44.1 B=43.7 C=100.0 D=20.7 | spread=1.141 dir=1 r=0.705 rmax=2.000 rrate=0.00030
  12.72s  t=13038 phase=1 freq=89.5 | I[A]: A=0.58 B=0.35 C=1.41 D=0.00 | duty[%]: A=43.9 B=42.4 C=100.0 D=20.7 | spread=1.414 dir=1 r=0.705 rmax=2.000 rrate=0.00030
  13.22s  t=13538 phase=1 freq=97.3 | I[A]: A=0.74 B=0.58 C=1.53 D=0.02 | duty[%]: A=44.0 B=43.2 C=100.0 D=20.9 | spread=1.504 dir=1 r=0.705 rmax=2.000 rrate=0.00030
  13.72s  t=14038 phase=1 freq=105.1 | I[A]: A=0.51 B=0.72 C=1.21 D=0.11 | duty[%]: A=44.1 B=42.6 C=99.0 D=20.9 | spread=1.098 dir=1 r=0.720 rmax=2.000 rrate=0.00030
  14.22s  t=14538 phase=1 freq=112.9 | I[A]: A=0.69 B=0.82 C=1.52 D=0.23 | duty[%]: A=44.3 B=42.8 C=99.7 D=21.3 | spread=1.290 dir=1 r=0.870 rmax=2.000 rrate=0.00030
  14.72s  t=15038 phase=1 freq=120.7 | I[A]: A=0.73 B=1.00 C=1.81 D=0.21 | duty[%]: A=43.2 B=42.3 C=95.9 D=21.0 | spread=1.596 dir=1 r=1.020 rmax=2.000 rrate=0.00030
  15.22s  t=15538 phase=1 freq=128.5 | I[A]: A=0.69 B=0.73 C=2.06 D=0.15 | duty[%]: A=40.5 B=39.7 C=89.8 D=19.4 | spread=1.907 dir=1 r=1.170 rmax=2.000 rrate=0.00030
  15.72s  t=16038 phase=1 freq=136.1 | I[A]: A=0.92 B=1.07 C=2.09 D=0.59 | duty[%]: A=45.2 B=44.7 C=79.6 D=27.3 | spread=1.499 dir=1 r=1.320 rmax=2.000 rrate=0.00030
  16.22s  t=16538 phase=1 freq=143.5 | I[A]: A=1.20 B=1.18 C=1.75 D=0.94 | duty[%]: A=50.1 B=49.1 C=72.0 D=33.5 | spread=0.818 dir=1 r=1.470 rmax=2.000 rrate=0.00030
  16.72s  t=17038 phase=1 freq=150.8 | I[A]: A=1.19 B=1.47 C=1.33 D=1.62 | duty[%]: A=52.5 B=52.3 C=71.2 D=37.4 | spread=0.435 dir=1 r=1.620 rmax=2.000 rrate=0.00030
  17.22s  t=17538 phase=1 freq=157.8 | I[A]: A=1.29 B=1.75 C=1.64 D=1.84 | duty[%]: A=55.9 B=55.7 C=79.6 D=37.7 | spread=0.556 dir=1 r=1.770 rmax=2.000 rrate=0.00030
  17.72s  t=18038 phase=1 freq=164.5 | I[A]: A=0.94 B=3.16 C=2.99 D=2.42 | duty[%]: A=64.7 B=63.0 C=94.4 D=42.5 | spread=2.222 dir=1 r=1.920 rmax=2.000 rrate=0.00030
  18.22s  t=18538 phase=1 freq=171.0 | I[A]: A=1.85 B=3.04 C=1.94 D=2.76 | duty[%]: A=65.8 B=75.3 C=100.0 D=37.5 | spread=1.195 dir=1 r=1.950 rmax=2.000 rrate=0.00030
  18.72s  t=19038 phase=1 freq=177.1 | I[A]: A=2.46 B=3.15 C=2.59 D=1.90 | duty[%]: A=71.0 B=75.7 C=100.0 D=44.2 | spread=1.244 dir=1 r=1.950 rmax=2.000 rrate=0.00030
  19.22s  t=19538 phase=1 freq=182.7 | I[A]: A=2.45 B=3.03 C=2.35 D=2.33 | duty[%]: A=77.1 B=75.8 C=100.0 D=48.2 | spread=0.694 dir=1 r=1.950 rmax=2.000 rrate=0.00030
  19.72s  t=20038 phase=1 freq=188.0 | I[A]: A=2.40 B=2.78 C=2.16 D=2.51 | duty[%]: A=80.1 B=75.9 C=100.0 D=51.3 | spread=0.613 dir=1 r=1.950 rmax=2.000 rrate=0.00030
  20.22s  t=20538 phase=1 freq=192.8 | I[A]: A=2.72 B=2.33 C=1.75 D=2.47 | duty[%]: A=80.6 B=76.6 C=100.0 D=51.3 | spread=0.978 dir=1 r=1.950 rmax=2.000 rrate=0.00030
  20.72s  t=21038 phase=1 freq=197.1 | I[A]: A=2.29 B=2.65 C=1.86 D=2.11 | duty[%]: A=79.0 B=78.2 C=100.0 D=50.0 | spread=0.790 dir=1 r=1.950 rmax=2.000 rrate=0.00030
  21.22s  t=21538 phase=1 freq=200.9 | I[A]: A=2.60 B=2.13 C=1.59 D=2.59 | duty[%]: A=80.7 B=78.1 C=100.0 D=52.4 | spread=1.010 dir=1 r=1.950 rmax=2.000 rrate=0.00030
  21.72s  t=22038 phase=1 freq=204.0 | I[A]: A=2.25 B=2.47 C=1.77 D=2.02 | duty[%]: A=80.5 B=78.1 C=100.0 D=54.3 | spread=0.706 dir=1 r=1.950 rmax=2.000 rrate=0.00030
  22.22s  t=22538 phase=1 freq=206.6 | I[A]: A=2.53 B=2.39 C=1.77 D=2.50 | duty[%]: A=79.9 B=77.7 C=100.0 D=55.5 | spread=0.761 dir=1 r=1.950 rmax=2.000 rrate=0.00030
  22.72s  t=23038 phase=1 freq=208.4 | I[A]: A=2.39 B=2.52 C=2.04 D=2.43 | duty[%]: A=79.3 B=75.8 C=100.0 D=55.7 | spread=0.480 dir=1 r=1.950 rmax=2.000 rrate=0.00030
  23.22s  t=23538 phase=2 freq=209.6 | I[A]: A=1.91 B=2.01 C=1.73 D=2.00 | duty[%]: A=79.1 B=75.5 C=100.0 D=54.8 | spread=0.279 dir=1 r=1.950 rmax=2.000 rrate=0.00030
  23.72s  t=24038 phase=2 freq=210.0 | I[A]: A=2.24 B=1.91 C=1.62 D=1.99 | duty[%]: A=78.1 B=75.6 C=100.0 D=55.4 | spread=0.620 dir=1 r=1.950 rmax=2.000 rrate=0.00030
  24.22s  t=24538 phase=2 freq=210.0 | I[A]: A=2.41 B=1.79 C=1.57 D=2.37 | duty[%]: A=76.5 B=74.6 C=100.0 D=54.2 | spread=0.849 dir=1 r=1.950 rmax=2.000 rrate=0.00030
  24.72s  t=25038 phase=2 freq=210.0 | I[A]: A=1.73 B=2.21 C=1.83 D=1.73 | duty[%]: A=76.2 B=73.4 C=100.0 D=54.0 | spread=0.482 dir=1 r=1.950 rmax=2.000 rrate=0.00030
  25.22s  t=25538 phase=2 freq=210.0 | I[A]: A=1.65 B=2.10 C=1.83 D=1.79 | duty[%]: A=74.6 B=73.4 C=100.0 D=54.7 | spread=0.451 dir=1 r=1.950 rmax=2.000 rrate=0.00030
  25.72s  t=26038 phase=2 freq=210.0 | I[A]: A=1.94 B=1.73 C=1.56 D=2.14 | duty[%]: A=75.1 B=73.3 C=100.0 D=54.9 | spread=0.580 dir=1 r=1.950 rmax=2.000 rrate=0.00030
  26.22s  t=26538 phase=2 freq=210.0 | I[A]: A=1.94 B=1.77 C=1.65 D=2.13 | duty[%]: A=75.8 B=72.5 C=100.0 D=54.2 | spread=0.474 dir=1 r=1.950 rmax=2.000 rrate=0.00030
  26.72s  t=27038 phase=2 freq=210.0 | I[A]: A=2.06 B=1.85 C=1.69 D=2.12 | duty[%]: A=75.9 B=71.9 C=100.0 D=54.6 | spread=0.424 dir=1 r=1.950 rmax=2.000 rrate=0.00030
  27.22s  t=27538 phase=2 freq=210.0 | I[A]: A=2.19 B=1.95 C=1.83 D=1.88 | duty[%]: A=74.2 B=72.9 C=100.0 D=53.1 | spread=0.363 dir=1 r=1.950 rmax=2.000 rrate=0.00030
  27.72s  t=28038 phase=2 freq=210.0 | I[A]: A=2.18 B=2.05 C=1.90 D=2.00 | duty[%]: A=72.6 B=74.5 C=100.0 D=52.0 | spread=0.280 dir=1 r=1.950 rmax=2.000 rrate=0.00030
  28.22s  t=28538 phase=3 freq=210.0 | I[A]: A=1.81 B=1.90 C=1.72 D=1.95 | duty[%]: A=73.6 B=73.3 C=100.0 D=53.2 | spread=0.228 dir=1 r=1.950 rmax=2.000 rrate=0.00030
  28.72s  t=29038 phase=3 freq=210.0 | I[A]: A=0.18 B=0.21 C=0.68 D=0.01 | duty[%]: A=73.6 B=73.3 C=100.0 D=53.2 | spread=0.670 dir=1 r=1.950 rmax=2.000 rrate=0.00030
  29.22s  t=29538 phase=3 freq=210.0 | I[A]: A=0.00 B=0.00 C=0.00 D=0.00 | duty[%]: A=73.6 B=73.3 C=100.0 D=53.2 | spread=0.000 dir=1 r=1.950 rmax=2.000 rrate=0.00030
  29.72s  t=30038 phase=4 freq=210.0 | I[A]: A=0.00 B=0.00 C=0.00 D=0.00 | duty[%]: A=73.6 B=73.3 C=100.0 D=53.2 | spread=0.000 dir=1 r=1.950 rmax=2.000 rrate=0.00030
  30.22s  t=30538 phase=4 freq=210.0 | I[A]: A=0.00 B=0.00 C=0.00 D=0.00 | duty[%]: A=73.6 B=73.3 C=100.0 D=53.2 | spread=0.000 dir=1 r=1.950 rmax=2.000 rrate=0.00030
  30.72s  t=31038 phase=4 freq=210.0 | I[A]: A=0.00 B=0.00 C=0.00 D=0.00 | duty[%]: A=73.6 B=73.3 C=100.0 D=53.2 | spread=0.000 dir=1 r=1.950 rmax=2.000 rrate=0.00030
  31.22s  t=31538 phase=4 freq=210.0 | I[A]: A=0.00 B=0.00 C=0.00 D=0.00 | duty[%]: A=73.6 B=73.3 C=100.0 D=53.2 | spread=0.000 dir=1 r=1.950 rmax=2.000 rrate=0.00030
  31.72s  t=32038 phase=4 freq=210.0 | I[A]: A=0.00 B=0.00 C=0.00 D=0.00 | duty[%]: A=73.6 B=73.3 C=100.0 D=53.2 | spread=0.000 dir=1 r=1.950 rmax=2.000 rrate=0.00030
  32.22s  t=32538 phase=4 freq=210.0 | I[A]: A=0.00 B=0.00 C=0.00 D=0.00 | duty[%]: A=73.6 B=73.3 C=100.0 D=53.2 | spread=0.000 dir=1 r=1.950 rmax=2.000 rrate=0.00030
  32.72s  t=33038 phase=4 freq=210.0 | I[A]: A=0.00 B=0.00 C=0.00 D=0.00 | duty[%]: A=73.6 B=73.3 C=100.0 D=53.2 | spread=0.000 dir=1 r=1.950 rmax=2.000 rrate=0.00030
