   0.00s  ets Jul 29 2019 12:21:46
   0.00s  
   0.00s  rst:0x1 (POWERON_RESET),boot:0x13 (SPI_FAST_FLASH_BOOT)
   0.01s  configsip: 0, SPIWP:0xee
   0.01s  clk_drv:0x00,q_drv:0x00,d_drv:0x00,cs0_drv:0x00,hd_drv:0x00,wp_drv:0x00
   0.02s  mode:DIO, clock div:2
   0.02s  load:0x3fff0030,len:1184
   0.02s  load:0x40078000,len:13232
   0.03s  load:0x40080400,len:3028
   0.03s  entry 0x400805e4
   1.03s  state_space: dual-core, arming 3s, then autonomous 1->210Hz ramp + LQID, bounded run
   1.20s  commands: dir=cw|ccw  rmax=/rrate=<val>  gains?
   1.21s  direction=CCW
   1.21s  t=1038 phase=0 freq=1.0 | I[A]: A=0.00 B=0.00 C=0.00 D=0.00 | duty[%]: A=50.0 B=50.0 C=50.0 D=50.0 | spread=0.000 dir=1 r=0.000 rmax=8.000 rrate=0.00030
   1.22s  R_MAX=2.000 R_RAMP=0.00030
   1.22s  t=1538 phase=0 freq=1.0 | I[A]: A=0.00 B=0.00 C=0.00 D=0.00 | duty[%]: A=50.0 B=50.0 C=50.0 D=50.0 | spread=0.000 dir=1 r=0.000 rmax=2.000 rrate=0.00030
   1.72s  t=2038 phase=0 freq=1.0 | I[A]: A=0.00 B=0.00 C=0.00 D=0.00 | duty[%]: A=50.0 B=50.0 C=50.0 D=50.0 | spread=0.000 dir=1 r=0.000 rmax=2.000 rrate=0.00030
   2.22s  t=2538 phase=0 freq=1.0 | I[A]: A=0.00 B=0.00 C=0.00 D=0.00 | duty[%]: A=50.0 B=50.0 C=50.0 D=50.0 | spread=0.000 dir=1 r=0.000 rmax=2.000 rrate=0.00030
   2.72s  t=3038 phase=0 freq=1.0 | I[A]: A=0.00 B=0.00 C=0.00 D=0.00 | duty[%]: A=50.0 B=50.0 C=50.0 D=50.0 | spread=0.000 dir=1 r=0.000 rmax=2.000 rrate=0.00030
   3.22s  t=3538 phase=0 freq=1.0 | I[A]: A=0.00 B=0.00 C=0.00 D=0.00 | duty[%]: A=50.0 B=50.0 C=50.0 D=50.0 | spread=0.000 dir=1 r=0.000 rmax=2.000 rrate=0.00030
   3.72s  t=4038 phase=0 freq=1.0 | I[A]: A=0.00 B=0.00 C=0.00 D=0.00 | duty[%]: A=50.0 B=50.0 C=50.0 D=50.0 | spread=0.000 dir=1 r=0.000 rmax=2.000 rrate=0.00030
   4.22s  t=4538 phase=1 freq=1.3 | I[A]: A=0.00 B=0.00 C=0.03 D=0.00 | duty[%]: A=8.2 B=7.9 C=19.4 D=5.0 | spread=0.033 dir=1 r=0.150 rmax=2.000 rrate=0.00030
   4.72s  t=5038 phase=1 freq=2.4 | I[A]: A=0.00 B=0.00 C=0.00 D=0.00 | duty[%]: A=17.6 B=17.1 C=41.2 D=8.0 | spread=0.000 dir=1 r=0.300 rmax=2.000 rrate=0.00030
   5.22s  t=5538 phase=1 freq=4.2 | I[A]: A=0.00 B=0.01 C=0.00 D=0.00 | duty[%]: A=26.8 B=26.1 C=62.9 D=12.2 | spread=0.010 dir=1 r=0.450 rmax=2.000 rrate=0.00030
   5.72s  t=6038 phase=1 freq=6.7 | I[A]: A=0.00 B=0.00 C=0.02 D=0.00 | duty[%]: A=36.1 B=35.2 C=84.6 D=16.4 | spread=0.024 dir=1 r=0.600 rmax=2.000 rrate=0.00030
   6.22s  t=6538 phase=1 freq=9.8 | I[A]: A=0.01 B=0.15 C=0.00 D=0.00 | duty[%]: A=43.5 B=42.5 C=100.0 D=19.7 | spread=0.147 dir=1 r=0.705 rmax=2.000 rrate=0.00030
   6.72s  t=7038 phase=1 freq=13.5 | I[A]: A=0.03 B=0.12 C=0.36 D=0.00 | duty[%]: A=43.5 B=42.6 C=100.0 D=19.8 | spread=0.357 dir=1 r=0.705 rmax=2.000 rrate=0.00030
   7.22s  t=7538 phase=1 freq=17.7 | I[A]: A=0.13 B=0.12 C=0.27 D=0.00 | duty[%]: A=43.5 B=42.2 C=100.0 D=19.9 | spread=0.270 dir=1 r=0.705 rmax=2.000 rrate=0.00030
   7.72s  t=8038 phase=1 freq=22.5 | I[A]: A=0.03 B=0.25 C=0.37 D=0.00 | duty[%]: A=43.8 B=42.8 C=100.0 D=19.9 | spread=0.365 dir=1 r=0.705 rmax=2.000 rrate=0.00030
   8.22s  t=8538 phase=1 freq=27.7 | I[A]: A=0.02 B=0.02 C=0.43 D=0.00 | duty[%]: A=43.6 B=42.6 C=100.0 D=19.8 | spread=0.432 dir=1 r=0.705 rmax=2.000 rrate=0.00030
   8.72s  t=9038 phase=1 freq=33.4 | I[A]: A=0.16 B=0.33 C=0.49 D=0.00 | duty[%]: A=43.6 B=42.8 C=100.0 D=20.0 | spread=0.494 dir=1 r=0.705 rmax=2.000 rrate=0.00030
   9.22s  t=9538 phase=1 freq=39.4 | I[A]: A=0.18 B=0.27 C=1.01 D=0.00 | duty[%]: A=43.3 B=42.6 C=100.0 D=20.0 | spread=1.012 dir=1 r=0.705 rmax=2.000 rrate=0.00030
   9.72s  t=10038 phase=1 freq=45.8 | I[A]: A=0.23 B=0.12 C=0.44 D=0.00 | duty[%]: A=44.1 B=42.9 C=100.0 D=20.2 | spread=0.439 dir=1 r=0.705 rmax=2.000 rrate=0.00030
  10.22s  t=10538 phase=1 freq=52.5 | I[A]: A=0.32 B=0.26 C=0.99 D=0.00 | duty[%]: A=43.9 B=42.9 C=100.0 D=20.3 | spread=0.987 dir=1 r=0.705 rmax=2.000 rrate=0.00030
  10.72s  t=11038 phase=1 freq=59.5 | I[A]: A=0.31 B=0.26 C=1.01 D=0.00 | duty[%]: A=43.9 B=43.0 C=100.0 D=20.3 | spread=1.015 dir=1 r=0.705 rmax=2.000 rrate=0.00030
  11.22s  t=11538 phase=1 freq=66.8 | I[A]: A=0.28 B=0.22 C=1.13 D=0.00 | duty[%]: A=43.7 B=43.0 C=100.0 D=20.3 | spread=1.129 dir=1 r=0.705 rmax=2.000 rrate=0.00030
  11.72s  t=12038 phase=1 freq=74.2 | I[A]: A=0.39 B=0.46 C=0.70 D=0.00 | duty[%]: A=43.7 B=42.7 C=100.0 D=20.3 | spread=0.695 dir=1 r=0.705 rmax=2.000 rrate=0.00030
  12.22s  t=12538 phase=1 freq=81.8 | I[A]: A=0.41 B=1.26 C=0.49 D=0.00 | duty[%]: A=43.5 B=42.8 C=100.0 D=20.8 | spread=1.257 dir=1 r=0.705 rmax=2.000 rrate=0.00030
  12.72s  t=13038 phase=1 freq=89.5 | I[A]: A=0.39 B=0.28 C=0.90 D=0.01 | duty[%]: A=44.0 B=43.3 C=100.0 D=21.0 | spread=0.891 dir=1 r=0.705 rmax=2.000 rrate=0.00030
  13.22s  t=13538 phase=1 freq=97.3 | I[A]: A=0.65 B=0.49 C=1.39 D=0.02 | duty[%]: A=44.0 B=43.2 C=100.0 D=20.9 | spread=1.373 dir=1 r=0.705 rmax=2.000 rrate=0.00030
  13.72s  t=14038 phase=1 freq=105.1 | I[A]: A=0.66 B=0.85 C=1.39 D=0.09 | duty[%]: A=44.0 B=42.2 C=99.1 D=20.8 | spread=1.306 dir=1 r=0.720 rmax=2.000 rrate=0.00030
  14.22s  t=14538 phase=1 freq=112.9 | I[A]: A=0.74 B=0.71 C=1.63 D=0.12 | duty[%]: A=43.3 B=42.1 C=98.0 D=20.8 | spread=1.506 dir=1 r=0.855 rmax=2.000 rrate=0.00030
  14.72s  t=15038 phase=1 freq=120.7 | I[A]: A=0.70 B=0.82 C=1.64 D=0.26 | duty[%]: A=42.5 B=41.5 C=94.6 D=20.6 | spread=1.380 dir=1 r=1.005 rmax=2.000 rrate=0.00030
  15.22s  t=15538 phase=1 freq=128.5 | I[A]: A=0.76 B=0.76 C=1.96 D=0.18 | duty[%]: A=40.0 B=38.9 C=88.7 D=19.0 | spread=1.780 dir=1 r=1.155 rmax=2.000 rrate=0.00030
  15.72s  t=16038 phase=1 freq=136.1 | I[A]: A=1.02 B=0.79 C=1.93 D=0.51 | duty[%]: A=44.4 B=43.3 C=79.0 D=26.7 | spread=1.424 dir=1 r=1.305 rmax=2.000 rrate=0.00030
  16.22s  t=16538 phase=1 freq=143.5 | I[A]: A=1.17 B=0.98 C=1.55 D=0.92 | duty[%]: A=48.9 B=47.8 C=71.6 D=32.3 | spread=0.624 dir=1 r=1.455 rmax=2.000 rrate=0.00030
  16.72s  t=17038 phase=1 freq=150.8 | I[A]: A=1.26 B=1.33 C=1.42 D=1.53 | duty[%]: A=51.7 B=51.3 C=70.6 D=36.4 | spread=0.266 dir=1 r=1.605 rmax=2.000 rrate=0.00030
  17.22s  t=17538 phase=1 freq=157.8 | I[A]: A=1.88 B=1.41 C=1.63 D=1.52 | duty[%]: A=57.3 B=54.6 C=78.1 D=39.4 | spread=0.467 dir=1 r=1.755 rmax=2.000 rrate=0.00030
  17.72s  t=18038 phase=1 freq=164.5 | I[A]: A=1.15 B=2.86 C=2.35 D=2.77 | duty[%]: A=64.9 B=61.9 C=93.0 D=43.9 | spread=1.711 dir=1 r=1.905 rmax=2.000 rrate=0.00030
  18.22s  t=18538 phase=1 freq=171.0 | I[A]: A=1.85 B=3.01 C=2.99 D=1.99 | duty[%]: A=76.7 B=65.7 C=100.0 D=38.7 | spread=1.165 dir=1 r=1.950 rmax=2.000 rrate=0.00030
  18.72s  t=19038 phase=1 freq=177.1 | I[A]: A=3.08 B=2.58 C=2.34 D=2.06 | duty[%]: A=77.5 B=72.3 C=100.0 D=43.5 | spread=1.012 dir=1 r=1.950 rmax=2.000 rrate=0.00030
  19.22s  t=19538 phase=1 freq=182.7 | I[A]: A=2.87 B=2.59 C=2.05 D=2.66 | duty[%]: A=79.7 B=75.1 C=100.0 D=47.1 | spread=0.819 dir=1 r=1.950 rmax=2.000 rrate=0.00030
  19.72s  t=20038 phase=1 freq=188.0 | I[A]: A=2.90 B=2.63 C=1.89 D=2.61 | duty[%]: A=79.6 B=76.9 C=100.0 D=47.8 | spread=1.013 dir=1 r=1.950 rmax=2.000 rrate=0.00030
  20.22s  t=20538 phase=1 freq=192.8 | I[A]: A=2.57 B=2.80 C=2.03 D=2.32 | duty[%]: A=79.9 B=77.8 C=100.0 D=49.5 | spread=0.770 dir=1 r=1.950 rmax=2.000 rrate=0.00030
  20.72s  t=21038 phase=1 freq=197.1 | I[A]: A=2.34 B=2.52 C=1.96 D=2.25 | duty[%]: A=79.8 B=79.2 C=100.0 D=50.6 | spread=0.559 dir=1 r=1.950 rmax=2.000 rrate=0.00030
  21.22s  t=21538 phase=1 freq=200.9 | I[A]: A=2.43 B=2.61 C=1.86 D=2.10 | duty[%]: A=81.2 B=78.1 C=100.0 D=52.0 | spread=0.757 dir=1 r=1.950 rmax=2.000 rrate=0.00030
  21.72s  t=22038 phase=1 freq=204.0 | I[A]: A=2.54 B=2.33 C=1.87 D=2.24 | duty[%]: A=81.3 B=78.6 C=100.0 D=53.1 | spread=0.668 dir=1 r=1.950 rmax=2.000 rrate=0.00030
  22.22s  t=22538 phase=1 freq=206.6 | I[A]: A=2.03 B=2.33 C=1.66 D=2.10 | duty[%]: A=80.5 B=79.1 C=100.0 D=54.3 | spread=0.674 dir=1 r=1.950 rmax=2.000 rrate=0.00030
  22.72s  t=23038 phase=1 freq=208.4 | I[A]: A=2.61 B=2.30 C=1.56 D=1.74 | duty[%]: A=81.1 B=78.6 C=100.0 D=56.5 | spread=1.051 dir=1 r=1.950 rmax=2.000 rrate=0.00030
  23.22s  t=23538 phase=2 freq=209.6 | I[A]: A=2.30 B=2.27 C=1.93 D=2.11 | duty[%]: A=80.8 B=77.7 C=100.0 D=55.5 | spread=0.368 dir=1 r=1.950 rmax=2.000 rrate=0.00030
  23.72s  t=24038 phase=2 freq=210.0 | I[A]: A=1.96 B=2.12 C=1.63 D=1.87 | duty[%]: A=79.2 B=75.5 C=100.0 D=55.7 | spread=0.491 dir=1 r=1.950 rmax=2.000 rrate=0.00030
  24.22s  t=24538 phase=2 freq=210.0 | I[A]: A=2.12 B=1.88 C=1.53 D=2.13 | duty[%]: A=77.4 B=74.5 C=100.0 D=56.2 | spread=0.605 dir=1 r=1.950 rmax=2.000 rrate=0.00030
  24.72s  t=25038 phase=2 freq=210.0 | I[A]: A=2.34 B=2.26 C=1.94 D=1.96 | duty[%]: A=77.1 B=72.8 C=100.0 D=55.5 | spread=0.398 dir=1 r=1.950 rmax=2.000 rrate=0.00030
  25.22s  t=25538 phase=2 freq=210.0 | I[A]: A=1.94 B=2.08 C=2.02 D=1.93 | duty[%]: A=76.2 B=72.3 C=100.0 D=56.2 | spread=0.157 dir=1 r=1.950 rmax=2.000 rrate=0.00030
  25.72s  t=26038 phase=2 freq=210.0 | I[A]: A=1.93 B=2.15 C=1.85 D=1.77 | duty[%]: A=75.8 B=72.6 C=100.0 D=56.9 | spread=0.376 dir=1 r=1.950 rmax=2.000 rrate=0.00030
  26.22s  t=26538 phase=2 freq=210.0 | I[A]: A=2.21 B=2.12 C=1.79 D=2.15 | duty[%]: A=74.4 B=73.2 C=100.0 D=54.8 | spread=0.422 dir=1 r=1.950 rmax=2.000 rrate=0.00030
  26.72s  t=27038 phase=2 freq=210.0 | I[A]: A=2.19 B=1.88 C=1.64 D=1.87 | duty[%]: A=74.1 B=73.1 C=100.0 D=53.2 | spread=0.547 dir=1 r=1.950 rmax=2.000 rrate=0.00030
  27.22s  t=27538 phase=2 freq=210.0 | I[A]: A=1.81 B=1.92 C=1.73 D=1.88 | duty[%]: A=75.1 B=71.4 C=100.0 D=54.0 | spread=0.187 dir=1 r=1.950 rmax=2.000 rrate=0.00030
  27.72s  t=28038 phase=2 freq=210.0 | I[A]: A=1.83 B=1.85 C=1.76 D=2.01 | duty[%]: A=72.8 B=73.0 C=100.0 D=51.9 | spread=0.257 dir=1 r=1.950 rmax=2.000 rrate=0.00030
  28.22s  t=28538 phase=3 freq=210.0 | I[A]: A=1.80 B=1.99 C=1.89 D=1.86 | duty[%]: A=72.1 B=73.3 C=100.0 D=52.5 | spread=0.183 dir=1 r=1.950 rmax=2.000 rrate=0.00030
  28.72s  t=29038 phase=3 freq=210.0 | I[A]: A=0.15 B=0.22 C=0.83 D=0.01 | duty[%]: A=72.1 B=73.3 C=100.0 D=52.5 | spread=0.818 dir=1 r=1.950 rmax=2.000 rrate=0.00030
  29.22s  t=29538 phase=3 freq=210.0 | I[A]: A=0.00 B=0.00 C=0.00 D=0.00 | duty[%]: A=72.1 B=73.3 C=100.0 D=52.5 | spread=0.001 dir=1 r=1.950 rmax=2.000 rrate=0.00030
  29.72s  t=30038 phase=4 freq=210.0 | I[A]: A=0.00 B=0.00 C=0.00 D=0.00 | duty[%]: A=72.1 B=73.3 C=100.0 D=52.5 | spread=0.000 dir=1 r=1.950 rmax=2.000 rrate=0.00030
  30.22s  t=30538 phase=4 freq=210.0 | I[A]: A=0.00 B=0.00 C=0.00 D=0.00 | duty[%]: A=72.1 B=73.3 C=100.0 D=52.5 | spread=0.000 dir=1 r=1.950 rmax=2.000 rrate=0.00030
  30.72s  t=31038 phase=4 freq=210.0 | I[A]: A=0.00 B=0.00 C=0.00 D=0.00 | duty[%]: A=72.1 B=73.3 C=100.0 D=52.5 | spread=0.000 dir=1 r=1.950 rmax=2.000 rrate=0.00030
  31.22s  t=31538 phase=4 freq=210.0 | I[A]: A=0.00 B=0.00 C=0.00 D=0.00 | duty[%]: A=72.1 B=73.3 C=100.0 D=52.5 | spread=0.000 dir=1 r=1.950 rmax=2.000 rrate=0.00030
  31.72s  t=32038 phase=4 freq=210.0 | I[A]: A=0.00 B=0.00 C=0.00 D=0.00 | duty[%]: A=72.1 B=73.3 C=100.0 D=52.5 | spread=0.000 dir=1 r=1.950 rmax=2.000 rrate=0.00030
  32.22s  t=32538 phase=4 freq=210.0 | I[A]: A=0.00 B=0.00 C=0.00 D=0.00 | duty[%]: A=72.1 B=73.3 C=100.0 D=52.5 | spread=0.000 dir=1 r=1.950 rmax=2.000 rrate=0.00030
  32.72s  t=33038 phase=4 freq=210.0 | I[A]: A=0.00 B=0.00 C=0.00 D=0.00 | duty[%]: A=72.1 B=73.3 C=100.0 D=52.5 | spread=0.000 dir=1 r=1.950 rmax=2.000 rrate=0.00030
