   0.35s  xīŋŊīŋŊīŋŊīŋŊīŋŊīŋŊxīŋŊīŋŊxīŋŊxīŋŊīŋŊxīŋŊxxīŋŊīŋŊīŋŊīŋŊīŋŊīŋŊxīŋŊīŋŊxīŋŊxīŋŊīŋŊxīŋŊxxīŋŊīŋŊīŋŊīŋŊīŋŊīŋŊxīŋŊīŋŊxīŋŊxīŋŊīŋŊxīŋŊxxīŋŊīŋŊīŋŊīŋŊīŋŊīŋŊxīŋŊīŋŊxīŋŊxīŋŊīŋŊxīŋŊxxīŋŊīŋŊīŋŊīŋŊīŋŊīŋŊxīŋŊīŋŊxīŋŊxīŋŊīŋŊxīŋŊxxīŋŊīŋŊīŋŊīŋŊīŋŊīŋŊxīŋŊīŋŊxīŋŊxīŋŊīŋŊxīŋŊxxīŋŊīŋŊīŋŊīŋŊīŋŊīŋŊxīŋŊīŋŊxīŋŊxīŋŊīŋŊxīŋŊxxīŋŊīŋŊīŋŊīŋŊīŋŊīŋŊxīŋŊīŋŊxīŋŊxīŋŊīŋŊxīŋŊxxīŋŊīŋŊīŋŊīŋŊīŋŊīŋŊxīŋŊīŋŊxīŋŊxīŋŊīŋŊxīŋŊxxīŋŊīŋŊīŋŊīŋŊīŋŊīŋŊxīŋŊīŋŊxīŋŊxīŋŊīŋŊxīŋŊxxīŋŊīŋŊīŋŊīŋŊīŋŊīŋŊxīŋŊīŋŊxīŋŊxīŋŊīŋŊxīŋŊxxīŋŊīŋŊīŋŊīŋŊīŋŊīŋŊxīŋŊīŋŊxīŋŊxīŋŊīŋŊxīŋŊxxīŋŊīŋŊīŋŊīŋŊīŋŊīŋŊxīŋŊīŋŊxīŋŊxīŋŊīŋŊxīŋŊxxīŋŊīŋŊīŋŊīŋŊīŋŊīŋŊxīŋŊīŋŊxīŋŊxīŋŊīŋŊxīŋŊxxīŋŊīŋŊīŋŊīŋŊīŋŊīŋŊxīŋŊīŋŊxīŋŊxīŋŊīŋŊxīŋŊxxīŋŊīŋŊīŋŊīŋŊīŋŊīŋŊxīŋŊīŋŊxīŋŊxīŋŊīŋŊxīŋŊxxīŋŊīŋŊīŋŊīŋŊīŋŊīŋŊxīŋŊīŋŊxīŋŊxīŋŊīŋŊxīŋŊxxīŋŊīŋŊīŋŊīŋŊīŋŊīŋŊxīŋŊīŋŊxīŋŊxīŋŊīŋŊxīŋŊxxīŋŊīŋŊīŋŊīŋŊīŋŊīŋŊxīŋŊīŋŊxīŋŊxīŋŊīŋŊxīŋŊxxīŋŊīŋŊīŋŊīŋŊīŋŊīŋŊxīŋŊīŋŊxīŋŊxīŋŊīŋŊxīŋŊxxīŋŊīŋŊīŋŊīŋŊīŋŊīŋŊxīŋŊīŋŊxīŋŊxīŋŊīŋŊxīŋŊxxīŋŊīŋŊīŋŊīŋŊīŋŊīŋŊxīŋŊīŋŊxīŋŊxīŋŊīŋŊxīŋŊxxīŋŊīŋŊīŋŊīŋŊīŋŊīŋŊxīŋŊīŋŊxīŋŊxīŋŊīŋŊxīŋŊxxīŋŊīŋŊīŋŊīŋŊīŋŊīŋŊxīŋŊīŋŊxīŋŊxīŋŊīŋŊxīŋŊxxīŋŊīŋŊīŋŊīŋŊīŋŊīŋŊxīŋŊīŋŊxīŋŊxīŋŊīŋŊxīŋŊxxīŋŊīŋŊīŋŊīŋŊīŋŊīŋŊxīŋŊīŋŊxīŋŊxīŋŊīŋŊxīŋŊxxīŋŊīŋŊīŋŊīŋŊīŋŊīŋŊxīŋŊīŋŊxīŋŊxīŋŊīŋŊxīŋŊxxīŋŊīŋŊīŋŊīŋŊīŋŊīŋŊxīŋŊīŋŊxīŋŊxīŋŊīŋŊxīŋŊxxīŋŊīŋŊīŋŊīŋŊīŋŊīŋŊxīŋŊīŋŊxīŋŊxīŋŊīŋŊxīŋŊxxīŋŊīŋŊīŋŊīŋŊīŋŊīŋŊxīŋŊīŋŊxīŋŊxīŋŊīŋŊxīŋŊxxīŋŊīŋŊīŋŊīŋŊīŋŊīŋŊxīŋŊīŋŊxīŋŊxīŋŊīŋŊxīŋŊxxīŋŊīŋŊīŋŊīŋŊīŋŊīŋŊxīŋŊīŋŊxīŋŊxīŋŊīŋŊxīŋŊxxīŋŊīŋŊīŋŊīŋŊīŋŊīŋŊxīŋŊīŋŊxīŋŊxīŋŊīŋŊxīŋŊxxīŋŊīŋŊīŋŊīŋŊīŋŊīŋŊxīŋŊīŋŊxīŋŊxīŋŊīŋŊxīŋŊxxīŋŊīŋŊīŋŊīŋŊīŋŊīŋŊxīŋŊīŋŊxīŋŊxīŋŊīŋŊxīŋŊxxīŋŊīŋŊīŋŊīŋŊīŋŊīŋŊxīŋŊīŋŊxīŋŊxīŋŊīŋŊxīŋŊxxīŋŊīŋŊīŋŊīŋŊīŋŊīŋŊxīŋŊīŋŊxīŋŊxīŋŊīŋŊxīŋŊxxīŋŊīŋŊīŋŊīŋŊīŋŊīŋŊxīŋŊīŋŊxīŋŊxīŋŊīŋŊxīŋŊxxīŋŊīŋŊīŋŊīŋŊīŋŊīŋŊxīŋŊīŋŊxīŋŊxīŋŊīŋŊxīŋŊxxīŋŊīŋŊīŋŊīŋŊīŋŊīŋŊxīŋŊīŋŊxīŋŊxīŋŊīŋŊxīŋŊxxīŋŊīŋŊīŋŊīŋŊīŋŊīŋŊxīŋŊīŋŊxīŋŊxīŋŊīŋŊxīŋŊxxīŋŊīŋŊīŋŊīŋŊīŋŊīŋŊxīŋŊīŋŊxīŋŊxīŋŊīŋŊxīŋŊxxīŋŊīŋŊīŋŊīŋŊīŋŊīŋŊxīŋŊīŋŊxīŋŊxīŋŊīŋŊxīŋŊxxīŋŊīŋŊīŋŊīŋŊīŋŊīŋŊxīŋŊīŋŊxīŋŊxīŋŊīŋŊxīŋŊxxīŋŊīŋŊīŋŊīŋŊīŋŊīŋŊxīŋŊīŋŊxīŋŊxīŋŊīŋŊxīŋŊxxīŋŊīŋŊīŋŊīŋŊīŋŊīŋŊxīŋŊīŋŊxīŋŊxīŋŊīŋŊxīŋŊxxīŋŊīŋŊīŋŊīŋŊīŋŊīŋŊxīŋŊīŋŊxīŋŊxīŋŊīŋŊxīŋŊxxīŋŊīŋŊīŋŊīŋŊīŋŊīŋŊxīŋŊīŋŊxīŋŊxīŋŊīŋŊxīŋŊxxīŋŊīŋŊīŋŊīŋŊīŋŊīŋŊxīŋŊīŋŊxīŋŊxīŋŊīŋŊxīŋŊxxīŋŊīŋŊīŋŊīŋŊīŋŊīŋŊxīŋŊīŋŊxīŋŊxīŋŊīŋŊxīŋŊxxīŋŊīŋŊīŋŊīŋŊīŋŊīŋŊxīŋŊīŋŊxīŋŊxīŋŊīŋŊxīŋŊxxīŋŊīŋŊīŋŊīŋŊīŋŊīŋŊxīŋŊīŋŊxīŋŊxīŋŊīŋŊxīŋŊxxīŋŊīŋŊīŋŊīŋŊīŋŊīŋŊxīŋŊīŋŊxīŋŊxīŋŊīŋŊxīŋŊxxīŋŊīŋŊīŋŊīŋŊīŋŊīŋŊxīŋŊīŋŊxīŋŊxīŋŊīŋŊxīŋŊxxīŋŊīŋŊīŋŊīŋŊīŋŊīŋŊxīŋŊīŋŊxīŋŊxīŋŊīŋŊxīŋŊxxīŋŊīŋŊīŋŊīŋŊīŋŊīŋŊxīŋŊīŋŊxīŋŊxīŋŊīŋŊxīŋŊxxīŋŊīŋŊīŋŊīŋŊīŋŊīŋŊxīŋŊīŋŊxīŋŊxīŋŊīŋŊxīŋŊxxīŋŊīŋŊīŋŊīŋŊīŋŊīŋŊxīŋŊīŋŊxīŋŊxīŋŊīŋŊxīŋŊxxīŋŊīŋŊīŋŊīŋŊīŋŊīŋŊxīŋŊīŋŊxīŋŊxīŋŊīŋŊxīŋŊxxīŋŊīŋŊīŋŊīŋŊīŋŊīŋŊxīŋŊīŋŊxīŋŊxīŋŊīŋŊxīŋŊxxīŋŊīŋŊīŋŊīŋŊīŋŊīŋŊxīŋŊīŋŊxīŋŊxīŋŊīŋŊxīŋŊxxīŋŊīŋŊīŋŊīŋŊīŋŊīŋŊxīŋŊīŋŊxīŋŊxīŋŊīŋŊxīŋŊxxīŋŊīŋŊīŋŊīŋŊīŋŊīŋŊxīŋŊīŋŊxīŋŊxīŋŊīŋŊxīŋŊxxīŋŊīŋŊīŋŊīŋŊīŋŊīŋŊxīŋŊīŋŊxīŋŊxīŋŊīŋŊxīŋŊxxīŋŊīŋŊīŋŊīŋŊīŋŊīŋŊxīŋŊīŋŊxīŋŊxīŋŊīŋŊxīŋŊxxīŋŊīŋŊīŋŊīŋŊīŋŊīŋŊxīŋŊīŋŊxīŋŊxīŋŊīŋŊxīŋŊxxīŋŊīŋŊīŋŊīŋŊīŋŊīŋŊxīŋŊīŋŊxīŋŊxīŋŊīŋŊxīŋŊxxīŋŊīŋŊīŋŊīŋŊīŋŊīŋŊxīŋŊīŋŊxīŋŊxīŋŊīŋŊxīŋŊxxīŋŊīŋŊīŋŊīŋŊīŋŊīŋŊxīŋŊīŋŊxīŋŊxīŋŊīŋŊxīŋŊxxīŋŊīŋŊīŋŊīŋŊīŋŊīŋŊxīŋŊīŋŊxīŋŊxīŋŊīŋŊxīŋŊxxīŋŊīŋŊīŋŊīŋŊīŋŊīŋŊxīŋŊīŋŊxīŋŊxīŋŊīŋŊxīŋŊxxīŋŊīŋŊīŋŊīŋŊīŋŊīŋŊxīŋŊīŋŊxīŋŊxīŋŊīŋŊxīŋŊxxīŋŊīŋŊīŋŊīŋŊīŋŊīŋŊxīŋŊīŋŊxīŋŊxīŋŊīŋŊxīŋŊxxīŋŊīŋŊīŋŊīŋŊīŋŊīŋŊxīŋŊīŋŊxīŋŊxīŋŊīŋŊxīŋŊxxīŋŊīŋŊīŋŊīŋŊīŋŊīŋŊxīŋŊīŋŊxīŋŊxīŋŊīŋŊxīŋŊxxīŋŊīŋŊīŋŊīŋŊīŋŊīŋŊxīŋŊīŋŊxīŋŊxīŋŊīŋŊxīŋŊxxīŋŊīŋŊīŋŊīŋŊīŋŊīŋŊxīŋŊīŋŊxīŋŊxīŋŊīŋŊxīŋŊxxīŋŊīŋŊīŋŊīŋŊīŋŊīŋŊxīŋŊīŋŊxīŋŊxīŋŊīŋŊxīŋŊxxīŋŊīŋŊīŋŊīŋŊīŋŊīŋŊxīŋŊīŋŊxīŋŊxīŋŊīŋŊxīŋŊxxīŋŊīŋŊīŋŊīŋŊīŋŊīŋŊxīŋŊīŋŊxīŋŊxīŋŊīŋŊxīŋŊxxīŋŊīŋŊīŋŊīŋŊīŋŊīŋŊxīŋŊīŋŊxīŋŊxīŋŊīŋŊxīŋŊxxīŋŊīŋŊīŋŊīŋŊīŋŊīŋŊxīŋŊīŋŊxīŋŊxīŋŊīŋŊxīŋŊxxīŋŊīŋŊīŋŊīŋŊīŋŊīŋŊxīŋŊīŋŊxīŋŊxīŋŊīŋŊxīŋŊxxīŋŊīŋŊīŋŊīŋŊīŋŊīŋŊxīŋŊīŋŊxīŋŊxīŋŊīŋŊxīŋŊxxīŋŊīŋŊīŋŊīŋŊīŋŊīŋŊxīŋŊīŋŊxīŋŊxīŋŊīŋŊxīŋŊxxīŋŊīŋŊīŋŊīŋŊīŋŊīŋŊxīŋŊīŋŊxīŋŊxīŋŊīŋŊxīŋŊxxīŋŊīŋŊīŋŊīŋŊīŋŊīŋŊxīŋŊīŋŊxīŋŊxīŋŊīŋŊxīŋŊxxīŋŊīŋŊīŋŊīŋŊīŋŊīŋŊxīŋŊīŋŊxīŋŊxīŋŊīŋŊxīŋŊxxīŋŊīŋŊīŋŊīŋŊīŋŊīŋŊxīŋŊīŋŊxīŋŊxīŋŊīŋŊxīŋŊxxīŋŊīŋŊīŋŊīŋŊīŋŊīŋŊxīŋŊīŋŊxīŋŊxīŋŊīŋŊxīŋŊxxīŋŊīŋŊīŋŊīŋŊīŋŊīŋŊxīŋŊīŋŊxīŋŊxīŋŊīŋŊxīŋŊxxīŋŊīŋŊīŋŊīŋŊīŋŊīŋŊxīŋŊīŋŊxīŋŊxīŋŊīŋŊxīŋŊxxīŋŊīŋŊīŋŊīŋŊīŋŊīŋŊxīŋŊīŋŊxīŋŊxīŋŊīŋŊxīŋŊxxīŋŊīŋŊīŋŊīŋŊīŋŊīŋŊxīŋŊīŋŊxīŋŊxīŋŊīŋŊxīŋŊxxīŋŊīŋŊīŋŊīŋŊīŋŊīŋŊxīŋŊīŋŊxīŋŊxīŋŊīŋŊxīŋŊxxīŋŊīŋŊīŋŊīŋŊīŋŊīŋŊxīŋŊīŋŊxīŋŊxīŋŊīŋŊxīŋŊxxīŋŊīŋŊīŋŊīŋŊīŋŊīŋŊxīŋŊīŋŊxīŋŊxīŋŊīŋŊxīŋŊxxīŋŊīŋŊīŋŊīŋŊīŋŊīŋŊxīŋŊīŋŊxīŋŊxīŋŊīŋŊxīŋŊxxīŋŊīŋŊīŋŊīŋŊīŋŊīŋŊxīŋŊīŋŊxīŋŊxīŋŊīŋŊxīŋŊxxīŋŊīŋŊīŋŊīŋŊīŋŊīŋŊxīŋŊīŋŊxīŋŊxīŋŊīŋŊxīŋŊxxīŋŊīŋŊīŋŊīŋŊīŋŊīŋŊxīŋŊīŋŊxīŋŊxīŋŊīŋŊxīŋŊxxīŋŊīŋŊīŋŊīŋŊīŋŊīŋŊxīŋŊīŋŊxīŋŊxīŋŊīŋŊxīŋŊxxīŋŊīŋŊīŋŊīŋŊīŋŊīŋŊxīŋŊīŋŊxīŋŊxīŋŊīŋŊxīŋŊxxīŋŊīŋŊīŋŊīŋŊīŋŊīŋŊxīŋŊīŋŊxīŋŊxīŋŊīŋŊxīŋŊxxīŋŊīŋŊīŋŊīŋŊīŋŊīŋŊxīŋŊīŋŊxīŋŊxīŋŊīŋŊxīŋŊxxīŋŊīŋŊīŋŊīŋŊīŋŊīŋŊxīŋŊīŋŊxīŋŊxīŋŊīŋŊxīŋŊxxīŋŊīŋŊīŋŊīŋŊīŋŊīŋŊxīŋŊīŋŊxīŋŊxīŋŊīŋŊxīŋŊxxīŋŊīŋŊīŋŊīŋŊīŋŊīŋŊxīŋŊīŋŊxīŋŊxīŋŊīŋŊxīŋŊxxīŋŊīŋŊīŋŊīŋŊīŋŊīŋŊxīŋŊīŋŊxīŋŊxīŋŊīŋŊxīŋŊxxīŋŊīŋŊīŋŊīŋŊīŋŊīŋŊxīŋŊīŋŊxīŋŊxīŋŊīŋŊxīŋŊxxīŋŊīŋŊīŋŊīŋŊīŋŊīŋŊxīŋŊīŋŊxīŋŊxīŋŊīŋŊxīŋŊxxīŋŊīŋŊīŋŊīŋŊīŋŊīŋŊxīŋŊīŋŊxīŋŊxīŋŊīŋŊxīŋŊxxīŋŊīŋŊīŋŊīŋŊīŋŊīŋŊxīŋŊīŋŊxīŋŊxīŋŊīŋŊxīŋŊxxīŋŊīŋŊīŋŊīŋŊīŋŊīŋŊxīŋŊīŋŊxīŋŊxīŋŊīŋŊxīŋŊxxīŋŊīŋŊīŋŊīŋŊīŋŊīŋŊxīŋŊīŋŊxīŋŊxīŋŊīŋŊxīŋŊxxīŋŊīŋŊīŋŊīŋŊīŋŊīŋŊxīŋŊīŋŊxīŋŊxīŋŊīŋŊxīŋŊxxīŋŊīŋŊīŋŊīŋŊīŋŊīŋŊxīŋŊīŋŊxīŋŊxīŋŊīŋŊxīŋŊxxīŋŊīŋŊīŋŊīŋŊīŋŊīŋŊxīŋŊīŋŊxīŋŊxīŋŊīŋŊxīŋŊxxīŋŊīŋŊīŋŊīŋŊīŋŊīŋŊxīŋŊīŋŊxīŋŊxīŋŊīŋŊxīŋŊxxīŋŊīŋŊīŋŊīŋŊīŋŊīŋŊxīŋŊīŋŊxīŋŊxīŋŊīŋŊxīŋŊxxīŋŊīŋŊīŋŊīŋŊīŋŊīŋŊxīŋŊīŋŊxīŋŊxīŋŊīŋŊxīŋŊxxīŋŊīŋŊīŋŊīŋŊīŋŊīŋŊxīŋŊīŋŊxīŋŊxīŋŊīŋŊxīŋŊxxīŋŊīŋŊīŋŊīŋŊīŋŊīŋŊxīŋŊīŋŊxīŋŊxīŋŊīŋŊxīŋŊxxīŋŊīŋŊīŋŊīŋŊīŋŊīŋŊxīŋŊīŋŊxīŋŊxīŋŊīŋŊxīŋŊxxīŋŊīŋŊīŋŊīŋŊīŋŊīŋŊxīŋŊīŋŊxīŋŊxīŋŊīŋŊxīŋŊxxīŋŊīŋŊīŋŊīŋŊīŋŊīŋŊxīŋŊīŋŊxīŋŊxīŋŊīŋŊxīŋŊxxīŋŊīŋŊīŋŊīŋŊīŋŊīŋŊxīŋŊīŋŊxīŋŊxīŋŊīŋŊxīŋŊxxīŋŊīŋŊīŋŊīŋŊīŋŊīŋŊxīŋŊīŋŊxīŋŊxīŋŊīŋŊxīŋŊxxīŋŊīŋŊīŋŊīŋŊīŋŊīŋŊxīŋŊīŋŊxīŋŊxīŋŊīŋŊxīŋŊxxīŋŊīŋŊīŋŊīŋŊīŋŊīŋŊxīŋŊīŋŊxīŋŊxīŋŊīŋŊxīŋŊxxīŋŊīŋŊīŋŊīŋŊīŋŊīŋŊxīŋŊīŋŊxīŋŊxīŋŊīŋŊxīŋŊxxīŋŊīŋŊīŋŊīŋŊīŋŊīŋŊxīŋŊīŋŊxīŋŊxīŋŊīŋŊxīŋŊxxīŋŊīŋŊīŋŊīŋŊīŋŊīŋŊxīŋŊīŋŊxīŋŊxīŋŊīŋŊxīŋŊxxīŋŊīŋŊīŋŊīŋŊīŋŊīŋŊxīŋŊīŋŊxīŋŊxīŋŊīŋŊxīŋŊxxīŋŊīŋŊīŋŊīŋŊīŋŊīŋŊxīŋŊīŋŊxīŋŊxīŋŊīŋŊxīŋŊxxīŋŊīŋŊīŋŊīŋŊīŋŊīŋŊxīŋŊīŋŊxīŋŊxīŋŊīŋŊxīŋŊxxīŋŊīŋŊīŋŊīŋŊīŋŊīŋŊxīŋŊīŋŊxīŋŊxīŋŊīŋŊxīŋŊxxīŋŊīŋŊīŋŊīŋŊīŋŊīŋŊxīŋŊīŋŊxīŋŊxīŋŊīŋŊxīŋŊxxīŋŊīŋŊīŋŊīŋŊīŋŊīŋŊxīŋŊīŋŊxīŋŊxīŋŊīŋŊxīŋŊxxīŋŊīŋŊīŋŊīŋŊīŋŊīŋŊxīŋŊīŋŊxīŋŊxīŋŊīŋŊxīŋŊxxīŋŊīŋŊīŋŊīŋŊīŋŊīŋŊxīŋŊīŋŊxīŋŊxīŋŊīŋŊxīŋŊxxīŋŊīŋŊīŋŊīŋŊīŋŊīŋŊxīŋŊīŋŊxīŋŊxīŋŊīŋŊxīŋŊxxīŋŊīŋŊīŋŊīŋŊīŋŊīŋŊxīŋŊīŋŊxīŋŊxīŋŊīŋŊxīŋŊxxīŋŊīŋŊīŋŊīŋŊīŋŊīŋŊxīŋŊīŋŊxīŋŊxīŋŊīŋŊxīŋŊxxīŋŊīŋŊīŋŊīŋŊīŋŊīŋŊxīŋŊīŋŊxīŋŊxīŋŊīŋŊxīŋŊxxīŋŊīŋŊīŋŊīŋŊīŋŊīŋŊxīŋŊīŋŊxīŋŊxīŋŊīŋŊxīŋŊxxīŋŊīŋŊīŋŊīŋŊīŋŊīŋŊxīŋŊīŋŊxīŋŊxīŋŊīŋŊxīŋŊxxīŋŊīŋŊīŋŊīŋŊīŋŊīŋŊxīŋŊīŋŊxīŋŊxīŋŊīŋŊxīŋŊxxīŋŊīŋŊīŋŊīŋŊīŋŊīŋŊxīŋŊīŋŊxīŋŊxīŋŊīŋŊxīŋŊxxīŋŊīŋŊīŋŊīŋŊīŋŊīŋŊxīŋŊīŋŊxīŋŊxīŋŊīŋŊxīŋŊxxīŋŊīŋŊīŋŊīŋŊīŋŊīŋŊxīŋŊīŋŊxīŋŊxīŋŊīŋŊxīŋŊxxīŋŊīŋŊīŋŊīŋŊīŋŊīŋŊxīŋŊīŋŊxīŋŊxīŋŊīŋŊxīŋŊxxīŋŊīŋŊīŋŊīŋŊīŋŊīŋŊxīŋŊīŋŊxīŋŊxīŋŊīŋŊxīŋŊxxīŋŊīŋŊīŋŊīŋŊīŋŊīŋŊxīŋŊīŋŊxīŋŊxīŋŊīŋŊxīŋŊxxīŋŊīŋŊīŋŊīŋŊīŋŊīŋŊxīŋŊīŋŊxīŋŊxīŋŊīŋŊxīŋŊxxīŋŊīŋŊīŋŊīŋŊīŋŊīŋŊxīŋŊīŋŊxīŋŊxīŋŊīŋŊxīŋŊxxīŋŊīŋŊīŋŊīŋŊīŋŊīŋŊxīŋŊīŋŊxīŋŊxīŋŊīŋŊxīŋŊxxīŋŊīŋŊīŋŊīŋŊīŋŊīŋŊxīŋŊīŋŊxīŋŊxīŋŊīŋŊxīŋŊxxīŋŊīŋŊīŋŊīŋŊīŋŊīŋŊxīŋŊīŋŊxīŋŊxīŋŊīŋŊxīŋŊxxīŋŊīŋŊīŋŊīŋŊīŋŊīŋŊxīŋŊīŋŊxīŋŊxīŋŊīŋŊxīŋŊxxīŋŊīŋŊīŋŊīŋŊīŋŊīŋŊxīŋŊīŋŊxīŋŊxīŋŊīŋŊxīŋŊxxīŋŊīŋŊīŋŊīŋŊīŋŊīŋŊxīŋŊīŋŊxīŋŊxīŋŊīŋŊxīŋŊxxīŋŊīŋŊīŋŊīŋŊīŋŊīŋŊxīŋŊīŋŊxīŋŊxīŋŊīŋŊxīŋŊxxīŋŊīŋŊīŋŊīŋŊīŋŊīŋŊxīŋŊīŋŊxīŋŊxīŋŊīŋŊxīŋŊxxīŋŊīŋŊīŋŊīŋŊīŋŊīŋŊxīŋŊīŋŊxīŋŊxīŋŊīŋŊxīŋŊxxīŋŊīŋŊīŋŊīŋŊīŋŊīŋŊxīŋŊīŋŊxīŋŊxīŋŊīŋŊxīŋŊxxīŋŊīŋŊīŋŊīŋŊīŋŊīŋŊxīŋŊīŋŊxīŋŊxīŋŊīŋŊxīŋŊxxīŋŊīŋŊīŋŊīŋŊīŋŊīŋŊxīŋŊīŋŊxīŋŊxīŋŊīŋŊxīŋŊxxīŋŊīŋŊīŋŊīŋŊīŋŊīŋŊxīŋŊīŋŊxīŋŊxīŋŊīŋŊxīŋŊxxīŋŊīŋŊīŋŊīŋŊīŋŊīŋŊxīŋŊīŋŊxīŋŊxīŋŊīŋŊxīŋŊxxīŋŊīŋŊīŋŊīŋŊīŋŊīŋŊxīŋŊīŋŊxīŋŊxīŋŊīŋŊxīŋŊxxīŋŊīŋŊīŋŊīŋŊīŋŊīŋŊxīŋŊīŋŊxīŋŊxīŋŊīŋŊxīŋŊxxīŋŊīŋŊīŋŊīŋŊīŋŊīŋŊxīŋŊīŋŊxīŋŊxīŋŊīŋŊxīŋŊxxīŋŊīŋŊīŋŊīŋŊīŋŊīŋŊxīŋŊīŋŊxīŋŊxīŋŊīŋŊxīŋŊxxīŋŊīŋŊīŋŊīŋŊīŋŊīŋŊxīŋŊīŋŊxīŋŊxīŋŊīŋŊxīŋŊx32
   0.38s  load:0x40080400,len:3028
   0.41s  entry 0x400805e4
   0.44s  try 0x400805e4
   0.47s  try 0x400805e4
   0.50s  try 0x400805e4
   0.53s  try 0x400805e4
   0.56s  try 0x400805e4
   0.59s  try 0x400805e4
   0.62s  try 0x400805e4
   0.65s  try 0x400805e4
   0.68s  try 0x400805e4
   0.71s  try 0x400805e4
   0.74s  try 0x400805e4
   0.77s  try 0x400805e4
   0.81s  try 0x400805e4
   0.84s  try 0x400805e4
   0.87s  try 0x400805e4
   0.90s  try 0x400805e4
   0.93s  try 0x400805e4
   0.96s  try 0x400805e4
   0.99s  try 0x400805e4
   1.02s  try 0x400805e4
   1.05s  try 0x400805e4
   1.08s  try 0x400805e4
   1.11s  try 0x400805e4
   1.14s  try 0x400805e4
   1.17s  try 0x400805e4
   1.20s  try 0x400805e4
   1.23s  try 0x400805e4
   1.26s  try 0x400805e4
   1.29s  try 0x400805e4
   1.32s  try 0x400805e4
   1.35s  try 0x400805e4
   1.38s  try 0x400805e4
   1.41s  try 0x400805e4
   1.44s  try 0x400805e4
   1.47s  try 0x400805e4
   1.50s  try 0x400805e4
   1.53s  try 0x400805e4
   1.56s  try 0x400805e4
   1.59s  try 0x400805e4
   1.62s  try 0x400805e4
   1.65s  try 0x400805e4
   1.69s  try 0x400805e4
   1.72s  try 0x400805e4
   1.75s  try 0x400805e4
   1.78s  try 0x400805e4
   1.81s  try 0x400805e4
   1.84s  try 0x400805e4
   1.87s  try 0x400805e4
   1.90s  try 0x400805e4
   1.93s  try 0x400805e4
   1.96s  try 0x400805e4
   1.99s  try 0x400805e4
   2.02s  try 0x400805e4
   2.05s  try 0x400805e4
   2.08s  try 0x400805e4
   2.11s  try 0x400805e4
   2.14s  try 0x400805e4
   2.17s  try 0x400805e4
   2.20s  try 0x400805e4
   2.23s  try 0x400805e4
   2.26s  try 0x400805e4
   2.29s  try 0x400805e4
   2.32s  try 0x400805e4
   2.35s  try 0x400805e4
   2.38s  try 0x400805e4
   2.41s  try 0x400805e4
   2.44s  try 0x400805e4
   2.47s  try 0x400805e4
   2.50s  try 0x400805e4
   2.53s  try 0x400805e4
   2.56s  try 0x400805e4
   2.59s  try 0x400805e4
   2.62s  try 0x400805e4
   2.65s  try 0x400805e4
   2.69s  try 0x400805e4
   2.72s  try 0x400805e4
   2.75s  try 0x400805e4
   2.78s  try 0x400805e4
   2.81s  try 0x400805e4
   2.84s  try 0x400805e4
   2.87s  try 0x400805e4
   2.90s  try 0x400805e4
   2.93s  try 0x400805e4
   2.96s  try 0x400805e4
   2.99s  try 0x400805e4
   3.02s  try 0x400805e4
   3.05s  try 0x400805e4
   3.08s  try 0x400805e4
   3.11s  try 0x400805e4
   3.14s  try 0x400805e4
   3.17s  try 0x400805e4
   3.20s  try 0x400805e4
   3.23s  try 0x400805e4
   3.26s  try 0x400805e4
   3.29s  try 0x400805e4
   3.32s  try 0x400805e4
   3.35s  try 0x400805e4
   3.38s  try 0x400805e4
   3.41s  try 0x400805e4
   3.44s  try 0x400805e4
   3.47s  try 0x400805e4
   3.50s  try 0x400805e4
   3.53s  try 0x400805e4
   3.56s  try 0x400805e4
   3.59s  try 0x400805e4
   3.62s  try 0x400805e4
   3.65s  try 0x400805e4
   3.69s  try 0x400805e4
   3.72s  try 0x400805e4
   3.75s  try 0x400805e4
   3.78s  try 0x400805e4
   3.81s  try 0x400805e4
   3.84s  try 0x400805e4
   3.87s  try 0x400805e4
   3.90s  try 0x400805e4
   3.93s  try 0x400805e4
   3.96s  try 0x400805e4
   3.99s  try 0x400805e4
   4.02s  try 0x400805e4
   4.05s  try 0x400805e4
   4.08s  try 0x400805e4
   4.11s  try 0x400805e4
   4.14s  try 0x400805e4
   4.17s  try 0x400805e4
   4.20s  try 0x400805e4
   4.23s  try 0x400805e4
   4.26s  try 0x400805e4
   4.29s  try 0x400805e4
   4.32s  try 0x400805e4
   4.35s  try 0x400805e4
   4.38s  try 0x400805e4
   4.41s  try 0x400805e4
   4.44s  try 0x400805e4
   4.47s  try 0x400805e4
   4.50s  try 0x400805e4
   4.53s  try 0x400805e4
   4.56s  try 0x400805e4
   4.59s  try 0x400805e4
   4.62s  try 0x400805e4
   4.65s  try 0x400805e4
   4.68s  try 0x400805e4
   4.72s  try 0x400805e4
   4.75s  try 0x400805e4
   4.78s  try 0x400805e4
   4.81s  try 0x400805e4
   4.84s  try 0x400805e4
   4.87s  try 0x400805e4
   4.90s  try 0x400805e4
   4.93s  try 0x400805e4
   4.96s  try 0x400805e4
   4.99s  try 0x400805e4
   5.02s  try 0x400805e4
   5.05s  try 0x400805e4
   5.08s  try 0x400805e4
   5.11s  try 0x400805e4
   5.14s  try 0x400805e4
   5.17s  try 0x400805e4
   5.20s  try 0x400805e4
   5.23s  try 0x400805e4
   5.26s  try 0x400805e4
   5.29s  try 0x400805e4
   5.32s  try 0x400805e4
   5.35s  try 0x400805e4
   5.38s  try 0x400805e4
   5.41s  try 0x400805e4
   5.44s  try 0x400805e4
   5.47s  try 0x400805e4
   5.50s  try 0x400805e4
   5.53s  try 0x400805e4
   5.56s  try 0x400805e4
   5.59s  try 0x400805e4
   5.62s  try 0x400805e4
   5.65s  try 0x400805e4
   5.68s  try 0x400805e4
   5.71s  try 0x400805e4
   5.75s  try 0x400805e4
   5.78s  try 0x400805e4
   5.81s  try 0x400805e4
   5.84s  try 0x400805e4
   5.87s  try 0x400805e4
   5.90s  try 0x400805e4
   5.93s  try 0x400805e4
   5.96s  try 0x400805e4
   5.99s  try 0x400805e4
   6.02s  try 0x400805e4
   6.05s  try 0x400805e4
   6.08s  try 0x400805e4
   6.11s  try 0x400805e4
   6.14s  try 0x400805e4
   6.17s  try 0x400805e4
   6.20s  try 0x400805e4
   6.23s  try 0x400805e4
   6.26s  try 0x400805e4
   6.29s  try 0x400805e4
   6.32s  try 0x400805e4
   6.35s  try 0x400805e4
   6.38s  try 0x400805e4
   6.41s  try 0x400805e4
   6.44s  try 0x400805e4
   6.47s  try 0x400805e4
   6.50s  try 0x400805e4
   6.53s  try 0x400805e4
   6.56s  try 0x400805e4
   6.59s  try 0x400805e4
   6.62s  try 0x400805e4
   6.65s  try 0x400805e4
   6.68s  try 0x400805e4
   6.71s  try 0x400805e4
   6.74s  try 0x400805e4
   6.77s  try 0x400805e4
   6.81s  try 0x400805e4
   6.84s  try 0x400805e4
   6.87s  try 0x400805e4
   6.90s  try 0x400805e4
   6.93s  try 0x400805e4
   6.96s  try 0x400805e4
   6.99s  try 0x400805e4
   7.02s  try 0x400805e4
   7.05s  try 0x400805e4
   7.08s  try 0x400805e4
   7.11s  try 0x400805e4
   7.14s  try 0x400805e4
   7.17s  try 0x400805e4
   7.20s  try 0x400805e4
   7.23s  try 0x400805e4
   7.26s  try 0x400805e4
   7.29s  try 0x400805e4
   7.32s  try 0x400805e4
   7.35s  try 0x400805e4
   7.38s  try 0x400805e4
   7.41s  try 0x400805e4
   7.44s  try 0x400805e4
   7.47s  try 0x400805e4
   7.50s  try 0x400805e4
   7.53s  try 0x400805e4
   7.56s  try 0x400805e4
   7.59s  try 0x400805e4
   7.62s  try 0x400805e4
   7.65s  try 0x400805e4
   7.68s  try 0x400805e4
   7.71s  try 0x400805e4
   7.74s  try 0x400805e4
   7.77s  try 0x400805e4
   7.81s  try 0x400805e4
   7.84s  try 0x400805e4
   7.87s  try 0x400805e4
   7.90s  try 0x400805e4
   7.93s  try 0x400805e4
   7.96s  try 0x400805e4
   7.99s  try 0x400805e4
   8.02s  try 0x400805e4
   8.05s  try 0x400805e4
   8.08s  try 0x400805e4
   8.11s  try 0x400805e4
   8.14s  try 0x400805e4
   8.17s  try 0x400805e4
   8.20s  try 0x400805e4
   8.23s  try 0x400805e4
   8.26s  try 0x400805e4
   8.29s  try 0x400805e4
   8.32s  try 0x400805e4
   8.35s  try 0x400805e4
   8.38s  try 0x400805e4
   8.41s  try 0x400805e4
   8.44s  try 0x400805e4
   8.47s  try 0x400805e4
   8.50s  try 0x400805e4
   8.53s  try 0x400805e4
   8.56s  try 0x400805e4
   8.59s  try 0x400805e4
   8.62s  try 0x400805e4
   8.65s  try 0x400805e4
   8.68s  try 0x400805e4
   8.71s  try 0x400805e4
   8.74s  try 0x400805e4
   8.77s  try 0x400805e4
   8.80s  try 0x400805e4
   8.83s  try 0x400805e4
   8.87s  try 0x400805e4
   8.90s  try 0x400805e4
   8.93s  try 0x400805e4
   8.96s  try 0x400805e4
   8.99s  try 0x400805e4
   9.02s  try 0x400805e4
   9.05s  try 0x400805e4
   9.08s  try 0x400805e4
   9.11s  try 0x400805e4
   9.14s  try 0x400805e4
   9.17s  try 0x400805e4
   9.20s  try 0x400805e4
   9.23s  try 0x400805e4
   9.26s  try 0x400805e4
   9.29s  try 0x400805e4
   9.32s  try 0x400805e4
   9.35s  try 0x400805e4
   9.38s  try 0x400805e4
   9.41s  try 0x400805e4
   9.44s  try 0x400805e4
   9.47s  try 0x400805e4
   9.50s  try 0x400805e4
   9.53s  try 0x400805e4
   9.56s  try 0x400805e4
   9.59s  try 0x400805e4
   9.62s  try 0x400805e4
   9.65s  try 0x400805e4
   9.68s  try 0x400805e4
   9.71s  try 0x400805e4
   9.74s  try 0x400805e4
   9.77s  try 0x400805e4
   9.80s  try 0x400805e4
   9.83s  try 0x400805e4
   9.87s  try 0x400805e4
   9.90s  try 0x400805e4
   9.93s  try 0x400805e4
   9.96s  try 0x400805e4
   9.99s  try 0x400805e4
  10.02s  try 0x400805e4
  10.05s  try 0x400805e4
  10.08s  try 0x400805e4
  10.11s  try 0x400805e4
  10.14s  try 0x400805e4
  10.17s  try 0x400805e4
  10.20s  try 0x400805e4
  10.23s  try 0x400805e4
  10.26s  try 0x400805e4
  10.29s  try 0x400805e4
  10.32s  try 0x400805e4
  10.35s  try 0x400805e4
  10.38s  try 0x400805e4
  10.41s  try 0x400805e4
  10.44s  try 0x400805e4
  10.47s  try 0x400805e4
  10.50s  try 0x400805e4
  10.53s  try 0x400805e4
  10.56s  try 0x400805e4
  10.59s  try 0x400805e4
  10.62s  try 0x400805e4
  10.65s  try 0x400805e4
  10.68s  try 0x400805e4
  10.71s  try 0x400805e4
  10.74s  try 0x400805e4
  10.77s  try 0x400805e4
  10.80s  try 0x400805e4
  10.83s  try 0x400805e4
  10.87s  try 0x400805e4
  10.90s  try 0x400805e4
  10.93s  try 0x400805e4
  10.96s  try 0x400805e4
  10.99s  try 0x400805e4
  11.02s  try 0x400805e4
  11.05s  try 0x400805e4
  11.08s  try 0x400805e4
  11.11s  try 0x400805e4
  11.14s  try 0x400805e4
  11.17s  try 0x400805e4
  11.20s  try 0x400805e4
  11.23s  try 0x400805e4
  11.26s  try 0x400805e4
  11.29s  try 0x400805e4
  11.32s  try 0x400805e4
  11.35s  try 0x400805e4
  11.38s  try 0x400805e4
  11.41s  try 0x400805e4
  11.44s  try 0x400805e4
  11.47s  try 0x400805e4
  11.50s  try 0x400805e4
  11.53s  try 0x400805e4
  11.56s  try 0x400805e4
  11.59s  try 0x400805e4
  11.62s  try 0x400805e4
  11.65s  try 0x400805e4
  11.68s  try 0x400805e4
  11.71s  try 0x400805e4
  11.74s  try 0x400805e4
  11.77s  try 0x400805e4
  11.80s  try 0x400805e4
  11.84s  try 0x400805e4
  11.87s  try 0x400805e4
  11.90s  try 0x400805e4
  11.93s  try 0x400805e4
  11.96s  try 0x400805e4
  11.99s  try 0x400805e4
  12.02s  try 0x400805e4
  12.05s  try 0x400805e4
  12.08s  try 0x400805e4
  12.11s  try 0x400805e4
  12.14s  try 0x400805e4
  12.17s  try 0x400805e4
  12.20s  try 0x400805e4
  12.23s  try 0x400805e4
  12.26s  try 0x400805e4
  12.29s  try 0x400805e4
  12.32s  try 0x400805e4
  12.35s  try 0x400805e4
  12.38s  try 0x400805e4
  12.41s  try 0x400805e4
  12.44s  try 0x400805e4
  12.47s  try 0x400805e4
  12.50s  try 0x400805e4
  12.53s  try 0x400805e4
  12.56s  try 0x400805e4
  12.59s  try 0x400805e4
  12.62s  try 0x400805e4
  12.65s  try 0x400805e4
  12.69s  try 0x400805e4
  12.72s  try 0x400805e4
  12.75s  try 0x400805e4
  12.78s  try 0x400805e4
  12.81s  try 0x400805e4
  12.84s  try 0x400805e4
  12.87s  try 0x400805e4
  12.90s  try 0x400805e4
  12.93s  try 0x400805e4
  12.96s  try 0x400805e4
  12.99s  try 0x400805e4
  13.02s  try 0x400805e4
  13.05s  try 0x400805e4
  13.08s  try 0x400805e4
  13.11s  try 0x400805e4
  13.14s  try 0x400805e4
  13.17s  try 0x400805e4
  13.20s  try 0x400805e4
  13.23s  try 0x400805e4
  13.26s  try 0x400805e4
  13.29s  try 0x400805e4
  13.32s  try 0x400805e4
  13.35s  try 0x400805e4
  13.38s  try 0x400805e4
  13.41s  try 0x400805e4
  13.44s  try 0x400805e4
  13.47s  try 0x400805e4
  13.50s  try 0x400805e4
  13.53s  try 0x400805e4
  13.56s  try 0x400805e4
  13.59s  try 0x400805e4
  13.62s  try 0x400805e4
  13.66s  try 0x400805e4
  13.69s  try 0x400805e4
  13.72s  try 0x400805e4
  13.75s  try 0x400805e4
  13.78s  try 0x400805e4
  13.81s  try 0x400805e4
  13.84s  try 0x400805e4
  13.87s  try 0x400805e4
  13.90s  try 0x400805e4
  13.93s  try 0x400805e4
  13.96s  try 0x400805e4
  13.99s  try 0x400805e4
  14.02s  try 0x400805e4
  14.05s  try 0x400805e4
  14.08s  try 0x400805e4
  14.11s  try 0x400805e4
  14.14s  try 0x400805e4
  14.17s  try 0x400805e4
  14.20s  try 0x400805e4
  14.23s  try 0x400805e4
  14.26s  try 0x400805e4
  14.29s  try 0x400805e4
  14.32s  try 0x400805e4
  14.35s  try 0x400805e4
  14.38s  try 0x400805e4
  14.41s  try 0x400805e4
  14.44s  try 0x400805e4
  14.47s  try 0x400805e4
  14.50s  try 0x400805e4
  14.53s  try 0x400805e4
  14.57s  try 0x400805e4
  14.60s  try 0x400805e4
  14.63s  try 0x400805e4
  14.66s  try 0x400805e4
  14.69s  try 0x400805e4
  14.72s  try 0x400805e4
  14.75s  try 0x400805e4
  14.78s  try 0x400805e4
  14.81s  try 0x400805e4
  14.84s  try 0x400805e4
  14.87s  try 0x400805e4
  14.90s  try 0x400805e4
  14.93s  try 0x400805e4
  14.96s  try 0x400805e4
  14.99s  try 0x400805e4
  15.02s  try 0x400805e4
  15.05s  try 0x400805e4
  15.08s  try 0x400805e4
  15.11s  try 0x400805e4
  15.14s  try 0x400805e4
  15.17s  try 0x400805e4
  15.20s  try 0x400805e4
  15.23s  try 0x400805e4
  15.26s  try 0x400805e4
  15.29s  try 0x400805e4
  15.32s  try 0x400805e4
  15.35s  try 0x400805e4
  15.38s  try 0x400805e4
  15.41s  try 0x400805e4
  15.44s  try 0x400805e4
  15.47s  try 0x400805e4
  15.51s  try 0x400805e4
  15.54s  try 0x400805e4
  15.57s  try 0x400805e4
  15.60s  try 0x400805e4
  15.63s  try 0x400805e4
  15.66s  try 0x400805e4
  15.69s  try 0x400805e4
  15.72s  try 0x400805e4
  15.75s  try 0x400805e4
  15.78s  try 0x400805e4
  15.81s  try 0x400805e4
  15.84s  try 0x400805e4
  15.87s  try 0x400805e4
  15.90s  try 0x400805e4
  15.93s  try 0x400805e4
  15.96s  try 0x400805e4
  15.99s  try 0x400805e4
  16.02s  try 0x400805e4
  16.05s  try 0x400805e4
  16.08s  try 0x400805e4
  16.11s  try 0x400805e4
  16.14s  try 0x400805e4
  16.17s  try 0x400805e4
  16.20s  try 0x400805e4
  16.23s  try 0x400805e4
  16.26s  try 0x400805e4
  16.29s  try 0x400805e4
  16.32s  try 0x400805e4
  16.35s  try 0x400805e4
  16.38s  try 0x400805e4
  16.41s  try 0x400805e4
  16.45s  try 0x400805e4
  16.48s  try 0x400805e4
  16.51s  try 0x400805e4
  16.54s  try 0x400805e4
  16.57s  try 0x400805e4
  16.60s  try 0x400805e4
  16.63s  try 0x400805e4
  16.66s  try 0x400805e4
  16.69s  try 0x400805e4
  16.72s  try 0x400805e4
  16.75s  try 0x400805e4
  16.78s  try 0x400805e4
  16.81s  try 0x400805e4
  16.84s  try 0x400805e4
  16.87s  try 0x400805e4
  16.90s  try 0x400805e4
  16.93s  try 0x400805e4
  16.96s  try 0x400805e4
  16.99s  try 0x400805e4
  17.02s  try 0x400805e4
  17.05s  try 0x400805e4
  17.08s  try 0x400805e4
  17.11s  try 0x400805e4
  17.14s  try 0x400805e4
  17.17s  try 0x400805e4
  17.20s  try 0x400805e4
  17.23s  try 0x400805e4
  17.26s  try 0x400805e4
  17.29s  try 0x400805e4
  17.32s  try 0x400805e4
  17.35s  try 0x400805e4
  17.39s  try 0x400805e4
  17.42s  try 0x400805e4
  17.45s  try 0x400805e4
  17.48s  try 0x400805e4
  17.51s  try 0x400805e4
  17.54s  try 0x400805e4
  17.57s  try 0x400805e4
  17.60s  try 0x400805e4
  17.63s  try 0x400805e4
  17.66s  try 0x400805e4
  17.69s  try 0x400805e4
  17.72s  try 0x400805e4
  17.75s  try 0x400805e4
  17.78s  try 0x400805e4
  17.81s  try 0x400805e4
  17.84s  try 0x400805e4
  17.87s  try 0x400805e4
  17.90s  try 0x400805e4
  17.93s  try 0x400805e4
  17.96s  try 0x400805e4
  17.99s  try 0x400805e4
  18.02s  try 0x400805e4
  18.05s  try 0x400805e4
  18.08s  try 0x400805e4
  18.11s  try 0x400805e4
  18.14s  try 0x400805e4
  18.17s  try 0x400805e4
  18.20s  try 0x400805e4
  18.23s  try 0x400805e4
  18.26s  try 0x400805e4
  18.29s  try 0x400805e4
  18.32s  try 0x400805e4
  18.35s  try 0x400805e4
  18.38s  try 0x400805e4
  18.42s  try 0x400805e4
  18.45s  try 0x400805e4
  18.48s  try 0x400805e4
  18.51s  try 0x400805e4
  18.54s  try 0x400805e4
  18.57s  try 0x400805e4
  18.60s  try 0x400805e4
  18.63s  try 0x400805e4
  18.66s  try 0x400805e4
  18.69s  try 0x400805e4
  18.72s  try 0x400805e4
  18.75s  try 0x400805e4
  18.78s  try 0x400805e4
  18.81s  try 0x400805e4
  18.84s  try 0x400805e4
  18.87s  try 0x400805e4
  18.90s  try 0x400805e4
  18.93s  try 0x400805e4
  18.96s  try 0x400805e4
  18.99s  try 0x400805e4
  19.02s  try 0x400805e4
  19.05s  try 0x400805e4
  19.08s  try 0x400805e4
  19.11s  try 0x400805e4
  19.14s  try 0x400805e4
  19.17s  try 0x400805e4
  19.20s  try 0x400805e4
  19.23s  try 0x400805e4
  19.26s  try 0x400805e4
  19.29s  try 0x400805e4
  19.32s  try 0x400805e4
  19.35s  try 0x400805e4
  19.38s  try 0x400805e4
  19.42s  try 0x400805e4
  19.45s  try 0x400805e4
  19.48s  try 0x400805e4
  19.51s  try 0x400805e4
  19.54s  try 0x400805e4
  19.57s  try 0x400805e4
  19.60s  try 0x400805e4
  19.63s  try 0x400805e4
  19.66s  try 0x400805e4
  19.69s  try 0x400805e4
  19.72s  try 0x400805e4
  19.75s  try 0x400805e4
  19.78s  try 0x400805e4
  19.81s  try 0x400805e4
  19.84s  try 0x400805e4
  19.87s  try 0x400805e4
  19.90s  try 0x400805e4
  19.93s  try 0x400805e4
  19.96s  try 0x400805e4
  19.99s  try 0x400805e4
  20.02s  try 0x400805e4
  20.05s  try 0x400805e4
  20.08s  try 0x400805e4
  20.11s  try 0x400805e4
  20.14s  try 0x400805e4
  20.17s  try 0x400805e4
  20.20s  try 0x400805e4
  20.23s  try 0x400805e4
  20.26s  try 0x400805e4
  20.29s  try 0x400805e4
  20.32s  try 0x400805e4
  20.35s  try 0x400805e4
  20.38s  try 0x400805e4
  20.41s  try 0x400805e4
  20.44s  try 0x400805e4
  20.47s  try 0x400805e4
  20.50s  try 0x400805e4
  20.54s  try 0x400805e4
  20.57s  try 0x400805e4
  20.60s  try 0x400805e4
  20.63s  try 0x400805e4
  20.66s  try 0x400805e4
  20.69s  try 0x400805e4
  20.72s  try 0x400805e4
  20.75s  try 0x400805e4
  20.78s  try 0x400805e4
  20.81s  try 0x400805e4
  20.84s  try 0x400805e4
  20.87s  try 0x400805e4
  20.90s  try 0x400805e4
  20.93s  try 0x400805e4
  20.96s  try 0x400805e4
  20.99s  try 0x400805e4
  21.02s  try 0x400805e4
  21.05s  try 0x400805e4
  21.08s  try 0x400805e4
  21.11s  try 0x400805e4
  21.14s  try 0x400805e4
  21.17s  try 0x400805e4
  21.20s  try 0x400805e4
  21.23s  try 0x400805e4
  21.26s  try 0x400805e4
  21.29s  try 0x400805e4
  21.32s  try 0x400805e4
  21.35s  try 0x400805e4
  21.38s  try 0x400805e4
  21.41s  try 0x400805e4
  21.44s  try 0x400805e4
  21.47s  try 0x400805e4
  21.50s  try 0x400805e4
  21.53s  try 0x400805e4
  21.56s  try 0x400805e4
  21.59s  try 0x400805e4
  21.62s  try 0x400805e4
  21.65s  try 0x400805e4
  21.68s  try 0x400805e4
  21.71s  try 0x400805e4
  21.74s  try 0x400805e4
  21.78s  try 0x400805e4
  21.81s  try 0x400805e4
  21.84s  try 0x400805e4
  21.87s  try 0x400805e4
  21.90s  try 0x400805e4
  21.90s  try 0x400805e4
  21.93s  try 0x400805e4
  21.96s  try 0x400805e4
  21.99s  try 0x400805e4
  22.02s  try 0x400805e4
  22.05s  try 0x400805e4
  22.08s  try 0x400805e4
  22.11s  try 0x400805e4
  22.14s  try 0x400805e4
  22.17s  try 0x400805e4
  22.21s  try 0x400805e4
  22.24s  try 0x400805e4
  22.27s  try 0x400805e4
  22.30s  try 0x400805e4
  22.33s  try 0x400805e4
  22.36s  try 0x400805e4
  22.39s  try 0x400805e4
  22.42s  try 0x400805e4
  22.45s  try 0x400805e4
  22.48s  try 0x400805e4
  22.51s  try 0x400805e4
  22.54s  try 0x400805e4
  22.57s  try 0x400805e4
  22.60s  try 0x400805e4
  22.63s  try 0x400805e4
  22.66s  try 0x400805e4
  22.69s  try 0x400805e4
  22.72s  try 0x400805e4
  22.75s  try 0x400805e4
  22.78s  try 0x400805e4
  22.81s  try 0x400805e4
  22.84s  try 0x400805e4
  22.87s  try 0x400805e4
  22.90s  try 0x400805e4
  22.93s  try 0x400805e4
  22.96s  try 0x400805e4
  22.99s  try 0x400805e4
  23.02s  try 0x400805e4
  23.05s  try 0x400805e4
  23.08s  try 0x400805e4
  23.11s  try 0x400805e4
  23.14s  try 0x400805e4
  23.18s  try 0x400805e4
  23.21s  try 0x400805e4
  23.24s  try 0x400805e4
  23.27s  try 0x400805e4
  23.30s  try 0x400805e4
  23.33s  try 0x400805e4
  23.36s  try 0x400805e4
  23.39s  try 0x400805e4
  23.42s  try 0x400805e4
  23.45s  try 0x400805e4
  23.48s  try 0x400805e4
  23.51s  try 0x400805e4
  23.54s  try 0x400805e4
  23.57s  try 0x400805e4
  23.60s  try 0x400805e4
  23.63s  try 0x400805e4
  23.66s  try 0x400805e4
  23.69s  try 0x400805e4
  23.72s  try 0x400805e4
  23.75s  try 0x400805e4
  23.78s  try 0x400805e4
  23.81s  try 0x400805e4
  23.84s  try 0x400805e4
  23.87s  try 0x400805e4
  23.90s  try 0x400805e4
  23.93s  try 0x400805e4
  23.96s  try 0x400805e4
  23.99s  try 0x400805e4
  24.02s  try 0x400805e4
  24.05s  try 0x400805e4
  24.09s  try 0x400805e4
  24.12s  try 0x400805e4
  24.15s  try 0x400805e4
  24.18s  try 0x400805e4
  24.21s  try 0x400805e4
  24.24s  try 0x400805e4
  24.27s  try 0x400805e4
  24.30s  try 0x400805e4
  24.33s  try 0x400805e4
  24.36s  try 0x400805e4
  24.39s  try 0x400805e4
  24.42s  try 0x400805e4
  24.45s  try 0x400805e4
  24.48s  try 0x400805e4
  24.51s  try 0x400805e4
  24.54s  try 0x400805e4
  24.57s  try 0x400805e4
  24.60s  try 0x400805e4
  24.63s  try 0x400805e4
  24.66s  try 0x400805e4
  24.69s  try 0x400805e4
  24.72s  try 0x400805e4
  24.75s  try 0x400805e4
  24.78s  try 0x400805e4
  24.81s  try 0x400805e4
  24.84s  try 0x400805e4
  24.87s  try 0x400805e4
  24.90s  try 0x400805e4
  24.93s  try 0x400805e4
  24.97s  try 0x400805e4
  25.00s  try 0x400805e4
  25.03s  try 0x400805e4
  25.06s  try 0x400805e4
  25.09s  try 0x400805e4
  25.12s  try 0x400805e4
  25.15s  try 0x400805e4
  25.18s  try 0x400805e4
  25.21s  try 0x400805e4
  25.24s  try 0x400805e4
  25.27s  try 0x400805e4
  25.30s  try 0x400805e4
  25.33s  try 0x400805e4
  25.36s  try 0x400805e4
  25.39s  try 0x400805e4
  25.42s  try 0x400805e4
  25.45s  try 0x400805e4
  25.48s  try 0x400805e4
  25.51s  try 0x400805e4
  25.54s  try 0x400805e4
  25.57s  try 0x400805e4
  25.60s  try 0x400805e4
  25.63s  try 0x400805e4
  25.66s  try 0x400805e4
  25.69s  try 0x400805e4
  25.72s  try 0x400805e4
  25.75s  try 0x400805e4
  25.78s  try 0x400805e4
  25.81s  try 0x400805e4
  25.84s  try 0x400805e4
  25.87s  try 0x400805e4
  25.90s  try 0x400805e4
  25.93s  try 0x400805e4
  25.96s  try 0x400805e4
  25.99s  try 0x400805e4
  26.03s  try 0x400805e4
  26.06s  try 0x400805e4
  26.09s  try 0x400805e4
  26.12s  try 0x400805e4
  26.15s  try 0x400805e4
  26.18s  try 0x400805e4
  26.21s  try 0x400805e4
  26.24s  try 0x400805e4
  26.27s  try 0x400805e4
  26.30s  try 0x400805e4
  26.33s  try 0x400805e4
  26.36s  try 0x400805e4
  26.39s  try 0x400805e4
  26.42s  try 0x400805e4
  26.45s  try 0x400805e4
  26.48s  try 0x400805e4
  26.51s  try 0x400805e4
  26.54s  try 0x400805e4
  26.57s  try 0x400805e4
  26.60s  try 0x400805e4
  26.63s  try 0x400805e4
  26.66s  try 0x400805e4
  26.69s  try 0x400805e4
  26.72s  try 0x400805e4
  26.75s  try 0x400805e4
  26.78s  try 0x400805e4
  26.81s  try 0x400805e4
  26.84s  try 0x400805e4
  26.87s  try 0x400805e4
  26.90s  try 0x400805e4
  26.93s  try 0x400805e4
  26.96s  try 0x400805e4
  26.99s  try 0x400805e4
  27.02s  try 0x400805e4
  27.06s  try 0x400805e4
  27.09s  try 0x400805e4
  27.12s  try 0x400805e4
  27.15s  try 0x400805e4
  27.18s  try 0x400805e4
  27.21s  try 0x400805e4
  27.24s  try 0x400805e4
  27.27s  try 0x400805e4
  27.30s  try 0x400805e4
  27.33s  try 0x400805e4
  27.36s  try 0x400805e4
  27.39s  try 0x400805e4
  27.42s  try 0x400805e4
  27.45s  try 0x400805e4
  27.48s  try 0x400805e4
  27.51s  try 0x400805e4
  27.54s  try 0x400805e4
  27.57s  try 0x400805e4
  27.60s  try 0x400805e4
  27.63s  try 0x400805e4
  27.66s  try 0x400805e4
  27.69s  try 0x400805e4
  27.72s  try 0x400805e4
  27.75s  try 0x400805e4
  27.78s  try 0x400805e4
  27.81s  try 0x400805e4
  27.84s  try 0x400805e4
  27.87s  try 0x400805e4
  27.90s  try 0x400805e4
  27.93s  try 0x400805e4
  27.96s  try 0x400805e4
  28.00s  try 0x400805e4
  28.03s  try 0x400805e4
  28.06s  try 0x400805e4
  28.09s  try 0x400805e4
  28.12s  try 0x400805e4
  28.15s  try 0x400805e4
  28.18s  try 0x400805e4
  28.21s  try 0x400805e4
  28.24s  try 0x400805e4
  28.27s  try 0x400805e4
  28.30s  try 0x400805e4
  28.33s  try 0x400805e4
  28.36s  try 0x400805e4
  28.39s  try 0x400805e4
  28.42s  try 0x400805e4
  28.45s  try 0x400805e4
  28.48s  try 0x400805e4
  28.51s  try 0x400805e4
  28.54s  try 0x400805e4
  28.57s  try 0x400805e4
  28.60s  try 0x400805e4
  28.63s  try 0x400805e4
  28.66s  try 0x400805e4
  28.69s  try 0x400805e4
  28.72s  try 0x400805e4
  28.75s  try 0x400805e4
  28.78s  try 0x400805e4
  28.81s  try 0x400805e4
  28.84s  try 0x400805e4
  28.87s  try 0x400805e4
  28.90s  try 0x400805e4
  28.93s  try 0x400805e4
  28.96s  try 0x400805e4
  29.00s  try 0x400805e4
  29.03s  try 0x400805e4
  29.06s  try 0x400805e4
  29.09s  try 0x400805e4
  29.12s  try 0x400805e4
  29.15s  try 0x400805e4
  29.18s  try 0x400805e4
  29.21s  try 0x400805e4
  29.24s  try 0x400805e4
  29.27s  try 0x400805e4
  29.30s  try 0x400805e4
  29.33s  try 0x400805e4
  29.36s  try 0x400805e4
  29.39s  try 0x400805e4
  29.42s  try 0x400805e4
  29.45s  try 0x400805e4
  29.48s  try 0x400805e4
  29.51s  try 0x400805e4
  29.54s  try 0x400805e4
  29.57s  try 0x400805e4
  29.60s  try 0x400805e4
  29.63s  try 0x400805e4
  29.66s  try 0x400805e4
  29.69s  try 0x400805e4
  29.72s  try 0x400805e4
  29.75s  try 0x400805e4
  29.78s  try 0x400805e4
  29.81s  try 0x400805e4
  29.84s  try 0x400805e4
  29.87s  try 0x400805e4
  29.90s  try 0x400805e4
  29.93s  try 0x400805e4
  29.97s  try 0x400805e4
  30.00s  try 0x400805e4
  30.03s  try 0x400805e4
  30.06s  try 0x400805e4
  30.09s  try 0x400805e4
  30.12s  try 0x400805e4
  30.15s  try 0x400805e4
  30.18s  try 0x400805e4
  30.21s  try 0x400805e4
  30.24s  try 0x400805e4
  30.27s  try 0x400805e4
  30.30s  try 0x400805e4
  30.33s  try 0x400805e4
  30.36s  try 0x400805e4
  30.39s  try 0x400805e4
  30.42s  try 0x400805e4
  30.45s  try 0x400805e4
  30.48s  try 0x400805e4
  30.51s  try 0x400805e4
  30.54s  try 0x400805e4
  30.57s  try 0x400805e4
  30.60s  try 0x400805e4
  30.63s  try 0x400805e4
  30.66s  try 0x400805e4
  30.69s  try 0x400805e4
  30.72s  try 0x400805e4
  30.75s  try 0x400805e4
  30.78s  try 0x400805e4
  30.81s  try 0x400805e4
  30.84s  try 0x400805e4
  30.88s  try 0x400805e4
  30.91s  try 0x400805e4
  30.94s  try 0x400805e4
  30.97s  try 0x400805e4
  31.00s  try 0x400805e4
  31.03s  try 0x400805e4
  31.06s  try 0x400805e4
  31.09s  try 0x400805e4
  31.12s  try 0x400805e4
  31.15s  try 0x400805e4
  31.18s  try 0x400805e4
  31.21s  try 0x400805e4
  31.24s  try 0x400805e4
  31.27s  try 0x400805e4
  31.30s  try 0x400805e4
  31.33s  try 0x400805e4
  31.36s  try 0x400805e4
  31.39s  try 0x400805e4
  31.42s  try 0x400805e4
  31.45s  try 0x400805e4
  31.48s  try 0x400805e4
  31.51s  try 0x400805e4
  31.54s  try 0x400805e4
  31.57s  try 0x400805e4
  31.60s  try 0x400805e4
  31.63s  try 0x400805e4
  31.66s  try 0x400805e4
  31.69s  try 0x400805e4
  31.72s  try 0x400805e4
  31.75s  try 0x400805e4
  31.78s  try 0x400805e4
  31.82s  try 0x400805e4
  31.85s  try 0x400805e4
  31.88s  try 0x400805e4
  31.91s  try 0x400805e4
  31.94s  try 0x400805e4
  31.97s  try 0x400805e4
  32.00s  try 0x400805e4
  32.03s  try 0x400805e4
  32.06s  try 0x400805e4
  32.09s  try 0x400805e4
  32.12s  try 0x400805e4
  32.15s  try 0x400805e4
  32.18s  try 0x400805e4
  32.21s  try 0x400805e4
  32.24s  try 0x400805e4
  32.27s  try 0x400805e4
  32.30s  try 0x400805e4
  32.33s  try 0x400805e4
  32.36s  try 0x400805e4
  32.39s  try 0x400805e4
  32.42s  try 0x400805e4
  32.45s  try 0x400805e4
  32.48s  try 0x400805e4
  32.51s  try 0x400805e4
  32.54s  try 0x400805e4
  32.57s  try 0x400805e4
  32.60s  try 0x400805e4
  32.63s  try 0x400805e4
  32.66s  try 0x400805e4
  32.70s  try 0x400805e4
  32.73s  try 0x400805e4
  32.76s  try 0x400805e4
  32.79s  try 0x400805e4
  32.82s  try 0x400805e4
  32.85s  try 0x400805e4
  32.88s  try 0x400805e4
  32.91s  try 0x400805e4
  32.94s  try 0x400805e4
  32.97s  try 0x400805e4
  33.00s  try 0x400805e4
  33.03s  try 0x400805e4
  33.06s  try 0x400805e4
  33.09s  try 0x400805e4
  33.12s  try 0x400805e4
  33.15s  try 0x400805e4
  33.18s  try 0x400805e4
  33.21s  try 0x400805e4
  33.24s  try 0x400805e4
  33.27s  try 0x400805e4
  33.30s  try 0x400805e4
  33.33s  try 0x400805e4
  33.36s  try 0x400805e4
  33.39s  try 0x400805e4
  33.42s  try 0x400805e4
  33.45s  try 0x400805e4
  33.48s  try 0x400805e4
  33.51s  try 0x400805e4
  33.54s  try 0x400805e4
  33.57s  try 0x400805e4
  33.61s  try 0x400805e4
  33.64s  try 0x400805e4
  33.67s  try 0x400805e4
  33.70s  try 0x400805e4
  33.73s  try 0x400805e4
  33.76s  try 0x400805e4
  33.79s  try 0x400805e4
  33.82s  try 0x400805e4
  33.85s  try 0x400805e4
  33.88s  try 0x400805e4
  33.91s  try 0x400805e4
  33.94s  try 0x400805e4
  33.97s  try 0x400805e4
  34.00s  try 0x400805e4
  34.03s  try 0x400805e4
  34.06s  try 0x400805e4
  34.09s  try 0x400805e4
  34.12s  try 0x400805e4
  34.15s  try 0x400805e4
  34.18s  try 0x400805e4
  34.21s  try 0x400805e4
  34.24s  try 0x400805e4
  34.27s  try 0x400805e4
  34.30s  try 0x400805e4
  34.33s  try 0x400805e4
  34.36s  try 0x400805e4
  34.39s  try 0x400805e4
  34.42s  try 0x400805e4
  34.45s  try 0x400805e4
  34.49s  try 0x400805e4
  34.52s  try 0x400805e4
  34.55s  try 0x400805e4
  34.58s  try 0x400805e4
  34.61s  try 0x400805e4
  34.64s  try 0x400805e4
  34.67s  try 0x400805e4
  34.70s  try 0x400805e4
  34.73s  try 0x400805e4
  34.76s  try 0x400805e4
  34.79s  try 0x400805e4
  34.82s  try 0x400805e4
  34.85s  try 0x400805e4
  34.88s  try 0x400805e4
  34.91s  try 0x400805e4
  34.94s  try 0x400805e4
  34.97s  try 0x400805e4
  35.00s  try 0x400805e4
  35.03s  try 0x400805e4
  35.06s  try 0x400805e4
  35.09s  try 0x400805e4
  35.12s  try 0x400805e4
  35.15s  try 0x400805e4
  35.18s  try 0x400805e4
  35.21s  try 0x400805e4
  35.24s  try 0x400805e4
  35.27s  try 0x400805e4
  35.30s  try 0x400805e4
  35.34s  try 0x400805e4
  35.37s  try 0x400805e4
  35.40s  try 0x400805e4
  35.43s  try 0x400805e4
  35.46s  try 0x400805e4
  35.49s  try 0x400805e4
  35.52s  try 0x400805e4
  35.55s  try 0x400805e4
  35.58s  try 0x400805e4
  35.61s  try 0x400805e4
  35.64s  try 0x400805e4
  35.67s  try 0x400805e4
  35.70s  try 0x400805e4
  35.73s  try 0x400805e4
  35.76s  try 0x400805e4
  35.79s  try 0x400805e4
  35.82s  try 0x400805e4
  35.85s  try 0x400805e4
  35.88s  try 0x400805e4
  35.91s  try 0x400805e4
  35.94s  try 0x400805e4
  35.97s  try 0x400805e4
  36.00s  try 0x400805e4
  36.03s  try 0x400805e4
  36.06s  try 0x400805e4
  36.09s  try 0x400805e4
  36.12s  try 0x400805e4
  36.15s  try 0x400805e4
  36.19s  try 0x400805e4
  36.22s  try 0x400805e4
  36.25s  try 0x400805e4
  36.28s  try 0x400805e4
  36.31s  try 0x400805e4
  36.34s  try 0x400805e4
  36.37s  try 0x400805e4
  36.40s  try 0x400805e4
  36.43s  try 0x400805e4
  36.46s  try 0x400805e4
  36.49s  try 0x400805e4
  36.52s  try 0x400805e4
  36.55s  try 0x400805e4
  36.58s  try 0x400805e4
  36.61s  try 0x400805e4
  36.64s  try 0x400805e4
  36.67s  try 0x400805e4
  36.70s  try 0x400805e4
  36.73s  try 0x400805e4
  36.76s  try 0x400805e4
  36.79s  try 0x400805e4
  36.82s  try 0x400805e4
  36.85s  try 0x400805e4
  36.88s  try 0x400805e4
  36.91s  try 0x400805e4
  36.94s  try 0x400805e4
  36.97s  try 0x400805e4
  37.01s  try 0x400805e4
  37.04s  try 0x400805e4
  37.07s  try 0x400805e4
  37.10s  try 0x400805e4
  37.13s  try 0x400805e4
  37.16s  try 0x400805e4
  37.19s  try 0x400805e4
  37.22s  try 0x400805e4
  37.25s  try 0x400805e4
  37.28s  try 0x400805e4
  37.31s  try 0x400805e4
  37.34s  try 0x400805e4
  37.37s  try 0x400805e4
  37.40s  try 0x400805e4
  37.43s  try 0x400805e4
  37.46s  try 0x400805e4
  37.49s  try 0x400805e4
  37.52s  try 0x400805e4
  37.55s  try 0x400805e4
  37.58s  try 0x400805e4
  37.61s  try 0x400805e4
  37.64s  try 0x400805e4
  37.67s  try 0x400805e4
  37.70s  try 0x400805e4
  37.73s  try 0x400805e4
  37.76s  try 0x400805e4
  37.79s  try 0x400805e4
  37.82s  try 0x400805e4
  37.85s  try 0x400805e4
  37.88s  try 0x400805e4
  37.92s  try 0x400805e4
  37.95s  try 0x400805e4
  37.98s  try 0x400805e4
  38.01s  try 0x400805e4
  38.04s  try 0x400805e4
  38.07s  try 0x400805e4
  38.10s  try 0x400805e4
  38.13s  try 0x400805e4
  38.16s  try 0x400805e4
  38.19s  try 0x400805e4
  38.22s  try 0x400805e4
  38.25s  try 0x400805e4
  38.28s  try 0x400805e4
  38.31s  try 0x400805e4
  38.34s  try 0x400805e4
  38.37s  try 0x400805e4
  38.40s  try 0x400805e4
  38.43s  try 0x400805e4
  38.46s  try 0x400805e4
  38.49s  try 0x400805e4
  38.52s  try 0x400805e4
  38.55s  try 0x400805e4
  38.58s  try 0x400805e4
  38.61s  try 0x400805e4
  38.64s  try 0x400805e4
  38.67s  try 0x400805e4
  38.70s  try 0x400805e4
  38.73s  try 0x400805e4
  38.76s  try 0x400805e4
  38.79s  try 0x400805e4
  38.82s  try 0x400805e4
  38.85s  try 0x400805e4
  38.89s  try 0x400805e4
  38.92s  try 0x400805e4
  38.95s  try 0x400805e4
  38.98s  try 0x400805e4
  39.01s  try 0x400805e4
  39.04s  try 0x400805e4
  39.07s  try 0x400805e4
  39.10s  try 0x400805e4
  39.13s  try 0x400805e4
  39.16s  try 0x400805e4
  39.19s  try 0x400805e4
  39.22s  try 0x400805e4
  39.25s  try 0x400805e4
  39.28s  try 0x400805e4
  39.31s  try 0x400805e4
  39.34s  try 0x400805e4
  39.37s  try 0x400805e4
  39.40s  try 0x400805e4
  39.43s  try 0x400805e4
  39.46s  try 0x400805e4
  39.49s  try 0x400805e4
  39.52s  try 0x400805e4
  39.55s  try 0x400805e4
  39.58s  try 0x400805e4
  39.61s  try 0x400805e4
  39.64s  try 0x400805e4
  39.67s  try 0x400805e4
  39.70s  try 0x400805e4
  39.73s  try 0x400805e4
  39.77s  try 0x400805e4
  39.80s  try 0x400805e4
  39.83s  try 0x400805e4
  39.86s  try 0x400805e4
  39.89s  try 0x400805e4
  39.92s  try 0x400805e4
  39.95s  try 0x400805e4
  39.98s  try 0x400805e4
  40.01s  try 0x400805e4
  40.04s  try 0x400805e4
  40.07s  try 0x400805e4
  40.10s  try 0x400805e4
  40.13s  try 0x400805e4
  40.16s  try 0x400805e4
  40.19s  try 0x400805e4
  40.22s  try 0x400805e4
  40.25s  try 0x400805e4
  40.28s  try 0x400805e4
  40.31s  try 0x400805e4
  40.34s  try 0x400805e4
  40.37s  try 0x400805e4
  40.40s  try 0x400805e4
  40.43s  try 0x400805e4
  40.46s  try 0x400805e4
  40.49s  try 0x400805e4
  40.52s  try 0x400805e4
  40.55s  try 0x400805e4
  40.58s  try 0x400805e4
  40.61s  try 0x400805e4
  40.65s  try 0x400805e4
  40.68s  try 0x400805e4
  40.71s  try 0x400805e4
  40.74s  try 0x400805e4
  40.77s  try 0x400805e4
  40.80s  try 0x400805e4
  40.83s  try 0x400805e4
  40.86s  try 0x400805e4
  40.89s  try 0x400805e4
  40.92s  try 0x400805e4
  40.95s  try 0x400805e4
  40.98s  try 0x400805e4
  41.01s  try 0x400805e4
  41.04s  try 0x400805e4
  41.07s  try 0x400805e4
  41.10s  try 0x400805e4
  41.13s  try 0x400805e4
  41.16s  try 0x400805e4
  41.19s  try 0x400805e4
  41.22s  try 0x400805e4
  41.25s  try 0x400805e4
  41.28s  try 0x400805e4
  41.31s  try 0x400805e4
  41.34s  try 0x400805e4
  41.37s  try 0x400805e4
  41.40s  try 0x400805e4
  41.43s  try 0x400805e4
  41.46s  try 0x400805e4
  41.49s  try 0x400805e4
  41.52s  try 0x400805e4
  41.56s  try 0x400805e4
  41.59s  try 0x400805e4
  41.62s  try 0x400805e4
  41.65s  try 0x400805e4
  41.68s  try 0x400805e4
  41.71s  try 0x400805e4
  41.74s  try 0x400805e4
  41.77s  try 0x400805e4
  41.80s  try 0x400805e4
  41.83s  try 0x400805e4
  41.86s  try 0x400805e4
  41.89s  try 0x400805e4
  41.92s  try 0x400805e4
  41.95s  try 0x400805e4
  41.98s  try 0x400805e4
  42.01s  try 0x400805e4
  42.04s  try 0x400805e4
  42.07s  try 0x400805e4
  42.10s  try 0x400805e4
  42.13s  try 0x400805e4
  42.16s  try 0x400805e4
  42.19s  try 0x400805e4
  42.22s  try 0x400805e4
  42.25s  try 0x400805e4
  42.28s  try 0x400805e4
  42.31s  try 0x400805e4
  42.34s  try 0x400805e4
  42.37s  try 0x400805e4
  42.40s  try 0x400805e4
  42.44s  try 0x400805e4
  42.47s  try 0x400805e4
  42.50s  try 0x400805e4
  42.53s  try 0x400805e4
  42.56s  try 0x400805e4
  42.59s  try 0x400805e4
  42.62s  try 0x400805e4
  42.65s  try 0x400805e4
  42.68s  try 0x400805e4
  42.71s  try 0x400805e4
  42.74s  try 0x400805e4
  42.77s  try 0x400805e4
  42.80s  try 0x400805e4
  42.83s  try 0x400805e4
  42.86s  try 0x400805e4
  42.89s  try 0x400805e4
  42.92s  try 0x400805e4
  42.95s  try 0x400805e4
  42.98s  try 0x400805e4
  43.01s  try 0x400805e4
  43.04s  try 0x400805e4
  43.07s  try 0x400805e4
  43.10s  try 0x400805e4
  43.13s  try 0x400805e4
  43.16s  try 0x400805e4
  43.19s  try 0x400805e4
  43.22s  try 0x400805e4
  43.25s  try 0x400805e4
  43.28s  try 0x400805e4
  43.32s  try 0x400805e4
  43.35s  try 0x400805e4
  43.38s  try 0x400805e4
  43.41s  try 0x400805e4
  43.44s  try 0x400805e4
  43.47s  try 0x400805e4
  43.50s  try 0x400805e4
  43.53s  try 0x400805e4
  43.56s  try 0x400805e4
  43.59s  try 0x400805e4
  43.62s  try 0x400805e4
  43.65s  try 0x400805e4
  43.68s  try 0x400805e4
  43.71s  try 0x400805e4
  43.74s  try 0x400805e4
  43.77s  try 0x400805e4
  43.80s  try 0x400805e4
  43.83s  try 0x400805e4
  43.86s  try 0x400805e4
  43.89s  try 0x400805e4
  43.92s  try 0x400805e4
  43.95s  try 0x400805e4
  43.98s  try 0x400805e4
  44.01s  try 0x400805e4
  44.04s  try 0x400805e4
  44.07s  try 0x400805e4
  44.10s  try 0x400805e4
  44.13s  try 0x400805e4
  44.16s  try 0x400805e4
  44.20s  try 0x400805e4
  44.23s  try 0x400805e4
  44.26s  try 0x400805e4
  44.29s  try 0x400805e4
  44.32s  try 0x400805e4
  44.35s  try 0x400805e4
  44.38s  try 0x400805e4
  44.41s  try 0x400805e4
  44.44s  try 0x400805e4
  44.47s  try 0x400805e4
  44.50s  try 0x400805e4
  44.53s  try 0x400805e4
  44.56s  try 0x400805e4
  44.59s  try 0x400805e4
  44.62s  try 0x400805e4
  44.65s  try 0x400805e4
  44.68s  try 0x400805e4
  44.71s  try 0x400805e4
  44.74s  try 0x400805e4
  44.77s  try 0x400805e4
  44.80s  try 0x400805e4
  44.83s  try 0x400805e4
  44.86s  try 0x400805e4
  44.89s  try 0x400805e4
  44.92s  try 0x400805e4
  44.93s  try 0x400805e4
  44.96s  try 0x400805e4
  44.99s  try 0x400805e4
  45.02s  try 0x400805e4
  45.06s  try 0x400805e4
  45.09s  try 0x400805e4
  45.12s  try 0x400805e4
  45.15s  try 0x400805e4
  45.18s  try 0x400805e4
  45.21s  try 0x400805e4
  45.24s  try 0x400805e4
  45.27s  try 0x400805e4
  45.30s  try 0x400805e4
  45.33s  try 0x400805e4
  45.36s  try 0x400805e4
  45.39s  try 0x400805e4
  45.42s  try 0x400805e4
  45.45s  try 0x400805e4
  45.48s  try 0x400805e4
  45.49s  try 0x400805e4
  45.52s  try 0x400805e4
  45.55s  try 0x400805e4
  45.58s  try 0x400805e4
  45.61s  try 0x400805e4
  45.64s  try 0x400805e4
  45.67s  try 0x400805e4
  45.70s  try 0x400805e4
  45.70s  try 0x400805e4
  45.73s  try 0x400805e4
  45.76s  try 0x400805e4
  45.79s  try 0x400805e4
  45.82s  try 0x400805e4
  45.85s  try 0x400805e4
  45.88s  try 0x400805e4
  45.91s  try 0x400805e4
  45.94s  try 0x400805e4
  45.97s  try 0x400805e4
  46.00s  try 0x400805e4
  46.03s  try 0x400805e4
  46.06s  try 0x400805e4
  46.10s  try 0x400805e4
  46.13s  try 0x400805e4
  46.16s  try 0x400805e4
  46.19s  try 0x400805e4
  46.22s  try 0x400805e4
  46.25s  try 0x400805e4
  46.28s  try 0x400805e4
  46.31s  try 0x400805e4
  46.34s  try 0x400805e4
  46.37s  try 0x400805e4
  46.40s  try 0x400805e4
  46.43s  try 0x400805e4
  46.46s  try 0x400805e4
  46.49s  try 0x400805e4
  46.52s  try 0x400805e4
  46.55s  try 0x400805e4
  46.58s  try 0x400805e4
  46.61s  try 0x400805e4
  46.64s  try 0x400805e4
  46.67s  try 0x400805e4
  46.70s  try 0x400805e4
  46.73s  try 0x400805e4
  46.76s  try 0x400805e4
  46.79s  try 0x400805e4
  46.82s  try 0x400805e4
  46.85s  try 0x400805e4
  46.88s  try 0x400805e4
  46.91s  try 0x400805e4
  46.94s  try 0x400805e4
  46.97s  try 0x400805e4
  47.00s  try 0x400805e4
  47.03s  try 0x400805e4
  47.06s  try 0x400805e4
  47.07s  try 0x400805e4
  47.10s  try 0x400805e4
  47.13s  try 0x400805e4
  47.16s  try 0x400805e4
  47.19s  try 0x400805e4
  47.22s  try 0x400805e4
  47.25s  try 0x400805e4
  47.25s  try 0x400805e4
  47.28s  try 0x400805e4
  47.31s  try 0x400805e4
  47.34s  try 0x400805e4
  47.37s  try 0x400805e4
  47.40s  try 0x400805e4
  47.42s  try 0x400805e4
  47.45s  try 0x400805e4
  47.49s  try 0x400805e4
  47.52s  try 0x400805e4
  47.55s  try 0x400805e4
  47.58s  try 0x400805e4
  47.60s  try 0x400805e4
  47.63s  try 0x400805e4
  47.66s  try 0x400805e4
  47.69s  try 0x400805e4
  47.72s  try 0x400805e4
  47.75s  try 0x400805e4
  47.78s  try 0x400805e4
  47.81s  try 0x400805e4
  47.84s  try 0x400805e4
  47.87s  try 0x400805e4
  47.90s  try 0x400805e4
  47.93s  try 0x400805e4
  47.96s  try 0x400805e4
  47.99s  try 0x400805e4
  48.02s  try 0x400805e4
  48.05s  try 0x400805e4
  48.08s  try 0x400805e4
  48.11s  try 0x400805e4
  48.14s  try 0x400805e4
  48.17s  try 0x400805e4
  48.20s  try 0x400805e4
  48.23s  try 0x400805e4
  48.26s  try 0x400805e4
  48.29s  try 0x400805e4
  48.33s  try 0x400805e4
  48.36s  try 0x400805e4
  48.39s  try 0x400805e4
  48.42s  try 0x400805e4
  48.45s  try 0x400805e4
  48.48s  try 0x400805e4
  48.51s  try 0x400805e4
  48.54s  try 0x400805e4
  48.57s  try 0x400805e4
  48.60s  try 0x400805e4
  48.63s  try 0x400805e4
  48.66s  try 0x400805e4
  48.69s  try 0x400805e4
  48.72s  try 0x400805e4
  48.75s  try 0x400805e4
  48.78s  try 0x400805e4
  48.81s  try 0x400805e4
  48.84s  try 0x400805e4
  48.87s  try 0x400805e4
  48.90s  try 0x400805e4
  48.93s  try 0x400805e4
  48.96s  try 0x400805e4
  48.99s  try 0x400805e4
  49.02s  try 0x400805e4
  49.05s  try 0x400805e4
  49.08s  try 0x400805e4
  49.11s  try 0x400805e4
  49.14s  try 0x400805e4
  49.17s  try 0x400805e4
  49.20s  try 0x400805e4
  49.23s  try 0x400805e4
  49.26s  try 0x400805e4
  49.29s  try 0x400805e4
  49.32s  try 0x400805e4
  49.36s  try 0x400805e4
  49.39s  try 0x400805e4
  49.42s  try 0x400805e4
