   0.00s  ets Jul 29 2019 12:21:46
   0.00s  
   0.01s  rst:0x1 (POWERON_RESET),boot:0x13 (SPI_FAST_FLASH_BOOT)
   0.01s  configsip: 0, SPIWP:0xee
   0.02s  clk_drv:0x00,q_drv:0x00,d_drv:0x00,cs0_drv:0x00,hd_drv:0x00,wp_drv:0x00
   0.02s  mode:DIO, clock div:2
   0.02s  load:0x3fff0030,len:1184
   0.03s  load:0x40078000,len:13232
   0.03s  load:0x40080400,len:3028
   0.03s  entry 0x400805e4
   1.21s  current_pid: arming 3000ms, then a boot-time ADC sanity check (CS taps reported rewired but NOT yet verified) before any PID is trusted.
   1.22s  state=0 freq=190.0 pidEn=0 pidTrip=0 | I[A]: A=2.17 C=2.21 (dAC=-0.04) | B=2.79 D=2.80 (dBD=-0.02)
   1.72s  state=0 freq=190.0 pidEn=0 pidTrip=0 | I[A]: A=2.17 C=2.21 (dAC=-0.04) | B=2.79 D=2.80 (dBD=-0.02)
   2.22s  state=0 freq=190.0 pidEn=0 pidTrip=0 | I[A]: A=2.17 C=2.21 (dAC=-0.04) | B=2.79 D=2.80 (dBD=-0.02)
   2.71s  state=0 freq=190.0 pidEn=0 pidTrip=0 | I[A]: A=2.17 C=2.21 (dAC=-0.04) | B=2.79 D=2.80 (dBD=-0.02)
   3.22s  state=0 freq=190.0 pidEn=0 pidTrip=0 | I[A]: A=2.17 C=2.21 (dAC=-0.04) | B=2.79 D=2.80 (dBD=-0.02)
   3.71s  state=0 freq=190.0 pidEn=0 pidTrip=0 | I[A]: A=2.17 C=2.21 (dAC=-0.04) | B=2.79 D=2.80 (dBD=-0.02)
   4.20s  ARMED -> running ADC sanity check
   4.21s  state=1 freq=190.0 pidEn=0 pidTrip=0 | I[A]: A=2.17 C=2.21 (dAC=-0.04) | B=2.79 D=2.80 (dBD=-0.02)
   4.71s  state=1 freq=190.0 pidEn=0 pidTrip=0 | I[A]: A=2.50 C=2.21 (dAC=+0.29) | B=2.79 D=2.80 (dBD=-0.02)
   4.80s  sanity[A]: baseline=142.0mV pulse=166.7mV delta=+24.7mV -> PASS
   5.21s  state=1 freq=190.0 pidEn=0 pidTrip=0 | I[A]: A=2.17 C=2.21 (dAC=-0.04) | B=3.16 D=2.80 (dBD=+0.35)
   5.40s  sanity[B]: baseline=142.0mV pulse=165.5mV delta=+23.5mV -> PASS
   5.71s  state=1 freq=190.0 pidEn=0 pidTrip=0 | I[A]: A=2.17 C=2.56 (dAC=-0.39) | B=2.79 D=2.80 (dBD=-0.02)
   6.00s  sanity[C]: baseline=142.0mV pulse=165.7mV delta=+23.7mV -> PASS
   6.21s  state=1 freq=190.0 pidEn=0 pidTrip=0 | I[A]: A=2.17 C=2.21 (dAC=-0.04) | B=2.79 D=2.80 (dBD=-0.02)
   6.60s  sanity[D]: baseline=142.0mV pulse=164.2mV delta=+22.2mV -> PASS
   6.61s  ADC SANITY CHECK PASSED -- PID enabled.
   6.61s  armed: b=begin  s=stop(e-stop)  e=end(ramp down)
   6.71s  state=2 freq=190.0 pidEn=1 pidTrip=0 | I[A]: A=2.17 C=2.21 (dAC=-0.04) | B=2.79 D=2.80 (dBD=-0.02)
   7.21s  state=2 freq=190.0 pidEn=1 pidTrip=0 | I[A]: A=2.17 C=2.21 (dAC=-0.04) | B=2.79 D=2.80 (dBD=-0.02)
   7.71s  state=2 freq=190.0 pidEn=1 pidTrip=0 | I[A]: A=2.17 C=2.21 (dAC=-0.04) | B=2.79 D=2.80 (dBD=-0.02)
   8.21s  state=2 freq=190.0 pidEn=1 pidTrip=0 | I[A]: A=2.17 C=2.21 (dAC=-0.04) | B=2.79 D=2.80 (dBD=-0.02)
   8.71s  state=2 freq=190.0 pidEn=1 pidTrip=0 | I[A]: A=2.17 C=2.21 (dAC=-0.04) | B=2.79 D=2.80 (dBD=-0.02)
   9.21s  state=2 freq=190.0 pidEn=1 pidTrip=0 | I[A]: A=2.17 C=2.21 (dAC=-0.04) | B=2.79 D=2.80 (dBD=-0.02)
   9.71s  state=2 freq=190.0 pidEn=1 pidTrip=0 | I[A]: A=2.17 C=2.21 (dAC=-0.04) | B=2.79 D=2.80 (dBD=-0.02)
  10.21s  state=2 freq=190.0 pidEn=1 pidTrip=0 | I[A]: A=2.17 C=2.21 (dAC=-0.04) | B=2.79 D=2.80 (dBD=-0.02)
  10.71s  state=2 freq=190.0 pidEn=1 pidTrip=0 | I[A]: A=2.17 C=2.21 (dAC=-0.04) | B=2.79 D=2.80 (dBD=-0.02)
  11.21s  state=2 freq=190.0 pidEn=1 pidTrip=0 | I[A]: A=2.17 C=2.21 (dAC=-0.04) | B=2.79 D=2.80 (dBD=-0.02)
  11.71s  state=2 freq=190.0 pidEn=1 pidTrip=0 | I[A]: A=2.17 C=2.21 (dAC=-0.04) | B=2.79 D=2.80 (dBD=-0.02)
  12.21s  state=2 freq=190.0 pidEn=1 pidTrip=0 | I[A]: A=2.17 C=2.21 (dAC=-0.04) | B=2.79 D=2.80 (dBD=-0.02)
  12.71s  state=2 freq=190.0 pidEn=1 pidTrip=0 | I[A]: A=2.17 C=2.21 (dAC=-0.04) | B=2.79 D=2.80 (dBD=-0.02)
  13.21s  state=2 freq=190.0 pidEn=1 pidTrip=0 | I[A]: A=2.17 C=2.21 (dAC=-0.04) | B=2.79 D=2.80 (dBD=-0.02)
  13.71s  state=2 freq=190.0 pidEn=1 pidTrip=0 | I[A]: A=2.17 C=2.21 (dAC=-0.04) | B=2.79 D=2.80 (dBD=-0.02)
  14.21s  state=2 freq=190.0 pidEn=1 pidTrip=0 | I[A]: A=2.17 C=2.21 (dAC=-0.04) | B=2.79 D=2.80 (dBD=-0.02)
  14.71s  state=2 freq=190.0 pidEn=1 pidTrip=0 | I[A]: A=2.17 C=2.21 (dAC=-0.04) | B=2.79 D=2.80 (dBD=-0.02)
  15.21s  state=2 freq=190.0 pidEn=1 pidTrip=0 | I[A]: A=2.17 C=2.21 (dAC=-0.04) | B=2.79 D=2.80 (dBD=-0.02)
