ets Jul 29 2019 12:21:46

rst:0x1 (POWERON_RESET),boot:0x13 (SPI_FAST_FLASH_BOOT)
configsip: 0, SPIWP:0xee
clk_drv:0x00,q_drv:0x00,d_drv:0x00,cs0_drv:0x00,hd_drv:0x00,wp_drv:0x00
mode:DIO, clock div:2
load:0x3fff0030,len:1184
load:0x40078000,len:13232
load:0x40080400,len:3028
entry 0x400805e4
running main tilt
armed: b=begin  s=stop(e-stop)  e=end(ramp down)
state=0 freq=0.0 target=100.0 ledc0=0 ledc3=0
state=0 freq=0.0 target=100.0 ledc0=0 ledc3=0
begin: started
state=1 freq=1.2 target=100.0 ledc0=3069 ledc3=3063
state=1 freq=2.3 target=100.0 ledc0=3075 ledc3=3063
state=1 freq=4.6 target=100.0 ledc0=3088 ledc3=3063
state=1 freq=7.8 target=100.0 ledc0=3106 ledc3=3063
stop: ramping down (fast)
coils off
state=6 freq=9.3 target=100.0 ledc0=0 ledc3=0
state=6 freq=9.3 target=100.0 ledc0=0 ledc3=0
state=6 freq=9.3 target=100.0 ledc0=0 ledc3=0
state=6 freq=9.3 target=100.0 ledc0=0 ledc3=0
state=6 freq=9.3 target=100.0 ledc0=0 ledc3=0
state=6 freq=9.3 target=100.0 ledc0=0 ledc3=0
state=6 freq=9.3 target=100.0 ledc0=0 ledc3=0
begin: started
state=1 freq=1.1 target=100.0 ledc0=3069 ledc3=3063
state=1 freq=2.1 target=100.0 ledc0=3075 ledc3=3063
state=1 freq=4.3 target=100.0 ledc0=3087 ledc3=3063
state=1 freq=7.4 target=100.0 ledc0=3104 ledc3=3063
state=1 freq=11.4 target=100.0 ledc0=3127 ledc3=3063
state=1 freq=16.3 target=100.0 ledc0=3155 ledc3=3063
field trim: a=1.02 b=1.00 c=1.00 d=1.00
field trim: a=1.02 b=1.00 c=1.00 d=1.02
state=1 freq=22.0 target=100.0 ledc0=3251 ledc3=3125
state=1 freq=28.3 target=100.0 ledc0=3288 ledc3=3125
field trim: a=1.00 b=1.00 c=1.00 d=1.02
field trim: a=1.00 b=1.00 c=1.00 d=1.00
state=1 freq=35.2 target=100.0 ledc0=3264 ledc3=3064
field trim: a=0.98 b=1.00 c=1.00 d=1.00
field trim: a=0.98 b=1.00 c=1.00 d=0.98
field trim: a=0.96 b=1.00 c=1.00 d=0.98
field trim: a=0.96 b=1.00 c=1.00 d=0.96
field trim: a=0.94 b=1.00 c=1.00 d=0.96
field trim: a=0.94 b=1.00 c=1.00 d=0.94
state=1 freq=42.7 target=100.0 ledc0=3108 ledc3=2881
field trim: a=0.92 b=1.00 c=1.00 d=0.94
field trim: a=0.92 b=1.00 c=1.00 d=0.92
field trim: a=0.90 b=1.00 c=1.00 d=0.92
field trim: a=0.90 b=1.00 c=1.00 d=0.90
field trim: a=0.88 b=1.00 c=1.00 d=0.90
field trim: a=0.88 b=1.00 c=1.00 d=0.88
state=1 freq=50.6 target=100.0 ledc0=2949 ledc3=2697
field trim: a=0.86 b=1.00 c=1.00 d=0.88
field trim: a=0.86 b=1.00 c=1.00 d=0.86
field trim: a=0.84 b=1.00 c=1.00 d=0.86
field trim: a=0.84 b=1.00 c=1.00 d=0.84
field trim: a=0.82 b=1.00 c=1.00 d=0.84
field trim: a=0.82 b=1.00 c=1.00 d=0.82
field trim: a=0.80 b=1.00 c=1.00 d=0.82
field trim: a=0.80 b=1.00 c=1.00 d=0.80
state=1 freq=58.9 target=100.0 ledc0=2719 ledc3=2452
field trim: a=0.78 b=1.00 c=1.00 d=0.80
field trim: a=0.78 b=1.00 c=1.00 d=0.78
field trim: a=0.76 b=1.00 c=1.00 d=0.78
field trim: a=0.76 b=1.00 c=1.00 d=0.76
field trim: a=0.74 b=1.00 c=1.00 d=0.76
field trim: a=0.74 b=1.00 c=1.00 d=0.74
field trim: a=0.72 b=1.00 c=1.00 d=0.74
field trim: a=0.72 b=1.00 c=1.00 d=0.72
state=1 freq=67.5 target=100.0 ledc0=2482 ledc3=2207
field trim: a=0.70 b=1.00 c=1.00 d=0.72
field trim: a=0.70 b=1.00 c=1.00 d=0.70
field trim: a=0.68 b=1.00 c=1.00 d=0.70
field trim: a=0.68 b=1.00 c=1.00 d=0.68
field trim: a=0.66 b=1.00 c=1.00 d=0.68
field trim: a=0.66 b=1.00 c=1.00 d=0.66
state=1 freq=76.2 target=100.0 ledc0=2309 ledc3=2023
field trim: a=0.64 b=1.00 c=1.00 d=0.66
field trim: a=0.64 b=1.00 c=1.00 d=0.64
field trim: a=0.66 b=1.00 c=1.00 d=0.64
field trim: a=0.66 b=1.00 c=1.00 d=0.66
state=1 freq=85.1 target=100.0 ledc0=2342 ledc3=2024
field trim: a=0.68 b=1.00 c=1.00 d=0.66
field trim: a=0.68 b=1.00 c=1.00 d=0.68
field trim: a=0.70 b=1.00 c=1.00 d=0.68
field trim: a=0.70 b=1.00 c=1.00 d=0.70
field trim: a=0.72 b=1.00 c=1.00 d=0.70
field trim: a=0.72 b=1.00 c=1.00 d=0.72
field trim: a=0.74 b=1.00 c=1.00 d=0.72
field trim: a=0.74 b=1.00 c=1.00 d=0.74
field trim: a=0.76 b=1.00 c=1.00 d=0.74
field trim: a=0.76 b=1.00 c=1.00 d=0.76
field trim: a=0.78 b=1.00 c=1.00 d=0.76
field trim: a=0.78 b=1.00 c=1.00 d=0.78
state=1 freq=94.1 target=100.0 ledc0=2808 ledc3=2392
field trim: a=0.80 b=1.00 c=1.00 d=0.78
field trim: a=0.80 b=1.00 c=1.00 d=0.80
field trim: a=0.82 b=1.00 c=1.00 d=0.80
field trim: a=0.82 b=1.00 c=1.00 d=0.82
field trim: a=0.84 b=1.00 c=1.00 d=0.82
field trim: a=0.84 b=1.00 c=1.00 d=0.84
field trim: a=0.86 b=1.00 c=1.00 d=0.84
field trim: a=0.86 b=1.00 c=1.00 d=0.86
field trim: a=0.88 b=1.00 c=1.00 d=0.86
field trim: a=0.88 b=1.00 c=1.00 d=0.88
field trim: a=0.90 b=1.00 c=1.00 d=0.88
field trim: a=0.90 b=1.00 c=1.00 d=0.90
state=1 freq=103.0 target=100.0 ledc0=3287 ledc3=2760
field trim: a=0.92 b=1.00 c=1.00 d=0.90
field trim: a=0.92 b=1.00 c=1.00 d=0.92
field trim: a=0.94 b=1.00 c=1.00 d=0.92
field trim: a=0.94 b=1.00 c=1.00 d=0.94
field trim: a=0.96 b=1.00 c=1.00 d=0.94
field trim: a=0.96 b=1.00 c=1.00 d=0.96
field trim: a=0.98 b=1.00 c=1.00 d=0.96
field trim: a=0.98 b=1.00 c=1.00 d=0.98
field trim: a=1.00 b=1.00 c=1.00 d=0.98
field trim: a=1.00 b=1.00 c=1.00 d=1.00
field trim: a=1.02 b=1.00 c=1.00 d=1.00
field trim: a=1.02 b=1.00 c=1.00 d=1.02
state=1 freq=111.8 target=100.0 ledc0=3776 ledc3=3129
field trim: a=1.04 b=1.00 c=1.00 d=1.02
field trim: a=1.04 b=1.00 c=1.00 d=1.04
field trim: a=1.06 b=1.00 c=1.00 d=1.04
field trim: a=1.06 b=1.00 c=1.00 d=1.06
state=1 freq=120.4 target=100.0 ledc0=3977 ledc3=3252
field trim: a=1.08 b=1.00 c=1.00 d=1.06
field trim: a=1.08 b=1.00 c=1.00 d=1.08
field trim: a=1.10 b=1.00 c=1.00 d=1.08
field trim: a=1.10 b=1.00 c=1.00 d=1.10
field trim: a=1.12 b=1.00 c=1.00 d=1.10
field trim: a=1.12 b=1.00 c=1.00 d=1.12
field trim: a=1.14 b=1.00 c=1.00 d=1.12
field trim: a=1.14 b=1.00 c=1.00 d=1.14
field trim: a=1.16 b=1.00 c=1.00 d=1.14
field trim: a=1.16 b=1.00 c=1.00 d=1.16
state=1 freq=128.8 target=100.0 ledc0=4070 ledc3=3559
field trim: a=1.18 b=1.00 c=1.00 d=1.16
field trim: a=1.18 b=1.00 c=1.00 d=1.18
field trim: a=1.20 b=1.00 c=1.00 d=1.18
field trim: a=1.20 b=1.00 c=1.00 d=1.20
field trim: a=1.22 b=1.00 c=1.00 d=1.20
field trim: a=1.22 b=1.00 c=1.00 d=1.22
field trim: a=1.24 b=1.00 c=1.00 d=1.22
field trim: a=1.24 b=1.00 c=1.00 d=1.24
field trim: a=1.26 b=1.00 c=1.00 d=1.24
field trim: a=1.26 b=1.00 c=1.00 d=1.26
field trim: a=1.28 b=1.00 c=1.00 d=1.26
field trim: a=1.28 b=1.00 c=1.00 d=1.28
state=1 freq=136.7 target=100.0 ledc0=4070 ledc3=3928
field trim: a=1.30 b=1.00 c=1.00 d=1.28
field trim: a=1.30 b=1.00 c=1.00 d=1.30
field trim: a=1.32 b=1.00 c=1.00 d=1.30
field trim: a=1.32 b=1.00 c=1.00 d=1.32
field trim: a=1.34 b=1.00 c=1.00 d=1.32
field trim: a=1.34 b=1.00 c=1.00 d=1.34
field trim: a=1.36 b=1.00 c=1.00 d=1.34
field trim: a=1.36 b=1.00 c=1.00 d=1.36
field trim: a=1.38 b=1.00 c=1.00 d=1.36
field trim: a=1.38 b=1.00 c=1.00 d=1.38
state=1 freq=144.3 target=100.0 ledc0=4070 ledc3=4051
field trim: a=1.40 b=1.00 c=1.00 d=1.38
field trim: a=1.40 b=1.00 c=1.00 d=1.40
field trim: a=1.42 b=1.00 c=1.00 d=1.40
field trim: a=1.42 b=1.00 c=1.00 d=1.42
field trim: a=1.44 b=1.00 c=1.00 d=1.42
field trim: a=1.44 b=1.00 c=1.00 d=1.44
field trim: a=1.46 b=1.00 c=1.00 d=1.44
field trim: a=1.46 b=1.00 c=1.00 d=1.46
state=1 freq=151.4 target=100.0 ledc0=4070 ledc3=4051
field trim: a=1.44 b=1.00 c=1.00 d=1.46
field trim: a=1.44 b=1.00 c=1.00 d=1.44
field trim: a=1.42 b=1.00 c=1.00 d=1.44
field trim: a=1.42 b=1.00 c=1.00 d=1.42
field trim: a=1.40 b=1.00 c=1.00 d=1.42
field trim: a=1.40 b=1.00 c=1.00 d=1.40
state=1 freq=157.8 target=100.0 ledc0=4070 ledc3=4051
field trim: a=1.38 b=1.00 c=1.00 d=1.40
field trim: a=1.38 b=1.00 c=1.00 d=1.38
field trim: a=1.36 b=1.00 c=1.00 d=1.38
field trim: a=1.36 b=1.00 c=1.00 d=1.36
field trim: a=1.34 b=1.00 c=1.00 d=1.36
field trim: a=1.34 b=1.00 c=1.00 d=1.34
field trim: a=1.32 b=1.00 c=1.00 d=1.34
field trim: a=1.32 b=1.00 c=1.00 d=1.32
field trim: a=1.30 b=1.00 c=1.00 d=1.32
field trim: a=1.30 b=1.00 c=1.00 d=1.30
field trim: a=1.28 b=1.00 c=1.00 d=1.30
field trim: a=1.28 b=1.00 c=1.00 d=1.28
field trim: a=1.26 b=1.00 c=1.00 d=1.28
field trim: a=1.26 b=1.00 c=1.00 d=1.26
field trim: a=1.24 b=1.00 c=1.00 d=1.26
field trim: a=1.24 b=1.00 c=1.00 d=1.24
field trim: a=1.22 b=1.00 c=1.00 d=1.24
field trim: a=1.22 b=1.00 c=1.00 d=1.22
field trim: a=1.20 b=1.00 c=1.00 d=1.22
field trim: a=1.20 b=1.00 c=1.00 d=1.20
state=1 freq=163.6 target=100.0 ledc0=4070 ledc3=3684
field trim: a=1.18 b=1.00 c=1.00 d=1.20
field trim: a=1.18 b=1.00 c=1.00 d=1.18
field trim: a=1.16 b=1.00 c=1.00 d=1.18
field trim: a=1.16 b=1.00 c=1.00 d=1.16
field trim: a=1.14 b=1.00 c=1.00 d=1.16
field trim: a=1.14 b=1.00 c=1.00 d=1.14
field trim: a=1.12 b=1.00 c=1.00 d=1.14
field trim: a=1.12 b=1.00 c=1.00 d=1.12
field trim: a=1.10 b=1.00 c=1.00 d=1.12
field trim: a=1.10 b=1.00 c=1.00 d=1.10
state=1 freq=168.7 target=100.0 ledc0=4070 ledc3=3377
field trim: a=1.08 b=1.00 c=1.00 d=1.10
field trim: a=1.08 b=1.00 c=1.00 d=1.08
field trim: a=1.06 b=1.00 c=1.00 d=1.08
field trim: a=1.06 b=1.00 c=1.00 d=1.06
field trim: a=1.04 b=1.00 c=1.00 d=1.06
field trim: a=1.04 b=1.00 c=1.00 d=1.04
field trim: a=1.02 b=1.00 c=1.00 d=1.04
field trim: a=1.02 b=1.00 c=1.00 d=1.02
state=1 freq=172.9 target=100.0 ledc0=4070 ledc3=3132
field trim: a=1.00 b=1.00 c=1.00 d=1.02
field trim: a=1.00 b=1.00 c=1.00 d=1.00
field trim: a=0.98 b=1.00 c=1.00 d=1.00
field trim: a=0.98 b=1.00 c=1.00 d=0.98
field trim: a=0.96 b=1.00 c=1.00 d=0.98
field trim: a=0.96 b=1.00 c=1.00 d=0.96
field trim: a=0.94 b=1.00 c=1.00 d=0.96
field trim: a=0.94 b=1.00 c=1.00 d=0.94
state=1 freq=176.2 target=100.0 ledc0=3828 ledc3=2886
field trim: a=0.92 b=1.00 c=1.00 d=0.94
field trim: a=0.92 b=1.00 c=1.00 d=0.92
field trim: a=0.90 b=1.00 c=1.00 d=0.92
field trim: a=0.90 b=1.00 c=1.00 d=0.90
field trim: a=0.88 b=1.00 c=1.00 d=0.90
field trim: a=0.88 b=1.00 c=1.00 d=0.88
field trim: a=0.86 b=1.00 c=1.00 d=0.88
field trim: a=0.86 b=1.00 c=1.00 d=0.86
field trim: a=0.84 b=1.00 c=1.00 d=0.86
field trim: a=0.84 b=1.00 c=1.00 d=0.84
state=1 freq=178.5 target=100.0 ledc0=3432 ledc3=2579
field trim: a=0.82 b=1.00 c=1.00 d=0.84
field trim: a=0.82 b=1.00 c=1.00 d=0.82
field trim: a=0.80 b=1.00 c=1.00 d=0.82
field trim: a=0.80 b=1.00 c=1.00 d=0.80
field trim: a=0.78 b=1.00 c=1.00 d=0.80
field trim: a=0.78 b=1.00 c=1.00 d=0.78
field trim: a=0.76 b=1.00 c=1.00 d=0.78
field trim: a=0.76 b=1.00 c=1.00 d=0.76
state=2 freq=179.8 target=100.0 ledc0=3112 ledc3=2334
field trim: a=0.74 b=1.00 c=1.00 d=0.76
field trim: a=0.74 b=1.00 c=1.00 d=0.74
field trim: a=0.72 b=1.00 c=1.00 d=0.74
field trim: a=0.72 b=1.00 c=1.00 d=0.72
field trim: a=0.70 b=1.00 c=1.00 d=0.72
field trim: a=0.70 b=1.00 c=1.00 d=0.70
field trim: a=0.68 b=1.00 c=1.00 d=0.70
field trim: a=0.68 b=1.00 c=1.00 d=0.68
field trim: a=0.70 b=1.00 c=1.00 d=0.68
field trim: a=0.70 b=1.00 c=1.00 d=0.70
state=2 freq=180.0 target=100.0 ledc0=2866 ledc3=2149
field trim: a=0.72 b=1.00 c=1.00 d=0.70
field trim: a=0.72 b=1.00 c=1.00 d=0.72
field trim: a=0.74 b=1.00 c=1.00 d=0.72
field trim: a=0.74 b=1.00 c=1.00 d=0.74
field trim: a=0.76 b=1.00 c=1.00 d=0.74
field trim: a=0.76 b=1.00 c=1.00 d=0.76
field trim: a=0.78 b=1.00 c=1.00 d=0.76
field trim: a=0.78 b=1.00 c=1.00 d=0.78
field trim: a=0.80 b=1.00 c=1.00 d=0.78
field trim: a=0.80 b=1.00 c=1.00 d=0.80
field trim: a=0.82 b=1.00 c=1.00 d=0.80
field trim: a=0.82 b=1.00 c=1.00 d=0.82
state=2 freq=180.0 target=100.0 ledc0=3357 ledc3=2518
field trim: a=0.84 b=1.00 c=1.00 d=0.82
field trim: a=0.84 b=1.00 c=1.00 d=0.84
field trim: a=0.86 b=1.00 c=1.00 d=0.84
field trim: a=0.86 b=1.00 c=1.00 d=0.86
field trim: a=0.88 b=1.00 c=1.00 d=0.86
field trim: a=0.88 b=1.00 c=1.00 d=0.88
field trim: a=0.90 b=1.00 c=1.00 d=0.88
field trim: a=0.90 b=1.00 c=1.00 d=0.90
field trim: a=0.92 b=1.00 c=1.00 d=0.90
field trim: a=0.92 b=1.00 c=1.00 d=0.92
state=2 freq=180.0 target=90.0 ledc0=3767 ledc3=2825
field trim: a=0.94 b=1.00 c=1.00 d=0.92
field trim: a=0.94 b=1.00 c=1.00 d=0.94
field trim: a=0.96 b=1.00 c=1.00 d=0.94
field trim: a=0.96 b=1.00 c=1.00 d=0.96
field trim: a=0.98 b=1.00 c=1.00 d=0.96
field trim: a=0.98 b=1.00 c=1.00 d=0.98
field trim: a=1.00 b=1.00 c=1.00 d=0.98
field trim: a=1.00 b=1.00 c=1.00 d=1.00
field trim: a=1.02 b=1.00 c=1.00 d=1.00
field trim: a=1.02 b=1.00 c=1.00 d=1.02
state=2 freq=180.0 target=90.0 ledc0=4013 ledc3=3132
field trim: a=1.00 b=1.00 c=1.00 d=1.02
field trim: a=1.00 b=1.00 c=1.00 d=1.00
field trim: a=0.98 b=1.00 c=1.00 d=1.00
field trim: a=0.98 b=1.00 c=1.00 d=0.98
field trim: a=0.96 b=1.00 c=1.00 d=0.98
field trim: a=0.96 b=1.00 c=1.00 d=0.96
field trim: a=0.94 b=1.00 c=1.00 d=0.96
field trim: a=0.94 b=1.00 c=1.00 d=0.94
state=2 freq=180.0 target=90.0 ledc0=3849 ledc3=2886
field trim: a=0.92 b=1.00 c=1.00 d=0.94
field trim: a=0.92 b=1.00 c=1.00 d=0.92
field trim: a=0.90 b=1.00 c=1.00 d=0.92
field trim: a=0.90 b=1.00 c=1.00 d=0.90
field trim: a=0.88 b=1.00 c=1.00 d=0.90
field trim: a=0.88 b=1.00 c=1.00 d=0.88
field trim: a=0.86 b=1.00 c=1.00 d=0.88
field trim: a=0.86 b=1.00 c=1.00 d=0.86
field trim: a=0.84 b=1.00 c=1.00 d=0.86
field trim: a=0.84 b=1.00 c=1.00 d=0.84
state=2 freq=180.0 target=80.0 ledc0=3439 ledc3=2579
field trim: a=0.82 b=1.00 c=1.00 d=0.84
field trim: a=0.82 b=1.00 c=1.00 d=0.82
field trim: a=0.80 b=1.00 c=1.00 d=0.82
field trim: a=0.80 b=1.00 c=1.00 d=0.80
field trim: a=0.78 b=1.00 c=1.00 d=0.80
field trim: a=0.78 b=1.00 c=1.00 d=0.78
field trim: a=0.76 b=1.00 c=1.00 d=0.78
field trim: a=0.76 b=1.00 c=1.00 d=0.76
field trim: a=0.74 b=1.00 c=1.00 d=0.76
field trim: a=0.74 b=1.00 c=1.00 d=0.74
state=2 freq=180.0 target=80.0 ledc0=3030 ledc3=2272
field trim: a=0.72 b=1.00 c=1.00 d=0.74
field trim: a=0.72 b=1.00 c=1.00 d=0.72
field trim: a=0.70 b=1.00 c=1.00 d=0.72
field trim: a=0.70 b=1.00 c=1.00 d=0.70
field trim: a=0.68 b=1.00 c=1.00 d=0.70
field trim: a=0.68 b=1.00 c=1.00 d=0.68
field trim: a=0.66 b=1.00 c=1.00 d=0.68
field trim: a=0.66 b=1.00 c=1.00 d=0.66
state=2 freq=180.0 target=80.0 ledc0=2702 ledc3=2027
field trim: a=0.64 b=1.00 c=1.00 d=0.66
field trim: a=0.64 b=1.00 c=1.00 d=0.64
field trim: a=0.62 b=1.00 c=1.00 d=0.64
field trim: a=0.62 b=1.00 c=1.00 d=0.62
field trim: a=0.60 b=1.00 c=1.00 d=0.62
field trim: a=0.60 b=1.00 c=1.00 d=0.60
field trim: a=0.62 b=1.00 c=1.00 d=0.60
field trim: a=0.62 b=1.00 c=1.00 d=0.62
state=2 freq=180.0 target=70.0 ledc0=2538 ledc3=1904
field trim: a=0.64 b=1.00 c=1.00 d=0.62
field trim: a=0.64 b=1.00 c=1.00 d=0.64
field trim: a=0.66 b=1.00 c=1.00 d=0.64
field trim: a=0.66 b=1.00 c=1.00 d=0.66
field trim: a=0.68 b=1.00 c=1.00 d=0.66
field trim: a=0.68 b=1.00 c=1.00 d=0.68
state=2 freq=180.0 target=70.0 ledc0=2784 ledc3=2088
field trim: a=0.66 b=1.00 c=1.00 d=0.68
field trim: a=0.66 b=1.00 c=1.00 d=0.66
state=2 freq=180.0 target=70.0 ledc0=2702 ledc3=2027
state=2 freq=180.0 target=60.0 ledc0=2702 ledc3=2027
state=2 freq=180.0 target=60.0 ledc0=2702 ledc3=2027
stop: ramping down (fast)
coils off
state=6 freq=180.0 target=60.0 ledc0=0 ledc3=0
state=6 freq=180.0 target=60.0 ledc0=0 ledc3=0
state=6 freq=180.0 target=60.0 ledc0=0 ledc3=0
state=6 freq=180.0 target=60.0 ledc0=0 ledc3=0
state=6 freq=180.0 target=60.0 ledc0=0 ledc3=0
state=6 freq=180.0 target=60.0 ledc0=0 ledc3=0
state=6 freq=180.0 target=60.0 ledc0=0 ledc3=0
stop: ramping down (fast)
coils off
