edc0=0 ledc3=0
edc0=0 ledc3=0
edc0=0 ledc3=0
edc0=0 ledc3=0
edc0=0 ledc3=0
edc0=0 ledc3=0
edc0=0 ledc3=0
edc0=0 ledc3=0
edc0=0 ledc3=0
edc0=0 ledc3=0
edc0=0 ledc3=0
edc0=0 ledc3=0
edc0=0 ledc3=0
edc0=0 ledc3=0
edc0=0 ledc3=0
edc0=0 ledc3=0
edc0=0 ledc3=0
edc0=0 ledc3=0
edc0=0 ledc3=0
edc0=0 ledc3=0
edc0=0 ledc3=0
edc0=0 ledc3=0
edc0=0 ledc3=0
edc0=0 ledc3=0
edc0=0 ledc3=0
edc0=0 ledc3=0
edc0=0 ledc3=0
edc0=0 ledc3=0
edc0=0 ledc3=0
edc0=0 ledc3=0
edc0=0 ledc3=0
edc0=0 ledc3=0
edc0=0 ledc3=0
edc0=0 ledc3=0
edc0=0 ledc3=0
edc0=0 ledc3=0
edc0=0 ledc3=0
edc0=0 ledc3=0
edc0=0 ledc3=0
edc0=0 ledc3=0
edc0=0 ledc3=0
edc0=0 ledc3=0
edc0=0 ledc3=0
edc0=0 ledc3=0
edc0=0 ledc3=0
edc0=0 ledc3=0
edc0=0 ledc3=0
edc0=0 ledc3=0
edc0=0 ledc3=0
edc0=0 ledc3=0
edc0=0 ledc3=0
edc0=0 ledc3=0
edc0=0 ledc3=0
edc0=0 ledc3=0
edc0=0 ledc3=0
edc0=0 ledc3=0
edc0=0 ledc3=0
edc0=0 ledc3=0
edc0=0 ledc3=0
edc0=0 ledc3=0
edc0=0 ledc3=0
edc0=0 ledc3=0
edc0=0 ledc3=0
edc0=0 ledc3=0
edc0=0 ledc3=0
edc0=0 ledc3=0
edc0=0 ledc3=0
edc0=0 ledc3=0
edc0=0 ledc3=0
edc0=0 ledc3=0
edc0=0 ledc3=0
edc0=0 ledc3=0
edc0=0 ledc3=0
edc0=0 ledc3=0
edc0=0 ledc3=0
edc0=0 ledc3=0
edc0=0 ledc3=0
edc0=0 ledc3=0
edc0=0 ledc3=0
edc0=0 ledc3=0
edc0=0 ledc3=0
edc0=0 ledc3=0
edc0=0 ledc3=0
edc0=0 ledc3=0
edc0=0 ledc3=0
edc0=0 ledc3=0
edc0=0 ledc3=0
edc0=0 ledc3=0
edc0=0 ledc3=0
edc0=0 ledc3=0
edc0=0 ledc3=0
edc0=0 ledc3=0
edc0=0 ledc3=0
edc0=0 ledc3=0
edc0=0 ledc3=0
edc0=0 ledc3=0
edc0=0 ledc3=0
edc0=0 ledc3=0
edc0=0 ledc3=0
edc0=0 ledc3=0
edc0=0 ledc3=0
edc0=0 ledc3=0
edc0=0 ledc3=0
edc0=0 ledc3=0
edc0=0 ledc3=0
edc0=0 ledc3=0
edc0=0 ledc3=0
edc0=0 ledc3=0
edc0=0 ledc3=0
edc0=0 ledc3=0
edc0=0 ledc3=0
edc0=0 ledc3=0
edc0=0 ledc3=0
edc0=0 ledc3=0
edc0=0 ledc3=0
edc0=0 ledc3=0
edc0=0 ledc3=0
edc0=0 ledc3=0
edc0=0 ledc3=0
edc0=0 ledc3=0
edc0=0 ledc3=0
edc0=0 ledc3=0
edc0=0 ledc3=0
edc0=0 ledc3=0
edc0=0 ledc3=0
edc0=0 ledc3=0
edc0=0 ledc3=0
edc0=0 ledc3=0
edc0=0 ledc3=0
edc0=0 ledc3=0
edc0=0 ledc3=0
edc0=0 ledc3=0
edc0=0 ledc3=0
edc0=0 ledc3=0
edc0=0 ledc3=0
edc0=0 ledc3=0
edc0=0 ledc3=0
edc0=0 ledc3=0
edc0=0 ledc3=0
edc0=0 ledc3=0
edc0=0 ledc3=0
edc0=0 ledc3=0
edc0=0 ledc3=0
edc0=0 ledc3=0
edc0=0 ledc3=0
edc0=0 ledc3=0
edc0=0 ledc3=0
edc0=0 ledc3=0
edc0=0 ledc3=0
edc0=0 ledc3=0
edc0=0 ledc3=0
edc0=0 ledc3=0
edc0=0 ledc3=0
edc0=0 ledc3=0
edc0=0 ledc3=0
edc0=0 ledc3=0
edc0=0 ledc3=0
edc0=0 ledc3=0
ets Jul 29 2019 12:21:46

rst:ets Jul 29 2019 12:21:46

rst:ets Jul 29 2019 12:21:46

rst:ets Jul 29 2019 12:21:46

rst:ets Jul 29 2019 12:21:46

rst:ets Jul 29 2019 12:21:46

rst:ets Jul 29 2019 12:21:46

rst:ets Jul 29 2019 12:21:46

rst:ets Jul 29 2019 12:21:46

rst:ets Jul 29 2019 12:21:46

rst:ets Jul 29 2019 12:21:46

rst:ets Jul 29 2019 12:21:46

rst:ets Jul 29 2019 12:21:46

rst:ets Jul 29 2019 12:21:46

rst:ets Jul 29 2019 12:21:46

rst:ets Jul 29 2019 12:21:46

rst:ets Jul 29 2019 12:21:46

rst:ets Jul 29 2019 12:21:46

rst:ets Jul 29 2019 12:21:46

rst:ets Jul 29 2019 12:21:46

rst:ets Jul 29 2019 12:21:46

rst:ets Jul 29 2019 12:21:46

rst:ets Jul 29 2019 12:21:46

rst:ets Jul 29 2019 12:21:46

rst:ets Jul 29 2019 12:21:46

rst:ets Jul 29 2019 12:21:46

rst:ets Jul 29 2019 12:21:46

rst:ets Jul 29 2019 12:21:46

rst:ets Jul 29 2019 12:21:46

rst:ets Jul 29 2019 12:21:46

rst:ets Jul 29 2019 12:21:46

rst:ets Jul 29 2019 12:21:46

rst:ets Jul 29 2019 12:21:46

rst:ets Jul 29 2019 12:21:46

rst:ets Jul 29 2019 12:21:46

rst:ets Jul 29 2019 12:21:46

rst:ets Jul 29 2019 12:21:46

rst:ets Jul 29 2019 12:21:46

rst:ets Jul 29 2019 12:21:46

rst:ets Jul 29 2019 12:21:46

rst:ets Jul 29 2019 12:21:46

rst:ets Jul 29 2019 12:21:46

rst:ets Jul 29 2019 12:21:46

rst:ets Jul 29 2019 12:21:46

rst:ets Jul 29 2019 12:21:46

rst:ets Jul 29 2019 12:21:46

rst:ets Jul 29 2019 12:21:46

rst:ets Jul 29 2019 12:21:46

rst:ets Jul 29 2019 12:21:46

rst:ets Jul 29 2019 12:21:46

rst:ets Jul 29 2019 12:21:46

rst:ets Jul 29 2019 12:21:46

rst:ets Jul 29 2019 12:21:46

rst:ets Jul 29 2019 12:21:46

rst:ets Jul 29 2019 12:21:46

rst:ets Jul 29 2019 12:21:46

rst:ets Jul 29 2019 12:21:46

rst:ets Jul 29 2019 12:21:46

rst:ets Jul 29 2019 12:21:46

rst:ets Jul 29 2019 12:21:46

rst:ets Jul 29 2019 12:21:46

rst:ets Jul 29 2019 12:21:46

rst:ets Jul 29 2019 12:21:46

rst:ets Jul 29 2019 12:21:46

rst:ets Jul 29 2019 12:21:46

rst:ets Jul 29 2019 12:21:46

rst:ets Jul 29 2019 12:21:46

rst:ets Jul 29 2019 12:21:46

rst:ets Jul 29 2019 12:21:46

rst:ets Jul 29 2019 12:21:46

rst:ets Jul 29 2019 12:21:46

rst:ets Jul 29 2019 12:21:46

rst:ets Jul 29 2019 12:21:46

rst:ets Jul 29 2019 12:21:46

rst:ets Jul 29 2019 12:21:46

rst:ets Jul 29 2019 12:21:46

rst:ets Jul 29 2019 12:21:46

rst:ets Jul 29 2019 12:21:46

rst:ets Jul 29 2019 12:21:46

rst:ets Jul 2RON_RESET),boot:0x13 (SPI_FAST_FLASH_BOOT)
configsip: 0, SPIWP:0xee
clk_drv:0x00,q_drv:0x00,d_drv:0x00,cs0_drv:0x00,hd_drv:0x00,wp_drv:0x00
mode:DIO, clock div:2
load:0x3fff0030,len:1184
load:0x40078000,len:13232
load:0x40080400,len:3028
entry 0x400805e4
running main tilt
armed: b=begin  s=stop(e-stop)  e=end(ramp down)
state=0 freq=0.0 target=100.0 ledc0=0 ledc3=0
state=0 freq=0.0 target=100.0 ledc0=0 ledc3=0
state=0 freq=0.0 target=100.0 ledc0=0 ledc3=0
begin: started
state=1 freq=1.0 target=100.0 ledc0=3069 ledc3=3063
state=1 freq=1.9 target=100.0 ledc0=3074 ledc3=3063
state=1 freq=3.8 target=100.0 ledc0=3085 ledc3=3063
state=1 freq=6.6 target=100.0 ledc0=3102 ledc3=3063
state=1 freq=10.3 target=100.0 ledc0=3124 ledc3=3063
state=1 freq=14.8 target=100.0 ledc0=3151 ledc3=3063
state=1 freq=20.1 target=100.0 ledc0=3183 ledc3=3064
state=1 freq=26.0 target=100.0 ledc0=3218 ledc3=3064
state=1 freq=32.5 target=100.0 ledc0=3258 ledc3=3064
state=1 freq=39.5 target=100.0 ledc0=3300 ledc3=3064
state=1 freq=46.9 target=100.0 ledc0=3345 ledc3=3065
state=1 freq=54.7 target=100.0 ledc0=3392 ledc3=3065
state=1 freq=62.7 target=100.0 ledc0=3441 ledc3=3066
state=1 freq=71.0 target=100.0 ledc0=3491 ledc3=3066
state=1 freq=79.4 target=100.0 ledc0=3542 ledc3=3066
state=1 freq=87.8 target=100.0 ledc0=3593 ledc3=3067
state=1 freq=96.3 target=100.0 ledc0=3644 ledc3=3067
state=1 freq=104.6 target=100.0 ledc0=3695 ledc3=3068
state=1 freq=112.7 target=100.0 ledc0=3744 ledc3=3068
state=1 freq=120.7 target=100.0 ledc0=3793 ledc3=3068
state=1 freq=128.2 target=100.0 ledc0=3839 ledc3=3069
state=1 freq=135.4 target=100.0 ledc0=3883 ledc3=3069
state=1 freq=142.2 target=100.0 ledc0=3924 ledc3=3069
state=1 freq=148.3 target=100.0 ledc0=3961 ledc3=3070
state=1 freq=153.9 target=100.0 ledc0=3995 ledc3=3070
state=1 freq=158.8 target=100.0 ledc0=4025 ledc3=3070
state=1 freq=162.8 target=100.0 ledc0=4050 ledc3=3070
state=1 freq=166.1 target=100.0 ledc0=4070 ledc3=3071
state=1 freq=168.4 target=100.0 ledc0=4084 ledc3=3071
state=2 freq=169.7 target=100.0 ledc0=4091 ledc3=3071
state=2 freq=170.0 target=100.0 ledc0=4091 ledc3=3071
state=2 freq=170.0 target=100.0 ledc0=4091 ledc3=3071
state=2 freq=170.0 target=90.0 ledc0=4091 ledc3=3071
state=2 freq=170.0 target=90.0 ledc0=4091 ledc3=3071
state=2 freq=170.0 target=90.0 ledc0=4091 ledc3=3071
state=2 freq=170.0 target=80.0 ledc0=4091 ledc3=3071
state=2 freq=170.0 target=80.0 ledc0=4091 ledc3=3071
state=2 freq=170.0 target=80.0 ledc0=4091 ledc3=3071
state=2 freq=170.0 target=70.0 ledc0=4091 ledc3=3071
state=2 freq=170.0 target=70.0 ledc0=4091 ledc3=3071
state=2 freq=170.0 target=70.0 ledc0=4091 ledc3=3071
state=2 freq=170.0 target=60.0 ledc0=4091 ledc3=3071
state=2 freq=170.0 target=60.0 ledc0=4091 ledc3=3071
state=2 freq=170.0 target=60.0 ledc0=4091 ledc3=3071
state=2 freq=170.0 target=50.0 ledc0=4091 ledc3=3071
state=2 freq=170.0 target=50.0 ledc0=4091 ledc3=3071
state=2 freq=170.0 target=50.0 ledc0=4091 ledc3=3071
state=2 freq=170.0 target=40.0 ledc0=4091 ledc3=3071
state=2 freq=170.0 target=40.0 ledc0=4091 ledc3=3071
state=2 freq=170.0 target=40.0 ledc0=4091 ledc3=3071
state=2 freq=170.0 target=30.0 ledc0=4091 ledc3=3071
state=2 freq=170.0 target=30.0 ledc0=4091 ledc3=3071
state=2 freq=170.0 target=30.0 ledc0=4091 ledc3=3071
state=2 freq=170.0 target=20.0 ledc0=4091 ledc3=3071
state=2 freq=170.0 target=20.0 ledc0=4091 ledc3=3071
state=2 freq=170.0 target=20.0 ledc0=4091 ledc3=3071
state=2 freq=170.0 target=10.0 ledc0=4091 ledc3=3071
state=2 freq=170.0 target=10.0 ledc0=4091 ledc3=3071
state=2 freq=170.0 target=10.0 ledc0=4091 ledc3=3071
state=2 freq=170.0 target=0.0 ledc0=4091 ledc3=3071
state=2 freq=170.0 target=0.0 ledc0=4091 ledc3=3071
state=2 freq=170.0 target=0.0 ledc0=4091 ledc3=3071
state=4 freq=170.0 target=0.0 ledc0=4091 ledc3=3071
state=4 freq=170.0 target=0.0 ledc0=4091 ledc3=3071
state=4 freq=170.0 target=0.0 ledc0=4091 ledc3=3071
state=4 freq=170.0 target=0.0 ledc0=4091 ledc3=3071
stop: ramping down (fast)
state=5 freq=170.0 target=0.0 ledc0=3439 ledc3=2416
coils off
state=6 freq=170.0 target=0.0 ledc0=0 ledc3=0
state=6 freq=170.0 target=0.0 ledc0=0 ledc3=0
state=6 freq=170.0 target=0.0 ledc0=0 ledc3=0
state=6 freq=170.0 target=0.0 ledc0=0 ledc3=0
state=6 freq=170.0 target=0.0 ledc0=0 ledc3=0
state=6 freq=170.0 target=0.0 ledc0=0 ledc3=0
state=6 freq=170.0 target=0.0 ledc0=0 ledc3=0
state=6 freq=170.0 target=0.0 ledc0=0 ledc3=0
state=6 freq=170.0 target=0.0 ledc0=0 ledc3=0
state=6 freq=170.0 target=0.0 ledc0=0 ledc3=0
state=6 freq=170.0 target=0.0 ledc0=0 ledc3=0
state=6 freq=170.0 target=0.0 ledc0=0 ledc3=0
state=6 freq=170.0 target=0.0 ledc0=0 ledc3=0
state=6 freq=170.0 target=0.0 ledc0=0 ledc3=0
state=6 freq=170.0 target=0.0 ledc0=0 ledc3=0
state=6 freq=170.0 target=0.0 ledc0=0 ledc3=0
state=6 freq=170.0 target=0.0 ledc0=0 ledc3=0
state=6 freq=170.0 target=0.0 ledc0=0 ledc3=0
state=6 freq=170.0 target=0.0 ledc0=0 ledc3=0
state=6 freq=170.0 target=0.0 ledc0=0 ledc3=0
state=6 freq=170.0 target=0.0 ledc0=0 ledc3=0
state=6 freq=170.0 target=0.0 ledc0=0 ledc3=0
state=6 freq=170.0 target=0.0 ledc0=0 ledc3=0
state=6 freq=170.0 target=0.0 ledc0=0 ledc3=0
state=6 freq=170.0 target=0.0 ledc0=0 ledc3=0
state=6 freq=170.0 target=0.0 ledc0=0 ledc3=0
state=6 freq=170.0 target=0.0 ledc0=0 ledc3=0
state=6 freq=170.0 target=0.0 ledc0=0 ledc3=0
state=6 freq=170.0 target=0.0 ledc0=0 ledc3=0
state=6 freq=170.0 target=0.0 ledc0=0 ledc3=0
state=6 freq=170.0 target=0.0 ledc0=0 ledc3=0
state=6 freq=170.0 target=0.0 ledc0=0 ledc3=0
state=6 freq=170.0 target=0.0 ledc0=0 ledc3=0
state=6 freq=170.0 target=0.0 ledc0=0 ledc3=0
state=6 freq=170.0 target=0.0 ledc0=0 ledc3=0
state=6 freq=170.0 target=0.0 ledc0=0 ledc3=0
ets Jul 29 2019 12:21:46

rst:0x1 (POWERON_RESET),boot:0x3 (DOWNLOAD_BOOT(UART0/UART1/SDIO_REI_REO_V2))
waiting for download
