edc0=0 ledc3=0
edc0=0 ledc3=0
edc0=0 ledc3=0
edc0=0 ledc3=0
edc0=0 ledc3=0
edc0=0 ledc3=0
edc0=0 ledc3=0
edc0=0 ledc3=0
edc0=0 ledc3=0
edc0=0 ledc3=0
edc0=0 ledc3=0
edc0=0 ledc3=0
edc0=0 ledc3=0
edc0=0 ledc3=0
edc0=0 ledc3=0
edc0=0 ledc3=0
edc0=0 ledc3=0
edc0=0 ledc3=0
edc0=0 ledc3=0
edc0=0 ledc3=0
edc0=0 ledc3=0
edc0=0 ledc3=0
edc0=0 ledc3=0
edc0=0 ledc3=0
edc0=0 ledc3=0
edc0=0 ledc3=0
edc0=0 ledc3=0
edc0=0 ledc3=0
edc0=0 ledc3=0
edc0=0 ledc3=0
edc0=0 ledc3=0
edc0=0 ledc3=0
edc0=0 ledc3=0
edc0=0 ledc3=0
edc0=0 ledc3=0
edc0=0 ledc3=0
edc0=0 ledc3=0
edc0=0 ledc3=0
edc0=0 ledc3=0
edc0=0 ledc3=0
edc0=0 ledc3=0
edc0=0 ledc3=0
edc0=0 ledc3=0
edc0=0 ledc3=0
edc0=0 ledc3=0
edc0=0 ledc3=0
edc0=0 ledc3=0
edc0=0 ledc3=0
edc0=0 ledc3=0
edc0=0 ledc3=0
edc0=0 ledc3=0
edc0=0 ledc3=0
edc0=0 ledc3=0
edc0=0 ledc3=0
edc0=0 ledc3=0
edc0=0 ledc3=0
edc0=0 ledc3=0
edc0=0 ledc3=0
edc0=0 ledc3=0
edc0=0 ledc3=0
edc0=0 ledc3=0
edc0=0 ledc3=0
edc0=0 ledc3=0
edc0=0 ledc3=0
edc0=0 ledc3=0
edc0=0 ledc3=0
edc0=0 ledc3=0
edc0=0 ledc3=0
edc0=0 ledc3=0
edc0=0 ledc3=0
edc0=0 ledc3=0
edc0=0 ledc3=0
edc0=0 ledc3=0
edc0=0 ledc3=0
edc0=0 ledc3=0
edc0=0 ledc3=0
edc0=0 ledc3=0
edc0=0 ledc3=0
edc0=0 ledc3=0
edc0=0 ledc3=0
edc0=0 ledc3=0
edc0=0 ledc3=0
edc0=0 ledc3=0
edc0=0 ledc3=0
edc0=0 ledc3=0
edc0=0 ledc3=0
edc0=0 ledc3=0
edc0=0 ledc3=0
edc0=0 ledc3=0
edc0=0 ledc3=0
edc0=0 ledc3=0
edc0=0 ledc3=0
edc0=0 ledc3=0
edc0=0 ledc3=0
edc0=0 ledc3=0
edc0=0 ledc3=0
edc0=0 ledc3=0
edc0=0 ledc3=0
edc0=0 ledc3=0
edc0=0 ledc3=0
edc0=0 ledc3=0
edc0=0 ledc3=0
edc0=0 ledc3=0
edc0=0 ledc3=0
edc0=0 ledc3=0
edc0=0 ledc3=0
edc0=0 ledc3=0
edc0=0 ledc3=0
edc0=0 ledc3=0
edc0=0 ledc3=0
edc0=0 ledc3=0
edc0=0 ledc3=0
edc0=0 ledc3=0
edc0=0 ledc3=0
edc0=0 ledc3=0
edc0=0 ledc3=0
edc0=0 ledc3=0
edc0=0 ledc3=0
edc0=0 ledc3=0
edc0=0 ledc3=0
edc0=0 ledc3=0
edc0=0 ledc3=0
edc0=0 ledc3=0
edc0=0 ledc3=0
edc0=0 ledc3=0
edc0=0 ledc3=0
edc0=0 ledc3=0
edc0=0 ledc3=0
edc0=0 ledc3=0
edc0=0 ledc3=0
edc0=0 ledc3=0
edc0=0 ledc3=0
edc0=0 ledc3=0
edc0=0 ledc3=0
edc0=0 ledc3=0
edc0=0 ledc3=0
edc0=0 ledc3=0
edc0=0 ledc3=0
edc0=0 ledc3=0
edc0=0 ledc3=0
edc0=0 ledc3=0
edc0=0 ledc3=0
edc0=0 ledc3=0
edc0=0 ledc3=0
edc0=0 ledc3=0
edc0=0 ledc3=0
edc0=0 ledc3=0
edc0=0 ledc3=0
edc0=0 ledc3=0
edc0=0 ledc3=0
edc0=0 ledc3=0
edc0=0 ledc3=0
edc0=0 ledc3=0
edc0=0 ledc3=0
edc0=0 ledc3=0
edc0=0 ledc3=0
edc0=0 ledc3=0
edc0=0 ledc3=0
ets Jul 29 2019 12:21:46

rst:ets Jul 29 2019 12:21:46

rst:ets Jul 29 2019 12:21:46

rst:ets Jul 29 2019 12:21:46

rst:ets Jul 29 2019 12:21:46

rst:ets Jul 29 2019 12:21:46

rst:ets Jul 29 2019 12:21:46

rst:ets Jul 29 2019 12:21:46

rst:ets Jul 29 2019 12:21:46

rst:ets Jul 29 2019 12:21:46

rst:ets Jul 29 2019 12:21:46

rst:ets Jul 29 2019 12:21:46

rst:ets Jul 29 2019 12:21:46

rst:ets Jul 29 2019 12:21:46

rst:ets Jul 29 2019 12:21:46

rst:ets Jul 29 2019 12:21:46

rst:ets Jul 29 2019 12:21:46

rst:ets Jul 29 2019 12:21:46

rst:ets Jul 29 2019 12:21:46

rst:ets Jul 29 2019 12:21:46

rst:ets Jul 29 2019 12:21:46

rst:ets Jul 29 2019 12:21:46

rst:ets Jul 29 2019 12:21:46

rst:ets Jul 29 2019 12:21:46

rst:ets Jul 29 2019 12:21:46

rst:ets Jul 29 2019 12:21:46

rst:ets Jul 29 2019 12:21:46

rst:ets Jul 29 2019 12:21:46

rst:ets Jul 29 2019 12:21:46

rst:ets Jul 29 2019 12:21:46

rst:ets Jul 29 2019 12:21:46

rst:ets Jul 29 2019 12:21:46

rst:ets Jul 29 2019 12:21:46

rst:ets Jul 29 2019 12:21:46

rst:ets Jul 29 2019 12:21:46

rst:ets Jul 29 2019 12:21:46

rst:ets Jul 29 2019 12:21:46

rst:ets Jul 29 2019 12:21:46

rst:ets Jul 29 2019 12:21:46

rst:ets Jul 29 2019 12:21:46

rst:ets Jul 29 2019 12:21:46

rst:ets Jul 29 2019 12:21:46

rst:ets Jul 29 2019 12:21:46

rst:ets Jul 29 2019 12:21:46

rst:ets Jul 29 2019 12:21:46

rst:ets Jul 29 2019 12:21:46

rst:ets Jul 29 2019 12:21:46

rst:ets Jul 29 2019 12:21:46

rst:ets Jul 29 2019 12:21:46

rst:ets Jul 29 2019 12:21:46

rst:ets Jul 29 2019 12:21:46

rst:ets Jul 29 2019 12:21:46

rst:ets Jul 29 2019 12:21:46

rst:ets Jul 29 2019 12:21:46

rst:ets Jul 29 2019 12:21:46

rst:ets Jul 29 2019 12:21:46

rst:ets Jul 29 2019 12:21:46

rst:ets Jul 29 2019 12:21:46

rst:ets Jul 29 2019 12:21:46

rst:ets Jul 29 2019 12:21:46

rst:ets Jul 29 2019 12:21:46

rst:ets Jul 29 2019 12:21:46

rst:ets Jul 29 2019 12:21:46

rst:ets Jul 29 2019 12:21:46

rst:ets Jul 29 2019 12:21:46

rst:ets Jul 29 2019 12:21:46

rst:ets Jul 29 2019 12:21:46

rst:ets Jul 29 2019 12:21:46

rst:ets Jul 29 2019 12:21:46

rst:ets Jul 29 2019 12:21:46

rst:ets Jul 29 2019 12:21:46

rst:ets Jul 29 2019 12:21:46

rst:ets Jul 29 2019 12:21:46

rst:ets Jul 29 2019 12:21:46

rst:ets Jul 29 2019 12:21:46

rst:ets Jul 29 2019 12:21:46

rst:ets Jul 29 2019 12:21:46

rst:ets Jul 29 2019 12:21:46

rst:ets Jul 29 2019 12:21:46

rst:ets Jul 29 2019 12:21:46

rst:ets Jul 29 2019 12:21:46

rstS0x1 (POWERON_RESET),boot:0x13 (S0x1 (POWERON_RESET),boot:0x13 (S0x1 (POWERON_RESET),boot:0x13 (S0x1 (POWERON_RESET),boot:0x13 (S0x1 (POWERON_RESET),boot:0x13 (S0x1 (POWERON_RESET),boot:0x13 (S0x1 (POWERON_RESET),boot:0x13 (S, clock div:2
load:0x3fff0030,l, clock div:2
load:0x3fff0030,l, clock div:2
load:0x3fff0030,l, clock div:2
load:0x3fff0030,l, clock div:2
load:0x3fff0030,l, clock div:2
load:0x3fff0030,l, clock div:2
load:0x3fff0030,l, clock div:2
load:0x3fff0030,l, clock div:2
load:0x3fff0030,l, clock div:2
load:0x3fff0030,l, clock div:2
load:0x3fff0030,l, clock div:2
load:0x3fff0030,l, clock div:2
load:0x3fff0030,l,n:1184
load:0x40078000,len:132en:1184
load:0x40078000,len:132en:1184
load:0x40078000,len:132en:1184
load:0x40078000,len:132en:1184
load:0x40078000,len:132en:1184
load:0x40078000,len:132en:1184
load:0x40078000,len:132en:1184
load:0x40078000,len:132en:1184
load:0x40078000,len:132en:1184
load:0x40078000,len:132en:1184
load:0x40078000,len:132en:1184
load:0x40078000,len:132en:1184
load:0x40078000,len:132en:1184
load:0x40078000,len:132en:1184
load:0x40078000,len:132en:1184
load:0x40078000,len:132en:1184
load:0x40078000,len:132en:1184
load:0x40078000,len:132en:1184
load:0x40078000,len:132en:1184
load:0x40078000,len:132en:1184
load:0x40078000,len:132en:1184
load:0x40078000,len:132en:1184
load:0x40078000,len:132en:1184
load:0x40078000,len:132en:1184
load:0x40078000,len:132en:1184
load:0x40078000,len:132en:1184
load:0x40078000,len:132en:1184
load:0x40078000,len:132en:1184
load:0x40078000,len:132en:1184
load:0x40078000,len:132en:1184
load:0x40078000,len:132en:1184
load:0x40078000,len:132en:1184
load:0x40078000,len:132en:1184
load:0x40078000,len:132en:1184
load:0x40078000,len:132en:1184
load:0x40078000,len:132en:1184
load:0x40078000,len:132en:1184
load:0x40078000,len:132en:1184
load:0x40078000,len:132en:1184
load:0x40078000,len:132en:1184
load:0x40078000,len:132en:1184
load:0x40078000,len:132en:1184
load:0x40078000,len:132en:1184
load:0x40078000,len:132en:1184
load:0x40078000,len:132en:1184
load:0x40078000,len:132en:1184
load:0x40078000,len:132en:1184
load:0x40078000,len:132en:1184
load:0x40078000,len:132en:1184
load:0x40078000,len:132en:1184
load:0x40078000,len:132en:1184
load:0x40078000,len:132en:1184
load:0x40078000,len:132en:1184
load:0x40078000,len:132en:1184
load:0x40078000,len:132en:1184
load:0x40078000,len:132en:1184
load:0x40078000,len:132en:1184
load:0x40078000,len:132en:1184
load:0x40078000,len:132en:1184
load:0x40078000,len:132en:1184
load:0x40078000,len:132en:1184
load:0x40078000,len:132en:1184
load:0x40078000,len:132en:1184
load:0x40078000,len:132en:1184
load:0x40078000,len:132en:1184
load:0x40078000,len:132en:1184
load:0x40078000,len:132en:1184
load:0x40078000,len:132en:1184
load:0x40078000,len:132en:1184
load:0x40078000,len:132en:1184
load:0x40078000,len:132en:1184
load:0x40078000,len:132en:1184
load:0x40078000,len:132en:1184
load:0x40078000,len:132en:1184
load:0x40078000,len:132en:1184
load:0x40078000,len:132en:1184
load:0x40078000,len:132en:1184
load:0x40078000,len:132en:1184
load:0x40078000,len:132en:1184
load:0x40078000,len:132en:1184
load:0x400,len:3028
en32
load:0x40080400,len:3028
en32
load:0x40080400,len:3028
en32
load:0x40080400,len:3028
en32
load:0x40080400,len:3028
en32
load:0x40080400,len:3028
en32
load:0x40080400,len:3028
en32
load:0x40080400,len:3028
en32
load:0x40080400,len:3028
en32
load:0x40080400,len:3028
en32
load:0x40080400,len:3028
en32
load:0x40080400,len:3028
en32
load:0x40080400,len:3028
en32
load:0x40080400,len:3028
en32
load:0x40080400,len:3028
en32
load:0x40080400,len:3028
en32
load:0x40080400,len:3028
en32
load:0x40080400,len:3028
en32
load:0x40080400,len:3028
en32
load:0x40080400,len:3028
en32
load:0x40080400,len:3028
en32
load:0x40080400,len:3028
en32
load:0x40080400,len:3028
en32
load:0x40080400,len:3028
en32
load:0x40080400,len:3028
en32
load:0x40080400,len:3028
en32
load:0x40080400,len:3028
en32
load:0x40080400,len:3028
en32
load:0x40080400,len:3028
en32
load:0x40080400,len:3028
en32
load:0x40080400,len:3028
en32
load:0x40080400,len:3028
en32
load:0x40080400,len:3028
en32
load:0x40080400,len:3028
en32
load:0x40080400,len:3028
en32
load:0x40080400,len:3028
en32
load:0x40080400,len:3028
en32
load:0x40080400,len:3028
en32
load:0x40080400,len:3028
en32
load:0x40080400,len:3028
en32
load:0x40080400,len:3028
en32
load:0x40080400,len:3028
en32
load:0x40080400,len:3028
en32
load:0x40080400,len:3028
en32
load:0x40080400,len:3028
en32
load:0x40080400,len:3028
en32
load:0x40080400,len:3028
en32
load:0x40080400,len:3028
en32
load:0x40080400,len:3028
en32
load:0x40080400,len:3028
entry 0x400805e4
running main tilt
armed: b=begin  s=stop(e-stop)  e=end(ramp down)
state=0 freq=0.0 target=100.0 ledc0=0 ledc3=0
begin: started
state=1 freq=1.2 target=100.0 ledc0=3069 ledc3=3063
state=1 freq=2.7 target=100.0 ledc0=3076 ledc3=3063
state=1 freq=5.4 target=100.0 ledc0=3089 ledc3=3063
state=1 freq=9.3 target=100.0 ledc0=3108 ledc3=3063
state=1 freq=14.2 target=100.0 ledc0=3133 ledc3=3063
stop: ramping down (fast)
state=5 freq=19.3 target=100.0 ledc0=1191 ledc3=1098
coils off
state=6 freq=19.3 target=100.0 ledc0=0 ledc3=0
begin: started
state=1 freq=1.0 target=100.0 ledc0=3067 ledc3=3063
state=1 freq=1.8 target=100.0 ledc0=3071 ledc3=3063
state=1 freq=3.9 target=100.0 ledc0=3081 ledc3=3063
state=1 freq=7.1 target=100.0 ledc0=3097 ledc3=3063
state=1 freq=11.5 target=100.0 ledc0=3118 ledc3=3063
state=1 freq=16.9 target=100.0 ledc0=3144 ledc3=3063
stop: ramping down (fast)
coils off
state=6 freq=17.1 target=100.0 ledc0=0 ledc3=0
state=6 freq=17.1 target=100.0 ledc0=0 ledc3=0
state=6 freq=17.1 target=100.0 ledc0=0 ledc3=0
state=6 freq=17.1 target=100.0 ledc0=0 ledc3=0
state=6 freq=17.1 target=100.0 ledc0=0 ledc3=0
begin: started
state=1 freq=1.3 target=100.0 ledc0=3069 ledc3=3063
state=1 freq=2.8 target=100.0 ledc0=3076 ledc3=3063
state=1 freq=5.6 target=100.0 ledc0=3090 ledc3=3063
state=1 freq=9.5 target=100.0 ledc0=3109 ledc3=3063
state=1 freq=14.5 target=100.0 ledc0=3133 ledc3=3063
state=1 freq=20.4 target=100.0 ledc0=3162 ledc3=3063
state=1 freq=27.3 target=100.0 ledc0=3196 ledc3=3064
state=1 freq=34.8 target=100.0 ledc0=3233 ledc3=3064
field trim: a=1.00 b=0.98 c=1.00 d=1.00
field trim: a=1.00 b=0.98 c=0.98 d=1.00
state=1 freq=43.1 target=100.0 ledc0=3273 ledc3=3064
field trim: a=1.00 b=0.96 c=0.98 d=1.00
field trim: a=1.00 b=0.96 c=0.96 d=1.00
state=1 freq=52.0 target=100.0 ledc0=3317 ledc3=3065
field trim: a=1.00 b=0.94 c=0.96 d=1.00
field trim: a=1.00 b=0.94 c=0.94 d=1.00
field trim: a=1.00 b=0.92 c=0.94 d=1.00
field trim: a=1.00 b=0.92 c=0.92 d=1.00
state=1 freq=61.3 target=100.0 ledc0=3363 ledc3=3065
field trim: a=1.00 b=0.94 c=0.92 d=1.00
field trim: a=1.00 b=0.94 c=0.94 d=1.00
field trim: a=1.00 b=0.96 c=0.94 d=1.00
field trim: a=1.00 b=0.96 c=0.96 d=1.00
state=1 freq=71.1 target=100.0 ledc0=3411 ledc3=3065
field trim: a=1.00 b=0.98 c=0.96 d=1.00
field trim: a=1.00 b=0.98 c=0.98 d=1.00
field trim: a=1.00 b=1.00 c=0.98 d=1.00
field trim: a=1.00 b=1.00 c=1.00 d=1.00
field trim: a=1.00 b=1.02 c=1.00 d=1.00
field trim: a=1.00 b=1.02 c=1.02 d=1.00
state=1 freq=81.1 target=100.0 ledc0=3460 ledc3=3066
field trim: a=1.00 b=1.04 c=1.02 d=1.00
field trim: a=1.00 b=1.04 c=1.04 d=1.00
state=1 freq=91.4 target=100.0 ledc0=3511 ledc3=3066
field trim: a=1.00 b=1.06 c=1.04 d=1.00
field trim: a=1.00 b=1.06 c=1.06 d=1.00
field trim: a=1.00 b=1.08 c=1.06 d=1.00
field trim: a=1.00 b=1.08 c=1.08 d=1.00
state=1 freq=101.8 target=100.0 ledc0=3562 ledc3=3067
field trim: a=1.00 b=1.10 c=1.08 d=1.00
field trim: a=1.00 b=1.10 c=1.10 d=1.00
field trim: a=1.00 b=1.12 c=1.10 d=1.00
field trim: a=1.00 b=1.12 c=1.12 d=1.00
field trim: a=1.00 b=1.14 c=1.12 d=1.00
field trim: a=1.00 b=1.14 c=1.14 d=1.00
state=1 freq=112.3 target=100.0 ledc0=3613 ledc3=3067
field trim: a=1.00 b=1.16 c=1.14 d=1.00
field trim: a=1.00 b=1.16 c=1.16 d=1.00
field trim: a=1.00 b=1.18 c=1.16 d=1.00
field trim: a=1.00 b=1.18 c=1.18 d=1.00
field trim: a=1.00 b=1.20 c=1.18 d=1.00
field trim: a=1.00 b=1.20 c=1.20 d=1.00
state=1 freq=122.7 target=100.0 ledc0=3664 ledc3=3067
field trim: a=1.00 b=1.22 c=1.20 d=1.00
field trim: a=1.00 b=1.22 c=1.22 d=1.00
field trim: a=1.00 b=1.24 c=1.22 d=1.00
field trim: a=1.00 b=1.24 c=1.24 d=1.00
state=1 freq=132.9 target=100.0 ledc0=3714 ledc3=3068
field trim: a=1.00 b=1.26 c=1.24 d=1.00
field trim: a=1.00 b=1.26 c=1.26 d=1.00
field trim: a=1.00 b=1.28 c=1.26 d=1.00
field trim: a=1.00 b=1.28 c=1.28 d=1.00
field trim: a=1.00 b=1.30 c=1.28 d=1.00
field trim: a=1.00 b=1.30 c=1.30 d=1.00
field trim: a=1.00 b=1.32 c=1.30 d=1.00
field trim: a=1.00 b=1.32 c=1.32 d=1.00
state=1 freq=142.9 target=100.0 ledc0=3764 ledc3=3068
field trim: a=1.00 b=1.34 c=1.32 d=1.00
field trim: a=1.00 b=1.34 c=1.34 d=1.00
field trim: a=1.00 b=1.32 c=1.34 d=1.00
field trim: a=1.00 b=1.32 c=1.32 d=1.00
field trim: a=1.00 b=1.30 c=1.32 d=1.00
field trim: a=1.00 b=1.30 c=1.30 d=1.00
field trim: a=1.00 b=1.28 c=1.30 d=1.00
field trim: a=1.00 b=1.28 c=1.28 d=1.00
field trim: a=1.00 b=1.26 c=1.28 d=1.00
field trim: a=1.00 b=1.26 c=1.26 d=1.00
state=1 freq=152.6 target=100.0 ledc0=3811 ledc3=3068
field trim: a=1.00 b=1.24 c=1.26 d=1.00
field trim: a=1.00 b=1.24 c=1.24 d=1.00
field trim: a=1.00 b=1.22 c=1.24 d=1.00
field trim: a=1.00 b=1.22 c=1.22 d=1.00
field trim: a=1.00 b=1.20 c=1.22 d=1.00
field trim: a=1.00 b=1.20 c=1.20 d=1.00
field trim: a=1.00 b=1.18 c=1.20 d=1.00
field trim: a=1.00 b=1.18 c=1.18 d=1.00
field trim: a=1.00 b=1.16 c=1.18 d=1.00
field trim: a=1.00 b=1.16 c=1.16 d=1.00
field trim: a=1.00 b=1.14 c=1.16 d=1.00
field trim: a=1.00 b=1.14 c=1.14 d=1.00
state=1 freq=161.8 target=100.0 ledc0=3856 ledc3=3069
field trim: a=1.00 b=1.12 c=1.14 d=1.00
field trim: a=1.00 b=1.12 c=1.12 d=1.00
field trim: a=1.00 b=1.10 c=1.12 d=1.00
field trim: a=1.00 b=1.10 c=1.10 d=1.00
field trim: a=1.00 b=1.08 c=1.10 d=1.00
field trim: a=1.00 b=1.08 c=1.08 d=1.00
field trim: a=1.00 b=1.06 c=1.08 d=1.00
field trim: a=1.00 b=1.06 c=1.06 d=1.00
state=1 freq=170.4 target=100.0 ledc0=3899 ledc3=3069
field trim: a=1.00 b=1.08 c=1.06 d=1.00
field trim: a=1.00 b=1.08 c=1.08 d=1.00
field trim: a=1.00 b=1.10 c=1.08 d=1.00
field trim: a=1.00 b=1.10 c=1.10 d=1.00
state=1 freq=178.5 target=100.0 ledc0=3939 ledc3=3070
field trim: a=1.00 b=1.12 c=1.10 d=1.00
field trim: a=1.00 b=1.12 c=1.12 d=1.00
field trim: a=1.00 b=1.14 c=1.12 d=1.00
field trim: a=1.00 b=1.14 c=1.14 d=1.00
field trim: a=1.00 b=1.16 c=1.14 d=1.00
field trim: a=1.00 b=1.16 c=1.16 d=1.00
field trim: a=1.00 b=1.18 c=1.16 d=1.00
field trim: a=1.00 b=1.18 c=1.18 d=1.00
field trim: a=1.00 b=1.20 c=1.18 d=1.00
field trim: a=1.00 b=1.20 c=1.20 d=1.00
field trim: a=1.00 b=1.22 c=1.20 d=1.00
field trim: a=1.00 b=1.22 c=1.22 d=1.00
state=1 freq=185.9 target=100.0 ledc0=3975 ledc3=3070
field trim: a=1.00 b=1.24 c=1.22 d=1.00
field trim: a=1.00 b=1.24 c=1.24 d=1.00
field trim: a=1.00 b=1.26 c=1.24 d=1.00
field trim: a=1.00 b=1.26 c=1.26 d=1.00
field trim: a=1.00 b=1.28 c=1.26 d=1.00
field trim: a=1.00 b=1.28 c=1.28 d=1.00
field trim: a=1.00 b=1.30 c=1.28 d=1.00
field trim: a=1.00 b=1.30 c=1.30 d=1.00
field trim: a=1.00 b=1.32 c=1.30 d=1.00
field trim: a=1.00 b=1.32 c=1.32 d=1.00
state=1 freq=192.5 target=100.0 ledc0=4008 ledc3=3070
field trim: a=1.00 b=1.34 c=1.32 d=1.00
field trim: a=1.00 b=1.34 c=1.34 d=1.00
field trim: a=1.00 b=1.36 c=1.34 d=1.00
field trim: a=1.00 b=1.36 c=1.36 d=1.00
field trim: a=1.00 b=1.38 c=1.36 d=1.00
field trim: a=1.00 b=1.38 c=1.38 d=1.00
field trim: a=1.00 b=1.40 c=1.38 d=1.00
field trim: a=1.00 b=1.40 c=1.40 d=1.00
field trim: a=1.00 b=1.42 c=1.40 d=1.00
field trim: a=1.00 b=1.42 c=1.42 d=1.00
field trim: a=1.00 b=1.44 c=1.42 d=1.00
field trim: a=1.00 b=1.44 c=1.44 d=1.00
state=1 freq=198.1 target=100.0 ledc0=4035 ledc3=3070
field trim: a=1.00 b=1.46 c=1.44 d=1.00
field trim: a=1.00 b=1.46 c=1.46 d=1.00
field trim: a=1.00 b=1.48 c=1.46 d=1.00
field trim: a=1.00 b=1.48 c=1.48 d=1.00
field trim: a=1.00 b=1.50 c=1.48 d=1.00
field trim: a=1.00 b=1.50 c=1.50 d=1.00
field trim: a=1.00 b=1.50 c=1.50 d=1.00
field trim: a=1.00 b=1.50 c=1.50 d=1.00
field trim: a=1.00 b=1.50 c=1.50 d=1.00
field trim: a=1.00 b=1.50 c=1.50 d=1.00
field trim: a=1.00 b=1.50 c=1.50 d=1.00
field trim: a=1.00 b=1.50 c=1.50 d=1.00
state=1 freq=202.8 target=100.0 ledc0=4059 ledc3=3070
field trim: a=1.00 b=1.50 c=1.50 d=1.00
field trim: a=1.00 b=1.50 c=1.50 d=1.00
field trim: a=1.00 b=1.50 c=1.50 d=1.00
field trim: a=1.00 b=1.50 c=1.50 d=1.00
field trim: a=1.00 b=1.50 c=1.50 d=1.00
field trim: a=1.00 b=1.50 c=1.50 d=1.00
state=1 freq=206.4 target=100.0 ledc0=4076 ledc3=3071
stop: ramping down (fast)
coils off
