edc0=0 ledc3=0
edc0=0 ledc3=0
edc0=0 ledc3=0
edc0=0 ledc3=0
edc0=0 ledc3=0
edc0=0 ledc3=0
edc0=0 ledc3=0
edc0=0 ledc3=0
edc0=0 ledc3=0
edc0=0 ledc3=0
edc0=0 ledc3=0
edc0=0 ledc3=0
edc0=0 ledc3=0
edc0=0 ledc3=0
edc0=0 ledc3=0
edc0=0 ledc3=0
edc0=0 ledc3=0
edc0=0 ledc3=0
edc0=0 ledc3=0
edc0=0 ledc3=0
edc0=0 ledc3=0
edc0=0 ledc3=0
edc0=0 ledc3=0
edc0=0 ledc3=0
edc0=0 ledc3=0
edc0=0 ledc3=0
edc0=0 ledc3=0
edc0=0 ledc3=0
edc0=0 ledc3=0
edc0=0 ledc3=0
edc0=0 ledc3=0
edc0=0 ledc3=0
edc0=0 ledc3=0
edc0=0 ledc3=0
edc0=0 ledc3=0
edc0=0 ledc3=0
edc0=0 ledc3=0
edc0=0 ledc3=0
edc0=0 ledc3=0
edc0=0 ledc3=0
edc0=0 ledc3=0
edc0=0 ledc3=0
edc0=0 ledc3=0
edc0=0 ledc3=0
edc0=0 ledc3=0
edc0=0 ledc3=0
edc0=0 ledc3=0
edc0=0 ledc3=0
edc0=0 ledc3=0
edc0=0 ledc3=0
edc0=0 ledc3=0
edc0=0 ledc3=0
edc0=0 ledc3=0
edc0=0 ledc3=0
edc0=0 ledc3=0
edc0=0 ledc3=0
edc0=0 ledc3=0
edc0=0 ledc3=0
edc0=0 ledc3=0
edc0=0 ledc3=0
edc0=0 ledc3=0
edc0=0 ledc3=0
edc0=0 ledc3=0
edc0=0 ledc3=0
edc0=0 ledc3=0
edc0=0 ledc3=0
edc0=0 ledc3=0
edc0=0 ledc3=0
edc0=0 ledc3=0
edc0=0 ledc3=0
edc0=0 ledc3=0
edc0=0 ledc3=0
edc0=0 ledc3=0
edc0=0 ledc3=0
edc0=0 ledc3=0
edc0=0 ledc3=0
edc0=0 ledc3=0
edc0=0 ledc3=0
edc0=0 ledc3=0
edc0=0 ledc3=0
edc0=0 ledc3=0
edc0=0 ledc3=0
edc0=0 ledc3=0
edc0=0 ledc3=0
edc0=0 ledc3=0
edc0=0 ledc3=0
edc0=0 ledc3=0
edc0=0 ledc3=0
edc0=0 ledc3=0
edc0=0 ledc3=0
edc0=0 ledc3=0
edc0=0 ledc3=0
edc0=0 ledc3=0
edc0=0 ledc3=0
edc0=0 ledc3=0
edc0=0 ledc3=0
edc0=0 ledc3=0
edc0=0 ledc3=0
edc0=0 ledc3=0
edc0=0 ledc3=0
edc0=0 ledc3=0
edc0=0 ledc3=0
edc0=0 ledc3=0
edc0=0 ledc3=0
edc0=0 ledc3=0
edc0=0 ledc3=0
edc0=0 ledc3=0
edc0=0 ledc3=0
edc0=0 ledc3=0
edc0=0 ledc3=0
edc0=0 ledc3=0
edc0=0 ledc3=0
edc0=0 ledc3=0
edc0=0 ledc3=0
edc0=0 ledc3=0
edc0=0 ledc3=0
edc0=0 ledc3=0
edc0=0 ledc3=0
edc0=0 ledc3=0
edc0=0 ledc3=0
edc0=0 ledc3=0
edc0=0 ledc3=0
edc0=0 ledc3=0
edc0=0 ledc3=0
edc0=0 ledc3=0
edc0=0 ledc3=0
edc0=0 ledc3=0
edc0=0 ledc3=0
edc0=0 ledc3=0
edc0=0 ledc3=0
edc0=0 ledc3=0
edc0=0 ledc3=0
edc0=0 ledc3=0
edc0=0 ledc3=0
edc0=0 ledc3=0
edc0=0 ledc3=0
edc0=0 ledc3=0
edc0=0 ledc3=0
edc0=0 ledc3=0
edc0=0 ledc3=0
edc0=0 ledc3=0
edc0=0 ledc3=0
edc0=0 ledc3=0
edc0=0 ledc3=0
edc0=0 ledc3=0
edc0=0 ledc3=0
edc0=0 ledc3=0
edc0=0 ledc3=0
edc0=0 ledc3=0
edc0=0 ledc3=0
edc0=0 ledc3=0
edc0=0 ledc3=0
edc0=0 ledc3=0
edc0=0 ledc3=0
edc0=0 ledc3=0
edc0Jul 29 2019 12:21:46

rst:ets Jul 29 2019 12:21:46

rst:ets Jul 29 2019 12:21:46

rst:ets Jul 29 2019 12:21:46

rst:ets Jul 29 2019 12:21:46

rst:ets Jul 29 2019 12:21:46

rst:ets Jul 29 2019 12:21:46

rst:ets Jul 29 2019 12:21:46

rst:ets Jul 29 2019 12:21:46

rst:ets Jul 29 2019 12:21:46

rst:ets Jul 29 2019 12:21:46

rst:ets Jul 29 2019 12:21:46

rst:ets Jul 29 2019 12:21:46

rst:ets Jul 29 2019 12:21:46

rst:ets Jul 29 2019 12:21:46

rst:ets Jul 29 2019 12:21:46

rst:ets Jul 29 2019 12:21:46

rst:ets Jul 29 2019 12:21:46

rst:ets Jul 29 2019 12:21:46

rst:ets Jul 29 2019 12:21:46

rst:ets Jul 29 2019 12:21:46

rst:ets Jul 29 2019 12:21:46

rst:ets Jul 29 2019 12:21:46

rst:ets Jul 29 2019 12:21:46

rst:ets Jul 29 2019 12:21:46

rst:ets Jul 29 2019 12:21:46

rst:ets Jul 29 2019 12:21:46

rst:ets Jul 29 2019 12:21:46

rst:ets Jul 29 2019 12:21:46

rst:ets Jul 29 2019 12:21:46

rst:ets Jul 29 2019 12:21:46

rst:ets Jul 29 2019 12:21:46

rst:ets Jul 29 2019 12:21:46

rst:ets Jul 29 2019 12:21:46

rst:ets Jul 29 2019 12:21:46

rst:ets Jul 29 2019 12:21:46

rst:ets Jul 29 2019 12:21:46

rst:ets Jul 29 2019 12:21:46

rst:ets Jul 29 2019 12:21:46

rst:ets Jul 29 2019 12:21:46

rst:ets Jul 29 2019 12:21:46

rst:ets Jul 29 2019 12:21:46

rst:ets Jul 29 2019 12:21:46

rst:ets Jul 29 2019 12:21:46

rst:ets Jul 29 2019 12:21:46

rst:ets Jul 29 2019 12:21:46

rst:ets Jul 29 2019 12:21:46

rst:ets Jul 29 2019 12:21:46

rst:ets Jul 29 2019 12:21:46

rst:ets Jul 29 2019 12:21:46

rst:ets Jul 29 2019 12:21:46

rst:ets Jul 29 2019 12:21:46

rst:ets Jul 29 2019 12:21:46

rst:ets Jul 29 2019 12:21:46

rst:ets Jul 29 2019 12:21:46

rst:ets Jul 29 2019 12:21:46

rst:ets Jul 29 2019 12:21:46

rst:ets Jul 29 2019 12:21:46

rst:ets Jul 29 2019 12:21:46

rst:ets Jul 29 2019 12:21:46

rst:ets Jul 29 2019 12:21:46

rst:ets Jul 29 2019 12:21:46

rst:ets Jul 29 2019 12:21:46

rst:ets Jul 29 2019 12:21:46

rst:ets Jul 29 2019 12:21:46

rst:ets Jul 29 2019 12:21:46

rst:ets Jul 29 2019 12:21:46

rst:ets Jul 29 2019 12:21:46

rst:ets Jul 29 2019 12:21:46

rst:ets Jul 29 2019 12:21:46

rst:ets Jul 29 2019 12:21:46

rst:ets Jul 29 2019 12:21:46

rst:ets Jul 29 2019 12:21:46

rst:ets Jul 29 2019 12:21:46

rst:ets Jul 29 2019 12:21:46

rst:ets Jul 29 2019 12:21:46

rst:ets Jul 29 2019 12:21:46

rst:ets Jul 29 2019 12:21:46

rst:ets Jul 29 2019 12:21:46

rst:ets Jul 29 2019 12:21:46

rst:ets Jul 29 2019 12:21:46

rst:PI_FAST_FLASH_BOOT)
configsip: 0, SPIWP:0xee
clk_drv:0x00,q_drv:0x00,d_drv:0x00,cs0_drv:0x00,hd_drv:0x00,wp_drv:0x00
mode:DIO, clock div:2
load:0x3fff0030,len:1184
load:0x40078000,len:13232
load:0x40080400,len:3028
entry 0x400805e4
running main tilt
armed: b=begin  s=stop(e-stop)  e=end(ramp down)
state=0 freq=0.0 target=100.0 ledc0=0 ledc3=0
state=0 freq=0.0 target=100.0 ledc0=0 ledc3=0
state=0 freq=0.0 target=100.0 ledc0=0 ledc3=0
state=0 freq=0.0 target=100.0 ledc0=0 ledc3=0
state=0 freq=0.0 target=100.0 ledc0=0 ledc3=0
state=0 freq=0.0 target=100.0 ledc0=0 ledc3=0
state=0 freq=0.0 target=100.0 ledc0=0 ledc3=0
begin: started
state=1 freq=1.2 target=100.0 ledc0=3069 ledc3=3063
state=1 freq=2.7 target=100.0 ledc0=3076 ledc3=3063
state=1 freq=5.4 target=100.0 ledc0=3089 ledc3=3063
state=1 freq=9.3 target=100.0 ledc0=3108 ledc3=3063
state=1 freq=14.2 target=100.0 ledc0=3132 ledc3=3063
state=1 freq=20.1 target=100.0 ledc0=3161 ledc3=3063
field trim: a=1.00 b=1.02 c=1.00 d=1.00
field trim: a=1.00 b=1.02 c=1.02 d=1.00
state=1 freq=26.9 target=100.0 ledc0=3194 ledc3=3064
field trim: a=1.00 b=1.00 c=1.02 d=1.00
field trim: a=1.00 b=1.00 c=1.00 d=1.00
state=1 freq=34.4 target=100.0 ledc0=3231 ledc3=3064
field trim: a=1.00 b=0.98 c=1.00 d=1.00
field trim: a=1.00 b=0.98 c=0.98 d=1.00
field trim: a=1.00 b=0.96 c=0.98 d=1.00
field trim: a=1.00 b=0.96 c=0.96 d=1.00
state=1 freq=42.7 target=100.0 ledc0=3271 ledc3=3064
field trim: a=1.00 b=0.98 c=0.96 d=1.00
field trim: a=1.00 b=0.98 c=0.98 d=1.00
state=1 freq=51.5 target=100.0 ledc0=3315 ledc3=3065
field trim: a=1.00 b=1.00 c=0.98 d=1.00
field trim: a=1.00 b=1.00 c=1.00 d=1.00
state=1 freq=60.8 target=100.0 ledc0=3360 ledc3=3065
state=1 freq=70.6 target=100.0 ledc0=3408 ledc3=3065
state=1 freq=80.6 target=100.0 ledc0=3458 ledc3=3066
state=1 freq=90.9 target=100.0 ledc0=3508 ledc3=3066
state=1 freq=101.3 target=100.0 ledc0=3559 ledc3=3067
stop: ramping down (fast)
coils off
state=6 freq=103.2 target=100.0 ledc0=0 ledc3=0
state=6 freq=103.2 target=100.0 ledc0=0 ledc3=0
state=6 freq=103.2 target=100.0 ledc0=0 ledc3=0
state=6 freq=103.2 target=100.0 ledc0=0 ledc3=0
state=6 freq=103.2 target=100.0 ledc0=0 ledc3=0
state=6 freq=103.2 target=100.0 ledc0=0 ledc3=0
begin: started
state=1 freq=1.4 target=100.0 ledc0=3070 ledc3=3063
state=1 freq=3.2 target=100.0 ledc0=3078 ledc3=3063
state=1 freq=6.1 target=100.0 ledc0=3093 ledc3=3063
stop: ramping down (fast)
coils off
state=6 freq=6.5 target=100.0 ledc0=0 ledc3=0
begin: started
state=1 freq=1.0 target=100.0 ledc0=3068 ledc3=3063
state=1 freq=2.0 target=100.0 ledc0=3072 ledc3=3063
state=1 freq=4.2 target=100.0 ledc0=3083 ledc3=3063
state=1 freq=7.6 target=100.0 ledc0=3100 ledc3=3063
stop: ramping down (fast)
coils off
state=6 freq=9.8 target=100.0 ledc0=0 ledc3=0
state=6 freq=9.8 target=100.0 ledc0=0 ledc3=0
begin: started
state=1 freq=1.0 target=100.0 ledc0=3067 ledc3=3063
state=1 freq=1.7 target=100.0 ledc0=3071 ledc3=3063
state=1 freq=3.7 target=100.0 ledc0=3081 ledc3=3063
stop: ramping down (fast)
state=5 freq=6.8 target=100.0 ledc0=2768 ledc3=2735
coils off
state=6 freq=6.8 target=100.0 ledc0=0 ledc3=0
state=6 freq=6.8 target=100.0 ledc0=0 ledc3=0
state=6 freq=6.8 target=100.0 ledc0=0 ledc3=0
begin: started
state=1 freq=1.2 target=100.0 ledc0=3068 ledc3=3063
state=1 freq=2.5 target=100.0 ledc0=3074 ledc3=3063
state=1 freq=5.0 target=100.0 ledc0=3087 ledc3=3063
state=1 freq=8.8 target=100.0 ledc0=3105 ledc3=3063
stop: ramping down (fast)
coils off
state=6 freq=8.9 target=100.0 ledc0=0 ledc3=0
state=6 freq=8.9 target=100.0 ledc0=0 ledc3=0
begin: started
state=1 freq=1.6 target=100.0 ledc0=3070 ledc3=3063
state=1 freq=3.6 target=100.0 ledc0=3080 ledc3=3063
state=1 freq=6.8 target=100.0 ledc0=3095 ledc3=3063
state=1 freq=11.0 target=100.0 ledc0=3116 ledc3=3063
stop: ramping down (fast)
coils off
state=6 freq=14.0 target=100.0 ledc0=0 ledc3=0
state=6 freq=14.0 target=100.0 ledc0=0 ledc3=0
state=6 freq=14.0 target=100.0 ledc0=0 ledc3=0
state=6 freq=14.0 target=100.0 ledc0=0 ledc3=0
begin: started
state=1 freq=1.4 target=100.0 ledc0=3069 ledc3=3063
state=1 freq=3.1 target=100.0 ledc0=3078 ledc3=3063
state=1 freq=6.0 target=100.0 ledc0=3092 ledc3=3063
state=1 freq=10.1 target=100.0 ledc0=3112 ledc3=3063
state=1 freq=15.2 target=100.0 ledc0=3137 ledc3=3063
stop: ramping down (fast)
state=5 freq=21.3 target=100.0 ledc0=3166 ledc3=3063
coils off
state=6 freq=21.3 target=100.0 ledc0=0 ledc3=0
state=6 freq=21.3 target=100.0 ledc0=0 ledc3=0
begin: started
state=1 freq=1.6 target=100.0 ledc0=3070 ledc3=3063
state=1 freq=3.5 target=100.0 ledc0=3079 ledc3=3063
state=1 freq=6.6 target=100.0 ledc0=3094 ledc3=3063
state=1 freq=10.8 target=100.0 ledc0=3114 ledc3=3063
state=1 freq=16.0 target=100.0 ledc0=3140 ledc3=3063
stop: ramping down (fast)
state=5 freq=21.6 target=100.0 ledc0=1857 ledc3=1753
coils off
state=6 freq=21.6 target=100.0 ledc0=0 ledc3=0
state=6 freq=21.6 target=100.0 ledc0=0 ledc3=0
state=6 freq=21.6 target=100.0 ledc0=0 ledc3=0
state=6 freq=21.6 target=100.0 ledc0=0 ledc3=0
state=6 freq=21.6 target=100.0 ledc0=0 ledc3=0
state=6 freq=21.6 target=100.0 ledc0=0 ledc3=0
state=6 freq=21.6 target=100.0 ledc0=0 ledc3=0
state=6 freq=21.6 target=100.0 ledc0=0 ledc3=0
state=6 freq=21.6 target=100.0 ledc0=0 ledc3=0
state=6 freq=21.6 target=100.0 ledc0=0 ledc3=0
state=6 freq=21.6 target=100.0 ledc0=0 ledc3=0
begin: started
state=1 freq=1.1 target=100.0 ledc0=3068 ledc3=3063
state=1 freq=2.1 target=100.0 ledc0=3072 ledc3=3063
state=1 freq=4.4 target=100.0 ledc0=3084 ledc3=3063
state=1 freq=7.9 target=100.0 ledc0=3101 ledc3=3063
state=1 freq=12.5 target=100.0 ledc0=3123 ledc3=3063
state=1 freq=18.1 target=100.0 ledc0=3150 ledc3=3063
state=1 freq=24.6 target=100.0 ledc0=3182 ledc3=3064
stop: ramping down (fast)
state=5 freq=30.8 target=100.0 ledc0=919 ledc3=771
coils off
state=6 freq=30.8 target=100.0 ledc0=0 ledc3=0
state=6 freq=30.8 target=100.0 ledc0=0 ledc3=0
state=6 freq=30.8 target=100.0 ledc0=0 ledc3=0
state=6 freq=30.8 target=100.0 ledc0=0 ledc3=0
state=6 freq=30.8 target=100.0 ledc0=0 ledc3=0
state=6 freq=30.8 target=100.0 ledc0=0 ledc3=0
state=6 freq=30.8 target=100.0 ledc0=0 ledc3=0
begin: started
state=1 freq=1.0 target=100.0 ledc0=3067 ledc3=3063
state=1 freq=1.9 target=100.0 ledc0=3071 ledc3=3063
state=1 freq=4.0 target=100.0 ledc0=3082 ledc3=3063
state=1 freq=7.3 target=100.0 ledc0=3098 ledc3=3063
state=1 freq=11.8 target=100.0 ledc0=3119 ledc3=3063
state=1 freq=17.2 target=100.0 ledc0=3146 ledc3=3063
state=1 freq=23.6 target=100.0 ledc0=3177 ledc3=3063
state=1 freq=30.8 target=100.0 ledc0=3212 ledc3=3064
state=1 freq=38.7 target=100.0 ledc0=3251 ledc3=3064
state=1 freq=47.2 target=100.0 ledc0=3293 ledc3=3064
stop: ramping down (fast)
coils off
state=6 freq=47.5 target=100.0 ledc0=0 ledc3=0
state=6 freq=47.5 target=100.0 ledc0=0 ledc3=0
state=6 freq=47.5 target=100.0 ledc0=0 ledc3=0
state=6 freq=47.5 target=100.0 ledc0=0 ledc3=0
state=6 freq=47.5 target=100.0 ledc0=0 ledc3=0
begin: started
state=1 freq=1.6 target=100.0 ledc0=3070 ledc3=3063
state=1 freq=3.5 target=100.0 ledc0=3080 ledc3=3063
state=1 freq=6.7 target=100.0 ledc0=3095 ledc3=3063
state=1 freq=10.9 target=100.0 ledc0=3116 ledc3=3063
state=1 freq=16.2 target=100.0 ledc0=3141 ledc3=3063
stop: ramping down (fast)
coils off
state=6 freq=17.5 target=100.0 ledc0=0 ledc3=0
state=6 freq=17.5 target=100.0 ledc0=0 ledc3=0
state=6 freq=17.5 target=100.0 ledc0=0 ledc3=0
state=6 freq=17.5 target=100.0 ledc0=0 ledc3=0
state=6 freq=17.5 target=100.0 ledc0=0 ledc3=0
state=6 freq=17.5 target=100.0 ledc0=0 ledc3=0
state=6 freq=17.5 target=100.0 ledc0=0 ledc3=0
begin: started
state=1 freq=1.2 target=100.0 ledc0=3068 ledc3=3063
state=1 freq=2.7 target=100.0 ledc0=3075 ledc3=3063
state=1 freq=5.4 target=100.0 ledc0=3088 ledc3=3063
state=1 freq=9.2 target=100.0 ledc0=3107 ledc3=3063
stop: ramping down (fast)
coils off
state=6 freq=12.7 target=100.0 ledc0=0 ledc3=0
state=6 freq=12.7 target=100.0 ledc0=0 ledc3=0
state=6 freq=12.7 target=100.0 ledc0=0 ledc3=0
state=6 freq=12.7 target=100.0 ledc0=0 ledc3=0
begin: started
state=1 freq=1.4 target=100.0 ledc0=3069 ledc3=3063
state=1 freq=3.0 target=100.0 ledc0=3077 ledc3=3063
state=1 freq=5.9 target=100.0 ledc0=3091 ledc3=3063
state=1 freq=9.9 target=100.0 ledc0=3110 ledc3=3063
state=1 freq=14.9 target=100.0 ledc0=3135 ledc3=3063
state=1 freq=20.9 target=100.0 ledc0=3164 ledc3=3063
stop: ramping down (fast)
coils off
state=6 freq=25.0 target=100.0 ledc0=0 ledc3=0
state=6 freq=25.0 target=100.0 ledc0=0 ledc3=0
state=6 freq=25.0 target=100.0 ledc0=0 ledc3=0
state=6 freq=25.0 target=100.0 ledc0=0 ledc3=0
begin: started
state=1 freq=1.1 target=100.0 ledc0=3068 ledc3=3063
state=1 freq=2.2 target=100.0 ledc0=3073 ledc3=3063
state=1 freq=4.6 target=100.0 ledc0=3085 ledc3=3063
state=1 freq=8.2 target=100.0 ledc0=3103 ledc3=3063
stop: ramping down (fast)
coils off
state=6 freq=8.7 target=100.0 ledc0=0 ledc3=0
state=6 freq=8.7 target=100.0 ledc0=0 ledc3=0
state=6 freq=8.7 target=100.0 ledc0=0 ledc3=0
begin: started
state=1 freq=1.0 target=100.0 ledc0=3067 ledc3=3063
state=1 freq=1.9 target=100.0 ledc0=3071 ledc3=3063
state=1 freq=4.0 target=100.0 ledc0=3082 ledc3=3063
state=1 freq=7.3 target=100.0 ledc0=3098 ledc3=3063
stop: ramping down (fast)
state=5 freq=11.2 target=100.0 ledc0=1151 ledc3=1097
coils off
state=6 freq=11.2 target=100.0 ledc0=0 ledc3=0
state=6 freq=11.2 target=100.0 ledc0=0 ledc3=0
begin: started
state=1 freq=1.5 target=100.0 ledc0=3070 ledc3=3063
state=1 freq=3.3 target=100.0 ledc0=3078 ledc3=3063
state=1 freq=6.3 target=100.0 ledc0=3093 ledc3=3063
state=1 freq=10.4 target=100.0 ledc0=3113 ledc3=3063
state=1 freq=15.6 target=100.0 ledc0=3139 ledc3=3063
state=1 freq=21.7 target=100.0 ledc0=3169 ledc3=3063
state=1 freq=28.7 target=100.0 ledc0=3203 ledc3=3064
state=1 freq=36.4 target=100.0 ledc0=3241 ledc3=3064
state=1 freq=44.8 target=100.0 ledc0=3282 ledc3=3064
stop: ramping down (fast)
coils off
state=6 freq=47.7 target=100.0 ledc0=0 ledc3=0
stop: ramping down (fast)
coils off
