ets Jul 29 2019 12:21:46

rst:0x1 (POWERON_RESET),boot:0x13 (SPI_FAST_FLASH_BOOT)
configsip: 0, SPIWP:0xee
clk_drv:0x00,q_drv:0x00,d_drv:0x00,cs0_drv:0x00,hd_drv:0x00,wp_drv:0x00
mode:DIO, clock div:2
load:0x3fff0030,len:1184
load:0x40078000,len:13232
load:0x40080400,len:3028
entry 0x400805e4
running main tilt
armed: b=begin  s=stop(e-stop)  e=end(ramp down)
state=0 freq=0.0 target=100.0 ledc0=0 ledc3=0
state=0 freq=0.0 target=100.0 ledc0=0 ledc3=0
begin: started
state=1 freq=1.1 target=100.0 ledc0=3069 ledc3=3063
state=1 freq=2.1 target=100.0 ledc0=3075 ledc3=3063
state=1 freq=4.2 target=100.0 ledc0=3088 ledc3=3063
stop: ramping down (fast)
coils off
state=6 freq=5.7 target=100.0 ledc0=0 ledc3=0
state=6 freq=5.7 target=100.0 ledc0=0 ledc3=0
state=6 freq=5.7 target=100.0 ledc0=0 ledc3=0
state=6 freq=5.7 target=100.0 ledc0=0 ledc3=0
state=6 freq=5.7 target=100.0 ledc0=0 ledc3=0
begin: started
state=1 freq=1.4 target=100.0 ledc0=3071 ledc3=3063
state=1 freq=2.9 target=100.0 ledc0=3080 ledc3=3063
state=1 freq=5.4 target=100.0 ledc0=3096 ledc3=3063
state=1 freq=8.8 target=100.0 ledc0=3116 ledc3=3063
state=1 freq=13.1 target=100.0 ledc0=3142 ledc3=3063
state=1 freq=18.0 target=100.0 ledc0=3172 ledc3=3063
state=1 freq=23.7 target=100.0 ledc0=3206 ledc3=3064
state=1 freq=30.0 target=100.0 ledc0=3245 ledc3=3064
state=1 freq=36.8 target=100.0 ledc0=3286 ledc3=3064
state=1 freq=44.1 target=100.0 ledc0=3330 ledc3=3065
state=1 freq=51.7 target=100.0 ledc0=3377 ledc3=3065
state=1 freq=59.7 target=100.0 ledc0=3425 ledc3=3065
state=1 freq=67.9 target=100.0 ledc0=3475 ledc3=3066
field trim: a=0.98 b=1.00 c=1.00 d=1.00
field trim: a=0.98 b=1.00 c=1.00 d=0.98
field trim: a=0.96 b=1.00 c=1.00 d=0.98
field trim: a=0.96 b=1.00 c=1.00 d=0.96
state=1 freq=76.2 target=100.0 ledc0=3384 ledc3=2944
field trim: a=0.94 b=1.00 c=1.00 d=0.96
field trim: a=0.94 b=1.00 c=1.00 d=0.94
field trim: a=0.92 b=1.00 c=1.00 d=0.94
field trim: a=0.92 b=1.00 c=1.00 d=0.92
field trim: a=0.90 b=1.00 c=1.00 d=0.92
field trim: a=0.90 b=1.00 c=1.00 d=0.90
field trim: a=0.88 b=1.00 c=1.00 d=0.90
field trim: a=0.88 b=1.00 c=1.00 d=0.88
state=1 freq=84.7 target=100.0 ledc0=3147 ledc3=2699
field trim: a=0.86 b=1.00 c=1.00 d=0.88
field trim: a=0.86 b=1.00 c=1.00 d=0.86
field trim: a=0.84 b=1.00 c=1.00 d=0.86
field trim: a=0.84 b=1.00 c=1.00 d=0.84
state=1 freq=93.1 target=100.0 ledc0=3047 ledc3=2576
field trim: a=0.82 b=1.00 c=1.00 d=0.84
field trim: a=0.82 b=1.00 c=1.00 d=0.82
field trim: a=0.80 b=1.00 c=1.00 d=0.82
field trim: a=0.80 b=1.00 c=1.00 d=0.80
field trim: a=0.78 b=1.00 c=1.00 d=0.80
field trim: a=0.78 b=1.00 c=1.00 d=0.78
field trim: a=0.76 b=1.00 c=1.00 d=0.78
field trim: a=0.76 b=1.00 c=1.00 d=0.76
state=1 freq=101.5 target=100.0 ledc0=2796 ledc3=2331
field trim: a=0.74 b=1.00 c=1.00 d=0.76
field trim: a=0.74 b=1.00 c=1.00 d=0.74
field trim: a=0.72 b=1.00 c=1.00 d=0.74
field trim: a=0.72 b=1.00 c=1.00 d=0.72
field trim: a=0.70 b=1.00 c=1.00 d=0.72
field trim: a=0.70 b=1.00 c=1.00 d=0.70
state=1 freq=109.7 target=100.0 ledc0=2610 ledc3=2147
field trim: a=0.68 b=1.00 c=1.00 d=0.70
field trim: a=0.68 b=1.00 c=1.00 d=0.68
field trim: a=0.66 b=1.00 c=1.00 d=0.68
field trim: a=0.66 b=1.00 c=1.00 d=0.66
field trim: a=0.64 b=1.00 c=1.00 d=0.66
field trim: a=0.64 b=1.00 c=1.00 d=0.64
field trim: a=0.62 b=1.00 c=1.00 d=0.64
field trim: a=0.62 b=1.00 c=1.00 d=0.62
state=1 freq=117.7 target=100.0 ledc0=2342 ledc3=1902
field trim: a=0.60 b=1.00 c=1.00 d=0.62
field trim: a=0.60 b=1.00 c=1.00 d=0.60
field trim: a=0.58 b=1.00 c=1.00 d=0.60
field trim: a=0.58 b=1.00 c=1.00 d=0.58
field trim: a=0.56 b=1.00 c=1.00 d=0.58
field trim: a=0.56 b=1.00 c=1.00 d=0.56
field trim: a=0.54 b=1.00 c=1.00 d=0.56
field trim: a=0.54 b=1.00 c=1.00 d=0.54
state=1 freq=125.4 target=100.0 ledc0=2065 ledc3=1657
field trim: a=0.52 b=1.00 c=1.00 d=0.54
field trim: a=0.52 b=1.00 c=1.00 d=0.52
field trim: a=0.50 b=1.00 c=1.00 d=0.52
field trim: a=0.50 b=1.00 c=1.00 d=0.50
field trim: a=0.50 b=1.00 c=1.00 d=0.50
field trim: a=0.50 b=1.00 c=1.00 d=0.50
state=1 freq=132.8 target=100.0 ledc0=1934 ledc3=1534
field trim: a=0.50 b=1.00 c=1.00 d=0.50
field trim: a=0.50 b=1.00 c=1.00 d=0.50
field trim: a=0.50 b=1.00 c=1.00 d=0.50
field trim: a=0.50 b=1.00 c=1.00 d=0.50
field trim: a=0.50 b=1.00 c=1.00 d=0.50
field trim: a=0.50 b=1.00 c=1.00 d=0.50
field trim: a=0.50 b=1.00 c=1.00 d=0.50
field trim: a=0.50 b=1.00 c=1.00 d=0.50
state=1 freq=139.7 target=100.0 ledc0=1955 ledc3=1534
field trim: a=0.50 b=1.00 c=1.00 d=0.50
field trim: a=0.50 b=1.00 c=1.00 d=0.50
field trim: a=0.50 b=1.00 c=1.00 d=0.50
field trim: a=0.50 b=1.00 c=1.00 d=0.50
field trim: a=0.50 b=1.00 c=1.00 d=0.50
field trim: a=0.50 b=1.00 c=1.00 d=0.50
field trim: a=0.50 b=1.00 c=1.00 d=0.50
field trim: a=0.50 b=1.00 c=1.00 d=0.50
state=1 freq=146.1 target=100.0 ledc0=1974 ledc3=1535
field trim: a=0.50 b=1.00 c=1.00 d=0.50
field trim: a=0.50 b=1.00 c=1.00 d=0.50
field trim: a=0.50 b=1.00 c=1.00 d=0.50
field trim: a=0.50 b=1.00 c=1.00 d=0.50
field trim: a=0.50 b=1.00 c=1.00 d=0.50
field trim: a=0.50 b=1.00 c=1.00 d=0.50
state=1 freq=151.9 target=100.0 ledc0=1992 ledc3=1535
field trim: a=0.50 b=1.00 c=1.00 d=0.50
field trim: a=0.50 b=1.00 c=1.00 d=0.50
field trim: a=0.50 b=1.00 c=1.00 d=0.50
field trim: a=0.50 b=1.00 c=1.00 d=0.50
field trim: a=0.50 b=1.00 c=1.00 d=0.50
field trim: a=0.50 b=1.00 c=1.00 d=0.50
field trim: a=0.50 b=1.00 c=1.00 d=0.50
field trim: a=0.50 b=1.00 c=1.00 d=0.50
state=1 freq=157.0 target=100.0 ledc0=2008 ledc3=1535
field trim: a=0.50 b=1.00 c=1.00 d=0.50
field trim: a=0.50 b=1.00 c=1.00 d=0.50
field trim: a=0.50 b=1.00 c=1.00 d=0.50
field trim: a=0.50 b=1.00 c=1.00 d=0.50
field trim: a=0.50 b=1.00 c=1.00 d=0.50
field trim: a=0.50 b=1.00 c=1.00 d=0.50
field trim: a=0.50 b=1.00 c=1.00 d=0.50
field trim: a=0.50 b=1.00 c=1.00 d=0.50
state=1 freq=161.4 target=100.0 ledc0=2021 ledc3=1535
field trim: a=0.50 b=1.00 c=1.00 d=0.50
field trim: a=0.50 b=1.00 c=1.00 d=0.50
field trim: a=0.50 b=1.00 c=1.00 d=0.50
field trim: a=0.50 b=1.00 c=1.00 d=0.50
field trim: a=0.50 b=1.00 c=1.00 d=0.50
field trim: a=0.50 b=1.00 c=1.00 d=0.50
field trim: a=0.50 b=1.00 c=1.00 d=0.50
field trim: a=0.50 b=1.00 c=1.00 d=0.50
field trim: a=0.50 b=1.00 c=1.00 d=0.50
field trim: a=0.50 b=1.00 c=1.00 d=0.50
state=1 freq=165.0 target=100.0 ledc0=2032 ledc3=1535
field trim: a=0.50 b=1.00 c=1.00 d=0.50
field trim: a=0.50 b=1.00 c=1.00 d=0.50
field trim: a=0.50 b=1.00 c=1.00 d=0.50
field trim: a=0.50 b=1.00 c=1.00 d=0.50
field trim: a=0.50 b=1.00 c=1.00 d=0.50
field trim: a=0.50 b=1.00 c=1.00 d=0.50
state=1 freq=167.6 target=100.0 ledc0=2040 ledc3=1535
field trim: a=0.50 b=1.00 c=1.00 d=0.50
field trim: a=0.50 b=1.00 c=1.00 d=0.50
field trim: a=0.50 b=1.00 c=1.00 d=0.50
field trim: a=0.50 b=1.00 c=1.00 d=0.50
field trim: a=0.52 b=1.00 c=1.00 d=0.50
field trim: a=0.52 b=1.00 c=1.00 d=0.52
field trim: a=0.54 b=1.00 c=1.00 d=0.52
field trim: a=0.54 b=1.00 c=1.00 d=0.54
field trim: a=0.56 b=1.00 c=1.00 d=0.54
field trim: a=0.56 b=1.00 c=1.00 d=0.56
state=1 freq=169.3 target=100.0 ledc0=2290 ledc3=1719
field trim: a=0.58 b=1.00 c=1.00 d=0.56
field trim: a=0.58 b=1.00 c=1.00 d=0.58
field trim: a=0.60 b=1.00 c=1.00 d=0.58
field trim: a=0.60 b=1.00 c=1.00 d=0.60
field trim: a=0.62 b=1.00 c=1.00 d=0.60
field trim: a=0.62 b=1.00 c=1.00 d=0.62
field trim: a=0.64 b=1.00 c=1.00 d=0.62
field trim: a=0.64 b=1.00 c=1.00 d=0.64
state=2 freq=170.0 target=100.0 ledc0=2620 ledc3=1965
field trim: a=0.66 b=1.00 c=1.00 d=0.64
field trim: a=0.66 b=1.00 c=1.00 d=0.66
field trim: a=0.68 b=1.00 c=1.00 d=0.66
field trim: a=0.68 b=1.00 c=1.00 d=0.68
field trim: a=0.70 b=1.00 c=1.00 d=0.68
field trim: a=0.70 b=1.00 c=1.00 d=0.70
field trim: a=0.72 b=1.00 c=1.00 d=0.70
field trim: a=0.72 b=1.00 c=1.00 d=0.72
state=2 freq=170.0 target=100.0 ledc0=2948 ledc3=2211
field trim: a=0.74 b=1.00 c=1.00 d=0.72
field trim: a=0.74 b=1.00 c=1.00 d=0.74
field trim: a=0.76 b=1.00 c=1.00 d=0.74
field trim: a=0.76 b=1.00 c=1.00 d=0.76
field trim: a=0.78 b=1.00 c=1.00 d=0.76
field trim: a=0.78 b=1.00 c=1.00 d=0.78
field trim: a=0.80 b=1.00 c=1.00 d=0.78
field trim: a=0.80 b=1.00 c=1.00 d=0.80
state=3 freq=170.0 target=90.0 ledc0=3275 ledc3=2456
field trim: a=0.82 b=1.00 c=1.00 d=0.80
field trim: a=0.82 b=1.00 c=1.00 d=0.82
field trim: a=0.84 b=1.00 c=1.00 d=0.82
field trim: a=0.84 b=1.00 c=1.00 d=0.84
field trim: a=0.86 b=1.00 c=1.00 d=0.84
field trim: a=0.86 b=1.00 c=1.00 d=0.86
field trim: a=0.88 b=1.00 c=1.00 d=0.86
field trim: a=0.88 b=1.00 c=1.00 d=0.88
state=2 freq=170.0 target=90.0 ledc0=3603 ledc3=2702
field trim: a=0.90 b=1.00 c=1.00 d=0.88
field trim: a=0.90 b=1.00 c=1.00 d=0.90
field trim: a=0.92 b=1.00 c=1.00 d=0.90
field trim: a=0.92 b=1.00 c=1.00 d=0.92
field trim: a=0.94 b=1.00 c=1.00 d=0.92
field trim: a=0.94 b=1.00 c=1.00 d=0.94
field trim: a=0.96 b=1.00 c=1.00 d=0.94
field trim: a=0.96 b=1.00 c=1.00 d=0.96
field trim: a=0.98 b=1.00 c=1.00 d=0.96
field trim: a=0.98 b=1.00 c=1.00 d=0.98
state=2 freq=170.0 target=90.0 ledc0=4013 ledc3=3009
field trim: a=1.00 b=1.00 c=1.00 d=0.98
field trim: a=1.00 b=1.00 c=1.00 d=1.00
state=3 freq=170.0 target=80.0 ledc0=4094 ledc3=3071
state=2 freq=170.0 target=80.0 ledc0=4094 ledc3=3071
state=2 freq=170.0 target=80.0 ledc0=4094 ledc3=3071
state=3 freq=170.0 target=70.0 ledc0=4094 ledc3=3071
state=2 freq=170.0 target=70.0 ledc0=4094 ledc3=3071
state=2 freq=170.0 target=70.0 ledc0=4094 ledc3=3071
state=3 freq=170.0 target=60.0 ledc0=4094 ledc3=3071
state=2 freq=170.0 target=60.0 ledc0=4094 ledc3=3071
state=2 freq=170.0 target=60.0 ledc0=4094 ledc3=3071
state=3 freq=170.0 target=50.0 ledc0=4094 ledc3=3071
state=2 freq=170.0 target=50.0 ledc0=4094 ledc3=3071
state=2 freq=170.0 target=50.0 ledc0=4094 ledc3=3071
state=3 freq=170.0 target=40.0 ledc0=4094 ledc3=3071
state=2 freq=170.0 target=40.0 ledc0=4094 ledc3=3071
field trim: a=1.02 b=1.00 c=1.00 d=1.00
field trim: a=1.02 b=1.00 c=1.00 d=1.02
field trim: a=1.04 b=1.00 c=1.00 d=1.02
field trim: a=1.04 b=1.00 c=1.00 d=1.04
field trim: a=1.06 b=1.00 c=1.00 d=1.04
field trim: a=1.06 b=1.00 c=1.00 d=1.06
state=2 freq=170.0 target=40.0 ledc0=4094 ledc3=3255
field trim: a=1.08 b=1.00 c=1.00 d=1.06
field trim: a=1.08 b=1.00 c=1.00 d=1.08
field trim: a=1.10 b=1.00 c=1.00 d=1.08
field trim: a=1.10 b=1.00 c=1.00 d=1.10
field trim: a=1.12 b=1.00 c=1.00 d=1.10
field trim: a=1.12 b=1.00 c=1.00 d=1.12
field trim: a=1.14 b=1.00 c=1.00 d=1.12
field trim: a=1.14 b=1.00 c=1.00 d=1.14
state=3 freq=170.0 target=30.0 ledc0=4094 ledc3=3501
field trim: a=1.16 b=1.00 c=1.00 d=1.14
field trim: a=1.16 b=1.00 c=1.00 d=1.16
field trim: a=1.18 b=1.00 c=1.00 d=1.16
field trim: a=1.18 b=1.00 c=1.00 d=1.18
field trim: a=1.20 b=1.00 c=1.00 d=1.18
field trim: a=1.20 b=1.00 c=1.00 d=1.20
field trim: a=1.22 b=1.00 c=1.00 d=1.20
field trim: a=1.22 b=1.00 c=1.00 d=1.22
state=2 freq=170.0 target=30.0 ledc0=4094 ledc3=3746
field trim: a=1.24 b=1.00 c=1.00 d=1.22
field trim: a=1.24 b=1.00 c=1.00 d=1.24
field trim: a=1.26 b=1.00 c=1.00 d=1.24
field trim: a=1.26 b=1.00 c=1.00 d=1.26
state=2 freq=170.0 target=30.0 ledc0=4094 ledc3=3869
field trim: a=1.28 b=1.00 c=1.00 d=1.26
field trim: a=1.28 b=1.00 c=1.00 d=1.28
state=3 freq=170.0 target=20.0 ledc0=4094 ledc3=3931
state=2 freq=170.0 target=20.0 ledc0=4094 ledc3=3931
state=2 freq=170.0 target=20.0 ledc0=4094 ledc3=3931
state=3 freq=170.0 target=10.0 ledc0=4094 ledc3=3931
state=2 freq=170.0 target=10.0 ledc0=4094 ledc3=3931
state=2 freq=170.0 target=10.0 ledc0=4094 ledc3=3931
field trim: a=1.26 b=1.00 c=1.00 d=1.28
field trim: a=1.26 b=1.00 c=1.00 d=1.26
state=3 freq=170.0 target=0.0 ledc0=4094 ledc3=3869
field trim: a=1.24 b=1.00 c=1.00 d=1.26
field trim: a=1.24 b=1.00 c=1.00 d=1.24
field trim: a=1.22 b=1.00 c=1.00 d=1.24
field trim: a=1.22 b=1.00 c=1.00 d=1.22
field trim: a=1.20 b=1.00 c=1.00 d=1.22
field trim: a=1.20 b=1.00 c=1.00 d=1.20
field trim: a=1.18 b=1.00 c=1.00 d=1.20
field trim: a=1.18 b=1.00 c=1.00 d=1.18
field trim: a=1.16 b=1.00 c=1.00 d=1.18
field trim: a=1.16 b=1.00 c=1.00 d=1.16
field trim: a=1.14 b=1.00 c=1.00 d=1.16
field trim: a=1.14 b=1.00 c=1.00 d=1.14
field trim: a=1.12 b=1.00 c=1.00 d=1.14
field trim: a=1.12 b=1.00 c=1.00 d=1.12
field trim: a=1.10 b=1.00 c=1.00 d=1.12
field trim: a=1.10 b=1.00 c=1.00 d=1.10
field trim: a=1.08 b=1.00 c=1.00 d=1.10
field trim: a=1.08 b=1.00 c=1.00 d=1.08
field trim: a=1.06 b=1.00 c=1.00 d=1.08
field trim: a=1.06 b=1.00 c=1.00 d=1.06
field trim: a=1.04 b=1.00 c=1.00 d=1.06
field trim: a=1.04 b=1.00 c=1.00 d=1.04
field trim: a=1.02 b=1.00 c=1.00 d=1.04
field trim: a=1.02 b=1.00 c=1.00 d=1.02
field trim: a=1.00 b=1.00 c=1.00 d=1.02
field trim: a=1.00 b=1.00 c=1.00 d=1.00
field trim: a=0.98 b=1.00 c=1.00 d=1.00
field trim: a=0.98 b=1.00 c=1.00 d=0.98
field trim: a=0.96 b=1.00 c=1.00 d=0.98
field trim: a=0.96 b=1.00 c=1.00 d=0.96
field trim: a=0.94 b=1.00 c=1.00 d=0.96
field trim: a=0.94 b=1.00 c=1.00 d=0.94
field trim: a=0.92 b=1.00 c=1.00 d=0.94
field trim: a=0.92 b=1.00 c=1.00 d=0.92
field trim: a=0.90 b=1.00 c=1.00 d=0.92
field trim: a=0.90 b=1.00 c=1.00 d=0.90
field trim: a=0.88 b=1.00 c=1.00 d=0.90
field trim: a=0.88 b=1.00 c=1.00 d=0.88
field trim: a=0.86 b=1.00 c=1.00 d=0.88
field trim: a=0.86 b=1.00 c=1.00 d=0.86
state=2 freq=170.0 target=0.0 ledc0=3521 ledc3=2641
field trim: a=0.84 b=1.00 c=1.00 d=0.86
field trim: a=0.84 b=1.00 c=1.00 d=0.84
field trim: a=0.82 b=1.00 c=1.00 d=0.84
field trim: a=0.82 b=1.00 c=1.00 d=0.82
field trim: a=0.80 b=1.00 c=1.00 d=0.82
field trim: a=0.80 b=1.00 c=1.00 d=0.80
field trim: a=0.78 b=1.00 c=1.00 d=0.80
field trim: a=0.78 b=1.00 c=1.00 d=0.78
field trim: a=0.76 b=1.00 c=1.00 d=0.78
field trim: a=0.76 b=1.00 c=1.00 d=0.76
field trim: a=0.74 b=1.00 c=1.00 d=0.76
field trim: a=0.74 b=1.00 c=1.00 d=0.74
field trim: a=0.72 b=1.00 c=1.00 d=0.74
field trim: a=0.72 b=1.00 c=1.00 d=0.72
field trim: a=0.70 b=1.00 c=1.00 d=0.72
field trim: a=0.70 b=1.00 c=1.00 d=0.70
field trim: a=0.68 b=1.00 c=1.00 d=0.70
field trim: a=0.68 b=1.00 c=1.00 d=0.68
field trim: a=0.66 b=1.00 c=1.00 d=0.68
field trim: a=0.66 b=1.00 c=1.00 d=0.66
field trim: a=0.64 b=1.00 c=1.00 d=0.66
field trim: a=0.64 b=1.00 c=1.00 d=0.64
field trim: a=0.62 b=1.00 c=1.00 d=0.64
field trim: a=0.62 b=1.00 c=1.00 d=0.62
field trim: a=0.60 b=1.00 c=1.00 d=0.62
field trim: a=0.60 b=1.00 c=1.00 d=0.60
field trim: a=0.58 b=1.00 c=1.00 d=0.60
field trim: a=0.58 b=1.00 c=1.00 d=0.58
field trim: a=0.56 b=1.00 c=1.00 d=0.58
field trim: a=0.56 b=1.00 c=1.00 d=0.56
field trim: a=0.54 b=1.00 c=1.00 d=0.56
field trim: a=0.54 b=1.00 c=1.00 d=0.54
field trim: a=0.52 b=1.00 c=1.00 d=0.54
field trim: a=0.52 b=1.00 c=1.00 d=0.52
field trim: a=0.50 b=1.00 c=1.00 d=0.52
field trim: a=0.50 b=1.00 c=1.00 d=0.50
field trim: a=0.50 b=1.00 c=1.00 d=0.50
field trim: a=0.50 b=1.00 c=1.00 d=0.50
field trim: a=0.50 b=1.00 c=1.00 d=0.50
field trim: a=0.50 b=1.00 c=1.00 d=0.50
field trim: a=0.50 b=1.00 c=1.00 d=0.50
field trim: a=0.50 b=1.00 c=1.00 d=0.50
field trim: a=0.50 b=1.00 c=1.00 d=0.50
field trim: a=0.50 b=1.00 c=1.00 d=0.50
field trim: a=0.50 b=1.00 c=1.00 d=0.50
field trim: a=0.50 b=1.00 c=1.00 d=0.50
field trim: a=0.50 b=1.00 c=1.00 d=0.50
field trim: a=0.50 b=1.00 c=1.00 d=0.50
field trim: a=0.50 b=1.00 c=1.00 d=0.50
field trim: a=0.50 b=1.00 c=1.00 d=0.50
field trim: a=0.50 b=1.00 c=1.00 d=0.50
field trim: a=0.50 b=1.00 c=1.00 d=0.50
field trim: a=0.50 b=1.00 c=1.00 d=0.50
field trim: a=0.50 b=1.00 c=1.00 d=0.50
field trim: a=0.50 b=1.00 c=1.00 d=0.50
field trim: a=0.50 b=1.00 c=1.00 d=0.50
field trim: a=0.50 b=1.00 c=1.00 d=0.50
field trim: a=0.50 b=1.00 c=1.00 d=0.50
field trim: a=0.50 b=1.00 c=1.00 d=0.50
field trim: a=0.50 b=1.00 c=1.00 d=0.50
field trim: a=0.50 b=1.00 c=1.00 d=0.50
field trim: a=0.50 b=1.00 c=1.00 d=0.50
field trim: a=0.50 b=1.00 c=1.00 d=0.50
field trim: a=0.50 b=1.00 c=1.00 d=0.50
field trim: a=0.50 b=1.00 c=1.00 d=0.50
field trim: a=0.50 b=1.00 c=1.00 d=0.50
state=2 freq=170.0 target=0.0 ledc0=2047 ledc3=1535
field trim: a=0.50 b=1.00 c=1.00 d=0.50
field trim: a=0.50 b=1.00 c=1.00 d=0.50
field trim: a=0.50 b=1.00 c=1.00 d=0.50
field trim: a=0.50 b=1.00 c=1.00 d=0.50
field trim: a=0.50 b=1.00 c=1.00 d=0.50
field trim: a=0.50 b=1.00 c=1.00 d=0.50
field trim: a=0.50 b=1.00 c=1.00 d=0.50
field trim: a=0.50 b=1.00 c=1.00 d=0.50
field trim: a=0.50 b=1.00 c=1.00 d=0.50
field trim: a=0.50 b=1.00 c=1.00 d=0.50
field trim: a=0.50 b=1.00 c=1.00 d=0.50
field trim: a=0.50 b=1.00 c=1.00 d=0.50
field trim: a=0.50 b=1.00 c=1.00 d=0.50
field trim: a=0.50 b=1.00 c=1.00 d=0.50
field trim: a=0.50 b=1.00 c=1.00 d=0.50
field trim: a=0.50 b=1.00 c=1.00 d=0.50
field trim: a=0.50 b=1.00 c=1.00 d=0.50
field trim: a=0.50 b=1.00 c=1.00 d=0.50
field trim: a=0.50 b=1.00 c=1.00 d=0.50
field trim: a=0.50 b=1.00 c=1.00 d=0.50
field trim: a=0.50 b=1.00 c=1.00 d=0.50
field trim: a=0.50 b=1.00 c=1.00 d=0.50
field trim: a=0.50 b=1.00 c=1.00 d=0.50
field trim: a=0.50 b=1.00 c=1.00 d=0.50
field trim: a=0.50 b=1.00 c=1.00 d=0.50
field trim: a=0.50 b=1.00 c=1.00 d=0.50
field trim: a=0.50 b=1.00 c=1.00 d=0.50
field trim: a=0.50 b=1.00 c=1.00 d=0.50
field trim: a=0.50 b=1.00 c=1.00 d=0.50
field trim: a=0.50 b=1.00 c=1.00 d=0.50
field trim: a=0.50 b=1.00 c=1.00 d=0.50
field trim: a=0.50 b=1.00 c=1.00 d=0.50
field trim: a=0.50 b=1.00 c=1.00 d=0.50
field trim: a=0.50 b=1.00 c=1.00 d=0.50
field trim: a=0.50 b=1.00 c=1.00 d=0.50
field trim: a=0.50 b=1.00 c=1.00 d=0.50
field trim: a=0.50 b=1.00 c=1.00 d=0.50
field trim: a=0.50 b=1.00 c=1.00 d=0.50
field trim: a=0.50 b=1.00 c=1.00 d=0.50
field trim: a=0.50 b=1.00 c=1.00 d=0.50
field trim: a=0.50 b=1.00 c=1.00 d=0.50
field trim: a=0.50 b=1.00 c=1.00 d=0.50
field trim: a=0.50 b=1.00 c=1.00 d=0.50
field trim: a=0.50 b=1.00 c=1.00 d=0.50
state=4 freq=170.0 target=0.0 ledc0=2047 ledc3=1535
field trim: a=0.50 b=1.00 c=1.00 d=0.50
field trim: a=0.50 b=1.00 c=1.00 d=0.50
field trim: a=0.50 b=1.00 c=1.00 d=0.50
field trim: a=0.50 b=1.00 c=1.00 d=0.50
field trim: a=0.50 b=1.00 c=1.00 d=0.50
field trim: a=0.50 b=1.00 c=1.00 d=0.50
field trim: a=0.50 b=1.00 c=1.00 d=0.50
field trim: a=0.50 b=1.00 c=1.00 d=0.50
field trim: a=0.50 b=1.00 c=1.00 d=0.50
field trim: a=0.50 b=1.00 c=1.00 d=0.50
field trim: a=0.50 b=1.00 c=1.00 d=0.50
field trim: a=0.50 b=1.00 c=1.00 d=0.50
field trim: a=0.50 b=1.00 c=1.00 d=0.50
field trim: a=0.50 b=1.00 c=1.00 d=0.50
field trim: a=0.50 b=1.00 c=1.00 d=0.50
field trim: a=0.50 b=1.00 c=1.00 d=0.50
field trim: a=0.50 b=1.00 c=1.00 d=0.50
field trim: a=0.50 b=1.00 c=1.00 d=0.50
field trim: a=0.50 b=1.00 c=1.00 d=0.50
field trim: a=0.50 b=1.00 c=1.00 d=0.50
field trim: a=0.50 b=1.00 c=1.00 d=0.50
field trim: a=0.50 b=1.00 c=1.00 d=0.50
field trim: a=0.50 b=1.00 c=1.00 d=0.50
field trim: a=0.50 b=1.00 c=1.00 d=0.50
field trim: a=0.50 b=1.00 c=1.00 d=0.50
field trim: a=0.50 b=1.00 c=1.00 d=0.50
field trim: a=0.50 b=1.00 c=1.00 d=0.50
field trim: a=0.50 b=1.00 c=1.00 d=0.50
field trim: a=0.52 b=1.00 c=1.00 d=0.50
field trim: a=0.52 b=1.00 c=1.00 d=0.52
state=4 freq=170.0 target=0.0 ledc0=2129 ledc3=1597
field trim: a=0.54 b=1.00 c=1.00 d=0.52
field trim: a=0.54 b=1.00 c=1.00 d=0.54
field trim: a=0.56 b=1.00 c=1.00 d=0.54
field trim: a=0.56 b=1.00 c=1.00 d=0.56
field trim: a=0.58 b=1.00 c=1.00 d=0.56
field trim: a=0.58 b=1.00 c=1.00 d=0.58
field trim: a=0.60 b=1.00 c=1.00 d=0.58
field trim: a=0.60 b=1.00 c=1.00 d=0.60
field trim: a=0.62 b=1.00 c=1.00 d=0.60
field trim: a=0.62 b=1.00 c=1.00 d=0.62
field trim: a=0.64 b=1.00 c=1.00 d=0.62
field trim: a=0.64 b=1.00 c=1.00 d=0.64
field trim: a=0.66 b=1.00 c=1.00 d=0.64
field trim: a=0.66 b=1.00 c=1.00 d=0.66
field trim: a=0.68 b=1.00 c=1.00 d=0.66
field trim: a=0.68 b=1.00 c=1.00 d=0.68
field trim: a=0.70 b=1.00 c=1.00 d=0.68
field trim: a=0.70 b=1.00 c=1.00 d=0.70
field trim: a=0.72 b=1.00 c=1.00 d=0.70
field trim: a=0.72 b=1.00 c=1.00 d=0.72
field trim: a=0.74 b=1.00 c=1.00 d=0.72
field trim: a=0.74 b=1.00 c=1.00 d=0.74
field trim: a=0.76 b=1.00 c=1.00 d=0.74
field trim: a=0.76 b=1.00 c=1.00 d=0.76
field trim: a=0.78 b=1.00 c=1.00 d=0.76
field trim: a=0.78 b=1.00 c=1.00 d=0.78
field trim: a=0.80 b=1.00 c=1.00 d=0.78
field trim: a=0.80 b=1.00 c=1.00 d=0.80
field trim: a=0.82 b=1.00 c=1.00 d=0.80
field trim: a=0.82 b=1.00 c=1.00 d=0.82
field trim: a=0.84 b=1.00 c=1.00 d=0.82
field trim: a=0.84 b=1.00 c=1.00 d=0.84
field trim: a=0.86 b=1.00 c=1.00 d=0.84
field trim: a=0.86 b=1.00 c=1.00 d=0.86
field trim: a=0.88 b=1.00 c=1.00 d=0.86
field trim: a=0.88 b=1.00 c=1.00 d=0.88
state=4 freq=170.0 target=0.0 ledc0=3603 ledc3=2702
field trim: a=0.90 b=1.00 c=1.00 d=0.88
field trim: a=0.90 b=1.00 c=1.00 d=0.90
field trim: a=0.92 b=1.00 c=1.00 d=0.90
field trim: a=0.92 b=1.00 c=1.00 d=0.92
field trim: a=0.94 b=1.00 c=1.00 d=0.92
field trim: a=0.94 b=1.00 c=1.00 d=0.94
field trim: a=0.96 b=1.00 c=1.00 d=0.94
field trim: a=0.96 b=1.00 c=1.00 d=0.96
field trim: a=0.98 b=1.00 c=1.00 d=0.96
field trim: a=0.98 b=1.00 c=1.00 d=0.98
field trim: a=1.00 b=1.00 c=1.00 d=0.98
field trim: a=1.00 b=1.00 c=1.00 d=1.00
field trim: a=1.02 b=1.00 c=1.00 d=1.00
field trim: a=1.02 b=1.00 c=1.00 d=1.02
field trim: a=1.04 b=1.00 c=1.00 d=1.02
field trim: a=1.04 b=1.00 c=1.00 d=1.04
field trim: a=1.06 b=1.00 c=1.00 d=1.04
field trim: a=1.06 b=1.00 c=1.00 d=1.06
field trim: a=1.08 b=1.00 c=1.00 d=1.06
field trim: a=1.08 b=1.00 c=1.00 d=1.08
field trim: a=1.10 b=1.00 c=1.00 d=1.08
field trim: a=1.10 b=1.00 c=1.00 d=1.10
field trim: a=1.12 b=1.00 c=1.00 d=1.10
field trim: a=1.12 b=1.00 c=1.00 d=1.12
field trim: a=1.14 b=1.00 c=1.00 d=1.12
field trim: a=1.14 b=1.00 c=1.00 d=1.14
field trim: a=1.16 b=1.00 c=1.00 d=1.14
field trim: a=1.16 b=1.00 c=1.00 d=1.16
field trim: a=1.18 b=1.00 c=1.00 d=1.16
field trim: a=1.18 b=1.00 c=1.00 d=1.18
field trim: a=1.20 b=1.00 c=1.00 d=1.18
field trim: a=1.20 b=1.00 c=1.00 d=1.20
field trim: a=1.22 b=1.00 c=1.00 d=1.20
field trim: a=1.22 b=1.00 c=1.00 d=1.22
field trim: a=1.24 b=1.00 c=1.00 d=1.22
field trim: a=1.24 b=1.00 c=1.00 d=1.24
field trim: a=1.26 b=1.00 c=1.00 d=1.24
field trim: a=1.26 b=1.00 c=1.00 d=1.26
field trim: a=1.28 b=1.00 c=1.00 d=1.26
field trim: a=1.28 b=1.00 c=1.00 d=1.28
field trim: a=1.30 b=1.00 c=1.00 d=1.28
field trim: a=1.30 b=1.00 c=1.00 d=1.30
field trim: a=1.28 b=1.00 c=1.00 d=1.30
field trim: a=1.28 b=1.00 c=1.00 d=1.28
state=4 freq=170.0 target=0.0 ledc0=4094 ledc3=3931
field trim: a=1.26 b=1.00 c=1.00 d=1.28
field trim: a=1.26 b=1.00 c=1.00 d=1.26
field trim: a=1.24 b=1.00 c=1.00 d=1.26
field trim: a=1.24 b=1.00 c=1.00 d=1.24
field trim: a=1.22 b=1.00 c=1.00 d=1.24
field trim: a=1.22 b=1.00 c=1.00 d=1.22
field trim: a=1.20 b=1.00 c=1.00 d=1.22
field trim: a=1.20 b=1.00 c=1.00 d=1.20
field trim: a=1.18 b=1.00 c=1.00 d=1.20
field trim: a=1.18 b=1.00 c=1.00 d=1.18
field trim: a=1.16 b=1.00 c=1.00 d=1.18
field trim: a=1.16 b=1.00 c=1.00 d=1.16
field trim: a=1.14 b=1.00 c=1.00 d=1.16
field trim: a=1.14 b=1.00 c=1.00 d=1.14
field trim: a=1.12 b=1.00 c=1.00 d=1.14
field trim: a=1.12 b=1.00 c=1.00 d=1.12
field trim: a=1.10 b=1.00 c=1.00 d=1.12
field trim: a=1.10 b=1.00 c=1.00 d=1.10
field trim: a=1.08 b=1.00 c=1.00 d=1.10
field trim: a=1.08 b=1.00 c=1.00 d=1.08
field trim: a=1.06 b=1.00 c=1.00 d=1.08
field trim: a=1.06 b=1.00 c=1.00 d=1.06
field trim: a=1.04 b=1.00 c=1.00 d=1.06
field trim: a=1.04 b=1.00 c=1.00 d=1.04
field trim: a=1.02 b=1.00 c=1.00 d=1.04
field trim: a=1.02 b=1.00 c=1.00 d=1.02
field trim: a=1.00 b=1.00 c=1.00 d=1.02
field trim: a=1.00 b=1.00 c=1.00 d=1.00
field trim: a=0.98 b=1.00 c=1.00 d=1.00
field trim: a=0.98 b=1.00 c=1.00 d=0.98
field trim: a=0.96 b=1.00 c=1.00 d=0.98
field trim: a=0.96 b=1.00 c=1.00 d=0.96
field trim: a=0.94 b=1.00 c=1.00 d=0.96
field trim: a=0.94 b=1.00 c=1.00 d=0.94
field trim: a=0.92 b=1.00 c=1.00 d=0.94
field trim: a=0.92 b=1.00 c=1.00 d=0.92
field trim: a=0.90 b=1.00 c=1.00 d=0.92
field trim: a=0.90 b=1.00 c=1.00 d=0.90
field trim: a=0.88 b=1.00 c=1.00 d=0.90
field trim: a=0.88 b=1.00 c=1.00 d=0.88
field trim: a=0.86 b=1.00 c=1.00 d=0.88
field trim: a=0.86 b=1.00 c=1.00 d=0.86
field trim: a=0.84 b=1.00 c=1.00 d=0.86
field trim: a=0.84 b=1.00 c=1.00 d=0.84
field trim: a=0.82 b=1.00 c=1.00 d=0.84
field trim: a=0.82 b=1.00 c=1.00 d=0.82
state=4 freq=170.0 target=0.0 ledc0=3357 ledc3=2518
field trim: a=0.80 b=1.00 c=1.00 d=0.82
field trim: a=0.80 b=1.00 c=1.00 d=0.80
field trim: a=0.78 b=1.00 c=1.00 d=0.80
field trim: a=0.78 b=1.00 c=1.00 d=0.78
field trim: a=0.76 b=1.00 c=1.00 d=0.78
field trim: a=0.76 b=1.00 c=1.00 d=0.76
field trim: a=0.74 b=1.00 c=1.00 d=0.76
field trim: a=0.74 b=1.00 c=1.00 d=0.74
field trim: a=0.72 b=1.00 c=1.00 d=0.74
field trim: a=0.72 b=1.00 c=1.00 d=0.72
field trim: a=0.70 b=1.00 c=1.00 d=0.72
field trim: a=0.70 b=1.00 c=1.00 d=0.70
field trim: a=0.68 b=1.00 c=1.00 d=0.70
field trim: a=0.68 b=1.00 c=1.00 d=0.68
field trim: a=0.66 b=1.00 c=1.00 d=0.68
field trim: a=0.66 b=1.00 c=1.00 d=0.66
field trim: a=0.64 b=1.00 c=1.00 d=0.66
field trim: a=0.64 b=1.00 c=1.00 d=0.64
field trim: a=0.62 b=1.00 c=1.00 d=0.64
field trim: a=0.62 b=1.00 c=1.00 d=0.62
field trim: a=0.60 b=1.00 c=1.00 d=0.62
field trim: a=0.60 b=1.00 c=1.00 d=0.60
field trim: a=0.58 b=1.00 c=1.00 d=0.60
field trim: a=0.58 b=1.00 c=1.00 d=0.58
field trim: a=0.56 b=1.00 c=1.00 d=0.58
field trim: a=0.56 b=1.00 c=1.00 d=0.56
field trim: a=0.54 b=1.00 c=1.00 d=0.56
field trim: a=0.54 b=1.00 c=1.00 d=0.54
field trim: a=0.52 b=1.00 c=1.00 d=0.54
field trim: a=0.52 b=1.00 c=1.00 d=0.52
field trim: a=0.50 b=1.00 c=1.00 d=0.52
field trim: a=0.50 b=1.00 c=1.00 d=0.50
field trim: a=0.50 b=1.00 c=1.00 d=0.50
field trim: a=0.50 b=1.00 c=1.00 d=0.50
field trim: a=0.50 b=1.00 c=1.00 d=0.50
field trim: a=0.50 b=1.00 c=1.00 d=0.50
field trim: a=0.50 b=1.00 c=1.00 d=0.50
field trim: a=0.50 b=1.00 c=1.00 d=0.50
field trim: a=0.50 b=1.00 c=1.00 d=0.50
field trim: a=0.50 b=1.00 c=1.00 d=0.50
field trim: a=0.50 b=1.00 c=1.00 d=0.50
field trim: a=0.50 b=1.00 c=1.00 d=0.50
field trim: a=0.50 b=1.00 c=1.00 d=0.50
field trim: a=0.50 b=1.00 c=1.00 d=0.50
field trim: a=0.50 b=1.00 c=1.00 d=0.50
field trim: a=0.50 b=1.00 c=1.00 d=0.50
field trim: a=0.50 b=1.00 c=1.00 d=0.50
field trim: a=0.50 b=1.00 c=1.00 d=0.50
field trim: a=0.50 b=1.00 c=1.00 d=0.50
field trim: a=0.50 b=1.00 c=1.00 d=0.50
field trim: a=0.50 b=1.00 c=1.00 d=0.50
field trim: a=0.50 b=1.00 c=1.00 d=0.50
field trim: a=0.50 b=1.00 c=1.00 d=0.50
field trim: a=0.50 b=1.00 c=1.00 d=0.50
field trim: a=0.50 b=1.00 c=1.00 d=0.50
field trim: a=0.50 b=1.00 c=1.00 d=0.50
field trim: a=0.50 b=1.00 c=1.00 d=0.50
field trim: a=0.50 b=1.00 c=1.00 d=0.50
field trim: a=0.50 b=1.00 c=1.00 d=0.50
field trim: a=0.50 b=1.00 c=1.00 d=0.50
field trim: a=0.50 b=1.00 c=1.00 d=0.50
field trim: a=0.50 b=1.00 c=1.00 d=0.50
field trim: a=0.50 b=1.00 c=1.00 d=0.50
field trim: a=0.50 b=1.00 c=1.00 d=0.50
field trim: a=0.50 b=1.00 c=1.00 d=0.50
field trim: a=0.50 b=1.00 c=1.00 d=0.50
state=4 freq=170.0 target=0.0 ledc0=2047 ledc3=1535
field trim: a=0.50 b=1.00 c=1.00 d=0.50
field trim: a=0.50 b=1.00 c=1.00 d=0.50
field trim: a=0.50 b=1.00 c=1.00 d=0.50
field trim: a=0.50 b=1.00 c=1.00 d=0.50
field trim: a=0.50 b=1.00 c=1.00 d=0.50
field trim: a=0.50 b=1.00 c=1.00 d=0.50
field trim: a=0.50 b=1.00 c=1.00 d=0.50
field trim: a=0.50 b=1.00 c=1.00 d=0.50
field trim: a=0.50 b=1.00 c=1.00 d=0.50
field trim: a=0.50 b=1.00 c=1.00 d=0.50
field trim: a=0.50 b=1.00 c=1.00 d=0.50
field trim: a=0.50 b=1.00 c=1.00 d=0.50
field trim: a=0.50 b=1.00 c=1.00 d=0.50
field trim: a=0.50 b=1.00 c=1.00 d=0.50
field trim: a=0.50 b=1.00 c=1.00 d=0.50
field trim: a=0.50 b=1.00 c=1.00 d=0.50
field trim: a=0.50 b=1.00 c=1.00 d=0.50
field trim: a=0.50 b=1.00 c=1.00 d=0.50
field trim: a=0.50 b=1.00 c=1.00 d=0.50
field trim: a=0.50 b=1.00 c=1.00 d=0.50
state=4 freq=170.0 target=0.0 ledc0=2047 ledc3=1535
state=4 freq=170.0 target=0.0 ledc0=2047 ledc3=1535
state=4 freq=170.0 target=0.0 ledc0=2047 ledc3=1535
state=4 freq=170.0 target=0.0 ledc0=2047 ledc3=1535
begin: started
state=1 freq=1.5 target=100.0 ledc0=1536 ledc3=1531
stop: ramping down (fast)
coils off
state=6 freq=2.6 target=100.0 ledc0=0 ledc3=0
state=6 freq=2.6 target=100.0 ledc0=0 ledc3=0
state=6 freq=2.6 target=100.0 ledc0=0 ledc3=0
state=6 freq=2.6 target=100.0 ledc0=0 ledc3=0
state=6 freq=2.6 target=100.0 ledc0=0 ledc3=0
state=6 freq=2.6 target=100.0 ledc0=0 ledc3=0
state=6 freq=2.6 target=100.0 ledc0=0 ledc3=0
state=6 freq=2.6 target=100.0 ledc0=0 ledc3=0
state=6 freq=2.6 target=100.0 ledc0=0 ledc3=0
state=6 freq=2.6 target=100.0 ledc0=0 ledc3=0
state=6 freq=2.6 target=100.0 ledc0=0 ledc3=0
state=6 freq=2.6 target=100.0 ledc0=0 ledc3=0
state=6 freq=2.6 target=100.0 ledc0=0 ledc3=0
state=6 freq=2.6 target=100.0 ledc0=0 ledc3=0
state=6 freq=2.6 target=100.0 ledc0=0 ledc3=0
state=6 freq=2.6 target=100.0 ledc0=0 ledc3=0
state=6 freq=2.6 target=100.0 ledc0=0 ledc3=0
state=6 freq=2.6 target=100.0 ledc0=0 ledc3=0
state=6 freq=2.6 target=100.0 ledc0=0 ledc3=0
state=6 freq=2.6 target=100.0 ledc0=0 ledc3=0
state=6 freq=2.6 target=100.0 ledc0=0 ledc3=0
state=6 freq=2.6 target=100.0 ledc0=0 ledc3=0
state=6 freq=2.6 target=100.0 ledc0=0 ledc3=0
state=6 freq=2.6 target=100.0 ledc0=0 ledc3=0
state=6 freq=2.6 target=100.0 ledc0=0 ledc3=0
state=6 freq=2.6 target=100.0 ledc0=0 ledc3=0
state=6 freq=2.6 target=100.0 ledc0=0 ledc3=0
state=6 freq=2.6 target=100.0 ledc0=0 ledc3=0
state=6 freq=2.6 target=100.0 ledc0=0 ledc3=0
state=6 freq=2.6 target=100.0 ledc0=0 ledc3=0
state=6 freq=2.6 target=100.0 ledc0=0 ledc3=0
state=6 freq=2.6 target=100.0 ledc0=0 ledc3=0
state=6 freq=2.6 target=100.0 ledc0=0 ledc3=0
state=6 freq=2.6 target=100.0 ledc0=0 ledc3=0
state=6 freq=2.6 target=100.0 ledc0=0 ledc3=0
state=6 freq=2.6 target=100.0 ledc0=0 ledc3=0
state=6 freq=2.6 target=100.0 ledc0=0 ledc3=0
state=6 freq=2.6 target=100.0 ledc0=0 ledc3=0
state=6 freq=2.6 target=100.0 ledc0=0 ledc3=0
state=6 freq=2.6 target=100.0 ledc0=0 ledc3=0
state=6 freq=2.6 target=100.0 ledc0=0 ledc3=0
state=6 freq=2.6 target=100.0 ledc0=0 ledc3=0
state=6 freq=2.6 target=100.0 ledc0=0 ledc3=0
state=6 freq=2.6 target=100.0 ledc0=0 ledc3=0
state=6 freq=2.6 target=100.0 ledc0=0 ledc3=0
state=6 freq=2.6 target=100.0 ledc0=0 ledc3=0
state=6 freq=2.6 target=100.0 ledc0=0 ledc3=0
state=6 freq=2.6 target=100.0 ledc0=0 ledc3=0
state=6 freq=2.6 target=100.0 ledc0=0 ledc3=0
state=6 freq=2.6 target=100.0 ledc0=0 ledc3=0
state=6 freq=2.6 target=100.0 ledc0=0 ledc3=0
state=6 freq=2.6 target=100.0 ledc0=0 ledc3=0
state=6 freq=2.6 target=100.0 ledc0=0 ledc3=0
state=6 freq=2.6 target=100.0 ledc0=0 ledc3=0
state=6 freq=2.6 target=100.0 ledc0=0 ledc3=0
state=6 freq=2.6 target=100.0 ledc0=0 ledc3=0
state=6 freq=2.6 target=100.0 ledc0=0 ledc3=0
state=6 freq=2.6 target=100.0 ledc0=0 ledc3=0
state=6 freq=2.6 target=100.0 ledc0=0 ledc3=0
state=6 freq=2.6 target=100.0 ledc0=0 ledc3=0
state=6 freq=2.6 target=100.0 ledc0=0 ledc3=0
state=6 freq=2.6 target=100.0 ledc0=0 ledc3=0
state=6 freq=2.6 target=100.0 ledc0=0 ledc3=0
state=6 freq=2.6 target=100.0 ledc0=0 ledc3=0
state=6 freq=2.6 target=100.0 ledc0=0 ledc3=0
state=6 freq=2.6 target=100.0 ledc0=0 ledc3=0
state=6 freq=2.6 target=100.0 ledc0=0 ledc3=0
state=6 freq=2.6 target=100.0 ledc0=0 ledc3=0
state=6 freq=2.6 target=100.0 ledc0=0 ledc3=0
state=6 freq=2.6 target=100.0 ledc0=0 ledc3=0
state=6 freq=2.6 target=100.0 ledc0=0 ledc3=0
state=6 freq=2.6 target=100.0 ledc0=0 ledc3=0
state=6 freq=2.6 target=100.0 ledc0=0 ledc3=0
state=6 freq=2.6 target=100.0 ledc0=0 ledc3=0
state=6 freq=2.6 target=100.0 ledc0=0 ledc3=0
state=6 freq=2.6 target=100.0 ledc0=0 ledc3=0
state=6 freq=2.6 target=100.0 ledc0=0 ledc3=0
state=6 freq=2.6 target=100.0 ledc0=0 ledc3=0
state=6 freq=2.6 target=100.0 ledc0=0 ledc3=0
state=6 freq=2.6 target=100.0 ledc0=0 ledc3=0
state=6 freq=2.6 target=100.0 ledc0=0 ledc3=0
state=6 freq=2.6 target=100.0 ledc0=0 ledc3=0
state=6 freq=2.6 target=100.0 ledc0=0 ledc3=0
state=6 freq=2.6 target=100.0 ledc0=0 ledc3=0
state=6 freq=2.6 target=100.0 ledc0=0 ledc3=0
state=6 freq=2.6 target=100.0 ledc0=0 ledc3=0
state=6 freq=2.6 target=100.0 ledc0=0 ledc3=0
state=6 freq=2.6 target=100.0 ledc0=0 ledc3=0
state=6 freq=2.6 target=100.0 ledc0=0 ledc3=0
state=6 freq=2.6 target=100.0 ledc0=0 ledc3=0
state=6 freq=2.6 target=100.0 ledc0=0 ledc3=0
state=6 freq=2.6 target=100.0 ledc0=0 ledc3=0
state=6 freq=2.6 target=100.0 ledc0=0 ledc3=0
state=6 freq=2.6 target=100.0 ledc0=0 ledc3=0
state=6 freq=2.6 target=100.0 ledc0=0 ledc3=0
state=6 freq=2.6 target=100.0 ledc0=0 ledc3=0
state=6 freq=2.6 target=100.0 ledc0=0 ledc3=0
state=6 freq=2.6 target=100.0 ledc0=0 ledc3=0
state=6 freq=2.6 target=100.0 ledc0=0 ledc3=0
state=6 freq=2.6 target=100.0 ledc0=0 ledc3=0
state=6 freq=2.6 target=100.0 ledc0=0 ledc3=0
state=6 freq=2.6 target=100.0 ledc0=0 ledc3=0
state=6 freq=2.6 target=100.0 ledc0=0 ledc3=0
state=6 freq=2.6 target=100.0 ledc0=0 ledc3=0
state=6 freq=2.6 target=100.0 ledc0=0 ledc3=0
state=6 freq=2.6 target=100.0 ledc0=0 ledc3=0
state=6 freq=2.6 target=100.0 ledc0=0 ledc3=0
state=6 freq=2.6 target=100.0 ledc0=0 ledc3=0
state=6 freq=2.6 target=100.0 ledc0=0 ledc3=0
state=6 freq=2.6 target=100.0 ledc0=0 ledc3=0
state=6 freq=2.6 target=100.0 ledc0=0 ledc3=0
state=6 freq=2.6 target=100.0 ledc0=0 ledc3=0
state=6 freq=2.6 target=100.0 ledc0=0 ledc3=0
state=6 freq=2.6 target=100.0 ledc0=0 ledc3=0
state=6 freq=2.6 target=100.0 ledc0=0 ledc3=0
state=6 freq=2.6 target=100.0 ledc0=0 ledc3=0
state=6 freq=2.6 target=100.0 ledc0=0 ledc3=0
state=6 freq=2.6 target=100.0 ledc0=0 ledc3=0
state=6 freq=2.6 target=100.0 ledc0=0 ledc3=0
state=6 freq=2.6 target=100.0 ledc0=0 ledc3=0
state=6 freq=2.6 target=100.0 ledc0=0 ledc3=0
state=6 freq=2.6 target=100.0 ledc0=0 ledc3=0
state=6 freq=2.6 target=100.0 ledc0=0 ledc3=0
state=6 freq=2.6 target=100.0 ledc0=0 ledc3=0
state=6 freq=2.6 target=100.0 ledc0=0 ledc3=0
state=6 freq=2.6 target=100.0 ledc0=0 ledc3=0
state=6 freq=2.6 target=100.0 ledc0=0 ledc3=0
state=6 freq=2.6 target=100.0 ledc0=0 ledc3=0
state=6 freq=2.6 target=100.0 ledc0=0 ledc3=0
state=6 freq=2.6 target=100.0 ledc0=0 ledc3=0
state=6 freq=2.6 target=100.0 ledc0=0 ledc3=0
state=6 freq=2.6 target=100.0 ledc0=0 ledc3=0
state=6 freq=2.6 target=100.0 ledc0=0 ledc3=0
state=6 freq=2.6 target=100.0 ledc0=0 ledc3=0
state=6 freq=2.6 target=100.0 ledc0=0 ledc3=0
state=6 freq=2.6 target=100.0 ledc0=0 ledc3=0
state=6 freq=2.6 target=100.0 ledc0=0 ledc3=0
state=6 freq=2.6 target=100.0 ledc0=0 ledc3=0
state=6 freq=2.6 target=100.0 ledc0=0 ledc3=0
state=6 freq=2.6 target=100.0 ledc0=0 ledc3=0
state=6 freq=2.6 target=100.0 ledc0=0 ledc3=0
state=6 freq=2.6 target=100.0 ledc0=0 ledc3=0
state=6 freq=2.6 target=100.0 ledc0=0 ledc3=0
state=6 freq=2.6 target=100.0 ledc0=0 ledc3=0
state=6 freq=2.6 target=100.0 ledc0=0 ledc3=0
state=6 freq=2.6 target=100.0 ledc0=0 ledc3=0
state=6 freq=2.6 target=100.0 ledc0=0 ledc3=0
state=6 freq=2.6 target=100.0 ledc0=0 ledc3=0
state=6 freq=2.6 target=100.0 ledc0=0 ledc3=0
state=6 freq=2.6 target=100.0 ledc0=0 ledc3=0
state=6 freq=2.6 target=100.0 ledc0=0 ledc3=0
state=6 freq=2.6 target=100.0 ledc0=0 ledc3=0
state=6 freq=2.6 target=100.0 ledc0=0 ledc3=0
state=6 freq=2.6 target=100.0 ledc0=0 ledc3=0
stop: ramping down (fast)
coils off
state=6 freq=2.6 target=100.0 ledc0=0 ledc3=0
state=6 freq=2.6 target=100.0 ledc0=0 ledc3=0
state=6 freq=2.6 target=100.0 ledc0=0 ledc3=0
stop: ramping down (fast)
coils off
