ets Jul 29 2019 12:21:46

rst:0x1 (POWERON_RESET),boot:0x13 (SPI_FAST_FLASH_BOOT)
configsip: 0, SPIWP:0xee
clk_drv:0x00,q_drv:0x00,d_drv:0x00,cs0_drv:0x00,hd_drv:0x00,wp_drv:0x00
mode:DIO, clock div:2
load:0x3fff0030,len:1184
load:0x40078000,len:13232
load:0x40080400,len:3028
entry 0x400805e4
running main tilt
armed: b=begin  s=stop(e-stop)  e=end(ramp down)
state=0 freq=0.0 target=100.0 ledc0=0 ledc3=0
state=0 freq=0.0 target=100.0 ledc0=0 ledc3=0
state=0 freq=0.0 target=100.0 ledc0=0 ledc3=0
state=0 freq=0.0 target=100.0 ledc0=0 ledc3=0
state=0 freq=0.0 target=100.0 ledc0=0 ledc3=0
state=0 freq=0.0 target=100.0 ledc0=0 ledc3=0
state=0 freq=0.0 target=100.0 ledc0=0 ledc3=0
state=0 freq=0.0 target=100.0 ledc0=0 ledc3=0
state=0 freq=0.0 target=100.0 ledc0=0 ledc3=0
begin: started
state=1 freq=1.0 target=100.0 ledc0=3068 ledc3=3063
state=1 freq=2.0 target=100.0 ledc0=3072 ledc3=3063
state=1 freq=4.3 target=100.0 ledc0=3083 ledc3=3063
state=1 freq=7.7 target=100.0 ledc0=3100 ledc3=3063
state=1 freq=12.3 target=100.0 ledc0=3122 ledc3=3063
state=1 freq=17.8 target=100.0 ledc0=3149 ledc3=3063
state=1 freq=24.3 target=100.0 ledc0=3181 ledc3=3063
state=1 freq=31.5 target=100.0 ledc0=3217 ledc3=3064
state=1 freq=39.5 target=100.0 ledc0=3256 ledc3=3064
state=1 freq=48.1 target=100.0 ledc0=3298 ledc3=3064
state=1 freq=57.3 target=100.0 ledc0=3343 ledc3=3065
state=1 freq=66.9 target=100.0 ledc0=3390 ledc3=3065
field trim: a=0.98 b=1.00 c=1.00 d=1.00
state=1 freq=76.8 target=100.0 ledc0=3370 ledc3=3066
state=1 freq=87.0 target=100.0 ledc0=3419 ledc3=3066
field trim: a=0.98 b=0.98 c=1.00 d=1.00
state=1 freq=97.4 target=100.0 ledc0=3469 ledc3=3066
state=1 freq=107.9 target=100.0 ledc0=3519 ledc3=3067
field trim: a=0.96 b=0.98 c=1.00 d=1.00
state=1 freq=118.3 target=100.0 ledc0=3497 ledc3=3067
state=1 freq=128.6 target=100.0 ledc0=3545 ledc3=3068
field trim: a=0.96 b=0.96 c=1.00 d=1.00
state=1 freq=138.7 target=100.0 ledc0=3593 ledc3=3068
field trim: a=0.96 b=0.94 c=1.00 d=1.00
state=1 freq=148.5 target=100.0 ledc0=3639 ledc3=3068
field trim: a=0.96 b=0.92 c=1.00 d=1.00
state=1 freq=157.9 target=100.0 ledc0=3684 ledc3=3069
state=1 freq=166.8 target=100.0 ledc0=3726 ledc3=3069
state=1 freq=175.2 target=100.0 ledc0=3765 ledc3=3069
state=1 freq=182.8 target=100.0 ledc0=3802 ledc3=3070
state=1 freq=189.8 target=100.0 ledc0=3835 ledc3=3070
field trim: a=0.98 b=0.92 c=1.00 d=1.00
state=1 freq=195.8 target=100.0 ledc0=3944 ledc3=3070
state=1 freq=200.9 target=100.0 ledc0=3968 ledc3=3070
field trim: a=1.00 b=0.92 c=1.00 d=1.00
state=1 freq=205.0 target=100.0 ledc0=4070 ledc3=3071
state=1 freq=207.9 target=100.0 ledc0=4084 ledc3=3071
state=2 freq=209.6 target=100.0 ledc0=4092 ledc3=3071
end: ramping down
state=5 freq=210.0 target=100.0 ledc0=2293 ledc3=1269
coils off
state=6 freq=210.0 target=100.0 ledc0=0 ledc3=0
state=6 freq=210.0 target=100.0 ledc0=0 ledc3=0
state=6 freq=210.0 target=100.0 ledc0=0 ledc3=0
state=6 freq=210.0 target=100.0 ledc0=0 ledc3=0
state=6 freq=210.0 target=100.0 ledc0=0 ledc3=0
state=6 freq=210.0 target=100.0 ledc0=0 ledc3=0
state=6 freq=210.0 target=100.0 ledc0=0 ledc3=0
state=6 freq=210.0 target=100.0 ledc0=0 ledc3=0
state=6 freq=210.0 target=100.0 ledc0=0 ledc3=0
state=6 freq=210.0 target=100.0 ledc0=0 ledc3=0
state=6 freq=210.0 target=100.0 ledc0=0 ledc3=0
state=6 freq=210.0 target=100.0 ledc0=0 ledc3=0
state=6 freq=210.0 target=100.0 ledc0=0 ledc3=0
state=6 freq=210.0 target=100.0 ledc0=0 ledc3=0
state=6 freq=210.0 target=100.0 ledc0=0 ledc3=0
state=6 freq=210.0 target=100.0 ledc0=0 ledc3=0
state=6 freq=210.0 target=100.0 ledc0=0 ledc3=0
state=6 freq=210.0 target=100.0 ledc0=0 ledc3=0
state=6 freq=210.0 target=100.0 ledc0=0 ledc3=0
state=6 freq=210.0 target=100.0 ledc0=0 ledc3=0
state=6 freq=210.0 target=100.0 ledc0=0 ledc3=0
state=6 freq=210.0 target=100.0 ledc0=0 ledc3=0
state=6 freq=210.0 target=100.0 ledc0=0 ledc3=0
state=6 freq=210.0 target=100.0 ledc0=0 ledc3=0
state=6 freq=210.0 target=100.0 ledc0=0 ledc3=0
state=6 freq=210.0 target=100.0 ledc0=0 ledc3=0
state=6 freq=210.0 target=100.0 ledc0=0 ledc3=0
state=6 freq=210.0 target=100.0 ledc0=0 ledc3=0
state=6 freq=210.0 target=100.0 ledc0=0 ledc3=0
state=6 freq=210.0 target=100.0 ledc0=0 ledc3=0
state=6 freq=210.0 target=100.0 ledc0=0 ledc3=0
state=6 freq=210.0 target=100.0 ledc0=0 ledc3=0
state=6 freq=210.0 target=100.0 ledc0=0 ledc3=0
state=6 freq=210.0 target=100.0 ledc0=0 ledc3=0
state=6 freq=210.0 target=100.0 ledc0=0 ledc3=0
state=6 freq=210.0 target=100.0 ledc0=0 ledc3=0
state=6 freq=210.0 target=100.0 ledc0=0 ledc3=0
state=6 freq=210.0 target=100.0 ledc0=0 ledc3=0
state=6 freq=210.0 target=100.0 ledc0=0 ledc3=0
state=6 freq=210.0 target=100.0 ledc0=0 ledc3=0
state=6 freq=210.0 target=100.0 ledc0=0 ledc3=0
state=6 freq=210.0 target=100.0 ledc0=0 ledc3=0
state=6 freq=210.0 target=100.0 ledc0=0 ledc3=0
state=6 freq=210.0 target=100.0 ledc0=0 ledc3=0
state=6 freq=210.0 target=100.0 ledc0=0 ledc3=0
state=6 freq=210.0 target=100.0 ledc0=0 ledc3=0
state=6 freq=210.0 target=100.0 ledc0=0 ledc3=0
state=6 freq=210.0 target=100.0 ledc0=0 ledc3=0
state=6 freq=210.0 target=100.0 ledc0=0 ledc3=0
state=6 freq=210.0 target=100.0 ledc0=0 ledc3=0
state=6 freq=210.0 target=100.0 ledc0=0 ledc3=0
state=6 freq=210.0 target=100.0 ledc0=0 ledc3=0
state=6 freq=210.0 target=100.0 ledc0=0 ledc3=0
state=6 freq=210.0 target=100.0 ledc0=0 ledc3=0
state=6 freq=210.0 target=100.0 ledc0=0 ledc3=0
state=6 freq=210.0 target=100.0 ledc0=0 ledc3=0
state=6 freq=210.0 target=100.0 ledc0=0 ledc3=0
state=6 freq=210.0 target=100.0 ledc0=0 ledc3=0
state=6 freq=210.0 target=100.0 ledc0=0 ledc3=0
state=6 freq=210.0 target=100.0 ledc0=0 ledc3=0
state=6 freq=210.0 target=100.0 ledc0=0 ledc3=0
state=6 freq=210.0 target=100.0 ledc0=0 ledc3=0
state=6 freq=210.0 target=100.0 ledc0=0 ledc3=0
state=6 freq=210.0 target=100.0 ledc0=0 ledc3=0
state=6 freq=210.0 target=100.0 ledc0=0 ledc3=0
state=6 freq=210.0 target=100.0 ledc0=0 ledc3=0
state=6 freq=210.0 target=100.0 ledc0=0 ledc3=0
state=6 freq=210.0 target=100.0 ledc0=0 ledc3=0
state=6 freq=210.0 target=100.0 ledc0=0 ledc3=0
state=6 freq=210.0 target=100.0 ledc0=0 ledc3=0
state=6 freq=210.0 target=100.0 ledc0=0 ledc3=0
state=6 freq=210.0 target=100.0 ledc0=0 ledc3=0
state=6 freq=210.0 target=100.0 ledc0=0 ledc3=0
state=6 freq=210.0 target=100.0 ledc0=0 ledc3=0
state=6 freq=210.0 target=100.0 ledc0=0 ledc3=0
state=6 freq=210.0 target=100.0 ledc0=0 ledc3=0
state=6 freq=210.0 target=100.0 ledc0=0 ledc3=0
state=6 freq=210.0 target=100.0 ledc0=0 ledc3=0
state=6 freq=210.0 target=100.0 ledc0=0 ledc3=0
state=6 freq=210.0 target=100.0 ledc0=0 ledc3=0
state=6 freq=210.0 target=100.0 ledc0=0 ledc3=0
state=6 freq=210.0 target=100.0 ledc0=0 ledc3=0
state=6 freq=210.0 target=100.0 ledc0=0 ledc3=0
state=6 freq=210.0 target=100.0 ledc0=0 ledc3=0
state=6 freq=210.0 target=100.0 ledc0=0 ledc3=0
state=6 freq=210.0 target=100.0 ledc0=0 ledc3=0
state=6 freq=210.0 target=100.0 ledc0=0 ledc3=0
state=6 freq=210.0 target=100.0 ledc0=0 ledc3=0
state=6 freq=210.0 target=100.0 ledc0=0 ledc3=0
state=6 freq=210.0 target=100.0 ledc0=0 ledc3=0
state=6 freq=210.0 target=100.0 ledc0=0 ledc3=0
state=6 freq=210.0 target=100.0 ledc0=0 ledc3=0
state=6 freq=210.0 target=100.0 ledc0=0 ledc3=0
state=6 freq=210.0 target=100.0 ledc0=0 ledc3=0
state=6 freq=210.0 target=100.0 ledc0=0 ledc3=0
state=6 freq=210.0 target=100.0 ledc0=0 ledc3=0
state=6 freq=210.0 target=100.0 ledc0=0 ledc3=0
state=6 freq=210.0 target=100.0 ledc0=0 ledc3=0
state=6 freq=210.0 target=100.0 ledc0=0 ledc3=0
state=6 freq=210.0 target=100.0 ledc0=0 ledc3=0
state=6 freq=210.0 target=100.0 ledc0=0 ledc3=0
state=6 freq=210.0 target=100.0 ledc0=0 ledc3=0
state=6 freq=210.0 target=100.0 ledc0=0 ledc3=0
state=6 freq=210.0 target=100.0 ledc0=0 ledc3=0
state=6 freq=210.0 target=100.0 ledc0=0 ledc3=0
state=6 freq=210.0 target=100.0 ledc0=0 ledc3=0
state=6 freq=210.0 target=100.0 ledc0=0 ledc3=0
state=6 freq=210.0 target=100.0 ledc0=0 ledc3=0
state=6 freq=210.0 target=100.0 ledc0=0 ledc3=0
state=6 freq=210.0 target=100.0 ledc0=0 ledc3=0
state=6 freq=210.0 target=100.0 ledc0=0 ledc3=0
state=6 freq=210.0 target=100.0 ledc0=0 ledc3=0
state=6 freq=210.0 target=100.0 ledc0=0 ledc3=0
state=6 freq=210.0 target=100.0 ledc0=0 ledc3=0
state=6 freq=210.0 target=100.0 ledc0=0 ledc3=0
state=6 freq=210.0 target=100.0 ledc0=0 ledc3=0
state=6 freq=210.0 target=100.0 ledc0=0 ledc3=0
state=6 freq=210.0 target=100.0 ledc0=0 ledc3=0
state=6 freq=210.0 target=100.0 ledc0=0 ledc3=0
state=6 freq=210.0 target=100.0 ledc0=0 ledc3=0
state=6 freq=210.0 target=100.0 ledc0=0 ledc3=0
state=6 freq=210.0 target=100.0 ledc0=0 ledc3=0
state=6 freq=210.0 target=100.0 ledc0=0 ledc3=0
state=6 freq=210.0 target=100.0 ledc0=0 ledc3=0
state=6 freq=210.0 target=100.0 ledc0=0 ledc3=0
state=6 freq=210.0 target=100.0 ledc0=0 ledc3=0
state=6 freq=210.0 target=100.0 ledc0=0 ledc3=0
state=6 freq=210.0 target=100.0 ledc0=0 ledc3=0
state=6 freq=210.0 target=100.0 ledc0=0 ledc3=0
state=6 freq=210.0 target=100.0 ledc0=0 ledc3=0
state=6 freq=210.0 target=100.0 ledc0=0 ledc3=0
state=6 freq=210.0 target=100.0 ledc0=0 ledc3=0
state=6 freq=210.0 target=100.0 ledc0=0 ledc3=0
state=6 freq=210.0 target=100.0 ledc0=0 ledc3=0
state=6 freq=210.0 target=100.0 ledc0=0 ledc3=0
state=6 freq=210.0 target=100.0 ledc0=0 ledc3=0
state=6 freq=210.0 target=100.0 ledc0=0 ledc3=0
state=6 freq=210.0 target=100.0 ledc0=0 ledc3=0
state=6 freq=210.0 target=100.0 ledc0=0 ledc3=0
state=6 freq=210.0 target=100.0 ledc0=0 ledc3=0
state=6 freq=210.0 target=100.0 ledc0=0 ledc3=0
state=6 freq=210.0 target=100.0 ledc0=0 ledc3=0
state=6 freq=210.0 target=100.0 ledc0=0 ledc3=0
state=6 freq=210.0 target=100.0 ledc0=0 ledc3=0
state=6 freq=210.0 target=100.0 ledc0=0 ledc3=0
state=6 freq=210.0 target=100.0 ledc0=0 ledc3=0
state=6 freq=210.0 target=100.0 ledc0=0 ledc3=0
state=6 freq=210.0 target=100.0 ledc0=0 ledc3=0
state=6 freq=210.0 target=100.0 ledc0=0 ledc3=0
state=6 freq=210.0 target=100.0 ledc0=0 ledc3=0
state=6 freq=210.0 target=100.0 ledc0=0 ledc3=0
state=6 freq=210.0 target=100.0 ledc0=0 ledc3=0
state=6 freq=210.0 target=100.0 ledc0=0 ledc3=0
state=6 freq=210.0 target=100.0 ledc0=0 ledc3=0
state=6 freq=210.0 target=100.0 ledc0=0 ledc3=0
state=6 freq=210.0 target=100.0 ledc0=0 ledc3=0
state=6 freq=210.0 target=100.0 ledc0=0 ledc3=0
state=6 freq=210.0 target=100.0 ledc0=0 ledc3=0
state=6 freq=210.0 target=100.0 ledc0=0 ledc3=0
state=6 freq=210.0 target=100.0 ledc0=0 ledc3=0
state=6 freq=210.0 target=100.0 ledc0=0 ledc3=0
state=6 freq=210.0 target=100.0 ledc0=0 ledc3=0
state=6 freq=210.0 target=100.0 ledc0=0 ledc3=0
state=6 freq=210.0 target=100.0 ledc0=0 ledc3=0
state=6 freq=210.0 target=100.0 ledc0=0 ledc3=0
state=6 freq=210.0 target=100.0 ledc0=0 ledc3=0
state=6 freq=210.0 target=100.0 ledc0=0 ledc3=0
state=6 freq=210.0 target=100.0 ledc0=0 ledc3=0
state=6 freq=210.0 target=100.0 ledc0=0 ledc3=0
state=6 freq=210.0 target=100.0 ledc0=0 ledc3=0
state=6 freq=210.0 target=100.0 ledc0=0 ledc3=0
state=6 freq=210.0 target=100.0 ledc0=0 ledc3=0
state=6 freq=210.0 target=100.0 ledc0=0 ledc3=0
state=6 freq=210.0 target=100.0 ledc0=0 ledc3=0
state=6 freq=210.0 target=100.0 ledc0=0 ledc3=0
state=6 freq=210.0 target=100.0 ledc0=0 ledc3=0
state=6 freq=210.0 target=100.0 ledc0=0 ledc3=0
state=6 freq=210.0 target=100.0 ledc0=0 ledc3=0
state=6 freq=210.0 target=100.0 ledc0=0 ledc3=0
state=6 freq=210.0 target=100.0 ledc0=0 ledc3=0
state=6 freq=210.0 target=100.0 ledc0=0 ledc3=0
state=6 freq=210.0 target=100.0 ledc0=0 ledc3=0
state=6 freq=210.0 target=100.0 ledc0=0 ledc3=0
state=6 freq=210.0 target=100.0 ledc0=0 ledc3=0
state=6 freq=210.0 target=100.0 ledc0=0 ledc3=0
state=6 freq=210.0 target=100.0 ledc0=0 ledc3=0
state=6 freq=210.0 target=100.0 ledc0=0 ledc3=0
state=6 freq=210.0 target=100.0 ledc0=0 ledc3=0
state=6 freq=210.0 target=100.0 ledc0=0 ledc3=0
state=6 freq=210.0 target=100.0 ledc0=0 ledc3=0
state=6 freq=210.0 target=100.0 ledc0=0 ledc3=0
state=6 freq=210.0 target=100.0 ledc0=0 ledc3=0
state=6 freq=210.0 target=100.0 ledc0=0 ledc3=0
state=6 freq=210.0 target=100.0 ledc0=0 ledc3=0
state=6 freq=210.0 target=100.0 ledc0=0 ledc3=0
state=6 freq=210.0 target=100.0 ledc0=0 ledc3=0
state=6 freq=210.0 target=100.0 ledc0=0 ledc3=0
state=6 freq=210.0 target=100.0 ledc0=0 ledc3=0
state=6 freq=210.0 target=100.0 ledc0=0 ledc3=0
state=6 freq=210.0 target=100.0 ledc0=0 ledc3=0
state=6 freq=210.0 target=100.0 ledc0=0 ledc3=0
state=6 freq=210.0 target=100.0 ledc0=0 ledc3=0
state=6 freq=210.0 target=100.0 ledc0=0 ledc3=0
state=6 freq=210.0 target=100.0 ledc0=0 ledc3=0
state=6 freq=210.0 target=100.0 ledc0=0 ledc3=0
state=6 freq=210.0 target=100.0 ledc0=0 ledc3=0
state=6 freq=210.0 target=100.0 ledc0=0 ledc3=0
state=6 freq=210.0 target=100.0 ledc0=0 ledc3=0
state=6 freq=210.0 target=100.0 ledc0=0 ledc3=0
state=6 freq=210.0 target=100.0 ledc0=0 ledc3=0
state=6 freq=210.0 target=100.0 ledc0=0 ledc3=0
state=6 freq=210.0 target=100.0 ledc0=0 ledc3=0
state=6 freq=210.0 target=100.0 ledc0=0 ledc3=0
state=6 freq=210.0 target=100.0 ledc0=0 ledc3=0
state=6 freq=210.0 target=100.0 ledc0=0 ledc3=0
state=6 freq=210.0 target=100.0 ledc0=0 ledc3=0
state=6 freq=210.0 target=100.0 ledc0=0 ledc3=0
state=6 freq=210.0 target=100.0 ledc0=0 ledc3=0
state=6 freq=210.0 target=100.0 ledc0=0 ledc3=0
state=6 freq=210.0 target=100.0 ledc0=0 ledc3=0
state=6 freq=210.0 target=100.0 ledc0=0 ledc3=0
state=6 freq=210.0 target=100.0 ledc0=0 ledc3=0
state=6 freq=210.0 target=100.0 ledc0=0 ledc3=0
state=6 freq=210.0 target=100.0 ledc0=0 ledc3=0
state=6 freq=210.0 target=100.0 ledc0=0 ledc3=0
state=6 freq=210.0 target=100.0 ledc0=0 ledc3=0
state=6 freq=210.0 target=100.0 ledc0=0 ledc3=0
state=6 freq=210.0 target=100.0 ledc0=0 ledc3=0
state=6 freq=210.0 target=100.0 ledc0=0 ledc3=0
state=6 freq=210.0 target=100.0 ledc0=0 ledc3=0
state=6 freq=210.0 target=100.0 ledc0=0 ledc3=0
state=6 freq=210.0 target=100.0 ledc0=0 ledc3=0
state=6 freq=210.0 target=100.0 ledc0=0 ledc3=0
state=6 freq=210.0 target=100.0 ledc0=0 ledc3=0
state=6 freq=210.0 target=100.0 ledc0=0 ledc3=0
state=6 freq=210.0 target=100.0 ledc0=0 ledc3=0
state=6 freq=210.0 target=100.0 ledc0=0 ledc3=0
state=6 freq=210.0 target=100.0 ledc0=0 ledc3=0
state=6 freq=210.0 target=100.0 ledc0=0 ledc3=0
state=6 freq=210.0 target=100.0 ledc0=0 ledc3=0
state=6 freq=210.0 target=100.0 ledc0=0 ledc3=0
state=6 freq=210.0 target=100.0 ledc0=0 ledc3=0
state=6 freq=210.0 target=100.0 ledc0=0 ledc3=0
state=6 freq=210.0 target=100.0 ledc0=0 ledc3=0
state=6 freq=210.0 target=100.0 ledc0=0 ledc3=0
state=6 freq=210.0 target=100.0 ledc0=0 ledc3=0
state=6 freq=210.0 target=100.0 ledc0=0 ledc3=0
state=6 freq=210.0 target=100.0 ledc0=0 ledc3=0
state=6 freq=210.0 target=100.0 ledc0=0 ledc3=0
state=6 freq=210.0 target=100.0 ledc0=0 ledc3=0
state=6 freq=210.0 target=100.0 ledc0=0 ledc3=0
state=6 freq=210.0 target=100.0 ledc0=0 ledc3=0
state=6 freq=210.0 target=100.0 ledc0=0 ledc3=0
state=6 freq=210.0 target=100.0 ledc0=0 ledc3=0
state=6 freq=210.0 target=100.0 ledc0=0 ledc3=0
state=6 freq=210.0 target=100.0 ledc0=0 ledc3=0
state=6 freq=210.0 target=100.0 ledc0=0 ledc3=0
state=6 freq=210.0 target=100.0 ledc0=0 ledc3=0
state=6 freq=210.0 target=100.0 ledc0=0 ledc3=0
state=6 freq=210.0 target=100.0 ledc0=0 ledc3=0
state=6 freq=210.0 target=100.0 ledc0=0 ledc3=0
state=6 freq=210.0 target=100.0 ledc0=0 ledc3=0
state=6 freq=210.0 target=100.0 ledc0=0 ledc3=0
state=6 freq=210.0 target=100.0 ledc0=0 ledc3=0
state=6 freq=210.0 target=100.0 ledc0=0 ledc3=0
state=6 freq=210.0 target=100.0 ledc0=0 ledc3=0
state=6 freq=210.0 target=100.0 ledc0=0 ledc3=0
state=6 freq=210.0 target=100.0 ledc0=0 ledc3=0
state=6 freq=210.0 target=100.0 ledc0=0 ledc3=0
state=6 freq=210.0 target=100.0 ledc0=0 ledc3=0
state=6 freq=210.0 target=100.0 ledc0=0 ledc3=0
state=6 freq=210.0 target=100.0 ledc0=0 ledc3=0
state=6 freq=210.0 target=100.0 ledc0=0 ledc3=0
state=6 freq=210.0 target=100.0 ledc0=0 ledc3=0
stop: ramping down (fast)
coils off
