state=6 freq=2.6 target=100.0 ledc0=0 ledc3=0
begin: started
state=1 freq=1.0 target=100.0 ledc0=1534 ledc3=1531
state=1 freq=1.6 target=100.0 ledc0=1536 ledc3=1531
state=1 freq=3.3 target=100.0 ledc0=1541 ledc3=1531
state=1 freq=5.9 target=100.0 ledc0=1549 ledc3=1531
state=1 freq=9.4 target=100.0 ledc0=1559 ledc3=1531
state=1 freq=13.8 target=100.0 ledc0=1572 ledc3=1531
state=1 freq=18.8 target=100.0 ledc0=1588 ledc3=1531
state=1 freq=24.6 target=100.0 ledc0=1605 ledc3=1532
state=1 freq=31.0 target=100.0 ledc0=1625 ledc3=1532
state=1 freq=37.9 target=100.0 ledc0=1645 ledc3=1532
state=1 freq=45.2 target=100.0 ledc0=1668 ledc3=1532
state=1 freq=52.9 target=100.0 ledc0=1691 ledc3=1532
state=1 freq=60.9 target=100.0 ledc0=1715 ledc3=1532
state=1 freq=69.1 target=100.0 ledc0=1740 ledc3=1533
field trim: a=0.50 b=1.00 c=1.00 d=0.50
field trim: a=0.50 b=1.00 c=1.00 d=0.50
state=1 freq=77.5 target=100.0 ledc0=1766 ledc3=1533
state=1 freq=85.9 target=100.0 ledc0=1791 ledc3=1533
field trim: a=0.50 b=1.00 c=1.00 d=0.50
field trim: a=0.50 b=1.00 c=1.00 d=0.50
field trim: a=0.50 b=1.00 c=1.00 d=0.50
field trim: a=0.50 b=1.00 c=1.00 d=0.50
field trim: a=0.50 b=1.00 c=1.00 d=0.50
field trim: a=0.50 b=1.00 c=1.00 d=0.50
state=1 freq=94.4 target=100.0 ledc0=1817 ledc3=1533
field trim: a=0.52 b=1.00 c=1.00 d=0.50
field trim: a=0.52 b=1.00 c=1.00 d=0.52
field trim: a=0.54 b=1.00 c=1.00 d=0.52
field trim: a=0.54 b=1.00 c=1.00 d=0.54
state=1 freq=102.7 target=100.0 ledc0=1990 ledc3=1656
field trim: a=0.56 b=1.00 c=1.00 d=0.54
field trim: a=0.56 b=1.00 c=1.00 d=0.56
field trim: a=0.58 b=1.00 c=1.00 d=0.56
field trim: a=0.58 b=1.00 c=1.00 d=0.58
state=1 freq=110.9 target=100.0 ledc0=2166 ledc3=1779
field trim: a=0.60 b=1.00 c=1.00 d=0.58
field trim: a=0.60 b=1.00 c=1.00 d=0.60
field trim: a=0.62 b=1.00 c=1.00 d=0.60
field trim: a=0.62 b=1.00 c=1.00 d=0.62
field trim: a=0.64 b=1.00 c=1.00 d=0.62
field trim: a=0.64 b=1.00 c=1.00 d=0.64
state=1 freq=118.9 target=100.0 ledc0=2421 ledc3=1964
field trim: a=0.66 b=1.00 c=1.00 d=0.64
field trim: a=0.66 b=1.00 c=1.00 d=0.66
field trim: a=0.68 b=1.00 c=1.00 d=0.66
field trim: a=0.68 b=1.00 c=1.00 d=0.68
field trim: a=0.70 b=1.00 c=1.00 d=0.68
field trim: a=0.70 b=1.00 c=1.00 d=0.70
state=1 freq=126.6 target=100.0 ledc0=2681 ledc3=2148
field trim: a=0.72 b=1.00 c=1.00 d=0.70
field trim: a=0.72 b=1.00 c=1.00 d=0.72
field trim: a=0.74 b=1.00 c=1.00 d=0.72
field trim: a=0.74 b=1.00 c=1.00 d=0.74
field trim: a=0.76 b=1.00 c=1.00 d=0.74
field trim: a=0.76 b=1.00 c=1.00 d=0.76
state=1 freq=133.9 target=100.0 ledc0=2944 ledc3=2332
field trim: a=0.74 b=1.00 c=1.00 d=0.76
field trim: a=0.74 b=1.00 c=1.00 d=0.74
field trim: a=0.72 b=1.00 c=1.00 d=0.74
field trim: a=0.72 b=1.00 c=1.00 d=0.72
field trim: a=0.70 b=1.00 c=1.00 d=0.72
field trim: a=0.70 b=1.00 c=1.00 d=0.70
field trim: a=0.68 b=1.00 c=1.00 d=0.70
field trim: a=0.68 b=1.00 c=1.00 d=0.68
state=1 freq=140.7 target=100.0 ledc0=2662 ledc3=2087
field trim: a=0.66 b=1.00 c=1.00 d=0.68
field trim: a=0.66 b=1.00 c=1.00 d=0.66
field trim: a=0.64 b=1.00 c=1.00 d=0.66
field trim: a=0.64 b=1.00 c=1.00 d=0.64
field trim: a=0.62 b=1.00 c=1.00 d=0.64
field trim: a=0.62 b=1.00 c=1.00 d=0.62
field trim: a=0.60 b=1.00 c=1.00 d=0.62
field trim: a=0.60 b=1.00 c=1.00 d=0.60
state=1 freq=147.0 target=100.0 ledc0=2372 ledc3=1842
field trim: a=0.58 b=1.00 c=1.00 d=0.60
field trim: a=0.58 b=1.00 c=1.00 d=0.58
field trim: a=0.56 b=1.00 c=1.00 d=0.58
field trim: a=0.56 b=1.00 c=1.00 d=0.56
field trim: a=0.54 b=1.00 c=1.00 d=0.56
field trim: a=0.54 b=1.00 c=1.00 d=0.54
field trim: a=0.52 b=1.00 c=1.00 d=0.54
field trim: a=0.52 b=1.00 c=1.00 d=0.52
field trim: a=0.50 b=1.00 c=1.00 d=0.52
field trim: a=0.50 b=1.00 c=1.00 d=0.50
state=1 freq=152.7 target=100.0 ledc0=1994 ledc3=1535
field trim: a=0.50 b=1.00 c=1.00 d=0.50
field trim: a=0.50 b=1.00 c=1.00 d=0.50
field trim: a=0.50 b=1.00 c=1.00 d=0.50
field trim: a=0.50 b=1.00 c=1.00 d=0.50
field trim: a=0.50 b=1.00 c=1.00 d=0.50
field trim: a=0.50 b=1.00 c=1.00 d=0.50
field trim: a=0.50 b=1.00 c=1.00 d=0.50
field trim: a=0.50 b=1.00 c=1.00 d=0.50
field trim: a=0.50 b=1.00 c=1.00 d=0.50
field trim: a=0.50 b=1.00 c=1.00 d=0.50
state=1 freq=157.7 target=100.0 ledc0=2009 ledc3=1535
field trim: a=0.50 b=1.00 c=1.00 d=0.50
field trim: a=0.50 b=1.00 c=1.00 d=0.50
field trim: a=0.50 b=1.00 c=1.00 d=0.50
field trim: a=0.50 b=1.00 c=1.00 d=0.50
field trim: a=0.50 b=1.00 c=1.00 d=0.50
field trim: a=0.50 b=1.00 c=1.00 d=0.50
field trim: a=0.50 b=1.00 c=1.00 d=0.50
field trim: a=0.50 b=1.00 c=1.00 d=0.50
field trim: a=0.50 b=1.00 c=1.00 d=0.50
field trim: a=0.50 b=1.00 c=1.00 d=0.50
state=1 freq=162.0 target=100.0 ledc0=2022 ledc3=1535
field trim: a=0.50 b=1.00 c=1.00 d=0.50
field trim: a=0.50 b=1.00 c=1.00 d=0.50
state=1 freq=165.4 target=100.0 ledc0=2033 ledc3=1535
state=1 freq=168.0 target=100.0 ledc0=2041 ledc3=1535
state=2 freq=169.5 target=100.0 ledc0=2047 ledc3=1535
state=2 freq=170.0 target=100.0 ledc0=2047 ledc3=1535
state=2 freq=170.0 target=100.0 ledc0=2047 ledc3=1535
state=2 freq=170.0 target=90.0 ledc0=2047 ledc3=1535
state=2 freq=170.0 target=90.0 ledc0=2047 ledc3=1535
state=2 freq=170.0 target=90.0 ledc0=2047 ledc3=1535
state=2 freq=170.0 target=80.0 ledc0=2047 ledc3=1535
state=2 freq=170.0 target=80.0 ledc0=2047 ledc3=1535
state=2 freq=170.0 target=80.0 ledc0=2047 ledc3=1535
state=2 freq=170.0 target=70.0 ledc0=2047 ledc3=1535
state=2 freq=170.0 target=70.0 ledc0=2047 ledc3=1535
state=2 freq=170.0 target=70.0 ledc0=2047 ledc3=1535
stop: ramping down (fast)
coils off
state=6 freq=170.0 target=60.0 ledc0=0 ledc3=0
state=6 freq=170.0 target=60.0 ledc0=0 ledc3=0
state=6 freq=170.0 target=60.0 ledc0=0 ledc3=0
state=6 freq=170.0 target=60.0 ledc0=0 ledc3=0
state=6 freq=170.0 target=60.0 ledc0=0 ledc3=0
state=6 freq=170.0 target=60.0 ledc0=0 ledc3=0
state=6 freq=170.0 target=60.0 ledc0=0 ledc3=0
state=6 freq=170.0 target=60.0 ledc0=0 ledc3=0
state=6 freq=170.0 target=60.0 ledc0=0 ledc3=0
state=6 freq=170.0 target=60.0 ledc0=0 ledc3=0
state=6 freq=170.0 target=60.0 ledc0=0 ledc3=0
state=6 freq=170.0 target=60.0 ledc0=0 ledc3=0
state=6 freq=170.0 target=60.0 ledc0=0 ledc3=0
state=6 freq=170.0 target=60.0 ledc0=0 ledc3=0
state=6 freq=170.0 target=60.0 ledc0=0 ledc3=0
state=6 freq=170.0 target=60.0 ledc0=0 ledc3=0
state=6 freq=170.0 target=60.0 ledc0=0 ledc3=0
state=6 freq=170.0 target=60.0 ledc0=0 ledc3=0
state=6 freq=170.0 target=60.0 ledc0=0 ledc3=0
state=6 freq=170.0 target=60.0 ledc0=0 ledc3=0
state=6 freq=170.0 target=60.0 ledc0=0 ledc3=0
state=6 freq=170.0 target=60.0 ledc0=0 ledc3=0
state=6 freq=170.0 target=60.0 ledc0=0 ledc3=0
state=6 freq=170.0 target=60.0 ledc0=0 ledc3=0
state=6 freq=170.0 target=60.0 ledc0=0 ledc3=0
state=6 freq=170.0 target=60.0 ledc0=0 ledc3=0
state=6 freq=170.0 target=60.0 ledc0=0 ledc3=0
state=6 freq=170.0 target=60.0 ledc0=0 ledc3=0
state=6 freq=170.0 target=60.0 ledc0=0 ledc3=0
state=6 freq=170.0 target=60.0 ledc0=0 ledc3=0
state=6 freq=170.0 target=60.0 ledc0=0 ledc3=0
state=6 freq=170.0 target=60.0 ledc0=0 ledc3=0
state=6 freq=170.0 target=60.0 ledc0=0 ledc3=0
state=6 freq=170.0 target=60.0 ledc0=0 ledc3=0
state=6 freq=170.0 target=60.0 ledc0=0 ledc3=0
state=6 freq=170.0 target=60.0 ledc0=0 ledc3=0
state=6 freq=170.0 target=60.0 ledc0=0 ledc3=0
state=6 freq=170.0 target=60.0 ledc0=0 ledc3=0
state=6 freq=170.0 target=60.0 ledc0=0 ledc3=0
state=6 freq=170.0 target=60.0 ledc0=0 ledc3=0
state=6 freq=170.0 target=60.0 ledc0=0 ledc3=0
state=6 freq=170.0 target=60.0 ledc0=0 ledc3=0
state=6 freq=170.0 target=60.0 ledc0=0 ledc3=0
state=6 freq=170.0 target=60.0 ledc0=0 ledc3=0
begin: started
state=1 freq=1.0 target=100.0 ledc0=1534 ledc3=1531
state=1 freq=1.6 target=100.0 ledc0=1536 ledc3=1531
state=1 freq=3.2 target=100.0 ledc0=1540 ledc3=1531
state=1 freq=5.8 target=100.0 ledc0=1548 ledc3=1531
state=1 freq=9.3 target=100.0 ledc0=1559 ledc3=1531
stop: ramping down (fast)
coils off
state=6 freq=11.1 target=100.0 ledc0=0 ledc3=0
state=6 freq=11.1 target=100.0 ledc0=0 ledc3=0
state=6 freq=11.1 target=100.0 ledc0=0 ledc3=0
state=6 freq=11.1 target=100.0 ledc0=0 ledc3=0
state=6 freq=11.1 target=100.0 ledc0=0 ledc3=0
state=6 freq=11.1 target=100.0 ledc0=0 ledc3=0
begin: started
state=1 freq=1.5 target=100.0 ledc0=1535 ledc3=1531
state=1 freq=3.1 target=100.0 ledc0=1540 ledc3=1531
stop: ramping down (fast)
coils off
state=6 freq=3.7 target=100.0 ledc0=0 ledc3=0
state=6 freq=3.7 target=100.0 ledc0=0 ledc3=0
state=6 freq=3.7 target=100.0 ledc0=0 ledc3=0
state=6 freq=3.7 target=100.0 ledc0=0 ledc3=0
begin: started
state=1 freq=1.3 target=100.0 ledc0=1535 ledc3=1531
state=1 freq=2.5 target=100.0 ledc0=1538 ledc3=1531
state=1 freq=4.8 target=100.0 ledc0=1545 ledc3=1531
state=1 freq=8.0 target=100.0 ledc0=1555 ledc3=1531
state=1 freq=12.0 target=100.0 ledc0=1567 ledc3=1531
state=1 freq=16.9 target=100.0 ledc0=1581 ledc3=1531
state=1 freq=22.4 target=100.0 ledc0=1598 ledc3=1532
state=1 freq=28.5 target=100.0 ledc0=1617 ledc3=1532
stop: ramping down (fast)
state=5 freq=34.0 target=100.0 ledc0=0 ledc3=0
coils off
state=6 freq=34.0 target=100.0 ledc0=0 ledc3=0
state=6 freq=34.0 target=100.0 ledc0=0 ledc3=0
state=6 freq=34.0 target=100.0 ledc0=0 ledc3=0
state=6 freq=34.0 target=100.0 ledc0=0 ledc3=0
state=6 freq=34.0 target=100.0 ledc0=0 ledc3=0
state=6 freq=34.0 target=100.0 ledc0=0 ledc3=0
state=6 freq=34.0 target=100.0 ledc0=0 ledc3=0
state=6 freq=34.0 target=100.0 ledc0=0 ledc3=0
state=6 freq=34.0 target=100.0 ledc0=0 ledc3=0
state=6 freq=34.0 target=100.0 ledc0=0 ledc3=0
state=6 freq=34.0 target=100.0 ledc0=0 ledc3=0
begin: started
state=1 freq=1.5 target=100.0 ledc0=1535 ledc3=1531
state=1 freq=3.0 target=100.0 ledc0=1540 ledc3=1531
stop: ramping down (fast)
state=5 freq=5.2 target=100.0 ledc0=0 ledc3=0
coils off
state=6 freq=5.2 target=100.0 ledc0=0 ledc3=0
state=6 freq=5.2 target=100.0 ledc0=0 ledc3=0
begin: started
state=1 freq=1.4 target=100.0 ledc0=1535 ledc3=1531
state=1 freq=2.8 target=100.0 ledc0=1539 ledc3=1531
state=1 freq=5.2 target=100.0 ledc0=1546 ledc3=1531
state=1 freq=8.5 target=100.0 ledc0=1556 ledc3=1531
state=1 freq=12.7 target=100.0 ledc0=1569 ledc3=1531
state=1 freq=17.6 target=100.0 ledc0=1584 ledc3=1531
state=1 freq=23.3 target=100.0 ledc0=1601 ledc3=1532
state=1 freq=29.5 target=100.0 ledc0=1620 ledc3=1532
state=1 freq=36.3 target=100.0 ledc0=1640 ledc3=1532
state=1 freq=43.5 target=100.0 ledc0=1662 ledc3=1532
state=1 freq=51.1 target=100.0 ledc0=1685 ledc3=1532
state=1 freq=59.1 target=100.0 ledc0=1709 ledc3=1532
state=1 freq=67.3 target=100.0 ledc0=1734 ledc3=1533
state=1 freq=75.6 target=100.0 ledc0=1759 ledc3=1533
state=1 freq=84.0 target=100.0 ledc0=1785 ledc3=1533
state=1 freq=92.5 target=100.0 ledc0=1810 ledc3=1533
state=1 freq=100.8 target=100.0 ledc0=1836 ledc3=1533
state=1 freq=109.1 target=100.0 ledc0=1861 ledc3=1534
state=1 freq=117.1 target=100.0 ledc0=1885 ledc3=1534
state=1 freq=124.9 target=100.0 ledc0=1909 ledc3=1534
state=1 freq=132.3 target=100.0 ledc0=1931 ledc3=1534
state=1 freq=139.2 target=100.0 ledc0=1953 ledc3=1534
state=1 freq=145.6 target=100.0 ledc0=1972 ledc3=1535
state=1 freq=151.5 target=100.0 ledc0=1990 ledc3=1535
state=1 freq=156.7 target=100.0 ledc0=2006 ledc3=1535
state=1 freq=161.1 target=100.0 ledc0=2019 ledc3=1535
state=1 freq=164.7 target=100.0 ledc0=2031 ledc3=1535
state=1 freq=167.5 target=100.0 ledc0=2039 ledc3=1535
state=1 freq=169.3 target=100.0 ledc0=2045 ledc3=1535
stop: ramping down (fast)
coils off
state=6 freq=169.9 target=100.0 ledc0=0 ledc3=0
state=6 freq=169.9 target=100.0 ledc0=0 ledc3=0
state=6 freq=169.9 target=100.0 ledc0=0 ledc3=0
state=6 freq=169.9 target=100.0 ledc0=0 ledc3=0
state=6 freq=169.9 target=100.0 ledc0=0 ledc3=0
state=6 freq=169.9 target=100.0 ledc0=0 ledc3=0
state=6 freq=169.9 target=100.0 ledc0=0 ledc3=0
state=6 freq=169.9 target=100.0 ledc0=0 ledc3=0
state=6 freq=169.9 target=100.0 ledc0=0 ledc3=0
state=6 freq=169.9 target=100.0 ledc0=0 ledc3=0
state=6 freq=169.9 target=100.0 ledc0=0 ledc3=0
state=6 freq=169.9 target=100.0 ledc0=0 ledc3=0
state=6 freq=169.9 target=100.0 ledc0=0 ledc3=0
state=6 freq=169.9 target=100.0 ledc0=0 ledc3=0
state=6 freq=169.9 target=100.0 ledc0=0 ledc3=0
state=6 freq=169.9 target=100.0 ledc0=0 ledc3=0
state=6 freq=169.9 target=100.0 ledc0=0 ledc3=0
state=6 freq=169.9 target=100.0 ledc0=0 ledc3=0
state=6 freq=169.9 target=100.0 ledc0=0 ledc3=0
state=6 freq=169.9 target=100.0 ledc0=0 ledc3=0
state=6 freq=169.9 target=100.0 ledc0=0 ledc3=0
state=6 freq=169.9 target=100.0 ledc0=0 ledc3=0
state=6 freq=169.9 target=100.0 ledc0=0 ledc3=0
state=6 freq=169.9 target=100.0 ledc0=0 ledc3=0
state=6 freq=169.9 target=100.0 ledc0=0 ledc3=0
state=6 freq=169.9 target=100.0 ledc0=0 ledc3=0
state=6 freq=169.9 target=100.0 ledc0=0 ledc3=0
state=6 freq=169.9 target=100.0 ledc0=0 ledc3=0
state=6 freq=169.9 target=100.0 ledc0=0 ledc3=0
state=6 freq=169.9 target=100.0 ledc0=0 ledc3=0
state=6 freq=169.9 target=100.0 ledc0=0 ledc3=0
state=6 freq=169.9 target=100.0 ledc0=0 ledc3=0
state=6 freq=169.9 target=100.0 ledc0=0 ledc3=0
state=6 freq=169.9 target=100.0 ledc0=0 ledc3=0
state=6 freq=169.9 target=100.0 ledc0=0 ledc3=0
state=6 freq=169.9 target=100.0 ledc0=0 ledc3=0
state=6 freq=169.9 target=100.0 ledc0=0 ledc3=0
state=6 freq=169.9 target=100.0 ledc0=0 ledc3=0
state=6 freq=169.9 target=100.0 ledc0=0 ledc3=0
state=6 freq=169.9 target=100.0 ledc0=0 ledc3=0
state=6 freq=169.9 target=100.0 ledc0=0 ledc3=0
state=6 freq=169.9 target=100.0 ledc0=0 ledc3=0
state=6 freq=169.9 target=100.0 ledc0=0 ledc3=0
state=6 freq=169.9 target=100.0 ledc0=0 ledc3=0
ets Jul 29 2019 12:21:46

rst:0x1 (POWERON_RESET),boot:0x3 (DOWNLOAD_BOOT(UART0/UART1/SDIO_REI_REO_V2))
waiting for download
