ets Jul 29 2019 12:21:46

rst:0x1 (POWERON_RESET),boot:0x13 (SPI_FAST_FLASH_BOOT)
configsip: 0, SPIWP:0xee
clk_drv:0x00,q_drv:0x00,d_drv:0x00,cs0_drv:0x00,hd_drv:0x00,wp_drv:0x00
mode:DIO, clock div:2
load:0x3fff0030,len:1184
load:0x40078000,len:13232
load:0x40080400,len:3028
entry 0x400805e4
running main tilt
armed: b=begin  s=stop(e-stop)  e=end(ramp down)
state=0 freq=0.0 target=100.0 ledc0=0 ledc3=0
state=0 freq=0.0 target=100.0 ledc0=0 ledc3=0
state=0 freq=0.0 target=100.0 ledc0=0 ledc3=0
state=0 freq=0.0 target=100.0 ledc0=0 ledc3=0
state=0 freq=0.0 target=100.0 ledc0=0 ledc3=0
begin: started
state=1 freq=1.1 target=100.0 ledc0=3068 ledc3=3063
state=1 freq=2.1 target=100.0 ledc0=3073 ledc3=3063
state=1 freq=4.5 target=100.0 ledc0=3085 ledc3=3063
state=1 freq=8.0 target=100.0 ledc0=3102 ledc3=3063
state=1 freq=12.7 target=100.0 ledc0=3125 ledc3=3063
state=1 freq=18.3 target=100.0 ledc0=3152 ledc3=3063
end: ramping down
state=5 freq=21.4 target=100.0 ledc0=1120 ledc3=1016
coils off
stop: ramping down (fast)
state=5 freq=21.4 target=100.0 ledc0=0 ledc3=0
coils off
