   0.00s  000 rmax=2.000 rrate=0.00030
   0.00s  000 rmax=2.000 rrate=0.00030
   0.00s  000 rmax=2.000 rrate=0.00030
   0.00s  000 rmax=2.000 rrate=0.00030
   0.00s  000 rmax=2.000 rrate=0.00030
   0.00s  000 rmax=2.000 rrate=0.00030
   0.00s  000 rmax=2.000 rrate=0.00030
   0.00s  000 rmax=2.000 rrate=0.00030
   0.00s  000 rmax=2.000 rrate=0.00030
   0.00s  000 rmax=2.000 rrate=0.00030
   0.00s  000 rmax=2.000 rrate=0.00030
   0.00s  000 rmax=2.000 rrate=0.00030
   0.00s  000 rmax=2.000 rrate=0.00030
   0.00s  000 rmax=2.000 rrate=0.00030
   0.00s  000 rmax=2.000 rrate=0.00030
   0.00s  000 rmax=2.000 rrate=0.00030
   0.00s  000 rmax=2.000 rrate=0.00030
   0.00s  000 rmax=2.000 rrate=0.00030
   0.00s  000 rmax=2.000 rrate=0.00030
   0.00s  000 rmax=2.000 rrate=0.00030
   0.00s  000 rmax=2.000 rrate=0.00030
   0.00s  000 rmax=2.000 rrate=0.00030
   0.00s  000 rmax=2.000 rrate=0.00030
   0.00s  000 rmax=2.000 rrate=0.00030
   0.00s  000 rmax=2.000 rrate=0.00030
   0.00s  000 rmax=2.000 rrate=0.00030
   0.00s  000 rmax=2.000 rrate=0.00030
   0.00s  000 rmax=2.000 rrate=0.00030
   0.00s  000 rmax=2.000 rrate=0.00030
   0.00s  000 rmax=2.000 rrate=0.00030
   0.00s  000 rmax=2.000 rrate=0.00030
   0.00s  000 rmax=2.000 rrate=0.00030
   0.00s  000 rmax=2.000 rrate=0.00030
   0.00s  000 rmax=2.000 rrate=0.00030
   0.00s  000 rmax=2.000 rrate=0.00030
   0.00s  000 rmax=2.000 rrate=0.00030
   0.00s  000 rmax=2.000 rrate=0.00030
   0.00s  000 rmax=2.000 rrate=0.00030
   0.00s  000 rmax=2.000 rrate=0.00030
   0.00s  000 rmax=2.000 rrate=0.00030
   0.00s  000 rmax=2.000 rrate=0.00030
   0.00s  000 rmax=2.000 rrate=0.00030
   0.00s  000 rmax=2.000 rrate=0.00030
   0.00s  000 rmax=2.000 rrate=0.00030
   0.00s  000 rmax=2.000 rrate=0.00030
   0.00s  000 rmax=2.000 rrate=0.00030
   0.00s  000 rmax=2.000 rrate=0.00030
   0.00s  000 rmax=2.000 rrate=0.00030
   0.00s  000 rmax=2.000 rrate=0.00030
   0.00s  000 rmax=2.000 rrate=0.00030
   0.00s  000 rmax=2.000 rrate=0.00030
   0.00s  000 rmax=2.000 rrate=0.00030
   0.00s  000 rmax=2.000 rrate=0.00030
   0.00s  000 rmax=2.000 rrate=0.00030
   0.00s  000 rmax=2.000 rrate=0.00030
   0.00s  000 rmax=2.000 rrate=0.00030
   0.00s  000 rmax=2.000 rrate=0.00030
   0.00s  000 rmax=2.000 rrate=0.00030
   0.00s  000 rmax=2.000 rrate=0.00030
   0.00s  000 rmax=2.000 rrate=0.00030
   0.00s  000 rmax=2.000 rrate=0.00030
   0.00s  000 rmax=2.000 rrate=0.00030
   0.00s  000 rmax=2.000 rrate=0.00030
   0.00s  000 rmax=2.000 rrate=0.00030
   0.00s  000 rmax=2.000 rrate=0.00030
   0.00s  000 rmax=2.000 rrate=0.00030
   0.00s  000 rmax=2.000 rrate=0.00030
   0.00s  000 rmax=2.000 rrate=0.00030
   0.00s  000 rmax=2.000 rrate=0.00030
   0.00s  000 rmax=2.000 rrate=0.00030
   0.00s  000 rmax=2.000 rrate=0.00030
   0.00s  000 rmax=2.000 rrate=0.00030
   0.00s  000 rmax=2.000 rrate=0.00030
   0.00s  000 rmax=2.000 rrate=0.00030
   0.00s  000 rmax=2.000 rrate=0.00030
   0.00s  000 rmax=2.000 rrate=0.00030
   0.00s  000 rmax=2.000 rrate=0.00030
   0.00s  000 rmax=2.000 rrate=0.00030
   0.00s  000 rmax=2.000 rrate=0.00030
   0.00s  000 rmax=2.000 rrate=0.00030
   0.01s  000 rmax=2.000 rrate=0.00030
   0.01s  000 rmax=2.000 rrate=0.00030
   0.01s  000 rmax=2.000 rrate=0.00030
   0.01s  000 rmax=2.000 rrate=0.00030
   0.01s  000 rmax=2.000 rrate=0.00030
   0.01s  000 rmax=2.000 rrate=0.00030
   0.01s  000 rmax=2.000 rrate=0.00030
   0.01s  000 rmax=2.000 rrate=0.00030
   0.01s  000 rmax=2.000 rrate=0.00030
   0.01s  000 rmax=2.000 rrate=0.00030
   0.01s  000 rmax=2.000 rrate=0.00030
   0.01s  000 rmax=2.000 rrate=0.00030
   0.01s  000 rmax=2.000 rrate=0.00030
   0.01s  000 rmax=2.000 rrate=0.00030
   0.01s  000 rmax=2.000 rrate=0.00030
   0.01s  000 rmax=2.000 rrate=0.00030
   0.01s  000 rmax=2.000 rrate=0.00030
   0.01s  000 rmax=2.000 rrate=0.00030
   0.01s  000 rmax=2.000 rrate=0.00030
   0.01s  000 rmax=2.000 rrate=0.00030
   0.01s  000 rmax=2.000 rrate=0.00030
   0.01s  000 rmax=2.000 rrate=0.00030
   0.01s  000 rmax=2.000 rrate=0.00030
   0.01s  000 rmax=2.000 rrate=0.00030
   0.01s  000 rmax=2.000 rrate=0.00030
   0.01s  000 rmax=2.000 rrate=0.00030
   0.01s  000 rmax=2.000 rrate=0.00030
   0.01s  000 rmax=2.000 rrate=0.00030
   0.01s  000 rmax=2.000 rrate=0.00030
   0.01s  000 rmax=2.000 rrate=0.00030
   0.01s  000 rmax=2.000 rrate=0.00030
   0.01s  000 rmax=2.000 rrate=0.00030
   0.01s  000 rmax=2.000 rrate=0.00030
   0.01s  000 rmax=2.000 rrate=0.00030
   0.01s  000 rmax=2.000 rrate=0.00030
   0.01s  000 rmax=2.000 rrate=0.00030
   0.01s  000 rmax=2.000 rrate=0.00030
   0.01s  000 rmax=2.000 rrate=0.00030
   0.01s  000 rmax=2.000 rrate=0.00030
   0.01s  000 rmax=2.000 rrate=0.00030
   0.01s  000 rmax=2.000 rrate=0.00030
   0.01s  000 rmax=2.000 rrate=0.00030
   0.01s  000 rmax=2.000 rrate=0.00030
   0.01s  000 rmax=2.000 rrate=0.00030
   0.01s  000 rmax=2.000 rrate=0.00030
   0.01s  000 rmax=2.000 rrate=0.00030
   0.01s  000 rmax=2.000 rrate=0.00030
   0.01s  000 rmax=2.000 rrate=0.00030
   0.01s  000 rmax=2.000 rrate=0.00030
   0.01s  000 rmax=2.000 rrate=0.00030
   0.01s  000 rmax=2.000 rrate=0.00030
   0.01s  000 rmax=2.000 rrate=0.00030
   0.01s  000 rmax=2.000 rrate=0.00030
   0.01s  000 rmax=2.000 rrate=0.00030
   0.01s  000 rmax=2.000 rrate=0.00030
   0.01s  000 rmax=2.000 rrate=0.00030
   0.01s  000 rmax=2.000 rrate=0.00030
   0.01s  000 rmax=2.000 rrate=0.00030
   0.01s  000 rmax=2.000 rrate=0.00030
   0.01s  ets Jul 29 2019 12:21:46
   0.01s  
   0.01s  rst:0x1 (POWERON_RESET),boot:0x13 (SPI_FAST_FLASH_BOOT)
   0.01s  configsip: 0, SPIWP:0xee
   0.02s  clk_drv:0x00,q_drv:0x00,d_drv:0x00,cs0_drv:0x00,hd_drv:0x00,wp_drv:0x00
   0.02s  mode:DIO, clock div:2
   0.02s  load:0x3fff0030,len:1184
   0.03s  load:0x40078000,len:13232
   0.03s  load:0x40080400,len:3028
   0.03s  entry 0x400805e4
   1.20s  state_space: arming 3s, then autonomous 1->210Hz ramp + LQR, bounded run
   1.21s  commands: dir=cw|ccw  rmax=/rrate=<val>  gains?
   1.21s  direction=CCW
   1.22s  t=1031 phase=0 freq=1.0 | I[A]: A=0.00 B=0.00 C=0.00 D=0.00 | duty[%]: A=50.0 B=50.0 C=50.0 D=50.0 | spread=0.000 dir=1 r=0.000 rmax=8.000 rrate=0.00030
   1.22s  R_MAX=2.000 R_RAMP=0.00030
   1.71s  t=1531 phase=0 freq=1.0 | I[A]: A=0.00 B=0.00 C=0.00 D=0.00 | duty[%]: A=50.0 B=50.0 C=50.0 D=50.0 | spread=0.000 dir=1 r=0.000 rmax=2.000 rrate=0.00030
   2.21s  t=2031 phase=0 freq=1.0 | I[A]: A=0.00 B=0.00 C=0.00 D=0.00 | duty[%]: A=50.0 B=50.0 C=50.0 D=50.0 | spread=0.000 dir=1 r=0.000 rmax=2.000 rrate=0.00030
   2.71s  t=2531 phase=0 freq=1.0 | I[A]: A=0.00 B=0.00 C=0.00 D=0.00 | duty[%]: A=50.0 B=50.0 C=50.0 D=50.0 | spread=0.000 dir=1 r=0.000 rmax=2.000 rrate=0.00030
   3.21s  t=3031 phase=0 freq=1.0 | I[A]: A=0.00 B=0.00 C=0.00 D=0.00 | duty[%]: A=50.0 B=50.0 C=50.0 D=50.0 | spread=0.000 dir=1 r=0.000 rmax=2.000 rrate=0.00030
   3.71s  t=3531 phase=0 freq=1.0 | I[A]: A=0.00 B=0.00 C=0.00 D=0.00 | duty[%]: A=50.0 B=50.0 C=50.0 D=50.0 | spread=0.000 dir=1 r=0.000 rmax=2.000 rrate=0.00030
   4.20s  ARMED -> ramping
   4.21s  t=4031 phase=1 freq=1.0 | I[A]: A=0.00 B=0.00 C=0.00 D=0.00 | duty[%]: A=0.0 B=0.0 C=0.0 D=0.0 | spread=0.000 dir=1 r=0.000 rmax=2.000 rrate=0.00030
   4.71s  t=4532 phase=1 freq=1.4 | I[A]: A=0.00 B=0.00 C=0.00 D=0.00 | duty[%]: A=5.0 B=5.0 C=5.0 D=5.0 | spread=0.000 dir=1 r=0.150 rmax=2.000 rrate=0.00030
   5.21s  t=5033 phase=1 freq=2.5 | I[A]: A=0.00 B=0.00 C=0.00 D=0.00 | duty[%]: A=5.0 B=5.0 C=5.0 D=5.0 | spread=0.000 dir=1 r=0.300 rmax=2.000 rrate=0.00030
   5.71s  t=5534 phase=1 freq=4.4 | I[A]: A=0.00 B=0.00 C=0.00 D=0.00 | duty[%]: A=5.0 B=5.0 C=5.0 D=5.0 | spread=0.000 dir=1 r=0.450 rmax=2.000 rrate=0.00030
   6.21s  t=6034 phase=1 freq=6.9 | I[A]: A=0.00 B=0.00 C=0.00 D=0.00 | duty[%]: A=5.0 B=5.0 C=7.6 D=5.0 | spread=0.000 dir=1 r=0.585 rmax=2.000 rrate=0.00030
   6.72s  t=6535 phase=1 freq=10.0 | I[A]: A=0.00 B=0.00 C=0.00 D=0.00 | duty[%]: A=6.1 B=5.8 C=11.7 D=5.0 | spread=0.000 dir=1 r=0.735 rmax=2.000 rrate=0.00030
   7.22s  t=7035 phase=1 freq=13.7 | I[A]: A=0.00 B=0.00 C=0.00 D=0.00 | duty[%]: A=8.5 B=8.2 C=16.6 D=5.0 | spread=0.000 dir=1 r=0.885 rmax=2.000 rrate=0.00030
   7.72s  t=7535 phase=1 freq=18.0 | I[A]: A=0.00 B=0.00 C=0.00 D=0.00 | duty[%]: A=11.3 B=10.9 C=22.4 D=6.5 | spread=0.001 dir=1 r=1.035 rmax=2.000 rrate=0.00030
   8.22s  t=8035 phase=1 freq=22.7 | I[A]: A=0.00 B=0.00 C=0.03 D=0.00 | duty[%]: A=14.6 B=14.1 C=29.0 D=8.2 | spread=0.028 dir=1 r=1.185 rmax=2.000 rrate=0.00030
   8.72s  t=8535 phase=1 freq=28.0 | I[A]: A=0.00 B=0.00 C=0.04 D=0.00 | duty[%]: A=18.9 B=18.3 C=35.6 D=10.3 | spread=0.042 dir=1 r=1.335 rmax=2.000 rrate=0.00030
   9.22s  t=9036 phase=1 freq=33.7 | I[A]: A=0.01 B=0.01 C=0.13 D=0.00 | duty[%]: A=24.2 B=23.5 C=42.4 D=12.9 | spread=0.134 dir=1 r=1.485 rmax=2.000 rrate=0.00030
   9.72s  t=9536 phase=1 freq=39.7 | I[A]: A=0.05 B=0.03 C=0.27 D=0.00 | duty[%]: A=30.6 B=29.9 C=48.6 D=16.5 | spread=0.268 dir=1 r=1.635 rmax=2.000 rrate=0.00030
  10.22s  t=10036 phase=1 freq=46.1 | I[A]: A=0.14 B=0.14 C=0.35 D=0.00 | duty[%]: A=38.0 B=37.2 C=54.4 D=21.4 | spread=0.348 dir=1 r=1.785 rmax=2.000 rrate=0.00030
  10.72s  t=10536 phase=1 freq=52.9 | I[A]: A=0.23 B=0.24 C=0.42 D=0.02 | duty[%]: A=45.0 B=44.4 C=60.7 D=27.9 | spread=0.400 dir=1 r=1.935 rmax=2.000 rrate=0.00030
  11.22s  t=11036 phase=1 freq=59.9 | I[A]: A=0.39 B=0.42 C=0.50 D=0.12 | duty[%]: A=51.2 B=50.7 C=67.6 D=35.0 | spread=0.379 dir=1 r=2.000 rmax=2.000 rrate=0.00030
  11.72s  t=11537 phase=1 freq=67.1 | I[A]: A=0.56 B=0.57 C=0.64 D=0.31 | duty[%]: A=56.4 B=55.8 C=74.0 D=42.4 | spread=0.338 dir=1 r=2.000 rmax=2.000 rrate=0.00030
  12.22s  t=12037 phase=1 freq=74.6 | I[A]: A=0.68 B=0.68 C=0.71 D=0.42 | duty[%]: A=61.4 B=60.6 C=80.1 D=48.3 | spread=0.288 dir=1 r=2.000 rmax=2.000 rrate=0.00030
  12.72s  t=12538 phase=1 freq=82.2 | I[A]: A=0.76 B=0.77 C=0.86 D=0.63 | duty[%]: A=65.2 B=64.1 C=86.0 D=54.4 | spread=0.230 dir=1 r=2.000 rmax=2.000 rrate=0.00030
  13.22s  t=13038 phase=1 freq=89.9 | I[A]: A=0.86 B=0.89 C=1.02 D=0.76 | duty[%]: A=70.2 B=68.5 C=90.4 D=59.3 | spread=0.266 dir=1 r=2.000 rmax=2.000 rrate=0.00030
  13.72s  t=13538 phase=1 freq=97.7 | I[A]: A=1.07 B=1.11 C=1.18 D=0.93 | duty[%]: A=74.9 B=73.0 C=93.9 D=63.5 | spread=0.249 dir=1 r=2.000 rmax=2.000 rrate=0.00030
  14.22s  t=14039 phase=1 freq=105.5 | I[A]: A=1.20 B=1.23 C=1.39 D=1.20 | duty[%]: A=79.9 B=77.2 C=95.5 D=67.2 | spread=0.195 dir=1 r=2.000 rmax=2.000 rrate=0.00030
  14.72s  t=14539 phase=1 freq=113.3 | I[A]: A=1.59 B=1.61 C=1.59 D=1.49 | duty[%]: A=84.3 B=79.3 C=96.9 D=68.5 | spread=0.126 dir=1 r=2.000 rmax=2.000 rrate=0.00030
  15.22s  t=15039 phase=1 freq=121.1 | I[A]: A=1.81 B=1.81 C=1.78 D=1.85 | duty[%]: A=84.2 B=79.1 C=99.4 D=69.6 | spread=0.067 dir=1 r=2.000 rmax=2.000 rrate=0.00030
  15.72s  t=15540 phase=1 freq=128.8 | I[A]: A=2.05 B=2.08 C=1.98 D=2.21 | duty[%]: A=84.9 B=80.3 C=99.3 D=66.6 | spread=0.235 dir=1 r=2.000 rmax=2.000 rrate=0.00030
  16.22s  t=16040 phase=1 freq=136.4 | I[A]: A=2.23 B=2.29 C=2.17 D=2.41 | duty[%]: A=84.4 B=79.3 C=99.9 D=64.3 | spread=0.241 dir=1 r=2.000 rmax=2.000 rrate=0.00030
  16.72s  t=16540 phase=1 freq=143.9 | I[A]: A=2.38 B=2.44 C=2.19 D=2.52 | duty[%]: A=83.1 B=77.2 C=100.0 D=59.3 | spread=0.330 dir=1 r=2.000 rmax=2.000 rrate=0.00030
  17.22s  t=17040 phase=1 freq=151.1 | I[A]: A=2.50 B=2.48 C=2.29 D=2.70 | duty[%]: A=82.1 B=76.5 C=100.0 D=56.7 | spread=0.412 dir=1 r=2.000 rmax=2.000 rrate=0.00030
  17.72s  t=17540 phase=1 freq=158.1 | I[A]: A=2.54 B=2.57 C=2.24 D=2.61 | duty[%]: A=80.6 B=75.7 C=100.0 D=53.8 | spread=0.367 dir=1 r=2.000 rmax=2.000 rrate=0.00030
  18.22s  t=18040 phase=1 freq=164.9 | I[A]: A=2.35 B=2.34 C=2.41 D=2.96 | duty[%]: A=81.0 B=76.0 C=99.8 D=52.3 | spread=0.614 dir=1 r=2.000 rmax=2.000 rrate=0.00030
  18.72s  t=18540 phase=1 freq=171.3 | I[A]: A=2.50 B=2.46 C=2.25 D=2.53 | duty[%]: A=79.3 B=73.8 C=100.0 D=49.5 | spread=0.284 dir=1 r=2.000 rmax=2.000 rrate=0.00030
  19.22s  t=19040 phase=1 freq=177.4 | I[A]: A=2.46 B=2.41 C=2.13 D=2.43 | duty[%]: A=79.4 B=73.8 C=100.0 D=49.5 | spread=0.334 dir=1 r=2.000 rmax=2.000 rrate=0.00030
  19.72s  t=19541 phase=1 freq=183.0 | I[A]: A=2.51 B=2.38 C=2.01 D=2.37 | duty[%]: A=79.2 B=73.7 C=100.0 D=49.7 | spread=0.492 dir=1 r=2.000 rmax=2.000 rrate=0.00030
  20.22s  t=20041 phase=1 freq=188.3 | I[A]: A=2.31 B=2.24 C=1.94 D=2.19 | duty[%]: A=79.2 B=73.6 C=100.0 D=49.9 | spread=0.368 dir=1 r=2.000 rmax=2.000 rrate=0.00030
  20.73s  t=20542 phase=1 freq=193.1 | I[A]: A=2.27 B=2.17 C=1.85 D=2.07 | duty[%]: A=79.1 B=73.8 C=100.0 D=49.6 | spread=0.420 dir=1 r=2.000 rmax=2.000 rrate=0.00030
  21.22s  t=21042 phase=1 freq=197.3 | I[A]: A=2.27 B=2.07 C=1.82 D=1.91 | duty[%]: A=79.2 B=74.1 C=100.0 D=49.7 | spread=0.454 dir=1 r=2.000 rmax=2.000 rrate=0.00030
  21.73s  t=21543 phase=1 freq=201.0 | I[A]: A=2.13 B=1.99 C=1.73 D=1.93 | duty[%]: A=79.2 B=74.0 C=100.0 D=49.6 | spread=0.398 dir=1 r=2.000 rmax=2.000 rrate=0.00030
  22.23s  t=22043 phase=1 freq=204.2 | I[A]: A=2.15 B=1.98 C=1.76 D=1.84 | duty[%]: A=79.3 B=74.1 C=100.0 D=49.8 | spread=0.382 dir=1 r=2.000 rmax=2.000 rrate=0.00030
  22.73s  t=22544 phase=1 freq=206.7 | I[A]: A=2.06 B=1.90 C=1.69 D=1.75 | duty[%]: A=79.3 B=74.2 C=100.0 D=49.7 | spread=0.376 dir=1 r=2.000 rmax=2.000 rrate=0.00030
  23.23s  t=23044 phase=1 freq=208.5 | I[A]: A=1.98 B=1.87 C=1.70 D=1.70 | duty[%]: A=79.4 B=74.1 C=100.0 D=49.8 | spread=0.281 dir=1 r=2.000 rmax=2.000 rrate=0.00030
  23.73s  t=23544 phase=2 freq=209.6 | I[A]: A=1.97 B=1.88 C=1.61 D=1.60 | duty[%]: A=79.4 B=73.9 C=100.0 D=49.9 | spread=0.370 dir=1 r=2.000 rmax=2.000 rrate=0.00030
  24.23s  t=24044 phase=2 freq=210.0 | I[A]: A=1.96 B=1.91 C=1.62 D=1.62 | duty[%]: A=79.3 B=74.0 C=100.0 D=49.9 | spread=0.348 dir=1 r=2.000 rmax=2.000 rrate=0.00030
  24.73s  t=24545 phase=2 freq=210.0 | I[A]: A=2.02 B=1.81 C=1.66 D=1.67 | duty[%]: A=79.3 B=74.1 C=100.0 D=49.9 | spread=0.361 dir=1 r=2.000 rmax=2.000 rrate=0.00030
  25.23s  t=25045 phase=2 freq=210.0 | I[A]: A=1.96 B=1.84 C=1.69 D=1.68 | duty[%]: A=79.4 B=73.9 C=100.0 D=50.0 | spread=0.279 dir=1 r=2.000 rmax=2.000 rrate=0.00030
  25.73s  t=25545 phase=2 freq=210.0 | I[A]: A=2.02 B=1.89 C=1.62 D=1.63 | duty[%]: A=79.3 B=74.0 C=100.0 D=49.9 | spread=0.401 dir=1 r=2.000 rmax=2.000 rrate=0.00030
  26.23s  t=26045 phase=2 freq=210.0 | I[A]: A=2.03 B=1.87 C=1.61 D=1.62 | duty[%]: A=79.3 B=74.1 C=100.0 D=49.9 | spread=0.414 dir=1 r=2.000 rmax=2.000 rrate=0.00030
  26.73s  t=26546 phase=2 freq=210.0 | I[A]: A=1.99 B=1.88 C=1.59 D=1.60 | duty[%]: A=79.3 B=74.1 C=100.0 D=49.9 | spread=0.404 dir=1 r=2.000 rmax=2.000 rrate=0.00030
  27.23s  t=27046 phase=2 freq=210.0 | I[A]: A=2.01 B=1.84 C=1.59 D=1.58 | duty[%]: A=79.3 B=74.2 C=100.0 D=49.9 | spread=0.435 dir=1 r=2.000 rmax=2.000 rrate=0.00030
  27.73s  t=27547 phase=2 freq=210.0 | I[A]: A=2.03 B=1.93 C=1.65 D=1.67 | duty[%]: A=79.4 B=74.0 C=100.0 D=50.0 | spread=0.376 dir=1 r=2.000 rmax=2.000 rrate=0.00030
  28.23s  t=28047 phase=2 freq=210.0 | I[A]: A=1.99 B=1.78 C=1.61 D=1.65 | duty[%]: A=79.3 B=74.0 C=100.0 D=49.9 | spread=0.379 dir=1 r=2.000 rmax=2.000 rrate=0.00030
  28.73s  t=28547 phase=3 freq=210.0 | I[A]: A=1.85 B=1.70 C=1.57 D=1.49 | duty[%]: A=79.3 B=74.1 C=100.0 D=49.9 | spread=0.352 dir=1 r=2.000 rmax=2.000 rrate=0.00030
  29.23s  t=29047 phase=3 freq=210.0 | I[A]: A=0.12 B=0.06 C=0.31 D=0.00 | duty[%]: A=79.3 B=74.1 C=100.0 D=49.9 | spread=0.310 dir=1 r=2.000 rmax=2.000 rrate=0.00030
  29.67s  coils off
  29.73s  t=29547 phase=4 freq=210.0 | I[A]: A=0.00 B=0.00 C=0.00 D=0.00 | duty[%]: A=79.3 B=74.1 C=100.0 D=49.9 | spread=0.000 dir=1 r=2.000 rmax=2.000 rrate=0.00030
  30.23s  t=30047 phase=4 freq=210.0 | I[A]: A=0.00 B=0.00 C=0.00 D=0.00 | duty[%]: A=79.3 B=74.1 C=100.0 D=49.9 | spread=0.000 dir=1 r=2.000 rmax=2.000 rrate=0.00030
  30.73s  t=30548 phase=4 freq=210.0 | I[A]: A=0.00 B=0.00 C=0.00 D=0.00 | duty[%]: A=79.3 B=74.1 C=100.0 D=49.9 | spread=0.000 dir=1 r=2.000 rmax=2.000 rrate=0.00030
  31.23s  t=31049 phase=4 freq=210.0 | I[A]: A=0.00 B=0.00 C=0.00 D=0.00 | duty[%]: A=79.3 B=74.1 C=100.0 D=49.9 | spread=0.000 dir=1 r=2.000 rmax=2.000 rrate=0.00030
  31.73s  t=31550 phase=4 freq=210.0 | I[A]: A=0.00 B=0.00 C=0.00 D=0.00 | duty[%]: A=79.3 B=74.1 C=100.0 D=49.9 | spread=0.000 dir=1 r=2.000 rmax=2.000 rrate=0.00030
  32.24s  t=32051 phase=4 freq=210.0 | I[A]: A=0.00 B=0.00 C=0.00 D=0.00 | duty[%]: A=79.3 B=74.1 C=100.0 D=49.9 | spread=0.000 dir=1 r=2.000 rmax=2.000 rrate=0.00030
  32.74s  t=32552 phase=4 freq=210.0 | I[A]: A=0.00 B=0.00 C=0.00 D=0.00 | duty[%]: A=79.3 B=74.1 C=100.0 D=49.9 | spread=0.000 dir=1 r=2.000 rmax=2.000 rrate=0.00030
  33.24s  t=33053 phase=4 freq=210.0 | I[A]: A=0.00 B=0.00 C=0.00 D=0.00 | duty[%]: A=79.3 B=74.1 C=100.0 D=49.9 | spread=0.000 dir=1 r=2.000 rmax=2.000 rrate=0.00030
  33.74s  t=33554 phase=4 freq=210.0 | I[A]: A=0.00 B=0.00 C=0.00 D=0.00 | duty[%]: A=79.3 B=74.1 C=100.0 D=49.9 | spread=0.000 dir=1 r=2.000 rmax=2.000 rrate=0.00030
  34.24s  t=34054 phase=4 freq=210.0 | I[A]: A=0.00 B=0.00 C=0.00 D=0.00 | duty[%]: A=79.3 B=74.1 C=100.0 D=49.9 | spread=0.000 dir=1 r=2.000 rmax=2.000 rrate=0.00030
  34.74s  t=34554 phase=4 freq=210.0 | I[A]: A=0.00 B=0.00 C=0.00 D=0.00 | duty[%]: A=79.3 B=74.1 C=100.0 D=49.9 | spread=0.000 dir=1 r=2.000 rmax=2.000 rrate=0.00030
  35.24s  t=35055 phase=4 freq=210.0 | I[A]: A=0.00 B=0.00 C=0.00 D=0.00 | duty[%]: A=79.3 B=74.1 C=100.0 D=49.9 | spread=0.000 dir=1 r=2.000 rmax=2.000 rrate=0.00030
  35.74s  t=35556 phase=4 freq=210.0 | I[A]: A=0.00 B=0.00 C=0.00 D=0.00 | duty[%]: A=79.3 B=74.1 C=100.0 D=49.9 | spread=0.000 dir=1 r=2.000 rmax=2.000 rrate=0.00030
  36.24s  t=36057 phase=4 freq=210.0 | I[A]: A=0.00 B=0.00 C=0.00 D=0.00 | duty[%]: A=79.3 B=74.1 C=100.0 D=49.9 | spread=0.000 dir=1 r=2.000 rmax=2.000 rrate=0.00030
  36.74s  t=36558 phase=4 freq=210.0 | I[A]: A=0.00 B=0.00 C=0.00 D=0.00 | duty[%]: A=79.3 B=74.1 C=100.0 D=49.9 | spread=0.000 dir=1 r=2.000 rmax=2.000 rrate=0.00030
  37.24s  t=37058 phase=4 freq=210.0 | I[A]: A=0.00 B=0.00 C=0.00 D=0.00 | duty[%]: A=79.3 B=74.1 C=100.0 D=49.9 | spread=0.000 dir=1 r=2.000 rmax=2.000 rrate=0.00030
  37.74s  t=37558 phase=4 freq=210.0 | I[A]: A=0.00 B=0.00 C=0.00 D=0.00 | duty[%]: A=79.3 B=74.1 C=100.0 D=49.9 | spread=0.000 dir=1 r=2.000 rmax=2.000 rrate=0.00030
  38.24s  t=38059 phase=4 freq=210.0 | I[A]: A=0.00 B=0.00 C=0.00 D=0.00 | duty[%]: A=79.3 B=74.1 C=100.0 D=49.9 | spread=0.000 dir=1 r=2.000 rmax=2.000 rrate=0.00030
  38.74s  t=38560 phase=4 freq=210.0 | I[A]: A=0.00 B=0.00 C=0.00 D=0.00 | duty[%]: A=79.3 B=74.1 C=100.0 D=49.9 | spread=0.000 dir=1 r=2.000 rmax=2.000 rrate=0.00030
  39.25s  t=39060 phase=4 freq=210.0 | I[A]: A=0.00 B=0.00 C=0.00 D=0.00 | duty[%]: A=79.3 B=74.1 C=100.0 D=49.9 | spread=0.000 dir=1 r=2.000 rmax=2.000 rrate=0.00030
  39.75s  t=39560 phase=4 freq=210.0 | I[A]: A=0.00 B=0.00 C=0.00 D=0.00 | duty[%]: A=79.3 B=74.1 C=100.0 D=49.9 | spread=0.000 dir=1 r=2.000 rmax=2.000 rrate=0.00030
  40.25s  t=40061 phase=4 freq=210.0 | I[A]: A=0.00 B=0.00 C=0.00 D=0.00 | duty[%]: A=79.3 B=74.1 C=100.0 D=49.9 | spread=0.000 dir=1 r=2.000 rmax=2.000 rrate=0.00030
