   0.00s  ets Jul 29 2019 12:21:46
   0.00s  
   0.00s  rst:0x1 (POWERON_RESET),boot:0x13 (SPI_FAST_FLASH_BOOT)
   0.01s  configsip: 0, SPIWP:0xee
   0.01s  clk_drv:0x00,q_drv:0x00,d_drv:0x00,cs0_drv:0x00,hd_drv:0x00,wp_drv:0x00
   0.02s  mode:DIO, clock div:2
   0.02s  load:0x3fff0030,len:1184
   0.02s  load:0x40078000,len:13232
   0.03s  load:0x40080400,len:3028
   0.03s  entry 0x400805e4
   1.03s  state_space: arming 3s, then autonomous 1->210Hz ramp + LQR, bounded run
   1.20s  commands: dir=cw|ccw  rmax=/rrate=<val>  gains?
   1.21s  direction=CW
   1.21s  t=1031 phase=0 freq=1.0 | I[A]: A=0.00 B=0.00 C=0.00 D=0.00 | duty[%]: A=50.0 B=50.0 C=50.0 D=50.0 | spread=0.000 dir=0 r=0.000 rmax=8.000 rrate=0.00030
   1.22s  R_MAX=2.000 R_RAMP=0.00030
   1.22s  t=1531 phase=0 freq=1.0 | I[A]: A=0.00 B=0.00 C=0.00 D=0.00 | duty[%]: A=50.0 B=50.0 C=50.0 D=50.0 | spread=0.000 dir=0 r=0.000 rmax=2.000 rrate=0.00030
   1.71s  t=2032 phase=0 freq=1.0 | I[A]: A=0.00 B=0.00 C=0.00 D=0.00 | duty[%]: A=50.0 B=50.0 C=50.0 D=50.0 | spread=0.000 dir=0 r=0.000 rmax=2.000 rrate=0.00030
   2.21s  t=2532 phase=0 freq=1.0 | I[A]: A=0.00 B=0.00 C=0.00 D=0.00 | duty[%]: A=50.0 B=50.0 C=50.0 D=50.0 | spread=0.000 dir=0 r=0.000 rmax=2.000 rrate=0.00030
   2.71s  t=3032 phase=0 freq=1.0 | I[A]: A=0.00 B=0.00 C=0.00 D=0.00 | duty[%]: A=50.0 B=50.0 C=50.0 D=50.0 | spread=0.000 dir=0 r=0.000 rmax=2.000 rrate=0.00030
   3.21s  t=3532 phase=0 freq=1.0 | I[A]: A=0.00 B=0.00 C=0.00 D=0.00 | duty[%]: A=50.0 B=50.0 C=50.0 D=50.0 | spread=0.000 dir=0 r=0.000 rmax=2.000 rrate=0.00030
   3.71s  ARMED -> ramping
   4.20s  t=4033 phase=1 freq=1.0 | I[A]: A=0.00 B=0.00 C=0.00 D=0.00 | duty[%]: A=0.0 B=0.0 C=0.0 D=0.0 | spread=0.000 dir=0 r=0.000 rmax=2.000 rrate=0.00030
   4.21s  t=4533 phase=1 freq=1.4 | I[A]: A=0.00 B=0.00 C=0.00 D=0.00 | duty[%]: A=5.0 B=5.0 C=5.0 D=5.0 | spread=0.000 dir=0 r=0.150 rmax=2.000 rrate=0.00030
   4.71s  t=5034 phase=1 freq=2.5 | I[A]: A=0.00 B=0.00 C=0.00 D=0.00 | duty[%]: A=5.0 B=5.0 C=5.0 D=5.0 | spread=0.000 dir=0 r=0.285 rmax=2.000 rrate=0.00030
   5.21s  t=5535 phase=1 freq=4.4 | I[A]: A=0.00 B=0.00 C=0.00 D=0.00 | duty[%]: A=5.0 B=5.0 C=5.0 D=5.4 | spread=0.000 dir=0 r=0.435 rmax=2.000 rrate=0.00030
   5.72s  t=6035 phase=1 freq=6.9 | I[A]: A=0.00 B=0.00 C=0.00 D=0.00 | duty[%]: A=5.0 B=5.0 C=5.0 D=9.5 | spread=0.000 dir=0 r=0.585 rmax=2.000 rrate=0.00030
   6.22s  t=6535 phase=1 freq=10.0 | I[A]: A=0.00 B=0.00 C=0.00 D=0.00 | duty[%]: A=6.6 B=5.9 C=5.0 D=14.7 | spread=0.000 dir=0 r=0.735 rmax=2.000 rrate=0.00030
   6.72s  t=7035 phase=1 freq=13.7 | I[A]: A=0.00 B=0.00 C=0.00 D=0.00 | duty[%]: A=9.3 B=8.2 C=5.0 D=21.0 | spread=0.000 dir=0 r=0.885 rmax=2.000 rrate=0.00030
   7.22s  t=7535 phase=1 freq=18.0 | I[A]: A=0.00 B=0.00 C=0.00 D=0.01 | duty[%]: A=12.4 B=11.0 C=6.4 D=28.3 | spread=0.007 dir=0 r=1.035 rmax=2.000 rrate=0.00030
   7.72s  t=8035 phase=1 freq=22.7 | I[A]: A=0.00 B=0.00 C=0.00 D=0.04 | duty[%]: A=16.9 B=15.2 C=8.4 D=35.7 | spread=0.043 dir=0 r=1.185 rmax=2.000 rrate=0.00030
   8.22s  t=8535 phase=1 freq=28.0 | I[A]: A=0.00 B=0.00 C=0.00 D=0.10 | duty[%]: A=22.2 B=20.0 C=10.7 D=43.8 | spread=0.104 dir=0 r=1.335 rmax=2.000 rrate=0.00030
   8.72s  t=9035 phase=1 freq=33.7 | I[A]: A=0.06 B=0.04 C=0.00 D=0.22 | duty[%]: A=28.9 B=26.4 C=13.9 D=51.5 | spread=0.218 dir=0 r=1.485 rmax=2.000 rrate=0.00030
   9.22s  t=9535 phase=1 freq=39.7 | I[A]: A=0.10 B=0.09 C=0.00 D=0.32 | duty[%]: A=36.1 B=33.9 C=18.2 D=59.4 | spread=0.317 dir=0 r=1.635 rmax=2.000 rrate=0.00030
   9.72s  t=10035 phase=1 freq=46.1 | I[A]: A=0.21 B=0.20 C=0.00 D=0.38 | duty[%]: A=43.4 B=41.0 C=24.0 D=67.9 | spread=0.376 dir=0 r=1.785 rmax=2.000 rrate=0.00030
  10.22s  t=10536 phase=1 freq=52.9 | I[A]: A=0.33 B=0.30 C=0.09 D=0.50 | duty[%]: A=50.4 B=48.2 C=31.1 D=76.7 | spread=0.402 dir=0 r=1.935 rmax=2.000 rrate=0.00030
  10.72s  t=11036 phase=1 freq=59.9 | I[A]: A=0.53 B=0.52 C=0.20 D=0.63 | duty[%]: A=58.0 B=55.7 C=38.7 D=84.6 | spread=0.429 dir=0 r=2.000 rmax=2.000 rrate=0.00030
  11.22s  t=11537 phase=1 freq=67.1 | I[A]: A=0.63 B=0.62 C=0.43 D=0.83 | duty[%]: A=65.0 B=62.5 C=45.7 D=91.5 | spread=0.392 dir=0 r=2.000 rmax=2.000 rrate=0.00030
  11.72s  t=12037 phase=1 freq=74.6 | I[A]: A=0.77 B=0.73 C=0.45 D=0.82 | duty[%]: A=71.6 B=69.2 C=51.9 D=97.8 | spread=0.374 dir=0 r=2.000 rmax=2.000 rrate=0.00030
  12.22s  t=12538 phase=1 freq=82.2 | I[A]: A=0.84 B=0.81 C=0.61 D=0.98 | duty[%]: A=73.7 B=71.6 C=54.5 D=100.0 | spread=0.369 dir=0 r=2.000 rmax=2.000 rrate=0.00030
  12.72s  t=13038 phase=1 freq=89.9 | I[A]: A=0.93 B=0.93 C=0.74 D=1.07 | duty[%]: A=73.6 B=71.6 C=54.5 D=100.0 | spread=0.340 dir=0 r=2.000 rmax=2.000 rrate=0.00030
  13.22s  t=13538 phase=1 freq=97.7 | I[A]: A=1.10 B=1.05 C=0.83 D=1.18 | duty[%]: A=73.8 B=71.8 C=54.3 D=99.9 | spread=0.349 dir=0 r=2.000 rmax=2.000 rrate=0.00030
  13.72s  t=14039 phase=1 freq=105.5 | I[A]: A=1.21 B=1.23 C=1.07 D=1.44 | duty[%]: A=74.3 B=72.3 C=54.9 D=100.0 | spread=0.370 dir=0 r=2.000 rmax=2.000 rrate=0.00030
  14.22s  t=14539 phase=1 freq=113.3 | I[A]: A=1.62 B=1.58 C=1.35 D=1.65 | duty[%]: A=80.4 B=77.3 C=59.3 D=99.2 | spread=0.302 dir=0 r=2.000 rmax=2.000 rrate=0.00030
  14.72s  t=15040 phase=1 freq=121.1 | I[A]: A=1.86 B=1.83 C=1.83 D=1.99 | duty[%]: A=81.7 B=79.0 C=63.0 D=99.8 | spread=0.159 dir=0 r=2.000 rmax=2.000 rrate=0.00030
  15.22s  t=15541 phase=1 freq=128.8 | I[A]: A=2.14 B=2.14 C=2.21 D=2.16 | duty[%]: A=83.2 B=80.4 C=63.1 D=98.4 | spread=0.075 dir=0 r=2.000 rmax=2.000 rrate=0.00030
  15.72s  t=16041 phase=1 freq=136.4 | I[A]: A=2.40 B=2.39 C=2.44 D=2.28 | duty[%]: A=82.2 B=78.7 C=61.5 D=97.7 | spread=0.163 dir=0 r=2.000 rmax=2.000 rrate=0.00030
  16.22s  t=16541 phase=1 freq=143.9 | I[A]: A=2.54 B=2.48 C=2.68 D=2.48 | duty[%]: A=80.2 B=76.2 C=57.9 D=96.8 | spread=0.194 dir=0 r=2.000 rmax=2.000 rrate=0.00030
  16.72s  t=17041 phase=1 freq=151.1 | I[A]: A=2.41 B=2.38 C=2.72 D=2.41 | duty[%]: A=76.5 B=73.3 C=54.1 D=95.5 | spread=0.348 dir=0 r=2.000 rmax=2.000 rrate=0.00030
  17.22s  t=17541 phase=1 freq=158.1 | I[A]: A=2.49 B=2.51 C=2.63 D=2.37 | duty[%]: A=73.3 B=70.7 C=49.0 D=94.8 | spread=0.257 dir=0 r=2.000 rmax=2.000 rrate=0.00030
  17.72s  t=18041 phase=1 freq=164.9 | I[A]: A=2.43 B=2.23 C=2.33 D=2.43 | duty[%]: A=71.1 B=68.9 C=45.3 D=93.0 | spread=0.202 dir=0 r=2.000 rmax=2.000 rrate=0.00030
  18.22s  t=18541 phase=1 freq=171.3 | I[A]: A=2.27 B=2.17 C=2.37 D=2.21 | duty[%]: A=68.5 B=67.0 C=44.3 D=92.1 | spread=0.202 dir=0 r=2.000 rmax=2.000 rrate=0.00030
  18.72s  t=19041 phase=1 freq=177.4 | I[A]: A=2.07 B=2.12 C=2.19 D=2.09 | duty[%]: A=66.6 B=65.4 C=43.0 D=91.6 | spread=0.116 dir=0 r=2.000 rmax=2.000 rrate=0.00030
  19.22s  t=19541 phase=1 freq=183.0 | I[A]: A=2.07 B=2.05 C=2.01 D=2.10 | duty[%]: A=65.8 B=64.9 C=42.2 D=91.3 | spread=0.083 dir=0 r=2.000 rmax=2.000 rrate=0.00030
  19.72s  t=20042 phase=1 freq=188.3 | I[A]: A=1.98 B=2.00 C=1.84 D=1.87 | duty[%]: A=65.3 B=64.1 C=43.5 D=91.6 | spread=0.159 dir=0 r=2.000 rmax=2.000 rrate=0.00030
  20.22s  t=20542 phase=1 freq=193.1 | I[A]: A=1.90 B=1.91 C=1.90 D=1.88 | duty[%]: A=65.5 B=64.1 C=44.6 D=92.0 | spread=0.028 dir=0 r=2.000 rmax=2.000 rrate=0.00030
  20.72s  t=21043 phase=1 freq=197.3 | I[A]: A=1.84 B=1.84 C=1.88 D=1.85 | duty[%]: A=66.2 B=64.9 C=45.6 D=92.5 | spread=0.040 dir=0 r=2.000 rmax=2.000 rrate=0.00030
  21.22s  t=21543 phase=1 freq=201.0 | I[A]: A=1.79 B=1.84 C=1.76 D=1.82 | duty[%]: A=67.3 B=65.7 C=45.6 D=93.4 | spread=0.074 dir=0 r=2.000 rmax=2.000 rrate=0.00030
  21.72s  t=22043 phase=1 freq=204.2 | I[A]: A=1.85 B=1.76 C=1.77 D=1.81 | duty[%]: A=67.7 B=66.5 C=47.2 D=94.8 | spread=0.089 dir=0 r=2.000 rmax=2.000 rrate=0.00030
  22.22s  t=22543 phase=1 freq=206.7 | I[A]: A=1.75 B=1.77 C=1.66 D=1.84 | duty[%]: A=68.7 B=67.4 C=48.1 D=96.2 | spread=0.175 dir=0 r=2.000 rmax=2.000 rrate=0.00030
  22.72s  t=23043 phase=1 freq=208.5 | I[A]: A=1.81 B=1.78 C=1.77 D=1.81 | duty[%]: A=69.7 B=69.0 C=49.8 D=96.6 | spread=0.037 dir=0 r=2.000 rmax=2.000 rrate=0.00030
  23.22s  t=23543 phase=2 freq=209.6 | I[A]: A=1.80 B=1.76 C=1.74 D=1.82 | duty[%]: A=70.6 B=69.2 C=51.4 D=97.8 | spread=0.085 dir=0 r=2.000 rmax=2.000 rrate=0.00030
  23.72s  t=24044 phase=2 freq=210.0 | I[A]: A=1.82 B=1.78 C=1.88 D=1.85 | duty[%]: A=71.8 B=70.4 C=52.4 D=98.6 | spread=0.094 dir=0 r=2.000 rmax=2.000 rrate=0.00030
  24.22s  t=24544 phase=2 freq=210.0 | I[A]: A=1.81 B=1.81 C=1.84 D=1.80 | duty[%]: A=72.1 B=70.8 C=52.8 D=99.7 | spread=0.049 dir=0 r=2.000 rmax=2.000 rrate=0.00030
  24.72s  t=25044 phase=2 freq=210.0 | I[A]: A=1.88 B=1.89 C=1.86 D=1.81 | duty[%]: A=71.8 B=70.8 C=52.9 D=100.0 | spread=0.075 dir=0 r=2.000 rmax=2.000 rrate=0.00030
  25.23s  t=25545 phase=2 freq=210.0 | I[A]: A=1.90 B=1.87 C=1.84 D=1.85 | duty[%]: A=72.0 B=70.9 C=52.8 D=100.0 | spread=0.056 dir=0 r=2.000 rmax=2.000 rrate=0.00030
  25.73s  t=26045 phase=2 freq=210.0 | I[A]: A=1.87 B=1.89 C=1.89 D=1.81 | duty[%]: A=71.8 B=70.8 C=52.9 D=100.0 | spread=0.081 dir=0 r=2.000 rmax=2.000 rrate=0.00030
  26.23s  t=26545 phase=2 freq=210.0 | I[A]: A=1.87 B=1.83 C=1.89 D=1.82 | duty[%]: A=71.8 B=71.0 C=52.8 D=100.0 | spread=0.068 dir=0 r=2.000 rmax=2.000 rrate=0.00030
  26.73s  t=27045 phase=2 freq=210.0 | I[A]: A=1.83 B=1.82 C=1.88 D=1.81 | duty[%]: A=71.9 B=70.9 C=52.8 D=100.0 | spread=0.069 dir=0 r=2.000 rmax=2.000 rrate=0.00030
  27.23s  t=27546 phase=2 freq=210.0 | I[A]: A=1.81 B=1.84 C=1.86 D=1.76 | duty[%]: A=71.8 B=70.8 C=52.9 D=100.0 | spread=0.101 dir=0 r=2.000 rmax=2.000 rrate=0.00030
  27.73s  t=28046 phase=2 freq=210.0 | I[A]: A=1.82 B=1.89 C=1.81 D=1.77 | duty[%]: A=71.9 B=70.9 C=52.8 D=100.0 | spread=0.121 dir=0 r=2.000 rmax=2.000 rrate=0.00030
  28.23s  t=28546 phase=3 freq=210.0 | I[A]: A=1.68 B=1.75 C=1.67 D=1.68 | duty[%]: A=71.8 B=71.6 C=52.6 D=100.0 | spread=0.082 dir=0 r=2.000 rmax=2.000 rrate=0.00030
  28.73s  t=29046 phase=3 freq=210.0 | I[A]: A=0.03 B=0.03 C=0.00 D=0.35 | duty[%]: A=71.8 B=71.6 C=52.6 D=100.0 | spread=0.348 dir=0 r=2.000 rmax=2.000 rrate=0.00030
  29.23s  coils off
  29.66s  t=29547 phase=4 freq=210.0 | I[A]: A=0.00 B=0.00 C=0.00 D=0.00 | duty[%]: A=71.8 B=71.6 C=52.6 D=100.0 | spread=0.000 dir=0 r=2.000 rmax=2.000 rrate=0.00030
  29.73s  t=30048 phase=4 freq=210.0 | I[A]: A=0.00 B=0.00 C=0.00 D=0.00 | duty[%]: A=71.8 B=71.6 C=52.6 D=100.0 | spread=0.000 dir=0 r=2.000 rmax=2.000 rrate=0.00030
  30.23s  t=30549 phase=4 freq=210.0 | I[A]: A=0.00 B=0.00 C=0.00 D=0.00 | duty[%]: A=71.8 B=71.6 C=52.6 D=100.0 | spread=0.000 dir=0 r=2.000 rmax=2.000 rrate=0.00030
  30.73s  t=31050 phase=4 freq=210.0 | I[A]: A=0.00 B=0.00 C=0.00 D=0.00 | duty[%]: A=71.8 B=71.6 C=52.6 D=100.0 | spread=0.000 dir=0 r=2.000 rmax=2.000 rrate=0.00030
  31.23s  t=31551 phase=4 freq=210.0 | I[A]: A=0.00 B=0.00 C=0.00 D=0.00 | duty[%]: A=71.8 B=71.6 C=52.6 D=100.0 | spread=0.000 dir=0 r=2.000 rmax=2.000 rrate=0.00030
  31.73s  t=32051 phase=4 freq=210.0 | I[A]: A=0.00 B=0.00 C=0.00 D=0.00 | duty[%]: A=71.8 B=71.6 C=52.6 D=100.0 | spread=0.000 dir=0 r=2.000 rmax=2.000 rrate=0.00030
  32.23s  t=32551 phase=4 freq=210.0 | I[A]: A=0.00 B=0.00 C=0.00 D=0.00 | duty[%]: A=71.8 B=71.6 C=52.6 D=100.0 | spread=0.000 dir=0 r=2.000 rmax=2.000 rrate=0.00030
  32.73s  t=33052 phase=4 freq=210.0 | I[A]: A=0.00 B=0.00 C=0.00 D=0.00 | duty[%]: A=71.8 B=71.6 C=52.6 D=100.0 | spread=0.000 dir=0 r=2.000 rmax=2.000 rrate=0.00030
