   0.00s  ets Jul 29 2019 12:21:46
   0.00s  
   0.00s  rst:0x1 (POWERON_RESET),boot:0x13 (SPI_FAST_FLASH_BOOT)
   0.01s  configsip: 0, SPIWP:0xee
   0.01s  clk_drv:0x00,q_drv:0x00,d_drv:0x00,cs0_drv:0x00,hd_drv:0x00,wp_drv:0x00
   0.02s  mode:DIO, clock div:2
   0.02s  load:0x3fff0030,len:1184
   0.02s  load:0x40078000,len:13232
   0.03s  load:0x40080400,len:3028
   0.03s  entry 0x400805e4
   1.03s  state_space: arming 3s, then autonomous 1->210Hz ramp + LQR, bounded run
   1.20s  commands: dir=cw|ccw  rmax=/rrate=<val>  gains?
   1.21s  direction=CCW
   1.21s  t=1031 phase=0 freq=1.0 | I[A]: A=0.00 B=0.00 C=0.00 D=0.00 | duty[%]: A=50.0 B=50.0 C=50.0 D=50.0 | spread=0.000 dir=1 r=0.000 rmax=8.000 rrate=0.00030
   1.22s  R_MAX=2.000 R_RAMP=0.00030
   1.22s  t=1532 phase=0 freq=1.0 | I[A]: A=0.00 B=0.00 C=0.00 D=0.00 | duty[%]: A=50.0 B=50.0 C=50.0 D=50.0 | spread=0.000 dir=1 r=0.000 rmax=2.000 rrate=0.00030
   1.71s  t=2032 phase=0 freq=1.0 | I[A]: A=0.00 B=0.00 C=0.00 D=0.00 | duty[%]: A=50.0 B=50.0 C=50.0 D=50.0 | spread=0.000 dir=1 r=0.000 rmax=2.000 rrate=0.00030
   2.21s  t=2532 phase=0 freq=1.0 | I[A]: A=0.00 B=0.00 C=0.00 D=0.00 | duty[%]: A=50.0 B=50.0 C=50.0 D=50.0 | spread=0.000 dir=1 r=0.000 rmax=2.000 rrate=0.00030
   2.71s  t=3032 phase=0 freq=1.0 | I[A]: A=0.00 B=0.00 C=0.00 D=0.00 | duty[%]: A=50.0 B=50.0 C=50.0 D=50.0 | spread=0.000 dir=1 r=0.000 rmax=2.000 rrate=0.00030
   3.21s  t=3533 phase=0 freq=1.0 | I[A]: A=0.00 B=0.00 C=0.00 D=0.00 | duty[%]: A=50.0 B=50.0 C=50.0 D=50.0 | spread=0.000 dir=1 r=0.000 rmax=2.000 rrate=0.00030
   3.71s  ARMED -> ramping
   4.20s  t=4034 phase=1 freq=1.0 | I[A]: A=0.00 B=0.00 C=0.00 D=0.00 | duty[%]: A=0.0 B=0.0 C=0.0 D=0.0 | spread=0.000 dir=1 r=0.000 rmax=2.000 rrate=0.00030
   4.22s  t=4534 phase=1 freq=1.4 | I[A]: A=0.00 B=0.00 C=0.02 D=0.00 | duty[%]: A=5.0 B=5.0 C=5.0 D=5.0 | spread=0.021 dir=1 r=0.150 rmax=2.000 rrate=0.00030
   4.72s  t=5034 phase=1 freq=2.5 | I[A]: A=0.00 B=0.00 C=0.00 D=0.00 | duty[%]: A=5.0 B=5.0 C=5.0 D=5.0 | spread=0.000 dir=1 r=0.285 rmax=2.000 rrate=0.00030
   5.22s  t=5535 phase=1 freq=4.4 | I[A]: A=0.00 B=0.00 C=0.04 D=0.00 | duty[%]: A=5.0 B=5.0 C=5.0 D=5.0 | spread=0.045 dir=1 r=0.435 rmax=2.000 rrate=0.00030
   5.72s  t=6035 phase=1 freq=6.9 | I[A]: A=0.00 B=0.00 C=0.00 D=0.00 | duty[%]: A=5.0 B=5.0 C=8.6 D=5.0 | spread=0.000 dir=1 r=0.585 rmax=2.000 rrate=0.00030
   6.22s  t=6535 phase=1 freq=10.0 | I[A]: A=0.00 B=0.00 C=0.00 D=0.00 | duty[%]: A=7.3 B=7.1 C=13.6 D=5.0 | spread=0.000 dir=1 r=0.735 rmax=2.000 rrate=0.00030
   6.72s  t=7036 phase=1 freq=13.7 | I[A]: A=0.00 B=0.00 C=0.00 D=0.00 | duty[%]: A=10.2 B=9.8 C=19.6 D=5.7 | spread=0.000 dir=1 r=0.885 rmax=2.000 rrate=0.00030
   7.22s  t=7536 phase=1 freq=18.0 | I[A]: A=0.00 B=0.00 C=0.01 D=0.00 | duty[%]: A=13.5 B=13.1 C=26.6 D=7.5 | spread=0.007 dir=1 r=1.035 rmax=2.000 rrate=0.00030
   7.72s  t=8036 phase=1 freq=22.7 | I[A]: A=0.00 B=0.00 C=0.05 D=0.00 | duty[%]: A=17.7 B=17.2 C=34.2 D=9.6 | spread=0.050 dir=1 r=1.185 rmax=2.000 rrate=0.00030
   8.22s  t=8536 phase=1 freq=28.0 | I[A]: A=0.00 B=0.01 C=0.16 D=0.00 | duty[%]: A=23.2 B=22.6 C=41.7 D=12.2 | spread=0.159 dir=1 r=1.335 rmax=2.000 rrate=0.00030
   8.72s  t=9037 phase=1 freq=33.7 | I[A]: A=0.03 B=0.06 C=0.20 D=0.00 | duty[%]: A=30.2 B=29.4 C=48.8 D=15.7 | spread=0.196 dir=1 r=1.485 rmax=2.000 rrate=0.00030
   9.22s  t=9538 phase=1 freq=39.7 | I[A]: A=0.11 B=0.10 C=0.31 D=0.00 | duty[%]: A=37.7 B=37.1 C=55.8 D=20.6 | spread=0.312 dir=1 r=1.635 rmax=2.000 rrate=0.00030
   9.72s  t=10038 phase=1 freq=46.1 | I[A]: A=0.23 B=0.23 C=0.39 D=0.02 | duty[%]: A=45.2 B=44.8 C=63.3 D=27.1 | spread=0.367 dir=1 r=1.785 rmax=2.000 rrate=0.00030
  10.22s  t=10539 phase=1 freq=52.9 | I[A]: A=0.39 B=0.40 C=0.44 D=0.10 | duty[%]: A=51.9 B=51.2 C=71.9 D=34.7 | spread=0.334 dir=1 r=1.935 rmax=2.000 rrate=0.00030
  10.72s  t=11040 phase=1 freq=59.9 | I[A]: A=0.48 B=0.53 C=0.66 D=0.27 | duty[%]: A=59.1 B=58.4 C=79.6 D=42.4 | spread=0.389 dir=1 r=2.000 rmax=2.000 rrate=0.00030
  11.22s  t=11541 phase=1 freq=67.1 | I[A]: A=0.63 B=0.70 C=0.73 D=0.41 | duty[%]: A=64.9 B=63.3 C=87.5 D=49.7 | spread=0.324 dir=1 r=2.000 rmax=2.000 rrate=0.00030
  11.72s  t=12041 phase=1 freq=74.6 | I[A]: A=0.68 B=0.73 C=0.91 D=0.49 | duty[%]: A=71.9 B=69.4 C=93.3 D=56.4 | spread=0.413 dir=1 r=2.000 rmax=2.000 rrate=0.00030
  12.23s  t=12541 phase=1 freq=82.2 | I[A]: A=0.88 B=0.86 C=0.91 D=0.66 | duty[%]: A=78.5 B=75.0 C=98.6 D=62.7 | spread=0.245 dir=1 r=2.000 rmax=2.000 rrate=0.00030
  12.72s  t=13042 phase=1 freq=89.9 | I[A]: A=0.99 B=1.00 C=1.03 D=0.77 | duty[%]: A=79.9 B=76.7 C=100.0 D=64.1 | spread=0.262 dir=1 r=2.000 rmax=2.000 rrate=0.00030
  13.23s  t=13543 phase=1 freq=97.7 | I[A]: A=1.15 B=1.17 C=1.21 D=0.94 | duty[%]: A=81.7 B=78.3 C=100.0 D=65.4 | spread=0.272 dir=1 r=2.000 rmax=2.000 rrate=0.00030
  13.73s  t=14044 phase=1 freq=105.5 | I[A]: A=1.27 B=1.35 C=1.42 D=1.23 | duty[%]: A=82.3 B=78.9 C=100.0 D=65.6 | spread=0.188 dir=1 r=2.000 rmax=2.000 rrate=0.00030
  14.23s  t=14545 phase=1 freq=113.3 | I[A]: A=1.54 B=1.59 C=1.71 D=1.57 | duty[%]: A=82.8 B=79.0 C=100.0 D=66.0 | spread=0.171 dir=1 r=2.000 rmax=2.000 rrate=0.00030
  14.73s  t=15046 phase=1 freq=121.1 | I[A]: A=1.84 B=1.88 C=1.82 D=1.82 | duty[%]: A=85.7 B=81.6 C=99.8 D=66.5 | spread=0.066 dir=1 r=2.000 rmax=2.000 rrate=0.00030
  15.23s  t=15547 phase=1 freq=128.8 | I[A]: A=2.15 B=2.21 C=1.96 D=2.18 | duty[%]: A=85.5 B=81.0 C=100.0 D=65.9 | spread=0.251 dir=1 r=2.000 rmax=2.000 rrate=0.00030
  15.73s  t=16047 phase=1 freq=136.4 | I[A]: A=2.37 B=2.37 C=2.13 D=2.45 | duty[%]: A=84.9 B=80.0 C=99.9 D=62.8 | spread=0.321 dir=1 r=2.000 rmax=2.000 rrate=0.00030
  16.23s  t=16547 phase=1 freq=143.9 | I[A]: A=2.51 B=2.48 C=2.23 D=2.68 | duty[%]: A=83.4 B=78.2 C=100.0 D=60.2 | spread=0.449 dir=1 r=2.000 rmax=2.000 rrate=0.00030
  16.73s  t=17048 phase=1 freq=151.1 | I[A]: A=2.55 B=2.58 C=2.30 D=2.92 | duty[%]: A=83.3 B=78.1 C=100.0 D=59.9 | spread=0.621 dir=1 r=2.000 rmax=2.000 rrate=0.00030
  17.23s  t=17548 phase=1 freq=158.1 | I[A]: A=2.55 B=2.59 C=2.26 D=3.12 | duty[%]: A=83.2 B=77.3 C=100.0 D=59.3 | spread=0.859 dir=1 r=2.000 rmax=2.000 rrate=0.00030
