   0.01s  ets Jul 29 2019 12:21:46
   0.01s  
   0.01s  rst:0x1 (POWERON_RESET),boot:0x13 (SPI_FAST_FLASH_BOOT)
   0.01s  configsip: 0, SPIWP:0xee
   0.02s  clk_drv:0x00,q_drv:0x00,d_drv:0x00,cs0_drv:0x00,hd_drv:0x00,wp_drv:0x00
   0.02s  mode:DIO, clock div:2
   0.02s  load:0x3fff0030,len:1184
   0.04s  load:0x40078000,len:13232
   0.04s  load:0x40080400,len:3028
   0.04s  entry 0x400805e4
   1.35s  [step 1]  freq=1.0
   1.36s  t=1160 freq=1.0 | I[A]: A=0.00 B=0.00 C=0.00 D=0.00 | duty[%]: A=50.3 B=50.3 C=50.3 D=50.3 | spread=0.000 bal=1 trip=0
   1.86s  t=1660 freq=1.0 | I[A]: A=0.01 B=0.01 C=0.00 D=0.00 | duty[%]: A=75.4 B=75.4 C=75.4 D=75.4 | spread=0.007 bal=1 trip=0
   2.35s  t=2161 freq=1.1 | I[A]: A=0.01 B=0.01 C=0.00 D=0.00 | duty[%]: A=100.0 B=100.0 C=100.0 D=100.0 | spread=0.005 bal=1 trip=0
   2.86s  t=2661 freq=1.3 | I[A]: A=0.00 B=0.00 C=0.11 D=0.11 | duty[%]: A=100.0 B=100.0 C=100.0 D=100.0 | spread=0.113 bal=1 trip=0
   3.36s  t=3161 freq=1.5 | I[A]: A=0.18 B=0.19 C=0.01 D=0.01 | duty[%]: A=100.0 B=100.0 C=100.0 D=100.0 | spread=0.187 bal=1 trip=0
   3.86s  t=3661 freq=1.8 | I[A]: A=0.01 B=0.01 C=0.08 D=0.10 | duty[%]: A=100.0 B=100.0 C=100.0 D=100.0 | spread=0.092 bal=1 trip=0
   4.36s  t=4161 freq=2.3 | I[A]: A=0.01 B=0.01 C=0.09 D=0.10 | duty[%]: A=100.0 B=100.0 C=100.0 D=100.0 | spread=0.090 bal=1 trip=0
   4.87s  t=4661 freq=2.8 | I[A]: A=0.11 B=0.14 C=0.02 D=0.02 | duty[%]: A=100.0 B=100.0 C=100.0 D=100.0 | spread=0.119 bal=1 trip=0
   5.36s  t=5162 freq=3.4 | I[A]: A=0.10 B=0.12 C=0.03 D=0.03 | duty[%]: A=100.0 B=100.0 C=100.0 D=100.0 | spread=0.096 bal=1 trip=0
   5.86s  t=5663 freq=4.2 | I[A]: A=0.26 B=0.22 C=0.08 D=0.07 | duty[%]: A=100.0 B=100.0 C=100.0 D=100.0 | spread=0.192 bal=1 trip=0
   6.36s  t=6164 freq=5.1 | I[A]: A=0.09 B=0.09 C=0.23 D=0.19 | duty[%]: A=100.0 B=100.0 C=100.0 D=100.0 | spread=0.143 bal=1 trip=0
   6.86s  t=6664 freq=6.1 | I[A]: A=0.18 B=0.22 C=0.10 D=0.10 | duty[%]: A=100.0 B=100.0 C=100.0 D=100.0 | spread=0.126 bal=1 trip=0
   7.36s  t=7164 freq=7.3 | I[A]: A=0.09 B=0.09 C=0.22 D=0.18 | duty[%]: A=100.0 B=100.0 C=100.0 D=100.0 | spread=0.125 bal=1 trip=0
   7.87s  t=7664 freq=8.6 | I[A]: A=0.16 B=0.17 C=0.31 D=0.30 | duty[%]: A=100.0 B=100.0 C=100.0 D=100.0 | spread=0.148 bal=1 trip=0
   8.37s  t=8164 freq=10.1 | I[A]: A=0.33 B=0.39 C=0.26 D=0.23 | duty[%]: A=100.0 B=99.8 C=100.0 D=100.0 | spread=0.159 bal=1 trip=0
   8.87s  t=8664 freq=11.7 | I[A]: A=0.23 B=0.22 C=0.34 D=0.31 | duty[%]: A=100.0 B=100.0 C=99.9 D=100.0 | spread=0.115 bal=1 trip=0
   9.36s  t=9164 freq=13.5 | I[A]: A=0.34 B=0.36 C=0.24 D=0.21 | duty[%]: A=100.0 B=99.9 C=100.0 D=100.0 | spread=0.151 bal=1 trip=0
   9.86s  t=9664 freq=15.5 | I[A]: A=0.26 B=0.28 C=0.41 D=0.41 | duty[%]: A=100.0 B=99.9 C=97.7 D=98.7 | spread=0.144 bal=1 trip=0
  10.36s  t=10165 freq=17.6 | I[A]: A=0.48 B=0.44 C=0.32 D=0.33 | duty[%]: A=100.0 B=99.7 C=97.9 D=99.3 | spread=0.159 bal=1 trip=0
  10.86s  t=10666 freq=19.8 | I[A]: A=0.61 B=0.64 C=0.49 D=0.49 | duty[%]: A=100.0 B=99.9 C=97.8 D=99.4 | spread=0.156 bal=1 trip=0
  11.37s  t=11166 freq=22.2 | I[A]: A=0.61 B=0.69 C=0.52 D=0.52 | duty[%]: A=100.0 B=99.8 C=97.2 D=99.2 | spread=0.170 bal=1 trip=0
  11.86s  t=11666 freq=24.7 | I[A]: A=0.60 B=0.58 C=0.79 D=0.68 | duty[%]: A=99.7 B=99.5 C=96.0 D=100.0 | spread=0.212 bal=1 trip=0
  12.36s  t=12166 freq=27.3 | I[A]: A=0.72 B=0.61 C=0.75 D=0.86 | duty[%]: A=99.7 B=99.5 C=96.0 D=100.0 | spread=0.243 bal=1 trip=0
  12.87s  t=12666 freq=30.0 | I[A]: A=0.83 B=0.80 C=0.71 D=0.73 | duty[%]: A=99.2 B=99.5 C=96.0 D=100.0 | spread=0.127 bal=1 trip=0
  13.36s  t=13166 freq=32.7 | I[A]: A=0.80 B=0.78 C=0.91 D=1.02 | duty[%]: A=99.5 B=100.0 C=97.7 D=98.7 | spread=0.243 bal=1 trip=0
  13.86s  t=13667 freq=35.5 | I[A]: A=0.88 B=0.82 C=0.94 D=1.05 | duty[%]: A=99.0 B=100.0 C=98.7 D=96.3 | spread=0.228 bal=1 trip=0
  14.37s  t=14167 freq=38.3 | I[A]: A=0.96 B=0.85 C=1.04 D=1.16 | duty[%]: A=98.0 B=100.0 C=98.8 D=94.1 | spread=0.306 bal=1 trip=0
  14.87s  t=14667 freq=41.0 | I[A]: A=1.15 B=1.14 C=1.02 D=0.96 | duty[%]: A=97.6 B=100.0 C=99.4 D=95.4 | spread=0.189 bal=1 trip=0
  15.36s  t=15167 freq=43.7 | I[A]: A=1.13 B=1.14 C=1.25 D=1.11 | duty[%]: A=96.4 B=100.0 C=96.3 D=95.8 | spread=0.138 bal=1 trip=0
  15.87s  t=15667 freq=46.3 | I[A]: A=1.16 B=1.18 C=1.26 D=1.08 | duty[%]: A=95.2 B=98.5 C=92.1 D=100.0 | spread=0.177 bal=1 trip=0
  16.37s  t=16168 freq=48.8 | I[A]: A=1.12 B=1.23 C=1.28 D=1.09 | duty[%]: A=91.5 B=93.6 C=86.7 D=100.0 | spread=0.191 bal=1 trip=0
  16.86s  t=16668 freq=51.2 | I[A]: A=1.10 B=1.19 C=1.26 D=1.15 | duty[%]: A=90.6 B=92.2 C=82.9 D=100.0 | spread=0.155 bal=1 trip=0
  17.37s  t=17168 freq=53.4 | I[A]: A=1.18 B=1.30 C=1.12 D=1.08 | duty[%]: A=89.2 B=90.2 C=80.0 D=100.0 | spread=0.221 bal=1 trip=0
  17.86s  t=17669 freq=55.5 | I[A]: A=1.14 B=1.13 C=1.22 D=1.15 | duty[%]: A=87.3 B=89.4 C=76.8 D=100.0 | spread=0.096 bal=1 trip=0
  18.37s  t=18169 freq=57.5 | I[A]: A=1.27 B=1.29 C=1.12 D=1.11 | duty[%]: A=85.6 B=87.1 C=75.7 D=100.0 | spread=0.180 bal=1 trip=0
  18.87s  t=18669 freq=59.3 | I[A]: A=1.17 B=1.20 C=1.29 D=1.27 | duty[%]: A=85.3 B=86.6 C=75.3 D=100.0 | spread=0.112 bal=1 trip=0
  19.37s  t=19169 freq=60.9 | I[A]: A=1.15 B=1.16 C=1.27 D=1.24 | duty[%]: A=84.5 B=85.1 C=74.8 D=100.0 | spread=0.121 bal=1 trip=0
  19.87s  t=19669 freq=62.4 | I[A]: A=1.19 B=1.34 C=1.39 D=1.26 | duty[%]: A=83.2 B=83.7 C=73.9 D=100.0 | spread=0.204 bal=1 trip=0
  20.37s  t=20169 freq=63.7 | I[A]: A=1.26 B=1.36 C=1.30 D=1.25 | duty[%]: A=82.4 B=88.1 C=73.4 D=100.0 | spread=0.111 bal=1 trip=0
  20.86s  t=20669 freq=64.9 | I[A]: A=1.21 B=1.29 C=1.25 D=1.27 | duty[%]: A=81.2 B=85.2 C=73.5 D=100.0 | spread=0.078 bal=1 trip=0
  21.37s  t=21169 freq=65.9 | I[A]: A=1.34 B=1.34 C=1.28 D=1.33 | duty[%]: A=80.5 B=84.1 C=73.6 D=100.0 | spread=0.065 bal=1 trip=0
  21.87s  t=21669 freq=66.8 | I[A]: A=1.26 B=1.27 C=1.31 D=1.29 | duty[%]: A=79.4 B=82.5 C=73.3 D=100.0 | spread=0.048 bal=1 trip=0
  22.37s  t=22169 freq=67.6 | I[A]: A=1.33 B=1.39 C=1.30 D=1.29 | duty[%]: A=78.0 B=80.7 C=73.2 D=100.0 | spread=0.093 bal=1 trip=0
  22.87s  t=22669 freq=68.2 | I[A]: A=1.35 B=1.36 C=1.33 D=1.34 | duty[%]: A=77.7 B=79.8 C=73.5 D=100.0 | spread=0.034 bal=1 trip=0
  23.36s  t=23169 freq=68.7 | I[A]: A=1.40 B=1.39 C=1.27 D=1.33 | duty[%]: A=77.6 B=79.1 C=73.9 D=100.0 | spread=0.136 bal=1 trip=0
  23.87s  t=23669 freq=69.2 | I[A]: A=1.40 B=1.39 C=1.35 D=1.39 | duty[%]: A=76.6 B=78.0 C=73.7 D=100.0 | spread=0.050 bal=1 trip=0
  24.37s  t=24169 freq=69.5 | I[A]: A=1.31 B=1.35 C=1.39 D=1.37 | duty[%]: A=76.2 B=77.2 C=73.6 D=100.0 | spread=0.083 bal=1 trip=0
  24.87s  t=24669 freq=69.7 | I[A]: A=1.40 B=1.40 C=1.29 D=1.34 | duty[%]: A=75.5 B=76.0 C=74.0 D=100.0 | spread=0.118 bal=1 trip=0
  25.37s  t=25169 freq=69.9 | I[A]: A=1.43 B=1.44 C=1.31 D=1.33 | duty[%]: A=75.0 B=75.4 C=74.3 D=100.0 | spread=0.128 bal=1 trip=0
  25.86s  t=25669 freq=70.0 | I[A]: A=1.44 B=1.44 C=1.33 D=1.33 | duty[%]: A=75.0 B=75.4 C=74.2 D=100.0 | spread=0.115 bal=1 trip=0
  26.35s  [step 2]  freq=70.0
  26.37s  t=26170 freq=70.0 | I[A]: A=1.49 B=1.52 C=1.30 D=1.33 | duty[%]: A=74.8 B=74.9 C=74.1 D=100.0 | spread=0.219 bal=1 trip=0
  26.85s  [step 3]  freq=120.0
  26.87s  t=26671 freq=120.0 | I[A]: A=2.98 B=2.97 C=2.86 D=3.80 | duty[%]: A=75.3 B=75.3 C=87.9 D=89.4 | spread=0.946 bal=1 trip=0
  27.37s  t=27171 freq=110.0 | I[A]: A=3.06 B=2.96 C=2.84 D=2.97 | duty[%]: A=87.3 B=84.8 C=92.2 D=77.5 | spread=0.221 bal=1 trip=0
  27.85s  [step 4]  freq=100.0
  27.87s  t=27671 freq=100.0 | I[A]: A=2.47 B=2.52 C=2.42 D=2.56 | duty[%]: A=88.5 B=91.9 C=93.0 D=95.2 | spread=0.135 bal=1 trip=0
  28.38s  t=28171 freq=100.0 | I[A]: A=2.48 B=2.56 C=2.45 D=2.60 | duty[%]: A=90.2 B=91.8 C=100.0 D=97.3 | spread=0.150 bal=1 trip=0
  28.87s  t=28671 freq=100.0 | I[A]: A=2.50 B=2.48 C=2.51 D=2.65 | duty[%]: A=91.4 B=91.2 C=100.0 D=94.8 | spread=0.173 bal=1 trip=0
  29.36s  t=29171 freq=100.0 | I[A]: A=2.56 B=2.59 C=2.47 D=2.60 | duty[%]: A=91.8 B=90.5 C=100.0 D=93.2 | spread=0.131 bal=1 trip=0
  29.87s  t=29671 freq=100.0 | I[A]: A=2.55 B=2.52 C=2.44 D=2.60 | duty[%]: A=92.2 B=90.4 C=100.0 D=92.0 | spread=0.158 bal=1 trip=0
  30.37s  t=30171 freq=100.0 | I[A]: A=2.55 B=2.57 C=2.47 D=2.55 | duty[%]: A=92.5 B=90.3 C=100.0 D=91.1 | spread=0.104 bal=1 trip=0
  30.87s  t=30672 freq=100.0 | I[A]: A=2.49 B=2.46 C=2.52 D=2.60 | duty[%]: A=92.9 B=90.8 C=100.0 D=90.5 | spread=0.138 bal=1 trip=0
  31.37s  t=31172 freq=100.0 | I[A]: A=2.51 B=2.56 C=2.59 D=2.56 | duty[%]: A=93.4 B=90.5 C=100.0 D=89.9 | spread=0.085 bal=1 trip=0
  31.88s  t=31673 freq=100.0 | I[A]: A=2.49 B=2.43 C=2.58 D=2.55 | duty[%]: A=93.6 B=91.1 C=100.0 D=89.6 | spread=0.152 bal=1 trip=0
  32.37s  t=32174 freq=100.0 | I[A]: A=2.45 B=2.48 C=2.53 D=2.52 | duty[%]: A=93.5 B=90.7 C=100.0 D=89.4 | spread=0.082 bal=1 trip=0
  32.85s  [step 6]  freq=100.0
  32.87s  t=32674 freq=100.0 | I[A]: A=2.51 B=2.48 C=2.43 D=2.44 | duty[%]: A=93.5 B=91.1 C=100.0 D=88.7 | spread=0.085 bal=1 trip=0
  33.37s  t=33174 freq=100.0 | I[A]: A=2.48 B=2.57 C=2.51 D=2.45 | duty[%]: A=93.8 B=91.1 C=100.0 D=89.0 | spread=0.120 bal=1 trip=0
  33.87s  t=33675 freq=100.0 | I[A]: A=2.64 B=2.61 C=2.46 D=2.50 | duty[%]: A=100.0 B=92.1 C=100.0 D=89.9 | spread=0.177 bal=1 trip=0
  34.38s  t=34176 freq=100.0 | I[A]: A=2.64 B=2.62 C=2.45 D=2.49 | duty[%]: A=100.0 B=93.4 C=100.0 D=91.2 | spread=0.189 bal=1 trip=0
  34.88s  t=34676 freq=100.0 | I[A]: A=2.60 B=2.57 C=2.52 D=2.75 | duty[%]: A=100.0 B=95.5 C=100.0 D=100.0 | spread=0.233 bal=1 trip=0
  35.38s  t=35176 freq=100.0 | I[A]: A=2.61 B=2.62 C=2.51 D=2.75 | duty[%]: A=100.0 B=97.1 C=100.0 D=100.0 | spread=0.243 bal=1 trip=0
  35.88s  t=35676 freq=100.0 | I[A]: A=2.62 B=2.61 C=2.46 D=2.62 | duty[%]: A=97.7 B=94.5 C=100.0 D=96.2 | spread=0.161 bal=1 trip=0
  36.38s  t=36177 freq=100.0 | I[A]: A=2.58 B=2.51 C=2.54 D=2.70 | duty[%]: A=95.8 B=93.7 C=100.0 D=93.4 | spread=0.186 bal=1 trip=0
  36.88s  t=36677 freq=100.0 | I[A]: A=2.52 B=2.54 C=2.57 D=2.62 | duty[%]: A=94.8 B=92.4 C=100.0 D=91.4 | spread=0.103 bal=1 trip=0
  37.38s  t=37178 freq=100.0 | I[A]: A=2.52 B=2.49 C=2.56 D=2.64 | duty[%]: A=93.8 B=91.6 C=100.0 D=89.9 | spread=0.144 bal=1 trip=0
  37.88s  t=37678 freq=100.0 | I[A]: A=2.44 B=2.48 C=2.57 D=2.52 | duty[%]: A=93.7 B=91.2 C=100.0 D=89.4 | spread=0.133 bal=1 trip=0
  38.38s  t=38178 freq=100.0 | I[A]: A=2.51 B=2.45 C=2.58 D=2.61 | duty[%]: A=93.8 B=91.7 C=100.0 D=88.4 | spread=0.157 bal=1 trip=0
  38.88s  t=38678 freq=100.0 | I[A]: A=2.45 B=2.41 C=2.60 D=2.53 | duty[%]: A=93.8 B=91.2 C=100.0 D=88.2 | spread=0.181 bal=1 trip=0
  39.37s  t=39179 freq=100.0 | I[A]: A=2.45 B=2.43 C=2.51 D=2.53 | duty[%]: A=93.2 B=90.6 C=100.0 D=88.1 | spread=0.095 bal=1 trip=0
  39.87s  t=39679 freq=100.0 | I[A]: A=2.49 B=2.59 C=2.51 D=2.46 | duty[%]: A=93.4 B=90.3 C=100.0 D=88.1 | spread=0.139 bal=1 trip=0
  40.38s  t=40180 freq=100.0 | I[A]: A=2.62 B=2.63 C=2.49 D=2.50 | duty[%]: A=100.0 B=91.1 C=100.0 D=88.8 | spread=0.146 bal=1 trip=0
  40.87s  t=40680 freq=100.0 | I[A]: A=2.66 B=2.64 C=2.43 D=2.48 | duty[%]: A=100.0 B=92.4 C=100.0 D=90.1 | spread=0.229 bal=1 trip=0
  41.38s  t=41181 freq=100.0 | I[A]: A=0.81 B=0.48 C=0.72 D=0.51 | duty[%]: A=85.4 B=93.6 C=86.5 D=100.0 | spread=0.327 bal=1 trip=0
  41.88s  t=41681 freq=100.0 | I[A]: A=0.00 B=0.00 C=0.00 D=0.00 | duty[%]: A=100.0 B=100.0 C=100.0 D=100.0 | spread=0.000 bal=1 trip=0
  42.38s  t=42181 freq=100.0 | I[A]: A=0.00 B=0.00 C=0.00 D=0.00 | duty[%]: A=100.0 B=100.0 C=100.0 D=100.0 | spread=0.000 bal=1 trip=0
  42.89s  t=42682 freq=100.0 | I[A]: A=0.00 B=0.00 C=0.00 D=0.00 | duty[%]: A=100.0 B=100.0 C=100.0 D=100.0 | spread=0.000 bal=1 trip=0
  43.38s  t=43182 freq=100.0 | I[A]: A=0.00 B=0.00 C=0.00 D=0.00 | duty[%]: A=100.0 B=100.0 C=100.0 D=100.0 | spread=0.000 bal=1 trip=0
  43.89s  t=43682 freq=100.0 | I[A]: A=0.00 B=0.00 C=0.00 D=0.00 | duty[%]: A=100.0 B=100.0 C=100.0 D=100.0 | spread=0.000 bal=1 trip=0
  44.38s  t=44182 freq=100.0 | I[A]: A=0.00 B=0.00 C=0.00 D=0.00 | duty[%]: A=100.0 B=100.0 C=100.0 D=100.0 | spread=0.000 bal=1 trip=0
  44.88s  t=44682 freq=100.0 | I[A]: A=0.00 B=0.00 C=0.00 D=0.00 | duty[%]: A=100.0 B=100.0 C=100.0 D=100.0 | spread=0.000 bal=1 trip=0
  45.38s  t=45182 freq=100.0 | I[A]: A=0.00 B=0.00 C=0.00 D=0.00 | duty[%]: A=100.0 B=100.0 C=100.0 D=100.0 | spread=0.000 bal=1 trip=0
  45.89s  t=45682 freq=100.0 | I[A]: A=0.00 B=0.00 C=0.00 D=0.00 | duty[%]: A=100.0 B=100.0 C=100.0 D=100.0 | spread=0.000 bal=1 trip=0
  46.38s  t=46182 freq=100.0 | I[A]: A=0.00 B=0.00 C=0.00 D=0.00 | duty[%]: A=100.0 B=100.0 C=100.0 D=100.0 | spread=0.000 bal=1 trip=0
  46.89s  t=46683 freq=100.0 | I[A]: A=0.00 B=0.00 C=0.00 D=0.00 | duty[%]: A=100.0 B=100.0 C=100.0 D=100.0 | spread=0.000 bal=1 trip=0
  47.38s  t=47183 freq=100.0 | I[A]: A=0.00 B=0.00 C=0.00 D=0.00 | duty[%]: A=100.0 B=100.0 C=100.0 D=100.0 | spread=0.000 bal=1 trip=0
  47.88s  t=47683 freq=100.0 | I[A]: A=0.00 B=0.00 C=0.00 D=0.00 | duty[%]: A=100.0 B=100.0 C=100.0 D=100.0 | spread=0.000 bal=1 trip=0
  48.38s  t=48183 freq=100.0 | I[A]: A=0.00 B=0.00 C=0.00 D=0.00 | duty[%]: A=100.0 B=100.0 C=100.0 D=100.0 | spread=0.000 bal=1 trip=0
  48.88s  t=48684 freq=100.0 | I[A]: A=0.00 B=0.00 C=0.00 D=0.00 | duty[%]: A=100.0 B=100.0 C=100.0 D=100.0 | spread=0.000 bal=1 trip=0
  49.38s  t=49184 freq=100.0 | I[A]: A=0.00 B=0.00 C=0.00 D=0.00 | duty[%]: A=100.0 B=100.0 C=100.0 D=100.0 | spread=0.000 bal=1 trip=0
  49.88s  t=49684 freq=100.0 | I[A]: A=0.00 B=0.00 C=0.00 D=0.00 | duty[%]: A=100.0 B=100.0 C=100.0 D=100.0 | spread=0.000 bal=1 trip=0
  50.38s  t=50184 freq=100.0 | I[A]: A=0.00 B=0.00 C=0.00 D=0.00 | duty[%]: A=100.0 B=100.0 C=100.0 D=100.0 | spread=0.000 bal=1 trip=0
  50.88s  t=50685 freq=100.0 | I[A]: A=0.00 B=0.00 C=0.00 D=0.00 | duty[%]: A=100.0 B=100.0 C=100.0 D=100.0 | spread=0.000 bal=1 trip=0
  51.39s  t=51185 freq=100.0 | I[A]: A=0.00 B=0.00 C=0.00 D=0.00 | duty[%]: A=100.0 B=100.0 C=100.0 D=100.0 | spread=0.000 bal=1 trip=0
  51.88s  t=51685 freq=100.0 | I[A]: A=0.00 B=0.00 C=0.00 D=0.00 | duty[%]: A=100.0 B=100.0 C=100.0 D=100.0 | spread=0.000 bal=1 trip=0
  52.39s  t=52185 freq=100.0 | I[A]: A=0.00 B=0.00 C=0.00 D=0.00 | duty[%]: A=100.0 B=100.0 C=100.0 D=100.0 | spread=0.000 bal=1 trip=0
  52.89s  t=52686 freq=100.0 | I[A]: A=0.00 B=0.00 C=0.00 D=0.00 | duty[%]: A=100.0 B=100.0 C=100.0 D=100.0 | spread=0.000 bal=1 trip=0
  53.39s  t=53186 freq=100.0 | I[A]: A=0.00 B=0.00 C=0.00 D=0.00 | duty[%]: A=100.0 B=100.0 C=100.0 D=100.0 | spread=0.000 bal=1 trip=0
  53.89s  t=53686 freq=100.0 | I[A]: A=0.00 B=0.00 C=0.00 D=0.00 | duty[%]: A=100.0 B=100.0 C=100.0 D=100.0 | spread=0.000 bal=1 trip=0
  54.39s  t=54186 freq=100.0 | I[A]: A=0.00 B=0.00 C=0.00 D=0.00 | duty[%]: A=100.0 B=100.0 C=100.0 D=100.0 | spread=0.000 bal=1 trip=0
  54.89s  t=54686 freq=100.0 | I[A]: A=0.00 B=0.00 C=0.00 D=0.00 | duty[%]: A=100.0 B=100.0 C=100.0 D=100.0 | spread=0.000 bal=1 trip=0
  55.39s  t=55186 freq=100.0 | I[A]: A=0.00 B=0.00 C=0.00 D=0.00 | duty[%]: A=100.0 B=100.0 C=100.0 D=100.0 | spread=0.000 bal=1 trip=0
  55.89s  t=55687 freq=100.0 | I[A]: A=0.00 B=0.00 C=0.00 D=0.00 | duty[%]: A=100.0 B=100.0 C=100.0 D=100.0 | spread=0.000 bal=1 trip=0
  56.38s  t=56187 freq=100.0 | I[A]: A=0.00 B=0.00 C=0.00 D=0.00 | duty[%]: A=100.0 B=100.0 C=100.0 D=100.0 | spread=0.000 bal=1 trip=0
  56.89s  t=56688 freq=100.0 | I[A]: A=0.00 B=0.00 C=0.00 D=0.00 | duty[%]: A=100.0 B=100.0 C=100.0 D=100.0 | spread=0.000 bal=1 trip=0
  57.38s  t=57188 freq=100.0 | I[A]: A=0.00 B=0.00 C=0.00 D=0.00 | duty[%]: A=100.0 B=100.0 C=100.0 D=100.0 | spread=0.000 bal=1 trip=0
  57.88s  t=57688 freq=100.0 | I[A]: A=0.00 B=0.00 C=0.00 D=0.00 | duty[%]: A=100.0 B=100.0 C=100.0 D=100.0 | spread=0.000 bal=1 trip=0
  58.38s  t=58188 freq=100.0 | I[A]: A=0.00 B=0.00 C=0.00 D=0.00 | duty[%]: A=100.0 B=100.0 C=100.0 D=100.0 | spread=0.000 bal=1 trip=0
  58.89s  t=58688 freq=100.0 | I[A]: A=0.30 B=0.22 C=0.29 D=0.26 | duty[%]: A=99.9 B=100.0 C=99.9 D=100.0 | spread=0.072 bal=1 trip=0
  59.39s  t=59189 freq=100.0 | I[A]: A=0.44 B=1.08 C=0.44 D=1.13 | duty[%]: A=97.0 B=89.8 C=100.0 D=89.5 | spread=0.697 bal=1 trip=0
  59.89s  t=59689 freq=100.0 | I[A]: A=0.43 B=1.45 C=0.43 D=1.45 | duty[%]: A=96.6 B=64.2 C=100.0 D=63.6 | spread=1.023 bal=1 trip=0
  60.39s  t=60189 freq=100.0 | I[A]: A=0.41 B=1.08 C=0.43 D=1.16 | duty[%]: A=96.1 B=41.7 C=100.0 D=40.2 | spread=0.749 bal=1 trip=0
  60.89s  t=60689 freq=100.0 | I[A]: A=0.49 B=0.70 C=0.50 D=0.71 | duty[%]: A=95.9 B=31.6 C=100.0 D=29.2 | spread=0.224 bal=1 trip=0
  61.39s  t=61189 freq=100.0 | I[A]: A=1.15 B=0.85 C=1.16 D=0.85 | duty[%]: A=93.8 B=37.7 C=98.4 D=31.0 | spread=0.311 bal=1 trip=0
  61.88s  t=61689 freq=100.0 | I[A]: A=1.60 B=1.31 C=1.65 D=1.56 | duty[%]: A=87.2 B=47.5 C=91.6 D=45.1 | spread=0.337 bal=1 trip=0
  62.39s  t=62189 freq=100.0 | I[A]: A=2.06 B=1.77 C=2.04 D=1.87 | duty[%]: A=81.2 B=55.1 C=86.1 D=61.6 | spread=0.289 bal=1 trip=0
  62.89s  t=62690 freq=100.0 | I[A]: A=2.27 B=2.24 C=2.16 D=1.97 | duty[%]: A=76.0 B=72.6 C=80.7 D=67.9 | spread=0.303 bal=1 trip=0
  63.38s  t=63190 freq=100.0 | I[A]: A=2.28 B=2.36 C=2.21 D=2.37 | duty[%]: A=77.2 B=80.4 C=82.1 D=86.3 | spread=0.163 bal=1 trip=0
  63.89s  t=63690 freq=100.0 | I[A]: A=2.43 B=2.48 C=2.37 D=2.33 | duty[%]: A=87.5 B=84.5 C=92.6 D=83.6 | spread=0.154 bal=1 trip=0
  64.39s  t=64191 freq=100.0 | I[A]: A=2.64 B=2.49 C=2.45 D=2.35 | duty[%]: A=98.2 B=85.9 C=100.0 D=84.7 | spread=0.288 bal=1 trip=0
  64.90s  t=64691 freq=100.0 | I[A]: A=2.60 B=2.47 C=2.53 D=2.53 | duty[%]: A=96.0 B=87.7 C=100.0 D=86.1 | spread=0.129 bal=1 trip=0
  65.39s  t=65191 freq=100.0 | I[A]: A=2.59 B=2.56 C=2.45 D=2.46 | duty[%]: A=94.4 B=88.4 C=100.0 D=86.8 | spread=0.145 bal=1 trip=0
  65.89s  t=65691 freq=100.0 | I[A]: A=2.56 B=2.54 C=2.49 D=2.55 | duty[%]: A=93.7 B=89.0 C=100.0 D=87.0 | spread=0.071 bal=1 trip=0
  66.38s  t=66191 freq=100.0 | I[A]: A=2.60 B=2.24 C=2.47 D=2.25 | duty[%]: A=92.2 B=91.5 C=99.2 D=87.7 | spread=0.367 bal=1 trip=0
  66.90s  t=66692 freq=100.0 | I[A]: A=0.02 B=0.08 C=0.02 D=0.07 | duty[%]: A=89.6 B=100.0 C=99.7 D=92.8 | spread=0.059 bal=1 trip=0
  67.39s  t=67192 freq=100.0 | I[A]: A=0.00 B=0.00 C=0.00 D=0.00 | duty[%]: A=100.0 B=100.0 C=100.0 D=100.0 | spread=0.000 bal=1 trip=0
  67.89s  t=67692 freq=100.0 | I[A]: A=0.00 B=0.00 C=0.00 D=0.00 | duty[%]: A=100.0 B=100.0 C=100.0 D=100.0 | spread=0.000 bal=1 trip=0
  68.39s  t=68192 freq=100.0 | I[A]: A=0.00 B=0.00 C=0.00 D=0.00 | duty[%]: A=100.0 B=100.0 C=100.0 D=100.0 | spread=0.000 bal=1 trip=0
  68.89s  t=68692 freq=100.0 | I[A]: A=0.00 B=0.00 C=0.00 D=0.00 | duty[%]: A=100.0 B=100.0 C=100.0 D=100.0 | spread=0.000 bal=1 trip=0
  69.39s  t=69193 freq=100.0 | I[A]: A=0.00 B=0.70 C=0.00 D=0.74 | duty[%]: A=100.0 B=100.0 C=100.0 D=100.0 | spread=0.738 bal=1 trip=0
  69.90s  t=69693 freq=100.0 | I[A]: A=0.27 B=1.85 C=0.27 D=1.91 | duty[%]: A=100.0 B=92.7 C=100.0 D=92.7 | spread=1.645 bal=1 trip=0
  70.39s  t=70193 freq=100.0 | I[A]: A=0.45 B=1.88 C=0.43 D=1.96 | duty[%]: A=99.1 B=58.4 C=100.0 D=57.8 | spread=1.530 bal=1 trip=0
  70.89s  t=70693 freq=100.0 | I[A]: A=0.65 B=0.92 C=0.62 D=1.02 | duty[%]: A=98.1 B=35.4 C=100.0 D=33.6 | spread=0.403 bal=1 trip=0
  71.40s  t=71193 freq=100.0 | I[A]: A=1.44 B=1.00 C=1.47 D=0.96 | duty[%]: A=93.9 B=40.3 C=97.0 D=31.8 | spread=0.514 bal=1 trip=0
  71.89s  t=71694 freq=100.0 | I[A]: A=1.73 B=1.55 C=1.78 D=1.53 | duty[%]: A=85.7 B=52.6 C=88.8 D=44.8 | spread=0.245 bal=1 trip=0
  72.40s  t=72194 freq=100.0 | I[A]: A=1.84 B=1.78 C=1.83 D=2.00 | duty[%]: A=83.3 B=55.6 C=87.4 D=66.4 | spread=0.223 bal=1 trip=0
  72.89s  t=72695 freq=100.0 | I[A]: A=2.17 B=2.29 C=2.12 D=2.00 | duty[%]: A=82.7 B=77.6 C=89.5 D=65.6 | spread=0.286 bal=1 trip=0
  73.39s  t=73195 freq=100.0 | I[A]: A=2.34 B=2.32 C=2.31 D=2.41 | duty[%]: A=81.7 B=80.0 C=87.7 D=88.1 | spread=0.104 bal=1 trip=0
  73.89s  t=73695 freq=100.0 | I[A]: A=2.39 B=2.64 C=2.46 D=2.38 | duty[%]: A=84.1 B=92.0 C=99.3 D=86.0 | spread=0.259 bal=1 trip=0
  74.39s  t=74195 freq=100.0 | I[A]: A=2.61 B=2.58 C=2.44 D=2.43 | duty[%]: A=100.0 B=91.1 C=98.9 D=86.7 | spread=0.180 bal=1 trip=0
  74.89s  t=74695 freq=100.0 | I[A]: A=2.65 B=2.63 C=2.43 D=2.63 | duty[%]: A=98.4 B=90.4 C=100.0 D=97.3 | spread=0.217 bal=1 trip=0
  75.39s  t=75195 freq=100.0 | I[A]: A=2.62 B=2.59 C=2.47 D=2.58 | duty[%]: A=96.8 B=89.9 C=100.0 D=93.4 | spread=0.150 bal=1 trip=0
  75.90s  t=75695 freq=100.0 | I[A]: A=2.62 B=2.60 C=2.40 D=2.53 | duty[%]: A=95.3 B=89.8 C=100.0 D=90.9 | spread=0.219 bal=1 trip=0
  76.39s  t=76196 freq=100.0 | I[A]: A=2.57 B=2.58 C=2.42 D=2.61 | duty[%]: A=94.7 B=89.5 C=100.0 D=89.0 | spread=0.182 bal=1 trip=0
