off, press again to restart
off, press again to restart
off, press again to restart
off, press again to restart
off, press again to restart
off, press again to restart
off, press again to restart
off, press again to restart
off, press again to restart
off, press again to restart
off, press again to restart
off, press again to restart
off, press again to restart
off, press again to restart
off, press again to restart
off, press again to restart
off, press again to restart
off, press again to restart
off, press again to restart
off, press again to restart
off, press again to restart
off, press again to restart
off, press again to restart
off, press again to restart
off, press again to restart
off, press again to restart
off, press again to restart
off, press again to restart
off, press again to restart
off, press again to restart
off, press again to restart
off, press again to restart
off, press again to restart
off, press again to restart
off, press again to restart
off, press again to restart
off, press again to restart
off, press again to restart
off, press again to restart
off, press again to restart
off, press again to restart
off, press again to restart
off, press again to restart
off, press again to restart
off, press again to restart
off, press again to restart
off, press again to restart
off, press again to restart
off, press again to restart
off, press again to restart
off, press again to restart
off, press again to restart
off, press again to restart
off, press again to restart
off, press again to restart
off, press again to restart
off, press again to restart
off, press again to restart
off, press again to restart
off, press again to restart
off, press again to restart
off, press again to restart
off, press again to restart
off, press again to restart
off, press again to restart
off, press again to restart
off, press again to restart
off, press again to restart
off, press again to restart
off, press again to restart
off, press again to restart
off, press again to restart
off, press again to restart
off, press again to restart
off, press again to restart
off, press again to restart
off, press again to restart
off, press again to restart
off, press again to restart
off, press again to restart
off, press again to restart
off, press again to restart
off, press again to restart
off, press again to restart
off, press again to restart
off, press again to restart
off, press again to restart
off, press again to restart
off, press again to restart
off, press again to restart
off, press again to restart
off, press again to restart
off, press again to restart
off, press again to restart
off, press again to restart
off, press again to restart
off, press again to restart
off, press again to restart
off, press again to restart
off, press again to restart
off, press again to restart
off, press again to restart
off, press again to restart
off, press again to restart
off, press again to restart
off, press again to restart
off, press again to restart
off, press again to restart
off, press again to restart
off, press again to restart
off, press again to restart
off, press again to restart
off, press again to restart
off, press again to restart
off, press again to restart
off, press a019 12:21:46

rst:ets Jul 29 2019 12:21:46

rst:ets Jul 29 2019 12:21:46

rst:ets Jul 29 2019 12:21:46

rst:ets Jul 29 2019 12:21:46

rst:ets Jul 29 2019 12:21:46

rst:ets Jul 29 2019 12:21:46

rst:ets Jul 29 2019 12:21:46

rst:ets Jul 29 2019 12:21:46

rst:ets Jul 29 2019 12:21:46

rst:ets Jul 29 2019 12:21:46

rst:ets Jul 29 2019 12:21:46

rst:ets Jul 29 2019 12:21:46

rst:ets Jul 29 2019 12:21:46

rst:ets Jul 29 2019 12:21:46

rst:ets Jul 29 2019 12:21:46

rst:ets Jul 29 2019 12:21:46

rst:ets Jul 29 2019 12:21:46

rst:ets Jul 29 2019 12:21:46

rst:ets Jul 29 2019 12:21:46

rst:ets Jul 29 2019 12:21:46

rst:ets Jul 29 2019 12:21:46

rst:ets Jul 29 2019 12:21:46

rst:ets Jul 29 2019 12:21:46

rst:ets Jul 29 2019 12:21:46

rst:ets Jul 29 2019 12:21:46

rst:ets Jul 29 2019 12:21:46

rst:ets Jul 29 2019 12:21:46

rst:ets Jul 29 2019 12:21:46

rst:ets Jul 29 2019 12:21:46

rst:ets Jul 29 2019 12:21:46

rst:ets Jul 29 2019 12:21:46

rst:ets Jul 29 2019 12:21:46

rst:ets Jul 29 2019 12:21:46

rst:ets Jul 29 2019 12:21:46

rst:ets Jul 29 2019 12:21:46

rst:ets Jul 29 2019 12:21:46

rst:ets Jul 29 2019 12:21:46

rst:ets Jul 29 2019 12:21:46

rst:ets Jul 29 2019 12:21:46

rst:ets Jul 29 2019 12:21:46

rst:ets Jul 29 2019 12:21:46

rst:ets Jul 29 2019 12:21:46

rst:ets Jul 29 2019 12:21:46

rst:ets Jul 29 2019 12:21:46

rst:ets Jul 29 2019 12:21:46

rst:ets Jul 29 2019 12:21:46

rst:ets Jul 29 2019 12:21:46

rst:ets Jul 29 2019 12:21:46

rst:ets Jul 29 2019 12:21:46

rst:ets Jul 29 2019 12:21:46

rst:ets Jul 29 2019 12:21:46

rst:ets Jul 29 2019 12:21:46

rst:ets Jul 29 2019 12:21:46

rst:ets Jul 29 2019 12:21:46

rst:ets Jul 29 2019 12:21:46

rst:ets Jul 29 2019 12:21:46

rst:ets Jul 29 2019 12:21:46

rst:ets Jul 29 2019 12:21:46

rst:ets Jul 29 2019 12:21:46

rst:ets Jul 29 2019 12:21:46

rst:ets Jul 29 2019 12:21:46

rst:ets Jul 29 2019 12:21:46

rst:ets Jul 29 2019 12:21:46

rst:ets Jul 29 2019 12:21:46

rst:ets Jul 29 2019 12:21:46

rst:ets Jul 29 2019 12:21:46

rst:ets Jul 29 2019 12:21:46

rst:ets Jul 29 2019 12:21:46

rst:ets Jul 29 2019 12:21:46

rst:ets Jul 29 2019 12:21:46

rst:ets Jul 29 2019 12:21:46

rst:ets Jul 29 2019 12:21:46

rst:ets Jul 29 2019 12:21:46

rst:ets Jul 29 2019 12:21:46

rst:ets Jul 29 2019 12:21:46

rst:ets Jul 29 2019 12:21:46

rst:ets Jul 29 2019 12:21:46

rst:ets Jul 29 2019 12:21:46

rst:ets Jul 29 2019 12:21:46

rst:ets Jul 29 2019 12:21:46

rst:0x1 (POWERON_RESET),boot:0x13 (SPI_FAST_FLASH_BOOT)
configsip: 0, SPIWP:0xee
clk_drv:0x00,q_drv:0x00,d_drv:0x00,cs0_drv:0x00,hd_drv:0x00,wp_drv:0x00
mode:DIO, clock div:2
load:0x3fff0030,len:1184
load:0x40078000,len:13232
load:0x40080400,len:3028
entry 0x400805e4
t=1148 freq=1.0 | I[A]: A=0.00 B=0.00 C=0.00 D=0.00 | duty[%]: A=50.3 B=50.3 C=50.3 D=50.3 | spread=0.000 bal=1 trip=0
t=1648 freq=6.3 | I[A]: A=0.03 B=0.02 C=0.07 D=0.06 | duty[%]: A=75.3 B=75.3 C=75.3 D=75.3 | spread=0.047 bal=1 trip=0
t=2149 freq=11.6 | I[A]: A=0.13 B=0.12 C=0.19 D=0.19 | duty[%]: A=100.0 B=100.0 C=100.0 D=100.0 | spread=0.072 bal=1 trip=0
t=2649 freq=16.9 | I[A]: A=0.17 B=0.19 C=0.24 D=0.23 | duty[%]: A=100.0 B=100.0 C=100.0 D=100.0 | spread=0.069 bal=1 trip=0
t=3149 freq=22.2 | I[A]: A=0.32 B=0.29 C=0.28 D=0.24 | duty[%]: A=100.0 B=100.0 C=99.8 D=100.0 | spread=0.077 bal=1 trip=0
t=3649 freq=27.5 | I[A]: A=0.34 B=0.36 C=0.35 D=0.31 | duty[%]: A=100.0 B=99.9 C=98.7 D=99.9 | spread=0.051 bal=1 trip=0
t=4149 freq=32.8 | I[A]: A=0.48 B=0.47 C=0.42 D=0.49 | duty[%]: A=100.0 B=100.0 C=99.0 D=99.6 | spread=0.072 bal=1 trip=0
t=4649 freq=38.1 | I[A]: A=0.56 B=0.51 C=0.47 D=0.50 | duty[%]: A=100.0 B=100.0 C=99.3 D=98.6 | spread=0.095 bal=1 trip=0
t=5149 freq=43.4 | I[A]: A=0.58 B=0.59 C=0.65 D=0.56 | duty[%]: A=100.0 B=99.9 C=99.4 D=99.5 | spread=0.098 bal=1 trip=0
t=5649 freq=48.7 | I[A]: A=0.65 B=0.60 C=0.85 D=0.55 | duty[%]: A=100.0 B=100.0 C=96.4 D=100.0 | spread=0.300 bal=1 trip=0
t=6149 freq=54.0 | I[A]: A=0.80 B=0.75 C=0.82 D=0.55 | duty[%]: A=96.6 B=97.1 C=89.5 D=100.0 | spread=0.268 bal=1 trip=0
t=6649 freq=59.3 | I[A]: A=0.74 B=0.71 C=0.85 D=0.60 | duty[%]: A=92.1 B=93.4 C=82.6 D=100.0 | spread=0.247 bal=1 trip=0
t=7150 freq=64.6 | I[A]: A=0.73 B=0.71 C=0.75 D=0.64 | duty[%]: A=89.0 B=90.5 C=79.1 D=100.0 | spread=0.101 bal=1 trip=0
t=7650 freq=69.9 | I[A]: A=0.74 B=0.71 C=0.73 D=0.67 | duty[%]: A=86.4 B=88.7 C=77.7 D=100.0 | spread=0.068 bal=1 trip=0
t=8150 freq=75.2 | I[A]: A=0.84 B=0.81 C=0.72 D=0.67 | duty[%]: A=83.6 B=86.0 C=76.3 D=100.0 | spread=0.169 bal=1 trip=0
t=8650 freq=80.5 | I[A]: A=0.73 B=0.91 C=0.69 D=0.86 | duty[%]: A=83.1 B=84.7 C=76.6 D=100.0 | spread=0.213 bal=1 trip=0
t=9151 freq=85.8 | I[A]: A=0.95 B=0.95 C=0.86 D=0.89 | duty[%]: A=82.5 B=84.3 C=77.0 D=100.0 | spread=0.087 bal=1 trip=0
t=9651 freq=91.1 | I[A]: A=1.04 B=1.00 C=0.99 D=1.07 | duty[%]: A=83.1 B=85.3 C=78.3 D=100.0 | spread=0.087 bal=1 trip=0
t=10152 freq=96.4 | I[A]: A=1.19 B=1.16 C=1.05 D=1.17 | duty[%]: A=84.0 B=86.8 C=80.8 D=100.0 | spread=0.139 bal=1 trip=0
t=10652 freq=101.7 | I[A]: A=1.36 B=1.36 C=1.21 D=1.38 | duty[%]: A=84.4 B=87.1 C=86.2 D=99.1 | spread=0.170 bal=1 trip=0
t=11152 freq=107.0 | I[A]: A=1.46 B=1.43 C=1.56 D=1.68 | duty[%]: A=86.1 B=89.2 C=100.0 D=96.2 | spread=0.255 bal=1 trip=0
t=11653 freq=112.3 | I[A]: A=1.69 B=1.69 C=1.67 D=1.83 | duty[%]: A=86.9 B=90.3 C=100.0 D=92.3 | spread=0.159 bal=1 trip=0
t=12154 freq=117.6 | I[A]: A=1.91 B=1.88 C=1.86 D=2.10 | duty[%]: A=87.7 B=91.3 C=100.0 D=88.2 | spread=0.237 bal=1 trip=0
t=12654 freq=122.9 | I[A]: A=2.08 B=2.02 C=2.13 D=2.30 | duty[%]: A=87.1 B=91.6 C=100.0 D=83.1 | spread=0.278 bal=1 trip=0
t=13154 freq=128.2 | I[A]: A=2.30 B=2.26 C=2.20 D=2.38 | duty[%]: A=85.5 B=90.1 C=100.0 D=76.9 | spread=0.183 bal=1 trip=0
t=13654 freq=133.5 | I[A]: A=2.49 B=2.21 C=2.59 D=2.28 | duty[%]: A=82.8 B=92.7 C=98.3 D=72.0 | spread=0.381 bal=1 trip=0
t=14154 freq=138.8 | I[A]: A=2.51 B=2.69 C=2.52 D=2.68 | duty[%]: A=81.3 B=89.9 C=100.0 D=65.4 | spread=0.176 bal=1 trip=0
t=14655 freq=144.1 | I[A]: A=2.69 B=2.75 C=2.61 D=2.77 | duty[%]: A=79.4 B=85.5 C=100.0 D=61.0 | spread=0.162 bal=1 trip=0
t=15155 freq=149.4 | I[A]: A=2.74 B=2.75 C=2.69 D=2.82 | duty[%]: A=77.2 B=81.9 C=100.0 D=56.6 | spread=0.130 bal=1 trip=0
t=15655 freq=154.7 | I[A]: A=2.75 B=2.79 C=2.66 D=2.78 | duty[%]: A=75.4 B=79.3 C=100.0 D=53.8 | spread=0.127 bal=1 trip=0
t=16155 freq=160.0 | I[A]: A=2.76 B=2.75 C=2.68 D=2.80 | duty[%]: A=74.2 B=77.9 C=100.0 D=51.4 | spread=0.118 bal=1 trip=0
t=16656 freq=150.0 | I[A]: A=2.58 B=2.63 C=2.69 D=2.52 | duty[%]: A=74.5 B=78.0 C=100.0 D=52.5 | spread=0.166 bal=1 trip=0
t=17156 freq=140.0 | I[A]: A=2.65 B=2.77 C=2.51 D=2.63 | duty[%]: A=80.2 B=89.8 C=100.0 D=61.0 | spread=0.257 bal=1 trip=0
t=17656 freq=145.0 | I[A]: A=2.66 B=2.74 C=2.61 D=2.77 | duty[%]: A=78.3 B=84.2 C=100.0 D=57.8 | spread=0.154 bal=1 trip=0
t=18157 freq=150.0 | I[A]: A=2.74 B=2.73 C=2.60 D=2.71 | duty[%]: A=76.1 B=80.9 C=100.0 D=55.4 | spread=0.145 bal=1 trip=0
t=18658 freq=155.0 | I[A]: A=2.70 B=2.74 C=2.66 D=2.72 | duty[%]: A=75.1 B=79.1 C=100.0 D=53.2 | spread=0.081 bal=1 trip=0
t=19158 freq=160.0 | I[A]: A=2.63 B=2.77 C=2.78 D=2.78 | duty[%]: A=74.5 B=77.7 C=100.0 D=51.3 | spread=0.142 bal=1 trip=0
t=19658 freq=150.0 | I[A]: A=2.60 B=2.61 C=2.72 D=2.61 | duty[%]: A=74.9 B=78.1 C=100.0 D=52.2 | spread=0.129 bal=1 trip=0
t=20158 freq=140.0 | I[A]: A=2.45 B=2.46 C=2.62 D=2.43 | duty[%]: A=76.7 B=80.1 C=100.0 D=55.9 | spread=0.184 bal=1 trip=0
t=20659 freq=145.0 | I[A]: A=2.67 B=2.64 C=2.63 D=2.68 | duty[%]: A=77.5 B=81.2 C=100.0 D=57.3 | spread=0.042 bal=1 trip=0
t=21160 freq=150.0 | I[A]: A=2.74 B=2.72 C=2.64 D=2.75 | duty[%]: A=76.2 B=80.3 C=100.0 D=55.7 | spread=0.109 bal=1 trip=0
t=21661 freq=155.0 | I[A]: A=2.70 B=2.72 C=2.70 D=2.75 | duty[%]: A=75.3 B=79.3 C=100.0 D=53.5 | spread=0.052 bal=1 trip=0
t=22162 freq=160.0 | I[A]: A=2.64 B=2.77 C=2.76 D=2.79 | duty[%]: A=74.7 B=77.9 C=100.0 D=51.5 | spread=0.149 bal=1 trip=0
t=22662 freq=150.0 | I[A]: A=2.64 B=2.68 C=2.65 D=2.54 | duty[%]: A=74.4 B=77.7 C=100.0 D=52.1 | spread=0.137 bal=1 trip=0
t=23162 freq=140.0 | I[A]: A=2.42 B=2.49 C=2.54 D=2.36 | duty[%]: A=76.5 B=79.7 C=100.0 D=56.1 | spread=0.176 bal=1 trip=0
t=23662 freq=145.0 | I[A]: A=2.75 B=2.90 C=2.53 D=2.86 | duty[%]: A=79.9 B=87.7 C=100.0 D=59.3 | spread=0.373 bal=1 trip=0
t=24162 freq=150.0 | I[A]: A=2.64 B=2.77 C=2.67 D=2.74 | duty[%]: A=77.3 B=82.3 C=100.0 D=55.5 | spread=0.127 bal=1 trip=0
t=24663 freq=155.0 | I[A]: A=2.76 B=2.73 C=2.69 D=2.78 | duty[%]: A=75.3 B=79.6 C=100.0 D=53.0 | spread=0.097 bal=1 trip=0
t=25164 freq=160.0 | I[A]: A=2.81 B=2.83 C=2.74 D=2.74 | duty[%]: A=73.5 B=77.6 C=100.0 D=51.1 | spread=0.090 bal=1 trip=0
t=25664 freq=150.0 | I[A]: A=2.58 B=2.60 C=2.72 D=2.61 | duty[%]: A=74.3 B=78.1 C=100.0 D=52.5 | spread=0.136 bal=1 trip=0
t=26164 freq=140.0 | I[A]: A=2.45 B=2.42 C=2.60 D=2.42 | duty[%]: A=76.5 B=80.2 C=100.0 D=56.2 | spread=0.181 bal=1 trip=0
t=26664 freq=145.0 | I[A]: A=2.57 B=2.63 C=2.56 D=2.62 | duty[%]: A=77.2 B=80.6 C=100.0 D=57.0 | spread=0.079 bal=1 trip=0
t=27164 freq=150.0 | I[A]: A=2.72 B=2.72 C=2.69 D=2.74 | duty[%]: A=76.5 B=80.6 C=100.0 D=55.7 | spread=0.052 bal=1 trip=0
t=27664 freq=155.0 | I[A]: A=2.77 B=2.76 C=2.64 D=2.76 | duty[%]: A=75.0 B=79.0 C=100.0 D=53.3 | spread=0.125 bal=1 trip=0
t=28164 freq=160.0 | I[A]: A=2.79 B=2.67 C=2.73 D=2.79 | duty[%]: A=73.6 B=78.0 C=100.0 D=50.9 | spread=0.119 bal=1 trip=0
t=28664 freq=150.0 | I[A]: A=2.64 B=2.63 C=2.71 D=2.60 | duty[%]: A=74.1 B=78.0 C=100.0 D=52.2 | spread=0.113 bal=1 trip=0
t=29164 freq=140.0 | I[A]: A=2.49 B=2.47 C=2.63 D=2.42 | duty[%]: A=76.4 B=80.0 C=100.0 D=56.2 | spread=0.209 bal=1 trip=0
t=29664 freq=145.0 | I[A]: A=2.64 B=2.62 C=2.55 D=2.61 | duty[%]: A=76.9 B=80.6 C=100.0 D=57.3 | spread=0.091 bal=1 trip=0
t=30164 freq=150.0 | I[A]: A=2.64 B=2.65 C=2.70 D=2.75 | duty[%]: A=76.7 B=80.3 C=100.0 D=55.8 | spread=0.108 bal=1 trip=0
t=30664 freq=155.0 | I[A]: A=2.73 B=2.76 C=2.65 D=2.74 | duty[%]: A=75.3 B=79.0 C=100.0 D=53.3 | spread=0.106 bal=1 trip=0
t=31164 freq=160.0 | I[A]: A=2.27 B=2.17 C=2.14 D=2.31 | duty[%]: A=0.0 B=0.0 C=0.0 D=0.0 | spread=0.167 bal=1 trip=0
t=31664 freq=160.0 | I[A]: A=0.00 B=0.00 C=0.00 D=0.00 | duty[%]: A=0.0 B=0.0 C=0.0 D=0.0 | spread=0.000 bal=1 trip=0
t=32164 freq=160.0 | I[A]: A=0.00 B=0.00 C=0.00 D=0.00 | duty[%]: A=0.0 B=0.0 C=0.0 D=0.0 | spread=0.000 bal=1 trip=0
t=32664 freq=160.0 | I[A]: A=0.00 B=0.00 C=0.00 D=0.00 | duty[%]: A=0.0 B=0.0 C=0.0 D=0.0 | spread=0.000 bal=1 trip=0
t=33165 freq=160.0 | I[A]: A=0.00 B=0.00 C=0.00 D=0.00 | duty[%]: A=0.0 B=0.0 C=0.0 D=0.0 | spread=0.000 bal=1 trip=0
t=33665 freq=160.0 | I[A]: A=0.00 B=0.00 C=0.00 D=0.00 | duty[%]: A=0.0 B=0.0 C=0.0 D=0.0 | spread=0.000 bal=1 trip=0
t=34165 freq=160.0 | I[A]: A=0.00 B=0.00 C=0.00 D=0.00 | duty[%]: A=0.0 B=0.0 C=0.0 D=0.0 | spread=0.000 bal=1 trip=0
t=34666 freq=160.0 | I[A]: A=0.00 B=0.00 C=0.00 D=0.00 | duty[%]: A=0.0 B=0.0 C=0.0 D=0.0 | spread=0.000 bal=1 trip=0
t=35166 freq=160.0 | I[A]: A=0.00 B=0.00 C=0.00 D=0.00 | duty[%]: A=0.0 B=0.0 C=0.0 D=0.0 | spread=0.000 bal=1 trip=0
t=35666 freq=160.0 | I[A]: A=0.00 B=0.00 C=0.00 D=0.00 | duty[%]: A=0.0 B=0.0 C=0.0 D=0.0 | spread=0.000 bal=1 trip=0
t=36166 freq=160.0 | I[A]: A=0.00 B=0.00 C=0.00 D=0.00 | duty[%]: A=0.0 B=0.0 C=0.0 D=0.0 | spread=0.000 bal=1 trip=0
t=36666 freq=160.0 | I[A]: A=0.00 B=0.00 C=0.00 D=0.00 | duty[%]: A=0.0 B=0.0 C=0.0 D=0.0 | spread=0.000 bal=1 trip=0
t=37166 freq=160.0 | I[A]: A=0.00 B=0.00 C=0.00 D=0.00 | duty[%]: A=0.0 B=0.0 C=0.0 D=0.0 | spread=0.000 bal=1 trip=0
t=37667 freq=160.0 | I[A]: A=0.00 B=0.00 C=0.00 D=0.00 | duty[%]: A=0.0 B=0.0 C=0.0 D=0.0 | spread=0.000 bal=1 trip=0
t=38167 freq=160.0 | I[A]: A=0.00 B=0.00 C=0.00 D=0.00 | duty[%]: A=0.0 B=0.0 C=0.0 D=0.0 | spread=0.000 bal=1 trip=0
t=38667 freq=160.0 | I[A]: A=0.00 B=0.00 C=0.00 D=0.00 | duty[%]: A=0.0 B=0.0 C=0.0 D=0.0 | spread=0.000 bal=1 trip=0
t=39167 freq=160.0 | I[A]: A=0.00 B=0.00 C=0.00 D=0.00 | duty[%]: A=0.0 B=0.0 C=0.0 D=0.0 | spread=0.000 bal=1 trip=0
t=39668 freq=160.0 | I[A]: A=0.00 B=0.00 C=0.00 D=0.00 | duty[%]: A=0.0 B=0.0 C=0.0 D=0.0 | spread=0.000 bal=1 trip=0
t=40169 freq=160.0 | I[A]: A=0.00 B=0.00 C=0.00 D=0.00 | duty[%]: A=0.0 B=0.0 C=0.0 D=0.0 | spread=0.000 bal=1 trip=0
t=40669 freq=160.0 | I[A]: A=0.00 B=0.00 C=0.00 D=0.00 | duty[%]: A=0.0 B=0.0 C=0.0 D=0.0 | spread=0.000 bal=1 trip=0
t=41169 freq=160.0 | I[A]: A=0.00 B=0.00 C=0.00 D=0.00 | duty[%]: A=0.0 B=0.0 C=0.0 D=0.0 | spread=0.000 bal=1 trip=0
t=41669 freq=160.0 | I[A]: A=0.00 B=0.00 C=0.00 D=0.00 | duty[%]: A=0.0 B=0.0 C=0.0 D=0.0 | spread=0.000 bal=1 trip=0
t=42169 freq=160.0 | I[A]: A=0.00 B=0.00 C=0.00 D=0.00 | duty[%]: A=0.0 B=0.0 C=0.0 D=0.0 | spread=0.000 bal=1 trip=0
t=42669 freq=160.0 | I[A]: A=0.00 B=0.00 C=0.00 D=0.00 | duty[%]: A=0.0 B=0.0 C=0.0 D=0.0 | spread=0.000 bal=1 trip=0
t=43169 freq=160.0 | I[A]: A=0.00 B=0.00 C=0.00 D=0.00 | duty[%]: A=0.0 B=0.0 C=0.0 D=0.0 | spread=0.000 bal=1 trip=0
t=43669 freq=160.0 | I[A]: A=0.00 B=0.00 C=0.00 D=0.00 | duty[%]: A=0.0 B=0.0 C=0.0 D=0.0 | spread=0.000 bal=1 trip=0
t=44169 freq=160.0 | I[A]: A=0.00 B=0.00 C=0.00 D=0.00 | duty[%]: A=0.0 B=0.0 C=0.0 D=0.0 | spread=0.000 bal=1 trip=0
t=44669 freq=160.0 | I[A]: A=0.00 B=0.00 C=0.00 D=0.00 | duty[%]: A=0.0 B=0.0 C=0.0 D=0.0 | spread=0.000 bal=1 trip=0
t=45169 freq=160.0 | I[A]: A=0.00 B=0.00 C=0.00 D=0.00 | duty[%]: A=0.0 B=0.0 C=0.0 D=0.0 | spread=0.000 bal=1 trip=0
t=45669 freq=160.0 | I[A]: A=0.00 B=0.00 C=0.00 D=0.00 | duty[%]: A=0.0 B=0.0 C=0.0 D=0.0 | spread=0.000 bal=1 trip=0
t=46169 freq=160.0 | I[A]: A=0.00 B=0.00 C=0.00 D=0.00 | duty[%]: A=0.0 B=0.0 C=0.0 D=0.0 | spread=0.000 bal=1 trip=0
t=46669 freq=160.0 | I[A]: A=0.00 B=0.00 C=0.00 D=0.00 | duty[%]: A=0.0 B=0.0 C=0.0 D=0.0 | spread=0.000 bal=1 trip=0
t=47169 freq=160.0 | I[A]: A=0.00 B=0.00 C=0.00 D=0.00 | duty[%]: A=0.0 B=0.0 C=0.0 D=0.0 | spread=0.000 bal=1 trip=0
t=47669 freq=160.0 | I[A]: A=0.00 B=0.00 C=0.00 D=0.00 | duty[%]: A=0.0 B=0.0 C=0.0 D=0.0 | spread=0.000 bal=1 trip=0
t=48169 freq=160.0 | I[A]: A=0.00 B=0.00 C=0.00 D=0.00 | duty[%]: A=0.0 B=0.0 C=0.0 D=0.0 | spread=0.000 bal=1 trip=0
t=48669 freq=160.0 | I[A]: A=0.00 B=0.00 C=0.00 D=0.00 | duty[%]: A=0.0 B=0.0 C=0.0 D=0.0 | spread=0.000 bal=1 trip=0
t=49169 freq=160.0 | I[A]: A=0.00 B=0.00 C=0.00 D=0.00 | duty[%]: A=0.0 B=0.0 C=0.0 D=0.0 | spread=0.000 bal=1 trip=0
t=49670 freq=160.0 | I[A]: A=0.00 B=0.00 C=0.00 D=0.00 | duty[%]: A=0.0 B=0.0 C=0.0 D=0.0 | spread=0.000 bal=1 trip=0
