   0.00s  29.4/308.1]
   0.00s  29.4/308.1]
   0.00s  29.4/308.1]
   0.00s  29.4/308.1]
   0.00s  29.4/308.1]
   0.00s  29.4/308.1]
   0.00s  29.4/308.1]
   0.00s  29.4/308.1]
   0.00s  29.4/308.1]
   0.00s  29.4/308.1]
   0.00s  29.4/308.1]
   0.00s  29.4/308.1]
   0.00s  29.4/308.1]
   0.00s  29.4/308.1]
   0.00s  29.4/308.1]
   0.00s  29.4/308.1]
   0.00s  29.4/308.1]
   0.00s  29.4/308.1]
   0.00s  29.4/308.1]
   0.00s  29.4/308.1]
   0.00s  29.4/308.1]
   0.00s  29.4/308.1]
   0.00s  29.4/308.1]
   0.00s  29.4/308.1]
   0.00s  29.4/308.1]
   0.00s  29.4/308.1]
   0.00s  29.4/308.1]
   0.00s  29.4/308.1]
   0.00s  29.4/308.1]
   0.00s  29.4/308.1]
   0.00s  29.4/308.1]
   0.00s  29.4/308.1]
   0.00s  29.4/308.1]
   0.00s  29.4/308.1]
   0.00s  29.4/308.1]
   0.00s  29.4/308.1]
   0.00s  29.4/308.1]
   0.00s  29.4/308.1]
   0.00s  29.4/308.1]
   0.00s  29.4/308.1]
   0.00s  29.4/308.1]
   0.00s  29.4/308.1]
   0.00s  29.4/308.1]
   0.00s  29.4/308.1]
   0.00s  29.4/308.1]
   0.00s  29.4/308.1]
   0.00s  29.4/308.1]
   0.00s  29.4/308.1]
   0.00s  29.4/308.1]
   0.00s  29.4/308.1]
   0.00s  29.4/308.1]
   0.00s  29.4/308.1]
   0.00s  29.4/308.1]
   0.00s  29.4/308.1]
   0.00s  29.4/308.1]
   0.00s  29.4/308.1]
   0.00s  29.4/308.1]
   0.00s  29.4/308.1]
   0.00s  29.4/308.1]
   0.00s  29.4/308.1]
   0.00s  29.4/308.1]
   0.00s  29.4/308.1]
   0.00s  29.4/308.1]
   0.00s  29.4/308.1]
   0.00s  29.4/308.1]
   0.00s  29.4/308.1]
   0.00s  29.4/308.1]
   0.00s  29.4/308.1]
   0.00s  29.4/308.1]
   0.00s  29.4/308.1]
   0.00s  29.4/308.1]
   0.00s  29.4/308.1]
   0.00s  29.4/308.1]
   0.00s  29.4/308.1]
   0.00s  29.4/308.1]
   0.00s  29.4/308.1]
   0.00s  29.4/308.1]
   0.00s  29.4/308.1]
   0.00s  29.4/308.1]
   0.00s  29.4/308.1]
   0.00s  29.4/308.1]
   0.00s  29.4/308.1]
   0.00s  29.4/308.1]
   0.00s  29.4/308.1]
   0.00s  29.4/308.1]
   0.00s  29.4/308.1]
   0.00s  29.4/308.1]
   0.00s  29.4/308.1]
   0.00s  29.4/308.1]
   0.00s  29.4/308.1]
   0.00s  29.4/308.1]
   0.00s  29.4/308.1]
   0.00s  29.4/308.1]
   0.00s  29.4/308.1]
   0.00s  29.4/308.1]
   0.00s  29.4/308.1]
   0.00s  29.4/308.1]
   0.01s  29.4/308.1]
   0.01s  29.4/308.1]
   0.01s  29.4/308.1]
   0.01s  29.4/308.1]
   0.01s  29.4/308.1]
   0.01s  29.4/308.1]
   0.01s  29.4/308.1]
   0.01s  29.4/308.1]
   0.01s  29.4/308.1]
   0.01s  29.4/308.1]
   0.01s  29.4/308.1]
   0.01s  29.4/308.1]
   0.01s  29.4/308.1]
   0.01s  29.4/308.1]
   0.01s  29.4/308.1]
   0.01s  29.4/308.1]
   0.01s  29.4/308.1]
   0.01s  29.4/308.1]
   0.01s  29.4/308.1]
   0.01s  29.4/308.1]
   0.01s  29.4/308.1]
   0.01s  29.4/308.1]
   0.01s  29.4/308.1]
   0.01s  29.4/308.1]
   0.01s  29.4/308.1]
   0.01s  29.4/308.1]
   0.01s  29.4/308.1]
   0.01s  29.4/308.1]
   0.01s  29.4/308.1]
   0.01s  29.4/308.1]
   0.01s  29.4/308.1]
   0.01s  29.4/308.1]
   0.01s  29.4/308.1]
   0.01s  29.4/308.1]
   0.01s  29.4/308.1]
   0.01s  29.4/308.1]
   0.01s  29.4/308.1]
   0.01s  29.4/308.1]
   0.01s  29.4/308.1]
   0.01s  29.4/308.1]
   0.01s  29.4/308.1]
   0.01s  29.4/308.1]
   0.01s  29.4/308.1]
   0.01s  29.4/308.1]
   0.01s  29.4/308.1]
   0.01s  29.4/308.1]
   0.01s  29.4/308.1]
   0.01s  29.4/308.1]
   0.01s  29.4/308.1]
   0.01s  29.4/308.1]
   0.01s  29.4/308.1]
   0.01s  29.4/308.1]
   0.01s  29.4/308.1]
   0.01s  29.4/308.1]
   0.01s  29.4/308.1]
   0.01s  29.4/308.1]
   0.01s  29.4/308.1]
   0.01s  29.4/308.1]
   0.01s  29.4/308.1]
   0.01s  29.4/308.1]
   0.01s  29.4/308.1]
   0.01s  29.4/308.1]
   0.01s  29.4/308.1]
   0.01s  29.4/308.1]
   0.01s  29.4/308.1]
   0.01s  29.4/308.1]
   0.01s  29.4/308.1]
   0.01s  29.4/308.1]
   0.01s  29.4/308.1]
   0.01s  29.4/308.1]
   0.01s  29.4/308.1]
   0.01s  29.4/308.1]
   0.01s  29.4/308.1]
   0.01s  29.4/308.1]
   0.01s  29.4/308.1]
   0.01s  29.4/308.1]
   0.01s  29.4/308.1]
   0.01s  29.4/308.1]
   0.01s  29.4/308.1]
   0.01s  29.4/308.1]
   0.01s  29.4/308.1]
   0.01s  29.4/308.1]
   0.01s  29.4/308.1]
   0.01s  29.4/308.1]
   0.01s  29.4/308.1]
   0.01s  29.4/308.1]
   0.01s  29.4/308.1]
   0.01s  29.4/308.1]
   0.01s  29.4/308.1]
   0.01s  29.4/308.1]
   0.01s  29.4/308.1]
   0.01s  29.4/308.1]
   0.01s  29.4/308.1]
   0.01s  29.4/308.1]
   0.01s  29.4/308.1]
   0.01s  29.4/308.1]
   0.01s  29.4/308.1]
   0.01s  29.4/308.1]
   0.01s  29.4/308.1]
   0.01s  29.4/308.1]
   0.01s  29.4/308.1]
   0.01s  29.4/308.1]
   0.01s  29.4/308.1]
   0.01s  29.4/308.1]
   0.01s  29.4/308.1]
   0.01s  29.4/308.1]
   0.01s  29.4/308.1]
   0.01s  29.4/308.1]
   0.01s  29.4/308.1]
   0.01s  29.4/308.1]
   0.01s  29.4/308.1]
   0.01s  29.4/308.1]
   0.01s  29.4/308.1]
   0.01s  29.4/308.1]
   0.01s  29.4/308.1]
   0.01s  29.4/308.1]
   0.01s  29.4/308.1]
   0.01s  29.4/308.1]
   0.01s  29.4/308.1]
   0.01s  29.4/308.1]
   0.01s  29.4/308.1]
   0.01s  29.4/308.1]
   0.01s  29.4/308.1]
   0.01s  29.4/308.1]
   0.01s  29.4/308.1]
   0.01s  29.4/308.1]
   0.01s  29.4/308.1]
   0.01s  29.4/308.1]
   0.01s  29.4/308.1]
   0.01s  29.4/308.1]
   0.01s  29.4/308.1]
   0.01s  29.4/308.1]
   0.01s  29.4/308.1]
   0.01s  29.4/308.1]
   0.01s  29.4/308.1]
   0.01s  29.4/308.1]
   0.01s  29.4/308.1]
   0.01s  29.4/308.1]
   0.01s  29.4/308.1]
   0.01s  29.4/308.1]
   0.01s  29.4/308.1]
   0.01s  29.4/308.1]
   0.01s  29.4/308.1]
   0.01s  29.4/308.1]
   0.01s  29.4/308.1]
   0.01s  29.4/308.1]
   0.01s  29.4/308.1]
   0.01s  29.4/308.1]
   0.01s  29.4/308.1]
   0.01s  29.4/308.1]
   0.01s  29.4/308.1]
   0.01s  29.4/308.1]
   0.01s  29.4/308.1]
   0.01s  29.4/308.1]
   0.01s  29.4/308.1]
   0.01s  29.4/308.1]
   0.01s  29.4/308.1]
   0.01s  29.4/308.1]
   0.01s  29.4/308.1]
   0.01s  29.4/308.1]
   0.01s  29.4/308.1]
   0.01s  29.4/308.1]
   0.01s  29.4/308.1]
   0.01s  29.4/308.1]
   0.01s  29.4/308.1]
   0.01s  29.4/308.1]
   0.01s  29.4/308.1]
   0.01s  29.4/308.1]
   0.01s  29.4/308.1]
   0.01s  29.4/308.1]
   0.01s  29.4/308.1]
   0.01s  29.4/308.1]
   0.01s  29.4/308.1]
   0.01s  29.4/308.1]
   0.01s  29.4/308.1]
   0.01s  29.4/308.1]
   0.01s  29.4/308.1]
   0.01s  29.4/308.1]
   0.01s  29.4/308.1]
   0.01s  29.4/308.1]
   0.01s  29.4/308.1]
   0.01s  29.4/308.1]
   0.01s  29.4/308.1]
   0.01s  29.4/308.1]
   0.01s  29.4/308.1]
   0.01s  29.4/308.1]
   0.01s  29.4/308.1]
   0.01s  29.4/308.1]
   0.01s  29.4/308.1]
   0.01s  29.4/308.1]
   0.01s  29.4/308.1]
   0.01s  29.4/308.1]
   0.01s  29.4/308.1]
   0.01s  29.4/308.1]
   0.01s  29.4/308.1]
   0.01s  29.4/308.1]
   0.01s  29.4/308.1]
   0.01s  29.4/308.1]
   0.01s  29.4/308.1]
   0.01s  29.4/308.1]
   0.01s  29.4/308.1]
   0.01s  29.4/308.1]
   0.01s  29.4/308.1]
   0.01s  29.4/308.1]
   0.01s  29.4/308.1]
   0.01s  29.4/308.1]
   0.02s  29.4/308.1]
   0.02s  29.4/308.1]
   0.02s  29.4/308.1]
   0.02s  29.4/308.1]
   0.02s  29.4/308.1]
   0.02s  29.4/308.1]
   0.02s  29.4/308.1]
   0.02s  29.4/308.1]
   0.02s  29.4/308.1]
   0.02s  29.4/308.1]
   0.02s  29.4/308.1]
   0.02s  29.4/308.1]
   0.02s  29.4/308.1]
   0.02s  29.4/308.1]
   0.02s  29.4/308.1]
   0.02s  29.4/308.1]
   0.02s  29.4/308.1]
   0.02s  29.4/308.1]
   0.02s  29.4/308.1]
   0.02s  29.4/308.1]
   0.02s  29.4/308.1]
   0.02s  29.4/308.1]
   0.02s  29.4/308.1]
   0.02s  29.4/308.1]
   0.02s  29.4/308.1]
   0.02s  29.4/308.1]
   0.02s  29.4/308.1]
   0.02s  29.4/308.1]
   0.02s  29.4/308.1]
   0.02s  29.4/308.1]
   0.02s  v:0x00,d_drv:0x00,cs0_drv:0x00,hv:0x00,d_drv:0x00,cs0_drv:0x00,hv:0x00,d_drv:0x00,cs0_drv:0x00,hv:0x00,d_drv:0x00,cs0_drv:0x00,hv:0x00,d_drv:0x00,cs0_drv:0x00,hv:0x00,d_drv:0x00,cs0_drv:0x00,hv:0x00,d_drv:0x00,cs0_drv:0x00,hv:0x00,d_drv:0x00,cs0_drv:0x00,hv:0x00,d_drv:0x00,cs0_drv:0x00,hv:0x00,d_drv:0x00,cs0_drv:0x00,hv:0x00,d_drv:0x00,cs0_drv:0x00,hv:0x00,d_drv:0x00,cs0_drv:0x00,hv:0x00,d_drv:0x00,cs0_drv:0x00,hv:0x00,d_drv:0x00,cs0_drv:0x00,hv:0x00,d_drv:0x00,cs0_drv:0x00,hv:0x00,d_drv:0x00,cs0_drv:0x00,hv:0x00,d_drv:0x00,cs0_drv:0x00,hv:0x00,d_drv:0x00,cs0_drv:0x00,hv:0x00,d_drv:0x00,cs0_drv:0x00,hv:0x00,d_drv:0x00,cs0_drv:0x00,hv:0x00,d_drv:0x00,cs0_drv:0x00,hv:0x00,d_drv:0x00,cs0_drv:0x00,hv:0x00,d_drv:0x00,cs0_drv:0x00,hv:0x00,d_drv:0x00,cs0_drv:0x00,hv:0x00,d_drv:0x00,cs0_drv:0x00,hv:0x00,d_drv:0x00,cs0_drv:0x00,hv:0x00,d_drv:0x00,cs0_drv:0x00,hv:0x00,d_drv:0x00,cs0_drv:0x00,hv:0x00,d_drv:0x00,cs0_drv:0x00,hv:0x00,d_drv:0x00,cs0_drv:0x00,hv:0x00,d_drv:0x00,cs0_drv:0x00,hv:0x00,d_drv:0x00,cs0_drv:0x00,hv:0x00,d_drv:0x00,cs0_drv:0x00,hv:0x00,d_drv:0x00,cs0_drv:0x00,hv:0x00,d_drv:0x00,cs0_drv:0x00,hv:0x00,d_drv:0x00,cs0_drv:0x00,hv:0x00,d_drv:0x00,cs0_drv:0x00,hv:0x00,d_drv:0x00,cs0_drv:0x00,hv:0x00,d_drv:0x00,cs0_drv:0x00,hv:0x00,d_drv:0x00,cs0_drv:0x00,hv:0x00,d_drv:0x00,cs0_drv:0x00,hv:0x00,d_drv:0x00,cs0_drv:0x00,hv:0x00,d_drv:0x00,cs0_drv:0x00,hv:0x00,d_drv:0x00,cs0_drv:0x00,hv:0x00,d_drv:0x00,cs0_drv:0x00,hv:0x00,d_drv:0x00,cs0_drv:0x00,hv:0x00,d_drv:0x00,cs0_drv:0x00,hv:0x00,d_drv:0x00,cs0_drv:0x00,hv:0x00,d_drv:0x00,cs0_drv:0x00,hv:0x00,d_drv:0x00,cs0_drv:0x00,hv:0x00,d_drv:0x00,cs0_drv:0x00,hv:0x00,d_drv:0x00,cs0_drv:0x00,hv:0x00,d_drv:0x00,cs0_drv:0x00,hv:0x00,d_drv:0x00,cs0_drv:0x00,hv:0x00,d_drv:0x00,cs0_drv:0x00,hv:0x00,d_drv:0x00,cs0_drv:0x00,hv:0x00,d_drv:0x00,cs0_drv:0x00,hv:0x00,d_drv:0x00,cs0_drv:0x00,hv:0x00,d_drv:0x00,cs0_drv:0x00,hv:0x00,d_drv:0x00,cs0_drv:0x00,hv:0x00,d_drv:0x00,cs0_drv:0x00,hv:0x00,d_drv:0x00,cs0_drv:0x00,hv:0x00,d_drv:0x00,cs0_drv:0x00,hv:0x00,d_drv:0x00,cs0_drv:0x00,hv:0x00,d_drv:0x00,cs0_drv:0x00,hv:0x00,d_drv:0x00,cs0_drv:0x00,hv:0x00,d_drv:0x00,cs0_drv:0x00,hv:0x00,d_drv:0x00,cs0_drv:0x00,hv:0x00,d_drv:0x00,cs0_drv:0x00,hv:0x00,d_drv:0x00,cs0_drv:0x00,hv:0x00,d_drv:0x00,cs0_drv:0x00,hd_drv:0x00,wp_drv:0x00
   0.02s  mode:DIOd_drv:0x00,wp_drv:0x00
   0.02s  mode:DIOd_drv:0x00,wp_drv:0x00
   0.02s  mode:DIOd_drv:0x00,wp_drv:0x00
   0.02s  mode:DIOd_drv:0x00,wp_drv:0x00
   0.02s  mode:DIOd_drv:0x00,wp_drv:0x00
   0.02s  mode:DIOd_drv:0x00,wp_drv:0x00
   0.02s  mode:DIOd_drv:0x00,wp_drv:0x00
   0.02s  mode:DIOd_drv:0x00,wp_drv:0x00
   0.02s  mode:DIOd_drv:0x00,wp_drv:0x00
   0.02s  mode:DIOd_drv:0x00,wp_drv:0x00
   0.02s  mode:DIOd_drv:0x00,wp_drv:0x00
   0.02s  mode:DIOd_drv:0x00,wp_drv:0x00
   0.02s  mode:DIOd_drv:0x00,wp_drv:0x00
   0.02s  mode:DIOd_drv:0x00,wp_drv:0x00
   0.02s  mode:DIOd_drv:0x00,wp_drv:0x00
   0.02s  mode:DIOd_drv:0x00,wp_drv:0x00
   0.03s  mode:DIOd_drv:0x00,wp_drv:0x00
   0.03s  mode:DIOd_drv:0x00,wp_drv:0x00
   0.03s  mode:DIOd_drv:0x00,wp_drv:0x00
   0.03s  mode:DIOd_drv:0x00,wp_drv:0x00
   0.03s  mode:DIOd_drv:0x00,wp_drv:0x00
   0.03s  mode:DIOd_drv:0x00,wp_drv:0x00
   0.03s  mode:DIOd_drv:0x00,wp_drv:0x00
   0.03s  mode:DIOd_drv:0x00,wp_drv:0x00
   0.03s  mode:DIOd_drv:0x00,wp_drv:0x00
   0.03s  mode:DIOd_drv:0x00,wp_drv:0x00
   0.03s  mode:DIOd_drv:0x00,wp_drv:0x00
   0.03s  mode:DIOd_drv:0x00,wp_drv:0x00
   0.03s  mode:DIOd_drv:0x00,wp_drv:0x00
   0.03s  mode:DIOd_drv:0x00,wp_drv:0x00
   0.03s  mode:DIOd_drv:0x00,wp_drv:0x00
   0.03s  mode:DIOd_drv:0x00,wp_drv:0x00
   0.03s  mode:DIOd_drv:0x00,wp_drv:0x00
   0.03s  mode:DIOd_drv:0x00,wp_drv:0x00
   0.03s  mode:DIOd_drv:0x00,wp_drv:0x00
   0.03s  mode:DIOd_drv:0x00,wp_drv:0x00
   0.03s  mode:DIOd_drv:0x00,wp_drv:0x00
   0.03s  mode:DIOd_drv:0x00,wp_drv:0x00
   0.03s  mode:DIOd_drv:0x00,wp_drv:0x00
   0.03s  mode:DIOd_drv:0x00,wp_drv:0x00
   0.03s  mode:DIOd_drv:0x00,wp_drv:0x00
   0.03s  mode:DIOd_drv:0x00,wp_drv:0x00
   0.03s  mode:DIOd_drv:0x00,wp_drv:0x00
   0.03s  mode:DIOd_drv:0x00,wp_drv:0x00
   0.03s  mode:DIOd_drv:0x00,wp_drv:0x00
   0.03s  mode:DIOd_drv:0x00,wp_drv:0x00
   0.03s  mode:DIOd_drv:0x00,wp_drv:0x00
   0.03s  mode:DIOd_drv:0x00,wp_drv:0x00
   0.03s  mode:DIOd_drv:0x00,wp_drv:0x00
   0.03s  mode:DIOd_drv:0x00,wp_drv:0x00
   0.03s  mode:DIOd_drv:0x00,wp_drv:0x00
   0.03s  mode:DIOd_drv:0x00,wp_drv:0x00
   0.03s  mode:DIOd_drv:0x00,wp_drv:0x00
   0.03s  mode:DIOd_drv:0x00,wp_drv:0x00
   0.03s  mode:DIOd_drv:0x00,wp_drv:0x00
   0.03s  mode:DIOd_drv:0x00,wp_drv:0x00
   0.03s  mode:DIOd_drv:0x00,wp_drv:0x00
   0.03s  mode:DIOd_drv:0x00,wp_drv:0x00
   0.03s  mode:DIOd_drv:0x00,wp_drv:0x00
   0.03s  mode:DIOd_drv:0x00,wp_drv:0x00
   0.03s  mode:DIOd_drv:0x00,wp_drv:0x00
   0.03s  mode:DIOd_drv:0x00,wp_drv:0x00
   0.03s  mode:DIOd_drv:0x00,wp_drv:0x00
   0.03s  mode:DIOd_drv:0x00,wp_drv:0x00
   0.03s  mode:DIOd_drv:0x00,wp_drv:0x00
   0.03s  mode:DIOd_drv:0x00,wp_drv:0x00
   0.03s  mode:DIOd_drv:0x00,wp_drv:0x00
   0.03s  mode:DIOd_drv:0x00,wp_drv:0x00
   0.03s  mode:DIOd_drv:0x00,wp_drv:0x00
   0.03s  mode:DIOd_drv:0x00,wp_drv:0x00
   0.03s  mode:DIOd_drv:0x00,wp_drv:0x00
   0.03s  mode:DIOd_drv:0x00,wp_drv:0x00
   0.03s  mode:DIOd_drv:0x00,wp_drv:0x00
   0.03s  mode:DIOd_drv:0x00,wp_drv:0x00
   0.03s  mode:DIOd_drv:0x00,wp_drv:0x00
   0.03s  mode:DIOd_drv:0x00,wp_drv:0x00
   0.03s  mode:DIOd_drv:0x00,wp_drv:0x00
   0.03s  mode:DIOd_drv:0x00,wp_drv:0x00
   0.03s  mode:DIOd_drv:0x00,wp_drv:0x00
   0.03s  mode:DIOd_drv:0xdiv:2
   0.03s  load:0x3fff0030,l, clock div:2
   0.03s  load:0x3fff0030,l, clock div:2
   0.03s  load:0x3fff0030,l, clock div:2
   0.03s  load:0x3fff0030,l, clock div:2
   0.03s  load:0x3fff0030,l, clock div:2
   0.03s  load:0x3fff0030,l, clock div:2
   0.03s  load:0x3fff0030,l, clock div:2
   0.03s  load:0x3fff0030,l, clock div:2
   0.03s  load:0x3fff0030,l, clock div:2
   0.03s  load:0x3fff0030,l, clock div:2
   0.03s  load:0x3fff0030,l, clock div:2
   0.03s  load:0x3fff0030,l, clock div:2
   0.03s  load:0x3fff0030,l, clock div:2
   0.03s  load:0x3fff0030,l, clock div:2
   0.03s  load:0x3fff0030,l, clock div:2
   0.03s  load:0x3fff0030,l, clock div:2
   0.03s  load:0x3fff0030,l, clock div:2
   0.03s  load:0x3fff0030,l, clock div:2
   0.03s  load:0x3fff0030,l, clock div:2
   0.03s  load:0x3fff0030,l, clock div:2
   0.03s  load:0x3fff0030,l, clock div:2
   0.03s  load:0x3fff0030,l, clock div:2
   0.03s  load:0x3fff0030,l, clock div:2
   0.03s  load:0x3fff0030,l, clock div:2
   0.04s  load:0x3fff0030,l, clock div:2
   0.04s  load:0x3fff0030,l, clock div:2
   0.04s  load:0x3fff0030,l, clock div:2
   0.04s  load:0x3fff0030,l, clock div:2
   0.04s  load:0x3fff0030,l, clock div:2
   0.04s  load:0x3fff0030,l, clock div:2
   0.04s  load:0x3fff0030,l, clock div:2
   0.04s  load:0x3fff0030,l, clock div:2
   0.04s  load:0x3fff0030,l, clock div:2
   0.04s  load:0x3fff0030,l, clock div:2
   0.04s  load:0x3fff0030,l, clock div:2
   0.04s  load:0x3fff0030,l, clock div:2
   0.04s  load:0x3fff0030,l, clock div:2
   0.04s  load:0x3fff0030,l, clock div:2
   0.04s  load:0x3fff0030,len:1184
   0.04s  load:0x40078000,len:13232
   0.04s  load:0x40080400,len:3028
   0.04s  entry 0x400805e4
   1.21s  current_pid: arming 3000ms, then a boot-time ADC sanity check (CS taps reported rewired but NOT yet verified) before any PID is trusted.
   1.22s  state=0 freq=190.0 pidEn=0 pidTrip=0 | I[A]: A=2.17 C=2.21 (dAC=-0.04) | B=2.79 D=2.80 (dBD=-0.02)
   1.23s  pid: A[d=0.0 c=+0.0/0.0] B[d=0.0 c=+0.0/0.0] C[d=0.0 c=+0.0/0.0] D[d=0.0 c=+0.0/0.0]
   1.72s  state=0 freq=190.0 pidEn=0 pidTrip=0 | I[A]: A=0.00 C=0.00 (dAC=+0.00) | B=0.00 D=0.00 (dBD=+0.00)
   1.72s  pid: A[d=0.0 c=+0.0/0.0] B[d=0.0 c=+0.0/0.0] C[d=0.0 c=+0.0/0.0] D[d=0.0 c=+0.0/0.0]
   2.22s  state=0 freq=190.0 pidEn=0 pidTrip=0 | I[A]: A=0.00 C=0.00 (dAC=+0.00) | B=0.00 D=0.00 (dBD=+0.00)
   2.22s  pid: A[d=0.0 c=+0.0/0.0] B[d=0.0 c=+0.0/0.0] C[d=0.0 c=+0.0/0.0] D[d=0.0 c=+0.0/0.0]
   2.72s  state=0 freq=190.0 pidEn=0 pidTrip=0 | I[A]: A=0.00 C=0.00 (dAC=+0.00) | B=0.00 D=0.00 (dBD=+0.00)
   2.72s  pid: A[d=0.0 c=+0.0/0.0] B[d=0.0 c=+0.0/0.0] C[d=0.0 c=+0.0/0.0] D[d=0.0 c=+0.0/0.0]
   3.22s  state=0 freq=190.0 pidEn=0 pidTrip=0 | I[A]: A=0.00 C=0.00 (dAC=+0.00) | B=0.00 D=0.00 (dBD=+0.00)
   3.22s  pid: A[d=0.0 c=+0.0/0.0] B[d=0.0 c=+0.0/0.0] C[d=0.0 c=+0.0/0.0] D[d=0.0 c=+0.0/0.0]
   3.72s  state=0 freq=190.0 pidEn=0 pidTrip=0 | I[A]: A=0.00 C=0.00 (dAC=+0.00) | B=0.00 D=0.00 (dBD=+0.00)
   3.72s  pid: A[d=0.0 c=+0.0/0.0] B[d=0.0 c=+0.0/0.0] C[d=0.0 c=+0.0/0.0] D[d=0.0 c=+0.0/0.0]
   4.20s  ARMED -> ADC zero-cal: A=142.0 B=142.0 C=142.0 D=142.0mV -> running ADC sanity check
   4.22s  state=1 freq=190.0 pidEn=0 pidTrip=0 | I[A]: A=0.00 C=0.00 (dAC=+0.00) | B=0.00 D=0.00 (dBD=+0.00)
   4.22s  pid: A[d=0.0 c=+0.0/0.0] B[d=0.0 c=+0.0/0.0] C[d=0.0 c=+0.0/0.0] D[d=0.0 c=+0.0/0.0]
   4.72s  state=1 freq=190.0 pidEn=0 pidTrip=0 | I[A]: A=0.35 C=0.00 (dAC=+0.35) | B=0.00 D=0.00 (dBD=+0.00)
   4.72s  pid: A[d=0.0 c=+0.0/0.0] B[d=0.0 c=+0.0/0.0] C[d=0.0 c=+0.0/0.0] D[d=0.0 c=+0.0/0.0]
   4.80s  sanity[A]: baseline=142.0mV pulse=166.6mV delta=+24.6mV -> PASS
   5.22s  state=1 freq=190.0 pidEn=0 pidTrip=0 | I[A]: A=0.00 C=0.00 (dAC=+0.00) | B=0.37 D=0.00 (dBD=+0.37)
   5.22s  pid: A[d=0.0 c=+0.0/0.0] B[d=0.0 c=+0.0/0.0] C[d=0.0 c=+0.0/0.0] D[d=0.0 c=+0.0/0.0]
   5.40s  sanity[B]: baseline=142.0mV pulse=167.5mV delta=+25.5mV -> PASS
   5.72s  state=1 freq=190.0 pidEn=0 pidTrip=0 | I[A]: A=0.00 C=0.15 (dAC=-0.15) | B=0.00 D=0.00 (dBD=+0.00)
   5.72s  pid: A[d=0.0 c=+0.0/0.0] B[d=0.0 c=+0.0/0.0] C[d=0.0 c=+0.0/0.0] D[d=0.0 c=+0.0/0.0]
   6.00s  sanity[C]: baseline=142.0mV pulse=166.2mV delta=+24.2mV -> PASS
   6.22s  state=1 freq=190.0 pidEn=0 pidTrip=0 | I[A]: A=0.00 C=0.00 (dAC=-0.00) | B=0.00 D=0.00 (dBD=+0.00)
   6.22s  pid: A[d=0.0 c=+0.0/0.0] B[d=0.0 c=+0.0/0.0] C[d=0.0 c=+0.0/0.0] D[d=0.0 c=+0.0/0.0]
   6.60s  sanity[D]: baseline=142.0mV pulse=160.8mV delta=+18.8mV -> PASS
   6.61s  ADC SANITY CHECK PASSED -- PID enabled.
   6.61s  armed: b=begin  s=stop(e-stop)  e=end(ramp down)
   6.72s  state=2 freq=190.0 pidEn=1 pidTrip=0 | I[A]: A=0.00 C=0.00 (dAC=-0.00) | B=0.00 D=0.00 (dBD=-0.00)
   6.72s  pid: A[d=0.0 c=+0.0/0.0] B[d=0.0 c=+0.0/0.0] C[d=0.0 c=+0.0/0.0] D[d=0.0 c=+0.0/0.0]
   7.22s  state=2 freq=190.0 pidEn=1 pidTrip=0 | I[A]: A=0.00 C=0.00 (dAC=-0.00) | B=0.00 D=0.00 (dBD=-0.00)
   7.22s  pid: A[d=0.0 c=+0.0/0.0] B[d=0.0 c=+0.0/0.0] C[d=0.0 c=+0.0/0.0] D[d=0.0 c=+0.0/0.0]
   7.22s  begin: started
   7.72s  state=3 freq=1.2 pidEn=1 pidTrip=0 | I[A]: A=0.00 C=0.00 (dAC=-0.00) | B=0.00 D=0.00 (dBD=-0.00)
   7.72s  pid: A[d=74.7 c=-6.7/307.6] B[d=74.8 c=+1.2/306.3] C[d=74.8 c=+2.6/306.1] D[d=74.9 c=+2.9/306.7]
   8.22s  state=3 freq=1.6 pidEn=1 pidTrip=0 | I[A]: A=0.00 C=0.00 (dAC=-0.00) | B=0.00 D=0.00 (dBD=-0.00)
   8.22s  pid: A[d=74.9 c=-5.1/308.0] B[d=74.8 c=+2.1/306.1] C[d=74.7 c=+0.9/305.8] D[d=74.9 c=+2.1/306.7]
   8.72s  state=3 freq=2.5 pidEn=1 pidTrip=0 | I[A]: A=0.00 C=0.00 (dAC=-0.00) | B=0.00 D=0.00 (dBD=-0.00)
   8.72s  pid: A[d=75.0 c=-4.9/308.7] B[d=74.8 c=+2.5/305.8] C[d=74.6 c=-1.1/305.4] D[d=74.9 c=+3.5/306.7]
   9.22s  state=3 freq=3.6 pidEn=1 pidTrip=0 | I[A]: A=0.00 C=0.00 (dAC=-0.00) | B=0.01 D=0.00 (dBD=+0.00)
   9.22s  pid: A[d=75.0 c=-8.8/309.7] B[d=74.7 c=+3.6/305.5] C[d=74.5 c=-0.3/304.8] D[d=75.0 c=+5.6/306.7]
   9.72s  state=3 freq=5.0 pidEn=1 pidTrip=0 | I[A]: A=0.05 C=0.01 (dAC=+0.04) | B=0.08 D=0.00 (dBD=+0.08)
   9.72s  pid: A[d=75.0 c=-13.9/310.9] B[d=74.5 c=-3.6/305.0] C[d=74.6 c=+5.7/304.1] D[d=75.1 c=+11.8/306.7]
  10.22s  state=3 freq=6.8 pidEn=1 pidTrip=0 | I[A]: A=0.00 C=0.01 (dAC=-0.01) | B=0.00 D=0.01 (dBD=-0.01)
  10.22s  pid: A[d=75.4 c=-8.2/312.3] B[d=74.5 c=+2.4/304.4] C[d=74.2 c=-2.0/303.2] D[d=75.0 c=+7.9/306.7]
  10.72s  state=3 freq=8.8 pidEn=1 pidTrip=0 | I[A]: A=0.01 C=0.03 (dAC=-0.02) | B=0.01 D=0.06 (dBD=-0.05)
  10.72s  pid: A[d=75.5 c=-11.1/314.0] B[d=74.5 c=+2.9/303.8] C[d=74.2 c=+1.9/302.2] D[d=75.0 c=+6.3/306.7]
  11.22s  state=3 freq=11.0 pidEn=1 pidTrip=0 | I[A]: A=0.02 C=0.15 (dAC=-0.13) | B=0.02 D=0.13 (dBD=-0.11)
  11.22s  pid: A[d=75.7 c=-16.5/316.0] B[d=74.2 c=-3.4/303.0] C[d=74.1 c=+3.2/301.0] D[d=75.3 c=+16.7/306.7]
  11.72s  state=3 freq=13.6 pidEn=1 pidTrip=0 | I[A]: A=0.01 C=0.03 (dAC=-0.02) | B=0.01 D=0.06 (dBD=-0.05)
  11.72s  pid: A[d=75.9 c=-17.4/318.1] B[d=73.9 c=-9.0/302.2] C[d=74.0 c=+7.2/299.8] D[d=75.4 c=+19.2/306.8]
  12.22s  state=3 freq=16.3 pidEn=1 pidTrip=0 | I[A]: A=0.03 C=0.10 (dAC=-0.06) | B=0.03 D=0.10 (dBD=-0.07)
  12.22s  pid: A[d=76.2 c=-19.2/320.5] B[d=73.7 c=-9.8/301.3] C[d=73.8 c=+6.5/298.4] D[d=75.5 c=+22.4/306.8]
  12.72s  state=3 freq=19.3 pidEn=1 pidTrip=0 | I[A]: A=0.07 C=0.14 (dAC=-0.08) | B=0.07 D=0.15 (dBD=-0.08)
  12.72s  pid: A[d=76.3 c=-29.2/323.0] B[d=73.5 c=-11.9/300.3] C[d=73.8 c=+14.3/296.8] D[d=75.6 c=+26.8/306.8]
  13.22s  state=3 freq=22.6 pidEn=1 pidTrip=0 | I[A]: A=0.09 C=0.07 (dAC=+0.02) | B=0.16 D=0.15 (dBD=+0.01)
  13.22s  pid: A[d=76.6 c=-32.1/325.8] B[d=73.4 c=-11.0/299.2] C[d=73.5 c=+10.8/295.2] D[d=75.7 c=+32.3/306.8]
  13.72s  state=3 freq=26.0 pidEn=1 pidTrip=0 | I[A]: A=0.08 C=0.15 (dAC=-0.07) | B=0.09 D=0.17 (dBD=-0.08)
  13.72s  pid: A[d=76.9 c=-37.3/328.7] B[d=73.2 c=-12.4/298.1] C[d=73.1 c=+7.2/293.5] D[d=76.0 c=+42.6/306.8]
  14.22s  state=3 freq=29.6 pidEn=1 pidTrip=0 | I[A]: A=0.14 C=0.13 (dAC=+0.01) | B=0.14 D=0.08 (dBD=+0.06)
  14.22s  pid: A[d=77.2 c=-40.8/331.9] B[d=73.0 c=-12.0/296.9] C[d=73.0 c=+11.4/291.7] D[d=76.0 c=+41.4/306.9]
  14.72s  state=3 freq=33.5 pidEn=1 pidTrip=0 | I[A]: A=0.26 C=0.12 (dAC=+0.14) | B=0.26 D=0.11 (dBD=+0.15)
  14.72s  pid: A[d=77.7 c=-39.2/335.2] B[d=73.0 c=-7.5/295.6] C[d=72.5 c=+4.2/289.8] D[d=76.0 c=+42.5/306.9]
  15.22s  state=3 freq=37.5 pidEn=1 pidTrip=0 | I[A]: A=0.18 C=0.10 (dAC=+0.08) | B=0.19 D=0.19 (dBD=+0.00)
  15.22s  pid: A[d=78.0 c=-46.3/338.6] B[d=72.7 c=-11.1/294.3] C[d=72.4 c=+11.3/287.8] D[d=76.1 c=+46.1/306.9]
  15.72s  state=3 freq=41.6 pidEn=1 pidTrip=0 | I[A]: A=0.15 C=0.16 (dAC=-0.01) | B=0.12 D=0.17 (dBD=-0.04)
  15.72s  pid: A[d=78.1 c=-60.4/342.3] B[d=72.1 c=-26.0/293.0] C[d=72.5 c=+24.9/285.7] D[d=76.6 c=+61.5/306.9]
  16.22s  state=3 freq=45.9 pidEn=1 pidTrip=0 | I[A]: A=0.16 C=0.25 (dAC=-0.09) | B=0.16 D=0.25 (dBD=-0.09)
  16.22s  pid: A[d=78.0 c=-82.3/346.1] B[d=71.1 c=-51.7/291.6] C[d=72.9 c=+50.2/283.6] D[d=77.2 c=+83.8/307.0]
  16.72s  state=3 freq=50.4 pidEn=1 pidTrip=0 | I[A]: A=0.30 C=0.22 (dAC=+0.09) | B=0.17 D=0.26 (dBD=-0.09)
  16.73s  pid: A[d=77.9 c=-108.1/350.0] B[d=70.4 c=-68.1/290.1] C[d=73.5 c=+81.8/281.4] D[d=77.5 c=+94.4/307.0]
  17.22s  state=3 freq=55.0 pidEn=1 pidTrip=0 | I[A]: A=0.28 C=0.15 (dAC=+0.13) | B=0.29 D=0.18 (dBD=+0.11)
  17.22s  pid: A[d=77.9 c=-128.1/354.0] B[d=70.0 c=-72.1/288.6] C[d=73.8 c=+103.6/279.1] D[d=77.6 c=+96.6/307.0]
  17.72s  state=3 freq=59.7 pidEn=1 pidTrip=0 | I[A]: A=0.25 C=0.28 (dAC=-0.03) | B=0.23 D=0.32 (dBD=-0.09)
  17.72s  pid: A[d=78.1 c=-141.0/358.2] B[d=69.5 c=-82.4/287.1] C[d=74.3 c=+131.7/276.8] D[d=77.5 c=+91.7/307.1]
  18.22s  state=3 freq=64.4 pidEn=1 pidTrip=0 | I[A]: A=0.25 C=0.20 (dAC=+0.05) | B=0.23 D=0.31 (dBD=-0.08)
  18.22s  pid: A[d=78.3 c=-155.3/362.5] B[d=68.9 c=-95.7/285.6] C[d=74.7 c=+158.4/274.5] D[d=77.5 c=+92.6/307.1]
  18.72s  state=3 freq=69.3 pidEn=1 pidTrip=0 | I[A]: A=0.32 C=0.28 (dAC=+0.05) | B=0.29 D=0.31 (dBD=-0.01)
  18.72s  pid: A[d=78.6 c=-167.2/366.9] B[d=68.2 c=-109.2/284.0] C[d=75.1 c=+182.4/272.1] D[d=77.5 c=+94.0/307.1]
  19.22s  state=3 freq=74.3 pidEn=1 pidTrip=0 | I[A]: A=0.36 C=0.24 (dAC=+0.12) | B=0.35 D=0.25 (dBD=+0.10)
  19.22s  pid: A[d=78.6 c=-187.8/371.4] B[d=67.6 c=-122.6/282.4] C[d=75.4 c=+204.3/269.7] D[d=77.9 c=+106.2/307.2]
  19.72s  state=3 freq=79.4 pidEn=1 pidTrip=0 | I[A]: A=0.40 C=0.26 (dAC=+0.14) | B=0.39 D=0.27 (dBD=+0.12)
  19.73s  pid: A[d=78.8 c=-205.9/376.0] B[d=67.0 c=-131.0/280.8] C[d=75.5 c=+221.5/267.2] D[d=78.1 c=+115.4/307.2]
  20.22s  state=3 freq=84.5 pidEn=1 pidTrip=0 | I[A]: A=0.38 C=0.38 (dAC=+0.00) | B=0.44 D=0.35 (dBD=+0.09)
  20.22s  pid: A[d=79.1 c=-218.1/380.6] B[d=67.0 c=-124.1/279.2] C[d=75.0 c=+217.9/264.8] D[d=78.4 c=+124.4/307.2]
  20.72s  state=3 freq=89.6 pidEn=1 pidTrip=0 | I[A]: A=0.49 C=0.37 (dAC=+0.12) | B=0.48 D=0.41 (dBD=+0.08)
  20.73s  pid: A[d=79.2 c=-236.5/385.3] B[d=67.0 c=-117.3/277.5] C[d=74.9 c=+223.8/262.3] D[d=78.5 c=+130.0/307.3]
  21.22s  state=3 freq=94.8 pidEn=1 pidTrip=0 | I[A]: A=0.53 C=0.39 (dAC=+0.14) | B=0.49 D=0.37 (dBD=+0.12)
  21.23s  pid: A[d=79.3 c=-256.1/390.1] B[d=67.2 c=-100.0/275.9] C[d=73.9 c=+204.2/259.8] D[d=79.2 c=+151.9/307.3]
  21.72s  state=3 freq=100.0 pidEn=1 pidTrip=0 | I[A]: A=0.50 C=0.63 (dAC=-0.13) | B=0.47 D=0.52 (dBD=-0.05)
  21.72s  pid: A[d=79.1 c=-288.4/394.9] B[d=67.0 c=-99.8/274.2] C[d=73.3 c=+195.3/257.3] D[d=80.3 c=+193.0/307.3]
  22.22s  state=3 freq=105.2 pidEn=1 pidTrip=0 | I[A]: A=0.73 C=0.50 (dAC=+0.23) | B=0.63 D=0.48 (dBD=+0.14)
  22.22s  pid: A[d=78.7 c=-328.9/399.8] B[d=67.6 c=-72.2/272.6] C[d=72.0 c=+162.4/254.8] D[d=81.5 c=+238.6/307.4]
  22.72s  state=3 freq=110.5 pidEn=1 pidTrip=0 | I[A]: A=0.71 C=0.66 (dAC=+0.05) | B=0.60 D=0.60 (dBD=+0.00)
  22.73s  pid: A[d=78.4 c=-363.0/404.7] B[d=68.1 c=-46.5/270.9] C[d=70.3 c=+116.4/252.4] D[d=83.0 c=+293.0/307.4]
  23.22s  state=3 freq=115.7 pidEn=1 pidTrip=0 | I[A]: A=0.86 C=0.77 (dAC=+0.09) | B=0.75 D=0.60 (dBD=+0.15)
  23.23s  pid: A[d=77.7 c=-410.5/409.6] B[d=69.4 c=+2.4/269.3] C[d=67.8 c=+48.7/249.9] D[d=83.5 c=+310.4/307.4]
  23.72s  state=3 freq=120.9 pidEn=1 pidTrip=0 | I[A]: A=0.96 C=0.85 (dAC=+0.11) | B=0.75 D=0.66 (dBD=+0.09)
  23.72s  pid: A[d=78.3 c=-414.4/414.5] B[d=70.3 c=+43.2/267.6] C[d=65.5 c=-12.8/247.5] D[d=83.5 c=+310.5/307.5]
  24.22s  state=3 freq=126.0 pidEn=1 pidTrip=0 | I[A]: A=0.93 C=1.06 (dAC=-0.13) | B=0.82 D=0.75 (dBD=+0.07)
  24.23s  pid: A[d=78.7 c=-424.7/419.4] B[d=71.7 c=+95.3/266.0] C[d=61.5 c=-125.0/245.1] D[d=83.7 c=+317.4/307.5]
  24.72s  state=3 freq=131.1 pidEn=1 pidTrip=0 | I[A]: A=1.14 C=1.08 (dAC=+0.07) | B=1.04 D=0.77 (dBD=+0.27)
  24.73s  pid: A[d=79.3 c=-429.1/424.3] B[d=72.2 c=+121.2/264.4] C[d=58.4 c=-205.7/242.7] D[d=83.6 c=+316.0/307.5]
  25.22s  state=3 freq=136.2 pidEn=1 pidTrip=0 | I[A]: A=1.13 C=1.25 (dAC=-0.12) | B=1.02 D=0.80 (dBD=+0.23)
  25.23s  pid: A[d=79.8 c=-434.4/429.1] B[d=72.8 c=+151.5/262.8] C[d=56.6 c=-245.9/240.4] D[d=83.7 c=+319.3/307.6]
  25.72s  state=3 freq=141.2 pidEn=1 pidTrip=0 | I[A]: A=1.26 C=1.26 (dAC=+0.00) | B=1.11 D=0.85 (dBD=+0.26)
  25.73s  pid: A[d=80.3 c=-440.3/433.9] B[d=74.5 c=+216.2/261.3] C[d=56.2 c=-248.4/238.1] D[d=83.8 c=+320.3/307.6]
  26.22s  state=3 freq=146.1 pidEn=1 pidTrip=0 | I[A]: A=1.42 C=1.43 (dAC=-0.01) | B=1.28 D=0.75 (dBD=+0.52)
  26.23s  pid: A[d=80.8 c=-446.1/438.6] B[d=75.1 c=+243.9/259.8] C[d=55.9 c=-244.0/235.8] D[d=83.9 c=+324.8/307.6]
  26.72s  state=3 freq=150.9 pidEn=1 pidTrip=0 | I[A]: A=1.27 C=1.62 (dAC=-0.35) | B=1.24 D=0.76 (dBD=+0.49)
  26.73s  pid: A[d=81.3 c=-451.8/443.3] B[d=75.4 c=+262.0/258.3] C[d=55.4 c=-247.4/233.6] D[d=84.0 c=+328.4/307.7]
  27.22s  state=3 freq=155.6 pidEn=1 pidTrip=0 | I[A]: A=1.32 C=1.63 (dAC=-0.31) | B=1.26 D=0.61 (dBD=+0.65)
  27.23s  pid: A[d=81.8 c=-455.8/447.9] B[d=75.1 c=+259.7/256.8] C[d=55.0 c=-246.8/231.5] D[d=84.0 c=+328.1/307.7]
  27.72s  state=3 freq=160.2 pidEn=1 pidTrip=0 | I[A]: A=1.46 C=1.59 (dAC=-0.13) | B=1.24 D=0.70 (dBD=+0.53)
  27.73s  pid: A[d=82.1 c=-464.2/452.4] B[d=74.9 c=+258.8/255.4] C[d=54.7 c=-244.9/229.4] D[d=84.1 c=+332.4/307.7]
  28.22s  state=3 freq=164.7 pidEn=1 pidTrip=0 | I[A]: A=1.61 C=1.60 (dAC=+0.01) | B=1.40 D=0.61 (dBD=+0.79)
  28.23s  pid: A[d=82.7 c=-466.4/456.8] B[d=74.7 c=+259.9/254.0] C[d=54.3 c=-245.8/227.3] D[d=84.1 c=+331.2/307.8]
  28.72s  state=3 freq=169.0 pidEn=1 pidTrip=0 | I[A]: A=1.50 C=1.53 (dAC=-0.03) | B=1.30 D=0.61 (dBD=+0.69)
  28.73s  pid: A[d=83.1 c=-472.4/461.1] B[d=74.4 c=+256.9/252.7] C[d=54.2 c=-241.5/225.4] D[d=84.1 c=+332.2/307.8]
  29.22s  state=3 freq=173.2 pidEn=1 pidTrip=0 | I[A]: A=1.46 C=1.66 (dAC=-0.20) | B=1.21 D=0.59 (dBD=+0.62)
  29.23s  pid: A[d=83.4 c=-480.2/465.2] B[d=74.2 c=+256.4/251.4] C[d=53.9 c=-238.3/223.5] D[d=84.1 c=+331.8/307.8]
  29.72s  state=3 freq=177.1 pidEn=1 pidTrip=0 | I[A]: A=1.48 C=1.53 (dAC=-0.05) | B=1.26 D=0.53 (dBD=+0.73)
  29.73s  pid: A[d=84.0 c=-477.9/469.2] B[d=74.0 c=+255.7/250.2] C[d=53.6 c=-239.7/221.7] D[d=84.1 c=+332.1/307.8]
  30.22s  state=3 freq=181.0 pidEn=1 pidTrip=0 | I[A]: A=1.61 C=1.75 (dAC=-0.14) | B=1.14 D=0.47 (dBD=+0.67)
  30.23s  pid: A[d=84.4 c=-484.1/473.0] B[d=73.9 c=+256.8/249.0] C[d=53.2 c=-240.7/220.0] D[d=84.2 c=+335.1/307.9]
  30.72s  state=3 freq=184.7 pidEn=1 pidTrip=0 | I[A]: A=1.61 C=1.41 (dAC=+0.20) | B=1.06 D=0.41 (dBD=+0.65)
  30.73s  pid: A[d=84.6 c=-493.6/476.7] B[d=73.7 c=+254.7/247.9] C[d=53.3 c=-231.1/218.4] D[d=84.2 c=+334.1/307.9]
  31.22s  state=3 freq=188.1 pidEn=1 pidTrip=0 | I[A]: A=1.53 C=1.30 (dAC=+0.24) | B=1.18 D=0.43 (dBD=+0.75)
  31.23s  pid: A[d=85.0 c=-494.5/480.2] B[d=73.5 c=+252.5/246.9] C[d=53.0 c=-230.6/216.8] D[d=84.1 c=+331.2/307.9]
  31.72s  state=3 freq=191.4 pidEn=1 pidTrip=0 | I[A]: A=1.49 C=1.30 (dAC=+0.19) | B=1.13 D=0.36 (dBD=+0.77)
  31.73s  pid: A[d=85.4 c=-497.0/483.4] B[d=73.3 c=+252.4/245.9] C[d=52.8 c=-229.4/215.4] D[d=84.1 c=+332.7/307.9]
  32.22s  state=3 freq=194.4 pidEn=1 pidTrip=0 | I[A]: A=1.37 C=1.44 (dAC=-0.07) | B=1.01 D=0.36 (dBD=+0.65)
  32.23s  pid: A[d=85.6 c=-503.6/486.5] B[d=73.1 c=+249.9/245.0] C[d=52.6 c=-227.9/214.1] D[d=84.2 c=+333.8/308.0]
  32.72s  state=3 freq=197.2 pidEn=1 pidTrip=0 | I[A]: A=1.44 C=1.29 (dAC=+0.14) | B=1.01 D=0.40 (dBD=+0.60)
  32.73s  pid: A[d=85.9 c=-505.0/489.3] B[d=72.9 c=+248.5/244.1] C[d=52.6 c=-222.5/212.8] D[d=84.1 c=+332.3/308.0]
  33.22s  state=3 freq=199.8 pidEn=1 pidTrip=0 | I[A]: A=1.48 C=1.05 (dAC=+0.43) | B=1.11 D=0.39 (dBD=+0.72)
  33.23s  pid: A[d=86.1 c=-510.2/491.9] B[d=72.8 c=+245.8/243.4] C[d=52.5 c=-219.6/211.7] D[d=84.1 c=+331.6/308.0]
  33.72s  state=3 freq=202.1 pidEn=1 pidTrip=0 | I[A]: A=1.36 C=1.27 (dAC=+0.09) | B=0.94 D=0.30 (dBD=+0.64)
  33.73s  pid: A[d=86.4 c=-512.0/494.3] B[d=72.8 c=+249.4/242.7] C[d=52.1 c=-224.5/210.7] D[d=84.2 c=+334.6/308.0]
  34.22s  state=3 freq=204.1 pidEn=1 pidTrip=0 | I[A]: A=1.42 C=1.10 (dAC=+0.33) | B=1.04 D=0.34 (dBD=+0.69)
  34.23s  pid: A[d=86.6 c=-516.1/496.3] B[d=72.6 c=+246.7/242.1] C[d=52.2 c=-218.4/209.8] D[d=84.1 c=+330.4/308.0]
  34.72s  state=3 freq=205.8 pidEn=1 pidTrip=0 | I[A]: A=1.36 C=1.12 (dAC=+0.24) | B=0.95 D=0.29 (dBD=+0.65)
  34.73s  pid: A[d=86.8 c=-515.4/498.1] B[d=72.5 c=+246.3/241.5] C[d=52.0 c=-218.6/209.0] D[d=84.1 c=+330.6/308.0]
  35.22s  state=3 freq=207.3 pidEn=1 pidTrip=0 | I[A]: A=1.29 C=1.02 (dAC=+0.26) | B=0.91 D=0.31 (dBD=+0.60)
  35.23s  pid: A[d=87.0 c=-516.6/499.6] B[d=72.4 c=+246.5/241.1] C[d=51.9 c=-219.1/208.4] D[d=84.1 c=+330.7/308.0]
  35.72s  state=3 freq=208.5 pidEn=1 pidTrip=0 | I[A]: A=1.31 C=1.08 (dAC=+0.23) | B=0.85 D=0.30 (dBD=+0.55)
  35.73s  pid: A[d=87.1 c=-516.2/500.8] B[d=72.4 c=+246.8/240.7] C[d=51.8 c=-218.0/207.9] D[d=84.0 c=+328.8/308.0]
  36.22s  state=3 freq=209.3 pidEn=1 pidTrip=0 | I[A]: A=1.36 C=1.02 (dAC=+0.34) | B=0.90 D=0.32 (dBD=+0.58)
  36.23s  pid: A[d=87.3 c=-512.9/501.7] B[d=72.3 c=+243.4/240.5] C[d=51.8 c=-215.9/207.5] D[d=84.0 c=+327.1/308.1]
  36.72s  state=4 freq=209.8 pidEn=1 pidTrip=0 | I[A]: A=1.39 C=0.99 (dAC=+0.41) | B=0.89 D=0.28 (dBD=+0.61)
  36.73s  pid: A[d=87.3 c=-518.2/502.2] B[d=72.4 c=+247.4/240.3] C[d=51.7 c=-217.2/207.3] D[d=84.1 c=+330.5/308.1]
  37.22s  state=4 freq=210.0 pidEn=1 pidTrip=0 | I[A]: A=1.09 C=1.04 (dAC=+0.06) | B=0.86 D=0.28 (dBD=+0.59)
  37.23s  pid: A[d=87.4 c=-515.7/502.4] B[d=72.2 c=+242.6/240.3] C[d=51.8 c=-214.8/207.2] D[d=84.0 c=+328.5/308.1]
  37.72s  state=4 freq=210.0 pidEn=1 pidTrip=0 | I[A]: A=1.23 C=0.96 (dAC=+0.27) | B=0.91 D=0.27 (dBD=+0.64)
  37.73s  pid: A[d=87.3 c=-518.9/502.4] B[d=72.2 c=+244.0/240.3] C[d=51.8 c=-215.0/207.2] D[d=84.1 c=+330.5/308.1]
  38.22s  state=4 freq=210.0 pidEn=1 pidTrip=0 | I[A]: A=1.39 C=0.86 (dAC=+0.52) | B=1.00 D=0.31 (dBD=+0.69)
  38.23s  pid: A[d=87.3 c=-518.9/502.4] B[d=72.2 c=+241.9/240.3] C[d=52.0 c=-209.9/207.2] D[d=84.0 c=+327.4/308.1]
  38.72s  state=4 freq=210.0 pidEn=1 pidTrip=0 | I[A]: A=1.35 C=0.92 (dAC=+0.43) | B=0.96 D=0.30 (dBD=+0.66)
  38.73s  pid: A[d=87.3 c=-519.1/502.4] B[d=72.2 c=+243.5/240.3] C[d=51.9 c=-212.6/207.2] D[d=84.0 c=+327.8/308.1]
  39.22s  state=4 freq=210.0 pidEn=1 pidTrip=0 | I[A]: A=1.36 C=0.97 (dAC=+0.39) | B=0.97 D=0.36 (dBD=+0.61)
  39.23s  pid: A[d=87.3 c=-518.9/502.4] B[d=72.2 c=+243.9/240.3] C[d=51.9 c=-211.8/207.2] D[d=84.0 c=+325.7/308.1]
  39.72s  state=4 freq=210.0 pidEn=1 pidTrip=0 | I[A]: A=1.32 C=0.91 (dAC=+0.41) | B=0.93 D=0.30 (dBD=+0.63)
  39.73s  pid: A[d=87.3 c=-519.0/502.4] B[d=72.2 c=+240.9/240.3] C[d=52.0 c=-210.8/207.2] D[d=84.0 c=+326.3/308.1]
  40.22s  state=4 freq=210.0 pidEn=1 pidTrip=0 | I[A]: A=1.39 C=0.92 (dAC=+0.46) | B=0.91 D=0.29 (dBD=+0.61)
  40.23s  pid: A[d=87.2 c=-521.0/502.4] B[d=72.2 c=+242.0/240.3] C[d=52.0 c=-209.7/207.2] D[d=84.0 c=+326.1/308.1]
  40.72s  state=4 freq=210.0 pidEn=1 pidTrip=0 | I[A]: A=1.34 C=1.07 (dAC=+0.27) | B=0.95 D=0.28 (dBD=+0.66)
  40.73s  pid: A[d=87.2 c=-521.1/502.4] B[d=72.3 c=+245.3/240.3] C[d=51.7 c=-217.4/207.2] D[d=84.1 c=+330.6/308.1]
  41.22s  state=4 freq=210.0 pidEn=1 pidTrip=0 | I[A]: A=1.39 C=1.00 (dAC=+0.38) | B=0.93 D=0.24 (dBD=+0.68)
  41.23s  pid: A[d=87.2 c=-522.2/502.4] B[d=72.2 c=+244.0/240.3] C[d=51.9 c=-213.4/207.2] D[d=84.0 c=+328.9/308.1]
  41.72s  state=4 freq=210.0 pidEn=1 pidTrip=0 | I[A]: A=1.34 C=1.09 (dAC=+0.25) | B=0.84 D=0.29 (dBD=+0.55)
  41.73s  pid: A[d=87.2 c=-521.6/502.4] B[d=72.2 c=+243.8/240.3] C[d=51.8 c=-213.9/207.2] D[d=84.0 c=+328.8/308.1]
  42.22s  state=4 freq=210.0 pidEn=1 pidTrip=0 | I[A]: A=1.33 C=0.87 (dAC=+0.46) | B=0.98 D=0.28 (dBD=+0.70)
  42.23s  pid: A[d=87.2 c=-521.2/502.4] B[d=72.2 c=+244.0/240.3] C[d=51.9 c=-213.2/207.2] D[d=84.0 c=+327.7/308.1]
  42.72s  state=4 freq=210.0 pidEn=1 pidTrip=0 | I[A]: A=1.39 C=0.80 (dAC=+0.60) | B=0.95 D=0.33 (dBD=+0.62)
  42.73s  pid: A[d=87.2 c=-522.8/502.4] B[d=72.3 c=+246.6/240.3] C[d=51.8 c=-215.6/207.2] D[d=84.0 c=+328.8/308.1]
  43.22s  state=4 freq=210.0 pidEn=1 pidTrip=0 | I[A]: A=1.43 C=0.83 (dAC=+0.60) | B=0.94 D=0.32 (dBD=+0.61)
  43.23s  pid: A[d=87.1 c=-524.2/502.4] B[d=72.4 c=+247.9/240.3] C[d=51.7 c=-217.1/207.2] D[d=84.1 c=+330.9/308.1]
  43.72s  state=4 freq=210.0 pidEn=1 pidTrip=0 | I[A]: A=1.30 C=0.88 (dAC=+0.42) | B=0.89 D=0.29 (dBD=+0.60)
  43.73s  pid: A[d=87.2 c=-523.1/502.4] B[d=72.3 c=+247.0/240.3] C[d=51.8 c=-215.8/207.2] D[d=84.1 c=+330.2/308.1]
  44.22s  state=4 freq=210.0 pidEn=1 pidTrip=0 | I[A]: A=1.25 C=0.87 (dAC=+0.37) | B=0.87 D=0.31 (dBD=+0.56)
  44.23s  pid: A[d=87.2 c=-522.5/502.4] B[d=72.3 c=+244.8/240.3] C[d=51.9 c=-212.2/207.2] D[d=84.0 c=+327.9/308.1]
  44.72s  state=4 freq=210.0 pidEn=1 pidTrip=0 | I[A]: A=1.20 C=1.05 (dAC=+0.15) | B=0.91 D=0.35 (dBD=+0.55)
  44.73s  pid: A[d=87.3 c=-519.1/502.4] B[d=72.3 c=+246.7/240.3] C[d=51.6 c=-219.6/207.2] D[d=84.1 c=+330.0/308.1]
  45.22s  state=4 freq=210.0 pidEn=1 pidTrip=0 | I[A]: A=1.30 C=1.05 (dAC=+0.25) | B=0.90 D=0.31 (dBD=+0.59)
