   0.00s  ets Jul 29 2019 12:21:46
   0.01s  
   0.01s  rst:0x1 (POWERON_RESET),boot:0x13 (SPI_FAST_FLASH_BOOT)
   0.01s  configsip: 0, SPIWP:0xee
   0.02s  clk_drv:0x00,q_drv:0x00,d_drv:0x00,cs0_drv:0x00,hd_drv:0x00,wp_drv:0x00
   0.02s  mode:DIO, clock div:2
   0.02s  load:0x3fff0030,len:1184
   0.03s  load:0x40078000,len:13232
   0.03s  load:0x40080400,len:3028
   0.03s  entry 0x400805e4
   1.20s  current_pid: arming 3s, then autonomous 1->210Hz ramp + PI, bounded run
   1.21s  t=1030 phase=0 freq=1.0 | I[A]: A=0.00 B=0.00 C=0.00 D=0.00 | duty[%]: A=50.0 B=50.0 C=50.0 D=50.0 | spread=0.000
   1.70s  t=1530 phase=0 freq=1.0 | I[A]: A=0.00 B=0.00 C=0.00 D=0.00 | duty[%]: A=50.0 B=50.0 C=50.0 D=50.0 | spread=0.000
   2.20s  t=2030 phase=0 freq=1.0 | I[A]: A=0.00 B=-0.00 C=0.00 D=0.00 | duty[%]: A=50.0 B=50.0 C=50.0 D=50.0 | spread=0.000
   2.70s  t=2530 phase=0 freq=1.0 | I[A]: A=0.00 B=0.00 C=0.00 D=0.00 | duty[%]: A=50.0 B=50.0 C=50.0 D=50.0 | spread=0.000
   3.20s  t=3030 phase=0 freq=1.0 | I[A]: A=0.00 B=0.00 C=0.00 D=0.00 | duty[%]: A=50.0 B=50.0 C=50.0 D=50.0 | spread=0.000
   3.70s  t=3530 phase=0 freq=1.0 | I[A]: A=0.00 B=0.00 C=0.00 D=0.00 | duty[%]: A=50.0 B=50.0 C=50.0 D=50.0 | spread=0.000
   4.20s  ARMED -> ramping
   4.20s  t=4030 phase=1 freq=1.0 | I[A]: A=0.00 B=0.00 C=0.00 D=0.00 | duty[%]: A=50.0 B=50.0 C=50.0 D=50.0 | spread=0.000
   4.70s  t=4530 phase=1 freq=1.0 | I[A]: A=0.00 B=0.00 C=0.03 D=0.03 | duty[%]: A=100.0 B=50.0 C=50.0 D=50.0 | spread=0.033
   5.20s  t=5030 phase=1 freq=1.1 | I[A]: A=0.00 B=0.00 C=0.01 D=0.01 | duty[%]: A=100.0 B=50.0 C=50.0 D=50.0 | spread=0.011
   5.70s  t=5530 phase=1 freq=1.2 | I[A]: A=0.00 B=0.00 C=0.00 D=0.00 | duty[%]: A=100.0 B=50.0 C=50.0 D=50.1 | spread=0.002
   6.20s  t=6030 phase=1 freq=1.3 | I[A]: A=0.00 B=0.00 C=0.00 D=0.01 | duty[%]: A=100.0 B=50.0 C=50.0 D=50.0 | spread=0.007
   6.70s  t=6530 phase=1 freq=1.5 | I[A]: A=0.00 B=0.00 C=0.00 D=0.00 | duty[%]: A=100.0 B=50.0 C=50.1 D=50.0 | spread=0.000
   7.20s  t=7030 phase=1 freq=1.7 | I[A]: A=0.00 B=0.00 C=0.00 D=0.00 | duty[%]: A=100.0 B=50.0 C=50.1 D=50.1 | spread=0.000
   7.70s  t=7530 phase=1 freq=1.9 | I[A]: A=0.01 B=0.00 C=0.00 D=0.01 | duty[%]: A=100.0 B=50.1 C=50.1 D=50.1 | spread=0.007
   8.20s  t=8030 phase=1 freq=2.2 | I[A]: A=0.00 B=0.00 C=0.00 D=0.00 | duty[%]: A=100.0 B=50.1 C=50.1 D=50.1 | spread=0.003
   8.70s  t=8530 phase=1 freq=2.5 | I[A]: A=0.08 B=0.06 C=0.00 D=0.00 | duty[%]: A=100.0 B=50.1 C=50.4 D=50.4 | spread=0.078
   9.20s  t=9030 phase=1 freq=2.9 | I[A]: A=0.00 B=0.00 C=0.00 D=0.00 | duty[%]: A=100.0 B=50.1 C=50.2 D=50.2 | spread=0.003
   9.70s  t=9530 phase=1 freq=3.2 | I[A]: A=0.00 B=0.00 C=0.00 D=0.00 | duty[%]: A=100.0 B=50.2 C=50.2 D=50.3 | spread=0.004
  10.20s  t=10030 phase=1 freq=3.7 | I[A]: A=0.03 B=0.01 C=0.00 D=0.00 | duty[%]: A=100.0 B=50.3 C=50.4 D=50.5 | spread=0.027
  10.70s  t=10530 phase=1 freq=4.1 | I[A]: A=0.08 B=0.02 C=0.00 D=0.00 | duty[%]: A=100.0 B=50.5 C=50.7 D=50.7 | spread=0.078
  11.20s  t=11030 phase=1 freq=4.6 | I[A]: A=0.01 B=0.06 C=0.00 D=0.00 | duty[%]: A=100.0 B=50.2 C=50.5 D=50.6 | spread=0.059
  11.70s  t=11530 phase=1 freq=5.1 | I[A]: A=0.03 B=0.01 C=0.00 D=0.00 | duty[%]: A=100.0 B=50.5 C=50.7 D=50.7 | spread=0.033
  12.20s  t=12030 phase=1 freq=5.6 | I[A]: A=0.01 B=0.00 C=0.02 D=0.02 | duty[%]: A=100.0 B=50.5 C=50.6 D=50.7 | spread=0.020
  12.70s  t=12530 phase=1 freq=6.2 | I[A]: A=0.01 B=0.00 C=0.04 D=0.03 | duty[%]: A=100.0 B=50.6 C=50.8 D=50.8 | spread=0.038
  13.20s  t=13030 phase=1 freq=6.8 | I[A]: A=0.11 B=0.04 C=0.00 D=0.00 | duty[%]: A=100.0 B=50.7 C=50.8 D=50.9 | spread=0.108
  13.70s  t=13530 phase=1 freq=7.5 | I[A]: A=0.06 B=0.06 C=0.00 D=0.00 | duty[%]: A=100.0 B=50.8 C=51.2 D=51.2 | spread=0.062
  14.20s  t=14030 phase=1 freq=8.2 | I[A]: A=0.13 B=0.03 C=0.01 D=0.00 | duty[%]: A=100.0 B=50.8 C=51.1 D=51.1 | spread=0.130
  14.70s  t=14530 phase=1 freq=8.9 | I[A]: A=0.02 B=0.01 C=0.04 D=0.03 | duty[%]: A=100.0 B=51.0 C=51.3 D=51.4 | spread=0.030
  15.20s  t=15030 phase=1 freq=9.6 | I[A]: A=0.02 B=0.01 C=0.02 D=0.03 | duty[%]: A=100.0 B=51.1 C=51.4 D=51.5 | spread=0.020
  15.70s  t=15530 phase=1 freq=10.3 | I[A]: A=0.02 B=0.01 C=0.03 D=0.02 | duty[%]: A=100.0 B=51.3 C=51.6 D=51.7 | spread=0.016
  16.20s  t=16030 phase=1 freq=11.1 | I[A]: A=0.05 B=0.01 C=0.00 D=0.00 | duty[%]: A=100.0 B=51.5 C=51.9 D=52.0 | spread=0.049
  16.70s  t=16530 phase=1 freq=12.0 | I[A]: A=0.02 B=0.01 C=0.01 D=0.01 | duty[%]: A=100.0 B=51.6 C=52.0 D=52.1 | spread=0.009
  17.20s  t=17030 phase=1 freq=12.8 | I[A]: A=0.07 B=0.02 C=0.00 D=0.03 | duty[%]: A=99.8 B=51.8 C=52.3 D=100.0 | spread=0.065
  17.70s  t=17530 phase=1 freq=13.7 | I[A]: A=0.05 B=0.02 C=0.02 D=0.11 | duty[%]: A=99.7 B=51.9 C=52.4 D=100.0 | spread=0.096
  18.20s  t=18030 phase=1 freq=14.6 | I[A]: A=0.04 B=0.02 C=0.03 D=0.09 | duty[%]: A=99.8 B=52.2 C=52.7 D=100.0 | spread=0.076
  18.70s  t=18530 phase=1 freq=15.5 | I[A]: A=0.04 B=0.01 C=0.15 D=0.10 | duty[%]: A=99.9 B=52.6 C=53.1 D=100.0 | spread=0.134
  19.21s  t=19030 phase=1 freq=16.4 | I[A]: A=0.05 B=0.01 C=0.03 D=0.11 | duty[%]: A=99.6 B=52.5 C=53.1 D=100.0 | spread=0.100
  19.70s  t=19530 phase=1 freq=17.4 | I[A]: A=0.06 B=0.03 C=0.03 D=0.12 | duty[%]: A=99.5 B=52.7 C=53.3 D=100.0 | spread=0.091
  20.20s  t=20030 phase=1 freq=18.5 | I[A]: A=0.07 B=0.03 C=0.04 D=0.13 | duty[%]: A=99.4 B=52.9 C=53.6 D=100.0 | spread=0.102
  20.70s  t=20530 phase=1 freq=19.4 | I[A]: A=0.09 B=0.02 C=0.04 D=0.14 | duty[%]: A=99.3 B=53.2 C=53.9 D=100.0 | spread=0.115
  21.20s  t=21030 phase=1 freq=20.5 | I[A]: A=0.09 B=0.02 C=0.04 D=0.13 | duty[%]: A=99.3 B=53.5 C=54.2 D=100.0 | spread=0.110
  21.70s  t=21530 phase=1 freq=21.6 | I[A]: A=0.09 B=0.02 C=0.05 D=0.16 | duty[%]: A=99.3 B=53.8 C=54.6 D=100.0 | spread=0.134
  22.20s  t=22030 phase=1 freq=22.7 | I[A]: A=0.07 B=0.03 C=0.03 D=0.13 | duty[%]: A=99.4 B=54.0 C=54.9 D=100.0 | spread=0.105
  22.71s  t=22530 phase=1 freq=23.8 | I[A]: A=0.05 B=0.02 C=0.02 D=0.11 | duty[%]: A=99.6 B=54.6 C=55.5 D=100.0 | spread=0.086
  23.20s  t=23030 phase=1 freq=25.0 | I[A]: A=0.14 B=0.06 C=0.02 D=0.07 | duty[%]: A=99.2 B=54.6 C=55.8 D=100.0 | spread=0.116
  23.70s  t=23530 phase=1 freq=26.2 | I[A]: A=0.07 B=0.02 C=0.03 D=0.12 | duty[%]: A=99.5 B=55.3 C=56.3 D=100.0 | spread=0.092
  24.21s  t=24030 phase=1 freq=27.4 | I[A]: A=0.11 B=0.05 C=0.06 D=0.16 | duty[%]: A=99.2 B=55.4 C=56.5 D=100.0 | spread=0.108
  24.70s  t=24530 phase=1 freq=28.5 | I[A]: A=0.12 B=0.04 C=0.05 D=0.17 | duty[%]: A=99.1 B=55.8 C=57.0 D=100.0 | spread=0.124
  25.20s  t=25030 phase=1 freq=29.8 | I[A]: A=0.12 B=0.03 C=0.05 D=0.13 | duty[%]: A=98.9 B=56.1 C=57.4 D=100.0 | spread=0.094
  25.71s  t=25530 phase=1 freq=31.1 | I[A]: A=0.20 B=0.10 C=0.03 D=0.09 | duty[%]: A=99.0 B=56.5 C=57.9 D=100.0 | spread=0.163
  26.20s  t=26030 phase=1 freq=32.3 | I[A]: A=0.11 B=0.05 C=0.05 D=0.14 | duty[%]: A=98.6 B=56.6 C=58.2 D=100.0 | spread=0.091
  26.70s  t=26530 phase=1 freq=33.6 | I[A]: A=0.13 B=0.06 C=0.04 D=0.14 | duty[%]: A=98.3 B=56.9 C=58.7 D=100.0 | spread=0.101
  27.21s  t=27030 phase=1 freq=35.0 | I[A]: A=0.22 B=0.09 C=0.05 D=0.10 | duty[%]: A=98.3 B=57.4 C=59.1 D=100.0 | spread=0.170
  27.70s  t=27530 phase=1 freq=36.2 | I[A]: A=0.14 B=0.05 C=0.05 D=0.17 | duty[%]: A=97.8 B=57.6 C=59.5 D=100.0 | spread=0.123
  28.21s  t=28030 phase=1 freq=37.6 | I[A]: A=0.15 B=0.07 C=0.09 D=0.18 | duty[%]: A=97.6 B=57.8 C=59.9 D=100.0 | spread=0.113
  28.70s  t=28530 phase=1 freq=39.0 | I[A]: A=0.13 B=0.06 C=0.07 D=0.15 | duty[%]: A=97.6 B=58.2 C=60.4 D=100.0 | spread=0.093
  29.20s  t=29030 phase=1 freq=40.4 | I[A]: A=0.16 B=0.07 C=0.07 D=0.20 | duty[%]: A=97.4 B=58.7 C=60.9 D=100.0 | spread=0.139
  29.71s  t=29530 phase=1 freq=41.8 | I[A]: A=0.15 B=0.08 C=0.08 D=0.20 | duty[%]: A=97.4 B=59.1 C=61.5 D=100.0 | spread=0.123
  30.20s  t=30030 phase=1 freq=43.2 | I[A]: A=0.23 B=0.17 C=0.04 D=0.17 | duty[%]: A=97.8 B=59.7 C=62.4 D=100.0 | spread=0.191
  30.71s  t=30530 phase=1 freq=44.6 | I[A]: A=0.25 B=0.12 C=0.05 D=0.20 | duty[%]: A=97.9 B=60.5 C=63.2 D=100.0 | spread=0.197
  31.20s  t=31030 phase=1 freq=46.1 | I[A]: A=0.19 B=0.10 C=0.08 D=0.31 | duty[%]: A=98.0 B=61.0 C=63.9 D=100.0 | spread=0.226
  31.70s  t=31530 phase=1 freq=47.5 | I[A]: A=0.20 B=0.11 C=0.06 D=0.20 | duty[%]: A=98.3 B=61.8 C=64.8 D=100.0 | spread=0.142
  32.21s  t=32030 phase=1 freq=49.1 | I[A]: A=0.19 B=0.08 C=0.09 D=0.32 | duty[%]: A=98.3 B=62.4 C=65.7 D=100.0 | spread=0.244
  32.71s  t=32530 phase=1 freq=50.6 | I[A]: A=0.21 B=0.11 C=0.10 D=0.37 | duty[%]: A=99.3 B=63.7 C=66.9 D=100.0 | spread=0.272
  33.21s  t=33030 phase=1 freq=52.1 | I[A]: A=0.19 B=0.09 C=0.12 D=0.34 | duty[%]: A=99.4 B=64.5 C=67.9 D=100.0 | spread=0.246
  33.71s  t=33530 phase=1 freq=53.6 | I[A]: A=0.21 B=0.10 C=0.10 D=0.37 | duty[%]: A=100.0 B=65.6 C=69.1 D=100.0 | spread=0.267
  34.21s  t=34030 phase=1 freq=55.1 | I[A]: A=0.23 B=0.16 C=0.09 D=0.31 | duty[%]: A=99.9 B=66.4 C=70.2 D=100.0 | spread=0.222
  34.71s  t=34530 phase=1 freq=56.7 | I[A]: A=0.17 B=0.09 C=0.10 D=0.34 | duty[%]: A=99.9 B=67.4 C=71.4 D=100.0 | spread=0.243
  35.21s  t=35030 phase=1 freq=58.2 | I[A]: A=0.26 B=0.16 C=0.09 D=0.26 | duty[%]: A=100.0 B=68.5 C=72.6 D=100.0 | spread=0.176
  35.71s  t=35530 phase=1 freq=59.9 | I[A]: A=0.24 B=0.13 C=0.19 D=0.35 | duty[%]: A=99.8 B=68.9 C=100.0 D=99.4 | spread=0.217
  36.21s  t=36030 phase=1 freq=61.5 | I[A]: A=0.29 B=0.21 C=0.18 D=0.30 | duty[%]: A=99.3 B=68.7 C=100.0 D=98.9 | spread=0.114
  36.71s  t=36530 phase=1 freq=63.0 | I[A]: A=0.25 B=0.33 C=0.15 D=0.25 | duty[%]: A=99.0 B=68.8 C=100.0 D=98.3 | spread=0.182
  37.21s  t=37030 phase=1 freq=64.6 | I[A]: A=0.27 B=0.18 C=0.16 D=0.26 | duty[%]: A=98.8 B=68.7 C=100.0 D=97.8 | spread=0.105
  37.71s  t=37530 phase=1 freq=66.3 | I[A]: A=0.24 B=0.17 C=0.20 D=0.33 | duty[%]: A=98.6 B=69.0 C=100.0 D=97.2 | spread=0.154
  38.21s  t=38030 phase=1 freq=67.9 | I[A]: A=0.23 B=0.16 C=0.22 D=0.28 | duty[%]: A=98.4 B=69.1 C=100.0 D=97.0 | spread=0.121
  38.71s  t=38530 phase=1 freq=69.5 | I[A]: A=0.27 B=0.21 C=0.15 D=0.24 | duty[%]: A=97.9 B=69.0 C=100.0 D=96.5 | spread=0.119
  39.21s  t=39030 phase=1 freq=71.2 | I[A]: A=0.19 B=0.18 C=0.20 D=0.21 | duty[%]: A=97.8 B=69.1 C=100.0 D=96.3 | spread=0.032
  39.71s  t=39530 phase=1 freq=72.8 | I[A]: A=0.23 B=0.19 C=0.21 D=0.24 | duty[%]: A=97.4 B=69.1 C=100.0 D=96.1 | spread=0.054
  40.21s  t=40030 phase=1 freq=74.6 | I[A]: A=0.26 B=0.21 C=0.19 D=0.27 | duty[%]: A=97.0 B=68.9 C=100.0 D=95.8 | spread=0.080
  40.71s  t=40530 phase=1 freq=76.2 | I[A]: A=0.23 B=0.17 C=0.23 D=0.23 | duty[%]: A=96.9 B=69.0 C=100.0 D=95.9 | spread=0.056
  41.21s  t=41030 phase=1 freq=77.8 | I[A]: A=0.23 B=0.18 C=0.23 D=0.26 | duty[%]: A=96.7 B=69.1 C=100.0 D=95.8 | spread=0.075
  41.71s  t=41530 phase=1 freq=79.6 | I[A]: A=0.26 B=0.20 C=0.26 D=0.28 | duty[%]: A=96.5 B=69.1 C=100.0 D=95.8 | spread=0.079
  42.21s  t=42030 phase=1 freq=81.3 | I[A]: A=0.28 B=0.21 C=0.20 D=0.21 | duty[%]: A=96.4 B=69.2 C=100.0 D=95.8 | spread=0.079
  42.71s  t=42530 phase=1 freq=83.0 | I[A]: A=0.38 B=0.33 C=0.25 D=0.25 | duty[%]: A=96.1 B=69.3 C=100.0 D=95.9 | spread=0.130
  43.21s  t=43030 phase=1 freq=84.6 | I[A]: A=0.26 B=0.21 C=0.29 D=0.28 | duty[%]: A=96.3 B=69.7 C=100.0 D=96.1 | spread=0.081
  43.71s  t=43530 phase=1 freq=86.4 | I[A]: A=0.29 B=0.28 C=0.32 D=0.30 | duty[%]: A=96.0 B=69.9 C=100.0 D=96.3 | spread=0.042
  44.21s  t=44030 phase=1 freq=88.1 | I[A]: A=0.29 B=0.23 C=0.33 D=0.29 | duty[%]: A=96.1 B=70.3 C=100.0 D=96.5 | spread=0.100
  44.71s  t=44530 phase=1 freq=89.9 | I[A]: A=0.31 B=0.24 C=0.37 D=0.31 | duty[%]: A=96.2 B=70.7 C=100.0 D=96.8 | spread=0.128
  45.21s  t=45030 phase=1 freq=91.5 | I[A]: A=0.38 B=0.29 C=0.32 D=0.26 | duty[%]: A=96.1 B=71.0 C=100.0 D=97.0 | spread=0.120
  45.71s  t=45530 phase=1 freq=93.2 | I[A]: A=0.34 B=0.26 C=0.37 D=0.32 | duty[%]: A=96.4 B=71.6 C=100.0 D=97.4 | spread=0.114
  46.21s  t=46030 phase=1 freq=95.1 | I[A]: A=0.38 B=0.30 C=0.35 D=0.34 | duty[%]: A=96.7 B=72.2 C=100.0 D=97.7 | spread=0.080
  46.71s  t=46530 phase=1 freq=96.7 | I[A]: A=0.37 B=0.41 C=0.43 D=0.32 | duty[%]: A=96.7 B=100.0 C=99.9 D=98.1 | spread=0.112
  47.21s  t=47030 phase=1 freq=98.5 | I[A]: A=0.42 B=0.47 C=0.52 D=0.39 | duty[%]: A=96.4 B=99.4 C=99.4 D=100.0 | spread=0.133
  47.71s  t=47530 phase=1 freq=100.3 | I[A]: A=0.40 B=0.47 C=0.52 D=0.38 | duty[%]: A=96.4 B=99.0 C=98.8 D=100.0 | spread=0.135
  48.21s  t=48030 phase=1 freq=102.0 | I[A]: A=0.46 B=0.52 C=0.54 D=0.40 | duty[%]: A=96.5 B=98.8 C=98.2 D=100.0 | spread=0.137
  48.71s  t=48530 phase=1 freq=103.7 | I[A]: A=0.42 B=0.48 C=0.55 D=0.44 | duty[%]: A=96.2 B=98.0 C=97.5 D=100.0 | spread=0.127
  49.21s  t=49030 phase=1 freq=105.5 | I[A]: A=0.50 B=0.63 C=0.61 D=0.47 | duty[%]: A=96.2 B=97.7 C=96.8 D=100.0 | spread=0.160
  49.71s  t=49530 phase=1 freq=107.3 | I[A]: A=0.50 B=0.59 C=0.65 D=0.47 | duty[%]: A=95.6 B=96.7 C=96.2 D=100.0 | spread=0.185
  50.21s  t=50030 phase=1 freq=109.0 | I[A]: A=0.60 B=0.57 C=0.64 D=0.50 | duty[%]: A=95.1 B=96.3 C=95.5 D=100.0 | spread=0.140
  50.71s  t=50530 phase=1 freq=110.7 | I[A]: A=0.56 B=0.62 C=0.77 D=0.58 | duty[%]: A=95.2 B=95.7 C=94.7 D=100.0 | spread=0.210
  51.21s  t=51030 phase=1 freq=112.5 | I[A]: A=0.66 B=0.75 C=0.71 D=0.53 | duty[%]: A=95.1 B=95.4 C=93.7 D=100.0 | spread=0.218
  51.71s  t=51530 phase=1 freq=114.1 | I[A]: A=0.73 B=0.72 C=0.77 D=0.57 | duty[%]: A=94.8 B=94.9 C=92.8 D=100.0 | spread=0.208
  52.21s  t=52030 phase=1 freq=115.8 | I[A]: A=0.65 B=0.79 C=0.77 D=0.55 | duty[%]: A=94.6 B=94.1 C=91.8 D=100.0 | spread=0.242
  52.71s  t=52530 phase=1 freq=117.6 | I[A]: A=0.72 B=0.80 C=0.79 D=0.58 | duty[%]: A=94.1 B=93.5 C=90.7 D=100.0 | spread=0.223
  53.21s  t=53030 phase=1 freq=119.3 | I[A]: A=0.65 B=0.74 C=0.97 D=0.70 | duty[%]: A=94.1 B=92.7 C=89.6 D=100.0 | spread=0.313
  53.71s  t=53530 phase=1 freq=121.1 | I[A]: A=0.68 B=0.75 C=0.99 D=0.68 | duty[%]: A=93.2 B=91.8 C=88.1 D=100.0 | spread=0.303
  54.21s  t=54030 phase=1 freq=122.9 | I[A]: A=0.71 B=0.82 C=0.98 D=0.71 | duty[%]: A=92.9 B=90.9 C=86.9 D=100.0 | spread=0.268
  54.71s  t=54530 phase=1 freq=124.5 | I[A]: A=0.80 B=0.83 C=1.00 D=0.72 | duty[%]: A=92.9 B=90.9 C=85.4 D=100.0 | spread=0.286
  55.21s  t=55030 phase=1 freq=126.3 | I[A]: A=0.75 B=0.84 C=1.10 D=0.72 | duty[%]: A=92.1 B=89.7 C=84.0 D=100.0 | spread=0.379
  55.71s  t=55530 phase=1 freq=128.0 | I[A]: A=0.85 B=0.92 C=1.05 D=0.73 | duty[%]: A=91.6 B=88.9 C=82.4 D=100.0 | spread=0.319
  56.21s  t=56030 phase=1 freq=129.7 | I[A]: A=0.87 B=0.92 C=1.11 D=0.80 | duty[%]: A=91.2 B=88.3 C=80.9 D=100.0 | spread=0.310
  56.71s  t=56530 phase=1 freq=131.4 | I[A]: A=0.92 B=0.96 C=1.06 D=0.73 | duty[%]: A=91.0 B=87.7 C=79.2 D=100.0 | spread=0.327
  57.21s  t=57030 phase=1 freq=133.1 | I[A]: A=0.92 B=0.95 C=1.15 D=0.80 | duty[%]: A=90.4 B=87.1 C=77.5 D=100.0 | spread=0.344
  57.71s  t=57530 phase=1 freq=134.8 | I[A]: A=0.93 B=1.01 C=1.10 D=0.79 | duty[%]: A=89.9 B=86.1 C=75.9 D=100.0 | spread=0.311
  58.21s  t=58030 phase=1 freq=136.4 | I[A]: A=0.86 B=0.94 C=1.15 D=0.83 | duty[%]: A=89.3 B=85.2 C=74.2 D=100.0 | spread=0.326
  58.71s  t=58530 phase=1 freq=138.1 | I[A]: A=0.99 B=1.05 C=1.09 D=0.78 | duty[%]: A=88.7 B=84.4 C=72.6 D=100.0 | spread=0.309
  59.21s  t=59030 phase=1 freq=139.7 | I[A]: A=0.89 B=0.90 C=1.23 D=0.85 | duty[%]: A=88.3 B=83.9 C=70.8 D=100.0 | spread=0.379
  59.71s  t=59530 phase=1 freq=141.4 | I[A]: A=0.96 B=1.00 C=1.22 D=0.89 | duty[%]: A=87.5 B=83.0 C=69.2 D=100.0 | spread=0.326
  60.21s  t=60030 phase=1 freq=143.1 | I[A]: A=0.95 B=0.88 C=1.18 D=0.84 | duty[%]: A=87.0 B=82.5 C=67.5 D=100.0 | spread=0.339
  60.71s  t=60530 phase=1 freq=144.7 | I[A]: A=0.95 B=0.98 C=1.26 D=0.90 | duty[%]: A=86.1 B=81.5 C=65.8 D=100.0 | spread=0.354
  61.21s  t=61030 phase=1 freq=146.3 | I[A]: A=0.97 B=1.00 C=1.17 D=0.94 | duty[%]: A=85.4 B=80.8 C=64.5 D=100.0 | spread=0.224
  61.71s  t=61530 phase=1 freq=147.9 | I[A]: A=1.01 B=1.01 C=1.09 D=0.82 | duty[%]: A=84.6 B=79.9 C=63.1 D=100.0 | spread=0.270
  62.21s  t=62030 phase=1 freq=149.5 | I[A]: A=0.98 B=1.02 C=1.24 D=0.87 | duty[%]: A=84.2 B=79.2 C=61.5 D=100.0 | spread=0.366
  62.71s  t=62530 phase=1 freq=151.1 | I[A]: A=1.03 B=0.98 C=1.06 D=0.82 | duty[%]: A=83.5 B=78.8 C=60.3 D=100.0 | spread=0.240
  63.21s  t=63030 phase=1 freq=152.7 | I[A]: A=0.98 B=0.98 C=1.10 D=0.84 | duty[%]: A=82.7 B=78.1 C=59.0 D=100.0 | spread=0.260
  63.71s  t=63530 phase=1 freq=154.3 | I[A]: A=1.23 B=0.96 C=1.07 D=0.84 | duty[%]: A=81.8 B=77.2 C=58.0 D=100.0 | spread=0.389
  64.21s  t=64030 phase=1 freq=155.8 | I[A]: A=0.99 B=0.99 C=1.07 D=0.84 | duty[%]: A=81.0 B=76.5 C=56.9 D=100.0 | spread=0.229
  64.71s  t=64530 phase=1 freq=157.4 | I[A]: A=0.93 B=0.94 C=1.06 D=0.89 | duty[%]: A=80.9 B=76.4 C=56.0 D=100.0 | spread=0.171
  65.21s  t=65030 phase=1 freq=158.9 | I[A]: A=0.99 B=0.93 C=1.05 D=0.82 | duty[%]: A=79.9 B=75.7 C=54.9 D=100.0 | spread=0.231
  65.71s  t=65530 phase=1 freq=160.3 | I[A]: A=0.94 B=0.94 C=0.99 D=0.85 | duty[%]: A=79.4 B=74.9 C=54.3 D=100.0 | spread=0.145
  66.21s  t=66030 phase=1 freq=161.8 | I[A]: A=0.96 B=0.89 C=0.96 D=0.84 | duty[%]: A=78.6 B=74.5 C=53.6 D=100.0 | spread=0.122
  66.71s  t=66530 phase=1 freq=163.4 | I[A]: A=0.95 B=0.94 C=0.93 D=0.85 | duty[%]: A=78.3 B=74.1 C=53.0 D=100.0 | spread=0.107
  67.21s  t=67030 phase=1 freq=164.9 | I[A]: A=0.95 B=0.88 C=0.90 D=0.85 | duty[%]: A=77.8 B=73.6 C=52.4 D=100.0 | spread=0.092
  67.71s  t=67530 phase=1 freq=166.3 | I[A]: A=0.90 B=0.91 C=0.92 D=0.77 | duty[%]: A=77.5 B=73.3 C=51.9 D=100.0 | spread=0.147
  68.21s  t=68030 phase=1 freq=167.7 | I[A]: A=0.85 B=0.80 C=0.95 D=0.82 | duty[%]: A=77.1 B=73.0 C=51.5 D=100.0 | spread=0.150
  68.71s  t=68530 phase=1 freq=169.1 | I[A]: A=0.92 B=0.89 C=0.84 D=0.79 | duty[%]: A=76.7 B=72.5 C=50.9 D=100.0 | spread=0.132
  69.21s  t=69030 phase=1 freq=170.5 | I[A]: A=0.91 B=0.87 C=0.83 D=0.75 | duty[%]: A=76.3 B=72.2 C=50.5 D=100.0 | spread=0.159
  69.71s  t=69530 phase=1 freq=171.9 | I[A]: A=0.91 B=0.89 C=0.81 D=0.79 | duty[%]: A=75.9 B=71.7 C=50.2 D=100.0 | spread=0.124
  70.21s  t=70030 phase=1 freq=173.3 | I[A]: A=0.83 B=0.83 C=0.82 D=0.74 | duty[%]: A=75.4 B=71.6 C=50.0 D=100.0 | spread=0.088
  70.71s  t=70530 phase=1 freq=174.6 | I[A]: A=0.83 B=0.81 C=0.79 D=0.80 | duty[%]: A=75.1 B=71.3 C=49.9 D=100.0 | spread=0.035
  71.21s  t=71030 phase=1 freq=176.0 | I[A]: A=0.83 B=0.90 C=0.77 D=0.73 | duty[%]: A=74.8 B=70.9 C=49.6 D=100.0 | spread=0.174
  71.71s  t=71530 phase=1 freq=177.4 | I[A]: A=0.78 B=0.78 C=0.79 D=0.70 | duty[%]: A=74.7 B=70.8 C=49.5 D=100.0 | spread=0.083
  72.21s  t=72030 phase=1 freq=178.7 | I[A]: A=0.81 B=0.75 C=0.75 D=0.71 | duty[%]: A=74.2 B=70.7 C=49.5 D=100.0 | spread=0.106
  72.71s  t=72530 phase=1 freq=179.9 | I[A]: A=0.75 B=0.80 C=0.72 D=0.76 | duty[%]: A=74.2 B=70.5 C=49.3 D=100.0 | spread=0.075
  73.21s  t=73030 phase=1 freq=181.2 | I[A]: A=0.73 B=0.73 C=0.76 D=0.73 | duty[%]: A=73.7 B=70.2 C=49.3 D=100.0 | spread=0.028
  73.71s  t=73530 phase=1 freq=182.4 | I[A]: A=0.74 B=0.68 C=0.78 D=0.73 | duty[%]: A=73.6 B=70.0 C=49.1 D=100.0 | spread=0.109
  74.21s  t=74030 phase=1 freq=183.7 | I[A]: A=0.73 B=0.72 C=0.78 D=0.72 | duty[%]: A=73.3 B=69.7 C=49.0 D=100.0 | spread=0.063
  74.71s  t=74530 phase=1 freq=184.8 | I[A]: A=0.71 B=0.71 C=0.66 D=0.73 | duty[%]: A=73.3 B=69.9 C=49.2 D=100.0 | spread=0.073
  75.21s  t=75030 phase=1 freq=185.9 | I[A]: A=0.73 B=0.73 C=0.68 D=0.67 | duty[%]: A=73.1 B=69.7 C=49.2 D=100.0 | spread=0.059
  75.71s  t=75530 phase=1 freq=187.1 | I[A]: A=0.70 B=0.71 C=0.62 D=0.73 | duty[%]: A=73.0 B=69.6 C=49.4 D=100.0 | spread=0.110
  76.21s  t=76030 phase=1 freq=188.2 | I[A]: A=0.70 B=0.89 C=0.62 D=0.70 | duty[%]: A=73.1 B=69.7 C=49.4 D=100.0 | spread=0.272
  76.71s  t=76530 phase=1 freq=189.3 | I[A]: A=0.70 B=0.66 C=0.73 D=0.61 | duty[%]: A=72.7 B=69.5 C=49.0 D=100.0 | spread=0.128
  77.21s  t=77030 phase=1 freq=190.4 | I[A]: A=0.72 B=0.73 C=0.59 D=0.70 | duty[%]: A=72.6 B=69.3 C=49.6 D=100.0 | spread=0.142
  77.71s  t=77530 phase=1 freq=191.5 | I[A]: A=0.59 B=0.59 C=0.69 D=0.61 | duty[%]: A=72.6 B=69.2 C=49.3 D=100.0 | spread=0.099
  78.21s  t=78030 phase=1 freq=192.5 | I[A]: A=0.60 B=0.57 C=0.69 D=0.55 | duty[%]: A=72.2 B=69.2 C=49.0 D=100.0 | spread=0.143
  78.71s  t=78530 phase=1 freq=193.6 | I[A]: A=0.73 B=0.60 C=0.71 D=0.58 | duty[%]: A=72.2 B=69.3 C=49.5 D=100.0 | spread=0.149
  79.21s  t=79030 phase=1 freq=194.5 | I[A]: A=0.58 B=0.61 C=0.62 D=0.57 | duty[%]: A=72.3 B=69.1 C=49.6 D=100.0 | spread=0.047
  79.71s  t=79530 phase=1 freq=195.5 | I[A]: A=0.65 B=0.66 C=0.50 D=0.64 | duty[%]: A=72.3 B=69.2 C=50.2 D=100.0 | spread=0.164
  80.21s  t=80030 phase=1 freq=196.4 | I[A]: A=0.56 B=0.64 C=0.56 D=0.59 | duty[%]: A=72.3 B=69.1 C=49.9 D=100.0 | spread=0.075
  80.71s  t=80530 phase=1 freq=197.3 | I[A]: A=0.61 B=0.62 C=0.61 D=0.65 | duty[%]: A=72.1 B=69.1 C=50.0 D=100.0 | spread=0.043
  81.21s  t=81030 phase=1 freq=198.1 | I[A]: A=0.68 B=0.67 C=0.52 D=0.61 | duty[%]: A=72.0 B=69.1 C=50.4 D=100.0 | spread=0.164
  81.71s  t=81530 phase=1 freq=199.0 | I[A]: A=0.66 B=0.61 C=0.53 D=0.58 | duty[%]: A=72.0 B=69.2 C=50.6 D=100.0 | spread=0.125
  82.21s  t=82030 phase=1 freq=199.9 | I[A]: A=0.59 B=0.57 C=0.56 D=0.60 | duty[%]: A=71.8 B=69.1 C=50.3 D=100.0 | spread=0.039
  82.71s  t=82530 phase=1 freq=200.6 | I[A]: A=0.56 B=0.56 C=0.53 D=0.53 | duty[%]: A=71.8 B=69.1 C=50.6 D=100.0 | spread=0.039
  83.21s  t=83030 phase=1 freq=201.4 | I[A]: A=0.56 B=0.54 C=0.58 D=0.58 | duty[%]: A=72.1 B=69.3 C=50.9 D=100.0 | spread=0.037
  83.71s  t=83530 phase=1 freq=202.1 | I[A]: A=0.54 B=0.53 C=0.57 D=0.59 | duty[%]: A=72.1 B=69.3 C=50.9 D=100.0 | spread=0.062
  84.21s  t=84030 phase=1 freq=202.8 | I[A]: A=0.60 B=0.59 C=0.54 D=0.54 | duty[%]: A=71.9 B=69.2 C=51.0 D=100.0 | spread=0.064
  84.71s  t=84530 phase=1 freq=203.5 | I[A]: A=0.57 B=0.69 C=0.50 D=0.56 | duty[%]: A=71.8 B=69.1 C=51.1 D=100.0 | spread=0.190
  85.21s  t=85030 phase=1 freq=204.1 | I[A]: A=0.54 B=0.55 C=0.55 D=0.54 | duty[%]: A=72.0 B=69.0 C=51.3 D=100.0 | spread=0.012
  85.71s  t=85530 phase=1 freq=204.8 | I[A]: A=0.58 B=0.56 C=0.48 D=0.57 | duty[%]: A=71.8 B=69.1 C=51.3 D=100.0 | spread=0.098
  86.21s  t=86030 phase=1 freq=205.3 | I[A]: A=0.57 B=0.54 C=0.48 D=0.57 | duty[%]: A=71.8 B=69.1 C=51.5 D=100.0 | spread=0.095
  86.71s  t=86530 phase=1 freq=205.9 | I[A]: A=0.54 B=0.55 C=0.55 D=0.53 | duty[%]: A=71.8 B=69.0 C=51.6 D=100.0 | spread=0.019
  87.21s  t=87030 phase=1 freq=206.4 | I[A]: A=0.56 B=0.55 C=0.51 D=0.54 | duty[%]: A=71.7 B=69.1 C=51.8 D=100.0 | spread=0.053
  87.71s  t=87530 phase=1 freq=206.9 | I[A]: A=0.52 B=0.50 C=0.50 D=0.52 | duty[%]: A=71.6 B=69.1 C=51.9 D=100.0 | spread=0.027
  88.21s  t=88030 phase=1 freq=207.3 | I[A]: A=0.52 B=0.54 C=0.47 D=0.51 | duty[%]: A=71.6 B=69.1 C=51.9 D=100.0 | spread=0.061
  88.71s  t=88530 phase=1 freq=207.8 | I[A]: A=0.51 B=0.51 C=0.50 D=0.53 | duty[%]: A=71.8 B=69.1 C=52.1 D=100.0 | spread=0.033
  89.21s  t=89030 phase=1 freq=208.2 | I[A]: A=0.52 B=0.51 C=0.56 D=0.52 | duty[%]: A=71.8 B=69.1 C=52.0 D=100.0 | spread=0.048
  89.71s  t=89530 phase=1 freq=208.5 | I[A]: A=0.49 B=0.48 C=0.53 D=0.49 | duty[%]: A=71.7 B=69.3 C=52.2 D=100.0 | spread=0.045
  90.21s  t=90030 phase=1 freq=208.8 | I[A]: A=0.53 B=0.53 C=0.47 D=0.52 | duty[%]: A=71.6 B=69.2 C=52.2 D=100.0 | spread=0.060
  90.71s  t=90530 phase=1 freq=209.1 | I[A]: A=0.53 B=0.54 C=0.46 D=0.51 | duty[%]: A=71.5 B=69.1 C=52.1 D=100.0 | spread=0.078
  91.21s  t=91030 phase=1 freq=209.3 | I[A]: A=0.53 B=0.50 C=0.54 D=0.49 | duty[%]: A=71.5 B=69.3 C=52.1 D=100.0 | spread=0.051
  91.71s  t=91530 phase=2 freq=209.6 | I[A]: A=0.52 B=0.53 C=0.46 D=0.47 | duty[%]: A=71.4 B=69.2 C=52.5 D=100.0 | spread=0.071
  92.21s  t=92030 phase=2 freq=209.7 | I[A]: A=0.48 B=0.46 C=0.52 D=0.56 | duty[%]: A=71.6 B=69.4 C=52.7 D=100.0 | spread=0.108
  92.71s  t=92530 phase=2 freq=209.9 | I[A]: A=0.49 B=0.46 C=0.54 D=0.53 | duty[%]: A=71.5 B=69.5 C=52.6 D=100.0 | spread=0.087
  93.21s  t=93030 phase=2 freq=210.0 | I[A]: A=0.51 B=0.48 C=0.44 D=0.50 | duty[%]: A=71.5 B=69.5 C=53.0 D=100.0 | spread=0.069
  93.71s  t=93530 phase=2 freq=210.0 | I[A]: A=0.47 B=0.50 C=0.49 D=0.52 | duty[%]: A=71.7 B=69.6 C=53.3 D=100.0 | spread=0.046
  94.21s  t=94030 phase=2 freq=210.0 | I[A]: A=0.50 B=0.51 C=0.46 D=0.52 | duty[%]: A=71.6 B=69.6 C=53.2 D=100.0 | spread=0.059
  94.71s  t=94530 phase=2 freq=210.0 | I[A]: A=0.50 B=0.50 C=0.48 D=0.53 | duty[%]: A=71.4 B=69.5 C=53.5 D=100.0 | spread=0.043
  95.21s  t=95030 phase=2 freq=210.0 | I[A]: A=0.53 B=0.53 C=0.56 D=0.51 | duty[%]: A=71.5 B=69.5 C=53.4 D=100.0 | spread=0.048
  95.71s  t=95530 phase=2 freq=210.0 | I[A]: A=0.51 B=0.48 C=0.45 D=0.52 | duty[%]: A=71.4 B=69.6 C=53.5 D=100.0 | spread=0.070
  96.21s  t=96030 phase=2 freq=210.0 | I[A]: A=0.49 B=0.46 C=0.49 D=0.50 | duty[%]: A=71.3 B=69.5 C=53.5 D=100.0 | spread=0.038
  96.71s  t=96530 phase=2 freq=210.0 | I[A]: A=0.51 B=0.46 C=0.63 D=0.55 | duty[%]: A=71.4 B=69.6 C=53.4 D=100.0 | spread=0.171
  97.21s  t=97030 phase=2 freq=210.0 | I[A]: A=0.50 B=0.51 C=0.51 D=0.49 | duty[%]: A=71.5 B=69.5 C=53.6 D=100.0 | spread=0.019
  97.71s  t=97530 phase=2 freq=210.0 | I[A]: A=0.49 B=0.49 C=0.52 D=0.49 | duty[%]: A=71.3 B=69.4 C=53.6 D=100.0 | spread=0.026
  98.21s  t=98030 phase=2 freq=210.0 | I[A]: A=0.48 B=0.47 C=0.55 D=0.49 | duty[%]: A=71.5 B=69.6 C=53.7 D=100.0 | spread=0.080
  98.71s  t=98530 phase=2 freq=210.0 | I[A]: A=0.54 B=0.50 C=0.50 D=0.50 | duty[%]: A=71.3 B=69.6 C=53.8 D=100.0 | spread=0.040
  99.21s  t=99030 phase=2 freq=210.0 | I[A]: A=0.49 B=0.49 C=0.41 D=0.50 | duty[%]: A=71.4 B=69.6 C=53.8 D=100.0 | spread=0.083
  99.71s  t=99530 phase=2 freq=210.0 | I[A]: A=0.47 B=0.50 C=0.50 D=0.50 | duty[%]: A=71.5 B=69.6 C=53.8 D=100.0 | spread=0.034
 100.21s  t=100030 phase=2 freq=210.0 | I[A]: A=0.49 B=0.52 C=0.50 D=0.48 | duty[%]: A=71.4 B=69.6 C=53.9 D=100.0 | spread=0.043
 100.71s  t=100530 phase=2 freq=210.0 | I[A]: A=0.49 B=0.46 C=0.48 D=0.52 | duty[%]: A=71.5 B=69.8 C=54.0 D=100.0 | spread=0.064
 101.21s  t=101030 phase=2 freq=210.0 | I[A]: A=0.49 B=0.51 C=0.49 D=0.49 | duty[%]: A=71.3 B=69.6 C=53.8 D=100.0 | spread=0.027
 101.71s  t=101530 phase=2 freq=210.0 | I[A]: A=0.61 B=0.52 C=0.48 D=0.50 | duty[%]: A=71.2 B=69.6 C=54.0 D=100.0 | spread=0.126
 102.21s  t=102030 phase=2 freq=210.0 | I[A]: A=0.50 B=0.51 C=0.48 D=0.50 | duty[%]: A=71.4 B=69.6 C=53.8 D=100.0 | spread=0.032
 102.71s  t=102530 phase=2 freq=210.0 | I[A]: A=0.53 B=0.54 C=0.46 D=0.51 | duty[%]: A=71.3 B=69.6 C=53.8 D=100.0 | spread=0.085
 103.21s  t=103030 phase=2 freq=210.0 | I[A]: A=0.54 B=0.55 C=0.49 D=0.49 | duty[%]: A=71.2 B=69.5 C=54.0 D=100.0 | spread=0.062
 103.71s  t=103530 phase=2 freq=210.0 | I[A]: A=0.53 B=0.52 C=0.45 D=0.52 | duty[%]: A=71.3 B=69.6 C=53.9 D=100.0 | spread=0.073
 104.21s  t=104030 phase=2 freq=210.0 | I[A]: A=0.52 B=0.54 C=0.48 D=0.50 | duty[%]: A=71.2 B=69.6 C=53.9 D=100.0 | spread=0.061
 104.71s  t=104530 phase=2 freq=210.0 | I[A]: A=0.52 B=0.53 C=0.50 D=0.47 | duty[%]: A=71.4 B=69.6 C=53.9 D=100.0 | spread=0.060
 105.21s  t=105030 phase=2 freq=210.0 | I[A]: A=0.53 B=0.51 C=0.47 D=0.54 | duty[%]: A=71.4 B=69.8 C=54.0 D=100.0 | spread=0.065
 105.71s  t=105530 phase=2 freq=210.0 | I[A]: A=0.53 B=0.50 C=0.47 D=0.51 | duty[%]: A=71.4 B=69.7 C=54.0 D=100.0 | spread=0.065
 106.21s  t=106030 phase=2 freq=210.0 | I[A]: A=0.54 B=0.53 C=0.51 D=0.52 | duty[%]: A=71.3 B=69.7 C=53.8 D=100.0 | spread=0.028
 106.71s  t=106530 phase=2 freq=210.0 | I[A]: A=0.55 B=0.50 C=0.54 D=0.52 | duty[%]: A=71.3 B=69.8 C=54.0 D=100.0 | spread=0.054
 107.21s  t=107030 phase=2 freq=210.0 | I[A]: A=0.52 B=0.56 C=0.48 D=0.50 | duty[%]: A=71.4 B=69.7 C=54.1 D=100.0 | spread=0.084
 107.71s  t=107530 phase=2 freq=210.0 | I[A]: A=0.50 B=0.51 C=0.54 D=0.52 | duty[%]: A=71.4 B=69.7 C=54.0 D=100.0 | spread=0.035
 108.21s  t=108030 phase=2 freq=210.0 | I[A]: A=0.51 B=0.50 C=0.51 D=0.53 | duty[%]: A=71.4 B=69.7 C=54.3 D=100.0 | spread=0.032
 108.71s  t=108530 phase=2 freq=210.0 | I[A]: A=0.44 B=0.54 C=0.48 D=0.52 | duty[%]: A=71.6 B=69.6 C=54.3 D=100.0 | spread=0.096
 109.21s  t=109030 phase=2 freq=210.0 | I[A]: A=0.48 B=0.45 C=0.54 D=0.53 | duty[%]: A=71.5 B=69.9 C=54.1 D=100.0 | spread=0.095
 109.71s  t=109530 phase=2 freq=210.0 | I[A]: A=0.50 B=0.48 C=0.53 D=0.51 | duty[%]: A=71.5 B=69.7 C=54.2 D=100.0 | spread=0.043
 110.21s  t=110030 phase=2 freq=210.0 | I[A]: A=0.50 B=0.49 C=0.49 D=0.52 | duty[%]: A=71.4 B=69.7 C=54.2 D=100.0 | spread=0.029
 110.71s  t=110530 phase=2 freq=210.0 | I[A]: A=0.51 B=0.50 C=0.48 D=0.43 | duty[%]: A=71.4 B=69.5 C=54.2 D=100.0 | spread=0.081
 111.21s  t=111030 phase=2 freq=210.0 | I[A]: A=0.48 B=0.51 C=0.50 D=0.51 | duty[%]: A=71.6 B=69.6 C=54.2 D=100.0 | spread=0.032
 111.71s  t=111530 phase=2 freq=210.0 | I[A]: A=0.50 B=0.49 C=0.45 D=0.52 | duty[%]: A=71.6 B=69.7 C=54.1 D=100.0 | spread=0.067
 112.21s  t=112030 phase=2 freq=210.0 | I[A]: A=0.46 B=0.50 C=0.51 D=0.44 | duty[%]: A=71.4 B=69.5 C=53.9 D=100.0 | spread=0.069
 112.71s  t=112530 phase=2 freq=210.0 | I[A]: A=0.51 B=0.48 C=0.53 D=0.51 | duty[%]: A=71.5 B=69.7 C=54.3 D=100.0 | spread=0.050
 113.21s  t=113030 phase=2 freq=210.0 | I[A]: A=0.49 B=0.48 C=0.52 D=0.48 | duty[%]: A=71.5 B=69.7 C=54.2 D=100.0 | spread=0.034
 113.71s  t=113530 phase=2 freq=210.0 | I[A]: A=0.52 B=0.52 C=0.48 D=0.48 | duty[%]: A=71.5 B=69.6 C=54.2 D=100.0 | spread=0.040
 114.21s  t=114030 phase=2 freq=210.0 | I[A]: A=0.53 B=0.49 C=0.50 D=0.49 | duty[%]: A=71.4 B=69.6 C=54.1 D=100.0 | spread=0.039
 114.71s  t=114530 phase=2 freq=210.0 | I[A]: A=0.46 B=0.48 C=0.49 D=0.48 | duty[%]: A=71.5 B=69.6 C=54.0 D=100.0 | spread=0.028
 115.21s  t=115030 phase=2 freq=210.0 | I[A]: A=0.50 B=0.52 C=0.53 D=0.48 | duty[%]: A=71.6 B=69.6 C=54.2 D=100.0 | spread=0.052
 115.71s  t=115530 phase=2 freq=210.0 | I[A]: A=0.52 B=0.49 C=0.50 D=0.49 | duty[%]: A=71.5 B=69.7 C=54.0 D=100.0 | spread=0.027
 116.21s  t=116030 phase=2 freq=210.0 | I[A]: A=0.49 B=0.49 C=0.46 D=0.56 | duty[%]: A=71.5 B=69.8 C=54.4 D=100.0 | spread=0.094
 116.71s  t=116530 phase=2 freq=210.0 | I[A]: A=0.51 B=0.50 C=0.51 D=0.50 | duty[%]: A=71.7 B=69.7 C=54.2 D=100.0 | spread=0.015
 117.21s  t=117030 phase=2 freq=210.0 | I[A]: A=0.52 B=0.48 C=0.51 D=0.51 | duty[%]: A=71.6 B=69.7 C=54.1 D=100.0 | spread=0.045
 117.71s  t=117530 phase=2 freq=210.0 | I[A]: A=0.52 B=0.52 C=0.49 D=0.52 | duty[%]: A=71.4 B=69.6 C=54.2 D=100.0 | spread=0.035
 118.21s  t=118030 phase=2 freq=210.0 | I[A]: A=0.52 B=0.51 C=0.45 D=0.51 | duty[%]: A=71.5 B=69.6 C=54.3 D=100.0 | spread=0.072
 118.71s  t=118530 phase=2 freq=210.0 | I[A]: A=0.53 B=0.51 C=0.46 D=0.53 | duty[%]: A=71.5 B=69.7 C=54.2 D=100.0 | spread=0.071
 119.21s  t=119030 phase=2 freq=210.0 | I[A]: A=0.53 B=0.50 C=0.51 D=0.48 | duty[%]: A=71.4 B=69.6 C=54.0 D=100.0 | spread=0.054
 119.71s  t=119530 phase=2 freq=210.0 | I[A]: A=0.51 B=0.46 C=0.51 D=0.51 | duty[%]: A=71.6 B=69.7 C=54.2 D=100.0 | spread=0.058
 120.21s  t=120030 phase=2 freq=210.0 | I[A]: A=0.49 B=0.52 C=0.53 D=0.51 | duty[%]: A=71.4 B=69.5 C=54.0 D=100.0 | spread=0.037
 120.71s  t=120530 phase=2 freq=210.0 | I[A]: A=0.52 B=0.53 C=0.53 D=0.53 | duty[%]: A=71.4 B=69.5 C=54.3 D=100.0 | spread=0.009
 121.21s  t=121030 phase=2 freq=210.0 | I[A]: A=0.49 B=0.45 C=0.55 D=0.51 | duty[%]: A=71.4 B=69.7 C=54.1 D=100.0 | spread=0.098
 121.71s  t=121530 phase=3 freq=210.0 | I[A]: A=0.30 B=0.29 C=0.23 D=0.36 | duty[%]: A=71.4 B=69.7 C=54.2 D=100.0 | spread=0.124
 122.21s  t=122030 phase=3 freq=210.0 | I[A]: A=0.00 B=0.00 C=0.00 D=0.00 | duty[%]: A=71.4 B=69.7 C=54.2 D=100.0 | spread=0.001
 122.57s  coils off
 122.71s  t=122530 phase=4 freq=210.0 | I[A]: A=0.00 B=0.00 C=0.00 D=0.00 | duty[%]: A=71.4 B=69.7 C=54.2 D=100.0 | spread=0.000
 123.21s  t=123030 phase=4 freq=210.0 | I[A]: A=0.00 B=0.00 C=0.00 D=0.00 | duty[%]: A=71.4 B=69.7 C=54.2 D=100.0 | spread=0.000
 123.71s  t=123530 phase=4 freq=210.0 | I[A]: A=0.00 B=-0.00 C=0.00 D=0.00 | duty[%]: A=71.4 B=69.7 C=54.2 D=100.0 | spread=0.000
 124.21s  t=124030 phase=4 freq=210.0 | I[A]: A=-0.00 B=-0.00 C=0.00 D=0.00 | duty[%]: A=71.4 B=69.7 C=54.2 D=100.0 | spread=0.000
 124.71s  t=124530 phase=4 freq=210.0 | I[A]: A=-0.00 B=-0.00 C=0.00 D=0.00 | duty[%]: A=71.4 B=69.7 C=54.2 D=100.0 | spread=0.000
 125.21s  t=125030 phase=4 freq=210.0 | I[A]: A=-0.00 B=0.00 C=0.00 D=0.00 | duty[%]: A=71.4 B=69.7 C=54.2 D=100.0 | spread=0.000
 125.71s  t=125530 phase=4 freq=210.0 | I[A]: A=-0.00 B=-0.00 C=0.00 D=0.00 | duty[%]: A=71.4 B=69.7 C=54.2 D=100.0 | spread=0.000
 126.21s  t=126030 phase=4 freq=210.0 | I[A]: A=-0.00 B=-0.00 C=0.00 D=0.00 | duty[%]: A=71.4 B=69.7 C=54.2 D=100.0 | spread=0.000
 126.71s  t=126530 phase=4 freq=210.0 | I[A]: A=-0.00 B=-0.00 C=0.00 D=0.00 | duty[%]: A=71.4 B=69.7 C=54.2 D=100.0 | spread=0.000
 127.21s  t=127030 phase=4 freq=210.0 | I[A]: A=-0.00 B=-0.00 C=0.00 D=0.00 | duty[%]: A=71.4 B=69.7 C=54.2 D=100.0 | spread=0.000
 127.71s  t=127530 phase=4 freq=210.0 | I[A]: A=-0.00 B=-0.00 C=0.00 D=0.00 | duty[%]: A=71.4 B=69.7 C=54.2 D=100.0 | spread=0.000
 128.21s  t=128030 phase=4 freq=210.0 | I[A]: A=-0.00 B=-0.00 C=0.00 D=0.00 | duty[%]: A=71.4 B=69.7 C=54.2 D=100.0 | spread=0.000
 128.71s  t=128530 phase=4 freq=210.0 | I[A]: A=-0.00 B=-0.00 C=0.00 D=0.00 | duty[%]: A=71.4 B=69.7 C=54.2 D=100.0 | spread=0.000
 129.21s  t=129030 phase=4 freq=210.0 | I[A]: A=0.00 B=-0.00 C=0.00 D=0.00 | duty[%]: A=71.4 B=69.7 C=54.2 D=100.0 | spread=0.000
 129.71s  t=129530 phase=4 freq=210.0 | I[A]: A=0.00 B=0.00 C=0.00 D=0.00 | duty[%]: A=71.4 B=69.7 C=54.2 D=100.0 | spread=0.000
 130.21s  t=130030 phase=4 freq=210.0 | I[A]: A=0.00 B=-0.00 C=0.00 D=0.00 | duty[%]: A=71.4 B=69.7 C=54.2 D=100.0 | spread=0.000
 130.71s  t=130530 phase=4 freq=210.0 | I[A]: A=0.00 B=-0.00 C=0.00 D=0.00 | duty[%]: A=71.4 B=69.7 C=54.2 D=100.0 | spread=0.000
 131.21s  t=131030 phase=4 freq=210.0 | I[A]: A=0.00 B=-0.00 C=0.00 D=0.00 | duty[%]: A=71.4 B=69.7 C=54.2 D=100.0 | spread=0.000
 131.71s  t=131530 phase=4 freq=210.0 | I[A]: A=0.00 B=0.00 C=0.00 D=0.00 | duty[%]: A=71.4 B=69.7 C=54.2 D=100.0 | spread=0.003
 132.21s  t=132030 phase=4 freq=210.0 | I[A]: A=0.00 B=0.00 C=0.00 D=0.00 | duty[%]: A=71.4 B=69.7 C=54.2 D=100.0 | spread=0.000
 132.71s  t=132530 phase=4 freq=210.0 | I[A]: A=-0.00 B=-0.00 C=0.00 D=0.00 | duty[%]: A=71.4 B=69.7 C=54.2 D=100.0 | spread=0.000
 133.21s  t=133030 phase=4 freq=210.0 | I[A]: A=-0.00 B=-0.00 C=0.00 D=0.00 | duty[%]: A=71.4 B=69.7 C=54.2 D=100.0 | spread=0.000
 133.71s  t=133530 phase=4 freq=210.0 | I[A]: A=-0.00 B=-0.00 C=0.00 D=0.00 | duty[%]: A=71.4 B=69.7 C=54.2 D=100.0 | spread=0.000
 134.21s  t=134030 phase=4 freq=210.0 | I[A]: A=-0.00 B=-0.00 C=0.00 D=0.00 | duty[%]: A=71.4 B=69.7 C=54.2 D=100.0 | spread=0.000
 134.71s  t=134530 phase=4 freq=210.0 | I[A]: A=-0.00 B=0.00 C=0.00 D=0.00 | duty[%]: A=71.4 B=69.7 C=54.2 D=100.0 | spread=0.000
 135.21s  t=135030 phase=4 freq=210.0 | I[A]: A=-0.00 B=-0.00 C=0.00 D=0.00 | duty[%]: A=71.4 B=69.7 C=54.2 D=100.0 | spread=0.000
