   0.01s  ets Jul 29 2019 12:21:46
   0.01s  
   0.01s  rst:0x1 (POWERON_RESET),boot:0x13 (SPI_FAST_FLASH_BOOT)
   0.01s  configsip: 0, SPIWP:0xee
   0.02s  clk_drv:0x00,q_drv:0x00,d_drv:0x00,cs0_drv:0x00,hd_drv:0x00,wp_drv:0x00
   0.02s  mode:DIO, clock div:2
   0.02s  load:0x3fff0030,len:1184
   0.03s  load:0x40078000,len:13232
   0.03s  load:0x40080400,len:3028
   0.03s  entry 0x400805e4
   1.34s  main_experiment: arming 3000ms, then loading /experiment.json
   4.38s  ARMED -> running experiment
   4.39s  t=4197 label=SWEEP_A_F1 | I[A]: A=0.00 B=0.00 C=0.00 D=0.00 | duty[%]: A=30.0 B=0.0 C=0.0 D=0.0
   4.40s  t=4197 label=SWEEP_A_F1 | I[A]: A=0.00 B=0.00 C=0.00 D=0.00 | duty[%]: A=30.0 B=0.0 C=0.0 D=0.0
   4.59s  t=4398 label=SWEEP_A_F1 | I[A]: A=0.18 B=0.00 C=0.00 D=0.00 | duty[%]: A=30.0 B=0.0 C=0.0 D=0.0
   4.79s  t=4599 label=SWEEP_A_F1 | I[A]: A=0.01 B=0.00 C=0.00 D=0.00 | duty[%]: A=30.0 B=0.0 C=0.0 D=0.0
   4.99s  t=4799 label=SWEEP_A_F1 | I[A]: A=0.00 B=0.00 C=0.00 D=0.00 | duty[%]: A=30.0 B=0.0 C=0.0 D=0.0
   5.19s  t=5000 label=SWEEP_A_F1 | I[A]: A=0.01 B=0.00 C=0.00 D=0.00 | duty[%]: A=30.0 B=0.0 C=0.0 D=0.0
   5.39s  t=5200 label=SWEEP_A_F1 | I[A]: A=0.00 B=0.00 C=0.00 D=0.00 | duty[%]: A=30.0 B=0.0 C=0.0 D=0.0
   5.59s  t=5400 label=SWEEP_A_F1 | I[A]: A=0.00 B=0.00 C=0.00 D=0.00 | duty[%]: A=30.0 B=0.0 C=0.0 D=0.0
   5.79s  t=5601 label=SWEEP_A_F1 | I[A]: A=0.00 B=0.00 C=0.00 D=0.00 | duty[%]: A=30.0 B=0.0 C=0.0 D=0.0
   5.99s  t=5801 label=SWEEP_A_F1 | I[A]: A=0.00 B=0.00 C=0.00 D=0.00 | duty[%]: A=30.0 B=0.0 C=0.0 D=0.0
   6.19s  t=6001 label=SWEEP_A_F1 | I[A]: A=0.01 B=0.00 C=0.00 D=0.00 | duty[%]: A=30.0 B=0.0 C=0.0 D=0.0
   6.39s  t=6201 label=SWEEP_A_F1 | I[A]: A=0.00 B=0.00 C=0.00 D=0.00 | duty[%]: A=30.0 B=0.0 C=0.0 D=0.0
   6.59s  t=6402 label=SWEEP_A_F1 | I[A]: A=0.00 B=0.00 C=0.00 D=0.00 | duty[%]: A=30.0 B=0.0 C=0.0 D=0.0
   6.79s  t=6602 label=SWEEP_A_F1 | I[A]: A=0.00 B=0.00 C=0.00 D=0.00 | duty[%]: A=30.0 B=0.0 C=0.0 D=0.0
   6.99s  t=6803 label=SWEEP_A_F1 | I[A]: A=0.00 B=0.00 C=0.00 D=0.00 | duty[%]: A=30.0 B=0.0 C=0.0 D=0.0
   7.19s  t=6999 label=SWEEP_A_F5 | I[A]: A=0.01 B=0.00 C=0.00 D=0.00 | duty[%]: A=30.0 B=0.0 C=0.0 D=0.0
   7.20s  t=7004 label=SWEEP_A_F5 | I[A]: A=0.01 B=0.00 C=0.00 D=0.00 | duty[%]: A=30.0 B=0.0 C=0.0 D=0.0
   7.39s  t=7204 label=SWEEP_A_F5 | I[A]: A=0.03 B=0.00 C=0.00 D=0.00 | duty[%]: A=30.0 B=0.0 C=0.0 D=0.0
   7.59s  t=7404 label=SWEEP_A_F5 | I[A]: A=0.01 B=0.00 C=0.00 D=0.00 | duty[%]: A=30.0 B=0.0 C=0.0 D=0.0
   7.79s  t=7604 label=SWEEP_A_F5 | I[A]: A=0.00 B=0.00 C=0.00 D=0.00 | duty[%]: A=30.0 B=0.0 C=0.0 D=0.0
   8.00s  t=7805 label=SWEEP_A_F5 | I[A]: A=0.00 B=0.00 C=0.00 D=0.00 | duty[%]: A=30.0 B=0.0 C=0.0 D=0.0
   8.20s  t=8005 label=SWEEP_A_F5 | I[A]: A=0.01 B=0.00 C=0.00 D=0.00 | duty[%]: A=30.0 B=0.0 C=0.0 D=0.0
   8.40s  t=8205 label=SWEEP_A_F5 | I[A]: A=0.01 B=0.00 C=0.00 D=0.00 | duty[%]: A=30.0 B=0.0 C=0.0 D=0.0
   8.60s  t=8405 label=SWEEP_A_F5 | I[A]: A=0.01 B=0.00 C=0.00 D=0.00 | duty[%]: A=30.0 B=0.0 C=0.0 D=0.0
   8.80s  t=8606 label=SWEEP_A_F5 | I[A]: A=0.01 B=0.00 C=0.00 D=0.00 | duty[%]: A=30.0 B=0.0 C=0.0 D=0.0
   9.00s  t=8806 label=SWEEP_A_F5 | I[A]: A=0.00 B=0.00 C=0.00 D=0.00 | duty[%]: A=30.0 B=0.0 C=0.0 D=0.0
   9.20s  t=9006 label=SWEEP_A_F5 | I[A]: A=0.00 B=0.00 C=0.00 D=0.00 | duty[%]: A=30.0 B=0.0 C=0.0 D=0.0
   9.40s  t=9207 label=SWEEP_A_F5 | I[A]: A=0.01 B=0.00 C=0.00 D=0.00 | duty[%]: A=30.0 B=0.0 C=0.0 D=0.0
   9.60s  t=9407 label=SWEEP_A_F5 | I[A]: A=0.01 B=0.00 C=0.00 D=0.00 | duty[%]: A=30.0 B=0.0 C=0.0 D=0.0
   9.80s  t=9607 label=SWEEP_A_F5 | I[A]: A=0.01 B=0.00 C=0.00 D=0.00 | duty[%]: A=30.0 B=0.0 C=0.0 D=0.0
   9.99s  t=9800 label=SWEEP_A_F10 | I[A]: A=0.01 B=0.00 C=0.00 D=0.00 | duty[%]: A=30.0 B=0.0 C=0.0 D=0.0
  10.00s  t=9807 label=SWEEP_A_F10 | I[A]: A=0.01 B=0.00 C=0.00 D=0.00 | duty[%]: A=30.0 B=0.0 C=0.0 D=0.0
  10.20s  t=10007 label=SWEEP_A_F10 | I[A]: A=0.01 B=0.00 C=0.00 D=0.00 | duty[%]: A=30.0 B=0.0 C=0.0 D=0.0
  10.40s  t=10208 label=SWEEP_A_F10 | I[A]: A=0.04 B=0.00 C=0.00 D=0.00 | duty[%]: A=30.0 B=0.0 C=0.0 D=0.0
  10.60s  t=10408 label=SWEEP_A_F10 | I[A]: A=0.05 B=0.00 C=0.00 D=0.00 | duty[%]: A=30.0 B=0.0 C=0.0 D=0.0
  10.80s  t=10608 label=SWEEP_A_F10 | I[A]: A=0.04 B=0.00 C=0.00 D=0.00 | duty[%]: A=30.0 B=0.0 C=0.0 D=0.0
  11.00s  t=10808 label=SWEEP_A_F10 | I[A]: A=0.04 B=0.00 C=0.00 D=0.00 | duty[%]: A=30.0 B=0.0 C=0.0 D=0.0
  11.20s  t=11009 label=SWEEP_A_F10 | I[A]: A=0.02 B=0.00 C=0.00 D=0.00 | duty[%]: A=30.0 B=0.0 C=0.0 D=0.0
  11.40s  t=11209 label=SWEEP_A_F10 | I[A]: A=0.01 B=0.00 C=0.00 D=0.00 | duty[%]: A=30.0 B=0.0 C=0.0 D=0.0
  11.60s  t=11409 label=SWEEP_A_F10 | I[A]: A=0.02 B=0.00 C=0.00 D=0.00 | duty[%]: A=30.0 B=0.0 C=0.0 D=0.0
  11.80s  t=11609 label=SWEEP_A_F10 | I[A]: A=0.03 B=0.00 C=0.00 D=0.00 | duty[%]: A=30.0 B=0.0 C=0.0 D=0.0
  12.00s  t=11810 label=SWEEP_A_F10 | I[A]: A=0.04 B=0.00 C=0.00 D=0.00 | duty[%]: A=30.0 B=0.0 C=0.0 D=0.0
  12.20s  t=12010 label=SWEEP_A_F10 | I[A]: A=0.04 B=0.00 C=0.00 D=0.00 | duty[%]: A=30.0 B=0.0 C=0.0 D=0.0
  12.40s  t=12210 label=SWEEP_A_F10 | I[A]: A=0.04 B=0.00 C=0.00 D=0.00 | duty[%]: A=30.0 B=0.0 C=0.0 D=0.0
  12.60s  t=12410 label=SWEEP_A_F10 | I[A]: A=0.02 B=0.00 C=0.00 D=0.00 | duty[%]: A=30.0 B=0.0 C=0.0 D=0.0
  12.80s  t=12603 label=SWEEP_A_F20 | I[A]: A=0.01 B=0.00 C=0.00 D=0.00 | duty[%]: A=30.0 B=0.0 C=0.0 D=0.0
  12.80s  t=12610 label=SWEEP_A_F20 | I[A]: A=0.01 B=0.00 C=0.00 D=0.00 | duty[%]: A=30.0 B=0.0 C=0.0 D=0.0
  13.00s  t=12811 label=SWEEP_A_F20 | I[A]: A=0.04 B=0.00 C=0.00 D=0.00 | duty[%]: A=30.0 B=0.0 C=0.0 D=0.0
  13.20s  t=13011 label=SWEEP_A_F20 | I[A]: A=0.05 B=0.00 C=0.00 D=0.00 | duty[%]: A=30.0 B=0.0 C=0.0 D=0.0
  13.40s  t=13212 label=SWEEP_A_F20 | I[A]: A=0.04 B=0.00 C=0.00 D=0.00 | duty[%]: A=30.0 B=0.0 C=0.0 D=0.0
  13.60s  t=13412 label=SWEEP_A_F20 | I[A]: A=0.04 B=0.00 C=0.00 D=0.00 | duty[%]: A=30.0 B=0.0 C=0.0 D=0.0
  13.80s  t=13612 label=SWEEP_A_F20 | I[A]: A=0.05 B=0.00 C=0.00 D=0.00 | duty[%]: A=30.0 B=0.0 C=0.0 D=0.0
  14.00s  t=13813 label=SWEEP_A_F20 | I[A]: A=0.06 B=0.00 C=0.00 D=0.00 | duty[%]: A=30.0 B=0.0 C=0.0 D=0.0
  14.20s  t=14013 label=SWEEP_A_F20 | I[A]: A=0.06 B=0.00 C=0.00 D=0.00 | duty[%]: A=30.0 B=0.0 C=0.0 D=0.0
  14.40s  t=14213 label=SWEEP_A_F20 | I[A]: A=0.05 B=0.00 C=0.00 D=0.00 | duty[%]: A=30.0 B=0.0 C=0.0 D=0.0
  14.60s  t=14413 label=SWEEP_A_F20 | I[A]: A=0.05 B=0.00 C=0.00 D=0.00 | duty[%]: A=30.0 B=0.0 C=0.0 D=0.0
  14.80s  t=14613 label=SWEEP_A_F20 | I[A]: A=0.04 B=0.00 C=0.00 D=0.00 | duty[%]: A=30.0 B=0.0 C=0.0 D=0.0
  15.00s  t=14814 label=SWEEP_A_F20 | I[A]: A=0.03 B=0.00 C=0.00 D=0.00 | duty[%]: A=30.0 B=0.0 C=0.0 D=0.0
  15.20s  t=15014 label=SWEEP_A_F20 | I[A]: A=0.04 B=0.00 C=0.00 D=0.00 | duty[%]: A=30.0 B=0.0 C=0.0 D=0.0
  15.40s  t=15214 label=SWEEP_A_F20 | I[A]: A=0.04 B=0.00 C=0.00 D=0.00 | duty[%]: A=30.0 B=0.0 C=0.0 D=0.0
  15.60s  t=15405 label=SWEEP_A_F30 | I[A]: A=0.06 B=0.00 C=0.00 D=0.00 | duty[%]: A=30.0 B=0.0 C=0.0 D=0.0
  15.60s  t=15414 label=SWEEP_A_F30 | I[A]: A=0.05 B=0.00 C=0.00 D=0.00 | duty[%]: A=30.0 B=0.0 C=0.0 D=0.0
  15.81s  t=15614 label=SWEEP_A_F30 | I[A]: A=0.04 B=0.00 C=0.00 D=0.00 | duty[%]: A=30.0 B=0.0 C=0.0 D=0.0
  16.01s  t=15815 label=SWEEP_A_F30 | I[A]: A=0.08 B=0.00 C=0.00 D=0.00 | duty[%]: A=30.0 B=0.0 C=0.0 D=0.0
  16.21s  t=16015 label=SWEEP_A_F30 | I[A]: A=0.04 B=0.00 C=0.00 D=0.00 | duty[%]: A=30.0 B=0.0 C=0.0 D=0.0
  16.41s  t=16215 label=SWEEP_A_F30 | I[A]: A=0.01 B=0.00 C=0.03 D=0.00 | duty[%]: A=30.0 B=0.0 C=0.0 D=0.0
  16.61s  t=16416 label=SWEEP_A_F30 | I[A]: A=0.03 B=0.00 C=0.00 D=0.00 | duty[%]: A=30.0 B=0.0 C=0.0 D=0.0
  16.81s  t=16616 label=SWEEP_A_F30 | I[A]: A=0.08 B=0.00 C=0.00 D=0.00 | duty[%]: A=30.0 B=0.0 C=0.0 D=0.0
  17.01s  t=16817 label=SWEEP_A_F30 | I[A]: A=0.07 B=0.00 C=0.00 D=0.00 | duty[%]: A=30.0 B=0.0 C=0.0 D=0.0
  17.21s  t=17017 label=SWEEP_A_F30 | I[A]: A=0.02 B=0.00 C=0.00 D=0.00 | duty[%]: A=30.0 B=0.0 C=0.0 D=0.0
  17.41s  t=17218 label=SWEEP_A_F30 | I[A]: A=0.04 B=0.00 C=0.00 D=0.00 | duty[%]: A=30.0 B=0.0 C=0.0 D=0.0
  17.61s  t=17418 label=SWEEP_A_F30 | I[A]: A=0.09 B=0.00 C=0.00 D=0.00 | duty[%]: A=30.0 B=0.0 C=0.0 D=0.0
  17.81s  t=17619 label=SWEEP_A_F30 | I[A]: A=0.06 B=0.00 C=0.00 D=0.00 | duty[%]: A=30.0 B=0.0 C=0.0 D=0.0
  18.01s  t=17819 label=SWEEP_A_F30 | I[A]: A=0.02 B=0.00 C=0.00 D=0.00 | duty[%]: A=30.0 B=0.0 C=0.0 D=0.0
  18.21s  t=18019 label=SWEEP_A_F30 | I[A]: A=0.02 B=0.00 C=0.00 D=0.00 | duty[%]: A=30.0 B=0.0 C=0.0 D=0.0
  18.40s  t=18205 label=SWEEP_A_F40 | I[A]: A=0.08 B=0.00 C=0.00 D=0.00 | duty[%]: A=30.0 B=0.0 C=0.0 D=0.0
  18.41s  t=18220 label=SWEEP_A_F40 | I[A]: A=0.09 B=0.00 C=0.00 D=0.00 | duty[%]: A=30.0 B=0.0 C=0.0 D=0.0
  18.61s  t=18420 label=SWEEP_A_F40 | I[A]: A=0.05 B=0.00 C=0.00 D=0.00 | duty[%]: A=30.0 B=0.0 C=0.0 D=0.0
  18.81s  t=18621 label=SWEEP_A_F40 | I[A]: A=0.07 B=0.00 C=0.00 D=0.00 | duty[%]: A=30.0 B=0.0 C=0.0 D=0.0
  19.01s  t=18822 label=SWEEP_A_F40 | I[A]: A=0.05 B=0.00 C=0.00 D=0.00 | duty[%]: A=30.0 B=0.0 C=0.0 D=0.0
  19.21s  t=19022 label=SWEEP_A_F40 | I[A]: A=0.06 B=0.00 C=0.00 D=0.00 | duty[%]: A=30.0 B=0.0 C=0.0 D=0.0
  19.41s  t=19223 label=SWEEP_A_F40 | I[A]: A=0.07 B=0.00 C=0.00 D=0.00 | duty[%]: A=30.0 B=0.0 C=0.0 D=0.0
  19.61s  t=19423 label=SWEEP_A_F40 | I[A]: A=0.07 B=0.00 C=0.00 D=0.00 | duty[%]: A=30.0 B=0.0 C=0.0 D=0.0
  19.81s  t=19624 label=SWEEP_A_F40 | I[A]: A=0.06 B=0.00 C=0.00 D=0.00 | duty[%]: A=30.0 B=0.0 C=0.0 D=0.0
  20.01s  t=19824 label=SWEEP_A_F40 | I[A]: A=0.06 B=0.00 C=0.00 D=0.00 | duty[%]: A=30.0 B=0.0 C=0.0 D=0.0
  20.22s  t=20025 label=SWEEP_A_F40 | I[A]: A=0.07 B=0.00 C=0.00 D=0.00 | duty[%]: A=30.0 B=0.0 C=0.0 D=0.0
  20.42s  t=20225 label=SWEEP_A_F40 | I[A]: A=0.07 B=0.00 C=0.00 D=0.00 | duty[%]: A=30.0 B=0.0 C=0.0 D=0.0
  20.62s  t=20426 label=SWEEP_A_F40 | I[A]: A=0.08 B=0.00 C=0.00 D=0.00 | duty[%]: A=30.0 B=0.0 C=0.0 D=0.0
  20.82s  t=20626 label=SWEEP_A_F40 | I[A]: A=0.08 B=0.00 C=0.00 D=0.00 | duty[%]: A=30.0 B=0.0 C=0.0 D=0.0
  21.02s  t=20827 label=SWEEP_A_F40 | I[A]: A=0.06 B=0.00 C=0.00 D=0.00 | duty[%]: A=30.0 B=0.0 C=0.0 D=0.0
  21.20s  t=21007 label=SWEEP_A_F50 | I[A]: A=0.07 B=0.00 C=0.00 D=0.00 | duty[%]: A=30.0 B=0.0 C=0.0 D=0.0
  21.22s  t=21027 label=SWEEP_A_F50 | I[A]: A=0.06 B=0.00 C=0.00 D=0.00 | duty[%]: A=30.0 B=0.0 C=0.0 D=0.0
  21.42s  t=21228 label=SWEEP_A_F50 | I[A]: A=0.07 B=0.00 C=0.00 D=0.00 | duty[%]: A=30.0 B=0.0 C=0.0 D=0.0
  21.62s  t=21428 label=SWEEP_A_F50 | I[A]: A=0.09 B=0.00 C=0.00 D=0.00 | duty[%]: A=30.0 B=0.0 C=0.0 D=0.0
  21.82s  t=21629 label=SWEEP_A_F50 | I[A]: A=0.10 B=0.00 C=0.00 D=0.00 | duty[%]: A=30.0 B=0.0 C=0.0 D=0.0
  22.02s  t=21829 label=SWEEP_A_F50 | I[A]: A=0.08 B=0.00 C=0.00 D=0.00 | duty[%]: A=30.0 B=0.0 C=0.0 D=0.0
  22.22s  t=22030 label=SWEEP_A_F50 | I[A]: A=0.08 B=0.00 C=0.00 D=0.00 | duty[%]: A=30.0 B=0.0 C=0.0 D=0.0
  22.42s  t=22230 label=SWEEP_A_F50 | I[A]: A=0.08 B=0.00 C=0.00 D=0.00 | duty[%]: A=30.0 B=0.0 C=0.0 D=0.0
  22.62s  t=22431 label=SWEEP_A_F50 | I[A]: A=0.09 B=0.00 C=0.00 D=0.00 | duty[%]: A=30.0 B=0.0 C=0.0 D=0.0
  22.82s  t=22631 label=SWEEP_A_F50 | I[A]: A=0.08 B=0.00 C=0.00 D=0.00 | duty[%]: A=30.0 B=0.0 C=0.0 D=0.0
  23.02s  t=22832 label=SWEEP_A_F50 | I[A]: A=0.07 B=0.00 C=0.00 D=0.00 | duty[%]: A=30.0 B=0.0 C=0.0 D=0.0
  23.22s  t=23032 label=SWEEP_A_F50 | I[A]: A=0.08 B=0.00 C=0.00 D=0.00 | duty[%]: A=30.0 B=0.0 C=0.0 D=0.0
  23.42s  t=23233 label=SWEEP_A_F50 | I[A]: A=0.09 B=0.00 C=0.00 D=0.00 | duty[%]: A=30.0 B=0.0 C=0.0 D=0.0
  23.62s  t=23433 label=SWEEP_A_F50 | I[A]: A=0.08 B=0.00 C=0.00 D=0.00 | duty[%]: A=30.0 B=0.0 C=0.0 D=0.0
  23.82s  t=23634 label=SWEEP_A_F50 | I[A]: A=0.07 B=0.00 C=0.00 D=0.00 | duty[%]: A=30.0 B=0.0 C=0.0 D=0.0
  24.00s  t=23808 label=SWEEP_A_F60 | I[A]: A=0.08 B=0.00 C=0.00 D=0.00 | duty[%]: A=30.0 B=0.0 C=0.0 D=0.0
  24.02s  t=23834 label=SWEEP_A_F60 | I[A]: A=0.07 B=0.00 C=0.00 D=0.00 | duty[%]: A=30.0 B=0.0 C=0.0 D=0.0
  24.23s  t=24035 label=SWEEP_A_F60 | I[A]: A=0.09 B=0.00 C=0.00 D=0.00 | duty[%]: A=30.0 B=0.0 C=0.0 D=0.0
  24.43s  t=24235 label=SWEEP_A_F60 | I[A]: A=0.11 B=0.00 C=0.00 D=0.00 | duty[%]: A=30.0 B=0.0 C=0.0 D=0.0
  24.63s  t=24436 label=SWEEP_A_F60 | I[A]: A=0.11 B=0.00 C=0.00 D=0.00 | duty[%]: A=30.0 B=0.0 C=0.0 D=0.0
  24.83s  t=24636 label=SWEEP_A_F60 | I[A]: A=0.09 B=0.00 C=0.00 D=0.00 | duty[%]: A=30.0 B=0.0 C=0.0 D=0.0
  25.03s  t=24837 label=SWEEP_A_F60 | I[A]: A=0.12 B=0.00 C=0.00 D=0.00 | duty[%]: A=30.0 B=0.0 C=0.0 D=0.0
  25.23s  t=25037 label=SWEEP_A_F60 | I[A]: A=0.09 B=0.00 C=0.00 D=0.00 | duty[%]: A=30.0 B=0.0 C=0.0 D=0.0
  25.43s  t=25238 label=SWEEP_A_F60 | I[A]: A=0.10 B=0.00 C=0.00 D=0.00 | duty[%]: A=30.0 B=0.0 C=0.0 D=0.0
  25.63s  t=25438 label=SWEEP_A_F60 | I[A]: A=0.09 B=0.00 C=0.00 D=0.00 | duty[%]: A=30.0 B=0.0 C=0.0 D=0.0
  25.83s  t=25639 label=SWEEP_A_F60 | I[A]: A=0.11 B=0.00 C=0.00 D=0.00 | duty[%]: A=30.0 B=0.0 C=0.0 D=0.0
  26.03s  t=25839 label=SWEEP_A_F60 | I[A]: A=0.10 B=0.00 C=0.00 D=0.00 | duty[%]: A=30.0 B=0.0 C=0.0 D=0.0
  26.23s  t=26040 label=SWEEP_A_F60 | I[A]: A=0.08 B=0.00 C=0.00 D=0.00 | duty[%]: A=30.0 B=0.0 C=0.0 D=0.0
  26.43s  t=26240 label=SWEEP_A_F60 | I[A]: A=0.10 B=0.00 C=0.00 D=0.00 | duty[%]: A=30.0 B=0.0 C=0.0 D=0.0
  26.63s  t=26441 label=SWEEP_A_F60 | I[A]: A=0.09 B=0.00 C=0.00 D=0.00 | duty[%]: A=30.0 B=0.0 C=0.0 D=0.0
  26.80s  t=26610 label=SWEEP_A_F70 | I[A]: A=0.11 B=0.00 C=0.00 D=0.00 | duty[%]: A=30.0 B=0.0 C=0.0 D=0.0
  26.83s  t=26641 label=SWEEP_A_F70 | I[A]: A=0.12 B=0.00 C=0.00 D=0.00 | duty[%]: A=30.0 B=0.0 C=0.0 D=0.0
  27.03s  t=26842 label=SWEEP_A_F70 | I[A]: A=0.06 B=0.00 C=0.00 D=0.00 | duty[%]: A=30.0 B=0.0 C=0.0 D=0.0
  27.23s  t=27043 label=SWEEP_A_F70 | I[A]: A=0.10 B=0.00 C=0.00 D=0.00 | duty[%]: A=30.0 B=0.0 C=0.0 D=0.0
  27.43s  t=27243 label=SWEEP_A_F70 | I[A]: A=0.13 B=0.00 C=0.00 D=0.00 | duty[%]: A=30.0 B=0.0 C=0.0 D=0.0
  27.63s  t=27444 label=SWEEP_A_F70 | I[A]: A=0.13 B=0.00 C=0.00 D=0.00 | duty[%]: A=30.0 B=0.0 C=0.0 D=0.0
  27.84s  t=27644 label=SWEEP_A_F70 | I[A]: A=0.10 B=0.00 C=0.00 D=0.00 | duty[%]: A=30.0 B=0.0 C=0.0 D=0.0
  28.04s  t=27845 label=SWEEP_A_F70 | I[A]: A=0.12 B=0.00 C=0.00 D=0.00 | duty[%]: A=30.0 B=0.0 C=0.0 D=0.0
  28.24s  t=28045 label=SWEEP_A_F70 | I[A]: A=0.13 B=0.00 C=0.00 D=0.00 | duty[%]: A=30.0 B=0.0 C=0.0 D=0.0
  28.44s  t=28246 label=SWEEP_A_F70 | I[A]: A=0.10 B=0.00 C=0.00 D=0.00 | duty[%]: A=30.0 B=0.0 C=0.0 D=0.0
  28.64s  t=28446 label=SWEEP_A_F70 | I[A]: A=0.13 B=0.00 C=0.00 D=0.00 | duty[%]: A=30.0 B=0.0 C=0.0 D=0.0
  28.84s  t=28647 label=SWEEP_A_F70 | I[A]: A=0.14 B=0.00 C=0.00 D=0.00 | duty[%]: A=30.0 B=0.0 C=0.0 D=0.0
  29.04s  t=28847 label=SWEEP_A_F70 | I[A]: A=0.13 B=0.00 C=0.00 D=0.00 | duty[%]: A=30.0 B=0.0 C=0.0 D=0.0
  29.24s  t=29048 label=SWEEP_A_F70 | I[A]: A=0.10 B=0.00 C=0.00 D=0.00 | duty[%]: A=30.0 B=0.0 C=0.0 D=0.0
  29.44s  t=29248 label=SWEEP_A_F70 | I[A]: A=0.12 B=0.00 C=0.00 D=0.00 | duty[%]: A=30.0 B=0.0 C=0.0 D=0.0
  29.60s  t=29411 label=SWEEP_A_F80 | I[A]: A=0.13 B=0.00 C=0.00 D=0.00 | duty[%]: A=30.0 B=0.0 C=0.0 D=0.0
  29.64s  t=29448 label=SWEEP_A_F80 | I[A]: A=0.12 B=0.00 C=0.00 D=0.00 | duty[%]: A=30.0 B=0.0 C=0.0 D=0.0
  29.84s  t=29649 label=SWEEP_A_F80 | I[A]: A=0.14 B=0.00 C=0.00 D=0.00 | duty[%]: A=30.0 B=0.0 C=0.0 D=0.0
  30.04s  t=29850 label=SWEEP_A_F80 | I[A]: A=0.15 B=0.00 C=0.00 D=0.00 | duty[%]: A=30.0 B=0.0 C=0.0 D=0.0
  30.24s  t=30050 label=SWEEP_A_F80 | I[A]: A=0.15 B=0.00 C=0.00 D=0.00 | duty[%]: A=30.0 B=0.0 C=0.0 D=0.0
  30.44s  t=30251 label=SWEEP_A_F80 | I[A]: A=0.14 B=0.00 C=0.00 D=0.00 | duty[%]: A=30.0 B=0.0 C=0.0 D=0.0
  30.64s  t=30451 label=SWEEP_A_F80 | I[A]: A=0.13 B=0.00 C=0.00 D=0.00 | duty[%]: A=30.0 B=0.0 C=0.0 D=0.0
  30.84s  t=30652 label=SWEEP_A_F80 | I[A]: A=0.14 B=0.00 C=0.00 D=0.00 | duty[%]: A=30.0 B=0.0 C=0.0 D=0.0
  31.04s  t=30852 label=SWEEP_A_F80 | I[A]: A=0.14 B=0.00 C=0.00 D=0.00 | duty[%]: A=30.0 B=0.0 C=0.0 D=0.0
  31.24s  t=31053 label=SWEEP_A_F80 | I[A]: A=0.13 B=0.00 C=0.00 D=0.00 | duty[%]: A=30.0 B=0.0 C=0.0 D=0.0
  31.44s  t=31253 label=SWEEP_A_F80 | I[A]: A=0.13 B=0.00 C=0.00 D=0.00 | duty[%]: A=30.0 B=0.0 C=0.0 D=0.0
  31.64s  t=31454 label=SWEEP_A_F80 | I[A]: A=0.14 B=0.00 C=0.00 D=0.00 | duty[%]: A=30.0 B=0.0 C=0.0 D=0.0
  31.85s  t=31654 label=SWEEP_A_F80 | I[A]: A=0.13 B=0.00 C=0.00 D=0.00 | duty[%]: A=30.0 B=0.0 C=0.0 D=0.0
  32.05s  t=31855 label=SWEEP_A_F80 | I[A]: A=0.11 B=0.00 C=0.00 D=0.00 | duty[%]: A=30.0 B=0.0 C=0.0 D=0.0
  32.25s  t=32055 label=SWEEP_A_F80 | I[A]: A=0.13 B=0.00 C=0.00 D=0.00 | duty[%]: A=30.0 B=0.0 C=0.0 D=0.0
  32.40s  t=32213 label=SWEEP_A_F90 | I[A]: A=0.15 B=0.00 C=0.00 D=0.00 | duty[%]: A=30.0 B=0.0 C=0.0 D=0.0
  32.45s  t=32255 label=SWEEP_A_F90 | I[A]: A=0.14 B=0.00 C=0.00 D=0.00 | duty[%]: A=30.0 B=0.0 C=0.0 D=0.0
  32.65s  t=32456 label=SWEEP_A_F90 | I[A]: A=0.16 B=0.00 C=0.00 D=0.00 | duty[%]: A=30.0 B=0.0 C=0.0 D=0.0
  32.85s  t=32657 label=SWEEP_A_F90 | I[A]: A=0.16 B=0.00 C=0.00 D=0.00 | duty[%]: A=30.0 B=0.0 C=0.0 D=0.0
  33.05s  t=32857 label=SWEEP_A_F90 | I[A]: A=0.25 B=0.00 C=0.00 D=0.00 | duty[%]: A=30.0 B=0.0 C=0.0 D=0.0
  33.25s  t=33058 label=SWEEP_A_F90 | I[A]: A=0.13 B=0.00 C=0.00 D=0.00 | duty[%]: A=30.0 B=0.0 C=0.0 D=0.0
  33.45s  t=33258 label=SWEEP_A_F90 | I[A]: A=0.04 B=0.00 C=0.00 D=0.00 | duty[%]: A=30.0 B=0.0 C=0.0 D=0.0
  33.65s  t=33459 label=SWEEP_A_F90 | I[A]: A=0.24 B=0.00 C=0.00 D=0.00 | duty[%]: A=30.0 B=0.0 C=0.0 D=0.0
  33.85s  t=33659 label=SWEEP_A_F90 | I[A]: A=0.26 B=0.00 C=0.00 D=0.00 | duty[%]: A=30.0 B=0.0 C=0.0 D=0.0
  34.05s  t=33860 label=SWEEP_A_F90 | I[A]: A=0.13 B=0.00 C=0.00 D=0.00 | duty[%]: A=30.0 B=0.0 C=0.0 D=0.0
  34.25s  t=34060 label=SWEEP_A_F90 | I[A]: A=0.06 B=0.00 C=0.00 D=0.00 | duty[%]: A=30.0 B=0.0 C=0.0 D=0.0
  34.45s  t=34261 label=SWEEP_A_F90 | I[A]: A=0.22 B=0.00 C=0.00 D=0.00 | duty[%]: A=30.0 B=0.0 C=0.0 D=0.0
  34.65s  t=34461 label=SWEEP_A_F90 | I[A]: A=0.23 B=0.00 C=0.00 D=0.00 | duty[%]: A=30.0 B=0.0 C=0.0 D=0.0
  34.85s  t=34662 label=SWEEP_A_F90 | I[A]: A=0.07 B=0.00 C=0.00 D=0.00 | duty[%]: A=30.0 B=0.0 C=0.0 D=0.0
  35.05s  t=34862 label=SWEEP_A_F90 | I[A]: A=0.15 B=0.00 C=0.00 D=0.00 | duty[%]: A=30.0 B=0.0 C=0.0 D=0.0
  35.21s  t=35015 label=SWEEP_A_F100 | I[A]: A=0.25 B=0.00 C=0.00 D=0.00 | duty[%]: A=30.0 B=0.0 C=0.0 D=0.0
  35.25s  t=35063 label=SWEEP_A_F100 | I[A]: A=0.23 B=0.00 C=0.00 D=0.00 | duty[%]: A=30.0 B=0.0 C=0.0 D=0.0
  35.45s  t=35263 label=SWEEP_A_F100 | I[A]: A=0.15 B=0.00 C=0.00 D=0.00 | duty[%]: A=30.0 B=0.0 C=0.0 D=0.0
  35.65s  t=35464 label=SWEEP_A_F100 | I[A]: A=0.16 B=0.00 C=0.00 D=0.00 | duty[%]: A=30.0 B=0.0 C=0.0 D=0.0
  35.86s  t=35665 label=SWEEP_A_F100 | I[A]: A=0.17 B=0.00 C=0.00 D=0.00 | duty[%]: A=30.0 B=0.0 C=0.0 D=0.0
  36.06s  t=35865 label=SWEEP_A_F100 | I[A]: A=0.18 B=0.00 C=0.00 D=0.00 | duty[%]: A=30.0 B=0.0 C=0.0 D=0.0
  36.26s  t=36066 label=SWEEP_A_F100 | I[A]: A=0.18 B=0.00 C=0.00 D=0.00 | duty[%]: A=30.0 B=0.0 C=0.0 D=0.0
  36.46s  t=36266 label=SWEEP_A_F100 | I[A]: A=0.19 B=0.00 C=0.00 D=0.00 | duty[%]: A=30.0 B=0.0 C=0.0 D=0.0
  36.66s  t=36467 label=SWEEP_A_F100 | I[A]: A=0.19 B=0.00 C=0.00 D=0.00 | duty[%]: A=30.0 B=0.0 C=0.0 D=0.0
  36.86s  t=36667 label=SWEEP_A_F100 | I[A]: A=0.17 B=0.00 C=0.00 D=0.00 | duty[%]: A=30.0 B=0.0 C=0.0 D=0.0
  37.06s  t=36868 label=SWEEP_A_F100 | I[A]: A=0.18 B=0.00 C=0.00 D=0.00 | duty[%]: A=30.0 B=0.0 C=0.0 D=0.0
  37.26s  t=37068 label=SWEEP_A_F100 | I[A]: A=0.17 B=0.00 C=0.00 D=0.00 | duty[%]: A=30.0 B=0.0 C=0.0 D=0.0
  37.46s  t=37269 label=SWEEP_A_F100 | I[A]: A=0.17 B=0.00 C=0.00 D=0.00 | duty[%]: A=30.0 B=0.0 C=0.0 D=0.0
  37.66s  t=37469 label=SWEEP_A_F100 | I[A]: A=0.16 B=0.00 C=0.00 D=0.00 | duty[%]: A=30.0 B=0.0 C=0.0 D=0.0
  37.86s  t=37670 label=SWEEP_A_F100 | I[A]: A=0.17 B=0.00 C=0.00 D=0.00 | duty[%]: A=30.0 B=0.0 C=0.0 D=0.0
  38.01s  t=37816 label=SWEEP_A_F110 | I[A]: A=0.19 B=0.00 C=0.00 D=0.00 | duty[%]: A=30.0 B=0.0 C=0.0 D=0.0
  38.06s  t=37870 label=SWEEP_A_F110 | I[A]: A=0.18 B=0.00 C=0.00 D=0.00 | duty[%]: A=30.0 B=0.0 C=0.0 D=0.0
  38.26s  t=38071 label=SWEEP_A_F110 | I[A]: A=0.18 B=0.00 C=0.00 D=0.00 | duty[%]: A=30.0 B=0.0 C=0.0 D=0.0
  38.46s  t=38271 label=SWEEP_A_F110 | I[A]: A=0.19 B=0.00 C=0.00 D=0.00 | duty[%]: A=30.0 B=0.0 C=0.0 D=0.0
  38.66s  t=38472 label=SWEEP_A_F110 | I[A]: A=0.21 B=0.00 C=0.00 D=0.00 | duty[%]: A=30.0 B=0.0 C=0.0 D=0.0
  38.86s  t=38672 label=SWEEP_A_F110 | I[A]: A=0.21 B=0.00 C=0.00 D=0.00 | duty[%]: A=30.0 B=0.0 C=0.0 D=0.0
  39.06s  t=38873 label=SWEEP_A_F110 | I[A]: A=0.20 B=0.00 C=0.00 D=0.00 | duty[%]: A=30.0 B=0.0 C=0.0 D=0.0
  39.26s  t=39073 label=SWEEP_A_F110 | I[A]: A=0.19 B=0.00 C=0.00 D=0.00 | duty[%]: A=30.0 B=0.0 C=0.0 D=0.0
  39.46s  t=39274 label=SWEEP_A_F110 | I[A]: A=0.21 B=0.00 C=0.00 D=0.00 | duty[%]: A=30.0 B=0.0 C=0.0 D=0.0
  39.66s  t=39474 label=SWEEP_A_F110 | I[A]: A=0.20 B=0.00 C=0.00 D=0.00 | duty[%]: A=30.0 B=0.0 C=0.0 D=0.0
  39.87s  t=39675 label=SWEEP_A_F110 | I[A]: A=0.18 B=0.00 C=0.00 D=0.00 | duty[%]: A=30.0 B=0.0 C=0.0 D=0.0
  40.07s  t=39875 label=SWEEP_A_F110 | I[A]: A=0.18 B=0.00 C=0.00 D=0.00 | duty[%]: A=30.0 B=0.0 C=0.0 D=0.0
  40.27s  t=40076 label=SWEEP_A_F110 | I[A]: A=0.20 B=0.00 C=0.00 D=0.00 | duty[%]: A=30.0 B=0.0 C=0.0 D=0.0
  40.47s  t=40276 label=SWEEP_A_F110 | I[A]: A=0.21 B=0.00 C=0.00 D=0.00 | duty[%]: A=30.0 B=0.0 C=0.0 D=0.0
  40.67s  t=40477 label=SWEEP_A_F110 | I[A]: A=0.22 B=0.00 C=0.00 D=0.00 | duty[%]: A=30.0 B=0.0 C=0.0 D=0.0
  40.81s  t=40617 label=SWEEP_A_F120 | I[A]: A=0.22 B=0.00 C=0.00 D=0.00 | duty[%]: A=30.0 B=0.0 C=0.0 D=0.0
  40.87s  t=40677 label=SWEEP_A_F120 | I[A]: A=0.21 B=0.00 C=0.00 D=0.00 | duty[%]: A=30.0 B=0.0 C=0.0 D=0.0
  41.07s  t=40877 label=SWEEP_A_F120 | I[A]: A=0.20 B=0.00 C=0.00 D=0.00 | duty[%]: A=30.0 B=0.0 C=0.0 D=0.0
  41.27s  t=41078 label=SWEEP_A_F120 | I[A]: A=0.21 B=0.00 C=0.00 D=0.00 | duty[%]: A=30.0 B=0.0 C=0.0 D=0.0
  41.47s  t=41279 label=SWEEP_A_F120 | I[A]: A=0.23 B=0.00 C=0.00 D=0.00 | duty[%]: A=30.0 B=0.0 C=0.0 D=0.0
  41.67s  t=41479 label=SWEEP_A_F120 | I[A]: A=0.21 B=0.00 C=0.00 D=0.00 | duty[%]: A=30.0 B=0.0 C=0.0 D=0.0
  41.87s  t=41680 label=SWEEP_A_F120 | I[A]: A=0.20 B=0.00 C=0.00 D=0.00 | duty[%]: A=30.0 B=0.0 C=0.0 D=0.0
  42.07s  t=41880 label=SWEEP_A_F120 | I[A]: A=0.20 B=0.00 C=0.00 D=0.00 | duty[%]: A=30.0 B=0.0 C=0.0 D=0.0
  42.27s  t=42081 label=SWEEP_A_F120 | I[A]: A=0.23 B=0.00 C=0.00 D=0.00 | duty[%]: A=30.0 B=0.0 C=0.0 D=0.0
  42.47s  t=42281 label=SWEEP_A_F120 | I[A]: A=0.23 B=0.00 C=0.00 D=0.00 | duty[%]: A=30.0 B=0.0 C=0.0 D=0.0
  42.67s  t=42482 label=SWEEP_A_F120 | I[A]: A=0.22 B=0.00 C=0.00 D=0.00 | duty[%]: A=30.0 B=0.0 C=0.0 D=0.0
  42.87s  t=42682 label=SWEEP_A_F120 | I[A]: A=0.22 B=0.00 C=0.00 D=0.00 | duty[%]: A=30.0 B=0.0 C=0.0 D=0.0
  43.07s  t=42883 label=SWEEP_A_F120 | I[A]: A=0.23 B=0.00 C=0.00 D=0.00 | duty[%]: A=30.0 B=0.0 C=0.0 D=0.0
  43.27s  t=43083 label=SWEEP_A_F120 | I[A]: A=0.22 B=0.00 C=0.00 D=0.00 | duty[%]: A=30.0 B=0.0 C=0.0 D=0.0
  43.47s  t=43284 label=SWEEP_A_F120 | I[A]: A=0.21 B=0.00 C=0.00 D=0.00 | duty[%]: A=30.0 B=0.0 C=0.0 D=0.0
  43.61s  t=43419 label=SWEEP_A_F130 | I[A]: A=0.21 B=0.00 C=0.00 D=0.00 | duty[%]: A=30.0 B=0.0 C=0.0 D=0.0
  43.67s  t=43484 label=SWEEP_A_F130 | I[A]: A=0.21 B=0.00 C=0.00 D=0.00 | duty[%]: A=30.0 B=0.0 C=0.0 D=0.0
  43.88s  t=43685 label=SWEEP_A_F130 | I[A]: A=0.25 B=0.00 C=0.00 D=0.00 | duty[%]: A=30.0 B=0.0 C=0.0 D=0.0
  44.08s  t=43885 label=SWEEP_A_F130 | I[A]: A=0.25 B=0.00 C=0.00 D=0.00 | duty[%]: A=30.0 B=0.0 C=0.0 D=0.0
  44.28s  t=44086 label=SWEEP_A_F130 | I[A]: A=0.21 B=0.00 C=0.00 D=0.00 | duty[%]: A=30.0 B=0.0 C=0.0 D=0.0
  44.48s  t=44286 label=SWEEP_A_F130 | I[A]: A=0.23 B=0.00 C=0.00 D=0.00 | duty[%]: A=30.0 B=0.0 C=0.0 D=0.0
  44.68s  t=44487 label=SWEEP_A_F130 | I[A]: A=0.27 B=0.00 C=0.00 D=0.00 | duty[%]: A=30.0 B=0.0 C=0.0 D=0.0
  44.88s  t=44687 label=SWEEP_A_F130 | I[A]: A=0.23 B=0.00 C=0.00 D=0.00 | duty[%]: A=30.0 B=0.0 C=0.0 D=0.0
  45.08s  t=44888 label=SWEEP_A_F130 | I[A]: A=0.20 B=0.00 C=0.00 D=0.00 | duty[%]: A=30.0 B=0.0 C=0.0 D=0.0
  45.28s  t=45089 label=SWEEP_A_F130 | I[A]: A=0.28 B=0.00 C=0.00 D=0.00 | duty[%]: A=30.0 B=0.0 C=0.0 D=0.0
  45.48s  t=45289 label=SWEEP_A_F130 | I[A]: A=0.26 B=0.00 C=0.00 D=0.00 | duty[%]: A=30.0 B=0.0 C=0.0 D=0.0
  45.68s  t=45490 label=SWEEP_A_F130 | I[A]: A=0.21 B=0.00 C=0.00 D=0.00 | duty[%]: A=30.0 B=0.0 C=0.0 D=0.0
  45.88s  t=45690 label=SWEEP_A_F130 | I[A]: A=0.23 B=0.00 C=0.00 D=0.00 | duty[%]: A=30.0 B=0.0 C=0.0 D=0.0
  46.08s  t=45891 label=SWEEP_A_F130 | I[A]: A=0.29 B=0.00 C=0.00 D=0.00 | duty[%]: A=30.0 B=0.0 C=0.0 D=0.0
  46.28s  t=46091 label=SWEEP_A_F130 | I[A]: A=0.25 B=0.00 C=0.00 D=0.00 | duty[%]: A=30.0 B=0.0 C=0.0 D=0.0
  46.41s  t=46221 label=SWEEP_A_F140 | I[A]: A=0.23 B=0.00 C=0.00 D=0.00 | duty[%]: A=30.0 B=0.0 C=0.0 D=0.0
  46.48s  t=46291 label=SWEEP_A_F140 | I[A]: A=0.19 B=0.00 C=0.00 D=0.00 | duty[%]: A=30.0 B=0.0 C=0.0 D=0.0
  46.68s  t=46492 label=SWEEP_A_F140 | I[A]: A=0.28 B=0.00 C=0.00 D=0.00 | duty[%]: A=30.0 B=0.0 C=0.0 D=0.0
  46.88s  t=46693 label=SWEEP_A_F140 | I[A]: A=0.30 B=0.00 C=0.00 D=0.00 | duty[%]: A=30.0 B=0.0 C=0.0 D=0.0
  47.08s  t=46893 label=SWEEP_A_F140 | I[A]: A=0.26 B=0.00 C=0.00 D=0.00 | duty[%]: A=30.0 B=0.0 C=0.0 D=0.0
  47.28s  t=47094 label=SWEEP_A_F140 | I[A]: A=0.23 B=0.00 C=0.00 D=0.00 | duty[%]: A=30.0 B=0.0 C=0.0 D=0.0
  47.49s  t=47294 label=SWEEP_A_F140 | I[A]: A=0.27 B=0.00 C=0.00 D=0.00 | duty[%]: A=30.0 B=0.0 C=0.0 D=0.0
  47.69s  t=47495 label=SWEEP_A_F140 | I[A]: A=0.26 B=0.00 C=0.00 D=0.00 | duty[%]: A=30.0 B=0.0 C=0.0 D=0.0
  47.89s  t=47695 label=SWEEP_A_F140 | I[A]: A=0.24 B=0.00 C=0.00 D=0.00 | duty[%]: A=30.0 B=0.0 C=0.0 D=0.0
  48.09s  t=47896 label=SWEEP_A_F140 | I[A]: A=0.27 B=0.00 C=0.00 D=0.00 | duty[%]: A=30.0 B=0.0 C=0.0 D=0.0
  48.29s  t=48096 label=SWEEP_A_F140 | I[A]: A=0.30 B=0.00 C=0.00 D=0.00 | duty[%]: A=30.0 B=0.0 C=0.0 D=0.0
  48.49s  t=48297 label=SWEEP_A_F140 | I[A]: A=0.26 B=0.00 C=0.00 D=0.00 | duty[%]: A=30.0 B=0.0 C=0.0 D=0.0
  48.69s  t=48497 label=SWEEP_A_F140 | I[A]: A=0.23 B=0.00 C=0.00 D=0.00 | duty[%]: A=30.0 B=0.0 C=0.0 D=0.0
  48.89s  t=48698 label=SWEEP_A_F140 | I[A]: A=0.26 B=0.00 C=0.00 D=0.00 | duty[%]: A=30.0 B=0.0 C=0.0 D=0.0
  49.09s  t=48898 label=SWEEP_A_F140 | I[A]: A=0.29 B=0.00 C=0.00 D=0.00 | duty[%]: A=30.0 B=0.0 C=0.0 D=0.0
  49.21s  t=49022 label=SWEEP_A_F150 | I[A]: A=0.23 B=0.00 C=0.00 D=0.00 | duty[%]: A=30.0 B=0.0 C=0.0 D=0.0
  49.29s  t=49098 label=SWEEP_A_F150 | I[A]: A=0.24 B=0.00 C=0.00 D=0.00 | duty[%]: A=30.0 B=0.0 C=0.0 D=0.0
  49.49s  t=49299 label=SWEEP_A_F150 | I[A]: A=0.28 B=0.00 C=0.00 D=0.00 | duty[%]: A=30.0 B=0.0 C=0.0 D=0.0
  49.69s  t=49500 label=SWEEP_A_F150 | I[A]: A=0.28 B=0.00 C=0.00 D=0.00 | duty[%]: A=30.0 B=0.0 C=0.0 D=0.0
  49.89s  t=49700 label=SWEEP_A_F150 | I[A]: A=0.29 B=0.00 C=0.00 D=0.00 | duty[%]: A=30.0 B=0.0 C=0.0 D=0.0
  50.09s  t=49901 label=SWEEP_A_F150 | I[A]: A=0.29 B=0.00 C=0.00 D=0.00 | duty[%]: A=30.0 B=0.0 C=0.0 D=0.0
  50.29s  t=50101 label=SWEEP_A_F150 | I[A]: A=0.29 B=0.00 C=0.00 D=0.00 | duty[%]: A=30.0 B=0.0 C=0.0 D=0.0
  50.49s  t=50302 label=SWEEP_A_F150 | I[A]: A=0.30 B=0.00 C=0.00 D=0.00 | duty[%]: A=30.0 B=0.0 C=0.0 D=0.0
  50.69s  t=50502 label=SWEEP_A_F150 | I[A]: A=0.29 B=0.00 C=0.00 D=0.00 | duty[%]: A=30.0 B=0.0 C=0.0 D=0.0
  50.89s  t=50703 label=SWEEP_A_F150 | I[A]: A=0.27 B=0.00 C=0.00 D=0.00 | duty[%]: A=30.0 B=0.0 C=0.0 D=0.0
  51.09s  t=50903 label=SWEEP_A_F150 | I[A]: A=0.28 B=0.00 C=0.00 D=0.00 | duty[%]: A=30.0 B=0.0 C=0.0 D=0.0
  51.29s  t=51104 label=SWEEP_A_F150 | I[A]: A=0.29 B=0.00 C=0.00 D=0.00 | duty[%]: A=30.0 B=0.0 C=0.0 D=0.0
  51.50s  t=51304 label=SWEEP_A_F150 | I[A]: A=0.28 B=0.00 C=0.00 D=0.00 | duty[%]: A=30.0 B=0.0 C=0.0 D=0.0
  51.70s  t=51505 label=SWEEP_A_F150 | I[A]: A=0.29 B=0.00 C=0.00 D=0.00 | duty[%]: A=30.0 B=0.0 C=0.0 D=0.0
  51.90s  t=51705 label=SWEEP_A_F150 | I[A]: A=0.29 B=0.00 C=0.00 D=0.00 | duty[%]: A=30.0 B=0.0 C=0.0 D=0.0
  52.01s  t=51824 label=SWEEP_A_F160 | I[A]: A=0.30 B=0.00 C=0.00 D=0.00 | duty[%]: A=30.0 B=0.0 C=0.0 D=0.0
  52.10s  t=51906 label=SWEEP_A_F160 | I[A]: A=0.29 B=0.00 C=0.00 D=0.00 | duty[%]: A=30.0 B=0.0 C=0.0 D=0.0
  52.30s  t=52107 label=SWEEP_A_F160 | I[A]: A=0.29 B=0.00 C=0.00 D=0.00 | duty[%]: A=30.0 B=0.0 C=0.0 D=0.0
  52.50s  t=52307 label=SWEEP_A_F160 | I[A]: A=0.30 B=0.00 C=0.00 D=0.00 | duty[%]: A=30.0 B=0.0 C=0.0 D=0.0
  52.70s  t=52508 label=SWEEP_A_F160 | I[A]: A=0.30 B=0.00 C=0.00 D=0.00 | duty[%]: A=30.0 B=0.0 C=0.0 D=0.0
  52.90s  t=52708 label=SWEEP_A_F160 | I[A]: A=0.29 B=0.00 C=0.00 D=0.00 | duty[%]: A=30.0 B=0.0 C=0.0 D=0.0
  53.10s  t=52908 label=SWEEP_A_F160 | I[A]: A=0.28 B=0.00 C=0.00 D=0.00 | duty[%]: A=30.0 B=0.0 C=0.0 D=0.0
  53.30s  t=53109 label=SWEEP_A_F160 | I[A]: A=0.28 B=0.00 C=0.00 D=0.00 | duty[%]: A=30.0 B=0.0 C=0.0 D=0.0
  53.50s  t=53310 label=SWEEP_A_F160 | I[A]: A=0.29 B=0.00 C=0.00 D=0.00 | duty[%]: A=30.0 B=0.0 C=0.0 D=0.0
  53.70s  t=53510 label=SWEEP_A_F160 | I[A]: A=0.29 B=0.00 C=0.00 D=0.00 | duty[%]: A=30.0 B=0.0 C=0.0 D=0.0
  53.90s  t=53711 label=SWEEP_A_F160 | I[A]: A=0.30 B=0.00 C=0.00 D=0.00 | duty[%]: A=30.0 B=0.0 C=0.0 D=0.0
  54.10s  t=53911 label=SWEEP_A_F160 | I[A]: A=0.30 B=0.00 C=0.00 D=0.00 | duty[%]: A=30.0 B=0.0 C=0.0 D=0.0
  54.30s  t=54111 label=SWEEP_A_F160 | I[A]: A=0.27 B=0.00 C=0.00 D=0.00 | duty[%]: A=30.0 B=0.0 C=0.0 D=0.0
  54.50s  t=54312 label=SWEEP_A_F160 | I[A]: A=0.28 B=0.00 C=0.00 D=0.00 | duty[%]: A=30.0 B=0.0 C=0.0 D=0.0
  54.70s  t=54512 label=SWEEP_A_F160 | I[A]: A=0.30 B=0.00 C=0.00 D=0.00 | duty[%]: A=30.0 B=0.0 C=0.0 D=0.0
  54.82s  t=54625 label=SWEEP_A_F170 | I[A]: A=0.29 B=0.00 C=0.00 D=0.00 | duty[%]: A=30.0 B=0.0 C=0.0 D=0.0
  54.90s  t=54713 label=SWEEP_A_F170 | I[A]: A=0.31 B=0.00 C=0.00 D=0.00 | duty[%]: A=30.0 B=0.0 C=0.0 D=0.0
  55.10s  t=54913 label=SWEEP_A_F170 | I[A]: A=0.25 B=0.00 C=0.00 D=0.00 | duty[%]: A=30.0 B=0.0 C=0.0 D=0.0
  55.30s  t=55114 label=SWEEP_A_F170 | I[A]: A=0.26 B=0.00 C=0.00 D=0.00 | duty[%]: A=30.0 B=0.0 C=0.0 D=0.0
  55.51s  t=55315 label=SWEEP_A_F170 | I[A]: A=0.27 B=0.00 C=0.00 D=0.00 | duty[%]: A=30.0 B=0.0 C=0.0 D=0.0
  55.71s  t=55515 label=SWEEP_A_F170 | I[A]: A=0.26 B=0.00 C=0.00 D=0.00 | duty[%]: A=30.0 B=0.0 C=0.0 D=0.0
  55.91s  t=55716 label=SWEEP_A_F170 | I[A]: A=0.26 B=0.00 C=0.00 D=0.00 | duty[%]: A=30.0 B=0.0 C=0.0 D=0.0
  56.11s  t=55916 label=SWEEP_A_F170 | I[A]: A=0.25 B=0.00 C=0.00 D=0.00 | duty[%]: A=30.0 B=0.0 C=0.0 D=0.0
  56.31s  t=56117 label=SWEEP_A_F170 | I[A]: A=0.25 B=0.00 C=0.00 D=0.00 | duty[%]: A=30.0 B=0.0 C=0.0 D=0.0
  56.51s  t=56317 label=SWEEP_A_F170 | I[A]: A=0.26 B=0.00 C=0.00 D=0.00 | duty[%]: A=30.0 B=0.0 C=0.0 D=0.0
  56.71s  t=56518 label=SWEEP_A_F170 | I[A]: A=0.27 B=0.00 C=0.00 D=0.00 | duty[%]: A=30.0 B=0.0 C=0.0 D=0.0
  56.91s  t=56718 label=SWEEP_A_F170 | I[A]: A=0.28 B=0.00 C=0.00 D=0.00 | duty[%]: A=30.0 B=0.0 C=0.0 D=0.0
  57.11s  t=56919 label=SWEEP_A_F170 | I[A]: A=0.26 B=0.00 C=0.00 D=0.00 | duty[%]: A=30.0 B=0.0 C=0.0 D=0.0
  57.31s  t=57119 label=SWEEP_A_F170 | I[A]: A=0.25 B=0.00 C=0.00 D=0.00 | duty[%]: A=30.0 B=0.0 C=0.0 D=0.0
  57.51s  t=57320 label=SWEEP_A_F170 | I[A]: A=0.26 B=0.00 C=0.00 D=0.00 | duty[%]: A=30.0 B=0.0 C=0.0 D=0.0
  57.62s  t=57427 label=SWEEP_A_F180 | I[A]: A=0.26 B=0.00 C=0.00 D=0.00 | duty[%]: A=30.0 B=0.0 C=0.0 D=0.0
  57.71s  t=57520 label=SWEEP_A_F180 | I[A]: A=0.25 B=0.00 C=0.00 D=0.00 | duty[%]: A=30.0 B=0.0 C=0.0 D=0.0
  57.91s  t=57721 label=SWEEP_A_F180 | I[A]: A=0.22 B=0.00 C=0.00 D=0.00 | duty[%]: A=30.0 B=0.0 C=0.0 D=0.0
  58.11s  t=57921 label=SWEEP_A_F180 | I[A]: A=0.21 B=0.00 C=0.00 D=0.00 | duty[%]: A=30.0 B=0.0 C=0.0 D=0.0
  58.31s  t=58122 label=SWEEP_A_F180 | I[A]: A=0.21 B=0.00 C=0.00 D=0.00 | duty[%]: A=30.0 B=0.0 C=0.0 D=0.0
  58.51s  t=58322 label=SWEEP_A_F180 | I[A]: A=0.21 B=0.00 C=0.00 D=0.00 | duty[%]: A=30.0 B=0.0 C=0.0 D=0.0
  58.71s  t=58523 label=SWEEP_A_F180 | I[A]: A=0.21 B=0.00 C=0.00 D=0.00 | duty[%]: A=30.0 B=0.0 C=0.0 D=0.0
  58.91s  t=58723 label=SWEEP_A_F180 | I[A]: A=0.20 B=0.00 C=0.00 D=0.00 | duty[%]: A=30.0 B=0.0 C=0.0 D=0.0
  59.11s  t=58924 label=SWEEP_A_F180 | I[A]: A=0.20 B=0.00 C=0.00 D=0.00 | duty[%]: A=30.0 B=0.0 C=0.0 D=0.0
  59.31s  t=59124 label=SWEEP_A_F180 | I[A]: A=0.21 B=0.00 C=0.00 D=0.00 | duty[%]: A=30.0 B=0.0 C=0.0 D=0.0
  59.52s  t=59325 label=SWEEP_A_F180 | I[A]: A=0.22 B=0.00 C=0.00 D=0.00 | duty[%]: A=30.0 B=0.0 C=0.0 D=0.0
  59.72s  t=59525 label=SWEEP_A_F180 | I[A]: A=0.21 B=0.00 C=0.00 D=0.00 | duty[%]: A=30.0 B=0.0 C=0.0 D=0.0
  59.92s  t=59726 label=SWEEP_A_F180 | I[A]: A=0.19 B=0.00 C=0.00 D=0.00 | duty[%]: A=30.0 B=0.0 C=0.0 D=0.0
  60.12s  t=59926 label=SWEEP_A_F180 | I[A]: A=0.18 B=0.00 C=0.00 D=0.00 | duty[%]: A=30.0 B=0.0 C=0.0 D=0.0
  60.32s  t=60127 label=SWEEP_A_F180 | I[A]: A=0.21 B=0.00 C=0.00 D=0.00 | duty[%]: A=30.0 B=0.0 C=0.0 D=0.0
  60.42s  t=60228 label=SWEEP_A_F190 | I[A]: A=0.19 B=0.00 C=0.00 D=0.00 | duty[%]: A=30.0 B=0.0 C=0.0 D=0.0
  60.52s  t=60327 label=SWEEP_A_F190 | I[A]: A=0.20 B=0.00 C=0.00 D=0.00 | duty[%]: A=30.0 B=0.0 C=0.0 D=0.0
  60.72s  t=60527 label=SWEEP_A_F190 | I[A]: A=0.15 B=0.00 C=0.00 D=0.00 | duty[%]: A=30.0 B=0.0 C=0.0 D=0.0
  60.92s  t=60728 label=SWEEP_A_F190 | I[A]: A=0.16 B=0.00 C=0.00 D=0.00 | duty[%]: A=30.0 B=0.0 C=0.0 D=0.0
  61.12s  t=60929 label=SWEEP_A_F190 | I[A]: A=0.14 B=0.00 C=0.00 D=0.00 | duty[%]: A=30.0 B=0.0 C=0.0 D=0.0
  61.32s  t=61129 label=SWEEP_A_F190 | I[A]: A=0.13 B=0.00 C=0.00 D=0.00 | duty[%]: A=30.0 B=0.0 C=0.0 D=0.0
  61.52s  t=61330 label=SWEEP_A_F190 | I[A]: A=0.14 B=0.00 C=0.00 D=0.00 | duty[%]: A=30.0 B=0.0 C=0.0 D=0.0
  61.72s  t=61530 label=SWEEP_A_F190 | I[A]: A=0.14 B=0.00 C=0.00 D=0.00 | duty[%]: A=30.0 B=0.0 C=0.0 D=0.0
  61.92s  t=61731 label=SWEEP_A_F190 | I[A]: A=0.14 B=0.00 C=0.00 D=0.00 | duty[%]: A=30.0 B=0.0 C=0.0 D=0.0
  62.12s  t=61931 label=SWEEP_A_F190 | I[A]: A=0.15 B=0.00 C=0.00 D=0.00 | duty[%]: A=30.0 B=0.0 C=0.0 D=0.0
  62.32s  t=62132 label=SWEEP_A_F190 | I[A]: A=0.14 B=0.00 C=0.00 D=0.00 | duty[%]: A=30.0 B=0.0 C=0.0 D=0.0
  62.52s  t=62332 label=SWEEP_A_F190 | I[A]: A=0.14 B=0.00 C=0.00 D=0.00 | duty[%]: A=30.0 B=0.0 C=0.0 D=0.0
  62.72s  t=62533 label=SWEEP_A_F190 | I[A]: A=0.16 B=0.00 C=0.00 D=0.00 | duty[%]: A=30.0 B=0.0 C=0.0 D=0.0
  62.92s  t=62733 label=SWEEP_A_F190 | I[A]: A=0.15 B=0.00 C=0.00 D=0.00 | duty[%]: A=30.0 B=0.0 C=0.0 D=0.0
  63.12s  t=62934 label=SWEEP_A_F190 | I[A]: A=0.15 B=0.00 C=0.00 D=0.00 | duty[%]: A=30.0 B=0.0 C=0.0 D=0.0
  63.22s  t=63032 label=SWEEP_A_F200 | I[A]: A=0.14 B=0.00 C=0.00 D=0.00 | duty[%]: A=30.0 B=0.0 C=0.0 D=0.0
  63.32s  t=63134 label=SWEEP_A_F200 | I[A]: A=0.12 B=0.00 C=0.00 D=0.00 | duty[%]: A=30.0 B=0.0 C=0.0 D=0.0
  63.53s  t=63335 label=SWEEP_A_F200 | I[A]: A=0.09 B=0.00 C=0.00 D=0.00 | duty[%]: A=30.0 B=0.0 C=0.0 D=0.0
  63.73s  t=63536 label=SWEEP_A_F200 | I[A]: A=0.07 B=0.00 C=0.00 D=0.00 | duty[%]: A=30.0 B=0.0 C=0.0 D=0.0
  63.93s  t=63736 label=SWEEP_A_F200 | I[A]: A=0.07 B=0.00 C=0.00 D=0.00 | duty[%]: A=30.0 B=0.0 C=0.0 D=0.0
  64.13s  t=63937 label=SWEEP_A_F200 | I[A]: A=0.08 B=0.00 C=0.00 D=0.00 | duty[%]: A=30.0 B=0.0 C=0.0 D=0.0
  64.33s  t=64137 label=SWEEP_A_F200 | I[A]: A=0.09 B=0.00 C=0.00 D=0.00 | duty[%]: A=30.0 B=0.0 C=0.0 D=0.0
  64.53s  t=64338 label=SWEEP_A_F200 | I[A]: A=0.07 B=0.00 C=0.00 D=0.00 | duty[%]: A=30.0 B=0.0 C=0.0 D=0.0
  64.73s  t=64538 label=SWEEP_A_F200 | I[A]: A=0.08 B=0.00 C=0.00 D=0.00 | duty[%]: A=30.0 B=0.0 C=0.0 D=0.0
  64.93s  t=64739 label=SWEEP_A_F200 | I[A]: A=0.09 B=0.00 C=0.00 D=0.00 | duty[%]: A=30.0 B=0.0 C=0.0 D=0.0
  65.13s  t=64939 label=SWEEP_A_F200 | I[A]: A=0.08 B=0.00 C=0.00 D=0.00 | duty[%]: A=30.0 B=0.0 C=0.0 D=0.0
  65.33s  t=65140 label=SWEEP_A_F200 | I[A]: A=0.07 B=0.00 C=0.00 D=0.00 | duty[%]: A=30.0 B=0.0 C=0.0 D=0.0
  65.53s  t=65340 label=SWEEP_A_F200 | I[A]: A=0.09 B=0.00 C=0.00 D=0.00 | duty[%]: A=30.0 B=0.0 C=0.0 D=0.0
  65.73s  t=65541 label=SWEEP_A_F200 | I[A]: A=0.09 B=0.00 C=0.00 D=0.00 | duty[%]: A=30.0 B=0.0 C=0.0 D=0.0
  65.93s  t=65741 label=SWEEP_A_F200 | I[A]: A=0.09 B=0.00 C=0.00 D=0.00 | duty[%]: A=30.0 B=0.0 C=0.0 D=0.0
  66.02s  t=65834 label=SWEEP_A_F210 | I[A]: A=0.08 B=0.00 C=0.00 D=0.00 | duty[%]: A=30.0 B=0.0 C=0.0 D=0.0
  66.13s  t=65942 label=SWEEP_A_F210 | I[A]: A=0.08 B=0.00 C=0.00 D=0.00 | duty[%]: A=30.0 B=0.0 C=0.0 D=0.0
  66.33s  t=66143 label=SWEEP_A_F210 | I[A]: A=0.04 B=0.00 C=0.00 D=0.00 | duty[%]: A=30.0 B=0.0 C=0.0 D=0.0
  66.53s  t=66343 label=SWEEP_A_F210 | I[A]: A=0.03 B=0.00 C=0.00 D=0.00 | duty[%]: A=30.0 B=0.0 C=0.0 D=0.0
  66.73s  t=66544 label=SWEEP_A_F210 | I[A]: A=0.04 B=0.00 C=0.00 D=0.00 | duty[%]: A=30.0 B=0.0 C=0.0 D=0.0
  66.93s  t=66744 label=SWEEP_A_F210 | I[A]: A=0.04 B=0.00 C=0.00 D=0.00 | duty[%]: A=30.0 B=0.0 C=0.0 D=0.0
  67.13s  t=66944 label=SWEEP_A_F210 | I[A]: A=0.03 B=0.00 C=0.00 D=0.00 | duty[%]: A=30.0 B=0.0 C=0.0 D=0.0
  67.34s  t=67145 label=SWEEP_A_F210 | I[A]: A=0.04 B=0.00 C=0.00 D=0.00 | duty[%]: A=30.0 B=0.0 C=0.0 D=0.0
  67.54s  t=67345 label=SWEEP_A_F210 | I[A]: A=0.03 B=0.00 C=0.00 D=0.00 | duty[%]: A=30.0 B=0.0 C=0.0 D=0.0
  67.74s  t=67546 label=SWEEP_A_F210 | I[A]: A=0.04 B=0.00 C=0.00 D=0.00 | duty[%]: A=30.0 B=0.0 C=0.0 D=0.0
  67.94s  t=67746 label=SWEEP_A_F210 | I[A]: A=0.05 B=0.00 C=0.00 D=0.00 | duty[%]: A=30.0 B=0.0 C=0.0 D=0.0
  68.14s  t=67947 label=SWEEP_A_F210 | I[A]: A=0.04 B=0.00 C=0.00 D=0.00 | duty[%]: A=30.0 B=0.0 C=0.0 D=0.0
  68.34s  t=68147 label=SWEEP_A_F210 | I[A]: A=0.03 B=0.00 C=0.00 D=0.00 | duty[%]: A=30.0 B=0.0 C=0.0 D=0.0
  68.54s  t=68348 label=SWEEP_A_F210 | I[A]: A=0.03 B=0.00 C=0.00 D=0.00 | duty[%]: A=30.0 B=0.0 C=0.0 D=0.0
  68.74s  t=68548 label=SWEEP_A_F210 | I[A]: A=0.03 B=0.00 C=0.00 D=0.00 | duty[%]: A=30.0 B=0.0 C=0.0 D=0.0
  68.83s  t=68635 label=SWEEP_A_OFF | I[A]: A=0.03 B=0.00 C=0.00 D=0.00 | duty[%]: A=0.0 B=0.0 C=0.0 D=0.0
  68.94s  t=68749 label=SWEEP_A_OFF | I[A]: A=0.00 B=0.00 C=0.00 D=0.00 | duty[%]: A=0.0 B=0.0 C=0.0 D=0.0
  69.14s  t=68949 label=SWEEP_A_OFF | I[A]: A=0.00 B=0.00 C=0.00 D=0.00 | duty[%]: A=0.0 B=0.0 C=0.0 D=0.0
  69.34s  t=69149 label=SWEEP_A_OFF | I[A]: A=0.00 B=0.00 C=0.00 D=0.00 | duty[%]: A=0.0 B=0.0 C=0.0 D=0.0
  69.54s  t=69350 label=SWEEP_A_OFF | I[A]: A=0.00 B=0.00 C=0.00 D=0.00 | duty[%]: A=0.0 B=0.0 C=0.0 D=0.0
  69.74s  t=69550 label=SWEEP_A_OFF | I[A]: A=0.00 B=0.00 C=0.00 D=0.00 | duty[%]: A=0.0 B=0.0 C=0.0 D=0.0
  69.94s  t=69751 label=SWEEP_A_OFF | I[A]: A=0.00 B=0.00 C=0.00 D=0.00 | duty[%]: A=0.0 B=0.0 C=0.0 D=0.0
  70.14s  t=69951 label=SWEEP_A_OFF | I[A]: A=0.00 B=0.00 C=0.00 D=0.00 | duty[%]: A=0.0 B=0.0 C=0.0 D=0.0
  70.34s  t=70151 label=SWEEP_A_OFF | I[A]: A=0.00 B=0.00 C=0.00 D=0.00 | duty[%]: A=0.0 B=0.0 C=0.0 D=0.0
  70.54s  t=70352 label=SWEEP_A_OFF | I[A]: A=0.00 B=0.00 C=0.00 D=0.00 | duty[%]: A=0.0 B=0.0 C=0.0 D=0.0
  70.74s  t=70552 label=SWEEP_A_OFF | I[A]: A=0.00 B=0.00 C=0.00 D=0.00 | duty[%]: A=0.0 B=0.0 C=0.0 D=0.0
  70.94s  t=70753 label=SWEEP_A_OFF | I[A]: A=0.00 B=0.00 C=0.00 D=0.00 | duty[%]: A=0.0 B=0.0 C=0.0 D=0.0
  71.14s  t=70953 label=SWEEP_A_OFF | I[A]: A=0.00 B=0.00 C=0.00 D=0.00 | duty[%]: A=0.0 B=0.0 C=0.0 D=0.0
  71.34s  t=71153 label=SWEEP_A_OFF | I[A]: A=0.00 B=0.00 C=0.00 D=0.00 | duty[%]: A=0.0 B=0.0 C=0.0 D=0.0
  71.54s  t=71354 label=SWEEP_A_OFF | I[A]: A=0.00 B=0.00 C=0.00 D=0.00 | duty[%]: A=0.0 B=0.0 C=0.0 D=0.0
  71.74s  t=71554 label=SWEEP_A_OFF | I[A]: A=0.00 B=0.00 C=0.00 D=0.00 | duty[%]: A=0.0 B=0.0 C=0.0 D=0.0
  71.83s  t=71635 label=SWEEP_B_F1 | I[A]: A=0.00 B=0.00 C=0.00 D=0.00 | duty[%]: A=0.0 B=30.0 C=0.0 D=0.0
  71.94s  t=71754 label=SWEEP_B_F1 | I[A]: A=0.00 B=0.19 C=0.00 D=0.00 | duty[%]: A=0.0 B=30.0 C=0.0 D=0.0
  72.15s  t=71955 label=SWEEP_B_F1 | I[A]: A=0.00 B=0.07 C=0.00 D=0.00 | duty[%]: A=0.0 B=30.0 C=0.0 D=0.0
  72.35s  t=72156 label=SWEEP_B_F1 | I[A]: A=0.00 B=0.02 C=0.00 D=0.00 | duty[%]: A=0.0 B=30.0 C=0.0 D=0.0
  72.55s  t=72356 label=SWEEP_B_F1 | I[A]: A=0.00 B=0.00 C=0.00 D=0.00 | duty[%]: A=0.0 B=30.0 C=0.0 D=0.0
  72.75s  t=72557 label=SWEEP_B_F1 | I[A]: A=0.00 B=0.00 C=0.00 D=0.00 | duty[%]: A=0.0 B=30.0 C=0.0 D=0.0
  72.95s  t=72757 label=SWEEP_B_F1 | I[A]: A=0.00 B=0.00 C=0.00 D=0.00 | duty[%]: A=0.0 B=30.0 C=0.0 D=0.0
  73.15s  t=72958 label=SWEEP_B_F1 | I[A]: A=0.00 B=0.00 C=0.00 D=0.00 | duty[%]: A=0.0 B=30.0 C=0.0 D=0.0
  73.35s  t=73158 label=SWEEP_B_F1 | I[A]: A=0.00 B=0.01 C=0.00 D=0.00 | duty[%]: A=0.0 B=30.0 C=0.0 D=0.0
  73.55s  t=73359 label=SWEEP_B_F1 | I[A]: A=0.00 B=0.00 C=0.00 D=0.00 | duty[%]: A=0.0 B=30.0 C=0.0 D=0.0
  73.75s  t=73559 label=SWEEP_B_F1 | I[A]: A=0.00 B=0.00 C=0.00 D=0.00 | duty[%]: A=0.0 B=30.0 C=0.0 D=0.0
  73.95s  t=73760 label=SWEEP_B_F1 | I[A]: A=0.00 B=0.00 C=0.00 D=0.00 | duty[%]: A=0.0 B=30.0 C=0.0 D=0.0
  74.15s  t=73960 label=SWEEP_B_F1 | I[A]: A=0.00 B=0.00 C=0.00 D=0.00 | duty[%]: A=0.0 B=30.0 C=0.0 D=0.0
  74.35s  t=74161 label=SWEEP_B_F1 | I[A]: A=0.00 B=0.01 C=0.00 D=0.00 | duty[%]: A=0.0 B=30.0 C=0.0 D=0.0
  74.55s  t=74361 label=SWEEP_B_F1 | I[A]: A=0.00 B=0.00 C=0.00 D=0.00 | duty[%]: A=0.0 B=30.0 C=0.0 D=0.0
  74.63s  t=74437 label=SWEEP_B_F5 | I[A]: A=0.00 B=0.00 C=0.00 D=0.00 | duty[%]: A=0.0 B=30.0 C=0.0 D=0.0
  74.75s  t=74562 label=SWEEP_B_F5 | I[A]: A=0.00 B=0.02 C=0.00 D=0.00 | duty[%]: A=0.0 B=30.0 C=0.0 D=0.0
  74.95s  t=74763 label=SWEEP_B_F5 | I[A]: A=0.00 B=0.02 C=0.00 D=0.00 | duty[%]: A=0.0 B=30.0 C=0.0 D=0.0
  75.15s  t=74964 label=SWEEP_B_F5 | I[A]: A=0.00 B=0.02 C=0.00 D=0.00 | duty[%]: A=0.0 B=30.0 C=0.0 D=0.0
  75.35s  t=75164 label=SWEEP_B_F5 | I[A]: A=0.00 B=0.01 C=0.00 D=0.00 | duty[%]: A=0.0 B=30.0 C=0.0 D=0.0
  75.56s  t=75365 label=SWEEP_B_F5 | I[A]: A=0.00 B=0.01 C=0.00 D=0.00 | duty[%]: A=0.0 B=30.0 C=0.0 D=0.0
  75.76s  t=75565 label=SWEEP_B_F5 | I[A]: A=0.00 B=0.02 C=0.00 D=0.00 | duty[%]: A=0.0 B=30.0 C=0.0 D=0.0
  75.96s  t=75766 label=SWEEP_B_F5 | I[A]: A=0.00 B=0.01 C=0.00 D=0.00 | duty[%]: A=0.0 B=30.0 C=0.0 D=0.0
  76.16s  t=75966 label=SWEEP_B_F5 | I[A]: A=0.00 B=0.01 C=0.00 D=0.00 | duty[%]: A=0.0 B=30.0 C=0.0 D=0.0
  76.36s  t=76167 label=SWEEP_B_F5 | I[A]: A=0.00 B=0.02 C=0.00 D=0.00 | duty[%]: A=0.0 B=30.0 C=0.0 D=0.0
  76.56s  t=76367 label=SWEEP_B_F5 | I[A]: A=0.00 B=0.01 C=0.00 D=0.00 | duty[%]: A=0.0 B=30.0 C=0.0 D=0.0
  76.76s  t=76568 label=SWEEP_B_F5 | I[A]: A=0.00 B=0.01 C=0.00 D=0.00 | duty[%]: A=0.0 B=30.0 C=0.0 D=0.0
  76.96s  t=76769 label=SWEEP_B_F5 | I[A]: A=0.00 B=0.02 C=0.00 D=0.00 | duty[%]: A=0.0 B=30.0 C=0.0 D=0.0
  77.16s  t=76969 label=SWEEP_B_F5 | I[A]: A=0.00 B=0.01 C=0.00 D=0.00 | duty[%]: A=0.0 B=30.0 C=0.0 D=0.0
  77.36s  t=77170 label=SWEEP_B_F5 | I[A]: A=0.00 B=0.01 C=0.00 D=0.00 | duty[%]: A=0.0 B=30.0 C=0.0 D=0.0
  77.43s  t=77240 label=SWEEP_B_F10 | I[A]: A=0.00 B=0.01 C=0.00 D=0.00 | duty[%]: A=0.0 B=30.0 C=0.0 D=0.0
  77.56s  t=77371 label=SWEEP_B_F10 | I[A]: A=0.00 B=0.01 C=0.00 D=0.00 | duty[%]: A=0.0 B=30.0 C=0.0 D=0.0
  77.76s  t=77572 label=SWEEP_B_F10 | I[A]: A=0.00 B=0.05 C=0.00 D=0.00 | duty[%]: A=0.0 B=30.0 C=0.0 D=0.0
  77.96s  t=77772 label=SWEEP_B_F10 | I[A]: A=0.00 B=0.04 C=0.00 D=0.00 | duty[%]: A=0.0 B=30.0 C=0.0 D=0.0
  78.16s  t=77973 label=SWEEP_B_F10 | I[A]: A=0.00 B=0.01 C=0.00 D=0.00 | duty[%]: A=0.0 B=30.0 C=0.0 D=0.0
  78.36s  t=78173 label=SWEEP_B_F10 | I[A]: A=0.00 B=0.03 C=0.00 D=0.00 | duty[%]: A=0.0 B=30.0 C=0.0 D=0.0
  78.56s  t=78374 label=SWEEP_B_F10 | I[A]: A=0.00 B=0.04 C=0.00 D=0.00 | duty[%]: A=0.0 B=30.0 C=0.0 D=0.0
  78.77s  t=78574 label=SWEEP_B_F10 | I[A]: A=0.00 B=0.02 C=0.00 D=0.00 | duty[%]: A=0.0 B=30.0 C=0.0 D=0.0
  78.97s  t=78775 label=SWEEP_B_F10 | I[A]: A=0.00 B=0.03 C=0.00 D=0.00 | duty[%]: A=0.0 B=30.0 C=0.0 D=0.0
  79.17s  t=78976 label=SWEEP_B_F10 | I[A]: A=0.00 B=0.05 C=0.00 D=0.00 | duty[%]: A=0.0 B=30.0 C=0.0 D=0.0
  79.37s  t=79176 label=SWEEP_B_F10 | I[A]: A=0.00 B=0.03 C=0.00 D=0.00 | duty[%]: A=0.0 B=30.0 C=0.0 D=0.0
  79.57s  t=79377 label=SWEEP_B_F10 | I[A]: A=0.00 B=0.02 C=0.00 D=0.00 | duty[%]: A=0.0 B=30.0 C=0.0 D=0.0
  79.77s  t=79577 label=SWEEP_B_F10 | I[A]: A=0.00 B=0.04 C=0.00 D=0.00 | duty[%]: A=0.0 B=30.0 C=0.0 D=0.0
  79.97s  t=79778 label=SWEEP_B_F10 | I[A]: A=0.00 B=0.03 C=0.00 D=0.00 | duty[%]: A=0.0 B=30.0 C=0.0 D=0.0
  80.17s  t=79979 label=SWEEP_B_F10 | I[A]: A=0.00 B=0.02 C=0.00 D=0.00 | duty[%]: A=0.0 B=30.0 C=0.0 D=0.0
  80.23s  t=80043 label=SWEEP_B_F20 | I[A]: A=0.00 B=0.01 C=0.00 D=0.00 | duty[%]: A=0.0 B=30.0 C=0.0 D=0.0
  80.37s  t=80179 label=SWEEP_B_F20 | I[A]: A=0.00 B=0.07 C=0.00 D=0.00 | duty[%]: A=0.0 B=30.0 C=0.0 D=0.0
  80.57s  t=80380 label=SWEEP_B_F20 | I[A]: A=0.00 B=0.04 C=0.00 D=0.00 | duty[%]: A=0.0 B=30.0 C=0.0 D=0.0
  80.77s  t=80581 label=SWEEP_B_F20 | I[A]: A=0.00 B=0.07 C=0.00 D=0.00 | duty[%]: A=0.0 B=30.0 C=0.0 D=0.0
  80.97s  t=80781 label=SWEEP_B_F20 | I[A]: A=0.00 B=0.07 C=0.00 D=0.00 | duty[%]: A=0.0 B=30.0 C=0.0 D=0.0
  81.17s  t=80982 label=SWEEP_B_F20 | I[A]: A=0.00 B=0.05 C=0.00 D=0.00 | duty[%]: A=0.0 B=30.0 C=0.0 D=0.0
  81.37s  t=81183 label=SWEEP_B_F20 | I[A]: A=0.00 B=0.06 C=0.00 D=0.00 | duty[%]: A=0.0 B=30.0 C=0.0 D=0.0
  81.57s  t=81383 label=SWEEP_B_F20 | I[A]: A=0.00 B=0.07 C=0.00 D=0.00 | duty[%]: A=0.0 B=30.0 C=0.0 D=0.0
  81.77s  t=81584 label=SWEEP_B_F20 | I[A]: A=0.00 B=0.06 C=0.00 D=0.00 | duty[%]: A=0.0 B=30.0 C=0.0 D=0.0
  81.97s  t=81784 label=SWEEP_B_F20 | I[A]: A=0.00 B=0.04 C=0.00 D=0.00 | duty[%]: A=0.0 B=30.0 C=0.0 D=0.0
  82.17s  t=81985 label=SWEEP_B_F20 | I[A]: A=0.00 B=0.07 C=0.00 D=0.00 | duty[%]: A=0.0 B=30.0 C=0.0 D=0.0
  82.38s  t=82185 label=SWEEP_B_F20 | I[A]: A=0.00 B=0.06 C=0.00 D=0.00 | duty[%]: A=0.0 B=30.0 C=0.0 D=0.0
  82.58s  t=82386 label=SWEEP_B_F20 | I[A]: A=0.00 B=0.04 C=0.00 D=0.00 | duty[%]: A=0.0 B=30.0 C=0.0 D=0.0
  82.78s  t=82586 label=SWEEP_B_F20 | I[A]: A=0.00 B=0.06 C=0.00 D=0.00 | duty[%]: A=0.0 B=30.0 C=0.0 D=0.0
  82.98s  t=82787 label=SWEEP_B_F20 | I[A]: A=0.00 B=0.06 C=0.00 D=0.00 | duty[%]: A=0.0 B=30.0 C=0.0 D=0.0
  83.04s  t=82846 label=SWEEP_B_F30 | I[A]: A=0.00 B=0.06 C=0.00 D=0.00 | duty[%]: A=0.0 B=30.0 C=0.0 D=0.0
  83.18s  t=82987 label=SWEEP_B_F30 | I[A]: A=0.00 B=0.05 C=0.00 D=0.00 | duty[%]: A=0.0 B=30.0 C=0.0 D=0.0
  83.38s  t=83187 label=SWEEP_B_F30 | I[A]: A=0.00 B=0.04 C=0.00 D=0.00 | duty[%]: A=0.0 B=30.0 C=0.0 D=0.0
  83.58s  t=83387 label=SWEEP_B_F30 | I[A]: A=0.00 B=0.03 C=0.00 D=0.00 | duty[%]: A=0.0 B=30.0 C=0.0 D=0.0
  83.78s  t=83588 label=SWEEP_B_F30 | I[A]: A=0.00 B=0.08 C=0.00 D=0.00 | duty[%]: A=0.0 B=30.0 C=0.0 D=0.0
  83.98s  t=83788 label=SWEEP_B_F30 | I[A]: A=0.00 B=0.08 C=0.00 D=0.00 | duty[%]: A=0.0 B=30.0 C=0.0 D=0.0
  84.18s  t=83989 label=SWEEP_B_F30 | I[A]: A=0.00 B=0.02 C=0.00 D=0.00 | duty[%]: A=0.0 B=30.0 C=0.0 D=0.0
  84.38s  t=84189 label=SWEEP_B_F30 | I[A]: A=0.00 B=0.05 C=0.00 D=0.00 | duty[%]: A=0.0 B=30.0 C=0.0 D=0.0
  84.58s  t=84390 label=SWEEP_B_F30 | I[A]: A=0.00 B=0.08 C=0.00 D=0.00 | duty[%]: A=0.0 B=30.0 C=0.0 D=0.0
  84.78s  t=84591 label=SWEEP_B_F30 | I[A]: A=0.00 B=0.03 C=0.00 D=0.00 | duty[%]: A=0.0 B=30.0 C=0.0 D=0.0
  84.98s  t=84791 label=SWEEP_B_F30 | I[A]: A=0.00 B=0.08 C=0.00 D=0.00 | duty[%]: A=0.0 B=30.0 C=0.0 D=0.0
  85.18s  t=84992 label=SWEEP_B_F30 | I[A]: A=0.00 B=0.11 C=0.00 D=0.00 | duty[%]: A=0.0 B=30.0 C=0.0 D=0.0
  85.38s  t=85192 label=SWEEP_B_F30 | I[A]: A=0.00 B=0.03 C=0.00 D=0.00 | duty[%]: A=0.0 B=30.0 C=0.0 D=0.0
  85.58s  t=85393 label=SWEEP_B_F30 | I[A]: A=0.00 B=0.06 C=0.00 D=0.00 | duty[%]: A=0.0 B=30.0 C=0.0 D=0.0
  85.78s  t=85593 label=SWEEP_B_F30 | I[A]: A=0.00 B=0.11 C=0.00 D=0.00 | duty[%]: A=0.0 B=30.0 C=0.0 D=0.0
  85.84s  t=85649 label=SWEEP_B_F40 | I[A]: A=0.00 B=0.10 C=0.00 D=0.00 | duty[%]: A=0.0 B=30.0 C=0.0 D=0.0
  85.98s  t=85794 label=SWEEP_B_F40 | I[A]: A=0.00 B=0.03 C=0.00 D=0.00 | duty[%]: A=0.0 B=30.0 C=0.0 D=0.0
  86.18s  t=85995 label=SWEEP_B_F40 | I[A]: A=0.00 B=0.05 C=0.00 D=0.00 | duty[%]: A=0.0 B=30.0 C=0.0 D=0.0
  86.39s  t=86196 label=SWEEP_B_F40 | I[A]: A=0.00 B=0.06 C=0.00 D=0.00 | duty[%]: A=0.0 B=30.0 C=0.0 D=0.0
  86.59s  t=86396 label=SWEEP_B_F40 | I[A]: A=0.00 B=0.08 C=0.00 D=0.00 | duty[%]: A=0.0 B=30.0 C=0.0 D=0.0
  86.79s  t=86597 label=SWEEP_B_F40 | I[A]: A=0.00 B=0.08 C=0.00 D=0.00 | duty[%]: A=0.0 B=30.0 C=0.0 D=0.0
  86.99s  t=86797 label=SWEEP_B_F40 | I[A]: A=0.00 B=0.10 C=0.00 D=0.00 | duty[%]: A=0.0 B=30.0 C=0.0 D=0.0
  87.19s  t=86998 label=SWEEP_B_F40 | I[A]: A=0.00 B=0.10 C=0.00 D=0.00 | duty[%]: A=0.0 B=30.0 C=0.0 D=0.0
  87.39s  t=87198 label=SWEEP_B_F40 | I[A]: A=0.00 B=0.08 C=0.00 D=0.00 | duty[%]: A=0.0 B=30.0 C=0.0 D=0.0
  87.59s  t=87399 label=SWEEP_B_F40 | I[A]: A=0.00 B=0.09 C=0.00 D=0.00 | duty[%]: A=0.0 B=30.0 C=0.0 D=0.0
  87.79s  t=87599 label=SWEEP_B_F40 | I[A]: A=0.00 B=0.10 C=0.00 D=0.00 | duty[%]: A=0.0 B=30.0 C=0.0 D=0.0
  87.99s  t=87800 label=SWEEP_B_F40 | I[A]: A=0.00 B=0.08 C=0.00 D=0.00 | duty[%]: A=0.0 B=30.0 C=0.0 D=0.0
  88.19s  t=88001 label=SWEEP_B_F40 | I[A]: A=0.00 B=0.08 C=0.00 D=0.00 | duty[%]: A=0.0 B=30.0 C=0.0 D=0.0
  88.39s  t=88201 label=SWEEP_B_F40 | I[A]: A=0.00 B=0.09 C=0.00 D=0.00 | duty[%]: A=0.0 B=30.0 C=0.0 D=0.0
  88.59s  t=88402 label=SWEEP_B_F40 | I[A]: A=0.00 B=0.08 C=0.00 D=0.00 | duty[%]: A=0.0 B=30.0 C=0.0 D=0.0
  88.64s  t=88452 label=SWEEP_B_F50 | I[A]: A=0.00 B=0.09 C=0.00 D=0.00 | duty[%]: A=0.0 B=30.0 C=0.0 D=0.0
  88.79s  t=88602 label=SWEEP_B_F50 | I[A]: A=0.00 B=0.11 C=0.00 D=0.00 | duty[%]: A=0.0 B=30.0 C=0.0 D=0.0
  88.99s  t=88803 label=SWEEP_B_F50 | I[A]: A=0.00 B=0.11 C=0.00 D=0.00 | duty[%]: A=0.0 B=30.0 C=0.0 D=0.0
  89.19s  t=89004 label=SWEEP_B_F50 | I[A]: A=0.00 B=0.10 C=0.00 D=0.00 | duty[%]: A=0.0 B=30.0 C=0.0 D=0.0
  89.39s  t=89204 label=SWEEP_B_F50 | I[A]: A=0.00 B=0.09 C=0.00 D=0.00 | duty[%]: A=0.0 B=30.0 C=0.0 D=0.0
  89.59s  t=89405 label=SWEEP_B_F50 | I[A]: A=0.00 B=0.10 C=0.00 D=0.00 | duty[%]: A=0.0 B=30.0 C=0.0 D=0.0
  89.80s  t=89606 label=SWEEP_B_F50 | I[A]: A=0.00 B=0.10 C=0.00 D=0.00 | duty[%]: A=0.0 B=30.0 C=0.0 D=0.0
  90.00s  t=89806 label=SWEEP_B_F50 | I[A]: A=0.00 B=0.10 C=0.00 D=0.00 | duty[%]: A=0.0 B=30.0 C=0.0 D=0.0
  90.20s  t=90007 label=SWEEP_B_F50 | I[A]: A=0.00 B=0.10 C=0.00 D=0.00 | duty[%]: A=0.0 B=30.0 C=0.0 D=0.0
  90.40s  t=90207 label=SWEEP_B_F50 | I[A]: A=0.00 B=0.09 C=0.00 D=0.00 | duty[%]: A=0.0 B=30.0 C=0.0 D=0.0
  90.60s  t=90408 label=SWEEP_B_F50 | I[A]: A=0.00 B=0.09 C=0.00 D=0.00 | duty[%]: A=0.0 B=30.0 C=0.0 D=0.0
  90.80s  t=90609 label=SWEEP_B_F50 | I[A]: A=0.00 B=0.11 C=0.00 D=0.00 | duty[%]: A=0.0 B=30.0 C=0.0 D=0.0
  91.00s  t=90809 label=SWEEP_B_F50 | I[A]: A=0.00 B=0.10 C=0.00 D=0.00 | duty[%]: A=0.0 B=30.0 C=0.0 D=0.0
  91.20s  t=91010 label=SWEEP_B_F50 | I[A]: A=0.00 B=0.08 C=0.00 D=0.00 | duty[%]: A=0.0 B=30.0 C=0.0 D=0.0
  91.40s  t=91210 label=SWEEP_B_F50 | I[A]: A=0.00 B=0.10 C=0.00 D=0.00 | duty[%]: A=0.0 B=30.0 C=0.0 D=0.0
  91.44s  t=91255 label=SWEEP_B_F60 | I[A]: A=0.00 B=0.10 C=0.00 D=0.00 | duty[%]: A=0.0 B=30.0 C=0.0 D=0.0
  91.60s  t=91411 label=SWEEP_B_F60 | I[A]: A=0.00 B=0.15 C=0.00 D=0.00 | duty[%]: A=0.0 B=30.0 C=0.0 D=0.0
  91.80s  t=91612 label=SWEEP_B_F60 | I[A]: A=0.00 B=0.13 C=0.00 D=0.00 | duty[%]: A=0.0 B=30.0 C=0.0 D=0.0
  92.00s  t=91812 label=SWEEP_B_F60 | I[A]: A=0.00 B=0.12 C=0.00 D=0.00 | duty[%]: A=0.0 B=30.0 C=0.0 D=0.0
  92.20s  t=92013 label=SWEEP_B_F60 | I[A]: A=0.00 B=0.13 C=0.00 D=0.00 | duty[%]: A=0.0 B=30.0 C=0.0 D=0.0
  92.40s  t=92213 label=SWEEP_B_F60 | I[A]: A=0.00 B=0.12 C=0.00 D=0.00 | duty[%]: A=0.0 B=30.0 C=0.0 D=0.0
  92.60s  t=92414 label=SWEEP_B_F60 | I[A]: A=0.00 B=0.11 C=0.00 D=0.00 | duty[%]: A=0.0 B=30.0 C=0.0 D=0.0
  92.80s  t=92615 label=SWEEP_B_F60 | I[A]: A=0.00 B=0.12 C=0.00 D=0.00 | duty[%]: A=0.0 B=30.0 C=0.0 D=0.0
  93.01s  t=92815 label=SWEEP_B_F60 | I[A]: A=0.00 B=0.12 C=0.00 D=0.00 | duty[%]: A=0.0 B=30.0 C=0.0 D=0.0
  93.21s  t=93016 label=SWEEP_B_F60 | I[A]: A=0.00 B=0.11 C=0.00 D=0.00 | duty[%]: A=0.0 B=30.0 C=0.0 D=0.0
  93.41s  t=93216 label=SWEEP_B_F60 | I[A]: A=0.00 B=0.12 C=0.00 D=0.00 | duty[%]: A=0.0 B=30.0 C=0.0 D=0.0
  93.61s  t=93417 label=SWEEP_B_F60 | I[A]: A=0.00 B=0.11 C=0.00 D=0.00 | duty[%]: A=0.0 B=30.0 C=0.0 D=0.0
  93.81s  t=93618 label=SWEEP_B_F60 | I[A]: A=0.00 B=0.11 C=0.00 D=0.00 | duty[%]: A=0.0 B=30.0 C=0.0 D=0.0
  94.01s  t=93818 label=SWEEP_B_F60 | I[A]: A=0.00 B=0.12 C=0.00 D=0.00 | duty[%]: A=0.0 B=30.0 C=0.0 D=0.0
  94.21s  t=94019 label=SWEEP_B_F60 | I[A]: A=0.00 B=0.11 C=0.00 D=0.00 | duty[%]: A=0.0 B=30.0 C=0.0 D=0.0
  94.25s  t=94058 label=SWEEP_B_F70 | I[A]: A=0.00 B=0.11 C=0.00 D=0.00 | duty[%]: A=0.0 B=30.0 C=0.0 D=0.0
  94.41s  t=94219 label=SWEEP_B_F70 | I[A]: A=0.00 B=0.12 C=0.00 D=0.00 | duty[%]: A=0.0 B=30.0 C=0.0 D=0.0
  94.61s  t=94420 label=SWEEP_B_F70 | I[A]: A=0.00 B=0.12 C=0.00 D=0.00 | duty[%]: A=0.0 B=30.0 C=0.0 D=0.0
  94.81s  t=94621 label=SWEEP_B_F70 | I[A]: A=0.00 B=0.13 C=0.00 D=0.00 | duty[%]: A=0.0 B=30.0 C=0.0 D=0.0
  95.01s  t=94822 label=SWEEP_B_F70 | I[A]: A=0.00 B=0.16 C=0.00 D=0.00 | duty[%]: A=0.0 B=30.0 C=0.0 D=0.0
  95.21s  t=95022 label=SWEEP_B_F70 | I[A]: A=0.00 B=0.16 C=0.00 D=0.00 | duty[%]: A=0.0 B=30.0 C=0.0 D=0.0
  95.41s  t=95223 label=SWEEP_B_F70 | I[A]: A=0.00 B=0.14 C=0.00 D=0.00 | duty[%]: A=0.0 B=30.0 C=0.0 D=0.0
  95.61s  t=95423 label=SWEEP_B_F70 | I[A]: A=0.00 B=0.15 C=0.00 D=0.00 | duty[%]: A=0.0 B=30.0 C=0.0 D=0.0
  95.81s  t=95623 label=SWEEP_B_F70 | I[A]: A=0.00 B=0.15 C=0.00 D=0.00 | duty[%]: A=0.0 B=30.0 C=0.0 D=0.0
  96.01s  t=95824 label=SWEEP_B_F70 | I[A]: A=0.00 B=0.14 C=0.00 D=0.00 | duty[%]: A=0.0 B=30.0 C=0.0 D=0.0
  96.21s  t=96024 label=SWEEP_B_F70 | I[A]: A=0.00 B=0.13 C=0.00 D=0.00 | duty[%]: A=0.0 B=30.0 C=0.0 D=0.0
  96.42s  t=96225 label=SWEEP_B_F70 | I[A]: A=0.00 B=0.15 C=0.00 D=0.00 | duty[%]: A=0.0 B=30.0 C=0.0 D=0.0
  96.62s  t=96426 label=SWEEP_B_F70 | I[A]: A=0.00 B=0.15 C=0.00 D=0.00 | duty[%]: A=0.0 B=30.0 C=0.0 D=0.0
  96.82s  t=96626 label=SWEEP_B_F70 | I[A]: A=0.00 B=0.12 C=0.00 D=0.00 | duty[%]: A=0.0 B=30.0 C=0.0 D=0.0
  97.02s  t=96827 label=SWEEP_B_F70 | I[A]: A=0.00 B=0.13 C=0.00 D=0.00 | duty[%]: A=0.0 B=30.0 C=0.0 D=0.0
  97.05s  t=96860 label=SWEEP_B_F80 | I[A]: A=0.00 B=0.12 C=0.00 D=0.00 | duty[%]: A=0.0 B=30.0 C=0.0 D=0.0
  97.22s  t=97027 label=SWEEP_B_F80 | I[A]: A=0.00 B=0.14 C=0.00 D=0.00 | duty[%]: A=0.0 B=30.0 C=0.0 D=0.0
  97.42s  t=97228 label=SWEEP_B_F80 | I[A]: A=0.00 B=0.18 C=0.00 D=0.00 | duty[%]: A=0.0 B=30.0 C=0.0 D=0.0
  97.62s  t=97429 label=SWEEP_B_F80 | I[A]: A=0.00 B=0.15 C=0.00 D=0.00 | duty[%]: A=0.0 B=30.0 C=0.0 D=0.0
  97.82s  t=97629 label=SWEEP_B_F80 | I[A]: A=0.00 B=0.16 C=0.00 D=0.00 | duty[%]: A=0.0 B=30.0 C=0.0 D=0.0
  98.02s  t=97830 label=SWEEP_B_F80 | I[A]: A=0.00 B=0.16 C=0.00 D=0.00 | duty[%]: A=0.0 B=30.0 C=0.0 D=0.0
  98.22s  t=98030 label=SWEEP_B_F80 | I[A]: A=0.00 B=0.16 C=0.00 D=0.00 | duty[%]: A=0.0 B=30.0 C=0.0 D=0.0
  98.42s  t=98231 label=SWEEP_B_F80 | I[A]: A=0.00 B=0.15 C=0.00 D=0.00 | duty[%]: A=0.0 B=30.0 C=0.0 D=0.0
  98.62s  t=98432 label=SWEEP_B_F80 | I[A]: A=0.00 B=0.17 C=0.00 D=0.00 | duty[%]: A=0.0 B=30.0 C=0.0 D=0.0
  98.82s  t=98632 label=SWEEP_B_F80 | I[A]: A=0.00 B=0.14 C=0.00 D=0.00 | duty[%]: A=0.0 B=30.0 C=0.0 D=0.0
  99.02s  t=98833 label=SWEEP_B_F80 | I[A]: A=0.00 B=0.13 C=0.00 D=0.00 | duty[%]: A=0.0 B=30.0 C=0.0 D=0.0
  99.22s  t=99033 label=SWEEP_B_F80 | I[A]: A=0.00 B=0.15 C=0.00 D=0.00 | duty[%]: A=0.0 B=30.0 C=0.0 D=0.0
  99.42s  t=99234 label=SWEEP_B_F80 | I[A]: A=0.00 B=0.17 C=0.00 D=0.00 | duty[%]: A=0.0 B=30.0 C=0.0 D=0.0
  99.62s  t=99434 label=SWEEP_B_F80 | I[A]: A=0.00 B=0.18 C=0.00 D=0.00 | duty[%]: A=0.0 B=30.0 C=0.0 D=0.0
  99.83s  t=99635 label=SWEEP_B_F80 | I[A]: A=0.00 B=0.16 C=0.00 D=0.00 | duty[%]: A=0.0 B=30.0 C=0.0 D=0.0
  99.85s  t=99662 label=SWEEP_B_F90 | I[A]: A=0.00 B=0.15 C=0.00 D=0.00 | duty[%]: A=0.0 B=30.0 C=0.0 D=0.0
 100.03s  t=99835 label=SWEEP_B_F90 | I[A]: A=0.00 B=0.17 C=0.00 D=0.00 | duty[%]: A=0.0 B=30.0 C=0.0 D=0.0
 100.23s  t=100036 label=SWEEP_B_F90 | I[A]: A=0.00 B=0.10 C=0.00 D=0.00 | duty[%]: A=0.0 B=30.0 C=0.0 D=0.0
 100.43s  t=100237 label=SWEEP_B_F90 | I[A]: A=0.00 B=0.10 C=0.00 D=0.00 | duty[%]: A=0.0 B=30.0 C=0.0 D=0.0
 100.63s  t=100437 label=SWEEP_B_F90 | I[A]: A=0.00 B=0.27 C=0.00 D=0.00 | duty[%]: A=0.0 B=30.0 C=0.0 D=0.0
 100.83s  t=100638 label=SWEEP_B_F90 | I[A]: A=0.00 B=0.22 C=0.00 D=0.00 | duty[%]: A=0.0 B=30.0 C=0.0 D=0.0
 101.03s  t=100838 label=SWEEP_B_F90 | I[A]: A=0.00 B=0.05 C=0.00 D=0.00 | duty[%]: A=0.0 B=30.0 C=0.0 D=0.0
 101.23s  t=101039 label=SWEEP_B_F90 | I[A]: A=0.00 B=0.20 C=0.00 D=0.00 | duty[%]: A=0.0 B=30.0 C=0.0 D=0.0
 101.43s  t=101239 label=SWEEP_B_F90 | I[A]: A=0.00 B=0.30 C=0.00 D=0.00 | duty[%]: A=0.0 B=30.0 C=0.0 D=0.0
 101.63s  t=101440 label=SWEEP_B_F90 | I[A]: A=0.00 B=0.12 C=0.00 D=0.00 | duty[%]: A=0.0 B=30.0 C=0.0 D=0.0
 101.83s  t=101641 label=SWEEP_B_F90 | I[A]: A=0.00 B=0.11 C=0.00 D=0.00 | duty[%]: A=0.0 B=30.0 C=0.0 D=0.0
 102.03s  t=101841 label=SWEEP_B_F90 | I[A]: A=0.00 B=0.28 C=0.00 D=0.00 | duty[%]: A=0.0 B=30.0 C=0.0 D=0.0
 102.23s  t=102042 label=SWEEP_B_F90 | I[A]: A=0.00 B=0.18 C=0.00 D=0.00 | duty[%]: A=0.0 B=30.0 C=0.0 D=0.0
 102.43s  t=102242 label=SWEEP_B_F90 | I[A]: A=0.00 B=0.07 C=0.00 D=0.00 | duty[%]: A=0.0 B=30.0 C=0.0 D=0.0
 102.63s  t=102443 label=SWEEP_B_F90 | I[A]: A=0.00 B=0.27 C=0.00 D=0.00 | duty[%]: A=0.0 B=30.0 C=0.0 D=0.0
 102.66s  t=102465 label=SWEEP_B_F100 | I[A]: A=0.00 B=0.25 C=0.00 D=0.00 | duty[%]: A=0.0 B=30.0 C=0.0 D=0.0
 102.83s  t=102644 label=SWEEP_B_F100 | I[A]: A=0.00 B=0.18 C=0.00 D=0.00 | duty[%]: A=0.0 B=30.0 C=0.0 D=0.0
 103.03s  t=102844 label=SWEEP_B_F100 | I[A]: A=0.00 B=0.19 C=0.00 D=0.00 | duty[%]: A=0.0 B=30.0 C=0.0 D=0.0
 103.24s  t=103045 label=SWEEP_B_F100 | I[A]: A=0.00 B=0.21 C=0.00 D=0.00 | duty[%]: A=0.0 B=30.0 C=0.0 D=0.0
 103.44s  t=103246 label=SWEEP_B_F100 | I[A]: A=0.00 B=0.20 C=0.00 D=0.00 | duty[%]: A=0.0 B=30.0 C=0.0 D=0.0
 103.64s  t=103446 label=SWEEP_B_F100 | I[A]: A=0.00 B=0.18 C=0.00 D=0.00 | duty[%]: A=0.0 B=30.0 C=0.0 D=0.0
 103.84s  t=103647 label=SWEEP_B_F100 | I[A]: A=0.00 B=0.20 C=0.00 D=0.00 | duty[%]: A=0.0 B=30.0 C=0.0 D=0.0
 104.04s  t=103847 label=SWEEP_B_F100 | I[A]: A=0.00 B=0.21 C=0.00 D=0.00 | duty[%]: A=0.0 B=30.0 C=0.0 D=0.0
 104.24s  t=104048 label=SWEEP_B_F100 | I[A]: A=0.00 B=0.20 C=0.00 D=0.00 | duty[%]: A=0.0 B=30.0 C=0.0 D=0.0
 104.44s  t=104248 label=SWEEP_B_F100 | I[A]: A=0.00 B=0.21 C=0.00 D=0.00 | duty[%]: A=0.0 B=30.0 C=0.0 D=0.0
 104.64s  t=104449 label=SWEEP_B_F100 | I[A]: A=0.00 B=0.21 C=0.00 D=0.00 | duty[%]: A=0.0 B=30.0 C=0.0 D=0.0
 104.84s  t=104650 label=SWEEP_B_F100 | I[A]: A=0.00 B=0.20 C=0.00 D=0.00 | duty[%]: A=0.0 B=30.0 C=0.0 D=0.0
 105.04s  t=104850 label=SWEEP_B_F100 | I[A]: A=0.00 B=0.21 C=0.00 D=0.00 | duty[%]: A=0.0 B=30.0 C=0.0 D=0.0
 105.24s  t=105051 label=SWEEP_B_F100 | I[A]: A=0.00 B=0.20 C=0.00 D=0.00 | duty[%]: A=0.0 B=30.0 C=0.0 D=0.0
 105.44s  t=105251 label=SWEEP_B_F100 | I[A]: A=0.00 B=0.19 C=0.00 D=0.00 | duty[%]: A=0.0 B=30.0 C=0.0 D=0.0
 105.46s  t=105268 label=SWEEP_B_F110 | I[A]: A=0.00 B=0.18 C=0.00 D=0.00 | duty[%]: A=0.0 B=30.0 C=0.0 D=0.0
 105.64s  t=105452 label=SWEEP_B_F110 | I[A]: A=0.00 B=0.19 C=0.00 D=0.00 | duty[%]: A=0.0 B=30.0 C=0.0 D=0.0
 105.84s  t=105653 label=SWEEP_B_F110 | I[A]: A=0.00 B=0.22 C=0.00 D=0.00 | duty[%]: A=0.0 B=30.0 C=0.0 D=0.0
 106.04s  t=105853 label=SWEEP_B_F110 | I[A]: A=0.00 B=0.23 C=0.00 D=0.00 | duty[%]: A=0.0 B=30.0 C=0.0 D=0.0
 106.24s  t=106054 label=SWEEP_B_F110 | I[A]: A=0.00 B=0.23 C=0.00 D=0.00 | duty[%]: A=0.0 B=30.0 C=0.0 D=0.0
 106.44s  t=106254 label=SWEEP_B_F110 | I[A]: A=0.00 B=0.20 C=0.00 D=0.00 | duty[%]: A=0.0 B=30.0 C=0.0 D=0.0
 106.65s  t=106455 label=SWEEP_B_F110 | I[A]: A=0.00 B=0.22 C=0.00 D=0.00 | duty[%]: A=0.0 B=30.0 C=0.0 D=0.0
 106.85s  t=106655 label=SWEEP_B_F110 | I[A]: A=0.00 B=0.22 C=0.00 D=0.00 | duty[%]: A=0.0 B=30.0 C=0.0 D=0.0
 107.05s  t=106856 label=SWEEP_B_F110 | I[A]: A=0.00 B=0.24 C=0.00 D=0.00 | duty[%]: A=0.0 B=30.0 C=0.0 D=0.0
 107.25s  t=107057 label=SWEEP_B_F110 | I[A]: A=0.00 B=0.22 C=0.00 D=0.00 | duty[%]: A=0.0 B=30.0 C=0.0 D=0.0
 107.45s  t=107257 label=SWEEP_B_F110 | I[A]: A=0.00 B=0.21 C=0.00 D=0.00 | duty[%]: A=0.0 B=30.0 C=0.0 D=0.0
 107.65s  t=107458 label=SWEEP_B_F110 | I[A]: A=0.00 B=0.23 C=0.00 D=0.00 | duty[%]: A=0.0 B=30.0 C=0.0 D=0.0
 107.85s  t=107658 label=SWEEP_B_F110 | I[A]: A=0.00 B=0.22 C=0.00 D=0.00 | duty[%]: A=0.0 B=30.0 C=0.0 D=0.0
 108.05s  t=107859 label=SWEEP_B_F110 | I[A]: A=0.00 B=0.21 C=0.00 D=0.00 | duty[%]: A=0.0 B=30.0 C=0.0 D=0.0
 108.25s  t=108059 label=SWEEP_B_F110 | I[A]: A=0.00 B=0.21 C=0.00 D=0.00 | duty[%]: A=0.0 B=30.0 C=0.0 D=0.0
 108.26s  t=108070 label=SWEEP_B_F120 | I[A]: A=0.00 B=0.22 C=0.00 D=0.00 | duty[%]: A=0.0 B=30.0 C=0.0 D=0.0
 108.45s  t=108260 label=SWEEP_B_F120 | I[A]: A=0.00 B=0.25 C=0.00 D=0.00 | duty[%]: A=0.0 B=30.0 C=0.0 D=0.0
 108.65s  t=108461 label=SWEEP_B_F120 | I[A]: A=0.00 B=0.24 C=0.00 D=0.00 | duty[%]: A=0.0 B=30.0 C=0.0 D=0.0
 108.85s  t=108662 label=SWEEP_B_F120 | I[A]: A=0.00 B=0.24 C=0.00 D=0.00 | duty[%]: A=0.0 B=30.0 C=0.0 D=0.0
 109.05s  t=108862 label=SWEEP_B_F120 | I[A]: A=0.00 B=0.26 C=0.00 D=0.00 | duty[%]: A=0.0 B=30.0 C=0.0 D=0.0
 109.25s  t=109063 label=SWEEP_B_F120 | I[A]: A=0.00 B=0.26 C=0.00 D=0.00 | duty[%]: A=0.0 B=30.0 C=0.0 D=0.0
 109.45s  t=109263 label=SWEEP_B_F120 | I[A]: A=0.00 B=0.24 C=0.00 D=0.00 | duty[%]: A=0.0 B=30.0 C=0.0 D=0.0
 109.65s  t=109464 label=SWEEP_B_F120 | I[A]: A=0.00 B=0.25 C=0.00 D=0.00 | duty[%]: A=0.0 B=30.0 C=0.0 D=0.0
 109.85s  t=109664 label=SWEEP_B_F120 | I[A]: A=0.00 B=0.25 C=0.00 D=0.00 | duty[%]: A=0.0 B=30.0 C=0.0 D=0.0
 110.06s  t=109865 label=SWEEP_B_F120 | I[A]: A=0.00 B=0.22 C=0.00 D=0.00 | duty[%]: A=0.0 B=30.0 C=0.0 D=0.0
 110.26s  t=110065 label=SWEEP_B_F120 | I[A]: A=0.00 B=0.25 C=0.00 D=0.00 | duty[%]: A=0.0 B=30.0 C=0.0 D=0.0
 110.46s  t=110266 label=SWEEP_B_F120 | I[A]: A=0.00 B=0.26 C=0.00 D=0.00 | duty[%]: A=0.0 B=30.0 C=0.0 D=0.0
 110.66s  t=110467 label=SWEEP_B_F120 | I[A]: A=0.00 B=0.28 C=0.00 D=0.00 | duty[%]: A=0.0 B=30.0 C=0.0 D=0.0
 110.86s  t=110667 label=SWEEP_B_F120 | I[A]: A=0.00 B=0.25 C=0.00 D=0.00 | duty[%]: A=0.0 B=30.0 C=0.0 D=0.0
 111.06s  t=110868 label=SWEEP_B_F120 | I[A]: A=0.00 B=0.25 C=0.00 D=0.00 | duty[%]: A=0.0 B=30.0 C=0.0 D=0.0
 111.07s  t=110873 label=SWEEP_B_F130 | I[A]: A=0.00 B=0.27 C=0.00 D=0.00 | duty[%]: A=0.0 B=30.0 C=0.0 D=0.0
 111.26s  t=111069 label=SWEEP_B_F130 | I[A]: A=0.00 B=0.23 C=0.00 D=0.00 | duty[%]: A=0.0 B=30.0 C=0.0 D=0.0
 111.46s  t=111270 label=SWEEP_B_F130 | I[A]: A=0.00 B=0.30 C=0.00 D=0.00 | duty[%]: A=0.0 B=30.0 C=0.0 D=0.0
 111.66s  t=111470 label=SWEEP_B_F130 | I[A]: A=0.00 B=0.24 C=0.00 D=0.00 | duty[%]: A=0.0 B=30.0 C=0.0 D=0.0
 111.86s  t=111671 label=SWEEP_B_F130 | I[A]: A=0.00 B=0.24 C=0.00 D=0.00 | duty[%]: A=0.0 B=30.0 C=0.0 D=0.0
 112.06s  t=111872 label=SWEEP_B_F130 | I[A]: A=0.00 B=0.32 C=0.00 D=0.00 | duty[%]: A=0.0 B=30.0 C=0.0 D=0.0
 112.26s  t=112072 label=SWEEP_B_F130 | I[A]: A=0.00 B=0.29 C=0.00 D=0.00 | duty[%]: A=0.0 B=30.0 C=0.0 D=0.0
 112.46s  t=112273 label=SWEEP_B_F130 | I[A]: A=0.00 B=0.24 C=0.00 D=0.00 | duty[%]: A=0.0 B=30.0 C=0.0 D=0.0
 112.66s  t=112473 label=SWEEP_B_F130 | I[A]: A=0.00 B=0.28 C=0.00 D=0.00 | duty[%]: A=0.0 B=30.0 C=0.0 D=0.0
 112.86s  t=112674 label=SWEEP_B_F130 | I[A]: A=0.00 B=0.30 C=0.00 D=0.00 | duty[%]: A=0.0 B=30.0 C=0.0 D=0.0
 113.06s  t=112874 label=SWEEP_B_F130 | I[A]: A=0.00 B=0.24 C=0.00 D=0.00 | duty[%]: A=0.0 B=30.0 C=0.0 D=0.0
 113.27s  t=113075 label=SWEEP_B_F130 | I[A]: A=0.00 B=0.25 C=0.00 D=0.00 | duty[%]: A=0.0 B=30.0 C=0.0 D=0.0
 113.47s  t=113275 label=SWEEP_B_F130 | I[A]: A=0.00 B=0.31 C=0.00 D=0.00 | duty[%]: A=0.0 B=30.0 C=0.0 D=0.0
 113.67s  t=113476 label=SWEEP_B_F130 | I[A]: A=0.00 B=0.28 C=0.00 D=0.00 | duty[%]: A=0.0 B=30.0 C=0.0 D=0.0
 113.87s  t=113675 label=SWEEP_B_F140 | I[A]: A=0.00 B=0.23 C=0.00 D=0.00 | duty[%]: A=0.0 B=30.0 C=0.0 D=0.0
 113.87s  t=113678 label=SWEEP_B_F140 | I[A]: A=0.00 B=0.21 C=0.00 D=0.00 | duty[%]: A=0.0 B=30.0 C=0.0 D=0.0
 114.07s  t=113878 label=SWEEP_B_F140 | I[A]: A=0.00 B=0.28 C=0.00 D=0.00 | duty[%]: A=0.0 B=30.0 C=0.0 D=0.0
 114.27s  t=114079 label=SWEEP_B_F140 | I[A]: A=0.00 B=0.30 C=0.00 D=0.00 | duty[%]: A=0.0 B=30.0 C=0.0 D=0.0
 114.47s  t=114279 label=SWEEP_B_F140 | I[A]: A=0.00 B=0.30 C=0.00 D=0.00 | duty[%]: A=0.0 B=30.0 C=0.0 D=0.0
 114.67s  t=114480 label=SWEEP_B_F140 | I[A]: A=0.00 B=0.26 C=0.00 D=0.00 | duty[%]: A=0.0 B=30.0 C=0.0 D=0.0
 114.87s  t=114680 label=SWEEP_B_F140 | I[A]: A=0.00 B=0.31 C=0.00 D=0.00 | duty[%]: A=0.0 B=30.0 C=0.0 D=0.0
 115.07s  t=114881 label=SWEEP_B_F140 | I[A]: A=0.00 B=0.32 C=0.00 D=0.00 | duty[%]: A=0.0 B=30.0 C=0.0 D=0.0
 115.27s  t=115082 label=SWEEP_B_F140 | I[A]: A=0.00 B=0.25 C=0.00 D=0.00 | duty[%]: A=0.0 B=30.0 C=0.0 D=0.0
 115.47s  t=115282 label=SWEEP_B_F140 | I[A]: A=0.00 B=0.28 C=0.00 D=0.00 | duty[%]: A=0.0 B=30.0 C=0.0 D=0.0
 115.67s  t=115483 label=SWEEP_B_F140 | I[A]: A=0.00 B=0.34 C=0.00 D=0.00 | duty[%]: A=0.0 B=30.0 C=0.0 D=0.0
 115.87s  t=115683 label=SWEEP_B_F140 | I[A]: A=0.00 B=0.27 C=0.00 D=0.00 | duty[%]: A=0.0 B=30.0 C=0.0 D=0.0
 116.07s  t=115884 label=SWEEP_B_F140 | I[A]: A=0.00 B=0.31 C=0.00 D=0.00 | duty[%]: A=0.0 B=30.0 C=0.0 D=0.0
 116.27s  t=116084 label=SWEEP_B_F140 | I[A]: A=0.00 B=0.33 C=0.00 D=0.00 | duty[%]: A=0.0 B=30.0 C=0.0 D=0.0
 116.47s  t=116284 label=SWEEP_B_F140 | I[A]: A=0.00 B=0.32 C=0.00 D=0.00 | duty[%]: A=0.0 B=30.0 C=0.0 D=0.0
 116.67s  t=116478 label=SWEEP_B_F150 | I[A]: A=0.00 B=0.26 C=0.00 D=0.00 | duty[%]: A=0.0 B=30.0 C=0.0 D=0.0
 116.68s  t=116485 label=SWEEP_B_F150 | I[A]: A=0.00 B=0.23 C=0.00 D=0.00 | duty[%]: A=0.0 B=30.0 C=0.0 D=0.0
 116.88s  t=116686 label=SWEEP_B_F150 | I[A]: A=0.00 B=0.30 C=0.00 D=0.00 | duty[%]: A=0.0 B=30.0 C=0.0 D=0.0
 117.08s  t=116886 label=SWEEP_B_F150 | I[A]: A=0.00 B=0.32 C=0.00 D=0.00 | duty[%]: A=0.0 B=30.0 C=0.0 D=0.0
 117.28s  t=117087 label=SWEEP_B_F150 | I[A]: A=0.00 B=0.32 C=0.00 D=0.00 | duty[%]: A=0.0 B=30.0 C=0.0 D=0.0
 117.48s  t=117287 label=SWEEP_B_F150 | I[A]: A=0.00 B=0.33 C=0.00 D=0.00 | duty[%]: A=0.0 B=30.0 C=0.0 D=0.0
 117.68s  t=117488 label=SWEEP_B_F150 | I[A]: A=0.00 B=0.35 C=0.00 D=0.00 | duty[%]: A=0.0 B=30.0 C=0.0 D=0.0
 117.88s  t=117688 label=SWEEP_B_F150 | I[A]: A=0.00 B=0.33 C=0.00 D=0.00 | duty[%]: A=0.0 B=30.0 C=0.0 D=0.0
 118.08s  t=117889 label=SWEEP_B_F150 | I[A]: A=0.00 B=0.32 C=0.00 D=0.00 | duty[%]: A=0.0 B=30.0 C=0.0 D=0.0
 118.28s  t=118090 label=SWEEP_B_F150 | I[A]: A=0.00 B=0.32 C=0.00 D=0.00 | duty[%]: A=0.0 B=30.0 C=0.0 D=0.0
 118.48s  t=118290 label=SWEEP_B_F150 | I[A]: A=0.00 B=0.32 C=0.00 D=0.00 | duty[%]: A=0.0 B=30.0 C=0.0 D=0.0
 118.68s  t=118491 label=SWEEP_B_F150 | I[A]: A=0.00 B=0.32 C=0.00 D=0.00 | duty[%]: A=0.0 B=30.0 C=0.0 D=0.0
 118.88s  t=118691 label=SWEEP_B_F150 | I[A]: A=0.00 B=0.36 C=0.00 D=0.00 | duty[%]: A=0.0 B=30.0 C=0.0 D=0.0
 119.08s  t=118892 label=SWEEP_B_F150 | I[A]: A=0.00 B=0.31 C=0.00 D=0.00 | duty[%]: A=0.0 B=30.0 C=0.0 D=0.0
 119.28s  t=119092 label=SWEEP_B_F150 | I[A]: A=0.00 B=0.33 C=0.00 D=0.00 | duty[%]: A=0.0 B=30.0 C=0.0 D=0.0
 119.47s  t=119280 label=SWEEP_B_F160 | I[A]: A=0.00 B=0.33 C=0.00 D=0.00 | duty[%]: A=0.0 B=30.0 C=0.0 D=0.0
 119.48s  t=119293 label=SWEEP_B_F160 | I[A]: A=0.00 B=0.31 C=0.00 D=0.00 | duty[%]: A=0.0 B=30.0 C=0.0 D=0.0
 119.68s  t=119493 label=SWEEP_B_F160 | I[A]: A=0.00 B=0.34 C=0.00 D=0.00 | duty[%]: A=0.0 B=30.0 C=0.0 D=0.0
 119.88s  t=119693 label=SWEEP_B_F160 | I[A]: A=0.00 B=0.34 C=0.00 D=0.00 | duty[%]: A=0.0 B=30.0 C=0.0 D=0.0
 120.08s  t=119893 label=SWEEP_B_F160 | I[A]: A=0.00 B=0.33 C=0.00 D=0.00 | duty[%]: A=0.0 B=30.0 C=0.0 D=0.0
 120.28s  t=120094 label=SWEEP_B_F160 | I[A]: A=0.00 B=0.34 C=0.00 D=0.00 | duty[%]: A=0.0 B=30.0 C=0.0 D=0.0
 120.48s  t=120294 label=SWEEP_B_F160 | I[A]: A=0.00 B=0.34 C=0.00 D=0.00 | duty[%]: A=0.0 B=30.0 C=0.0 D=0.0
 120.68s  t=120495 label=SWEEP_B_F160 | I[A]: A=0.00 B=0.35 C=0.00 D=0.00 | duty[%]: A=0.0 B=30.0 C=0.0 D=0.0
 120.89s  t=120695 label=SWEEP_B_F160 | I[A]: A=0.00 B=0.31 C=0.00 D=0.00 | duty[%]: A=0.0 B=30.0 C=0.0 D=0.0
 121.09s  t=120896 label=SWEEP_B_F160 | I[A]: A=0.00 B=0.31 C=0.00 D=0.00 | duty[%]: A=0.0 B=30.0 C=0.0 D=0.0
 121.29s  t=121096 label=SWEEP_B_F160 | I[A]: A=0.00 B=0.33 C=0.00 D=0.00 | duty[%]: A=0.0 B=30.0 C=0.0 D=0.0
 121.49s  t=121297 label=SWEEP_B_F160 | I[A]: A=0.00 B=0.33 C=0.00 D=0.00 | duty[%]: A=0.0 B=30.0 C=0.0 D=0.0
 121.69s  t=121497 label=SWEEP_B_F160 | I[A]: A=0.00 B=0.34 C=0.00 D=0.00 | duty[%]: A=0.0 B=30.0 C=0.0 D=0.0
 121.89s  t=121698 label=SWEEP_B_F160 | I[A]: A=0.00 B=0.34 C=0.00 D=0.00 | duty[%]: A=0.0 B=30.0 C=0.0 D=0.0
 122.09s  t=121898 label=SWEEP_B_F160 | I[A]: A=0.00 B=0.32 C=0.00 D=0.00 | duty[%]: A=0.0 B=30.0 C=0.0 D=0.0
 122.27s  t=122082 label=SWEEP_B_F170 | I[A]: A=0.00 B=0.34 C=0.00 D=0.00 | duty[%]: A=0.0 B=30.0 C=0.0 D=0.0
 122.29s  t=122099 label=SWEEP_B_F170 | I[A]: A=0.00 B=0.33 C=0.00 D=0.00 | duty[%]: A=0.0 B=30.0 C=0.0 D=0.0
 122.49s  t=122299 label=SWEEP_B_F170 | I[A]: A=0.00 B=0.34 C=0.00 D=0.00 | duty[%]: A=0.0 B=30.0 C=0.0 D=0.0
 122.69s  t=122500 label=SWEEP_B_F170 | I[A]: A=0.00 B=0.32 C=0.00 D=0.00 | duty[%]: A=0.0 B=30.0 C=0.0 D=0.0
 122.89s  t=122701 label=SWEEP_B_F170 | I[A]: A=0.00 B=0.30 C=0.00 D=0.00 | duty[%]: A=0.0 B=30.0 C=0.0 D=0.0
 123.09s  t=122902 label=SWEEP_B_F170 | I[A]: A=0.00 B=0.30 C=0.00 D=0.00 | duty[%]: A=0.0 B=30.0 C=0.0 D=0.0
 123.29s  t=123102 label=SWEEP_B_F170 | I[A]: A=0.00 B=0.31 C=0.00 D=0.00 | duty[%]: A=0.0 B=30.0 C=0.0 D=0.0
 123.49s  t=123303 label=SWEEP_B_F170 | I[A]: A=0.00 B=0.30 C=0.00 D=0.00 | duty[%]: A=0.0 B=30.0 C=0.0 D=0.0
 123.69s  t=123503 label=SWEEP_B_F170 | I[A]: A=0.00 B=0.32 C=0.00 D=0.00 | duty[%]: A=0.0 B=30.0 C=0.0 D=0.0
 123.89s  t=123704 label=SWEEP_B_F170 | I[A]: A=0.00 B=0.28 C=0.00 D=0.00 | duty[%]: A=0.0 B=30.0 C=0.0 D=0.0
 124.09s  t=123905 label=SWEEP_B_F170 | I[A]: A=0.00 B=0.28 C=0.00 D=0.00 | duty[%]: A=0.0 B=30.0 C=0.0 D=0.0
 124.30s  t=124105 label=SWEEP_B_F170 | I[A]: A=0.00 B=0.29 C=0.00 D=0.00 | duty[%]: A=0.0 B=30.0 C=0.0 D=0.0
 124.50s  t=124306 label=SWEEP_B_F170 | I[A]: A=0.00 B=0.31 C=0.00 D=0.00 | duty[%]: A=0.0 B=30.0 C=0.0 D=0.0
 124.70s  t=124506 label=SWEEP_B_F170 | I[A]: A=0.00 B=0.31 C=0.00 D=0.00 | duty[%]: A=0.0 B=30.0 C=0.0 D=0.0
 124.90s  t=124706 label=SWEEP_B_F170 | I[A]: A=0.00 B=0.30 C=0.00 D=0.00 | duty[%]: A=0.0 B=30.0 C=0.0 D=0.0
 125.07s  t=124885 label=SWEEP_B_F180 | I[A]: A=0.00 B=0.29 C=0.00 D=0.00 | duty[%]: A=0.0 B=30.0 C=0.0 D=0.0
 125.10s  t=124907 label=SWEEP_B_F180 | I[A]: A=0.00 B=0.31 C=0.00 D=0.00 | duty[%]: A=0.0 B=30.0 C=0.0 D=0.0
 125.30s  t=125108 label=SWEEP_B_F180 | I[A]: A=0.00 B=0.28 C=0.00 D=0.00 | duty[%]: A=0.0 B=30.0 C=0.0 D=0.0
 125.50s  t=125308 label=SWEEP_B_F180 | I[A]: A=0.00 B=0.26 C=0.00 D=0.00 | duty[%]: A=0.0 B=30.0 C=0.0 D=0.0
 125.70s  t=125509 label=SWEEP_B_F180 | I[A]: A=0.00 B=0.25 C=0.00 D=0.00 | duty[%]: A=0.0 B=30.0 C=0.0 D=0.0
 125.90s  t=125710 label=SWEEP_B_F180 | I[A]: A=0.00 B=0.20 C=0.00 D=0.00 | duty[%]: A=0.0 B=30.0 C=0.0 D=0.0
 126.10s  t=125910 label=SWEEP_B_F180 | I[A]: A=0.00 B=0.26 C=0.00 D=0.00 | duty[%]: A=0.0 B=30.0 C=0.0 D=0.0
 126.30s  t=126111 label=SWEEP_B_F180 | I[A]: A=0.00 B=0.25 C=0.00 D=0.00 | duty[%]: A=0.0 B=30.0 C=0.0 D=0.0
 126.50s  t=126311 label=SWEEP_B_F180 | I[A]: A=0.00 B=0.25 C=0.00 D=0.00 | duty[%]: A=0.0 B=30.0 C=0.0 D=0.0
 126.70s  t=126512 label=SWEEP_B_F180 | I[A]: A=0.00 B=0.24 C=0.00 D=0.00 | duty[%]: A=0.0 B=30.0 C=0.0 D=0.0
 126.90s  t=126712 label=SWEEP_B_F180 | I[A]: A=0.00 B=0.26 C=0.00 D=0.00 | duty[%]: A=0.0 B=30.0 C=0.0 D=0.0
 127.10s  t=126913 label=SWEEP_B_F180 | I[A]: A=0.00 B=0.23 C=0.00 D=0.00 | duty[%]: A=0.0 B=30.0 C=0.0 D=0.0
 127.30s  t=127113 label=SWEEP_B_F180 | I[A]: A=0.00 B=0.20 C=0.00 D=0.00 | duty[%]: A=0.0 B=30.0 C=0.0 D=0.0
 127.50s  t=127314 label=SWEEP_B_F180 | I[A]: A=0.00 B=0.27 C=0.00 D=0.00 | duty[%]: A=0.0 B=30.0 C=0.0 D=0.0
 127.70s  t=127514 label=SWEEP_B_F180 | I[A]: A=0.00 B=0.26 C=0.00 D=0.00 | duty[%]: A=0.0 B=30.0 C=0.0 D=0.0
 127.88s  t=127687 label=SWEEP_B_F190 | I[A]: A=0.00 B=0.21 C=0.00 D=0.00 | duty[%]: A=0.0 B=30.0 C=0.0 D=0.0
 127.91s  t=127715 label=SWEEP_B_F190 | I[A]: A=0.00 B=0.21 C=0.00 D=0.00 | duty[%]: A=0.0 B=30.0 C=0.0 D=0.0
 128.11s  t=127916 label=SWEEP_B_F190 | I[A]: A=0.00 B=0.21 C=0.00 D=0.00 | duty[%]: A=0.0 B=30.0 C=0.0 D=0.0
 128.31s  t=128116 label=SWEEP_B_F190 | I[A]: A=0.00 B=0.19 C=0.00 D=0.00 | duty[%]: A=0.0 B=30.0 C=0.0 D=0.0
 128.51s  t=128317 label=SWEEP_B_F190 | I[A]: A=0.00 B=0.16 C=0.00 D=0.00 | duty[%]: A=0.0 B=30.0 C=0.0 D=0.0
 128.71s  t=128518 label=SWEEP_B_F190 | I[A]: A=0.00 B=0.18 C=0.00 D=0.00 | duty[%]: A=0.0 B=30.0 C=0.0 D=0.0
 128.91s  t=128718 label=SWEEP_B_F190 | I[A]: A=0.00 B=0.19 C=0.00 D=0.00 | duty[%]: A=0.0 B=30.0 C=0.0 D=0.0
 129.11s  t=128919 label=SWEEP_B_F190 | I[A]: A=0.00 B=0.18 C=0.00 D=0.00 | duty[%]: A=0.0 B=30.0 C=0.0 D=0.0
 129.31s  t=129119 label=SWEEP_B_F190 | I[A]: A=0.00 B=0.16 C=0.00 D=0.00 | duty[%]: A=0.0 B=30.0 C=0.0 D=0.0
 129.51s  t=129320 label=SWEEP_B_F190 | I[A]: A=0.00 B=0.17 C=0.00 D=0.00 | duty[%]: A=0.0 B=30.0 C=0.0 D=0.0
 129.71s  t=129520 label=SWEEP_B_F190 | I[A]: A=0.00 B=0.17 C=0.00 D=0.00 | duty[%]: A=0.0 B=30.0 C=0.0 D=0.0
 129.91s  t=129721 label=SWEEP_B_F190 | I[A]: A=0.00 B=0.19 C=0.00 D=0.00 | duty[%]: A=0.0 B=30.0 C=0.0 D=0.0
 130.11s  t=129921 label=SWEEP_B_F190 | I[A]: A=0.00 B=0.19 C=0.00 D=0.00 | duty[%]: A=0.0 B=30.0 C=0.0 D=0.0
 130.31s  t=130122 label=SWEEP_B_F190 | I[A]: A=0.00 B=0.15 C=0.00 D=0.00 | duty[%]: A=0.0 B=30.0 C=0.0 D=0.0
 130.51s  t=130323 label=SWEEP_B_F190 | I[A]: A=0.00 B=0.17 C=0.00 D=0.00 | duty[%]: A=0.0 B=30.0 C=0.0 D=0.0
 130.68s  t=130490 label=SWEEP_B_F200 | I[A]: A=0.00 B=0.19 C=0.00 D=0.00 | duty[%]: A=0.0 B=30.0 C=0.0 D=0.0
 130.71s  t=130523 label=SWEEP_B_F200 | I[A]: A=0.00 B=0.18 C=0.00 D=0.00 | duty[%]: A=0.0 B=30.0 C=0.0 D=0.0
 130.91s  t=130724 label=SWEEP_B_F200 | I[A]: A=0.00 B=0.15 C=0.00 D=0.00 | duty[%]: A=0.0 B=30.0 C=0.0 D=0.0
 131.12s  t=130925 label=SWEEP_B_F200 | I[A]: A=0.00 B=0.12 C=0.00 D=0.00 | duty[%]: A=0.0 B=30.0 C=0.0 D=0.0
 131.32s  t=131125 label=SWEEP_B_F200 | I[A]: A=0.00 B=0.12 C=0.00 D=0.00 | duty[%]: A=0.0 B=30.0 C=0.0 D=0.0
 131.52s  t=131326 label=SWEEP_B_F200 | I[A]: A=0.00 B=0.10 C=0.00 D=0.00 | duty[%]: A=0.0 B=30.0 C=0.0 D=0.0
 131.72s  t=131526 label=SWEEP_B_F200 | I[A]: A=0.00 B=0.11 C=0.00 D=0.00 | duty[%]: A=0.0 B=30.0 C=0.0 D=0.0
 131.92s  t=131727 label=SWEEP_B_F200 | I[A]: A=0.00 B=0.12 C=0.00 D=0.00 | duty[%]: A=0.0 B=30.0 C=0.0 D=0.0
 132.12s  t=131927 label=SWEEP_B_F200 | I[A]: A=0.00 B=0.11 C=0.00 D=0.00 | duty[%]: A=0.0 B=30.0 C=0.0 D=0.0
 132.32s  t=132128 label=SWEEP_B_F200 | I[A]: A=0.00 B=0.12 C=0.00 D=0.00 | duty[%]: A=0.0 B=30.0 C=0.0 D=0.0
 132.52s  t=132329 label=SWEEP_B_F200 | I[A]: A=0.00 B=0.11 C=0.00 D=0.00 | duty[%]: A=0.0 B=30.0 C=0.0 D=0.0
 132.72s  t=132529 label=SWEEP_B_F200 | I[A]: A=0.00 B=0.10 C=0.00 D=0.00 | duty[%]: A=0.0 B=30.0 C=0.0 D=0.0
 132.92s  t=132730 label=SWEEP_B_F200 | I[A]: A=0.00 B=0.12 C=0.00 D=0.00 | duty[%]: A=0.0 B=30.0 C=0.0 D=0.0
 133.12s  t=132930 label=SWEEP_B_F200 | I[A]: A=0.00 B=0.12 C=0.00 D=0.00 | duty[%]: A=0.0 B=30.0 C=0.0 D=0.0
 133.32s  t=133131 label=SWEEP_B_F200 | I[A]: A=0.00 B=0.11 C=0.00 D=0.00 | duty[%]: A=0.0 B=30.0 C=0.0 D=0.0
 133.48s  t=133292 label=SWEEP_B_F210 | I[A]: A=0.00 B=0.12 C=0.00 D=0.00 | duty[%]: A=0.0 B=30.0 C=0.0 D=0.0
 133.52s  t=133331 label=SWEEP_B_F210 | I[A]: A=0.00 B=0.12 C=0.00 D=0.00 | duty[%]: A=0.0 B=30.0 C=0.0 D=0.0
 133.72s  t=133532 label=SWEEP_B_F210 | I[A]: A=0.00 B=0.08 C=0.00 D=0.00 | duty[%]: A=0.0 B=30.0 C=0.0 D=0.0
 133.92s  t=133733 label=SWEEP_B_F210 | I[A]: A=0.00 B=0.06 C=0.00 D=0.00 | duty[%]: A=0.0 B=30.0 C=0.0 D=0.0
 134.12s  t=133934 label=SWEEP_B_F210 | I[A]: A=0.00 B=0.06 C=0.00 D=0.00 | duty[%]: A=0.0 B=30.0 C=0.0 D=0.0
 134.32s  t=134134 label=SWEEP_B_F210 | I[A]: A=0.00 B=0.06 C=0.00 D=0.00 | duty[%]: A=0.0 B=30.0 C=0.0 D=0.0
 134.53s  t=134335 label=SWEEP_B_F210 | I[A]: A=0.00 B=0.07 C=0.00 D=0.00 | duty[%]: A=0.0 B=30.0 C=0.0 D=0.0
 134.73s  t=134535 label=SWEEP_B_F210 | I[A]: A=0.00 B=0.06 C=0.00 D=0.00 | duty[%]: A=0.0 B=30.0 C=0.0 D=0.0
 134.93s  t=134736 label=SWEEP_B_F210 | I[A]: A=0.00 B=0.07 C=0.00 D=0.00 | duty[%]: A=0.0 B=30.0 C=0.0 D=0.0
 135.13s  t=134936 label=SWEEP_B_F210 | I[A]: A=0.00 B=0.06 C=0.00 D=0.00 | duty[%]: A=0.0 B=30.0 C=0.0 D=0.0
 135.33s  t=135137 label=SWEEP_B_F210 | I[A]: A=0.00 B=0.06 C=0.00 D=0.00 | duty[%]: A=0.0 B=30.0 C=0.0 D=0.0
 135.53s  t=135338 label=SWEEP_B_F210 | I[A]: A=0.00 B=0.05 C=0.00 D=0.00 | duty[%]: A=0.0 B=30.0 C=0.0 D=0.0
 135.73s  t=135538 label=SWEEP_B_F210 | I[A]: A=0.00 B=0.07 C=0.00 D=0.00 | duty[%]: A=0.0 B=30.0 C=0.0 D=0.0
 135.93s  t=135739 label=SWEEP_B_F210 | I[A]: A=0.00 B=0.07 C=0.00 D=0.00 | duty[%]: A=0.0 B=30.0 C=0.0 D=0.0
 136.13s  t=135939 label=SWEEP_B_F210 | I[A]: A=0.00 B=0.06 C=0.00 D=0.00 | duty[%]: A=0.0 B=30.0 C=0.0 D=0.0
 136.29s  t=136095 label=SWEEP_B_OFF | I[A]: A=0.00 B=0.06 C=0.00 D=0.00 | duty[%]: A=0.0 B=0.0 C=0.0 D=0.0
 136.33s  t=136140 label=SWEEP_B_OFF | I[A]: A=0.00 B=0.03 C=0.00 D=0.00 | duty[%]: A=0.0 B=0.0 C=0.0 D=0.0
 136.53s  t=136340 label=SWEEP_B_OFF | I[A]: A=0.00 B=0.00 C=0.00 D=0.00 | duty[%]: A=0.0 B=0.0 C=0.0 D=0.0
 136.73s  t=136541 label=SWEEP_B_OFF | I[A]: A=0.00 B=0.00 C=0.00 D=0.00 | duty[%]: A=0.0 B=0.0 C=0.0 D=0.0
 136.93s  t=136741 label=SWEEP_B_OFF | I[A]: A=0.00 B=0.00 C=0.00 D=0.00 | duty[%]: A=0.0 B=0.0 C=0.0 D=0.0
 137.13s  t=136942 label=SWEEP_B_OFF | I[A]: A=0.00 B=0.00 C=0.00 D=0.00 | duty[%]: A=0.0 B=0.0 C=0.0 D=0.0
 137.33s  t=137142 label=SWEEP_B_OFF | I[A]: A=0.00 B=0.00 C=0.00 D=0.00 | duty[%]: A=0.0 B=0.0 C=0.0 D=0.0
 137.53s  t=137343 label=SWEEP_B_OFF | I[A]: A=0.00 B=0.00 C=0.00 D=0.00 | duty[%]: A=0.0 B=0.0 C=0.0 D=0.0
 137.73s  t=137543 label=SWEEP_B_OFF | I[A]: A=0.00 B=0.00 C=0.00 D=0.00 | duty[%]: A=0.0 B=0.0 C=0.0 D=0.0
 137.93s  t=137744 label=SWEEP_B_OFF | I[A]: A=0.00 B=0.00 C=0.00 D=0.00 | duty[%]: A=0.0 B=0.0 C=0.0 D=0.0
 138.13s  t=137944 label=SWEEP_B_OFF | I[A]: A=0.00 B=0.00 C=0.00 D=0.00 | duty[%]: A=0.0 B=0.0 C=0.0 D=0.0
 138.33s  t=138144 label=SWEEP_B_OFF | I[A]: A=0.00 B=0.00 C=0.00 D=0.00 | duty[%]: A=0.0 B=0.0 C=0.0 D=0.0
 138.54s  t=138345 label=SWEEP_B_OFF | I[A]: A=0.00 B=0.00 C=0.00 D=0.00 | duty[%]: A=0.0 B=0.0 C=0.0 D=0.0
 138.74s  t=138545 label=SWEEP_B_OFF | I[A]: A=0.00 B=0.00 C=0.00 D=0.00 | duty[%]: A=0.0 B=0.0 C=0.0 D=0.0
 138.94s  t=138746 label=SWEEP_B_OFF | I[A]: A=0.00 B=0.00 C=0.00 D=0.00 | duty[%]: A=0.0 B=0.0 C=0.0 D=0.0
 139.14s  t=138946 label=SWEEP_B_OFF | I[A]: A=0.00 B=0.00 C=0.00 D=0.00 | duty[%]: A=0.0 B=0.0 C=0.0 D=0.0
 139.29s  t=139097 label=SWEEP_C_F1 | I[A]: A=0.00 B=0.00 C=0.00 D=0.00 | duty[%]: A=0.0 B=0.0 C=30.0 D=0.0
 139.34s  t=139147 label=SWEEP_C_F1 | I[A]: A=0.00 B=0.00 C=0.04 D=0.00 | duty[%]: A=0.0 B=0.0 C=30.0 D=0.0
 139.54s  t=139348 label=SWEEP_C_F1 | I[A]: A=0.00 B=0.00 C=0.12 D=0.00 | duty[%]: A=0.0 B=0.0 C=30.0 D=0.0
 139.74s  t=139548 label=SWEEP_C_F1 | I[A]: A=0.00 B=0.00 C=0.00 D=0.00 | duty[%]: A=0.0 B=0.0 C=30.0 D=0.0
 139.94s  t=139749 label=SWEEP_C_F1 | I[A]: A=0.00 B=0.00 C=0.00 D=0.00 | duty[%]: A=0.0 B=0.0 C=30.0 D=0.0
 140.14s  t=139949 label=SWEEP_C_F1 | I[A]: A=0.00 B=0.00 C=0.00 D=0.00 | duty[%]: A=0.0 B=0.0 C=30.0 D=0.0
 140.34s  t=140150 label=SWEEP_C_F1 | I[A]: A=0.00 B=0.00 C=0.00 D=0.00 | duty[%]: A=0.0 B=0.0 C=30.0 D=0.0
 140.54s  t=140351 label=SWEEP_C_F1 | I[A]: A=0.00 B=0.00 C=0.03 D=0.00 | duty[%]: A=0.0 B=0.0 C=30.0 D=0.0
 140.74s  t=140551 label=SWEEP_C_F1 | I[A]: A=0.00 B=0.00 C=0.00 D=0.00 | duty[%]: A=0.0 B=0.0 C=30.0 D=0.0
 140.94s  t=140752 label=SWEEP_C_F1 | I[A]: A=0.00 B=0.00 C=0.00 D=0.00 | duty[%]: A=0.0 B=0.0 C=30.0 D=0.0
 141.14s  t=140952 label=SWEEP_C_F1 | I[A]: A=0.00 B=0.00 C=0.00 D=0.00 | duty[%]: A=0.0 B=0.0 C=30.0 D=0.0
 141.34s  t=141153 label=SWEEP_C_F1 | I[A]: A=0.00 B=0.00 C=0.00 D=0.00 | duty[%]: A=0.0 B=0.0 C=30.0 D=0.0
 141.54s  t=141353 label=SWEEP_C_F1 | I[A]: A=0.00 B=0.00 C=0.02 D=0.00 | duty[%]: A=0.0 B=0.0 C=30.0 D=0.0
 141.74s  t=141554 label=SWEEP_C_F1 | I[A]: A=0.00 B=0.00 C=0.00 D=0.00 | duty[%]: A=0.0 B=0.0 C=30.0 D=0.0
 141.94s  t=141754 label=SWEEP_C_F1 | I[A]: A=0.00 B=0.00 C=0.00 D=0.00 | duty[%]: A=0.0 B=0.0 C=30.0 D=0.0
 142.09s  t=141899 label=SWEEP_C_F5 | I[A]: A=0.00 B=0.00 C=0.01 D=0.00 | duty[%]: A=0.0 B=0.0 C=30.0 D=0.0
 142.14s  t=141955 label=SWEEP_C_F5 | I[A]: A=0.00 B=0.00 C=0.00 D=0.00 | duty[%]: A=0.0 B=0.0 C=30.0 D=0.0
 142.35s  t=142156 label=SWEEP_C_F5 | I[A]: A=0.00 B=0.00 C=0.02 D=0.00 | duty[%]: A=0.0 B=0.0 C=30.0 D=0.0
 142.55s  t=142356 label=SWEEP_C_F5 | I[A]: A=0.00 B=0.00 C=0.02 D=0.00 | duty[%]: A=0.0 B=0.0 C=30.0 D=0.0
 142.75s  t=142557 label=SWEEP_C_F5 | I[A]: A=0.00 B=0.00 C=0.01 D=0.00 | duty[%]: A=0.0 B=0.0 C=30.0 D=0.0
 142.95s  t=142757 label=SWEEP_C_F5 | I[A]: A=0.00 B=0.00 C=0.02 D=0.00 | duty[%]: A=0.0 B=0.0 C=30.0 D=0.0
 143.15s  t=142958 label=SWEEP_C_F5 | I[A]: A=0.00 B=0.00 C=0.02 D=0.00 | duty[%]: A=0.0 B=0.0 C=30.0 D=0.0
 143.35s  t=143159 label=SWEEP_C_F5 | I[A]: A=0.00 B=0.00 C=0.00 D=0.00 | duty[%]: A=0.0 B=0.0 C=30.0 D=0.0
 143.55s  t=143359 label=SWEEP_C_F5 | I[A]: A=0.00 B=0.00 C=0.02 D=0.00 | duty[%]: A=0.0 B=0.0 C=30.0 D=0.0
 143.75s  t=143560 label=SWEEP_C_F5 | I[A]: A=0.00 B=0.00 C=0.02 D=0.00 | duty[%]: A=0.0 B=0.0 C=30.0 D=0.0
 143.95s  t=143760 label=SWEEP_C_F5 | I[A]: A=0.00 B=0.00 C=0.01 D=0.00 | duty[%]: A=0.0 B=0.0 C=30.0 D=0.0
 144.15s  t=143961 label=SWEEP_C_F5 | I[A]: A=0.00 B=0.00 C=0.01 D=0.00 | duty[%]: A=0.0 B=0.0 C=30.0 D=0.0
 144.35s  t=144161 label=SWEEP_C_F5 | I[A]: A=0.00 B=0.00 C=0.02 D=0.00 | duty[%]: A=0.0 B=0.0 C=30.0 D=0.0
 144.55s  t=144361 label=SWEEP_C_F5 | I[A]: A=0.00 B=0.00 C=0.02 D=0.00 | duty[%]: A=0.0 B=0.0 C=30.0 D=0.0
 144.75s  t=144562 label=SWEEP_C_F5 | I[A]: A=0.00 B=0.00 C=0.02 D=0.00 | duty[%]: A=0.0 B=0.0 C=30.0 D=0.0
 144.89s  t=144701 label=SWEEP_C_F10 | I[A]: A=0.00 B=0.00 C=0.01 D=0.00 | duty[%]: A=0.0 B=0.0 C=30.0 D=0.0
 144.95s  t=144762 label=SWEEP_C_F10 | I[A]: A=0.00 B=0.00 C=0.01 D=0.00 | duty[%]: A=0.0 B=0.0 C=30.0 D=0.0
 145.15s  t=144963 label=SWEEP_C_F10 | I[A]: A=0.00 B=0.00 C=0.03 D=0.00 | duty[%]: A=0.0 B=0.0 C=30.0 D=0.0
 145.35s  t=145164 label=SWEEP_C_F10 | I[A]: A=0.00 B=0.00 C=0.02 D=0.00 | duty[%]: A=0.0 B=0.0 C=30.0 D=0.0
 145.55s  t=145364 label=SWEEP_C_F10 | I[A]: A=0.00 B=0.00 C=0.02 D=0.00 | duty[%]: A=0.0 B=0.0 C=30.0 D=0.0
 145.75s  t=145565 label=SWEEP_C_F10 | I[A]: A=0.00 B=0.00 C=0.04 D=0.00 | duty[%]: A=0.0 B=0.0 C=30.0 D=0.0
 145.96s  t=145765 label=SWEEP_C_F10 | I[A]: A=0.00 B=0.00 C=0.03 D=0.00 | duty[%]: A=0.0 B=0.0 C=30.0 D=0.0
 146.16s  t=145966 label=SWEEP_C_F10 | I[A]: A=0.00 B=0.00 C=0.01 D=0.00 | duty[%]: A=0.0 B=0.0 C=30.0 D=0.0
 146.36s  t=146166 label=SWEEP_C_F10 | I[A]: A=0.00 B=0.00 C=0.03 D=0.00 | duty[%]: A=0.0 B=0.0 C=30.0 D=0.0
 146.56s  t=146367 label=SWEEP_C_F10 | I[A]: A=0.00 B=0.00 C=0.04 D=0.00 | duty[%]: A=0.0 B=0.0 C=30.0 D=0.0
 146.76s  t=146567 label=SWEEP_C_F10 | I[A]: A=0.00 B=0.00 C=0.02 D=0.00 | duty[%]: A=0.0 B=0.0 C=30.0 D=0.0
 146.96s  t=146768 label=SWEEP_C_F10 | I[A]: A=0.00 B=0.00 C=0.01 D=0.00 | duty[%]: A=0.0 B=0.0 C=30.0 D=0.0
 147.16s  t=146969 label=SWEEP_C_F10 | I[A]: A=0.00 B=0.00 C=0.04 D=0.00 | duty[%]: A=0.0 B=0.0 C=30.0 D=0.0
 147.36s  t=147169 label=SWEEP_C_F10 | I[A]: A=0.00 B=0.00 C=0.03 D=0.00 | duty[%]: A=0.0 B=0.0 C=30.0 D=0.0
 147.56s  t=147370 label=SWEEP_C_F10 | I[A]: A=0.00 B=0.00 C=0.01 D=0.00 | duty[%]: A=0.0 B=0.0 C=30.0 D=0.0
 147.69s  t=147503 label=SWEEP_C_F20 | I[A]: A=0.00 B=0.00 C=0.02 D=0.00 | duty[%]: A=0.0 B=0.0 C=30.0 D=0.0
 147.76s  t=147570 label=SWEEP_C_F20 | I[A]: A=0.00 B=0.00 C=0.03 D=0.00 | duty[%]: A=0.0 B=0.0 C=30.0 D=0.0
 147.96s  t=147771 label=SWEEP_C_F20 | I[A]: A=0.00 B=0.00 C=0.04 D=0.00 | duty[%]: A=0.0 B=0.0 C=30.0 D=0.0
 148.16s  t=147971 label=SWEEP_C_F20 | I[A]: A=0.00 B=0.00 C=0.03 D=0.00 | duty[%]: A=0.0 B=0.0 C=30.0 D=0.0
 148.36s  t=148172 label=SWEEP_C_F20 | I[A]: A=0.00 B=0.00 C=0.05 D=0.00 | duty[%]: A=0.0 B=0.0 C=30.0 D=0.0
 148.56s  t=148373 label=SWEEP_C_F20 | I[A]: A=0.00 B=0.00 C=0.04 D=0.00 | duty[%]: A=0.0 B=0.0 C=30.0 D=0.0
 148.76s  t=148573 label=SWEEP_C_F20 | I[A]: A=0.00 B=0.00 C=0.03 D=0.00 | duty[%]: A=0.0 B=0.0 C=30.0 D=0.0
 148.96s  t=148774 label=SWEEP_C_F20 | I[A]: A=0.00 B=0.00 C=0.03 D=0.00 | duty[%]: A=0.0 B=0.0 C=30.0 D=0.0
 149.16s  t=148974 label=SWEEP_C_F20 | I[A]: A=0.00 B=0.00 C=0.04 D=0.00 | duty[%]: A=0.0 B=0.0 C=30.0 D=0.0
 149.36s  t=149175 label=SWEEP_C_F20 | I[A]: A=0.00 B=0.00 C=0.04 D=0.00 | duty[%]: A=0.0 B=0.0 C=30.0 D=0.0
 149.57s  t=149375 label=SWEEP_C_F20 | I[A]: A=0.00 B=0.00 C=0.03 D=0.00 | duty[%]: A=0.0 B=0.0 C=30.0 D=0.0
 149.77s  t=149576 label=SWEEP_C_F20 | I[A]: A=0.00 B=0.00 C=0.03 D=0.00 | duty[%]: A=0.0 B=0.0 C=30.0 D=0.0
 149.97s  t=149776 label=SWEEP_C_F20 | I[A]: A=0.00 B=0.00 C=0.04 D=0.00 | duty[%]: A=0.0 B=0.0 C=30.0 D=0.0
 150.17s  t=149977 label=SWEEP_C_F20 | I[A]: A=0.00 B=0.00 C=0.03 D=0.00 | duty[%]: A=0.0 B=0.0 C=30.0 D=0.0
 150.37s  t=150177 label=SWEEP_C_F20 | I[A]: A=0.00 B=0.00 C=0.03 D=0.00 | duty[%]: A=0.0 B=0.0 C=30.0 D=0.0
 150.50s  t=150305 label=SWEEP_C_F30 | I[A]: A=0.00 B=0.00 C=0.05 D=0.00 | duty[%]: A=0.0 B=0.0 C=30.0 D=0.0
 150.57s  t=150378 label=SWEEP_C_F30 | I[A]: A=0.00 B=0.00 C=0.06 D=0.00 | duty[%]: A=0.0 B=0.0 C=30.0 D=0.0
 150.77s  t=150578 label=SWEEP_C_F30 | I[A]: A=0.00 B=0.00 C=0.07 D=0.00 | duty[%]: A=0.0 B=0.0 C=30.0 D=0.0
 150.97s  t=150779 label=SWEEP_C_F30 | I[A]: A=0.00 B=0.00 C=0.03 D=0.00 | duty[%]: A=0.0 B=0.0 C=30.0 D=0.0
 151.17s  t=150980 label=SWEEP_C_F30 | I[A]: A=0.00 B=0.00 C=0.10 D=0.00 | duty[%]: A=0.0 B=0.0 C=30.0 D=0.0
 151.37s  t=151180 label=SWEEP_C_F30 | I[A]: A=0.00 B=0.00 C=0.07 D=0.00 | duty[%]: A=0.0 B=0.0 C=30.0 D=0.0
 151.57s  t=151381 label=SWEEP_C_F30 | I[A]: A=0.00 B=0.00 C=0.01 D=0.00 | duty[%]: A=0.0 B=0.0 C=30.0 D=0.0
 151.77s  t=151581 label=SWEEP_C_F30 | I[A]: A=0.00 B=0.00 C=0.07 D=0.00 | duty[%]: A=0.0 B=0.0 C=30.0 D=0.0
 151.97s  t=151782 label=SWEEP_C_F30 | I[A]: A=0.00 B=0.00 C=0.10 D=0.00 | duty[%]: A=0.0 B=0.0 C=30.0 D=0.0
 152.17s  t=151983 label=SWEEP_C_F30 | I[A]: A=0.00 B=0.00 C=0.03 D=0.00 | duty[%]: A=0.0 B=0.0 C=30.0 D=0.0
 152.37s  t=152183 label=SWEEP_C_F30 | I[A]: A=0.00 B=0.00 C=0.02 D=0.00 | duty[%]: A=0.0 B=0.0 C=30.0 D=0.0
 152.57s  t=152383 label=SWEEP_C_F30 | I[A]: A=0.00 B=0.00 C=0.07 D=0.00 | duty[%]: A=0.0 B=0.0 C=30.0 D=0.0
 152.77s  t=152584 label=SWEEP_C_F30 | I[A]: A=0.00 B=0.00 C=0.09 D=0.00 | duty[%]: A=0.0 B=0.0 C=30.0 D=0.0
 152.97s  t=152784 label=SWEEP_C_F30 | I[A]: A=0.00 B=0.00 C=0.03 D=0.00 | duty[%]: A=0.0 B=0.0 C=30.0 D=0.0
 153.17s  t=152985 label=SWEEP_C_F30 | I[A]: A=0.00 B=0.00 C=0.02 D=0.00 | duty[%]: A=0.0 B=0.0 C=30.0 D=0.0
 153.30s  t=153107 label=SWEEP_C_F40 | I[A]: A=0.00 B=0.00 C=0.04 D=0.00 | duty[%]: A=0.0 B=0.0 C=30.0 D=0.0
 153.38s  t=153185 label=SWEEP_C_F40 | I[A]: A=0.00 B=0.00 C=0.05 D=0.00 | duty[%]: A=0.0 B=0.0 C=30.0 D=0.0
 153.58s  t=153386 label=SWEEP_C_F40 | I[A]: A=0.00 B=0.00 C=0.05 D=0.00 | duty[%]: A=0.0 B=0.0 C=30.0 D=0.0
 153.78s  t=153587 label=SWEEP_C_F40 | I[A]: A=0.00 B=0.00 C=0.07 D=0.00 | duty[%]: A=0.0 B=0.0 C=30.0 D=0.0
 153.98s  t=153787 label=SWEEP_C_F40 | I[A]: A=0.00 B=0.00 C=0.07 D=0.00 | duty[%]: A=0.0 B=0.0 C=30.0 D=0.0
 154.18s  t=153988 label=SWEEP_C_F40 | I[A]: A=0.00 B=0.00 C=0.09 D=0.00 | duty[%]: A=0.0 B=0.0 C=30.0 D=0.0
 154.38s  t=154188 label=SWEEP_C_F40 | I[A]: A=0.00 B=0.00 C=0.08 D=0.00 | duty[%]: A=0.0 B=0.0 C=30.0 D=0.0
 154.58s  t=154389 label=SWEEP_C_F40 | I[A]: A=0.00 B=0.00 C=0.07 D=0.00 | duty[%]: A=0.0 B=0.0 C=30.0 D=0.0
 154.78s  t=154589 label=SWEEP_C_F40 | I[A]: A=0.00 B=0.00 C=0.08 D=0.00 | duty[%]: A=0.0 B=0.0 C=30.0 D=0.0
 154.98s  t=154790 label=SWEEP_C_F40 | I[A]: A=0.00 B=0.00 C=0.09 D=0.00 | duty[%]: A=0.0 B=0.0 C=30.0 D=0.0
 155.18s  t=154990 label=SWEEP_C_F40 | I[A]: A=0.00 B=0.00 C=0.08 D=0.00 | duty[%]: A=0.0 B=0.0 C=30.0 D=0.0
 155.38s  t=155191 label=SWEEP_C_F40 | I[A]: A=0.00 B=0.00 C=0.07 D=0.00 | duty[%]: A=0.0 B=0.0 C=30.0 D=0.0
 155.58s  t=155392 label=SWEEP_C_F40 | I[A]: A=0.00 B=0.00 C=0.08 D=0.00 | duty[%]: A=0.0 B=0.0 C=30.0 D=0.0
 155.78s  t=155592 label=SWEEP_C_F40 | I[A]: A=0.00 B=0.00 C=0.07 D=0.00 | duty[%]: A=0.0 B=0.0 C=30.0 D=0.0
 155.98s  t=155793 label=SWEEP_C_F40 | I[A]: A=0.00 B=0.00 C=0.07 D=0.00 | duty[%]: A=0.0 B=0.0 C=30.0 D=0.0
 156.10s  t=155910 label=SWEEP_C_F50 | I[A]: A=0.00 B=0.00 C=0.07 D=0.00 | duty[%]: A=0.0 B=0.0 C=30.0 D=0.0
 156.18s  t=155993 label=SWEEP_C_F50 | I[A]: A=0.00 B=0.00 C=0.08 D=0.00 | duty[%]: A=0.0 B=0.0 C=30.0 D=0.0
 156.38s  t=156194 label=SWEEP_C_F50 | I[A]: A=0.00 B=0.00 C=0.08 D=0.00 | duty[%]: A=0.0 B=0.0 C=30.0 D=0.0
 156.58s  t=156395 label=SWEEP_C_F50 | I[A]: A=0.00 B=0.00 C=0.11 D=0.00 | duty[%]: A=0.0 B=0.0 C=30.0 D=0.0
 156.79s  t=156595 label=SWEEP_C_F50 | I[A]: A=0.00 B=0.00 C=0.10 D=0.00 | duty[%]: A=0.0 B=0.0 C=30.0 D=0.0
 156.99s  t=156796 label=SWEEP_C_F50 | I[A]: A=0.00 B=0.00 C=0.09 D=0.00 | duty[%]: A=0.0 B=0.0 C=30.0 D=0.0
 157.19s  t=156996 label=SWEEP_C_F50 | I[A]: A=0.00 B=0.00 C=0.09 D=0.00 | duty[%]: A=0.0 B=0.0 C=30.0 D=0.0
 157.39s  t=157197 label=SWEEP_C_F50 | I[A]: A=0.00 B=0.00 C=0.10 D=0.00 | duty[%]: A=0.0 B=0.0 C=30.0 D=0.0
 157.59s  t=157397 label=SWEEP_C_F50 | I[A]: A=0.00 B=0.00 C=0.10 D=0.00 | duty[%]: A=0.0 B=0.0 C=30.0 D=0.0
 157.79s  t=157598 label=SWEEP_C_F50 | I[A]: A=0.00 B=0.00 C=0.08 D=0.00 | duty[%]: A=0.0 B=0.0 C=30.0 D=0.0
 157.99s  t=157798 label=SWEEP_C_F50 | I[A]: A=0.00 B=0.00 C=0.10 D=0.00 | duty[%]: A=0.0 B=0.0 C=30.0 D=0.0
 158.19s  t=157999 label=SWEEP_C_F50 | I[A]: A=0.00 B=0.00 C=0.10 D=0.00 | duty[%]: A=0.0 B=0.0 C=30.0 D=0.0
 158.39s  t=158199 label=SWEEP_C_F50 | I[A]: A=0.00 B=0.00 C=0.08 D=0.00 | duty[%]: A=0.0 B=0.0 C=30.0 D=0.0
 158.59s  t=158400 label=SWEEP_C_F50 | I[A]: A=0.00 B=0.00 C=0.08 D=0.00 | duty[%]: A=0.0 B=0.0 C=30.0 D=0.0
 158.79s  t=158601 label=SWEEP_C_F50 | I[A]: A=0.00 B=0.00 C=0.10 D=0.00 | duty[%]: A=0.0 B=0.0 C=30.0 D=0.0
 158.90s  t=158712 label=SWEEP_C_F60 | I[A]: A=0.00 B=0.00 C=0.08 D=0.00 | duty[%]: A=0.0 B=0.0 C=30.0 D=0.0
 158.99s  t=158801 label=SWEEP_C_F60 | I[A]: A=0.00 B=0.00 C=0.11 D=0.00 | duty[%]: A=0.0 B=0.0 C=30.0 D=0.0
 159.19s  t=159002 label=SWEEP_C_F60 | I[A]: A=0.00 B=0.00 C=0.12 D=0.00 | duty[%]: A=0.0 B=0.0 C=30.0 D=0.0
 159.39s  t=159202 label=SWEEP_C_F60 | I[A]: A=0.00 B=0.00 C=0.11 D=0.00 | duty[%]: A=0.0 B=0.0 C=30.0 D=0.0
 159.59s  t=159403 label=SWEEP_C_F60 | I[A]: A=0.00 B=0.00 C=0.11 D=0.00 | duty[%]: A=0.0 B=0.0 C=30.0 D=0.0
 159.79s  t=159603 label=SWEEP_C_F60 | I[A]: A=0.00 B=0.00 C=0.09 D=0.00 | duty[%]: A=0.0 B=0.0 C=30.0 D=0.0
 159.99s  t=159804 label=SWEEP_C_F60 | I[A]: A=0.00 B=0.00 C=0.11 D=0.00 | duty[%]: A=0.0 B=0.0 C=30.0 D=0.0
 160.19s  t=160005 label=SWEEP_C_F60 | I[A]: A=0.00 B=0.00 C=0.10 D=0.00 | duty[%]: A=0.0 B=0.0 C=30.0 D=0.0
 160.40s  t=160205 label=SWEEP_C_F60 | I[A]: A=0.00 B=0.00 C=0.09 D=0.00 | duty[%]: A=0.0 B=0.0 C=30.0 D=0.0
 160.60s  t=160406 label=SWEEP_C_F60 | I[A]: A=0.00 B=0.00 C=0.12 D=0.00 | duty[%]: A=0.0 B=0.0 C=30.0 D=0.0
 160.80s  t=160606 label=SWEEP_C_F60 | I[A]: A=0.00 B=0.00 C=0.10 D=0.00 | duty[%]: A=0.0 B=0.0 C=30.0 D=0.0
 161.00s  t=160807 label=SWEEP_C_F60 | I[A]: A=0.00 B=0.00 C=0.11 D=0.00 | duty[%]: A=0.0 B=0.0 C=30.0 D=0.0
 161.20s  t=161007 label=SWEEP_C_F60 | I[A]: A=0.00 B=0.00 C=0.09 D=0.00 | duty[%]: A=0.0 B=0.0 C=30.0 D=0.0
 161.40s  t=161208 label=SWEEP_C_F60 | I[A]: A=0.00 B=0.00 C=0.11 D=0.00 | duty[%]: A=0.0 B=0.0 C=30.0 D=0.0
 161.60s  t=161408 label=SWEEP_C_F60 | I[A]: A=0.00 B=0.00 C=0.12 D=0.00 | duty[%]: A=0.0 B=0.0 C=30.0 D=0.0
 161.70s  t=161514 label=SWEEP_C_F70 | I[A]: A=0.00 B=0.00 C=0.10 D=0.00 | duty[%]: A=0.0 B=0.0 C=30.0 D=0.0
 161.80s  t=161609 label=SWEEP_C_F70 | I[A]: A=0.00 B=0.00 C=0.13 D=0.00 | duty[%]: A=0.0 B=0.0 C=30.0 D=0.0
 162.00s  t=161810 label=SWEEP_C_F70 | I[A]: A=0.00 B=0.00 C=0.07 D=0.00 | duty[%]: A=0.0 B=0.0 C=30.0 D=0.0
 162.20s  t=162010 label=SWEEP_C_F70 | I[A]: A=0.00 B=0.00 C=0.12 D=0.00 | duty[%]: A=0.0 B=0.0 C=30.0 D=0.0
