   0.00s  440 rmax=2.000 rrate=0.00030
   0.00s  440 rmax=2.000 rrate=0.00030
   0.00s  440 rmax=2.000 rrate=0.00030
   0.00s  440 rmax=2.000 rrate=0.00030
   0.00s  440 rmax=2.000 rrate=0.00030
   0.00s  440 rmax=2.000 rrate=0.00030
   0.00s  440 rmax=2.000 rrate=0.00030
   0.00s  440 rmax=2.000 rrate=0.00030
   0.00s  440 rmax=2.000 rrate=0.00030
   0.00s  440 rmax=2.000 rrate=0.00030
   0.00s  440 rmax=2.000 rrate=0.00030
   0.00s  440 rmax=2.000 rrate=0.00030
   0.00s  440 rmax=2.000 rrate=0.00030
   0.00s  440 rmax=2.000 rrate=0.00030
   0.00s  440 rmax=2.000 rrate=0.00030
   0.00s  440 rmax=2.000 rrate=0.00030
   0.00s  440 rmax=2.000 rrate=0.00030
   0.00s  440 rmax=2.000 rrate=0.00030
   0.00s  440 rmax=2.000 rrate=0.00030
   0.00s  440 rmax=2.000 rrate=0.00030
   0.00s  440 rmax=2.000 rrate=0.00030
   0.00s  440 rmax=2.000 rrate=0.00030
   0.00s  440 rmax=2.000 rrate=0.00030
   0.00s  440 rmax=2.000 rrate=0.00030
   0.00s  440 rmax=2.000 rrate=0.00030
   0.00s  440 rmax=2.000 rrate=0.00030
   0.00s  440 rmax=2.000 rrate=0.00030
   0.00s  440 rmax=2.000 rrate=0.00030
   0.00s  440 rmax=2.000 rrate=0.00030
   0.00s  440 rmax=2.000 rrate=0.00030
   0.00s  440 rmax=2.000 rrate=0.00030
   0.00s  440 rmax=2.000 rrate=0.00030
   0.00s  440 rmax=2.000 rrate=0.00030
   0.00s  440 rmax=2.000 rrate=0.00030
   0.00s  440 rmax=2.000 rrate=0.00030
   0.00s  440 rmax=2.000 rrate=0.00030
   0.00s  440 rmax=2.000 rrate=0.00030
   0.00s  440 rmax=2.000 rrate=0.00030
   0.00s  440 rmax=2.000 rrate=0.00030
   0.00s  440 rmax=2.000 rrate=0.00030
   0.00s  440 rmax=2.000 rrate=0.00030
   0.00s  440 rmax=2.000 rrate=0.00030
   0.00s  440 rmax=2.000 rrate=0.00030
   0.00s  440 rmax=2.000 rrate=0.00030
   0.00s  440 rmax=2.000 rrate=0.00030
   0.00s  440 rmax=2.000 rrate=0.00030
   0.00s  440 rmax=2.000 rrate=0.00030
   0.00s  440 rmax=2.000 rrate=0.00030
   0.00s  440 rmax=2.000 rrate=0.00030
   0.00s  440 rmax=2.000 rrate=0.00030
   0.00s  440 rmax=2.000 rrate=0.00030
   0.00s  440 rmax=2.000 rrate=0.00030
   0.00s  440 rmax=2.000 rrate=0.00030
   0.00s  440 rmax=2.000 rrate=0.00030
   0.00s  440 rmax=2.000 rrate=0.00030
   0.00s  440 rmax=2.000 rrate=0.00030
   0.00s  440 rmax=2.000 rrate=0.00030
   0.00s  440 rmax=2.000 rrate=0.00030
   0.00s  440 rmax=2.000 rrate=0.00030
   0.00s  440 rmax=2.000 rrate=0.00030
   0.00s  440 rmax=2.000 rrate=0.00030
   0.00s  440 rmax=2.000 rrate=0.00030
   0.00s  440 rmax=2.000 rrate=0.00030
   0.00s  440 rmax=2.000 rrate=0.00030
   0.00s  440 rmax=2.000 rrate=0.00030
   0.00s  440 rmax=2.000 rrate=0.00030
   0.00s  440 rmax=2.000 rrate=0.00030
   0.00s  440 rmax=2.000 rrate=0.00030
   0.00s  440 rmax=2.000 rrate=0.00030
   0.00s  440 rmax=2.000 rrate=0.00030
   0.00s  440 rmax=2.000 rrate=0.00030
   0.00s  440 rmax=2.000 rrate=0.00030
   0.00s  440 rmax=2.000 rrate=0.00030
   0.00s  440 rmax=2.000 rrate=0.00030
   0.00s  440 rmax=2.000 rrate=0.00030
   0.01s  440 rmax=2.000 rrate=0.00030
   0.01s  440 rmax=2.000 rrate=0.00030
   0.01s  440 rmax=2.000 rrate=0.00030
   0.01s  440 rmax=2.000 rrate=0.00030
   0.01s  440 rmax=2.000 rrate=0.00030
   0.01s  440 rmax=2.000 rrate=0.00030
   0.01s  440 rmax=2.000 rrate=0.00030
   0.01s  440 rmax=2.000 rrate=0.00030
   0.01s  440 rmax=2.000 rrate=0.00030
   0.01s  440 rmax=2.000 rrate=0.00030
   0.01s  440 rmax=2.000 rrate=0.00030
   0.01s  440 rmax=2.000 rrate=0.00030
   0.01s  440 rmax=2.000 rrate=0.00030
   0.01s  440 rmax=2.000 rrate=0.00030
   0.01s  440 rmax=2.000 rrate=0.00030
   0.01s  440 rmax=2.000 rrate=0.00030
   0.01s  440 rmax=2.000 rrate=0.00030
   0.01s  440 rmax=2.000 rrate=0.00030
   0.01s  440 rmax=2.000 rrate=0.00030
   0.01s  440 rmax=2.000 rrate=0.00030
   0.01s  440 rmax=2.000 rrate=0.00030
   0.01s  440 rmax=2.000 rrate=0.00030
   0.01s  440 rmax=2.000 rrate=0.00030
   0.01s  440 rmax=2.000 rrate=0.00030
   0.01s  440 rmax=2.000 rrate=0.00030
   0.01s  440 rmax=2.000 rrate=0.00030
   0.01s  440 rmax=2.000 rrate=0.00030
   0.01s  440 rmax=2.000 rrate=0.00030
   0.01s  440 rmax=2.000 rrate=0.00030
   0.01s  440 rmax=2.000 rrate=0.00030
   0.01s  440 rmax=2.000 rrate=0.00030
   0.01s  440 rmax=2.000 rrate=0.00030
   0.01s  440 rmax=2.000 rrate=0.00030
   0.01s  440 rmax=2.000 rrate=0.00030
   0.01s  440 rmax=2.000 rrate=0.00030
   0.01s  440 rmax=2.000 rrate=0.00030
   0.01s  440 rmax=2.000 rrate=0.00030
   0.01s  440 rmax=2.000 rrate=0.00030
   0.01s  440 rmax=2.000 rrate=0.00030
   0.01s  440 rmax=2.000 rrate=0.00030
   0.01s  440 rmax=2.000 rrate=0.00030
   0.01s  440 rmax=2.000 rrate=0.00030
   0.01s  440 rmax=2.000 rrate=0.00030
   0.01s  440 rmax=2.000 rrate=0.00030
   0.01s  440 rmax=2.000 rrate=0.00030
   0.01s  440 rmax=2.000 rrate=0.00030
   0.01s  440 rmax=2.000 rrate=0.00030
   0.01s  440 rmax=2.000 rrate=0.00030
   0.01s  440 rmax=2.000 rrate=0.00030
   0.01s  440 rmax=2.000 rrate=0.00030
   0.01s  440 rmax=2.000 rrate=0.00030
   0.01s  440 rmax=2.000 rrate=0.00030
   0.01s  440 rmax=2.000 rrate=0.00030
   0.01s  440 rmax=2.000 rrate=0.00030
   0.01s  440 rmax=2.000 rrate=0.00030
   0.01s  440 rmax=2.000 rrate=0.00030
   0.01s  440 rmax=2.000 rrate=0.00030
   0.01s  440 rmax=2.000 rrate=0.00030
   0.01s  440 rmax=2.000 rrate=0.00030
   0.01s  440 rmax=2.000 rrate=0.00030
   0.01s  440 rmax=2.000 rrate=0.00030
   0.01s  440 rmax=2.000 rrate=0.00030
   0.01s  440 rmax=2.000 rrate=0.00030
   0.01s  440 rmax=2.000 rrate=0.00030
   0.01s  ets Jul 29 2019 12:21:46
   0.01s  
   0.01s  rst:0x1 (POWERON_RESET),boot:0x13 (SPI_FAST_FLASH_BOOT)
   0.01s  configsip: 0, SPIWP:0xee
   0.02s  clk_drv:0x00,q_drv:0x00,d_drv:0x00,cs0_drv:0x00,hd_drv:0x00,wp_drv:0x00
   0.02s  mode:DIO, clock div:2
   0.02s  load:0x3fff0030,len:1184
   0.03s  load:0x40078000,len:13232
   0.03s  load:0x40080400,len:3028
   0.03s  entry 0x400805e4
   1.20s  state_space: arming 3s, then autonomous 1->210Hz ramp + LQR, bounded run
   1.21s  commands: dir=cw|ccw  rmax=/rrate=<val>  gains?
   1.21s  direction=CW
   1.22s  t=1031 phase=0 freq=1.0 | I[A]: A=0.00 B=0.00 C=0.00 D=0.00 | duty[%]: A=50.0 B=50.0 C=50.0 D=50.0 | spread=0.000 dir=0 r=0.000 rmax=8.000 rrate=0.00030
   1.22s  R_MAX=2.000 R_RAMP=0.00030
   1.71s  t=1531 phase=0 freq=1.0 | I[A]: A=0.00 B=0.00 C=0.00 D=0.00 | duty[%]: A=50.0 B=50.0 C=50.0 D=50.0 | spread=0.000 dir=0 r=0.000 rmax=2.000 rrate=0.00030
   2.21s  t=2031 phase=0 freq=1.0 | I[A]: A=0.00 B=0.00 C=0.00 D=0.00 | duty[%]: A=50.0 B=50.0 C=50.0 D=50.0 | spread=0.000 dir=0 r=0.000 rmax=2.000 rrate=0.00030
   2.71s  t=2531 phase=0 freq=1.0 | I[A]: A=0.00 B=0.00 C=0.00 D=0.00 | duty[%]: A=50.0 B=50.0 C=50.0 D=50.0 | spread=0.000 dir=0 r=0.000 rmax=2.000 rrate=0.00030
   3.21s  t=3032 phase=0 freq=1.0 | I[A]: A=0.00 B=0.00 C=0.00 D=0.00 | duty[%]: A=50.0 B=50.0 C=50.0 D=50.0 | spread=0.000 dir=0 r=0.000 rmax=2.000 rrate=0.00030
   3.71s  t=3532 phase=0 freq=1.0 | I[A]: A=0.00 B=0.00 C=0.00 D=0.00 | duty[%]: A=50.0 B=50.0 C=50.0 D=50.0 | spread=0.000 dir=0 r=0.000 rmax=2.000 rrate=0.00030
   4.20s  ARMED -> ramping
   4.21s  t=4032 phase=1 freq=1.0 | I[A]: A=0.00 B=0.00 C=0.00 D=0.00 | duty[%]: A=0.0 B=0.0 C=0.0 D=0.0 | spread=0.000 dir=0 r=0.000 rmax=2.000 rrate=0.00030
   4.71s  t=4532 phase=1 freq=1.4 | I[A]: A=0.00 B=0.00 C=0.00 D=0.00 | duty[%]: A=5.0 B=5.0 C=5.0 D=5.0 | spread=0.000 dir=0 r=0.150 rmax=2.000 rrate=0.00030
   5.21s  t=5032 phase=1 freq=2.5 | I[A]: A=0.00 B=0.00 C=0.00 D=0.00 | duty[%]: A=5.0 B=5.0 C=5.0 D=5.0 | spread=0.000 dir=0 r=0.285 rmax=2.000 rrate=0.00030
   5.71s  t=5533 phase=1 freq=4.4 | I[A]: A=0.00 B=0.00 C=0.00 D=0.00 | duty[%]: A=5.0 B=5.0 C=5.0 D=5.0 | spread=0.000 dir=0 r=0.435 rmax=2.000 rrate=0.00030
   6.21s  t=6033 phase=1 freq=6.9 | I[A]: A=0.00 B=0.00 C=0.00 D=0.00 | duty[%]: A=5.0 B=5.0 C=5.0 D=8.0 | spread=0.000 dir=0 r=0.585 rmax=2.000 rrate=0.00030
   6.71s  t=6533 phase=1 freq=10.0 | I[A]: A=0.00 B=0.00 C=0.00 D=0.00 | duty[%]: A=5.7 B=5.1 C=5.0 D=12.3 | spread=0.000 dir=0 r=0.735 rmax=2.000 rrate=0.00030
   7.21s  t=7034 phase=1 freq=13.7 | I[A]: A=0.00 B=0.00 C=0.00 D=0.00 | duty[%]: A=8.0 B=7.1 C=5.0 D=17.5 | spread=0.000 dir=0 r=0.885 rmax=2.000 rrate=0.00030
   7.71s  t=7534 phase=1 freq=18.0 | I[A]: A=0.00 B=0.00 C=0.00 D=0.00 | duty[%]: A=10.6 B=9.4 C=5.6 D=23.6 | spread=0.002 dir=0 r=1.035 rmax=2.000 rrate=0.00030
   8.22s  t=8035 phase=1 freq=22.7 | I[A]: A=0.00 B=0.00 C=0.00 D=0.02 | duty[%]: A=13.8 B=12.3 C=7.2 D=30.3 | spread=0.023 dir=0 r=1.185 rmax=2.000 rrate=0.00030
   8.72s  t=8536 phase=1 freq=28.0 | I[A]: A=0.00 B=0.00 C=0.00 D=0.13 | duty[%]: A=18.1 B=16.3 C=9.1 D=37.2 | spread=0.125 dir=0 r=1.335 rmax=2.000 rrate=0.00030
   9.22s  t=9036 phase=1 freq=33.7 | I[A]: A=0.01 B=0.00 C=0.00 D=0.16 | duty[%]: A=23.7 B=21.5 C=11.6 D=43.9 | spread=0.161 dir=0 r=1.485 rmax=2.000 rrate=0.00030
   9.72s  t=9537 phase=1 freq=39.7 | I[A]: A=0.06 B=0.04 C=0.00 D=0.29 | duty[%]: A=30.4 B=27.9 C=15.1 D=50.4 | spread=0.286 dir=0 r=1.635 rmax=2.000 rrate=0.00030
  10.22s  t=10038 phase=1 freq=46.1 | I[A]: A=0.15 B=0.13 C=0.00 D=0.36 | duty[%]: A=37.2 B=35.0 C=19.8 D=56.9 | spread=0.364 dir=0 r=1.785 rmax=2.000 rrate=0.00030
  10.72s  t=10538 phase=1 freq=52.9 | I[A]: A=0.28 B=0.28 C=0.03 D=0.40 | duty[%]: A=43.7 B=41.6 C=26.1 D=64.1 | spread=0.369 dir=0 r=1.935 rmax=2.000 rrate=0.00030
  11.22s  t=11038 phase=1 freq=59.9 | I[A]: A=0.47 B=0.42 C=0.17 D=0.45 | duty[%]: A=49.6 B=47.7 C=32.9 D=71.4 | spread=0.301 dir=0 r=2.000 rmax=2.000 rrate=0.00030
  11.72s  t=11538 phase=1 freq=67.1 | I[A]: A=0.56 B=0.49 C=0.35 D=0.65 | duty[%]: A=54.0 B=52.6 C=39.1 D=78.8 | spread=0.295 dir=0 r=2.000 rmax=2.000 rrate=0.00030
  12.22s  t=12039 phase=1 freq=74.6 | I[A]: A=0.65 B=0.66 C=0.46 D=0.80 | duty[%]: A=59.7 B=57.5 C=44.7 D=84.5 | spread=0.345 dir=0 r=2.000 rmax=2.000 rrate=0.00030
  12.72s  t=12539 phase=1 freq=82.2 | I[A]: A=0.75 B=0.75 C=0.53 D=0.90 | duty[%]: A=65.8 B=63.1 C=49.8 D=88.9 | spread=0.371 dir=0 r=2.000 rmax=2.000 rrate=0.00030
  13.22s  t=13040 phase=1 freq=89.9 | I[A]: A=0.85 B=0.84 C=0.71 D=1.01 | duty[%]: A=69.6 B=66.3 C=55.5 D=94.2 | spread=0.298 dir=0 r=2.000 rmax=2.000 rrate=0.00030
  13.72s  t=13540 phase=1 freq=97.7 | I[A]: A=1.06 B=1.04 C=0.96 D=1.24 | duty[%]: A=73.4 B=70.5 C=59.8 D=98.3 | spread=0.277 dir=0 r=2.000 rmax=2.000 rrate=0.00030
  14.22s  t=14040 phase=1 freq=105.5 | I[A]: A=1.28 B=1.26 C=1.17 D=1.37 | duty[%]: A=75.4 B=72.8 C=62.0 D=100.0 | spread=0.203 dir=0 r=2.000 rmax=2.000 rrate=0.00030
  14.72s  t=14540 phase=1 freq=113.3 | I[A]: A=1.53 B=1.48 C=1.54 D=1.70 | duty[%]: A=77.6 B=75.2 C=62.8 D=99.7 | spread=0.220 dir=0 r=2.000 rmax=2.000 rrate=0.00030
  15.22s  t=15041 phase=1 freq=121.1 | I[A]: A=1.80 B=1.79 C=1.84 D=1.95 | duty[%]: A=81.2 B=78.2 C=63.9 D=98.9 | spread=0.163 dir=0 r=2.000 rmax=2.000 rrate=0.00030
  15.72s  t=15542 phase=1 freq=128.8 | I[A]: A=2.14 B=2.20 C=2.21 D=2.11 | duty[%]: A=81.7 B=78.2 C=63.8 D=98.3 | spread=0.101 dir=0 r=2.000 rmax=2.000 rrate=0.00030
  16.22s  t=16042 phase=1 freq=136.4 | I[A]: A=2.41 B=2.41 C=2.62 D=2.36 | duty[%]: A=81.1 B=77.9 C=60.6 D=96.4 | spread=0.256 dir=0 r=2.000 rmax=2.000 rrate=0.00030
  16.72s  t=16542 phase=1 freq=143.9 | I[A]: A=2.48 B=2.46 C=2.81 D=2.44 | duty[%]: A=77.7 B=75.0 C=57.5 D=96.0 | spread=0.370 dir=0 r=2.000 rmax=2.000 rrate=0.00030
  17.22s  t=17042 phase=1 freq=151.1 | I[A]: A=2.65 B=2.64 C=2.79 D=2.49 | duty[%]: A=75.4 B=72.6 C=51.2 D=94.6 | spread=0.304 dir=0 r=2.000 rmax=2.000 rrate=0.00030
  17.72s  t=17543 phase=1 freq=158.1 | I[A]: A=2.60 B=2.61 C=2.67 D=2.37 | duty[%]: A=71.3 B=69.3 C=47.1 D=93.3 | spread=0.306 dir=0 r=2.000 rmax=2.000 rrate=0.00030
  18.22s  t=18043 phase=1 freq=164.9 | I[A]: A=2.66 B=2.43 C=2.55 D=2.23 | duty[%]: A=68.1 B=66.4 C=44.4 D=92.1 | spread=0.433 dir=0 r=2.000 rmax=2.000 rrate=0.00030
  18.72s  t=18543 phase=1 freq=171.3 | I[A]: A=2.39 B=2.34 C=2.43 D=2.29 | duty[%]: A=66.1 B=64.4 C=41.6 D=91.1 | spread=0.140 dir=0 r=2.000 rmax=2.000 rrate=0.00030
  19.23s  t=19044 phase=1 freq=177.4 | I[A]: A=2.31 B=2.23 C=2.28 D=2.23 | duty[%]: A=64.2 B=62.7 C=40.3 D=90.1 | spread=0.079 dir=0 r=2.000 rmax=2.000 rrate=0.00030
  19.73s  t=19544 phase=1 freq=183.0 | I[A]: A=2.16 B=2.12 C=2.15 D=2.08 | duty[%]: A=63.2 B=61.5 C=40.5 D=89.7 | spread=0.080 dir=0 r=2.000 rmax=2.000 rrate=0.00030
  20.23s  t=20045 phase=1 freq=188.3 | I[A]: A=2.02 B=2.01 C=2.01 D=2.00 | duty[%]: A=62.8 B=61.5 C=40.0 D=89.2 | spread=0.021 dir=0 r=2.000 rmax=2.000 rrate=0.00030
  20.73s  t=20545 phase=1 freq=193.1 | I[A]: A=1.92 B=1.97 C=1.88 D=1.95 | duty[%]: A=62.2 B=61.7 C=40.4 D=89.4 | spread=0.090 dir=0 r=2.000 rmax=2.000 rrate=0.00030
  21.23s  t=21046 phase=1 freq=197.3 | I[A]: A=1.81 B=1.83 C=1.72 D=1.88 | duty[%]: A=62.7 B=62.2 C=41.1 D=89.7 | spread=0.159 dir=0 r=2.000 rmax=2.000 rrate=0.00030
  21.73s  t=21546 phase=1 freq=201.0 | I[A]: A=1.84 B=1.82 C=1.74 D=1.78 | duty[%]: A=63.3 B=62.5 C=42.8 D=90.7 | spread=0.094 dir=0 r=2.000 rmax=2.000 rrate=0.00030
  22.23s  t=22046 phase=1 freq=204.2 | I[A]: A=1.70 B=1.78 C=1.78 D=1.80 | duty[%]: A=63.6 B=62.8 C=44.0 D=91.7 | spread=0.099 dir=0 r=2.000 rmax=2.000 rrate=0.00030
  22.73s  t=22546 phase=1 freq=206.7 | I[A]: A=1.75 B=1.75 C=1.68 D=1.82 | duty[%]: A=65.4 B=63.7 C=44.8 D=92.3 | spread=0.146 dir=0 r=2.000 rmax=2.000 rrate=0.00030
  23.23s  t=23046 phase=1 freq=208.5 | I[A]: A=1.78 B=1.76 C=1.73 D=1.76 | duty[%]: A=65.5 B=64.7 C=46.0 D=93.1 | spread=0.052 dir=0 r=2.000 rmax=2.000 rrate=0.00030
  23.73s  t=23547 phase=2 freq=209.6 | I[A]: A=1.82 B=1.81 C=1.71 D=1.88 | duty[%]: A=66.2 B=65.4 C=47.0 D=94.1 | spread=0.172 dir=0 r=2.000 rmax=2.000 rrate=0.00030
  24.23s  t=24047 phase=2 freq=210.0 | I[A]: A=1.83 B=1.84 C=1.78 D=1.82 | duty[%]: A=66.8 B=66.0 C=47.5 D=95.2 | spread=0.062 dir=0 r=2.000 rmax=2.000 rrate=0.00030
  24.73s  t=24547 phase=2 freq=210.0 | I[A]: A=1.87 B=1.83 C=1.87 D=1.86 | duty[%]: A=67.7 B=66.8 C=48.4 D=95.9 | spread=0.036 dir=0 r=2.000 rmax=2.000 rrate=0.00030
  25.23s  t=25048 phase=2 freq=210.0 | I[A]: A=1.82 B=1.82 C=1.90 D=1.87 | duty[%]: A=68.2 B=67.0 C=49.5 D=96.5 | spread=0.078 dir=0 r=2.000 rmax=2.000 rrate=0.00030
  25.73s  t=25548 phase=2 freq=210.0 | I[A]: A=1.86 B=1.89 C=1.86 D=1.90 | duty[%]: A=68.5 B=67.6 C=50.6 D=96.6 | spread=0.036 dir=0 r=2.000 rmax=2.000 rrate=0.00030
  26.23s  t=26049 phase=2 freq=210.0 | I[A]: A=1.96 B=1.97 C=1.88 D=1.96 | duty[%]: A=69.2 B=67.9 C=50.2 D=96.8 | spread=0.088 dir=0 r=2.000 rmax=2.000 rrate=0.00030
  26.73s  t=26549 phase=2 freq=210.0 | I[A]: A=2.00 B=1.96 C=1.89 D=1.98 | duty[%]: A=69.3 B=68.4 C=49.9 D=97.3 | spread=0.114 dir=0 r=2.000 rmax=2.000 rrate=0.00030
  27.23s  t=27049 phase=2 freq=210.0 | I[A]: A=1.90 B=1.90 C=1.98 D=1.97 | duty[%]: A=69.8 B=68.5 C=50.4 D=97.8 | spread=0.082 dir=0 r=2.000 rmax=2.000 rrate=0.00030
  27.73s  t=27550 phase=2 freq=210.0 | I[A]: A=1.92 B=1.89 C=1.94 D=1.91 | duty[%]: A=69.8 B=68.4 C=51.3 D=98.0 | spread=0.047 dir=0 r=2.000 rmax=2.000 rrate=0.00030
  28.23s  t=28050 phase=2 freq=210.0 | I[A]: A=1.91 B=1.97 C=1.93 D=1.93 | duty[%]: A=70.1 B=69.2 C=51.5 D=97.9 | spread=0.065 dir=0 r=2.000 rmax=2.000 rrate=0.00030
  28.73s  t=28550 phase=3 freq=210.0 | I[A]: A=1.78 B=1.81 C=1.68 D=1.74 | duty[%]: A=70.1 B=69.7 C=50.8 D=98.0 | spread=0.127 dir=0 r=2.000 rmax=2.000 rrate=0.00030
  29.23s  t=29050 phase=3 freq=210.0 | I[A]: A=0.03 B=0.04 C=0.00 D=0.38 | duty[%]: A=70.1 B=69.7 C=50.8 D=98.0 | spread=0.374 dir=0 r=2.000 rmax=2.000 rrate=0.00030
  29.67s  coils off
  29.73s  t=29550 phase=4 freq=210.0 | I[A]: A=0.00 B=0.00 C=0.00 D=0.00 | duty[%]: A=70.1 B=69.7 C=50.8 D=98.0 | spread=0.000 dir=0 r=2.000 rmax=2.000 rrate=0.00030
  30.23s  t=30051 phase=4 freq=210.0 | I[A]: A=0.00 B=0.00 C=0.00 D=0.00 | duty[%]: A=70.1 B=69.7 C=50.8 D=98.0 | spread=0.000 dir=0 r=2.000 rmax=2.000 rrate=0.00030
  30.73s  t=30552 phase=4 freq=210.0 | I[A]: A=0.00 B=0.00 C=0.00 D=0.00 | duty[%]: A=70.1 B=69.7 C=50.8 D=98.0 | spread=0.000 dir=0 r=2.000 rmax=2.000 rrate=0.00030
  31.23s  t=31053 phase=4 freq=210.0 | I[A]: A=0.00 B=0.00 C=0.00 D=0.00 | duty[%]: A=70.1 B=69.7 C=50.8 D=98.0 | spread=0.000 dir=0 r=2.000 rmax=2.000 rrate=0.00030
  31.74s  t=31554 phase=4 freq=210.0 | I[A]: A=0.00 B=0.00 C=0.00 D=0.00 | duty[%]: A=70.1 B=69.7 C=50.8 D=98.0 | spread=0.000 dir=0 r=2.000 rmax=2.000 rrate=0.00030
  32.24s  t=32055 phase=4 freq=210.0 | I[A]: A=0.00 B=0.00 C=0.00 D=0.00 | duty[%]: A=70.1 B=69.7 C=50.8 D=98.0 | spread=0.000 dir=0 r=2.000 rmax=2.000 rrate=0.00030
  32.74s  t=32556 phase=4 freq=210.0 | I[A]: A=0.00 B=0.00 C=0.00 D=0.00 | duty[%]: A=70.1 B=69.7 C=50.8 D=98.0 | spread=0.000 dir=0 r=2.000 rmax=2.000 rrate=0.00030
  33.24s  t=33057 phase=4 freq=210.0 | I[A]: A=0.00 B=0.00 C=0.00 D=0.00 | duty[%]: A=70.1 B=69.7 C=50.8 D=98.0 | spread=0.000 dir=0 r=2.000 rmax=2.000 rrate=0.00030
  33.74s  t=33558 phase=4 freq=210.0 | I[A]: A=0.00 B=0.00 C=0.00 D=0.00 | duty[%]: A=70.1 B=69.7 C=50.8 D=98.0 | spread=0.000 dir=0 r=2.000 rmax=2.000 rrate=0.00030
  34.24s  t=34059 phase=4 freq=210.0 | I[A]: A=0.00 B=0.00 C=0.00 D=0.00 | duty[%]: A=70.1 B=69.7 C=50.8 D=98.0 | spread=0.000 dir=0 r=2.000 rmax=2.000 rrate=0.00030
  34.74s  t=34560 phase=4 freq=210.0 | I[A]: A=0.00 B=0.00 C=0.00 D=0.00 | duty[%]: A=70.1 B=69.7 C=50.8 D=98.0 | spread=0.000 dir=0 r=2.000 rmax=2.000 rrate=0.00030
  35.24s  t=35060 phase=4 freq=210.0 | I[A]: A=0.00 B=0.00 C=0.00 D=0.00 | duty[%]: A=70.1 B=69.7 C=50.8 D=98.0 | spread=0.000 dir=0 r=2.000 rmax=2.000 rrate=0.00030
  35.74s  t=35560 phase=4 freq=210.0 | I[A]: A=0.00 B=0.00 C=0.00 D=0.00 | duty[%]: A=70.1 B=69.7 C=50.8 D=98.0 | spread=0.000 dir=0 r=2.000 rmax=2.000 rrate=0.00030
  36.24s  t=36061 phase=4 freq=210.0 | I[A]: A=0.00 B=0.00 C=0.00 D=0.00 | duty[%]: A=70.1 B=69.7 C=50.8 D=98.0 | spread=0.000 dir=0 r=2.000 rmax=2.000 rrate=0.00030
  36.74s  t=36562 phase=4 freq=210.0 | I[A]: A=0.00 B=0.00 C=0.00 D=0.00 | duty[%]: A=70.1 B=69.7 C=50.8 D=98.0 | spread=0.000 dir=0 r=2.000 rmax=2.000 rrate=0.00030
  37.24s  t=37062 phase=4 freq=210.0 | I[A]: A=0.00 B=0.00 C=0.00 D=0.00 | duty[%]: A=70.1 B=69.7 C=50.8 D=98.0 | spread=0.000 dir=0 r=2.000 rmax=2.000 rrate=0.00030
  37.74s  t=37562 phase=4 freq=210.0 | I[A]: A=0.00 B=0.00 C=0.00 D=0.00 | duty[%]: A=70.1 B=69.7 C=50.8 D=98.0 | spread=0.000 dir=0 r=2.000 rmax=2.000 rrate=0.00030
  38.24s  t=38063 phase=4 freq=210.0 | I[A]: A=0.00 B=0.00 C=0.00 D=0.00 | duty[%]: A=70.1 B=69.7 C=50.8 D=98.0 | spread=0.000 dir=0 r=2.000 rmax=2.000 rrate=0.00030
  38.75s  t=38564 phase=4 freq=210.0 | I[A]: A=0.00 B=0.00 C=0.00 D=0.00 | duty[%]: A=70.1 B=69.7 C=50.8 D=98.0 | spread=0.000 dir=0 r=2.000 rmax=2.000 rrate=0.00030
  39.25s  t=39064 phase=4 freq=210.0 | I[A]: A=0.00 B=0.00 C=0.00 D=0.00 | duty[%]: A=70.1 B=69.7 C=50.8 D=98.0 | spread=0.000 dir=0 r=2.000 rmax=2.000 rrate=0.00030
  39.75s  t=39565 phase=4 freq=210.0 | I[A]: A=0.00 B=0.00 C=0.00 D=0.00 | duty[%]: A=70.1 B=69.7 C=50.8 D=98.0 | spread=0.000 dir=0 r=2.000 rmax=2.000 rrate=0.00030
  40.25s  t=40066 phase=4 freq=210.0 | I[A]: A=0.00 B=0.00 C=0.00 D=0.00 | duty[%]: A=70.1 B=69.7 C=50.8 D=98.0 | spread=0.000 dir=0 r=2.000 rmax=2.000 rrate=0.00030
