   0.00s  .000 rmax=2.000 rrate=0.00030
   0.00s  .000 rmax=2.000 rrate=0.00030
   0.00s  .000 rmax=2.000 rrate=0.00030
   0.00s  .000 rmax=2.000 rrate=0.00030
   0.00s  .000 rmax=2.000 rrate=0.00030
   0.00s  .000 rmax=2.000 rrate=0.00030
   0.00s  .000 rmax=2.000 rrate=0.00030
   0.00s  .000 rmax=2.000 rrate=0.00030
   0.00s  .000 rmax=2.000 rrate=0.00030
   0.00s  .000 rmax=2.000 rrate=0.00030
   0.00s  .000 rmax=2.000 rrate=0.00030
   0.00s  .000 rmax=2.000 rrate=0.00030
   0.00s  .000 rmax=2.000 rrate=0.00030
   0.00s  .000 rmax=2.000 rrate=0.00030
   0.00s  .000 rmax=2.000 rrate=0.00030
   0.00s  .000 rmax=2.000 rrate=0.00030
   0.00s  .000 rmax=2.000 rrate=0.00030
   0.00s  .000 rmax=2.000 rrate=0.00030
   0.00s  .000 rmax=2.000 rrate=0.00030
   0.00s  .000 rmax=2.000 rrate=0.00030
   0.00s  .000 rmax=2.000 rrate=0.00030
   0.00s  .000 rmax=2.000 rrate=0.00030
   0.00s  .000 rmax=2.000 rrate=0.00030
   0.00s  .000 rmax=2.000 rrate=0.00030
   0.00s  .000 rmax=2.000 rrate=0.00030
   0.00s  .000 rmax=2.000 rrate=0.00030
   0.00s  .000 rmax=2.000 rrate=0.00030
   0.00s  .000 rmax=2.000 rrate=0.00030
   0.00s  .000 rmax=2.000 rrate=0.00030
   0.00s  .000 rmax=2.000 rrate=0.00030
   0.00s  .000 rmax=2.000 rrate=0.00030
   0.00s  .000 rmax=2.000 rrate=0.00030
   0.00s  .000 rmax=2.000 rrate=0.00030
   0.00s  .000 rmax=2.000 rrate=0.00030
   0.00s  .000 rmax=2.000 rrate=0.00030
   0.00s  .000 rmax=2.000 rrate=0.00030
   0.00s  .000 rmax=2.000 rrate=0.00030
   0.00s  .000 rmax=2.000 rrate=0.00030
   0.00s  .000 rmax=2.000 rrate=0.00030
   0.00s  .000 rmax=2.000 rrate=0.00030
   0.00s  .000 rmax=2.000 rrate=0.00030
   0.00s  .000 rmax=2.000 rrate=0.00030
   0.00s  .000 rmax=2.000 rrate=0.00030
   0.00s  .000 rmax=2.000 rrate=0.00030
   0.00s  .000 rmax=2.000 rrate=0.00030
   0.00s  .000 rmax=2.000 rrate=0.00030
   0.00s  .000 rmax=2.000 rrate=0.00030
   0.00s  .000 rmax=2.000 rrate=0.00030
   0.00s  .000 rmax=2.000 rrate=0.00030
   0.00s  .000 rmax=2.000 rrate=0.00030
   0.00s  .000 rmax=2.000 rrate=0.00030
   0.00s  .000 rmax=2.000 rrate=0.00030
   0.00s  .000 rmax=2.000 rrate=0.00030
   0.00s  .000 rmax=2.000 rrate=0.00030
   0.00s  .000 rmax=2.000 rrate=0.00030
   0.00s  .000 rmax=2.000 rrate=0.00030
   0.00s  .000 rmax=2.000 rrate=0.00030
   0.00s  .000 rmax=2.000 rrate=0.00030
   0.00s  .000 rmax=2.000 rrate=0.00030
   0.00s  .000 rmax=2.000 rrate=0.00030
   0.00s  .000 rmax=2.000 rrate=0.00030
   0.00s  .000 rmax=2.000 rrate=0.00030
   0.00s  .000 rmax=2.000 rrate=0.00030
   0.00s  .000 rmax=2.000 rrate=0.00030
   0.00s  .000 rmax=2.000 rrate=0.00030
   0.00s  .000 rmax=2.000 rrate=0.00030
   0.00s  .000 rmax=2.000 rrate=0.00030
   0.00s  .000 rmax=2.000 rrate=0.00030
   0.00s  .000 rmax=2.000 rrate=0.00030
   0.00s  .000 rmax=2.000 rrate=0.00030
   0.00s  .000 rmax=2.000 rrate=0.00030
   0.00s  .000 rmax=2.000 rrate=0.00030
   0.00s  .000 rmax=2.000 rrate=0.00030
   0.01s  .000 rmax=2.000 rrate=0.00030
   0.01s  .000 rmax=2.000 rrate=0.00030
   0.01s  .000 rmax=2.000 rrate=0.00030
   0.01s  .000 rmax=2.000 rrate=0.00030
   0.01s  .000 rmax=2.000 rrate=0.00030
   0.01s  .000 rmax=2.000 rrate=0.00030
   0.01s  .000 rmax=2.000 rrate=0.00030
   0.01s  .000 rmax=2.000 rrate=0.00030
   0.01s  .000 rmax=2.000 rrate=0.00030
   0.01s  .000 rmax=2.000 rrate=0.00030
   0.01s  .000 rmax=2.000 rrate=0.00030
   0.01s  .000 rmax=2.000 rrate=0.00030
   0.01s  .000 rmax=2.000 rrate=0.00030
   0.01s  .000 rmax=2.000 rrate=0.00030
   0.01s  .000 rmax=2.000 rrate=0.00030
   0.01s  .000 rmax=2.000 rrate=0.00030
   0.01s  .000 rmax=2.000 rrate=0.00030
   0.01s  .000 rmax=2.000 rrate=0.00030
   0.01s  .000 rmax=2.000 rrate=0.00030
   0.01s  .000 rmax=2.000 rrate=0.00030
   0.01s  .000 rmax=2.000 rrate=0.00030
   0.01s  .000 rmax=2.000 rrate=0.00030
   0.01s  .000 rmax=2.000 rrate=0.00030
   0.01s  .000 rmax=2.000 rrate=0.00030
   0.01s  .000 rmax=2.000 rrate=0.00030
   0.01s  .000 rmax=2.000 rrate=0.00030
   0.01s  .000 rmax=2.000 rrate=0.00030
   0.01s  .000 rmax=2.000 rrate=0.00030
   0.01s  .000 rmax=2.000 rrate=0.00030
   0.01s  .000 rmax=2.000 rrate=0.00030
   0.01s  .000 rmax=2.000 rrate=0.00030
   0.01s  .000 rmax=2.000 rrate=0.00030
   0.01s  .000 rmax=2.000 rrate=0.00030
   0.01s  .000 rmax=2.000 rrate=0.00030
   0.01s  .000 rmax=2.000 rrate=0.00030
   0.01s  .000 rmax=2.000 rrate=0.00030
   0.01s  .000 rmax=2.000 rrate=0.00030
   0.01s  .000 rmax=2.000 rrate=0.00030
   0.01s  .000 rmax=2.000 rrate=0.00030
   0.01s  .000 rmax=2.000 rrate=0.00030
   0.01s  .000 rmax=2.000 rrate=0.00030
   0.01s  .000 rmax=2.000 rrate=0.00030
   0.01s  .000 rmax=2.000 rrate=0.00030
   0.01s  .000 rmax=2.000 rrate=0.00030
   0.01s  .000 rmax=2.000 rrate=0.00030
   0.01s  .000 rmax=2.000 rrate=0.00030
   0.01s  .000 rmax=2.000 rrate=0.00030
   0.01s  .000 rmax=2.000 rrate=0.00030
   0.01s  .000 rmax=2.000 rrate=0.00030
   0.01s  .000 rmax=2.000 rrate=0.00030
   0.01s  .000 rmax=2.000 rrate=0.00030
   0.01s  .000 rmax=2.000 rrate=0.00030
   0.01s  .000 rmax=2.000 rrate=0.00030
   0.01s  .000 rmax=2.000 rrate=0.00030
   0.01s  .000 rmax=2.000 rrate=0.00030
   0.01s  .000 rmax=2.000 rrate=0.00030
   0.01s  .000 rmax=2.000 rrate=0.00030
   0.01s  .000 rmax=2.000 rrate=0.00030
   0.01s  .000 rmax=2.000 rrate=0.00030
   0.01s  .000 rmax=2.000 rrate=0.00030
   0.01s  .000 rmax=2.000 rrate=0.00030
   0.01s  .000 rmax=2.000 rrate=0.00030
   0.01s  ets Jul 29 2019 12:21:46
   0.01s  
   0.01s  rst:0x1 (POWERON_RESET),boot:0x13 (SPI_FAST_FLASH_BOOT)
   0.01s  configsip: 0, SPIWP:0xee
   0.02s  clk_drv:0x00,q_drv:0x00,d_drv:0x00,cs0_drv:0x00,hd_drv:0x00,wp_drv:0x00
   0.02s  mode:DIO, clock div:2
   0.02s  load:0x3fff0030,len:1184
   0.03s  load:0x40078000,len:13232
   0.03s  load:0x40080400,len:3028
   0.03s  entry 0x400805e4
   1.20s  state_space: arming 3s, then autonomous 1->210Hz ramp + LQR, bounded run
   1.21s  commands: dir=cw|ccw  rmax=/rrate=<val>  gains?
   1.21s  direction=CCW
   1.22s  t=1031 phase=0 freq=1.0 | I[A]: A=0.00 B=0.00 C=0.00 D=0.00 | duty[%]: A=50.0 B=50.0 C=50.0 D=50.0 | spread=0.000 dir=1 r=0.000 rmax=8.000 rrate=0.00030
   1.22s  R_MAX=2.000 R_RAMP=0.00030
   1.71s  t=1531 phase=0 freq=1.0 | I[A]: A=0.00 B=0.00 C=0.00 D=0.00 | duty[%]: A=50.0 B=50.0 C=50.0 D=50.0 | spread=0.000 dir=1 r=0.000 rmax=2.000 rrate=0.00030
   2.21s  t=2031 phase=0 freq=1.0 | I[A]: A=0.00 B=0.00 C=0.00 D=0.00 | duty[%]: A=50.0 B=50.0 C=50.0 D=50.0 | spread=0.000 dir=1 r=0.000 rmax=2.000 rrate=0.00030
   2.71s  t=2531 phase=0 freq=1.0 | I[A]: A=0.00 B=0.00 C=0.00 D=0.00 | duty[%]: A=50.0 B=50.0 C=50.0 D=50.0 | spread=0.000 dir=1 r=0.000 rmax=2.000 rrate=0.00030
   3.21s  t=3031 phase=0 freq=1.0 | I[A]: A=0.00 B=0.00 C=0.00 D=0.00 | duty[%]: A=50.0 B=50.0 C=50.0 D=50.0 | spread=0.000 dir=1 r=0.000 rmax=2.000 rrate=0.00030
   3.71s  t=3531 phase=0 freq=1.0 | I[A]: A=0.00 B=0.00 C=0.00 D=0.00 | duty[%]: A=50.0 B=50.0 C=50.0 D=50.0 | spread=0.000 dir=1 r=0.000 rmax=2.000 rrate=0.00030
   4.20s  ARMED -> ramping
   4.21s  t=4031 phase=1 freq=1.0 | I[A]: A=0.00 B=0.00 C=0.00 D=0.00 | duty[%]: A=0.0 B=0.0 C=0.0 D=0.0 | spread=0.000 dir=1 r=0.000 rmax=2.000 rrate=0.00030
   4.71s  t=4532 phase=1 freq=1.4 | I[A]: A=0.00 B=0.00 C=0.00 D=0.00 | duty[%]: A=5.0 B=5.0 C=5.0 D=5.0 | spread=0.000 dir=1 r=0.135 rmax=2.000 rrate=0.00030
   5.21s  t=5032 phase=1 freq=2.5 | I[A]: A=0.00 B=0.00 C=0.00 D=0.00 | duty[%]: A=5.0 B=5.0 C=5.0 D=5.0 | spread=0.000 dir=1 r=0.285 rmax=2.000 rrate=0.00030
   5.71s  t=5533 phase=1 freq=4.4 | I[A]: A=0.00 B=0.00 C=0.00 D=0.00 | duty[%]: A=5.0 B=5.0 C=5.0 D=5.0 | spread=0.000 dir=1 r=0.435 rmax=2.000 rrate=0.00030
   6.21s  t=6034 phase=1 freq=6.9 | I[A]: A=0.00 B=0.00 C=0.00 D=0.00 | duty[%]: A=5.0 B=5.0 C=5.0 D=8.1 | spread=0.000 dir=1 r=0.585 rmax=2.000 rrate=0.00030
   6.72s  t=6535 phase=1 freq=10.0 | I[A]: A=0.00 B=0.00 C=0.00 D=0.00 | duty[%]: A=5.6 B=5.0 C=5.0 D=12.4 | spread=0.000 dir=1 r=0.735 rmax=2.000 rrate=0.00030
   7.22s  t=7036 phase=1 freq=13.7 | I[A]: A=0.00 B=0.00 C=0.00 D=0.00 | duty[%]: A=7.8 B=6.9 C=5.0 D=17.7 | spread=0.000 dir=1 r=0.885 rmax=2.000 rrate=0.00030
   7.72s  t=7536 phase=1 freq=18.0 | I[A]: A=0.00 B=0.00 C=0.00 D=0.00 | duty[%]: A=10.3 B=9.2 C=5.5 D=23.9 | spread=0.003 dir=1 r=1.035 rmax=2.000 rrate=0.00030
   8.22s  t=8037 phase=1 freq=22.7 | I[A]: A=0.00 B=0.00 C=0.00 D=0.03 | duty[%]: A=13.5 B=11.9 C=7.0 D=30.7 | spread=0.035 dir=1 r=1.185 rmax=2.000 rrate=0.00030
   8.72s  t=8538 phase=1 freq=28.0 | I[A]: A=0.00 B=0.00 C=0.00 D=0.10 | duty[%]: A=17.7 B=15.8 C=8.8 D=37.7 | spread=0.104 dir=1 r=1.335 rmax=2.000 rrate=0.00030
   9.22s  t=9038 phase=1 freq=33.7 | I[A]: A=0.01 B=0.00 C=0.00 D=0.16 | duty[%]: A=23.3 B=21.0 C=11.3 D=44.5 | spread=0.158 dir=1 r=1.485 rmax=2.000 rrate=0.00030
   9.72s  t=9538 phase=1 freq=39.7 | I[A]: A=0.05 B=0.04 C=0.00 D=0.26 | duty[%]: A=29.4 B=27.0 C=14.3 D=50.1 | spread=0.264 dir=1 r=1.620 rmax=2.000 rrate=0.00030
  10.22s  t=10038 phase=1 freq=46.1 | I[A]: A=0.13 B=0.12 C=0.00 D=0.36 | duty[%]: A=36.8 B=34.6 C=18.9 D=56.3 | spread=0.361 dir=1 r=1.770 rmax=2.000 rrate=0.00030
  10.72s  t=10538 phase=1 freq=52.9 | I[A]: A=0.28 B=0.29 C=0.01 D=0.41 | duty[%]: A=43.7 B=41.8 C=25.2 D=63.1 | spread=0.393 dir=1 r=1.920 rmax=2.000 rrate=0.00030
  11.22s  t=11038 phase=1 freq=59.9 | I[A]: A=0.44 B=0.42 C=0.12 D=0.47 | duty[%]: A=49.8 B=48.2 C=32.8 D=70.1 | spread=0.348 dir=1 r=2.000 rmax=2.000 rrate=0.00030
  11.72s  t=11539 phase=1 freq=67.1 | I[A]: A=0.50 B=0.54 C=0.27 D=0.60 | duty[%]: A=53.7 B=52.2 C=39.6 D=78.3 | spread=0.332 dir=1 r=2.000 rmax=2.000 rrate=0.00030
  12.22s  t=12039 phase=1 freq=74.6 | I[A]: A=0.66 B=0.63 C=0.43 D=0.69 | duty[%]: A=58.5 B=56.5 C=45.0 D=85.1 | spread=0.261 dir=1 r=2.000 rmax=2.000 rrate=0.00030
  12.72s  t=12539 phase=1 freq=82.2 | I[A]: A=0.72 B=0.75 C=0.59 D=0.82 | duty[%]: A=63.5 B=61.5 C=49.6 D=90.7 | spread=0.225 dir=1 r=2.000 rmax=2.000 rrate=0.00030
  13.22s  t=13040 phase=1 freq=89.9 | I[A]: A=0.85 B=0.84 C=0.68 D=1.03 | duty[%]: A=68.5 B=66.2 C=54.5 D=95.4 | spread=0.351 dir=1 r=2.000 rmax=2.000 rrate=0.00030
  13.72s  t=13541 phase=1 freq=97.7 | I[A]: A=1.02 B=1.00 C=0.86 D=1.36 | duty[%]: A=73.7 B=71.4 C=60.7 D=98.0 | spread=0.498 dir=1 r=2.000 rmax=2.000 rrate=0.00030
  14.22s  t=14042 phase=1 freq=105.5 | I[A]: A=1.30 B=1.27 C=1.04 D=1.70 | duty[%]: A=81.0 B=78.7 C=68.0 D=96.6 | spread=0.661 dir=1 r=2.000 rmax=2.000 rrate=0.00030
  14.72s  t=14543 phase=1 freq=113.3 | I[A]: A=1.63 B=1.86 C=1.17 D=2.12 | duty[%]: A=87.8 B=84.9 C=76.7 D=92.6 | spread=0.948 dir=1 r=2.000 rmax=2.000 rrate=0.00030
  15.22s  t=15043 phase=1 freq=121.1 | I[A]: A=2.08 B=2.05 C=1.58 D=2.35 | duty[%]: A=92.4 B=88.2 C=88.0 D=88.0 | spread=0.766 dir=1 r=2.000 rmax=2.000 rrate=0.00030
  15.72s  t=15544 phase=1 freq=128.8 | I[A]: A=2.51 B=2.53 C=2.03 D=2.76 | duty[%]: A=97.2 B=94.0 C=98.3 D=78.8 | spread=0.721 dir=1 r=2.000 rmax=2.000 rrate=0.00030
  16.22s  t=16044 phase=1 freq=136.4 | I[A]: A=2.79 B=2.86 C=2.15 D=3.11 | duty[%]: A=97.9 B=94.8 C=100.0 D=76.5 | spread=0.957 dir=1 r=2.000 rmax=2.000 rrate=0.00030
  16.73s  t=16544 phase=1 freq=143.9 | I[A]: A=3.17 B=3.26 C=2.22 D=3.67 | duty[%]: A=98.2 B=94.9 C=100.0 D=76.0 | spread=1.458 dir=1 r=2.000 rmax=2.000 rrate=0.00030
  17.23s  t=17044 phase=1 freq=151.1 | I[A]: A=3.28 B=3.34 C=2.23 D=4.12 | duty[%]: A=98.5 B=95.3 C=100.0 D=75.3 | spread=1.896 dir=1 r=2.000 rmax=2.000 rrate=0.00030
  17.72s  t=17544 phase=1 freq=158.1 | I[A]: A=3.41 B=3.54 C=2.08 D=4.38 | duty[%]: A=98.8 B=95.3 C=100.0 D=75.1 | spread=2.306 dir=1 r=2.000 rmax=2.000 rrate=0.00030
  18.23s  t=18045 phase=1 freq=164.9 | I[A]: A=3.62 B=3.62 C=2.02 D=4.41 | duty[%]: A=98.7 B=95.8 C=100.0 D=74.7 | spread=2.399 dir=1 r=2.000 rmax=2.000 rrate=0.00030
  18.73s  t=18545 phase=1 freq=171.3 | I[A]: A=3.52 B=3.76 C=1.99 D=4.36 | duty[%]: A=98.8 B=95.2 C=100.0 D=75.0 | spread=2.368 dir=1 r=2.000 rmax=2.000 rrate=0.00030
  19.23s  t=19046 phase=1 freq=177.4 | I[A]: A=3.40 B=3.42 C=1.85 D=4.58 | duty[%]: A=98.9 B=95.5 C=100.0 D=74.8 | spread=2.723 dir=1 r=2.000 rmax=2.000 rrate=0.00030
  19.73s  t=19547 phase=1 freq=183.0 | I[A]: A=3.37 B=3.43 C=1.83 D=4.49 | duty[%]: A=98.8 B=95.5 C=100.0 D=74.9 | spread=2.659 dir=1 r=2.000 rmax=2.000 rrate=0.00030
  20.23s  t=20047 phase=1 freq=188.3 | I[A]: A=3.33 B=3.38 C=1.68 D=4.18 | duty[%]: A=98.8 B=95.7 C=100.0 D=74.9 | spread=2.502 dir=1 r=2.000 rmax=2.000 rrate=0.00030
  20.73s  t=20548 phase=1 freq=193.1 | I[A]: A=3.30 B=3.25 C=1.59 D=4.06 | duty[%]: A=98.6 B=95.7 C=100.0 D=75.0 | spread=2.472 dir=1 r=2.000 rmax=2.000 rrate=0.00030
  21.23s  t=21049 phase=1 freq=197.3 | I[A]: A=3.12 B=3.08 C=1.57 D=3.88 | duty[%]: A=98.4 B=95.5 C=100.0 D=75.4 | spread=2.305 dir=1 r=2.000 rmax=2.000 rrate=0.00030
  21.73s  t=21550 phase=1 freq=201.0 | I[A]: A=3.06 B=3.01 C=1.49 D=3.84 | duty[%]: A=98.3 B=95.5 C=100.0 D=75.5 | spread=2.354 dir=1 r=2.000 rmax=2.000 rrate=0.00030
  22.23s  t=22050 phase=1 freq=204.2 | I[A]: A=2.98 B=3.02 C=1.47 D=3.49 | duty[%]: A=98.3 B=95.2 C=100.0 D=75.8 | spread=2.019 dir=1 r=2.000 rmax=2.000 rrate=0.00030
  22.73s  t=22551 phase=1 freq=206.7 | I[A]: A=2.91 B=2.93 C=1.41 D=3.34 | duty[%]: A=97.9 B=95.1 C=100.0 D=76.1 | spread=1.929 dir=1 r=2.000 rmax=2.000 rrate=0.00030
  23.23s  t=23052 phase=1 freq=208.5 | I[A]: A=2.93 B=2.90 C=1.41 D=3.32 | duty[%]: A=98.0 B=94.9 C=100.0 D=76.1 | spread=1.905 dir=1 r=2.000 rmax=2.000 rrate=0.00030
  23.73s  t=23552 phase=2 freq=209.6 | I[A]: A=2.96 B=2.87 C=1.41 D=3.27 | duty[%]: A=97.9 B=94.9 C=100.0 D=76.2 | spread=1.863 dir=1 r=2.000 rmax=2.000 rrate=0.00030
  24.23s  t=24053 phase=2 freq=210.0 | I[A]: A=2.89 B=2.76 C=1.41 D=3.29 | duty[%]: A=97.8 B=95.0 C=100.0 D=76.3 | spread=1.885 dir=1 r=2.000 rmax=2.000 rrate=0.00030
  24.73s  t=24553 phase=2 freq=210.0 | I[A]: A=2.83 B=2.77 C=1.42 D=3.25 | duty[%]: A=97.9 B=94.9 C=100.0 D=76.2 | spread=1.834 dir=1 r=2.000 rmax=2.000 rrate=0.00030
  25.24s  t=25054 phase=2 freq=210.0 | I[A]: A=2.91 B=2.86 C=1.40 D=3.17 | duty[%]: A=97.7 B=94.7 C=100.0 D=76.4 | spread=1.764 dir=1 r=2.000 rmax=2.000 rrate=0.00030
  25.74s  t=25554 phase=2 freq=210.0 | I[A]: A=2.90 B=2.90 C=1.39 D=3.19 | duty[%]: A=97.9 B=94.9 C=100.0 D=76.2 | spread=1.802 dir=1 r=2.000 rmax=2.000 rrate=0.00030
  26.23s  t=26054 phase=2 freq=210.0 | I[A]: A=2.85 B=2.82 C=1.39 D=3.19 | duty[%]: A=97.8 B=94.9 C=100.0 D=76.4 | spread=1.796 dir=1 r=2.000 rmax=2.000 rrate=0.00030
  26.74s  t=26555 phase=2 freq=210.0 | I[A]: A=2.86 B=2.76 C=1.41 D=3.23 | duty[%]: A=97.7 B=94.7 C=100.0 D=76.5 | spread=1.811 dir=1 r=2.000 rmax=2.000 rrate=0.00030
  27.24s  t=27055 phase=2 freq=210.0 | I[A]: A=2.91 B=2.81 C=1.38 D=3.25 | duty[%]: A=97.8 B=94.8 C=100.0 D=76.3 | spread=1.872 dir=1 r=2.000 rmax=2.000 rrate=0.00030
  27.74s  t=27555 phase=2 freq=210.0 | I[A]: A=2.89 B=2.80 C=1.38 D=3.27 | duty[%]: A=97.7 B=94.7 C=100.0 D=76.3 | spread=1.894 dir=1 r=2.000 rmax=2.000 rrate=0.00030
  28.24s  t=28056 phase=2 freq=210.0 | I[A]: A=2.88 B=2.81 C=1.37 D=3.24 | duty[%]: A=97.9 B=94.8 C=100.0 D=76.3 | spread=1.874 dir=1 r=2.000 rmax=2.000 rrate=0.00030
  28.74s  t=28557 phase=3 freq=210.0 | I[A]: A=2.63 B=2.61 C=1.33 D=3.06 | duty[%]: A=97.8 B=95.0 C=100.0 D=76.3 | spread=1.731 dir=1 r=2.000 rmax=2.000 rrate=0.00030
  29.24s  t=29058 phase=3 freq=210.0 | I[A]: A=0.65 B=0.55 C=0.10 D=0.30 | duty[%]: A=97.8 B=95.0 C=100.0 D=76.3 | spread=0.556 dir=1 r=2.000 rmax=2.000 rrate=0.00030
  29.67s  coils off
  29.74s  t=29558 phase=4 freq=210.0 | I[A]: A=0.00 B=0.00 C=0.00 D=0.00 | duty[%]: A=97.8 B=95.0 C=100.0 D=76.3 | spread=0.000 dir=1 r=2.000 rmax=2.000 rrate=0.00030
  30.24s  t=30058 phase=4 freq=210.0 | I[A]: A=0.00 B=0.00 C=0.00 D=0.00 | duty[%]: A=97.8 B=95.0 C=100.0 D=76.3 | spread=0.000 dir=1 r=2.000 rmax=2.000 rrate=0.00030
  30.74s  t=30558 phase=4 freq=210.0 | I[A]: A=0.00 B=0.00 C=0.00 D=0.00 | duty[%]: A=97.8 B=95.0 C=100.0 D=76.3 | spread=0.000 dir=1 r=2.000 rmax=2.000 rrate=0.00030
  31.24s  t=31058 phase=4 freq=210.0 | I[A]: A=0.00 B=0.00 C=0.00 D=0.00 | duty[%]: A=97.8 B=95.0 C=100.0 D=76.3 | spread=0.000 dir=1 r=2.000 rmax=2.000 rrate=0.00030
  31.74s  t=31558 phase=4 freq=210.0 | I[A]: A=0.00 B=0.00 C=0.00 D=0.00 | duty[%]: A=97.8 B=95.0 C=100.0 D=76.3 | spread=0.000 dir=1 r=2.000 rmax=2.000 rrate=0.00030
  32.24s  t=32058 phase=4 freq=210.0 | I[A]: A=0.00 B=0.00 C=0.00 D=0.00 | duty[%]: A=97.8 B=95.0 C=100.0 D=76.3 | spread=0.000 dir=1 r=2.000 rmax=2.000 rrate=0.00030
  32.74s  t=32559 phase=4 freq=210.0 | I[A]: A=0.00 B=0.00 C=0.00 D=0.00 | duty[%]: A=97.8 B=95.0 C=100.0 D=76.3 | spread=0.000 dir=1 r=2.000 rmax=2.000 rrate=0.00030
  33.24s  t=33059 phase=4 freq=210.0 | I[A]: A=0.00 B=0.00 C=0.00 D=0.00 | duty[%]: A=97.8 B=95.0 C=100.0 D=76.3 | spread=0.000 dir=1 r=2.000 rmax=2.000 rrate=0.00030
  33.74s  t=33559 phase=4 freq=210.0 | I[A]: A=0.00 B=0.00 C=0.00 D=0.00 | duty[%]: A=97.8 B=95.0 C=100.0 D=76.3 | spread=0.000 dir=1 r=2.000 rmax=2.000 rrate=0.00030
  34.24s  t=34060 phase=4 freq=210.0 | I[A]: A=0.00 B=0.00 C=0.00 D=0.00 | duty[%]: A=97.8 B=95.0 C=100.0 D=76.3 | spread=0.000 dir=1 r=2.000 rmax=2.000 rrate=0.00030
  34.74s  t=34560 phase=4 freq=210.0 | I[A]: A=0.00 B=0.00 C=0.00 D=0.00 | duty[%]: A=97.8 B=95.0 C=100.0 D=76.3 | spread=0.000 dir=1 r=2.000 rmax=2.000 rrate=0.00030
  35.24s  t=35060 phase=4 freq=210.0 | I[A]: A=0.00 B=0.00 C=0.00 D=0.00 | duty[%]: A=97.8 B=95.0 C=100.0 D=76.3 | spread=0.000 dir=1 r=2.000 rmax=2.000 rrate=0.00030
  35.74s  t=35560 phase=4 freq=210.0 | I[A]: A=0.00 B=0.00 C=0.00 D=0.00 | duty[%]: A=97.8 B=95.0 C=100.0 D=76.3 | spread=0.000 dir=1 r=2.000 rmax=2.000 rrate=0.00030
  36.24s  t=36061 phase=4 freq=210.0 | I[A]: A=0.00 B=0.00 C=0.00 D=0.00 | duty[%]: A=97.8 B=95.0 C=100.0 D=76.3 | spread=0.000 dir=1 r=2.000 rmax=2.000 rrate=0.00030
  36.74s  t=36561 phase=4 freq=210.0 | I[A]: A=0.00 B=0.00 C=0.00 D=0.00 | duty[%]: A=97.8 B=95.0 C=100.0 D=76.3 | spread=0.000 dir=1 r=2.000 rmax=2.000 rrate=0.00030
  37.24s  t=37061 phase=4 freq=210.0 | I[A]: A=0.00 B=0.00 C=0.00 D=0.00 | duty[%]: A=97.8 B=95.0 C=100.0 D=76.3 | spread=0.000 dir=1 r=2.000 rmax=2.000 rrate=0.00030
  37.74s  t=37562 phase=4 freq=210.0 | I[A]: A=0.00 B=0.00 C=0.00 D=0.00 | duty[%]: A=97.8 B=95.0 C=100.0 D=76.3 | spread=0.000 dir=1 r=2.000 rmax=2.000 rrate=0.00030
  38.24s  t=38062 phase=4 freq=210.0 | I[A]: A=0.00 B=0.00 C=0.00 D=0.00 | duty[%]: A=97.8 B=95.0 C=100.0 D=76.3 | spread=0.000 dir=1 r=2.000 rmax=2.000 rrate=0.00030
  38.74s  t=38562 phase=4 freq=210.0 | I[A]: A=0.00 B=0.00 C=0.00 D=0.00 | duty[%]: A=97.8 B=95.0 C=100.0 D=76.3 | spread=0.000 dir=1 r=2.000 rmax=2.000 rrate=0.00030
  39.24s  t=39063 phase=4 freq=210.0 | I[A]: A=0.00 B=0.00 C=0.00 D=0.00 | duty[%]: A=97.8 B=95.0 C=100.0 D=76.3 | spread=0.000 dir=1 r=2.000 rmax=2.000 rrate=0.00030
  39.74s  t=39563 phase=4 freq=210.0 | I[A]: A=0.00 B=0.00 C=0.00 D=0.00 | duty[%]: A=97.8 B=95.0 C=100.0 D=76.3 | spread=0.000 dir=1 r=2.000 rmax=2.000 rrate=0.00030
  40.24s  t=40063 phase=4 freq=210.0 | I[A]: A=0.00 B=0.00 C=0.00 D=0.00 | duty[%]: A=97.8 B=95.0 C=100.0 D=76.3 | spread=0.000 dir=1 r=2.000 rmax=2.000 rrate=0.00030
