   0.00s  00 rmax=2.000 rrate=0.00030
   0.00s  00 rmax=2.000 rrate=0.00030
   0.00s  00 rmax=2.000 rrate=0.00030
   0.00s  00 rmax=2.000 rrate=0.00030
   0.00s  00 rmax=2.000 rrate=0.00030
   0.00s  00 rmax=2.000 rrate=0.00030
   0.00s  00 rmax=2.000 rrate=0.00030
   0.00s  00 rmax=2.000 rrate=0.00030
   0.00s  00 rmax=2.000 rrate=0.00030
   0.00s  00 rmax=2.000 rrate=0.00030
   0.00s  00 rmax=2.000 rrate=0.00030
   0.00s  00 rmax=2.000 rrate=0.00030
   0.00s  00 rmax=2.000 rrate=0.00030
   0.00s  00 rmax=2.000 rrate=0.00030
   0.00s  00 rmax=2.000 rrate=0.00030
   0.00s  00 rmax=2.000 rrate=0.00030
   0.00s  00 rmax=2.000 rrate=0.00030
   0.00s  00 rmax=2.000 rrate=0.00030
   0.00s  00 rmax=2.000 rrate=0.00030
   0.00s  00 rmax=2.000 rrate=0.00030
   0.00s  00 rmax=2.000 rrate=0.00030
   0.00s  00 rmax=2.000 rrate=0.00030
   0.00s  00 rmax=2.000 rrate=0.00030
   0.00s  00 rmax=2.000 rrate=0.00030
   0.00s  00 rmax=2.000 rrate=0.00030
   0.00s  00 rmax=2.000 rrate=0.00030
   0.00s  00 rmax=2.000 rrate=0.00030
   0.00s  00 rmax=2.000 rrate=0.00030
   0.00s  00 rmax=2.000 rrate=0.00030
   0.00s  00 rmax=2.000 rrate=0.00030
   0.00s  00 rmax=2.000 rrate=0.00030
   0.00s  00 rmax=2.000 rrate=0.00030
   0.00s  00 rmax=2.000 rrate=0.00030
   0.00s  00 rmax=2.000 rrate=0.00030
   0.00s  00 rmax=2.000 rrate=0.00030
   0.00s  00 rmax=2.000 rrate=0.00030
   0.00s  00 rmax=2.000 rrate=0.00030
   0.00s  00 rmax=2.000 rrate=0.00030
   0.00s  00 rmax=2.000 rrate=0.00030
   0.00s  00 rmax=2.000 rrate=0.00030
   0.00s  00 rmax=2.000 rrate=0.00030
   0.00s  00 rmax=2.000 rrate=0.00030
   0.00s  00 rmax=2.000 rrate=0.00030
   0.00s  00 rmax=2.000 rrate=0.00030
   0.00s  00 rmax=2.000 rrate=0.00030
   0.00s  00 rmax=2.000 rrate=0.00030
   0.00s  00 rmax=2.000 rrate=0.00030
   0.00s  00 rmax=2.000 rrate=0.00030
   0.00s  00 rmax=2.000 rrate=0.00030
   0.00s  00 rmax=2.000 rrate=0.00030
   0.00s  00 rmax=2.000 rrate=0.00030
   0.00s  00 rmax=2.000 rrate=0.00030
   0.00s  00 rmax=2.000 rrate=0.00030
   0.00s  00 rmax=2.000 rrate=0.00030
   0.00s  00 rmax=2.000 rrate=0.00030
   0.00s  00 rmax=2.000 rrate=0.00030
   0.00s  00 rmax=2.000 rrate=0.00030
   0.00s  00 rmax=2.000 rrate=0.00030
   0.00s  00 rmax=2.000 rrate=0.00030
   0.00s  00 rmax=2.000 rrate=0.00030
   0.00s  00 rmax=2.000 rrate=0.00030
   0.00s  00 rmax=2.000 rrate=0.00030
   0.00s  00 rmax=2.000 rrate=0.00030
   0.00s  00 rmax=2.000 rrate=0.00030
   0.00s  00 rmax=2.000 rrate=0.00030
   0.00s  00 rmax=2.000 rrate=0.00030
   0.00s  00 rmax=2.000 rrate=0.00030
   0.00s  00 rmax=2.000 rrate=0.00030
   0.00s  00 rmax=2.000 rrate=0.00030
   0.00s  00 rmax=2.000 rrate=0.00030
   0.00s  00 rmax=2.000 rrate=0.00030
   0.00s  00 rmax=2.000 rrate=0.00030
   0.00s  00 rmax=2.000 rrate=0.00030
   0.00s  00 rmax=2.000 rrate=0.00030
   0.00s  00 rmax=2.000 rrate=0.00030
   0.00s  00 rmax=2.000 rrate=0.00030
   0.00s  00 rmax=2.000 rrate=0.00030
   0.00s  00 rmax=2.000 rrate=0.00030
   0.00s  00 rmax=2.000 rrate=0.00030
   0.00s  00 rmax=2.000 rrate=0.00030
   0.01s  00 rmax=2.000 rrate=0.00030
   0.01s  00 rmax=2.000 rrate=0.00030
   0.01s  00 rmax=2.000 rrate=0.00030
   0.01s  00 rmax=2.000 rrate=0.00030
   0.01s  00 rmax=2.000 rrate=0.00030
   0.01s  00 rmax=2.000 rrate=0.00030
   0.01s  00 rmax=2.000 rrate=0.00030
   0.01s  00 rmax=2.000 rrate=0.00030
   0.01s  00 rmax=2.000 rrate=0.00030
   0.01s  00 rmax=2.000 rrate=0.00030
   0.01s  00 rmax=2.000 rrate=0.00030
   0.01s  00 rmax=2.000 rrate=0.00030
   0.01s  00 rmax=2.000 rrate=0.00030
   0.01s  00 rmax=2.000 rrate=0.00030
   0.01s  00 rmax=2.000 rrate=0.00030
   0.01s  00 rmax=2.000 rrate=0.00030
   0.01s  00 rmax=2.000 rrate=0.00030
   0.01s  00 rmax=2.000 rrate=0.00030
   0.01s  00 rmax=2.000 rrate=0.00030
   0.01s  00 rmax=2.000 rrate=0.00030
   0.01s  00 rmax=2.000 rrate=0.00030
   0.01s  00 rmax=2.000 rrate=0.00030
   0.01s  00 rmax=2.000 rrate=0.00030
   0.01s  00 rmax=2.000 rrate=0.00030
   0.01s  00 rmax=2.000 rrate=0.00030
   0.01s  00 rmax=2.000 rrate=0.00030
   0.01s  00 rmax=2.000 rrate=0.00030
   0.01s  00 rmax=2.000 rrate=0.00030
   0.01s  00 rmax=2.000 rrate=0.00030
   0.01s  00 rmax=2.000 rrate=0.00030
   0.01s  00 rmax=2.000 rrate=0.00030
   0.01s  00 rmax=2.000 rrate=0.00030
   0.01s  00 rmax=2.000 rrate=0.00030
   0.01s  00 rmax=2.000 rrate=0.00030
   0.01s  00 rmax=2.000 rrate=0.00030
   0.01s  00 rmax=2.000 rrate=0.00030
   0.01s  00 rmax=2.000 rrate=0.00030
   0.01s  00 rmax=2.000 rrate=0.00030
   0.01s  00 rmax=2.000 rrate=0.00030
   0.01s  00 rmax=2.000 rrate=0.00030
   0.01s  00 rmax=2.000 rrate=0.00030
   0.01s  00 rmax=2.000 rrate=0.00030
   0.01s  00 rmax=2.000 rrate=0.00030
   0.01s  00 rmax=2.000 rrate=0.00030
   0.01s  00 rmax=2.000 rrate=0.00030
   0.01s  00 rmax=2.000 rrate=0.00030
   0.01s  00 rmax=2.000 rrate=0.00030
   0.01s  00 rmax=2.000 rrate=0.00030
   0.01s  00 rmax=2.000 rrate=0.00030
   0.01s  00 rmax=2.000 rrate=0.00030
   0.01s  00 rmax=2.000 rrate=0.00030
   0.01s  00 rmax=2.000 rrate=0.00030
   0.01s  00 rmax=2.000 rrate=0.00030
   0.01s  00 rmax=2.000 rrate=0.00030
   0.01s  00 rmax=2.000 rrate=0.00030
   0.01s  00 rmax=2.000 rrate=0.00030
   0.01s  00 rmax=2.000 rrate=0.00030
   0.01s  00 rmax=2.000 rrate=0.00030
   0.01s  00 rmax=2.000 rrate=0.00030
   0.01s  00 rmax=2.000 rrate=0.00030
   0.01s  00 rmax=2.000 rrate=0.00030
   0.01s  00 rmax=2.000 rrate=0.00030
   0.01s  00 rmax=2.000 rrate=0.00030
   0.01s  00 rmax=2.000 rrate=0.00030
   0.01s  ets Jul 29 2019 12:21:46
   0.01s  
   0.01s  rst:0x1 (POWERON_RESET),boot:0x13 (SPI_FAST_FLASH_BOOT)
   0.01s  configsip: 0, SPIWP:0xee
   0.02s  clk_drv:0x00,q_drv:0x00,d_drv:0x00,cs0_drv:0x00,hd_drv:0x00,wp_drv:0x00
   0.02s  mode:DIO, clock div:2
   0.02s  load:0x3fff0030,len:1184
   0.03s  load:0x40078000,len:13232
   0.03s  load:0x40080400,len:3028
   0.03s  entry 0x400805e4
   1.20s  state_space: dual-core, arming 3s, then autonomous 1->210Hz ramp + LQID, bounded run
   1.21s  commands: dir=cw|ccw  rmax=/rrate=<val>  gains?
   1.21s  direction=CW
   1.22s  t=1038 phase=0 freq=1.0 | I[A]: A=0.00 B=0.00 C=0.00 D=0.00 | duty[%]: A=50.0 B=50.0 C=50.0 D=50.0 | spread=0.000 dir=0 r=0.000 rmax=8.000 rrate=0.00030
   1.22s  R_MAX=2.000 R_RAMP=0.00030
   1.72s  t=1538 phase=0 freq=1.0 | I[A]: A=0.00 B=0.00 C=0.00 D=0.00 | duty[%]: A=50.0 B=50.0 C=50.0 D=50.0 | spread=0.000 dir=0 r=0.000 rmax=2.000 rrate=0.00030
   2.22s  t=2038 phase=0 freq=1.0 | I[A]: A=0.00 B=0.00 C=0.00 D=0.00 | duty[%]: A=50.0 B=50.0 C=50.0 D=50.0 | spread=0.000 dir=0 r=0.000 rmax=2.000 rrate=0.00030
   2.72s  t=2538 phase=0 freq=1.0 | I[A]: A=0.00 B=0.00 C=0.00 D=0.00 | duty[%]: A=50.0 B=50.0 C=50.0 D=50.0 | spread=0.000 dir=0 r=0.000 rmax=2.000 rrate=0.00030
   3.22s  t=3038 phase=0 freq=1.0 | I[A]: A=0.00 B=0.00 C=0.00 D=0.00 | duty[%]: A=50.0 B=50.0 C=50.0 D=50.0 | spread=0.000 dir=0 r=0.000 rmax=2.000 rrate=0.00030
   3.72s  t=3538 phase=0 freq=1.0 | I[A]: A=0.00 B=0.00 C=0.00 D=0.00 | duty[%]: A=50.0 B=50.0 C=50.0 D=50.0 | spread=0.000 dir=0 r=0.000 rmax=2.000 rrate=0.00030
   4.22s  t=4038 phase=0 freq=1.0 | I[A]: A=0.00 B=0.00 C=0.00 D=0.00 | duty[%]: A=50.0 B=50.0 C=50.0 D=50.0 | spread=0.000 dir=0 r=0.000 rmax=2.000 rrate=0.00030
   4.72s  t=4538 phase=1 freq=1.3 | I[A]: A=0.00 B=0.00 C=0.00 D=0.00 | duty[%]: A=5.0 B=5.0 C=5.0 D=7.2 | spread=0.000 dir=0 r=0.150 rmax=2.000 rrate=0.00030
   5.22s  t=5038 phase=1 freq=2.4 | I[A]: A=0.00 B=0.00 C=0.00 D=0.00 | duty[%]: A=5.9 B=5.2 C=5.0 D=16.0 | spread=0.000 dir=0 r=0.300 rmax=2.000 rrate=0.00030
   5.72s  t=5538 phase=1 freq=4.2 | I[A]: A=0.00 B=0.00 C=0.00 D=0.00 | duty[%]: A=9.5 B=8.4 C=5.0 D=25.7 | spread=0.000 dir=0 r=0.450 rmax=2.000 rrate=0.00030
   6.22s  t=6038 phase=1 freq=6.7 | I[A]: A=0.00 B=0.00 C=0.00 D=0.01 | duty[%]: A=13.6 B=12.0 C=5.7 D=36.3 | spread=0.008 dir=0 r=0.600 rmax=2.000 rrate=0.00030
   6.72s  t=6538 phase=1 freq=9.8 | I[A]: A=0.00 B=0.00 C=0.00 D=0.00 | duty[%]: A=18.3 B=16.2 C=7.6 D=47.4 | spread=0.000 dir=0 r=0.750 rmax=2.000 rrate=0.00030
   7.22s  t=7038 phase=1 freq=13.5 | I[A]: A=0.00 B=0.01 C=0.00 D=0.12 | duty[%]: A=24.8 B=22.3 C=10.4 D=57.8 | spread=0.115 dir=0 r=0.900 rmax=2.000 rrate=0.00030
   7.72s  t=7538 phase=1 freq=17.7 | I[A]: A=0.11 B=0.00 C=0.00 D=0.02 | duty[%]: A=30.1 B=27.5 C=12.9 D=70.5 | spread=0.105 dir=0 r=1.050 rmax=2.000 rrate=0.00030
   8.22s  t=8038 phase=1 freq=22.5 | I[A]: A=0.00 B=0.07 C=0.00 D=0.33 | duty[%]: A=35.9 B=34.1 C=16.4 D=83.1 | spread=0.333 dir=0 r=1.200 rmax=2.000 rrate=0.00030
   8.72s  t=8538 phase=1 freq=27.7 | I[A]: A=0.23 B=0.21 C=0.00 D=0.48 | duty[%]: A=44.7 B=41.1 C=21.4 D=94.6 | spread=0.480 dir=0 r=1.350 rmax=2.000 rrate=0.00030
   9.22s  t=9038 phase=1 freq=33.4 | I[A]: A=0.18 B=0.21 C=0.03 D=0.61 | duty[%]: A=57.7 B=52.7 C=29.2 D=99.4 | spread=0.571 dir=0 r=1.470 rmax=2.000 rrate=0.00030
   9.72s  t=9538 phase=1 freq=39.4 | I[A]: A=0.76 B=0.64 C=0.08 D=0.01 | duty[%]: A=71.4 B=61.1 C=36.6 D=100.0 | spread=0.749 dir=0 r=1.530 rmax=2.000 rrate=0.00030
  10.22s  t=10038 phase=1 freq=45.8 | I[A]: A=0.50 B=0.71 C=0.41 D=0.42 | duty[%]: A=85.0 B=75.2 C=45.8 D=100.0 | spread=0.304 dir=0 r=1.605 rmax=2.000 rrate=0.00030
  10.72s  t=10538 phase=1 freq=52.5 | I[A]: A=0.69 B=0.41 C=0.23 D=1.23 | duty[%]: A=98.2 B=86.8 C=55.6 D=99.6 | spread=1.000 dir=0 r=1.680 rmax=2.000 rrate=0.00030
  11.22s  t=11038 phase=1 freq=59.5 | I[A]: A=1.10 B=0.78 C=0.53 D=1.25 | duty[%]: A=100.0 B=100.0 C=68.1 D=99.4 | spread=0.718 dir=0 r=1.710 rmax=2.000 rrate=0.00030
  11.72s  t=11538 phase=1 freq=66.8 | I[A]: A=1.02 B=0.68 C=0.57 D=0.94 | duty[%]: A=100.0 B=100.0 C=84.1 D=99.1 | spread=0.449 dir=0 r=1.710 rmax=2.000 rrate=0.00030
  12.22s  t=12038 phase=1 freq=74.2 | I[A]: A=0.43 B=0.16 C=0.45 D=0.24 | duty[%]: A=99.3 B=100.0 C=97.7 D=100.0 | spread=0.288 dir=0 r=1.710 rmax=2.000 rrate=0.00030
  12.72s  t=12538 phase=1 freq=81.8 | I[A]: A=1.71 B=0.88 C=1.67 D=1.02 | duty[%]: A=99.1 B=100.0 C=100.0 D=100.0 | spread=0.827 dir=0 r=1.710 rmax=2.000 rrate=0.00030
  13.22s  t=13038 phase=1 freq=89.5 | I[A]: A=1.24 B=1.24 C=1.24 D=1.13 | duty[%]: A=100.0 B=100.0 C=100.0 D=100.0 | spread=0.108 dir=0 r=1.710 rmax=2.000 rrate=0.00030
  13.72s  t=13538 phase=1 freq=97.3 | I[A]: A=1.15 B=1.47 C=1.39 D=1.24 | duty[%]: A=100.0 B=100.0 C=100.0 D=100.0 | spread=0.326 dir=0 r=1.710 rmax=2.000 rrate=0.00030
  14.22s  t=14038 phase=1 freq=105.1 | I[A]: A=1.37 B=1.96 C=1.91 D=1.75 | duty[%]: A=99.2 B=100.0 C=100.0 D=100.0 | spread=0.595 dir=0 r=1.710 rmax=2.000 rrate=0.00030
  14.72s  t=14538 phase=1 freq=112.9 | I[A]: A=1.78 B=2.10 C=2.44 D=1.71 | duty[%]: A=100.0 B=97.6 C=99.6 D=100.0 | spread=0.723 dir=0 r=1.710 rmax=2.000 rrate=0.00030
  15.22s  t=15038 phase=1 freq=120.7 | I[A]: A=2.44 B=2.19 C=2.78 D=1.78 | duty[%]: A=97.4 B=92.9 C=94.1 D=100.0 | spread=0.999 dir=0 r=1.710 rmax=2.000 rrate=0.00030
  15.72s  t=15538 phase=1 freq=128.5 | I[A]: A=2.27 B=2.94 C=3.77 D=1.77 | duty[%]: A=96.3 B=87.8 C=85.9 D=100.0 | spread=1.998 dir=0 r=1.710 rmax=2.000 rrate=0.00030
  16.22s  t=16038 phase=1 freq=136.1 | I[A]: A=1.57 B=3.23 C=3.55 D=2.55 | duty[%]: A=91.9 B=81.1 C=72.9 D=100.0 | spread=1.985 dir=0 r=1.710 rmax=2.000 rrate=0.00030
  16.72s  t=16538 phase=1 freq=143.5 | I[A]: A=3.32 B=2.51 C=3.48 D=1.06 | duty[%]: A=81.2 B=75.4 C=62.9 D=100.0 | spread=2.423 dir=0 r=1.725 rmax=2.000 rrate=0.00030
  17.22s  t=17038 phase=1 freq=150.8 | I[A]: A=5.35 B=1.16 C=2.03 D=1.92 | duty[%]: A=83.0 B=79.2 C=61.0 D=98.8 | spread=4.193 dir=0 r=1.800 rmax=2.000 rrate=0.00030
  17.72s  t=17538 phase=1 freq=157.8 | I[A]: A=1.45 B=5.01 C=5.23 D=2.10 | duty[%]: A=72.2 B=96.6 C=70.2 D=94.0 | spread=3.778 dir=0 r=1.905 rmax=2.000 rrate=0.00030
  18.22s  t=18038 phase=1 freq=164.5 | I[A]: A=2.60 B=3.00 C=3.14 D=2.51 | duty[%]: A=74.4 B=74.6 C=53.1 D=100.0 | spread=0.630 dir=0 r=1.980 rmax=2.000 rrate=0.00030
  18.72s  t=18538 phase=1 freq=171.0 | I[A]: A=2.74 B=2.57 C=2.79 D=2.95 | duty[%]: A=70.3 B=73.9 C=49.9 D=100.0 | spread=0.383 dir=0 r=1.980 rmax=2.000 rrate=0.00030
  19.22s  t=19038 phase=1 freq=177.1 | I[A]: A=2.21 B=2.79 C=2.89 D=2.06 | duty[%]: A=70.9 B=71.7 C=47.7 D=97.4 | spread=0.829 dir=0 r=2.000 rmax=2.000 rrate=0.00030
  19.72s  t=19538 phase=1 freq=182.7 | I[A]: A=2.22 B=2.83 C=2.75 D=2.25 | duty[%]: A=69.4 B=67.8 C=46.2 D=96.2 | spread=0.615 dir=0 r=2.000 rmax=2.000 rrate=0.00030
  20.22s  t=20038 phase=1 freq=188.0 | I[A]: A=2.16 B=2.44 C=2.49 D=2.14 | duty[%]: A=67.7 B=68.7 C=47.3 D=93.6 | spread=0.353 dir=0 r=2.000 rmax=2.000 rrate=0.00030
  20.72s  t=20538 phase=1 freq=192.8 | I[A]: A=2.00 B=2.21 C=2.22 D=1.77 | duty[%]: A=67.3 B=65.2 C=45.7 D=94.7 | spread=0.446 dir=0 r=2.000 rmax=2.000 rrate=0.00030
  21.22s  t=21038 phase=1 freq=197.1 | I[A]: A=1.92 B=1.97 C=2.03 D=1.77 | duty[%]: A=65.5 B=64.2 C=44.8 D=96.2 | spread=0.257 dir=0 r=2.000 rmax=2.000 rrate=0.00030
  21.72s  t=21538 phase=1 freq=200.9 | I[A]: A=1.95 B=2.05 C=1.69 D=1.78 | duty[%]: A=64.0 B=64.9 C=47.1 D=96.4 | spread=0.360 dir=0 r=2.000 rmax=2.000 rrate=0.00030
  22.22s  t=22038 phase=1 freq=204.0 | I[A]: A=1.86 B=1.49 C=1.40 D=2.51 | duty[%]: A=66.8 B=69.3 C=48.2 D=93.8 | spread=1.106 dir=0 r=2.000 rmax=2.000 rrate=0.00030
  22.72s  t=22538 phase=1 freq=206.6 | I[A]: A=1.69 B=2.11 C=1.99 D=1.86 | duty[%]: A=69.1 B=64.8 C=46.9 D=95.6 | spread=0.426 dir=0 r=2.000 rmax=2.000 rrate=0.00030
  23.22s  t=23038 phase=1 freq=208.4 | I[A]: A=1.73 B=1.51 C=1.34 D=2.12 | duty[%]: A=65.3 B=69.4 C=50.2 D=96.3 | spread=0.785 dir=0 r=2.000 rmax=2.000 rrate=0.00030
  23.72s  t=23538 phase=2 freq=209.6 | I[A]: A=1.61 B=2.14 C=1.11 D=2.11 | duty[%]: A=66.1 B=71.5 C=54.2 D=95.6 | spread=1.032 dir=0 r=2.000 rmax=2.000 rrate=0.00030
  24.22s  t=24038 phase=2 freq=210.0 | I[A]: A=1.22 B=2.38 C=2.17 D=2.30 | duty[%]: A=69.4 B=73.6 C=56.7 D=94.1 | spread=1.157 dir=0 r=2.000 rmax=2.000 rrate=0.00030
  24.72s  t=24538 phase=2 freq=210.0 | I[A]: A=2.15 B=1.70 C=2.02 D=1.62 | duty[%]: A=68.3 B=68.0 C=52.9 D=98.4 | spread=0.527 dir=0 r=2.000 rmax=2.000 rrate=0.00030
  25.22s  t=25038 phase=2 freq=210.0 | I[A]: A=1.93 B=2.03 C=2.08 D=1.77 | duty[%]: A=70.6 B=71.6 C=55.4 D=96.3 | spread=0.311 dir=0 r=2.000 rmax=2.000 rrate=0.00030
  25.72s  t=25538 phase=2 freq=210.0 | I[A]: A=1.67 B=1.68 C=1.27 D=2.38 | duty[%]: A=71.9 B=70.3 C=53.2 D=97.4 | spread=1.101 dir=0 r=2.000 rmax=2.000 rrate=0.00030
  26.22s  t=26038 phase=2 freq=210.0 | I[A]: A=2.16 B=1.46 C=1.64 D=2.03 | duty[%]: A=71.6 B=70.2 C=52.4 D=98.5 | spread=0.697 dir=0 r=2.000 rmax=2.000 rrate=0.00030
  26.72s  t=26538 phase=2 freq=210.0 | I[A]: A=2.09 B=2.11 C=1.90 D=1.85 | duty[%]: A=68.2 B=71.9 C=53.0 D=100.0 | spread=0.268 dir=0 r=2.000 rmax=2.000 rrate=0.00030
  27.22s  t=27038 phase=2 freq=210.0 | I[A]: A=1.60 B=2.24 C=2.17 D=2.17 | duty[%]: A=69.6 B=73.3 C=55.3 D=99.0 | spread=0.634 dir=0 r=2.000 rmax=2.000 rrate=0.00030
  27.72s  t=27538 phase=2 freq=210.0 | I[A]: A=1.94 B=2.60 C=2.53 D=1.39 | duty[%]: A=71.4 B=74.3 C=57.2 D=97.7 | spread=1.215 dir=0 r=2.000 rmax=2.000 rrate=0.00030
  28.22s  t=28038 phase=2 freq=210.0 | I[A]: A=2.11 B=1.63 C=1.42 D=2.06 | duty[%]: A=73.7 B=67.9 C=56.3 D=99.1 | spread=0.684 dir=0 r=2.000 rmax=2.000 rrate=0.00030
  28.72s  t=28538 phase=3 freq=210.0 | I[A]: A=1.93 B=1.89 C=1.85 D=1.96 | duty[%]: A=68.7 B=72.9 C=56.6 D=99.8 | spread=0.104 dir=0 r=2.000 rmax=2.000 rrate=0.00030
  29.22s  t=29038 phase=3 freq=210.0 | I[A]: A=0.09 B=0.31 C=0.05 D=0.63 | duty[%]: A=68.7 B=72.9 C=56.6 D=99.8 | spread=0.586 dir=0 r=2.000 rmax=2.000 rrate=0.00030
  29.72s  t=29538 phase=3 freq=210.0 | I[A]: A=0.00 B=0.00 C=0.00 D=0.00 | duty[%]: A=68.7 B=72.9 C=56.6 D=99.8 | spread=0.001 dir=0 r=2.000 rmax=2.000 rrate=0.00030
  30.22s  t=30038 phase=4 freq=210.0 | I[A]: A=0.00 B=0.00 C=0.00 D=0.00 | duty[%]: A=68.7 B=72.9 C=56.6 D=99.8 | spread=0.000 dir=0 r=2.000 rmax=2.000 rrate=0.00030
  30.72s  t=30538 phase=4 freq=210.0 | I[A]: A=0.00 B=0.00 C=0.00 D=0.00 | duty[%]: A=68.7 B=72.9 C=56.6 D=99.8 | spread=0.000 dir=0 r=2.000 rmax=2.000 rrate=0.00030
  31.22s  t=31038 phase=4 freq=210.0 | I[A]: A=0.00 B=0.00 C=0.00 D=0.00 | duty[%]: A=68.7 B=72.9 C=56.6 D=99.8 | spread=0.000 dir=0 r=2.000 rmax=2.000 rrate=0.00030
  31.72s  t=31538 phase=4 freq=210.0 | I[A]: A=0.00 B=0.00 C=0.00 D=0.00 | duty[%]: A=68.7 B=72.9 C=56.6 D=99.8 | spread=0.000 dir=0 r=2.000 rmax=2.000 rrate=0.00030
  32.22s  t=32038 phase=4 freq=210.0 | I[A]: A=0.00 B=0.00 C=0.00 D=0.00 | duty[%]: A=68.7 B=72.9 C=56.6 D=99.8 | spread=0.000 dir=0 r=2.000 rmax=2.000 rrate=0.00030
  32.72s  t=32538 phase=4 freq=210.0 | I[A]: A=0.00 B=0.00 C=0.00 D=0.00 | duty[%]: A=68.7 B=72.9 C=56.6 D=99.8 | spread=0.000 dir=0 r=2.000 rmax=2.000 rrate=0.00030
  33.22s  t=33038 phase=4 freq=210.0 | I[A]: A=0.00 B=0.00 C=0.00 D=0.00 | duty[%]: A=68.7 B=72.9 C=56.6 D=99.8 | spread=0.000 dir=0 r=2.000 rmax=2.000 rrate=0.00030
  33.72s  t=33538 phase=4 freq=210.0 | I[A]: A=0.00 B=0.00 C=0.00 D=0.00 | duty[%]: A=68.7 B=72.9 C=56.6 D=99.8 | spread=0.000 dir=0 r=2.000 rmax=2.000 rrate=0.00030
  34.22s  t=34038 phase=4 freq=210.0 | I[A]: A=0.00 B=0.00 C=0.00 D=0.00 | duty[%]: A=68.7 B=72.9 C=56.6 D=99.8 | spread=0.000 dir=0 r=2.000 rmax=2.000 rrate=0.00030
  34.72s  t=34538 phase=4 freq=210.0 | I[A]: A=0.00 B=0.00 C=0.00 D=0.00 | duty[%]: A=68.7 B=72.9 C=56.6 D=99.8 | spread=0.000 dir=0 r=2.000 rmax=2.000 rrate=0.00030
  35.22s  t=35038 phase=4 freq=210.0 | I[A]: A=0.00 B=0.00 C=0.00 D=0.00 | duty[%]: A=68.7 B=72.9 C=56.6 D=99.8 | spread=0.000 dir=0 r=2.000 rmax=2.000 rrate=0.00030
  35.72s  t=35538 phase=4 freq=210.0 | I[A]: A=0.00 B=0.00 C=0.00 D=0.00 | duty[%]: A=68.7 B=72.9 C=56.6 D=99.8 | spread=0.000 dir=0 r=2.000 rmax=2.000 rrate=0.00030
  36.22s  t=36038 phase=4 freq=210.0 | I[A]: A=0.00 B=0.00 C=0.00 D=0.00 | duty[%]: A=68.7 B=72.9 C=56.6 D=99.8 | spread=0.000 dir=0 r=2.000 rmax=2.000 rrate=0.00030
  36.72s  t=36538 phase=4 freq=210.0 | I[A]: A=0.00 B=0.00 C=0.00 D=0.00 | duty[%]: A=68.7 B=72.9 C=56.6 D=99.8 | spread=0.000 dir=0 r=2.000 rmax=2.000 rrate=0.00030
  37.22s  t=37038 phase=4 freq=210.0 | I[A]: A=0.00 B=0.00 C=0.00 D=0.00 | duty[%]: A=68.7 B=72.9 C=56.6 D=99.8 | spread=0.000 dir=0 r=2.000 rmax=2.000 rrate=0.00030
  37.72s  t=37538 phase=4 freq=210.0 | I[A]: A=0.00 B=0.00 C=0.00 D=0.00 | duty[%]: A=68.7 B=72.9 C=56.6 D=99.8 | spread=0.000 dir=0 r=2.000 rmax=2.000 rrate=0.00030
  38.22s  t=38038 phase=4 freq=210.0 | I[A]: A=0.00 B=0.00 C=0.00 D=0.00 | duty[%]: A=68.7 B=72.9 C=56.6 D=99.8 | spread=0.000 dir=0 r=2.000 rmax=2.000 rrate=0.00030
  38.72s  t=38538 phase=4 freq=210.0 | I[A]: A=0.00 B=0.00 C=0.00 D=0.00 | duty[%]: A=68.7 B=72.9 C=56.6 D=99.8 | spread=0.000 dir=0 r=2.000 rmax=2.000 rrate=0.00030
  39.22s  t=39038 phase=4 freq=210.0 | I[A]: A=0.00 B=0.00 C=0.00 D=0.00 | duty[%]: A=68.7 B=72.9 C=56.6 D=99.8 | spread=0.000 dir=0 r=2.000 rmax=2.000 rrate=0.00030
  39.72s  t=39538 phase=4 freq=210.0 | I[A]: A=0.00 B=0.00 C=0.00 D=0.00 | duty[%]: A=68.7 B=72.9 C=56.6 D=99.8 | spread=0.000 dir=0 r=2.000 rmax=2.000 rrate=0.00030
  40.22s  t=40038 phase=4 freq=210.0 | I[A]: A=0.00 B=0.00 C=0.00 D=0.00 | duty[%]: A=68.7 B=72.9 C=56.6 D=99.8 | spread=0.000 dir=0 r=2.000 rmax=2.000 rrate=0.00030
