   0.00s  00 rmax=2.000 rrate=0.00030
   0.00s  00 rmax=2.000 rrate=0.00030
   0.00s  00 rmax=2.000 rrate=0.00030
   0.00s  00 rmax=2.000 rrate=0.00030
   0.00s  00 rmax=2.000 rrate=0.00030
   0.00s  00 rmax=2.000 rrate=0.00030
   0.00s  00 rmax=2.000 rrate=0.00030
   0.00s  00 rmax=2.000 rrate=0.00030
   0.00s  00 rmax=2.000 rrate=0.00030
   0.00s  00 rmax=2.000 rrate=0.00030
   0.00s  00 rmax=2.000 rrate=0.00030
   0.00s  00 rmax=2.000 rrate=0.00030
   0.00s  00 rmax=2.000 rrate=0.00030
   0.00s  00 rmax=2.000 rrate=0.00030
   0.00s  00 rmax=2.000 rrate=0.00030
   0.00s  00 rmax=2.000 rrate=0.00030
   0.00s  00 rmax=2.000 rrate=0.00030
   0.00s  00 rmax=2.000 rrate=0.00030
   0.00s  00 rmax=2.000 rrate=0.00030
   0.00s  00 rmax=2.000 rrate=0.00030
   0.00s  00 rmax=2.000 rrate=0.00030
   0.00s  00 rmax=2.000 rrate=0.00030
   0.00s  00 rmax=2.000 rrate=0.00030
   0.00s  00 rmax=2.000 rrate=0.00030
   0.00s  00 rmax=2.000 rrate=0.00030
   0.00s  00 rmax=2.000 rrate=0.00030
   0.00s  00 rmax=2.000 rrate=0.00030
   0.00s  00 rmax=2.000 rrate=0.00030
   0.00s  00 rmax=2.000 rrate=0.00030
   0.00s  00 rmax=2.000 rrate=0.00030
   0.00s  00 rmax=2.000 rrate=0.00030
   0.00s  00 rmax=2.000 rrate=0.00030
   0.00s  00 rmax=2.000 rrate=0.00030
   0.00s  00 rmax=2.000 rrate=0.00030
   0.00s  00 rmax=2.000 rrate=0.00030
   0.00s  00 rmax=2.000 rrate=0.00030
   0.00s  00 rmax=2.000 rrate=0.00030
   0.00s  00 rmax=2.000 rrate=0.00030
   0.00s  00 rmax=2.000 rrate=0.00030
   0.00s  00 rmax=2.000 rrate=0.00030
   0.00s  00 rmax=2.000 rrate=0.00030
   0.00s  00 rmax=2.000 rrate=0.00030
   0.00s  00 rmax=2.000 rrate=0.00030
   0.00s  00 rmax=2.000 rrate=0.00030
   0.00s  00 rmax=2.000 rrate=0.00030
   0.00s  00 rmax=2.000 rrate=0.00030
   0.00s  00 rmax=2.000 rrate=0.00030
   0.00s  00 rmax=2.000 rrate=0.00030
   0.00s  00 rmax=2.000 rrate=0.00030
   0.00s  00 rmax=2.000 rrate=0.00030
   0.00s  00 rmax=2.000 rrate=0.00030
   0.00s  00 rmax=2.000 rrate=0.00030
   0.00s  00 rmax=2.000 rrate=0.00030
   0.00s  00 rmax=2.000 rrate=0.00030
   0.00s  00 rmax=2.000 rrate=0.00030
   0.00s  00 rmax=2.000 rrate=0.00030
   0.00s  00 rmax=2.000 rrate=0.00030
   0.00s  00 rmax=2.000 rrate=0.00030
   0.00s  00 rmax=2.000 rrate=0.00030
   0.00s  00 rmax=2.000 rrate=0.00030
   0.00s  00 rmax=2.000 rrate=0.00030
   0.00s  00 rmax=2.000 rrate=0.00030
   0.00s  00 rmax=2.000 rrate=0.00030
   0.00s  00 rmax=2.000 rrate=0.00030
   0.00s  00 rmax=2.000 rrate=0.00030
   0.00s  00 rmax=2.000 rrate=0.00030
   0.00s  00 rmax=2.000 rrate=0.00030
   0.00s  00 rmax=2.000 rrate=0.00030
   0.00s  00 rmax=2.000 rrate=0.00030
   0.00s  00 rmax=2.000 rrate=0.00030
   0.00s  00 rmax=2.000 rrate=0.00030
   0.00s  00 rmax=2.000 rrate=0.00030
   0.00s  00 rmax=2.000 rrate=0.00030
   0.00s  00 rmax=2.000 rrate=0.00030
   0.00s  00 rmax=2.000 rrate=0.00030
   0.00s  00 rmax=2.000 rrate=0.00030
   0.00s  00 rmax=2.000 rrate=0.00030
   0.00s  00 rmax=2.000 rrate=0.00030
   0.00s  00 rmax=2.000 rrate=0.00030
   0.01s  00 rmax=2.000 rrate=0.00030
   0.01s  00 rmax=2.000 rrate=0.00030
   0.01s  00 rmax=2.000 rrate=0.00030
   0.01s  00 rmax=2.000 rrate=0.00030
   0.01s  00 rmax=2.000 rrate=0.00030
   0.01s  00 rmax=2.000 rrate=0.00030
   0.01s  00 rmax=2.000 rrate=0.00030
   0.01s  00 rmax=2.000 rrate=0.00030
   0.01s  00 rmax=2.000 rrate=0.00030
   0.01s  00 rmax=2.000 rrate=0.00030
   0.01s  00 rmax=2.000 rrate=0.00030
   0.01s  00 rmax=2.000 rrate=0.00030
   0.01s  00 rmax=2.000 rrate=0.00030
   0.01s  00 rmax=2.000 rrate=0.00030
   0.01s  00 rmax=2.000 rrate=0.00030
   0.01s  00 rmax=2.000 rrate=0.00030
   0.01s  00 rmax=2.000 rrate=0.00030
   0.01s  00 rmax=2.000 rrate=0.00030
   0.01s  00 rmax=2.000 rrate=0.00030
   0.01s  00 rmax=2.000 rrate=0.00030
   0.01s  00 rmax=2.000 rrate=0.00030
   0.01s  00 rmax=2.000 rrate=0.00030
   0.01s  00 rmax=2.000 rrate=0.00030
   0.01s  00 rmax=2.000 rrate=0.00030
   0.01s  00 rmax=2.000 rrate=0.00030
   0.01s  00 rmax=2.000 rrate=0.00030
   0.01s  00 rmax=2.000 rrate=0.00030
   0.01s  00 rmax=2.000 rrate=0.00030
   0.01s  00 rmax=2.000 rrate=0.00030
   0.01s  00 rmax=2.000 rrate=0.00030
   0.01s  00 rmax=2.000 rrate=0.00030
   0.01s  00 rmax=2.000 rrate=0.00030
   0.01s  00 rmax=2.000 rrate=0.00030
   0.01s  00 rmax=2.000 rrate=0.00030
   0.01s  00 rmax=2.000 rrate=0.00030
   0.01s  00 rmax=2.000 rrate=0.00030
   0.01s  00 rmax=2.000 rrate=0.00030
   0.01s  00 rmax=2.000 rrate=0.00030
   0.01s  00 rmax=2.000 rrate=0.00030
   0.01s  00 rmax=2.000 rrate=0.00030
   0.01s  00 rmax=2.000 rrate=0.00030
   0.01s  00 rmax=2.000 rrate=0.00030
   0.01s  00 rmax=2.000 rrate=0.00030
   0.01s  00 rmax=2.000 rrate=0.00030
   0.01s  00 rmax=2.000 rrate=0.00030
   0.01s  00 rmax=2.000 rrate=0.00030
   0.01s  00 rmax=2.000 rrate=0.00030
   0.01s  00 rmax=2.000 rrate=0.00030
   0.01s  00 rmax=2.000 rrate=0.00030
   0.01s  00 rmax=2.000 rrate=0.00030
   0.01s  00 rmax=2.000 rrate=0.00030
   0.01s  00 rmax=2.000 rrate=0.00030
   0.01s  00 rmax=2.000 rrate=0.00030
   0.01s  00 rmax=2.000 rrate=0.00030
   0.01s  00 rmax=2.000 rrate=0.00030
   0.01s  00 rmax=2.000 rrate=0.00030
   0.01s  00 rmax=2.000 rrate=0.00030
   0.01s  00 rmax=2.000 rrate=0.00030
   0.01s  00 rmax=2.000 rrate=0.00030
   0.01s  00 rmax=2.000 rrate=0.00030
   0.01s  00 rmax=2.000 rrate=0.00030
   0.01s  00 rmax=2.000 rrate=0.00030
   0.01s  00 rmax=2.000 rrate=0.00030
   0.01s  00 rmax=2.000 rrate=0.00030
   0.01s  00 rmax=2.000 rrate=0.00030
   0.01s  00 rmax=2.000 rrate=0.00030
   0.01s  ets Jul 29 2019 12:21:46
   0.01s  
   0.01s  rst:0x1 (POWERON_RESET),boot:0x13 (SPI_FAST_FLASH_BOOT)
   0.01s  configsip: 0, SPIWP:0xee
   0.02s  clk_drv:0x00,q_drv:0x00,d_drv:0x00,cs0_drv:0x00,hd_drv:0x00,wp_drv:0x00
   0.02s  mode:DIO, clock div:2
   0.02s  load:0x3fff0030,len:1184
   0.03s  load:0x40078000,len:13232
   0.03s  load:0x40080400,len:3028
   0.03s  entry 0x400805e4
   1.20s  state_space: arming 3s, then autonomous 1->210Hz ramp + LQR, bounded run
   1.21s  commands: dir=cw|ccw  rmax=/rrate=<val>  gains?
   1.21s  direction=CCW
   1.22s  t=1031 phase=0 freq=1.0 | I[A]: A=0.00 B=0.00 C=0.00 D=0.00 | duty[%]: A=50.0 B=50.0 C=50.0 D=50.0 | spread=0.000 dir=1 r=0.000 rmax=8.000 rrate=0.00030
   1.22s  R_MAX=2.000 R_RAMP=0.00030
   1.71s  t=1531 phase=0 freq=1.0 | I[A]: A=0.00 B=0.00 C=0.00 D=0.00 | duty[%]: A=50.0 B=50.0 C=50.0 D=50.0 | spread=0.000 dir=1 r=0.000 rmax=2.000 rrate=0.00030
   2.21s  t=2031 phase=0 freq=1.0 | I[A]: A=0.00 B=0.00 C=0.00 D=0.00 | duty[%]: A=50.0 B=50.0 C=50.0 D=50.0 | spread=0.000 dir=1 r=0.000 rmax=2.000 rrate=0.00030
   2.71s  t=2531 phase=0 freq=1.0 | I[A]: A=0.00 B=0.00 C=0.00 D=0.00 | duty[%]: A=50.0 B=50.0 C=50.0 D=50.0 | spread=0.000 dir=1 r=0.000 rmax=2.000 rrate=0.00030
   3.21s  t=3032 phase=0 freq=1.0 | I[A]: A=0.00 B=0.00 C=0.00 D=0.00 | duty[%]: A=50.0 B=50.0 C=50.0 D=50.0 | spread=0.000 dir=1 r=0.000 rmax=2.000 rrate=0.00030
   3.71s  t=3532 phase=0 freq=1.0 | I[A]: A=0.00 B=0.00 C=0.00 D=0.00 | duty[%]: A=50.0 B=50.0 C=50.0 D=50.0 | spread=0.000 dir=1 r=0.000 rmax=2.000 rrate=0.00030
   4.20s  ARMED -> ramping
   4.21s  t=4032 phase=1 freq=1.0 | I[A]: A=0.00 B=0.00 C=0.00 D=0.00 | duty[%]: A=0.0 B=0.0 C=0.0 D=0.0 | spread=0.000 dir=1 r=0.000 rmax=2.000 rrate=0.00030
   4.71s  t=4532 phase=1 freq=1.3 | I[A]: A=0.00 B=0.00 C=0.00 D=0.00 | duty[%]: A=5.0 B=5.0 C=5.0 D=5.0 | spread=0.000 dir=1 r=0.135 rmax=2.000 rrate=0.00030
   5.21s  t=5032 phase=1 freq=2.5 | I[A]: A=0.00 B=0.00 C=0.00 D=0.00 | duty[%]: A=5.0 B=5.0 C=5.0 D=5.0 | spread=0.000 dir=1 r=0.285 rmax=2.000 rrate=0.00030
   5.71s  t=5532 phase=1 freq=4.2 | I[A]: A=0.00 B=0.00 C=0.00 D=0.00 | duty[%]: A=5.0 B=5.0 C=5.0 D=5.0 | spread=0.000 dir=1 r=0.435 rmax=2.000 rrate=0.00030
   6.21s  t=6032 phase=1 freq=6.9 | I[A]: A=0.00 B=0.00 C=0.00 D=0.00 | duty[%]: A=5.0 B=5.0 C=7.6 D=5.0 | spread=0.000 dir=1 r=0.585 rmax=2.000 rrate=0.00030
   6.71s  t=6532 phase=1 freq=10.0 | I[A]: A=0.00 B=0.00 C=0.00 D=0.00 | duty[%]: A=6.1 B=5.8 C=11.6 D=5.0 | spread=0.000 dir=1 r=0.735 rmax=2.000 rrate=0.00030
   7.21s  t=7032 phase=1 freq=13.7 | I[A]: A=0.00 B=0.00 C=0.00 D=0.00 | duty[%]: A=8.5 B=8.2 C=16.6 D=5.0 | spread=0.000 dir=1 r=0.885 rmax=2.000 rrate=0.00030
   7.71s  t=7532 phase=1 freq=18.0 | I[A]: A=0.00 B=0.00 C=0.01 D=0.00 | duty[%]: A=11.4 B=10.9 C=22.4 D=6.5 | spread=0.007 dir=1 r=1.035 rmax=2.000 rrate=0.00030
   8.21s  t=8032 phase=1 freq=22.7 | I[A]: A=0.00 B=0.00 C=0.03 D=0.00 | duty[%]: A=14.7 B=14.2 C=28.8 D=8.3 | spread=0.028 dir=1 r=1.185 rmax=2.000 rrate=0.00030
   8.71s  t=8533 phase=1 freq=28.0 | I[A]: A=0.00 B=0.00 C=0.07 D=0.00 | duty[%]: A=19.1 B=18.5 C=35.4 D=10.4 | spread=0.068 dir=1 r=1.335 rmax=2.000 rrate=0.00030
   9.21s  t=9033 phase=1 freq=33.7 | I[A]: A=0.02 B=0.02 C=0.15 D=0.00 | duty[%]: A=24.6 B=23.9 C=41.8 D=13.2 | spread=0.153 dir=1 r=1.485 rmax=2.000 rrate=0.00030
   9.71s  t=9534 phase=1 freq=39.7 | I[A]: A=0.07 B=0.07 C=0.28 D=0.00 | duty[%]: A=31.1 B=30.6 C=47.6 D=17.1 | spread=0.281 dir=1 r=1.635 rmax=2.000 rrate=0.00030
  10.22s  t=10034 phase=1 freq=46.1 | I[A]: A=0.21 B=0.19 C=0.33 D=0.00 | duty[%]: A=38.9 B=38.3 C=52.4 D=22.8 | spread=0.326 dir=1 r=1.785 rmax=2.000 rrate=0.00030
  10.72s  t=10534 phase=1 freq=52.9 | I[A]: A=0.32 B=0.31 C=0.45 D=0.07 | duty[%]: A=45.3 B=44.6 C=59.2 D=29.5 | spread=0.378 dir=1 r=1.935 rmax=2.000 rrate=0.00030
  11.22s  t=11034 phase=1 freq=59.9 | I[A]: A=0.43 B=0.42 C=0.50 D=0.20 | duty[%]: A=50.1 B=49.5 C=67.1 D=36.5 | spread=0.296 dir=1 r=2.000 rmax=2.000 rrate=0.00030
  11.71s  t=11534 phase=1 freq=67.1 | I[A]: A=0.52 B=0.56 C=0.64 D=0.33 | duty[%]: A=54.5 B=53.8 C=74.5 D=42.6 | spread=0.309 dir=1 r=2.000 rmax=2.000 rrate=0.00030
  12.21s  t=12034 phase=1 freq=74.6 | I[A]: A=0.64 B=0.65 C=0.78 D=0.49 | duty[%]: A=60.1 B=58.5 C=80.3 D=48.2 | spread=0.289 dir=1 r=2.000 rmax=2.000 rrate=0.00030
  12.72s  t=12534 phase=1 freq=82.2 | I[A]: A=0.75 B=0.77 C=0.89 D=0.52 | duty[%]: A=65.9 B=63.8 C=84.5 D=54.0 | spread=0.366 dir=1 r=2.000 rmax=2.000 rrate=0.00030
  13.22s  t=13034 phase=1 freq=89.9 | I[A]: A=0.87 B=0.87 C=1.05 D=0.76 | duty[%]: A=70.8 B=67.0 C=89.3 D=59.4 | spread=0.292 dir=1 r=2.000 rmax=2.000 rrate=0.00030
  13.72s  t=13534 phase=1 freq=97.7 | I[A]: A=1.10 B=1.11 C=1.16 D=0.95 | duty[%]: A=75.3 B=70.1 C=93.1 D=63.9 | spread=0.210 dir=1 r=2.000 rmax=2.000 rrate=0.00030
  14.21s  t=14034 phase=1 freq=105.5 | I[A]: A=1.24 B=1.23 C=1.47 D=1.25 | duty[%]: A=78.9 B=73.7 C=95.8 D=67.1 | spread=0.245 dir=1 r=2.000 rmax=2.000 rrate=0.00030
  14.71s  t=14534 phase=1 freq=113.3 | I[A]: A=1.52 B=1.52 C=1.67 D=1.52 | duty[%]: A=82.5 B=76.7 C=97.3 D=67.4 | spread=0.148 dir=1 r=2.000 rmax=2.000 rrate=0.00030
  15.21s  t=15034 phase=1 freq=121.1 | I[A]: A=1.87 B=1.87 C=1.91 D=1.93 | duty[%]: A=84.7 B=79.6 C=96.9 D=68.1 | spread=0.065 dir=1 r=2.000 rmax=2.000 rrate=0.00030
  15.72s  t=15534 phase=1 freq=128.8 | I[A]: A=2.16 B=2.13 C=2.22 D=2.37 | duty[%]: A=84.5 B=79.4 C=97.0 D=66.6 | spread=0.238 dir=1 r=2.000 rmax=2.000 rrate=0.00030
  16.21s  t=16034 phase=1 freq=136.4 | I[A]: A=2.39 B=2.42 C=2.29 D=2.57 | duty[%]: A=82.6 B=77.8 C=97.1 D=62.3 | spread=0.277 dir=1 r=2.000 rmax=2.000 rrate=0.00030
  16.71s  t=16534 phase=1 freq=143.9 | I[A]: A=2.57 B=2.59 C=2.36 D=2.71 | duty[%]: A=80.5 B=76.2 C=96.0 D=56.4 | spread=0.351 dir=1 r=2.000 rmax=2.000 rrate=0.00030
  17.21s  t=17034 phase=1 freq=151.1 | I[A]: A=2.65 B=2.60 C=2.40 D=2.81 | duty[%]: A=76.6 B=72.5 C=96.1 D=51.6 | spread=0.410 dir=1 r=2.000 rmax=2.000 rrate=0.00030
  17.71s  t=17534 phase=1 freq=158.1 | I[A]: A=2.50 B=2.52 C=2.47 D=2.78 | duty[%]: A=73.4 B=69.3 C=95.2 D=46.8 | spread=0.310 dir=1 r=2.000 rmax=2.000 rrate=0.00030
  18.21s  t=18034 phase=1 freq=164.9 | I[A]: A=2.59 B=2.73 C=2.44 D=2.41 | duty[%]: A=70.1 B=65.8 C=94.7 D=44.7 | spread=0.316 dir=1 r=2.000 rmax=2.000 rrate=0.00030
  18.72s  t=18535 phase=1 freq=171.3 | I[A]: A=2.40 B=2.38 C=2.40 D=2.53 | duty[%]: A=68.2 B=65.2 C=93.1 D=42.1 | spread=0.154 dir=1 r=2.000 rmax=2.000 rrate=0.00030
  19.22s  t=19035 phase=1 freq=177.4 | I[A]: A=2.25 B=2.24 C=2.30 D=2.34 | duty[%]: A=67.0 B=63.2 C=92.2 D=41.1 | spread=0.092 dir=1 r=2.000 rmax=2.000 rrate=0.00030
  19.72s  t=19535 phase=1 freq=183.0 | I[A]: A=2.16 B=2.10 C=2.18 D=2.12 | duty[%]: A=65.8 B=62.7 C=91.0 D=40.8 | spread=0.073 dir=1 r=2.000 rmax=2.000 rrate=0.00030
  20.22s  t=20035 phase=1 freq=188.3 | I[A]: A=2.06 B=2.08 C=1.99 D=1.98 | duty[%]: A=65.1 B=62.5 C=90.3 D=40.8 | spread=0.102 dir=1 r=2.000 rmax=2.000 rrate=0.00030
  20.72s  t=20535 phase=1 freq=193.1 | I[A]: A=1.89 B=1.90 C=1.96 D=1.93 | duty[%]: A=64.8 B=62.1 C=90.6 D=41.7 | spread=0.071 dir=1 r=2.000 rmax=2.000 rrate=0.00030
  21.22s  t=21035 phase=1 freq=197.3 | I[A]: A=1.90 B=1.81 C=1.91 D=1.78 | duty[%]: A=65.4 B=62.7 C=90.8 D=42.7 | spread=0.135 dir=1 r=2.000 rmax=2.000 rrate=0.00030
  21.72s  t=21536 phase=1 freq=201.0 | I[A]: A=1.85 B=1.82 C=1.88 D=1.77 | duty[%]: A=65.6 B=63.6 C=91.3 D=44.0 | spread=0.112 dir=1 r=2.000 rmax=2.000 rrate=0.00030
  22.22s  t=22036 phase=1 freq=204.2 | I[A]: A=1.82 B=1.84 C=1.78 D=1.81 | duty[%]: A=66.9 B=64.2 C=91.9 D=45.0 | spread=0.056 dir=1 r=2.000 rmax=2.000 rrate=0.00030
  22.72s  t=22536 phase=1 freq=206.7 | I[A]: A=1.78 B=1.81 C=1.85 D=1.73 | duty[%]: A=67.3 B=64.7 C=92.8 D=45.9 | spread=0.117 dir=1 r=2.000 rmax=2.000 rrate=0.00030
  23.22s  t=23036 phase=1 freq=208.5 | I[A]: A=1.81 B=1.79 C=1.75 D=1.75 | duty[%]: A=68.0 B=64.8 C=94.2 D=47.0 | spread=0.064 dir=1 r=2.000 rmax=2.000 rrate=0.00030
  23.72s  t=23536 phase=2 freq=209.6 | I[A]: A=1.85 B=1.86 C=1.75 D=1.74 | duty[%]: A=68.5 B=66.2 C=94.6 D=47.7 | spread=0.119 dir=1 r=2.000 rmax=2.000 rrate=0.00030
  24.22s  t=24037 phase=2 freq=210.0 | I[A]: A=1.86 B=1.86 C=1.85 D=1.78 | duty[%]: A=69.5 B=67.1 C=95.2 D=48.8 | spread=0.084 dir=1 r=2.000 rmax=2.000 rrate=0.00030
  24.72s  t=24538 phase=2 freq=210.0 | I[A]: A=1.85 B=1.87 C=1.86 D=1.86 | duty[%]: A=70.0 B=66.7 C=96.4 D=50.2 | spread=0.018 dir=1 r=2.000 rmax=2.000 rrate=0.00030
  25.22s  t=25039 phase=2 freq=210.0 | I[A]: A=1.91 B=1.91 C=1.86 D=1.84 | duty[%]: A=70.8 B=67.6 C=96.5 D=49.9 | spread=0.075 dir=1 r=2.000 rmax=2.000 rrate=0.00030
  25.72s  t=25540 phase=2 freq=210.0 | I[A]: A=1.89 B=1.89 C=1.95 D=1.87 | duty[%]: A=71.3 B=68.2 C=96.8 D=50.6 | spread=0.075 dir=1 r=2.000 rmax=2.000 rrate=0.00030
  26.22s  t=26040 phase=2 freq=210.0 | I[A]: A=1.93 B=1.95 C=1.88 D=1.94 | duty[%]: A=71.0 B=68.5 C=97.5 D=50.7 | spread=0.069 dir=1 r=2.000 rmax=2.000 rrate=0.00030
  26.72s  t=26540 phase=2 freq=210.0 | I[A]: A=1.91 B=1.90 C=1.87 D=1.88 | duty[%]: A=71.8 B=69.1 C=97.6 D=50.4 | spread=0.037 dir=1 r=2.000 rmax=2.000 rrate=0.00030
  27.22s  t=27041 phase=2 freq=210.0 | I[A]: A=1.94 B=1.89 C=1.90 D=1.94 | duty[%]: A=71.4 B=68.9 C=98.3 D=50.3 | spread=0.051 dir=1 r=2.000 rmax=2.000 rrate=0.00030
  27.72s  t=27542 phase=2 freq=210.0 | I[A]: A=1.91 B=1.92 C=1.96 D=1.97 | duty[%]: A=72.0 B=68.9 C=98.7 D=51.0 | spread=0.058 dir=1 r=2.000 rmax=2.000 rrate=0.00030
  28.22s  t=28042 phase=2 freq=210.0 | I[A]: A=1.93 B=1.95 C=1.94 D=1.97 | duty[%]: A=71.4 B=68.3 C=99.7 D=51.1 | spread=0.046 dir=1 r=2.000 rmax=2.000 rrate=0.00030
  28.72s  t=28542 phase=3 freq=210.0 | I[A]: A=1.85 B=1.84 C=1.83 D=1.69 | duty[%]: A=71.7 B=69.2 C=99.8 D=50.4 | spread=0.154 dir=1 r=2.000 rmax=2.000 rrate=0.00030
  29.22s  t=29042 phase=3 freq=210.0 | I[A]: A=0.05 B=0.04 C=0.50 D=0.00 | duty[%]: A=71.7 B=69.2 C=99.8 D=50.4 | spread=0.500 dir=1 r=2.000 rmax=2.000 rrate=0.00030
  29.68s  coils off
  29.72s  t=29543 phase=4 freq=210.0 | I[A]: A=0.00 B=0.00 C=0.00 D=0.00 | duty[%]: A=71.7 B=69.2 C=99.8 D=50.4 | spread=0.000 dir=1 r=2.000 rmax=2.000 rrate=0.00030
  30.22s  t=30044 phase=4 freq=210.0 | I[A]: A=0.00 B=0.00 C=0.00 D=0.00 | duty[%]: A=71.7 B=69.2 C=99.8 D=50.4 | spread=0.000 dir=1 r=2.000 rmax=2.000 rrate=0.00030
  30.73s  t=30545 phase=4 freq=210.0 | I[A]: A=0.00 B=0.00 C=0.00 D=0.00 | duty[%]: A=71.7 B=69.2 C=99.8 D=50.4 | spread=0.000 dir=1 r=2.000 rmax=2.000 rrate=0.00030
  31.23s  t=31046 phase=4 freq=210.0 | I[A]: A=0.00 B=0.00 C=0.00 D=0.00 | duty[%]: A=71.7 B=69.2 C=99.8 D=50.4 | spread=0.000 dir=1 r=2.000 rmax=2.000 rrate=0.00030
  31.73s  t=31547 phase=4 freq=210.0 | I[A]: A=0.00 B=0.00 C=0.00 D=0.00 | duty[%]: A=71.7 B=69.2 C=99.8 D=50.4 | spread=0.000 dir=1 r=2.000 rmax=2.000 rrate=0.00030
  32.23s  t=32048 phase=4 freq=210.0 | I[A]: A=0.00 B=0.00 C=0.00 D=0.00 | duty[%]: A=71.7 B=69.2 C=99.8 D=50.4 | spread=0.000 dir=1 r=2.000 rmax=2.000 rrate=0.00030
  32.73s  t=32549 phase=4 freq=210.0 | I[A]: A=0.00 B=0.00 C=0.00 D=0.00 | duty[%]: A=71.7 B=69.2 C=99.8 D=50.4 | spread=0.000 dir=1 r=2.000 rmax=2.000 rrate=0.00030
  33.23s  t=33050 phase=4 freq=210.0 | I[A]: A=0.00 B=0.00 C=0.00 D=0.00 | duty[%]: A=71.7 B=69.2 C=99.8 D=50.4 | spread=0.000 dir=1 r=2.000 rmax=2.000 rrate=0.00030
  33.73s  t=33551 phase=4 freq=210.0 | I[A]: A=0.00 B=0.00 C=0.00 D=0.00 | duty[%]: A=71.7 B=69.2 C=99.8 D=50.4 | spread=0.000 dir=1 r=2.000 rmax=2.000 rrate=0.00030
  34.23s  t=34052 phase=4 freq=210.0 | I[A]: A=0.00 B=0.00 C=0.00 D=0.00 | duty[%]: A=71.7 B=69.2 C=99.8 D=50.4 | spread=0.000 dir=1 r=2.000 rmax=2.000 rrate=0.00030
  34.73s  t=34553 phase=4 freq=210.0 | I[A]: A=0.00 B=0.00 C=0.00 D=0.00 | duty[%]: A=71.7 B=69.2 C=99.8 D=50.4 | spread=0.000 dir=1 r=2.000 rmax=2.000 rrate=0.00030
  35.24s  t=35054 phase=4 freq=210.0 | I[A]: A=0.00 B=0.00 C=0.00 D=0.00 | duty[%]: A=71.7 B=69.2 C=99.8 D=50.4 | spread=0.000 dir=1 r=2.000 rmax=2.000 rrate=0.00030
  35.74s  t=35555 phase=4 freq=210.0 | I[A]: A=0.00 B=0.00 C=0.00 D=0.00 | duty[%]: A=71.7 B=69.2 C=99.8 D=50.4 | spread=0.000 dir=1 r=2.000 rmax=2.000 rrate=0.00030
  36.24s  t=36056 phase=4 freq=210.0 | I[A]: A=0.00 B=0.00 C=0.00 D=0.00 | duty[%]: A=71.7 B=69.2 C=99.8 D=50.4 | spread=0.000 dir=1 r=2.000 rmax=2.000 rrate=0.00030
  36.74s  t=36557 phase=4 freq=210.0 | I[A]: A=0.00 B=0.00 C=0.00 D=0.00 | duty[%]: A=71.7 B=69.2 C=99.8 D=50.4 | spread=0.000 dir=1 r=2.000 rmax=2.000 rrate=0.00030
  37.24s  t=37058 phase=4 freq=210.0 | I[A]: A=0.00 B=0.00 C=0.00 D=0.00 | duty[%]: A=71.7 B=69.2 C=99.8 D=50.4 | spread=0.000 dir=1 r=2.000 rmax=2.000 rrate=0.00030
  37.74s  t=37559 phase=4 freq=210.0 | I[A]: A=0.00 B=0.00 C=0.00 D=0.00 | duty[%]: A=71.7 B=69.2 C=99.8 D=50.4 | spread=0.000 dir=1 r=2.000 rmax=2.000 rrate=0.00030
  38.24s  t=38059 phase=4 freq=210.0 | I[A]: A=0.00 B=0.00 C=0.00 D=0.00 | duty[%]: A=71.7 B=69.2 C=99.8 D=50.4 | spread=0.000 dir=1 r=2.000 rmax=2.000 rrate=0.00030
  38.74s  t=38559 phase=4 freq=210.0 | I[A]: A=0.00 B=0.00 C=0.00 D=0.00 | duty[%]: A=71.7 B=69.2 C=99.8 D=50.4 | spread=0.000 dir=1 r=2.000 rmax=2.000 rrate=0.00030
  39.24s  t=39060 phase=4 freq=210.0 | I[A]: A=0.00 B=0.00 C=0.00 D=0.00 | duty[%]: A=71.7 B=69.2 C=99.8 D=50.4 | spread=0.000 dir=1 r=2.000 rmax=2.000 rrate=0.00030
  39.74s  t=39561 phase=4 freq=210.0 | I[A]: A=0.00 B=0.00 C=0.00 D=0.00 | duty[%]: A=71.7 B=69.2 C=99.8 D=50.4 | spread=0.000 dir=1 r=2.000 rmax=2.000 rrate=0.00030
  40.24s  t=40062 phase=4 freq=210.0 | I[A]: A=0.00 B=0.00 C=0.00 D=0.00 | duty[%]: A=71.7 B=69.2 C=99.8 D=50.4 | spread=0.000 dir=1 r=2.000 rmax=2.000 rrate=0.00030
