   0.00s  000 rmax=2.000 rrate=0.00030
   0.00s  000 rmax=2.000 rrate=0.00030
   0.00s  000 rmax=2.000 rrate=0.00030
   0.00s  000 rmax=2.000 rrate=0.00030
   0.00s  000 rmax=2.000 rrate=0.00030
   0.00s  000 rmax=2.000 rrate=0.00030
   0.00s  000 rmax=2.000 rrate=0.00030
   0.00s  000 rmax=2.000 rrate=0.00030
   0.00s  000 rmax=2.000 rrate=0.00030
   0.00s  000 rmax=2.000 rrate=0.00030
   0.00s  000 rmax=2.000 rrate=0.00030
   0.00s  000 rmax=2.000 rrate=0.00030
   0.00s  000 rmax=2.000 rrate=0.00030
   0.00s  000 rmax=2.000 rrate=0.00030
   0.00s  000 rmax=2.000 rrate=0.00030
   0.00s  000 rmax=2.000 rrate=0.00030
   0.00s  000 rmax=2.000 rrate=0.00030
   0.00s  000 rmax=2.000 rrate=0.00030
   0.00s  000 rmax=2.000 rrate=0.00030
   0.00s  000 rmax=2.000 rrate=0.00030
   0.00s  000 rmax=2.000 rrate=0.00030
   0.00s  000 rmax=2.000 rrate=0.00030
   0.00s  000 rmax=2.000 rrate=0.00030
   0.00s  000 rmax=2.000 rrate=0.00030
   0.00s  000 rmax=2.000 rrate=0.00030
   0.00s  000 rmax=2.000 rrate=0.00030
   0.00s  000 rmax=2.000 rrate=0.00030
   0.00s  000 rmax=2.000 rrate=0.00030
   0.00s  000 rmax=2.000 rrate=0.00030
   0.00s  000 rmax=2.000 rrate=0.00030
   0.00s  000 rmax=2.000 rrate=0.00030
   0.00s  000 rmax=2.000 rrate=0.00030
   0.00s  000 rmax=2.000 rrate=0.00030
   0.00s  000 rmax=2.000 rrate=0.00030
   0.00s  000 rmax=2.000 rrate=0.00030
   0.00s  000 rmax=2.000 rrate=0.00030
   0.00s  000 rmax=2.000 rrate=0.00030
   0.00s  000 rmax=2.000 rrate=0.00030
   0.00s  000 rmax=2.000 rrate=0.00030
   0.00s  000 rmax=2.000 rrate=0.00030
   0.00s  000 rmax=2.000 rrate=0.00030
   0.00s  000 rmax=2.000 rrate=0.00030
   0.00s  000 rmax=2.000 rrate=0.00030
   0.00s  000 rmax=2.000 rrate=0.00030
   0.00s  000 rmax=2.000 rrate=0.00030
   0.00s  000 rmax=2.000 rrate=0.00030
   0.00s  000 rmax=2.000 rrate=0.00030
   0.00s  000 rmax=2.000 rrate=0.00030
   0.00s  000 rmax=2.000 rrate=0.00030
   0.00s  000 rmax=2.000 rrate=0.00030
   0.00s  000 rmax=2.000 rrate=0.00030
   0.00s  000 rmax=2.000 rrate=0.00030
   0.00s  000 rmax=2.000 rrate=0.00030
   0.00s  000 rmax=2.000 rrate=0.00030
   0.00s  000 rmax=2.000 rrate=0.00030
   0.00s  000 rmax=2.000 rrate=0.00030
   0.00s  000 rmax=2.000 rrate=0.00030
   0.00s  000 rmax=2.000 rrate=0.00030
   0.00s  000 rmax=2.000 rrate=0.00030
   0.00s  000 rmax=2.000 rrate=0.00030
   0.00s  000 rmax=2.000 rrate=0.00030
   0.00s  000 rmax=2.000 rrate=0.00030
   0.00s  000 rmax=2.000 rrate=0.00030
   0.00s  000 rmax=2.000 rrate=0.00030
   0.00s  000 rmax=2.000 rrate=0.00030
   0.00s  000 rmax=2.000 rrate=0.00030
   0.00s  000 rmax=2.000 rrate=0.00030
   0.00s  000 rmax=2.000 rrate=0.00030
   0.00s  000 rmax=2.000 rrate=0.00030
   0.00s  000 rmax=2.000 rrate=0.00030
   0.00s  000 rmax=2.000 rrate=0.00030
   0.01s  000 rmax=2.000 rrate=0.00030
   0.01s  000 rmax=2.000 rrate=0.00030
   0.01s  000 rmax=2.000 rrate=0.00030
   0.01s  000 rmax=2.000 rrate=0.00030
   0.01s  000 rmax=2.000 rrate=0.00030
   0.01s  000 rmax=2.000 rrate=0.00030
   0.01s  000 rmax=2.000 rrate=0.00030
   0.01s  000 rmax=2.000 rrate=0.00030
   0.01s  000 rmax=2.000 rrate=0.00030
   0.01s  000 rmax=2.000 rrate=0.00030
   0.01s  000 rmax=2.000 rrate=0.00030
   0.01s  000 rmax=2.000 rrate=0.00030
   0.01s  000 rmax=2.000 rrate=0.00030
   0.01s  000 rmax=2.000 rrate=0.00030
   0.01s  000 rmax=2.000 rrate=0.00030
   0.01s  000 rmax=2.000 rrate=0.00030
   0.01s  000 rmax=2.000 rrate=0.00030
   0.01s  000 rmax=2.000 rrate=0.00030
   0.01s  000 rmax=2.000 rrate=0.00030
   0.01s  000 rmax=2.000 rrate=0.00030
   0.01s  000 rmax=2.000 rrate=0.00030
   0.01s  000 rmax=2.000 rrate=0.00030
   0.01s  000 rmax=2.000 rrate=0.00030
   0.01s  000 rmax=2.000 rrate=0.00030
   0.01s  000 rmax=2.000 rrate=0.00030
   0.01s  000 rmax=2.000 rrate=0.00030
   0.01s  000 rmax=2.000 rrate=0.00030
   0.01s  000 rmax=2.000 rrate=0.00030
   0.01s  000 rmax=2.000 rrate=0.00030
   0.01s  000 rmax=2.000 rrate=0.00030
   0.01s  000 rmax=2.000 rrate=0.00030
   0.01s  000 rmax=2.000 rrate=0.00030
   0.01s  000 rmax=2.000 rrate=0.00030
   0.01s  000 rmax=2.000 rrate=0.00030
   0.01s  000 rmax=2.000 rrate=0.00030
   0.01s  000 rmax=2.000 rrate=0.00030
   0.01s  000 rmax=2.000 rrate=0.00030
   0.01s  000 rmax=2.000 rrate=0.00030
   0.01s  000 rmax=2.000 rrate=0.00030
   0.01s  000 rmax=2.000 rrate=0.00030
   0.01s  000 rmax=2.000 rrate=0.00030
   0.01s  000 rmax=2.000 rrate=0.00030
   0.01s  000 rmax=2.000 rrate=0.00030
   0.01s  000 rmax=2.000 rrate=0.00030
   0.01s  000 rmax=2.000 rrate=0.00030
   0.01s  000 rmax=2.000 rrate=0.00030
   0.01s  000 rmax=2.000 rrate=0.00030
   0.01s  000 rmax=2.000 rrate=0.00030
   0.01s  000 rmax=2.000 rrate=0.00030
   0.01s  000 rmax=2.000 rrate=0.00030
   0.01s  000 rmax=2.000 rrate=0.00030
   0.01s  000 rmax=2.000 rrate=0.00030
   0.01s  000 rmax=2.000 rrate=0.00030
   0.01s  000 rmax=2.000 rrate=0.00030
   0.01s  000 rmax=2.000 rrate=0.00030
   0.01s  000 rmax=2.000 rrate=0.00030
   0.01s  000 rmax=2.000 rrate=0.00030
   0.01s  000 rmax=2.000 rrate=0.00030
   0.01s  000 rmax=2.000 rrate=0.00030
   0.01s  000 rmax=2.000 rrate=0.00030
   0.01s  000 rmax=2.000 rrate=0.00030
   0.01s  000 rmax=2.000 rrate=0.00030
   0.01s  000 rmax=2.000 rrate=0.00030
   0.01s  000 rmax=2.000 rrate=0.00030
   0.01s  000 rmax=2.000 rrate=0.00030
   0.01s  000 rmax=2.000 rrate=0.00030
   0.01s  000 rmax=2.000 rrate=0.00030
   0.01s  000 rmax=2.000 rrate=0.00030
   0.01s  ets Jul 29 2019 12:21:46
   0.01s  
   0.01s  rst:0x1 (POWERON_RESET),boot:0x13 (SPI_FAST_FLASH_BOOT)
   0.01s  configsip: 0, SPIWP:0xee
   0.02s  clk_drv:0x00,q_drv:0x00,d_drv:0x00,cs0_drv:0x00,hd_drv:0x00,wp_drv:0x00
   0.02s  mode:DIO, clock div:2
   0.02s  load:0x3fff0030,len:1184
   0.03s  load:0x40078000,len:13232
   0.03s  load:0x40080400,len:3028
   0.03s  entry 0x400805e4
   1.20s  state_space: arming 3s, then autonomous 1->210Hz ramp + LQR, bounded run
   1.21s  commands: dir=cw|ccw  rmax=/rrate=<val>  gains?
   1.21s  direction=CW
   1.22s  t=1031 phase=0 freq=1.0 | I[A]: A=0.00 B=0.00 C=0.00 D=0.00 | duty[%]: A=50.0 B=50.0 C=50.0 D=50.0 | spread=0.000 dir=0 r=0.000 rmax=8.000 rrate=0.00030
   1.22s  R_MAX=2.000 R_RAMP=0.00030
   1.71s  t=1531 phase=0 freq=1.0 | I[A]: A=0.00 B=0.00 C=0.00 D=0.00 | duty[%]: A=50.0 B=50.0 C=50.0 D=50.0 | spread=0.000 dir=0 r=0.000 rmax=2.000 rrate=0.00030
   2.21s  t=2031 phase=0 freq=1.0 | I[A]: A=0.00 B=0.00 C=0.00 D=0.00 | duty[%]: A=50.0 B=50.0 C=50.0 D=50.0 | spread=0.000 dir=0 r=0.000 rmax=2.000 rrate=0.00030
   2.71s  t=2532 phase=0 freq=1.0 | I[A]: A=0.00 B=0.00 C=0.00 D=0.00 | duty[%]: A=50.0 B=50.0 C=50.0 D=50.0 | spread=0.000 dir=0 r=0.000 rmax=2.000 rrate=0.00030
   3.21s  t=3032 phase=0 freq=1.0 | I[A]: A=0.00 B=0.00 C=0.00 D=0.00 | duty[%]: A=50.0 B=50.0 C=50.0 D=50.0 | spread=0.000 dir=0 r=0.000 rmax=2.000 rrate=0.00030
   3.71s  t=3532 phase=0 freq=1.0 | I[A]: A=0.00 B=0.00 C=0.00 D=0.00 | duty[%]: A=50.0 B=50.0 C=50.0 D=50.0 | spread=0.000 dir=0 r=0.000 rmax=2.000 rrate=0.00030
   4.20s  ARMED -> ramping
   4.21s  t=4033 phase=1 freq=1.0 | I[A]: A=0.00 B=0.00 C=0.00 D=0.00 | duty[%]: A=0.0 B=0.0 C=0.0 D=0.0 | spread=0.000 dir=0 r=0.000 rmax=2.000 rrate=0.00030
   4.71s  t=4533 phase=1 freq=1.4 | I[A]: A=0.00 B=0.00 C=0.00 D=0.00 | duty[%]: A=5.0 B=5.0 C=5.0 D=5.0 | spread=0.000 dir=0 r=0.150 rmax=2.000 rrate=0.00030
   5.21s  t=5034 phase=1 freq=2.5 | I[A]: A=0.00 B=0.00 C=0.00 D=0.00 | duty[%]: A=5.0 B=5.0 C=5.0 D=5.0 | spread=0.000 dir=0 r=0.300 rmax=2.000 rrate=0.00030
   5.71s  t=5534 phase=1 freq=4.4 | I[A]: A=0.00 B=0.00 C=0.00 D=0.00 | duty[%]: A=5.0 B=5.0 C=5.0 D=5.0 | spread=0.000 dir=0 r=0.435 rmax=2.000 rrate=0.00030
   6.21s  t=6034 phase=1 freq=6.9 | I[A]: A=0.00 B=0.00 C=0.00 D=0.00 | duty[%]: A=5.0 B=5.0 C=5.0 D=7.9 | spread=0.000 dir=0 r=0.585 rmax=2.000 rrate=0.00030
   6.71s  t=6534 phase=1 freq=10.0 | I[A]: A=0.00 B=0.00 C=0.00 D=0.00 | duty[%]: A=5.8 B=5.1 C=5.0 D=12.2 | spread=0.000 dir=0 r=0.735 rmax=2.000 rrate=0.00030
   7.21s  t=7034 phase=1 freq=13.7 | I[A]: A=0.00 B=0.00 C=0.00 D=0.00 | duty[%]: A=8.4 B=7.5 C=5.0 D=17.1 | spread=0.001 dir=0 r=0.885 rmax=2.000 rrate=0.00030
   7.71s  t=7534 phase=1 freq=18.0 | I[A]: A=0.07 B=0.00 C=0.00 D=0.00 | duty[%]: A=10.8 B=9.8 C=5.8 D=23.2 | spread=0.065 dir=0 r=1.035 rmax=2.000 rrate=0.00030
   8.21s  t=8034 phase=1 freq=22.7 | I[A]: A=0.00 B=0.00 C=0.00 D=0.03 | duty[%]: A=13.9 B=12.8 C=7.4 D=30.0 | spread=0.027 dir=0 r=1.185 rmax=2.000 rrate=0.00030
   8.71s  t=8534 phase=1 freq=28.0 | I[A]: A=0.00 B=0.00 C=0.00 D=0.07 | duty[%]: A=18.2 B=16.7 C=9.3 D=36.9 | spread=0.073 dir=0 r=1.335 rmax=2.000 rrate=0.00030
   9.21s  t=9034 phase=1 freq=33.7 | I[A]: A=0.00 B=0.01 C=0.00 D=0.17 | duty[%]: A=24.0 B=22.1 C=12.0 D=43.3 | spread=0.174 dir=0 r=1.485 rmax=2.000 rrate=0.00030
   9.71s  t=9534 phase=1 freq=39.7 | I[A]: A=0.07 B=0.05 C=0.00 D=0.29 | duty[%]: A=30.6 B=28.4 C=15.3 D=49.9 | spread=0.285 dir=0 r=1.635 rmax=2.000 rrate=0.00030
  10.21s  t=10034 phase=1 freq=46.1 | I[A]: A=0.17 B=0.16 C=0.00 D=0.36 | duty[%]: A=37.7 B=35.5 C=20.2 D=56.2 | spread=0.360 dir=0 r=1.785 rmax=2.000 rrate=0.00030
  10.71s  t=10534 phase=1 freq=52.9 | I[A]: A=0.27 B=0.27 C=0.02 D=0.47 | duty[%]: A=44.0 B=41.6 C=26.6 D=63.6 | spread=0.450 dir=0 r=1.935 rmax=2.000 rrate=0.00030
  11.21s  t=11034 phase=1 freq=59.9 | I[A]: A=0.41 B=0.43 C=0.16 D=0.49 | duty[%]: A=48.9 B=46.7 C=33.4 D=71.7 | spread=0.324 dir=0 r=2.000 rmax=2.000 rrate=0.00030
  11.71s  t=11534 phase=1 freq=67.1 | I[A]: A=0.57 B=0.57 C=0.28 D=0.62 | duty[%]: A=54.2 B=52.2 C=39.7 D=78.4 | spread=0.343 dir=0 r=2.000 rmax=2.000 rrate=0.00030
  12.21s  t=12034 phase=1 freq=74.6 | I[A]: A=0.64 B=0.80 C=0.46 D=0.75 | duty[%]: A=58.4 B=56.0 C=45.2 D=84.0 | spread=0.338 dir=0 r=2.000 rmax=2.000 rrate=0.00030
  12.71s  t=12535 phase=1 freq=82.2 | I[A]: A=0.80 B=0.79 C=0.54 D=0.86 | duty[%]: A=63.3 B=59.9 C=51.0 D=89.8 | spread=0.318 dir=0 r=2.000 rmax=2.000 rrate=0.00030
  13.22s  t=13035 phase=1 freq=89.9 | I[A]: A=0.93 B=0.96 C=0.68 D=0.94 | duty[%]: A=69.3 B=65.6 C=55.8 D=93.3 | spread=0.278 dir=0 r=2.000 rmax=2.000 rrate=0.00030
  13.71s  t=13535 phase=1 freq=97.7 | I[A]: A=1.01 B=1.04 C=0.96 D=1.23 | duty[%]: A=73.9 B=70.1 C=59.8 D=97.0 | spread=0.266 dir=0 r=2.000 rmax=2.000 rrate=0.00030
  14.22s  t=14035 phase=1 freq=105.5 | I[A]: A=1.29 B=1.33 C=1.15 D=1.40 | duty[%]: A=77.8 B=74.3 C=63.6 D=99.4 | spread=0.246 dir=0 r=2.000 rmax=2.000 rrate=0.00030
  14.72s  t=14535 phase=1 freq=113.3 | I[A]: A=1.53 B=1.51 C=1.54 D=1.75 | duty[%]: A=79.8 B=75.8 C=64.9 D=99.8 | spread=0.246 dir=0 r=2.000 rmax=2.000 rrate=0.00030
  15.22s  t=15035 phase=1 freq=121.1 | I[A]: A=1.99 B=1.98 C=1.99 D=2.14 | duty[%]: A=83.6 B=79.4 C=66.0 D=98.2 | spread=0.158 dir=0 r=2.000 rmax=2.000 rrate=0.00030
  15.72s  t=15536 phase=1 freq=128.8 | I[A]: A=2.20 B=2.20 C=2.33 D=2.27 | duty[%]: A=84.4 B=79.8 C=66.1 D=97.4 | spread=0.134 dir=0 r=2.000 rmax=2.000 rrate=0.00030
  16.22s  t=16036 phase=1 freq=136.4 | I[A]: A=2.51 B=2.48 C=2.60 D=2.36 | duty[%]: A=82.8 B=77.9 C=63.7 D=96.5 | spread=0.244 dir=0 r=2.000 rmax=2.000 rrate=0.00030
  16.72s  t=16536 phase=1 freq=143.9 | I[A]: A=2.67 B=2.67 C=2.86 D=2.51 | duty[%]: A=80.3 B=75.2 C=58.5 D=95.6 | spread=0.355 dir=0 r=2.000 rmax=2.000 rrate=0.00030
  17.22s  t=17037 phase=1 freq=151.1 | I[A]: A=2.57 B=2.50 C=2.94 D=2.55 | duty[%]: A=75.6 B=71.6 C=54.0 D=94.8 | spread=0.441 dir=0 r=2.000 rmax=2.000 rrate=0.00030
  17.72s  t=17537 phase=1 freq=158.1 | I[A]: A=2.68 B=2.63 C=2.79 D=2.49 | duty[%]: A=73.0 B=69.2 C=48.2 D=93.2 | spread=0.305 dir=0 r=2.000 rmax=2.000 rrate=0.00030
  18.22s  t=18037 phase=1 freq=164.9 | I[A]: A=2.59 B=2.57 C=2.59 D=2.39 | duty[%]: A=69.9 B=66.8 C=44.0 D=91.7 | spread=0.207 dir=0 r=2.000 rmax=2.000 rrate=0.00030
  18.72s  t=18537 phase=1 freq=171.3 | I[A]: A=2.33 B=2.34 C=2.54 D=2.36 | duty[%]: A=67.1 B=64.0 C=42.2 D=90.6 | spread=0.203 dir=0 r=2.000 rmax=2.000 rrate=0.00030
  19.22s  t=19037 phase=1 freq=177.4 | I[A]: A=2.36 B=2.31 C=2.20 D=2.12 | duty[%]: A=64.7 B=62.8 C=41.2 D=89.6 | spread=0.238 dir=0 r=2.000 rmax=2.000 rrate=0.00030
  19.72s  t=19537 phase=1 freq=183.0 | I[A]: A=1.96 B=2.04 C=2.35 D=2.44 | duty[%]: A=65.1 B=62.1 C=40.0 D=88.6 | spread=0.478 dir=0 r=2.000 rmax=2.000 rrate=0.00030
  20.22s  t=20038 phase=1 freq=188.3 | I[A]: A=2.04 B=2.10 C=1.99 D=1.96 | duty[%]: A=63.0 B=60.6 C=41.3 D=89.2 | spread=0.139 dir=0 r=2.000 rmax=2.000 rrate=0.00030
  20.72s  t=20538 phase=1 freq=193.1 | I[A]: A=1.92 B=1.98 C=1.90 D=1.89 | duty[%]: A=62.9 B=60.8 C=42.3 D=89.3 | spread=0.091 dir=0 r=2.000 rmax=2.000 rrate=0.00030
  21.22s  t=21039 phase=1 freq=197.3 | I[A]: A=1.89 B=1.84 C=1.83 D=1.95 | duty[%]: A=63.4 B=60.8 C=43.6 D=89.8 | spread=0.123 dir=0 r=2.000 rmax=2.000 rrate=0.00030
  21.72s  t=21539 phase=1 freq=201.0 | I[A]: A=1.78 B=1.80 C=1.83 D=1.86 | duty[%]: A=64.0 B=62.2 C=44.5 D=89.7 | spread=0.074 dir=0 r=2.000 rmax=2.000 rrate=0.00030
  22.22s  t=22039 phase=1 freq=204.2 | I[A]: A=1.82 B=1.77 C=1.80 D=1.83 | duty[%]: A=64.8 B=62.7 C=45.2 D=90.9 | spread=0.062 dir=0 r=2.000 rmax=2.000 rrate=0.00030
  22.72s  t=22539 phase=1 freq=206.7 | I[A]: A=1.81 B=1.80 C=1.74 D=1.78 | duty[%]: A=66.0 B=64.1 C=45.6 D=91.5 | spread=0.065 dir=0 r=2.000 rmax=2.000 rrate=0.00030
  23.22s  t=23039 phase=1 freq=208.5 | I[A]: A=1.83 B=1.77 C=1.68 D=1.80 | duty[%]: A=66.8 B=64.3 C=46.1 D=92.9 | spread=0.145 dir=0 r=2.000 rmax=2.000 rrate=0.00030
  23.72s  t=23539 phase=2 freq=209.6 | I[A]: A=1.87 B=1.86 C=1.74 D=1.84 | duty[%]: A=67.7 B=65.8 C=47.8 D=93.3 | spread=0.134 dir=0 r=2.000 rmax=2.000 rrate=0.00030
  24.22s  t=24039 phase=2 freq=210.0 | I[A]: A=1.83 B=1.84 C=1.83 D=1.91 | duty[%]: A=67.8 B=65.5 C=49.1 D=94.7 | spread=0.083 dir=0 r=2.000 rmax=2.000 rrate=0.00030
  24.72s  t=24539 phase=2 freq=210.0 | I[A]: A=1.88 B=1.87 C=1.78 D=1.92 | duty[%]: A=68.4 B=66.4 C=49.4 D=95.5 | spread=0.147 dir=0 r=2.000 rmax=2.000 rrate=0.00030
  25.22s  t=25039 phase=2 freq=210.0 | I[A]: A=1.87 B=1.91 C=1.83 D=1.90 | duty[%]: A=68.6 B=67.0 C=50.3 D=96.2 | spread=0.076 dir=0 r=2.000 rmax=2.000 rrate=0.00030
  25.72s  t=25539 phase=2 freq=210.0 | I[A]: A=1.92 B=1.93 C=1.89 D=1.94 | duty[%]: A=69.2 B=67.6 C=50.8 D=96.5 | spread=0.054 dir=0 r=2.000 rmax=2.000 rrate=0.00030
  26.22s  t=26039 phase=2 freq=210.0 | I[A]: A=1.98 B=1.93 C=1.93 D=1.97 | duty[%]: A=70.1 B=67.8 C=51.1 D=96.7 | spread=0.051 dir=0 r=2.000 rmax=2.000 rrate=0.00030
  26.72s  t=26539 phase=2 freq=210.0 | I[A]: A=1.94 B=1.92 C=1.94 D=2.01 | duty[%]: A=70.1 B=68.2 C=51.8 D=97.0 | spread=0.085 dir=0 r=2.000 rmax=2.000 rrate=0.00030
  27.22s  t=27039 phase=2 freq=210.0 | I[A]: A=2.01 B=1.98 C=1.97 D=1.97 | duty[%]: A=70.6 B=68.7 C=51.4 D=97.3 | spread=0.044 dir=0 r=2.000 rmax=2.000 rrate=0.00030
  27.72s  t=27539 phase=2 freq=210.0 | I[A]: A=1.98 B=1.96 C=1.98 D=2.02 | duty[%]: A=70.6 B=68.4 C=52.2 D=97.9 | spread=0.057 dir=0 r=2.000 rmax=2.000 rrate=0.00030
  28.22s  t=28039 phase=2 freq=210.0 | I[A]: A=1.97 B=1.98 C=1.98 D=1.98 | duty[%]: A=70.9 B=68.3 C=52.2 D=98.3 | spread=0.016 dir=0 r=2.000 rmax=2.000 rrate=0.00030
  28.72s  t=28539 phase=3 freq=210.0 | I[A]: A=1.82 B=1.75 C=1.80 D=1.89 | duty[%]: A=71.0 B=68.3 C=52.3 D=98.8 | spread=0.139 dir=0 r=2.000 rmax=2.000 rrate=0.00030
  29.22s  t=29039 phase=3 freq=210.0 | I[A]: A=0.03 B=0.02 C=0.00 D=0.40 | duty[%]: A=71.0 B=68.3 C=52.3 D=98.8 | spread=0.397 dir=0 r=2.000 rmax=2.000 rrate=0.00030
  29.65s  coils off
  29.72s  t=29540 phase=4 freq=210.0 | I[A]: A=0.00 B=0.00 C=0.00 D=0.00 | duty[%]: A=71.0 B=68.3 C=52.3 D=98.8 | spread=0.000 dir=0 r=2.000 rmax=2.000 rrate=0.00030
  30.22s  t=30040 phase=4 freq=210.0 | I[A]: A=0.00 B=0.00 C=0.00 D=0.00 | duty[%]: A=71.0 B=68.3 C=52.3 D=98.8 | spread=0.000 dir=0 r=2.000 rmax=2.000 rrate=0.00030
  30.72s  t=30540 phase=4 freq=210.0 | I[A]: A=0.00 B=0.00 C=0.00 D=0.00 | duty[%]: A=71.0 B=68.3 C=52.3 D=98.8 | spread=0.000 dir=0 r=2.000 rmax=2.000 rrate=0.00030
  31.22s  t=31040 phase=4 freq=210.0 | I[A]: A=0.00 B=0.00 C=0.00 D=0.00 | duty[%]: A=71.0 B=68.3 C=52.3 D=98.8 | spread=0.000 dir=0 r=2.000 rmax=2.000 rrate=0.00030
  31.72s  t=31540 phase=4 freq=210.0 | I[A]: A=0.00 B=0.00 C=0.00 D=0.00 | duty[%]: A=71.0 B=68.3 C=52.3 D=98.8 | spread=0.000 dir=0 r=2.000 rmax=2.000 rrate=0.00030
  32.22s  t=32040 phase=4 freq=210.0 | I[A]: A=0.00 B=0.00 C=0.00 D=0.00 | duty[%]: A=71.0 B=68.3 C=52.3 D=98.8 | spread=0.000 dir=0 r=2.000 rmax=2.000 rrate=0.00030
  32.72s  t=32541 phase=4 freq=210.0 | I[A]: A=0.00 B=0.00 C=0.00 D=0.00 | duty[%]: A=71.0 B=68.3 C=52.3 D=98.8 | spread=0.000 dir=0 r=2.000 rmax=2.000 rrate=0.00030
  33.22s  t=33041 phase=4 freq=210.0 | I[A]: A=0.00 B=0.00 C=0.00 D=0.00 | duty[%]: A=71.0 B=68.3 C=52.3 D=98.8 | spread=0.000 dir=0 r=2.000 rmax=2.000 rrate=0.00030
  33.72s  t=33541 phase=4 freq=210.0 | I[A]: A=0.00 B=0.00 C=0.00 D=0.00 | duty[%]: A=71.0 B=68.3 C=52.3 D=98.8 | spread=0.000 dir=0 r=2.000 rmax=2.000 rrate=0.00030
  34.22s  t=34041 phase=4 freq=210.0 | I[A]: A=0.00 B=0.00 C=0.00 D=0.00 | duty[%]: A=71.0 B=68.3 C=52.3 D=98.8 | spread=0.000 dir=0 r=2.000 rmax=2.000 rrate=0.00030
  34.72s  t=34541 phase=4 freq=210.0 | I[A]: A=0.00 B=0.00 C=0.00 D=0.00 | duty[%]: A=71.0 B=68.3 C=52.3 D=98.8 | spread=0.000 dir=0 r=2.000 rmax=2.000 rrate=0.00030
  35.22s  t=35041 phase=4 freq=210.0 | I[A]: A=0.00 B=0.00 C=0.00 D=0.00 | duty[%]: A=71.0 B=68.3 C=52.3 D=98.8 | spread=0.000 dir=0 r=2.000 rmax=2.000 rrate=0.00030
  35.72s  t=35541 phase=4 freq=210.0 | I[A]: A=0.00 B=0.00 C=0.00 D=0.00 | duty[%]: A=71.0 B=68.3 C=52.3 D=98.8 | spread=0.000 dir=0 r=2.000 rmax=2.000 rrate=0.00030
  36.22s  t=36042 phase=4 freq=210.0 | I[A]: A=0.00 B=0.00 C=0.00 D=0.00 | duty[%]: A=71.0 B=68.3 C=52.3 D=98.8 | spread=0.000 dir=0 r=2.000 rmax=2.000 rrate=0.00030
  36.72s  t=36542 phase=4 freq=210.0 | I[A]: A=0.00 B=0.00 C=0.00 D=0.00 | duty[%]: A=71.0 B=68.3 C=52.3 D=98.8 | spread=0.000 dir=0 r=2.000 rmax=2.000 rrate=0.00030
  37.22s  t=37042 phase=4 freq=210.0 | I[A]: A=0.00 B=0.00 C=0.00 D=0.00 | duty[%]: A=71.0 B=68.3 C=52.3 D=98.8 | spread=0.000 dir=0 r=2.000 rmax=2.000 rrate=0.00030
  37.72s  t=37542 phase=4 freq=210.0 | I[A]: A=0.00 B=0.00 C=0.00 D=0.00 | duty[%]: A=71.0 B=68.3 C=52.3 D=98.8 | spread=0.000 dir=0 r=2.000 rmax=2.000 rrate=0.00030
  38.22s  t=38042 phase=4 freq=210.0 | I[A]: A=0.00 B=0.00 C=0.00 D=0.00 | duty[%]: A=71.0 B=68.3 C=52.3 D=98.8 | spread=0.000 dir=0 r=2.000 rmax=2.000 rrate=0.00030
  38.72s  t=38542 phase=4 freq=210.0 | I[A]: A=0.00 B=0.00 C=0.00 D=0.00 | duty[%]: A=71.0 B=68.3 C=52.3 D=98.8 | spread=0.000 dir=0 r=2.000 rmax=2.000 rrate=0.00030
  39.22s  t=39042 phase=4 freq=210.0 | I[A]: A=0.00 B=0.00 C=0.00 D=0.00 | duty[%]: A=71.0 B=68.3 C=52.3 D=98.8 | spread=0.000 dir=0 r=2.000 rmax=2.000 rrate=0.00030
  39.72s  t=39542 phase=4 freq=210.0 | I[A]: A=0.00 B=0.00 C=0.00 D=0.00 | duty[%]: A=71.0 B=68.3 C=52.3 D=98.8 | spread=0.000 dir=0 r=2.000 rmax=2.000 rrate=0.00030
  40.22s  t=40043 phase=4 freq=210.0 | I[A]: A=0.00 B=0.00 C=0.00 D=0.00 | duty[%]: A=71.0 B=68.3 C=52.3 D=98.8 | spread=0.000 dir=0 r=2.000 rmax=2.000 rrate=0.00030
