   0.00s  ets Jul 29 2019 12:21:46
   0.00s  
   0.01s  rst:0x1 (POWERON_RESET),boot:0x13 (SPI_FAST_FLASH_BOOT)
   0.01s  configsip: 0, SPIWP:0xee
   0.02s  clk_drv:0x00,q_drv:0x00,d_drv:0x00,cs0_drv:0x00,hd_drv:0x00,wp_drv:0x00
   0.02s  mode:DIO, clock div:2
   0.02s  load:0x3fff0030,len:1184
   0.03s  load:0x40078000,len:13232
   0.03s  load:0x40080400,len:3028
   0.03s  entry 0x400805e4
   1.20s  state_space: arming 3s, then autonomous 1->210Hz ramp + LQR, bounded run
   1.21s  commands: dir=cw|ccw  rmax=/rrate=<val>  gains?
   1.21s  direction=CW
   1.22s  t=1031 phase=0 freq=1.0 | I[A]: A=0.00 B=0.00 C=0.00 D=0.00 | duty[%]: A=50.0 B=50.0 C=50.0 D=50.0 | spread=0.000 dir=0 r=0.000 rmax=8.000 rrate=0.00030
   1.22s  R_MAX=2.000 R_RAMP=0.00030
   1.71s  t=1531 phase=0 freq=1.0 | I[A]: A=0.00 B=0.00 C=0.00 D=0.00 | duty[%]: A=50.0 B=50.0 C=50.0 D=50.0 | spread=0.000 dir=0 r=0.000 rmax=2.000 rrate=0.00030
   2.21s  t=2031 phase=0 freq=1.0 | I[A]: A=0.00 B=0.00 C=0.00 D=0.00 | duty[%]: A=50.0 B=50.0 C=50.0 D=50.0 | spread=0.000 dir=0 r=0.000 rmax=2.000 rrate=0.00030
   2.71s  t=2532 phase=0 freq=1.0 | I[A]: A=0.00 B=0.00 C=0.00 D=0.00 | duty[%]: A=50.0 B=50.0 C=50.0 D=50.0 | spread=0.000 dir=0 r=0.000 rmax=2.000 rrate=0.00030
   3.21s  t=3032 phase=0 freq=1.0 | I[A]: A=0.00 B=0.00 C=0.00 D=0.00 | duty[%]: A=50.0 B=50.0 C=50.0 D=50.0 | spread=0.000 dir=0 r=0.000 rmax=2.000 rrate=0.00030
   3.71s  t=3532 phase=0 freq=1.0 | I[A]: A=0.00 B=0.00 C=0.00 D=0.00 | duty[%]: A=50.0 B=50.0 C=50.0 D=50.0 | spread=0.000 dir=0 r=0.000 rmax=2.000 rrate=0.00030
   4.20s  ARMED -> ramping
   4.21s  t=4033 phase=1 freq=1.0 | I[A]: A=0.00 B=0.00 C=0.00 D=0.00 | duty[%]: A=0.0 B=0.0 C=0.0 D=0.0 | spread=0.000 dir=0 r=0.000 rmax=2.000 rrate=0.00030
   4.71s  t=4534 phase=1 freq=1.4 | I[A]: A=3.41 B=0.00 C=0.00 D=0.04 | duty[%]: A=5.0 B=5.0 C=6.6 D=6.4 | spread=3.409 dir=0 r=0.150 rmax=2.000 rrate=0.00030
   5.21s  t=5034 phase=1 freq=2.5 | I[A]: A=4.37 B=0.00 C=0.00 D=0.00 | duty[%]: A=5.0 B=9.0 C=15.3 D=15.4 | spread=4.370 dir=0 r=0.285 rmax=2.000 rrate=0.00030
   5.72s  t=5535 phase=1 freq=4.4 | I[A]: A=0.44 B=0.00 C=0.00 D=0.07 | duty[%]: A=5.0 B=18.3 C=25.6 D=22.1 | spread=0.436 dir=0 r=0.435 rmax=2.000 rrate=0.00030
   6.22s  t=6035 phase=1 freq=6.9 | I[A]: A=2.15 B=0.00 C=0.00 D=0.68 | duty[%]: A=5.0 B=29.4 C=35.9 D=26.4 | spread=2.148 dir=0 r=0.585 rmax=2.000 rrate=0.00030
   6.72s  t=6535 phase=1 freq=10.0 | I[A]: A=0.71 B=0.00 C=0.00 D=0.32 | duty[%]: A=5.0 B=36.7 C=42.0 D=30.3 | spread=0.706 dir=0 r=0.735 rmax=2.000 rrate=0.00030
   7.22s  t=7035 phase=1 freq=13.7 | I[A]: A=1.77 B=0.01 C=0.00 D=0.32 | duty[%]: A=5.0 B=44.2 C=48.6 D=36.1 | spread=1.772 dir=0 r=0.885 rmax=2.000 rrate=0.00030
   7.72s  t=7535 phase=1 freq=18.0 | I[A]: A=0.62 B=0.03 C=0.00 D=0.04 | duty[%]: A=5.0 B=52.6 C=55.5 D=41.3 | spread=0.617 dir=0 r=1.035 rmax=2.000 rrate=0.00030
   8.22s  t=8036 phase=1 freq=22.7 | I[A]: A=0.55 B=0.05 C=0.00 D=0.21 | duty[%]: A=5.0 B=57.6 C=60.9 D=50.7 | spread=0.545 dir=0 r=1.185 rmax=2.000 rrate=0.00030
   8.72s  t=8537 phase=1 freq=28.0 | I[A]: A=2.43 B=0.09 C=0.00 D=0.27 | duty[%]: A=5.0 B=70.1 C=74.7 D=63.4 | spread=2.426 dir=0 r=1.335 rmax=2.000 rrate=0.00030
   9.22s  t=9038 phase=1 freq=33.7 | I[A]: A=3.25 B=0.01 C=0.00 D=0.26 | duty[%]: A=5.0 B=79.6 C=85.4 D=77.4 | spread=3.249 dir=0 r=1.485 rmax=2.000 rrate=0.00030
   9.72s  t=9539 phase=1 freq=39.7 | I[A]: A=1.40 B=0.07 C=0.01 D=0.16 | duty[%]: A=5.0 B=92.5 C=100.0 D=91.7 | spread=1.388 dir=0 r=1.575 rmax=2.000 rrate=0.00030
  10.22s  t=10040 phase=1 freq=46.1 | I[A]: A=3.24 B=0.03 C=0.00 D=0.34 | duty[%]: A=5.0 B=93.3 C=100.0 D=93.0 | spread=3.244 dir=0 r=1.575 rmax=2.000 rrate=0.00030
  10.72s  t=10540 phase=1 freq=52.9 | I[A]: A=3.27 B=0.02 C=0.00 D=0.10 | duty[%]: A=5.0 B=93.6 C=100.0 D=93.1 | spread=3.266 dir=0 r=1.575 rmax=2.000 rrate=0.00030
  11.22s  t=11041 phase=1 freq=59.9 | I[A]: A=2.59 B=0.02 C=0.02 D=0.12 | duty[%]: A=5.0 B=93.0 C=100.0 D=92.5 | spread=2.569 dir=0 r=1.575 rmax=2.000 rrate=0.00030
  11.72s  t=11542 phase=1 freq=67.1 | I[A]: A=1.88 B=0.05 C=0.02 D=0.14 | duty[%]: A=5.0 B=93.0 C=100.0 D=92.1 | spread=1.866 dir=0 r=1.575 rmax=2.000 rrate=0.00030
  12.22s  t=12043 phase=1 freq=74.6 | I[A]: A=3.36 B=0.08 C=0.00 D=0.48 | duty[%]: A=5.0 B=93.8 C=100.0 D=91.7 | spread=3.360 dir=0 r=1.575 rmax=2.000 rrate=0.00030
  12.72s  t=12544 phase=1 freq=82.2 | I[A]: A=2.00 B=0.05 C=0.02 D=0.17 | duty[%]: A=5.0 B=93.1 C=100.0 D=92.4 | spread=1.983 dir=0 r=1.575 rmax=2.000 rrate=0.00030
  13.22s  t=13044 phase=1 freq=89.9 | I[A]: A=1.27 B=0.05 C=0.00 D=0.60 | duty[%]: A=5.0 B=93.2 C=100.0 D=92.0 | spread=1.272 dir=0 r=1.575 rmax=2.000 rrate=0.00030
  13.72s  t=13544 phase=1 freq=97.7 | I[A]: A=3.02 B=0.06 C=0.01 D=0.23 | duty[%]: A=5.0 B=93.6 C=100.0 D=92.9 | spread=3.013 dir=0 r=1.575 rmax=2.000 rrate=0.00030
  14.23s  t=14044 phase=1 freq=105.5 | I[A]: A=2.91 B=0.06 C=0.02 D=0.24 | duty[%]: A=5.0 B=93.2 C=100.0 D=92.4 | spread=2.888 dir=0 r=1.575 rmax=2.000 rrate=0.00030
  14.73s  t=14545 phase=1 freq=113.3 | I[A]: A=3.40 B=0.16 C=0.00 D=0.35 | duty[%]: A=5.0 B=92.8 C=100.0 D=92.1 | spread=3.397 dir=0 r=1.575 rmax=2.000 rrate=0.00030
  15.23s  t=15046 phase=1 freq=121.1 | I[A]: A=1.87 B=0.04 C=0.00 D=0.18 | duty[%]: A=5.0 B=93.1 C=100.0 D=92.5 | spread=1.865 dir=0 r=1.575 rmax=2.000 rrate=0.00030
  15.73s  t=15547 phase=1 freq=128.8 | I[A]: A=2.50 B=0.12 C=0.00 D=0.21 | duty[%]: A=5.0 B=93.2 C=100.0 D=92.6 | spread=2.504 dir=0 r=1.575 rmax=2.000 rrate=0.00030
  16.23s  t=16047 phase=1 freq=136.4 | I[A]: A=2.08 B=0.08 C=0.00 D=0.35 | duty[%]: A=5.0 B=93.2 C=100.0 D=92.0 | spread=2.075 dir=0 r=1.575 rmax=2.000 rrate=0.00030
  16.73s  t=16548 phase=1 freq=143.9 | I[A]: A=1.93 B=0.11 C=0.01 D=0.27 | duty[%]: A=5.0 B=92.9 C=100.0 D=92.1 | spread=1.929 dir=0 r=1.575 rmax=2.000 rrate=0.00030
  17.23s  t=17048 phase=1 freq=151.1 | I[A]: A=3.51 B=0.15 C=0.01 D=0.36 | duty[%]: A=5.0 B=93.3 C=100.0 D=92.2 | spread=3.499 dir=0 r=1.575 rmax=2.000 rrate=0.00030
  17.73s  t=17548 phase=1 freq=158.1 | I[A]: A=1.78 B=0.06 C=0.00 D=0.31 | duty[%]: A=5.0 B=92.6 C=100.0 D=91.7 | spread=1.784 dir=0 r=1.575 rmax=2.000 rrate=0.00030
  18.23s  t=18048 phase=1 freq=164.9 | I[A]: A=2.67 B=0.32 C=0.00 D=0.56 | duty[%]: A=5.0 B=93.2 C=100.0 D=92.0 | spread=2.675 dir=0 r=1.575 rmax=2.000 rrate=0.00030
  18.73s  t=18548 phase=1 freq=171.3 | I[A]: A=1.48 B=0.24 C=0.04 D=0.21 | duty[%]: A=5.0 B=92.4 C=100.0 D=92.1 | spread=1.441 dir=0 r=1.575 rmax=2.000 rrate=0.00030
  19.23s  t=19048 phase=1 freq=177.4 | I[A]: A=1.25 B=0.35 C=0.00 D=0.44 | duty[%]: A=5.0 B=92.9 C=100.0 D=91.6 | spread=1.247 dir=0 r=1.575 rmax=2.000 rrate=0.00030
  19.73s  t=19549 phase=1 freq=183.0 | I[A]: A=3.59 B=0.21 C=0.02 D=0.91 | duty[%]: A=5.0 B=93.9 C=100.0 D=91.8 | spread=3.573 dir=0 r=1.575 rmax=2.000 rrate=0.00030
  20.23s  t=20049 phase=1 freq=188.3 | I[A]: A=0.52 B=0.26 C=0.02 D=0.59 | duty[%]: A=5.0 B=92.8 C=100.0 D=90.8 | spread=0.571 dir=0 r=1.575 rmax=2.000 rrate=0.00030
  20.73s  t=20550 phase=1 freq=193.1 | I[A]: A=2.39 B=0.26 C=0.05 D=0.28 | duty[%]: A=5.0 B=92.7 C=100.0 D=92.1 | spread=2.337 dir=0 r=1.575 rmax=2.000 rrate=0.00030
  21.23s  t=21050 phase=1 freq=197.3 | I[A]: A=2.20 B=0.09 C=0.08 D=0.36 | duty[%]: A=5.0 B=93.2 C=100.0 D=92.1 | spread=2.123 dir=0 r=1.575 rmax=2.000 rrate=0.00030
  21.73s  t=21551 phase=1 freq=201.0 | I[A]: A=1.35 B=0.12 C=0.06 D=0.40 | duty[%]: A=5.0 B=92.9 C=100.0 D=91.7 | spread=1.290 dir=0 r=1.575 rmax=2.000 rrate=0.00030
  22.23s  t=22051 phase=1 freq=204.2 | I[A]: A=1.91 B=0.09 C=0.06 D=0.36 | duty[%]: A=5.0 B=93.1 C=100.0 D=91.9 | spread=1.856 dir=0 r=1.575 rmax=2.000 rrate=0.00030
  22.73s  t=22551 phase=1 freq=206.7 | I[A]: A=2.00 B=0.25 C=0.07 D=0.29 | duty[%]: A=5.0 B=92.5 C=100.0 D=91.7 | spread=1.924 dir=0 r=1.575 rmax=2.000 rrate=0.00030
  23.23s  t=23051 phase=1 freq=208.5 | I[A]: A=1.02 B=0.14 C=0.09 D=0.44 | duty[%]: A=5.0 B=92.7 C=100.0 D=91.1 | spread=0.923 dir=0 r=1.575 rmax=2.000 rrate=0.00030
  23.73s  t=23551 phase=2 freq=209.6 | I[A]: A=1.57 B=0.20 C=0.09 D=0.41 | duty[%]: A=5.0 B=93.3 C=100.0 D=92.0 | spread=1.487 dir=0 r=1.575 rmax=2.000 rrate=0.00030
  24.23s  t=24052 phase=2 freq=210.0 | I[A]: A=1.16 B=0.26 C=0.07 D=0.51 | duty[%]: A=5.0 B=92.9 C=100.0 D=91.8 | spread=1.086 dir=0 r=1.575 rmax=2.000 rrate=0.00030
  24.73s  t=24552 phase=2 freq=210.0 | I[A]: A=1.20 B=0.16 C=0.09 D=0.43 | duty[%]: A=5.0 B=92.8 C=100.0 D=91.5 | spread=1.111 dir=0 r=1.575 rmax=2.000 rrate=0.00030
  25.23s  t=25052 phase=2 freq=210.0 | I[A]: A=1.77 B=0.19 C=0.08 D=0.43 | duty[%]: A=5.0 B=92.8 C=100.0 D=91.7 | spread=1.690 dir=0 r=1.575 rmax=2.000 rrate=0.00030
  25.73s  t=25553 phase=2 freq=210.0 | I[A]: A=0.70 B=0.17 C=0.04 D=0.41 | duty[%]: A=5.0 B=92.6 C=100.0 D=91.5 | spread=0.660 dir=0 r=1.575 rmax=2.000 rrate=0.00030
  26.23s  t=26053 phase=2 freq=210.0 | I[A]: A=1.65 B=0.06 C=0.04 D=0.29 | duty[%]: A=5.0 B=92.8 C=100.0 D=91.7 | spread=1.617 dir=0 r=1.575 rmax=2.000 rrate=0.00030
  26.73s  t=26554 phase=2 freq=210.0 | I[A]: A=2.21 B=0.24 C=0.04 D=0.91 | duty[%]: A=5.0 B=93.5 C=100.0 D=90.2 | spread=2.176 dir=0 r=1.575 rmax=2.000 rrate=0.00030
  27.23s  t=27054 phase=2 freq=210.0 | I[A]: A=1.67 B=0.15 C=0.04 D=0.31 | duty[%]: A=5.0 B=93.0 C=100.0 D=92.1 | spread=1.631 dir=0 r=1.575 rmax=2.000 rrate=0.00030
  27.74s  t=27554 phase=2 freq=210.0 | I[A]: A=1.66 B=0.17 C=0.06 D=0.77 | duty[%]: A=5.0 B=93.6 C=100.0 D=91.2 | spread=1.593 dir=0 r=1.575 rmax=2.000 rrate=0.00030
  28.24s  t=28055 phase=2 freq=210.0 | I[A]: A=0.95 B=0.17 C=0.07 D=0.45 | duty[%]: A=5.0 B=92.8 C=100.0 D=91.3 | spread=0.875 dir=0 r=1.575 rmax=2.000 rrate=0.00030
  28.74s  t=28555 phase=3 freq=210.0 | I[A]: A=2.49 B=0.18 C=0.03 D=0.52 | duty[%]: A=5.0 B=92.8 C=100.0 D=91.8 | spread=2.457 dir=0 r=1.575 rmax=2.000 rrate=0.00030
  29.24s  t=29055 phase=3 freq=210.0 | I[A]: A=0.25 B=0.02 C=0.00 D=0.24 | duty[%]: A=5.0 B=92.8 C=100.0 D=91.8 | spread=0.246 dir=0 r=1.575 rmax=2.000 rrate=0.00030
  29.67s  coils off
  29.74s  t=29556 phase=4 freq=210.0 | I[A]: A=0.20 B=0.00 C=0.00 D=0.01 | duty[%]: A=5.0 B=92.8 C=100.0 D=91.8 | spread=0.199 dir=0 r=1.575 rmax=2.000 rrate=0.00030
  30.24s  t=30057 phase=4 freq=210.0 | I[A]: A=0.00 B=0.00 C=0.00 D=0.00 | duty[%]: A=5.0 B=92.8 C=100.0 D=91.8 | spread=0.000 dir=0 r=1.575 rmax=2.000 rrate=0.00030
  30.74s  t=30558 phase=4 freq=210.0 | I[A]: A=0.00 B=0.00 C=0.00 D=0.00 | duty[%]: A=5.0 B=92.8 C=100.0 D=91.8 | spread=0.000 dir=0 r=1.575 rmax=2.000 rrate=0.00030
  31.24s  t=31059 phase=4 freq=210.0 | I[A]: A=0.00 B=0.00 C=0.00 D=0.00 | duty[%]: A=5.0 B=92.8 C=100.0 D=91.8 | spread=0.000 dir=0 r=1.575 rmax=2.000 rrate=0.00030
  31.74s  t=31560 phase=4 freq=210.0 | I[A]: A=0.00 B=0.00 C=0.00 D=0.00 | duty[%]: A=5.0 B=92.8 C=100.0 D=91.8 | spread=0.000 dir=0 r=1.575 rmax=2.000 rrate=0.00030
  32.24s  t=32060 phase=4 freq=210.0 | I[A]: A=0.00 B=0.00 C=0.00 D=0.00 | duty[%]: A=5.0 B=92.8 C=100.0 D=91.8 | spread=0.000 dir=0 r=1.575 rmax=2.000 rrate=0.00030
  32.74s  t=32560 phase=4 freq=210.0 | I[A]: A=0.00 B=0.00 C=0.00 D=0.00 | duty[%]: A=5.0 B=92.8 C=100.0 D=91.8 | spread=0.000 dir=0 r=1.575 rmax=2.000 rrate=0.00030
  33.24s  t=33061 phase=4 freq=210.0 | I[A]: A=0.00 B=0.00 C=0.00 D=0.00 | duty[%]: A=5.0 B=92.8 C=100.0 D=91.8 | spread=0.000 dir=0 r=1.575 rmax=2.000 rrate=0.00030
  33.74s  t=33562 phase=4 freq=210.0 | I[A]: A=0.00 B=0.00 C=0.00 D=0.00 | duty[%]: A=5.0 B=92.8 C=100.0 D=91.8 | spread=0.000 dir=0 r=1.575 rmax=2.000 rrate=0.00030
  34.24s  t=34063 phase=4 freq=210.0 | I[A]: A=0.00 B=0.00 C=0.00 D=0.00 | duty[%]: A=5.0 B=92.8 C=100.0 D=91.8 | spread=0.000 dir=0 r=1.575 rmax=2.000 rrate=0.00030
  34.74s  t=34563 phase=4 freq=210.0 | I[A]: A=0.00 B=0.00 C=0.00 D=0.00 | duty[%]: A=5.0 B=92.8 C=100.0 D=91.8 | spread=0.000 dir=0 r=1.575 rmax=2.000 rrate=0.00030
  35.24s  t=35063 phase=4 freq=210.0 | I[A]: A=0.00 B=0.00 C=0.00 D=0.00 | duty[%]: A=5.0 B=92.8 C=100.0 D=91.8 | spread=0.000 dir=0 r=1.575 rmax=2.000 rrate=0.00030
  35.74s  t=35564 phase=4 freq=210.0 | I[A]: A=0.00 B=0.00 C=0.00 D=0.00 | duty[%]: A=5.0 B=92.8 C=100.0 D=91.8 | spread=0.000 dir=0 r=1.575 rmax=2.000 rrate=0.00030
  36.25s  t=36064 phase=4 freq=210.0 | I[A]: A=0.00 B=0.00 C=0.00 D=0.00 | duty[%]: A=5.0 B=92.8 C=100.0 D=91.8 | spread=0.000 dir=0 r=1.575 rmax=2.000 rrate=0.00030
  36.74s  t=36564 phase=4 freq=210.0 | I[A]: A=0.00 B=0.00 C=0.00 D=0.00 | duty[%]: A=5.0 B=92.8 C=100.0 D=91.8 | spread=0.000 dir=0 r=1.575 rmax=2.000 rrate=0.00030
  37.25s  t=37065 phase=4 freq=210.0 | I[A]: A=0.00 B=0.00 C=0.00 D=0.00 | duty[%]: A=5.0 B=92.8 C=100.0 D=91.8 | spread=0.000 dir=0 r=1.575 rmax=2.000 rrate=0.00030
  37.75s  t=37566 phase=4 freq=210.0 | I[A]: A=0.00 B=0.00 C=0.00 D=0.00 | duty[%]: A=5.0 B=92.8 C=100.0 D=91.8 | spread=0.000 dir=0 r=1.575 rmax=2.000 rrate=0.00030
  38.25s  t=38066 phase=4 freq=210.0 | I[A]: A=0.00 B=0.00 C=0.00 D=0.00 | duty[%]: A=5.0 B=92.8 C=100.0 D=91.8 | spread=0.000 dir=0 r=1.575 rmax=2.000 rrate=0.00030
  38.75s  t=38566 phase=4 freq=210.0 | I[A]: A=0.00 B=0.00 C=0.00 D=0.00 | duty[%]: A=5.0 B=92.8 C=100.0 D=91.8 | spread=0.000 dir=0 r=1.575 rmax=2.000 rrate=0.00030
  39.25s  t=39066 phase=4 freq=210.0 | I[A]: A=0.00 B=0.00 C=0.00 D=0.00 | duty[%]: A=5.0 B=92.8 C=100.0 D=91.8 | spread=0.000 dir=0 r=1.575 rmax=2.000 rrate=0.00030
  39.75s  t=39566 phase=4 freq=210.0 | I[A]: A=0.00 B=0.00 C=0.00 D=0.00 | duty[%]: A=5.0 B=92.8 C=100.0 D=91.8 | spread=0.000 dir=0 r=1.575 rmax=2.000 rrate=0.00030
  40.25s  t=40067 phase=4 freq=210.0 | I[A]: A=0.00 B=0.00 C=0.00 D=0.00 | duty[%]: A=5.0 B=92.8 C=100.0 D=91.8 | spread=0.000 dir=0 r=1.575 rmax=2.000 rrate=0.00030
