   0.00s  .740 rmax=2.000 rrate=0.00030
   0.00s  .740 rmax=2.000 rrate=0.00030
   0.00s  .740 rmax=2.000 rrate=0.00030
   0.00s  .740 rmax=2.000 rrate=0.00030
   0.00s  .740 rmax=2.000 rrate=0.00030
   0.00s  .740 rmax=2.000 rrate=0.00030
   0.00s  .740 rmax=2.000 rrate=0.00030
   0.00s  .740 rmax=2.000 rrate=0.00030
   0.00s  .740 rmax=2.000 rrate=0.00030
   0.00s  .740 rmax=2.000 rrate=0.00030
   0.00s  .740 rmax=2.000 rrate=0.00030
   0.00s  .740 rmax=2.000 rrate=0.00030
   0.00s  .740 rmax=2.000 rrate=0.00030
   0.00s  .740 rmax=2.000 rrate=0.00030
   0.00s  .740 rmax=2.000 rrate=0.00030
   0.00s  .740 rmax=2.000 rrate=0.00030
   0.00s  .740 rmax=2.000 rrate=0.00030
   0.00s  .740 rmax=2.000 rrate=0.00030
   0.00s  .740 rmax=2.000 rrate=0.00030
   0.00s  .740 rmax=2.000 rrate=0.00030
   0.00s  .740 rmax=2.000 rrate=0.00030
   0.00s  .740 rmax=2.000 rrate=0.00030
   0.00s  .740 rmax=2.000 rrate=0.00030
   0.00s  .740 rmax=2.000 rrate=0.00030
   0.00s  .740 rmax=2.000 rrate=0.00030
   0.00s  .740 rmax=2.000 rrate=0.00030
   0.00s  .740 rmax=2.000 rrate=0.00030
   0.00s  .740 rmax=2.000 rrate=0.00030
   0.00s  .740 rmax=2.000 rrate=0.00030
   0.00s  .740 rmax=2.000 rrate=0.00030
   0.00s  .740 rmax=2.000 rrate=0.00030
   0.00s  .740 rmax=2.000 rrate=0.00030
   0.00s  .740 rmax=2.000 rrate=0.00030
   0.00s  .740 rmax=2.000 rrate=0.00030
   0.00s  .740 rmax=2.000 rrate=0.00030
   0.00s  .740 rmax=2.000 rrate=0.00030
   0.00s  .740 rmax=2.000 rrate=0.00030
   0.00s  .740 rmax=2.000 rrate=0.00030
   0.00s  .740 rmax=2.000 rrate=0.00030
   0.00s  .740 rmax=2.000 rrate=0.00030
   0.00s  .740 rmax=2.000 rrate=0.00030
   0.00s  .740 rmax=2.000 rrate=0.00030
   0.00s  .740 rmax=2.000 rrate=0.00030
   0.00s  .740 rmax=2.000 rrate=0.00030
   0.00s  .740 rmax=2.000 rrate=0.00030
   0.00s  .740 rmax=2.000 rrate=0.00030
   0.00s  .740 rmax=2.000 rrate=0.00030
   0.00s  .740 rmax=2.000 rrate=0.00030
   0.00s  .740 rmax=2.000 rrate=0.00030
   0.00s  .740 rmax=2.000 rrate=0.00030
   0.00s  .740 rmax=2.000 rrate=0.00030
   0.00s  .740 rmax=2.000 rrate=0.00030
   0.00s  .740 rmax=2.000 rrate=0.00030
   0.00s  .740 rmax=2.000 rrate=0.00030
   0.00s  .740 rmax=2.000 rrate=0.00030
   0.00s  .740 rmax=2.000 rrate=0.00030
   0.00s  .740 rmax=2.000 rrate=0.00030
   0.00s  .740 rmax=2.000 rrate=0.00030
   0.00s  .740 rmax=2.000 rrate=0.00030
   0.00s  .740 rmax=2.000 rrate=0.00030
   0.00s  .740 rmax=2.000 rrate=0.00030
   0.00s  .740 rmax=2.000 rrate=0.00030
   0.00s  .740 rmax=2.000 rrate=0.00030
   0.00s  .740 rmax=2.000 rrate=0.00030
   0.00s  .740 rmax=2.000 rrate=0.00030
   0.00s  .740 rmax=2.000 rrate=0.00030
   0.00s  .740 rmax=2.000 rrate=0.00030
   0.00s  .740 rmax=2.000 rrate=0.00030
   0.00s  .740 rmax=2.000 rrate=0.00030
   0.00s  .740 rmax=2.000 rrate=0.00030
   0.00s  .740 rmax=2.000 rrate=0.00030
   0.00s  .740 rmax=2.000 rrate=0.00030
   0.00s  .740 rmax=2.000 rrate=0.00030
   0.00s  .740 rmax=2.000 rrate=0.00030
   0.00s  .740 rmax=2.000 rrate=0.00030
   0.00s  .740 rmax=2.000 rrate=0.00030
   0.01s  .740 rmax=2.000 rrate=0.00030
   0.01s  .740 rmax=2.000 rrate=0.00030
   0.01s  .740 rmax=2.000 rrate=0.00030
   0.01s  .740 rmax=2.000 rrate=0.00030
   0.01s  .740 rmax=2.000 rrate=0.00030
   0.01s  .740 rmax=2.000 rrate=0.00030
   0.01s  .740 rmax=2.000 rrate=0.00030
   0.01s  .740 rmax=2.000 rrate=0.00030
   0.01s  .740 rmax=2.000 rrate=0.00030
   0.01s  .740 rmax=2.000 rrate=0.00030
   0.01s  .740 rmax=2.000 rrate=0.00030
   0.01s  .740 rmax=2.000 rrate=0.00030
   0.01s  .740 rmax=2.000 rrate=0.00030
   0.01s  .740 rmax=2.000 rrate=0.00030
   0.01s  .740 rmax=2.000 rrate=0.00030
   0.01s  .740 rmax=2.000 rrate=0.00030
   0.01s  .740 rmax=2.000 rrate=0.00030
   0.01s  .740 rmax=2.000 rrate=0.00030
   0.01s  .740 rmax=2.000 rrate=0.00030
   0.01s  .740 rmax=2.000 rrate=0.00030
   0.01s  .740 rmax=2.000 rrate=0.00030
   0.01s  .740 rmax=2.000 rrate=0.00030
   0.01s  .740 rmax=2.000 rrate=0.00030
   0.01s  .740 rmax=2.000 rrate=0.00030
   0.01s  .740 rmax=2.000 rrate=0.00030
   0.01s  .740 rmax=2.000 rrate=0.00030
   0.01s  .740 rmax=2.000 rrate=0.00030
   0.01s  .740 rmax=2.000 rrate=0.00030
   0.01s  .740 rmax=2.000 rrate=0.00030
   0.01s  .740 rmax=2.000 rrate=0.00030
   0.01s  .740 rmax=2.000 rrate=0.00030
   0.01s  .740 rmax=2.000 rrate=0.00030
   0.01s  .740 rmax=2.000 rrate=0.00030
   0.01s  .740 rmax=2.000 rrate=0.00030
   0.01s  .740 rmax=2.000 rrate=0.00030
   0.01s  .740 rmax=2.000 rrate=0.00030
   0.01s  .740 rmax=2.000 rrate=0.00030
   0.01s  .740 rmax=2.000 rrate=0.00030
   0.01s  .740 rmax=2.000 rrate=0.00030
   0.01s  .740 rmax=2.000 rrate=0.00030
   0.01s  .740 rmax=2.000 rrate=0.00030
   0.01s  .740 rmax=2.000 rrate=0.00030
   0.01s  .740 rmax=2.000 rrate=0.00030
   0.01s  .740 rmax=2.000 rrate=0.00030
   0.01s  .740 rmax=2.000 rrate=0.00030
   0.01s  .740 rmax=2.000 rrate=0.00030
   0.01s  .740 rmax=2.000 rrate=0.00030
   0.01s  .740 rmax=2.000 rrate=0.00030
   0.01s  .740 rmax=2.000 rrate=0.00030
   0.01s  .740 rmax=2.000 rrate=0.00030
   0.01s  .740 rmax=2.000 rrate=0.00030
   0.01s  .740 rmax=2.000 rrate=0.00030
   0.01s  .740 rmax=2.000 rrate=0.00030
   0.01s  .740 rmax=2.000 rrate=0.00030
   0.01s  .740 rmax=2.000 rrate=0.00030
   0.01s  .740 rmax=2.000 rrate=0.00030
   0.01s  .740 rmax=2.000 rrate=0.00030
   0.01s  .740 rmax=2.000 rrate=0.00030
   0.01s  .740 rmax=2.000 rrate=0.00030
   0.01s  ets Jul 29 2019 12:21:46
   0.01s  
   0.01s  rst:0x1 (POWERON_RESET),boot:0x13 (SPI_FAST_FLASH_BOOT)
   0.01s  configsip: 0, SPIWP:0xee
   0.02s  clk_drv:0x00,q_drv:0x00,d_drv:0x00,cs0_drv:0x00,hd_drv:0x00,wp_drv:0x00
   0.02s  mode:DIO, clock div:2
   0.02s  load:0x3fff0030,len:1184
   0.03s  load:0x40078000,len:13232
   0.03s  load:0x40080400,len:3028
   0.03s  entry 0x400805e4
   1.20s  state_space: dual-core, arming 3s, then autonomous 1->210Hz ramp + LQID, bounded run
   1.21s  commands: dir=cw|ccw  rmax=/rrate=<val>  gains?
   1.21s  direction=CCW
   1.22s  t=1038 phase=0 freq=1.0 | I[A]: A=0.00 B=0.00 C=0.00 D=0.00 | duty[%]: A=50.0 B=50.0 C=50.0 D=50.0 | spread=0.000 dir=1 r=0.000 rmax=8.000 rrate=0.00030
   1.22s  R_MAX=2.000 R_RAMP=0.00030
   1.72s  t=1538 phase=0 freq=1.0 | I[A]: A=0.00 B=0.00 C=0.00 D=0.00 | duty[%]: A=50.0 B=50.0 C=50.0 D=50.0 | spread=0.000 dir=1 r=0.000 rmax=2.000 rrate=0.00030
   2.22s  t=2038 phase=0 freq=1.0 | I[A]: A=0.00 B=0.00 C=0.00 D=0.00 | duty[%]: A=50.0 B=50.0 C=50.0 D=50.0 | spread=0.000 dir=1 r=0.000 rmax=2.000 rrate=0.00030
   2.72s  t=2538 phase=0 freq=1.0 | I[A]: A=0.00 B=0.00 C=0.00 D=0.00 | duty[%]: A=50.0 B=50.0 C=50.0 D=50.0 | spread=0.000 dir=1 r=0.000 rmax=2.000 rrate=0.00030
   3.22s  t=3038 phase=0 freq=1.0 | I[A]: A=0.00 B=0.00 C=0.00 D=0.00 | duty[%]: A=50.0 B=50.0 C=50.0 D=50.0 | spread=0.000 dir=1 r=0.000 rmax=2.000 rrate=0.00030
   3.72s  t=3538 phase=0 freq=1.0 | I[A]: A=0.00 B=0.00 C=0.00 D=0.00 | duty[%]: A=50.0 B=50.0 C=50.0 D=50.0 | spread=0.000 dir=1 r=0.000 rmax=2.000 rrate=0.00030
   4.22s  t=4038 phase=0 freq=1.0 | I[A]: A=0.00 B=0.00 C=0.00 D=0.00 | duty[%]: A=50.0 B=50.0 C=50.0 D=50.0 | spread=0.000 dir=1 r=0.000 rmax=2.000 rrate=0.00030
   4.72s  t=4538 phase=1 freq=1.3 | I[A]: A=0.00 B=0.00 C=0.00 D=0.00 | duty[%]: A=5.0 B=5.0 C=6.9 D=5.0 | spread=0.000 dir=1 r=0.150 rmax=2.000 rrate=0.00030
   5.22s  t=5038 phase=1 freq=2.4 | I[A]: A=0.00 B=0.00 C=0.00 D=0.00 | duty[%]: A=6.6 B=6.4 C=15.4 D=5.0 | spread=0.000 dir=1 r=0.300 rmax=2.000 rrate=0.00030
   5.72s  t=5538 phase=1 freq=4.2 | I[A]: A=0.00 B=0.00 C=0.04 D=0.00 | duty[%]: A=10.7 B=10.4 C=24.7 D=5.0 | spread=0.042 dir=1 r=0.450 rmax=2.000 rrate=0.00030
   6.22s  t=6038 phase=1 freq=6.7 | I[A]: A=0.00 B=0.00 C=0.02 D=0.00 | duty[%]: A=15.2 B=14.9 C=34.7 D=6.9 | spread=0.016 dir=1 r=0.600 rmax=2.000 rrate=0.00030
   6.72s  t=6538 phase=1 freq=9.8 | I[A]: A=0.00 B=0.00 C=0.00 D=0.00 | duty[%]: A=20.7 B=20.3 C=45.0 D=9.4 | spread=0.000 dir=1 r=0.750 rmax=2.000 rrate=0.00030
   7.22s  t=7038 phase=1 freq=13.5 | I[A]: A=0.00 B=0.01 C=0.03 D=0.00 | duty[%]: A=26.6 B=25.9 C=56.1 D=12.2 | spread=0.027 dir=1 r=0.900 rmax=2.000 rrate=0.00030
   7.72s  t=7538 phase=1 freq=17.7 | I[A]: A=0.00 B=0.08 C=0.29 D=0.00 | duty[%]: A=32.2 B=31.7 C=68.5 D=15.1 | spread=0.287 dir=1 r=1.050 rmax=2.000 rrate=0.00030
   8.22s  t=8038 phase=1 freq=22.5 | I[A]: A=0.12 B=0.06 C=0.44 D=0.00 | duty[%]: A=40.4 B=39.2 C=78.7 D=20.3 | spread=0.438 dir=1 r=1.200 rmax=2.000 rrate=0.00030
   8.72s  t=8538 phase=1 freq=27.7 | I[A]: A=0.02 B=0.05 C=0.03 D=0.00 | duty[%]: A=47.7 B=46.8 C=90.4 D=25.6 | spread=0.050 dir=1 r=1.350 rmax=2.000 rrate=0.00030
   9.22s  t=9038 phase=1 freq=33.4 | I[A]: A=0.37 B=0.26 C=0.15 D=0.15 | duty[%]: A=56.8 B=54.3 C=100.0 D=32.2 | spread=0.224 dir=1 r=1.470 rmax=2.000 rrate=0.00030
   9.72s  t=9538 phase=1 freq=39.4 | I[A]: A=0.58 B=0.19 C=0.32 D=0.11 | duty[%]: A=67.4 B=69.4 C=100.0 D=41.6 | spread=0.470 dir=1 r=1.560 rmax=2.000 rrate=0.00030
  10.22s  t=10038 phase=1 freq=45.8 | I[A]: A=1.02 B=0.69 C=0.40 D=0.15 | duty[%]: A=80.6 B=79.1 C=99.1 D=57.3 | spread=0.872 dir=1 r=1.665 rmax=2.000 rrate=0.00030
  10.72s  t=10538 phase=1 freq=52.5 | I[A]: A=0.64 B=0.60 C=1.30 D=0.43 | duty[%]: A=92.0 B=91.6 C=99.8 D=66.4 | spread=0.876 dir=1 r=1.755 rmax=2.000 rrate=0.00030
  11.22s  t=11038 phase=1 freq=59.5 | I[A]: A=0.88 B=0.86 C=1.19 D=0.50 | duty[%]: A=100.0 B=99.9 C=99.9 D=78.4 | spread=0.691 dir=1 r=1.800 rmax=2.000 rrate=0.00030
  11.72s  t=11538 phase=1 freq=66.8 | I[A]: A=0.72 B=0.77 C=1.05 D=0.44 | duty[%]: A=100.0 B=100.0 C=100.0 D=94.1 | spread=0.616 dir=1 r=1.800 rmax=2.000 rrate=0.00030
  12.22s  t=12038 phase=1 freq=74.2 | I[A]: A=0.40 B=1.01 C=0.53 D=0.40 | duty[%]: A=100.0 B=100.0 C=100.0 D=100.0 | spread=0.613 dir=1 r=1.800 rmax=2.000 rrate=0.00030
  12.72s  t=12538 phase=1 freq=81.8 | I[A]: A=0.09 B=0.32 C=0.60 D=0.17 | duty[%]: A=100.0 B=100.0 C=100.0 D=100.0 | spread=0.511 dir=1 r=1.800 rmax=2.000 rrate=0.00030
  13.22s  t=13038 phase=1 freq=89.5 | I[A]: A=0.84 B=0.65 C=0.97 D=0.66 | duty[%]: A=100.0 B=99.5 C=100.0 D=100.0 | spread=0.319 dir=1 r=1.800 rmax=2.000 rrate=0.00030
  13.72s  t=13538 phase=1 freq=97.3 | I[A]: A=1.63 B=1.31 C=1.62 D=1.38 | duty[%]: A=100.0 B=100.0 C=100.0 D=100.0 | spread=0.321 dir=1 r=1.800 rmax=2.000 rrate=0.00030
  14.22s  t=14038 phase=1 freq=105.1 | I[A]: A=1.51 B=1.18 C=1.31 D=1.41 | duty[%]: A=100.0 B=100.0 C=100.0 D=100.0 | spread=0.335 dir=1 r=1.800 rmax=2.000 rrate=0.00030
  14.72s  t=14538 phase=1 freq=112.9 | I[A]: A=1.76 B=1.66 C=1.50 D=2.00 | duty[%]: A=100.0 B=100.0 C=100.0 D=100.0 | spread=0.501 dir=1 r=1.800 rmax=2.000 rrate=0.00030
  15.22s  t=15038 phase=1 freq=120.7 | I[A]: A=2.17 B=2.33 C=1.80 D=2.60 | duty[%]: A=100.0 B=95.0 C=100.0 D=100.0 | spread=0.802 dir=1 r=1.800 rmax=2.000 rrate=0.00030
  15.72s  t=15538 phase=1 freq=128.5 | I[A]: A=2.48 B=2.82 C=2.03 D=3.44 | duty[%]: A=100.0 B=84.1 C=100.0 D=100.0 | spread=1.409 dir=1 r=1.800 rmax=2.000 rrate=0.00030
  16.22s  t=16038 phase=1 freq=136.1 | I[A]: A=2.65 B=2.09 C=2.02 D=4.23 | duty[%]: A=100.0 B=75.3 C=100.0 D=100.0 | spread=2.206 dir=1 r=1.800 rmax=2.000 rrate=0.00030
  16.72s  t=16538 phase=1 freq=143.5 | I[A]: A=3.04 B=2.18 C=2.73 D=4.28 | duty[%]: A=100.0 B=69.2 C=100.0 D=100.0 | spread=2.099 dir=1 r=1.800 rmax=2.000 rrate=0.00030
  17.22s  t=17038 phase=1 freq=150.8 | I[A]: A=3.13 B=1.94 C=2.39 D=5.64 | duty[%]: A=100.0 B=68.4 C=100.0 D=100.0 | spread=3.701 dir=1 r=1.800 rmax=2.000 rrate=0.00030
  17.72s  t=17538 phase=1 freq=157.8 | I[A]: A=3.47 B=1.96 C=2.80 D=4.89 | duty[%]: A=100.0 B=64.9 C=100.0 D=100.0 | spread=2.927 dir=1 r=1.800 rmax=2.000 rrate=0.00030
  18.22s  t=18038 phase=1 freq=164.5 | I[A]: A=3.91 B=0.92 C=1.19 D=8.51 | duty[%]: A=100.0 B=63.5 C=100.0 D=100.0 | spread=7.591 dir=1 r=1.800 rmax=2.000 rrate=0.00030
  18.72s  t=18538 phase=1 freq=171.0 | I[A]: A=4.63 B=1.21 C=1.96 D=6.56 | duty[%]: A=97.5 B=67.7 C=100.0 D=100.0 | spread=5.347 dir=1 r=1.800 rmax=2.000 rrate=0.00030
  19.22s  t=19038 phase=1 freq=177.1 | I[A]: A=1.97 B=2.11 C=2.88 D=5.98 | duty[%]: A=76.6 B=67.0 C=100.0 D=100.0 | spread=4.014 dir=1 r=1.800 rmax=2.000 rrate=0.00030
  19.72s  t=19538 phase=1 freq=182.7 | I[A]: A=2.22 B=1.64 C=2.36 D=5.82 | duty[%]: A=71.3 B=66.2 C=100.0 D=100.0 | spread=4.179 dir=1 r=1.800 rmax=2.000 rrate=0.00030
  20.22s  t=20038 phase=1 freq=188.0 | I[A]: A=1.64 B=1.70 C=2.34 D=5.66 | duty[%]: A=67.6 B=66.9 C=100.0 D=100.0 | spread=4.023 dir=1 r=1.800 rmax=2.000 rrate=0.00030
  20.72s  t=20538 phase=1 freq=192.8 | I[A]: A=1.71 B=1.69 C=2.45 D=5.44 | duty[%]: A=69.9 B=67.1 C=100.0 D=100.0 | spread=3.747 dir=1 r=1.800 rmax=2.000 rrate=0.00030
  21.22s  t=21038 phase=1 freq=197.1 | I[A]: A=1.68 B=1.76 C=2.36 D=4.38 | duty[%]: A=70.7 B=67.7 C=100.0 D=100.0 | spread=2.698 dir=1 r=1.800 rmax=2.000 rrate=0.00030
  21.72s  t=21538 phase=1 freq=200.9 | I[A]: A=1.78 B=1.54 C=1.95 D=4.89 | duty[%]: A=71.2 B=68.7 C=100.0 D=100.0 | spread=3.348 dir=1 r=1.800 rmax=2.000 rrate=0.00030
  22.22s  t=22038 phase=1 freq=204.0 | I[A]: A=1.76 B=1.80 C=2.17 D=4.38 | duty[%]: A=73.5 B=69.7 C=100.0 D=100.0 | spread=2.620 dir=1 r=1.800 rmax=2.000 rrate=0.00030
  22.72s  t=22538 phase=1 freq=206.6 | I[A]: A=1.94 B=1.75 C=1.93 D=4.20 | duty[%]: A=74.5 B=70.3 C=100.0 D=100.0 | spread=2.449 dir=1 r=1.800 rmax=2.000 rrate=0.00030
  23.22s  t=23038 phase=1 freq=208.4 | I[A]: A=2.18 B=2.00 C=2.28 D=5.47 | duty[%]: A=74.0 B=70.9 C=100.0 D=100.0 | spread=3.467 dir=1 r=1.800 rmax=2.000 rrate=0.00030
  23.72s  t=23538 phase=2 freq=209.6 | I[A]: A=1.65 B=1.90 C=2.08 D=4.48 | duty[%]: A=74.4 B=71.5 C=100.0 D=100.0 | spread=2.829 dir=1 r=1.800 rmax=2.000 rrate=0.00030
  24.22s  t=24038 phase=2 freq=210.0 | I[A]: A=1.53 B=1.81 C=1.83 D=3.61 | duty[%]: A=73.2 B=72.9 C=100.0 D=100.0 | spread=2.078 dir=1 r=1.800 rmax=2.000 rrate=0.00030
  24.72s  t=24538 phase=2 freq=210.0 | I[A]: A=1.62 B=1.98 C=2.01 D=3.74 | duty[%]: A=75.0 B=73.1 C=100.0 D=100.0 | spread=2.115 dir=1 r=1.800 rmax=2.000 rrate=0.00030
  25.22s  t=25038 phase=2 freq=210.0 | I[A]: A=1.61 B=1.67 C=1.71 D=3.82 | duty[%]: A=75.2 B=73.7 C=100.0 D=100.0 | spread=2.208 dir=1 r=1.800 rmax=2.000 rrate=0.00030
  25.72s  t=25538 phase=2 freq=210.0 | I[A]: A=1.78 B=1.67 C=1.66 D=3.87 | duty[%]: A=76.2 B=73.7 C=100.0 D=100.0 | spread=2.215 dir=1 r=1.800 rmax=2.000 rrate=0.00030
  26.22s  t=26038 phase=2 freq=210.0 | I[A]: A=1.81 B=1.58 C=1.54 D=4.07 | duty[%]: A=76.3 B=72.8 C=100.0 D=100.0 | spread=2.527 dir=1 r=1.800 rmax=2.000 rrate=0.00030
  26.72s  t=26538 phase=2 freq=210.0 | I[A]: A=1.81 B=1.57 C=1.57 D=4.27 | duty[%]: A=76.8 B=72.9 C=100.0 D=100.0 | spread=2.700 dir=1 r=1.800 rmax=2.000 rrate=0.00030
  27.22s  t=27038 phase=2 freq=210.0 | I[A]: A=1.68 B=1.84 C=1.81 D=3.89 | duty[%]: A=77.5 B=73.4 C=100.0 D=100.0 | spread=2.203 dir=1 r=1.800 rmax=2.000 rrate=0.00030
  27.72s  t=27538 phase=2 freq=210.0 | I[A]: A=1.91 B=1.70 C=1.74 D=3.96 | duty[%]: A=75.8 B=74.7 C=100.0 D=100.0 | spread=2.257 dir=1 r=1.800 rmax=2.000 rrate=0.00030
  28.22s  t=28038 phase=2 freq=210.0 | I[A]: A=1.75 B=2.01 C=2.03 D=3.45 | duty[%]: A=76.9 B=72.7 C=100.0 D=100.0 | spread=1.698 dir=1 r=1.800 rmax=2.000 rrate=0.00030
  28.72s  t=28538 phase=3 freq=210.0 | I[A]: A=2.03 B=1.68 C=1.97 D=4.54 | duty[%]: A=74.6 B=72.5 C=100.0 D=100.0 | spread=2.863 dir=1 r=1.800 rmax=2.000 rrate=0.00030
  29.22s  t=29038 phase=3 freq=210.0 | I[A]: A=0.07 B=0.04 C=0.73 D=1.57 | duty[%]: A=74.6 B=72.5 C=100.0 D=100.0 | spread=1.527 dir=1 r=1.800 rmax=2.000 rrate=0.00030
  29.72s  t=29538 phase=3 freq=210.0 | I[A]: A=0.00 B=0.00 C=0.00 D=0.00 | duty[%]: A=74.6 B=72.5 C=100.0 D=100.0 | spread=0.002 dir=1 r=1.800 rmax=2.000 rrate=0.00030
  30.22s  t=30038 phase=4 freq=210.0 | I[A]: A=0.00 B=0.00 C=0.00 D=0.00 | duty[%]: A=74.6 B=72.5 C=100.0 D=100.0 | spread=0.000 dir=1 r=1.800 rmax=2.000 rrate=0.00030
  30.72s  t=30538 phase=4 freq=210.0 | I[A]: A=0.00 B=0.00 C=0.00 D=0.00 | duty[%]: A=74.6 B=72.5 C=100.0 D=100.0 | spread=0.000 dir=1 r=1.800 rmax=2.000 rrate=0.00030
  31.22s  t=31038 phase=4 freq=210.0 | I[A]: A=0.00 B=0.00 C=0.00 D=0.00 | duty[%]: A=74.6 B=72.5 C=100.0 D=100.0 | spread=0.000 dir=1 r=1.800 rmax=2.000 rrate=0.00030
  31.72s  t=31538 phase=4 freq=210.0 | I[A]: A=0.00 B=0.00 C=0.00 D=0.00 | duty[%]: A=74.6 B=72.5 C=100.0 D=100.0 | spread=0.000 dir=1 r=1.800 rmax=2.000 rrate=0.00030
  32.22s  t=32038 phase=4 freq=210.0 | I[A]: A=0.00 B=0.00 C=0.00 D=0.00 | duty[%]: A=74.6 B=72.5 C=100.0 D=100.0 | spread=0.000 dir=1 r=1.800 rmax=2.000 rrate=0.00030
  32.72s  t=32538 phase=4 freq=210.0 | I[A]: A=0.00 B=0.00 C=0.00 D=0.00 | duty[%]: A=74.6 B=72.5 C=100.0 D=100.0 | spread=0.000 dir=1 r=1.800 rmax=2.000 rrate=0.00030
  33.22s  t=33038 phase=4 freq=210.0 | I[A]: A=0.00 B=0.00 C=0.00 D=0.00 | duty[%]: A=74.6 B=72.5 C=100.0 D=100.0 | spread=0.000 dir=1 r=1.800 rmax=2.000 rrate=0.00030
  33.72s  t=33538 phase=4 freq=210.0 | I[A]: A=0.00 B=0.00 C=0.00 D=0.00 | duty[%]: A=74.6 B=72.5 C=100.0 D=100.0 | spread=0.000 dir=1 r=1.800 rmax=2.000 rrate=0.00030
  34.22s  t=34038 phase=4 freq=210.0 | I[A]: A=0.00 B=0.00 C=0.00 D=0.00 | duty[%]: A=74.6 B=72.5 C=100.0 D=100.0 | spread=0.000 dir=1 r=1.800 rmax=2.000 rrate=0.00030
  34.72s  t=34538 phase=4 freq=210.0 | I[A]: A=0.00 B=0.00 C=0.00 D=0.00 | duty[%]: A=74.6 B=72.5 C=100.0 D=100.0 | spread=0.000 dir=1 r=1.800 rmax=2.000 rrate=0.00030
  35.22s  t=35038 phase=4 freq=210.0 | I[A]: A=0.00 B=0.00 C=0.00 D=0.00 | duty[%]: A=74.6 B=72.5 C=100.0 D=100.0 | spread=0.000 dir=1 r=1.800 rmax=2.000 rrate=0.00030
  35.72s  t=35538 phase=4 freq=210.0 | I[A]: A=0.00 B=0.00 C=0.00 D=0.00 | duty[%]: A=74.6 B=72.5 C=100.0 D=100.0 | spread=0.000 dir=1 r=1.800 rmax=2.000 rrate=0.00030
  36.22s  t=36038 phase=4 freq=210.0 | I[A]: A=0.00 B=0.00 C=0.00 D=0.00 | duty[%]: A=74.6 B=72.5 C=100.0 D=100.0 | spread=0.000 dir=1 r=1.800 rmax=2.000 rrate=0.00030
  36.72s  t=36538 phase=4 freq=210.0 | I[A]: A=0.00 B=0.00 C=0.00 D=0.00 | duty[%]: A=74.6 B=72.5 C=100.0 D=100.0 | spread=0.000 dir=1 r=1.800 rmax=2.000 rrate=0.00030
  37.22s  t=37038 phase=4 freq=210.0 | I[A]: A=0.00 B=0.00 C=0.00 D=0.00 | duty[%]: A=74.6 B=72.5 C=100.0 D=100.0 | spread=0.000 dir=1 r=1.800 rmax=2.000 rrate=0.00030
  37.72s  t=37538 phase=4 freq=210.0 | I[A]: A=0.00 B=0.00 C=0.00 D=0.00 | duty[%]: A=74.6 B=72.5 C=100.0 D=100.0 | spread=0.000 dir=1 r=1.800 rmax=2.000 rrate=0.00030
  38.22s  t=38038 phase=4 freq=210.0 | I[A]: A=0.00 B=0.00 C=0.00 D=0.00 | duty[%]: A=74.6 B=72.5 C=100.0 D=100.0 | spread=0.000 dir=1 r=1.800 rmax=2.000 rrate=0.00030
  38.72s  t=38538 phase=4 freq=210.0 | I[A]: A=0.00 B=0.00 C=0.00 D=0.00 | duty[%]: A=74.6 B=72.5 C=100.0 D=100.0 | spread=0.000 dir=1 r=1.800 rmax=2.000 rrate=0.00030
  39.22s  t=39038 phase=4 freq=210.0 | I[A]: A=0.00 B=0.00 C=0.00 D=0.00 | duty[%]: A=74.6 B=72.5 C=100.0 D=100.0 | spread=0.000 dir=1 r=1.800 rmax=2.000 rrate=0.00030
  39.72s  t=39538 phase=4 freq=210.0 | I[A]: A=0.00 B=0.00 C=0.00 D=0.00 | duty[%]: A=74.6 B=72.5 C=100.0 D=100.0 | spread=0.000 dir=1 r=1.800 rmax=2.000 rrate=0.00030
  40.22s  t=40038 phase=4 freq=210.0 | I[A]: A=0.00 B=0.00 C=0.00 D=0.00 | duty[%]: A=74.6 B=72.5 C=100.0 D=100.0 | spread=0.000 dir=1 r=1.800 rmax=2.000 rrate=0.00030
