   0.00s  000 rmax=2.000 rrate=0.00030
   0.00s  000 rmax=2.000 rrate=0.00030
   0.00s  000 rmax=2.000 rrate=0.00030
   0.00s  000 rmax=2.000 rrate=0.00030
   0.00s  000 rmax=2.000 rrate=0.00030
   0.00s  000 rmax=2.000 rrate=0.00030
   0.00s  000 rmax=2.000 rrate=0.00030
   0.00s  000 rmax=2.000 rrate=0.00030
   0.00s  000 rmax=2.000 rrate=0.00030
   0.00s  000 rmax=2.000 rrate=0.00030
   0.00s  000 rmax=2.000 rrate=0.00030
   0.00s  000 rmax=2.000 rrate=0.00030
   0.00s  000 rmax=2.000 rrate=0.00030
   0.00s  000 rmax=2.000 rrate=0.00030
   0.00s  000 rmax=2.000 rrate=0.00030
   0.00s  000 rmax=2.000 rrate=0.00030
   0.00s  000 rmax=2.000 rrate=0.00030
   0.00s  000 rmax=2.000 rrate=0.00030
   0.00s  000 rmax=2.000 rrate=0.00030
   0.00s  000 rmax=2.000 rrate=0.00030
   0.00s  000 rmax=2.000 rrate=0.00030
   0.00s  000 rmax=2.000 rrate=0.00030
   0.00s  000 rmax=2.000 rrate=0.00030
   0.00s  000 rmax=2.000 rrate=0.00030
   0.00s  000 rmax=2.000 rrate=0.00030
   0.00s  000 rmax=2.000 rrate=0.00030
   0.00s  000 rmax=2.000 rrate=0.00030
   0.00s  000 rmax=2.000 rrate=0.00030
   0.00s  000 rmax=2.000 rrate=0.00030
   0.00s  000 rmax=2.000 rrate=0.00030
   0.00s  000 rmax=2.000 rrate=0.00030
   0.00s  000 rmax=2.000 rrate=0.00030
   0.00s  000 rmax=2.000 rrate=0.00030
   0.00s  000 rmax=2.000 rrate=0.00030
   0.00s  000 rmax=2.000 rrate=0.00030
   0.00s  000 rmax=2.000 rrate=0.00030
   0.00s  000 rmax=2.000 rrate=0.00030
   0.00s  000 rmax=2.000 rrate=0.00030
   0.00s  000 rmax=2.000 rrate=0.00030
   0.00s  000 rmax=2.000 rrate=0.00030
   0.00s  000 rmax=2.000 rrate=0.00030
   0.00s  000 rmax=2.000 rrate=0.00030
   0.00s  000 rmax=2.000 rrate=0.00030
   0.00s  000 rmax=2.000 rrate=0.00030
   0.00s  000 rmax=2.000 rrate=0.00030
   0.00s  000 rmax=2.000 rrate=0.00030
   0.00s  000 rmax=2.000 rrate=0.00030
   0.00s  000 rmax=2.000 rrate=0.00030
   0.00s  000 rmax=2.000 rrate=0.00030
   0.00s  000 rmax=2.000 rrate=0.00030
   0.00s  000 rmax=2.000 rrate=0.00030
   0.00s  000 rmax=2.000 rrate=0.00030
   0.00s  000 rmax=2.000 rrate=0.00030
   0.00s  000 rmax=2.000 rrate=0.00030
   0.00s  000 rmax=2.000 rrate=0.00030
   0.00s  000 rmax=2.000 rrate=0.00030
   0.00s  000 rmax=2.000 rrate=0.00030
   0.00s  000 rmax=2.000 rrate=0.00030
   0.00s  000 rmax=2.000 rrate=0.00030
   0.00s  000 rmax=2.000 rrate=0.00030
   0.00s  000 rmax=2.000 rrate=0.00030
   0.00s  000 rmax=2.000 rrate=0.00030
   0.00s  000 rmax=2.000 rrate=0.00030
   0.00s  000 rmax=2.000 rrate=0.00030
   0.00s  000 rmax=2.000 rrate=0.00030
   0.00s  000 rmax=2.000 rrate=0.00030
   0.00s  000 rmax=2.000 rrate=0.00030
   0.00s  000 rmax=2.000 rrate=0.00030
   0.00s  000 rmax=2.000 rrate=0.00030
   0.00s  000 rmax=2.000 rrate=0.00030
   0.00s  000 rmax=2.000 rrate=0.00030
   0.00s  000 rmax=2.000 rrate=0.00030
   0.00s  000 rmax=2.000 rrate=0.00030
   0.00s  000 rmax=2.000 rrate=0.00030
   0.00s  000 rmax=2.000 rrate=0.00030
   0.00s  000 rmax=2.000 rrate=0.00030
   0.00s  000 rmax=2.000 rrate=0.00030
   0.01s  000 rmax=2.000 rrate=0.00030
   0.01s  000 rmax=2.000 rrate=0.00030
   0.01s  000 rmax=2.000 rrate=0.00030
   0.01s  000 rmax=2.000 rrate=0.00030
   0.01s  000 rmax=2.000 rrate=0.00030
   0.01s  000 rmax=2.000 rrate=0.00030
   0.01s  000 rmax=2.000 rrate=0.00030
   0.01s  000 rmax=2.000 rrate=0.00030
   0.01s  000 rmax=2.000 rrate=0.00030
   0.01s  000 rmax=2.000 rrate=0.00030
   0.01s  000 rmax=2.000 rrate=0.00030
   0.01s  000 rmax=2.000 rrate=0.00030
   0.01s  000 rmax=2.000 rrate=0.00030
   0.01s  000 rmax=2.000 rrate=0.00030
   0.01s  000 rmax=2.000 rrate=0.00030
   0.01s  000 rmax=2.000 rrate=0.00030
   0.01s  000 rmax=2.000 rrate=0.00030
   0.01s  000 rmax=2.000 rrate=0.00030
   0.01s  000 rmax=2.000 rrate=0.00030
   0.01s  000 rmax=2.000 rrate=0.00030
   0.01s  000 rmax=2.000 rrate=0.00030
   0.01s  000 rmax=2.000 rrate=0.00030
   0.01s  000 rmax=2.000 rrate=0.00030
   0.01s  000 rmax=2.000 rrate=0.00030
   0.01s  000 rmax=2.000 rrate=0.00030
   0.01s  000 rmax=2.000 rrate=0.00030
   0.01s  000 rmax=2.000 rrate=0.00030
   0.01s  000 rmax=2.000 rrate=0.00030
   0.01s  000 rmax=2.000 rrate=0.00030
   0.01s  000 rmax=2.000 rrate=0.00030
   0.01s  000 rmax=2.000 rrate=0.00030
   0.01s  000 rmax=2.000 rrate=0.00030
   0.01s  000 rmax=2.000 rrate=0.00030
   0.01s  000 rmax=2.000 rrate=0.00030
   0.01s  000 rmax=2.000 rrate=0.00030
   0.01s  000 rmax=2.000 rrate=0.00030
   0.01s  000 rmax=2.000 rrate=0.00030
   0.01s  000 rmax=2.000 rrate=0.00030
   0.01s  000 rmax=2.000 rrate=0.00030
   0.01s  000 rmax=2.000 rrate=0.00030
   0.01s  000 rmax=2.000 rrate=0.00030
   0.01s  000 rmax=2.000 rrate=0.00030
   0.01s  000 rmax=2.000 rrate=0.00030
   0.01s  000 rmax=2.000 rrate=0.00030
   0.01s  000 rmax=2.000 rrate=0.00030
   0.01s  000 rmax=2.000 rrate=0.00030
   0.01s  000 rmax=2.000 rrate=0.00030
   0.01s  000 rmax=2.000 rrate=0.00030
   0.01s  000 rmax=2.000 rrate=0.00030
   0.01s  000 rmax=2.000 rrate=0.00030
   0.01s  000 rmax=2.000 rrate=0.00030
   0.01s  000 rmax=2.000 rrate=0.00030
   0.01s  000 rmax=2.000 rrate=0.00030
   0.01s  000 rmax=2.000 rrate=0.00030
   0.01s  000 rmax=2.000 rrate=0.00030
   0.01s  000 rmax=2.000 rrate=0.00030
   0.01s  000 rmax=2.000 rrate=0.00030
   0.01s  000 rmax=2.000 rrate=0.00030
   0.01s  000 rmax=2.000 rrate=0.00030
   0.01s  000 rmax=2.000 rrate=0.00030
   0.01s  000 rmax=2.000 rrate=0.00030
   0.01s  000 rmax=2.000 rrate=0.00030
   0.01s  ets Jul 29 2019 12:21:46
   0.01s  
   0.01s  rst:0x1 (POWERON_RESET),boot:0x13 (SPI_FAST_FLASH_BOOT)
   0.01s  configsip: 0, SPIWP:0xee
   0.02s  clk_drv:0x00,q_drv:0x00,d_drv:0x00,cs0_drv:0x00,hd_drv:0x00,wp_drv:0x00
   0.02s  mode:DIO, clock div:2
   0.02s  load:0x3fff0030,len:1184
   0.03s  load:0x40078000,len:13232
   0.03s  load:0x40080400,len:3028
   0.03s  entry 0x400805e4
   1.20s  state_space: arming 3s, then autonomous 1->210Hz ramp + LQR, bounded run
   1.21s  commands: dir=cw|ccw  rmax=/rrate=<val>  gains?
   1.21s  direction=CCW
   1.22s  t=1031 phase=0 freq=1.0 | I[A]: A=0.00 B=0.00 C=0.00 D=0.00 | duty[%]: A=50.0 B=50.0 C=50.0 D=50.0 | spread=0.000 dir=1 r=0.000 rmax=8.000 rrate=0.00030
   1.22s  R_MAX=2.000 R_RAMP=0.00030
   1.71s  t=1531 phase=0 freq=1.0 | I[A]: A=0.00 B=0.00 C=0.00 D=0.00 | duty[%]: A=50.0 B=50.0 C=50.0 D=50.0 | spread=0.000 dir=1 r=0.000 rmax=2.000 rrate=0.00030
   2.21s  t=2031 phase=0 freq=1.0 | I[A]: A=0.00 B=0.00 C=0.00 D=0.00 | duty[%]: A=50.0 B=50.0 C=50.0 D=50.0 | spread=0.000 dir=1 r=0.000 rmax=2.000 rrate=0.00030
   2.71s  t=2531 phase=0 freq=1.0 | I[A]: A=0.00 B=0.00 C=0.00 D=0.00 | duty[%]: A=50.0 B=50.0 C=50.0 D=50.0 | spread=0.000 dir=1 r=0.000 rmax=2.000 rrate=0.00030
   3.21s  t=3032 phase=0 freq=1.0 | I[A]: A=0.00 B=0.00 C=0.00 D=0.00 | duty[%]: A=50.0 B=50.0 C=50.0 D=50.0 | spread=0.000 dir=1 r=0.000 rmax=2.000 rrate=0.00030
   3.71s  t=3532 phase=0 freq=1.0 | I[A]: A=0.00 B=0.00 C=0.00 D=0.00 | duty[%]: A=50.0 B=50.0 C=50.0 D=50.0 | spread=0.000 dir=1 r=0.000 rmax=2.000 rrate=0.00030
   4.20s  ARMED -> ramping
   4.21s  t=4032 phase=1 freq=1.0 | I[A]: A=0.00 B=0.00 C=0.00 D=0.00 | duty[%]: A=0.0 B=0.0 C=0.0 D=0.0 | spread=0.000 dir=1 r=0.000 rmax=2.000 rrate=0.00030
   4.71s  t=4532 phase=1 freq=1.4 | I[A]: A=0.00 B=0.00 C=0.00 D=0.00 | duty[%]: A=5.0 B=5.0 C=5.0 D=5.0 | spread=0.002 dir=1 r=0.150 rmax=2.000 rrate=0.00030
   5.21s  t=5032 phase=1 freq=2.5 | I[A]: A=0.00 B=0.00 C=0.00 D=0.00 | duty[%]: A=5.0 B=5.0 C=5.0 D=5.0 | spread=0.004 dir=1 r=0.300 rmax=2.000 rrate=0.00030
   5.71s  t=5532 phase=1 freq=4.4 | I[A]: A=0.00 B=0.01 C=0.00 D=0.00 | duty[%]: A=5.0 B=5.0 C=5.0 D=5.0 | spread=0.008 dir=1 r=0.435 rmax=2.000 rrate=0.00030
   6.21s  t=6032 phase=1 freq=6.9 | I[A]: A=0.00 B=0.00 C=0.00 D=0.00 | duty[%]: A=5.0 B=5.0 C=7.5 D=5.0 | spread=0.000 dir=1 r=0.585 rmax=2.000 rrate=0.00030
   6.71s  t=6533 phase=1 freq=10.0 | I[A]: A=0.00 B=0.00 C=0.00 D=0.00 | duty[%]: A=6.2 B=5.9 C=11.5 D=5.0 | spread=0.000 dir=1 r=0.735 rmax=2.000 rrate=0.00030
   7.21s  t=7033 phase=1 freq=13.7 | I[A]: A=0.00 B=0.00 C=0.00 D=0.00 | duty[%]: A=8.6 B=8.2 C=16.5 D=5.1 | spread=0.000 dir=1 r=0.885 rmax=2.000 rrate=0.00030
   7.71s  t=7533 phase=1 freq=18.0 | I[A]: A=0.00 B=0.00 C=0.00 D=0.00 | duty[%]: A=11.4 B=11.0 C=22.3 D=6.6 | spread=0.003 dir=1 r=1.035 rmax=2.000 rrate=0.00030
   8.21s  t=8033 phase=1 freq=22.7 | I[A]: A=0.00 B=0.00 C=0.03 D=0.00 | duty[%]: A=14.9 B=14.3 C=28.7 D=8.3 | spread=0.028 dir=1 r=1.185 rmax=2.000 rrate=0.00030
   8.71s  t=8533 phase=1 freq=28.0 | I[A]: A=0.00 B=0.00 C=0.08 D=0.00 | duty[%]: A=19.2 B=18.6 C=35.2 D=10.5 | spread=0.080 dir=1 r=1.335 rmax=2.000 rrate=0.00030
   9.21s  t=9033 phase=1 freq=33.7 | I[A]: A=0.02 B=0.01 C=0.13 D=0.00 | duty[%]: A=24.6 B=23.9 C=41.8 D=13.2 | spread=0.129 dir=1 r=1.485 rmax=2.000 rrate=0.00030
   9.71s  t=9533 phase=1 freq=39.7 | I[A]: A=0.06 B=0.06 C=0.25 D=0.00 | duty[%]: A=30.9 B=30.5 C=47.9 D=16.8 | spread=0.250 dir=1 r=1.635 rmax=2.000 rrate=0.00030
  10.22s  t=10034 phase=1 freq=46.1 | I[A]: A=0.19 B=0.17 C=0.38 D=0.00 | duty[%]: A=39.1 B=37.6 C=52.8 D=22.7 | spread=0.377 dir=1 r=1.785 rmax=2.000 rrate=0.00030
  10.72s  t=10534 phase=1 freq=52.9 | I[A]: A=0.29 B=0.28 C=0.42 D=0.07 | duty[%]: A=46.1 B=45.0 C=58.5 D=29.6 | spread=0.356 dir=1 r=1.935 rmax=2.000 rrate=0.00030
  11.21s  t=11034 phase=1 freq=59.9 | I[A]: A=0.42 B=0.39 C=0.51 D=0.19 | duty[%]: A=50.7 B=49.5 C=66.6 D=36.8 | spread=0.317 dir=1 r=2.000 rmax=2.000 rrate=0.00030
  11.71s  t=11534 phase=1 freq=67.1 | I[A]: A=0.60 B=0.58 C=0.61 D=0.33 | duty[%]: A=55.3 B=54.1 C=73.9 D=42.6 | spread=0.278 dir=1 r=2.000 rmax=2.000 rrate=0.00030
  12.22s  t=12035 phase=1 freq=74.6 | I[A]: A=0.60 B=0.66 C=0.73 D=0.43 | duty[%]: A=60.4 B=58.7 C=80.0 D=48.3 | spread=0.305 dir=1 r=2.000 rmax=2.000 rrate=0.00030
  12.72s  t=12536 phase=1 freq=82.2 | I[A]: A=0.77 B=0.79 C=0.79 D=0.57 | duty[%]: A=65.5 B=62.9 C=85.4 D=53.9 | spread=0.214 dir=1 r=2.000 rmax=2.000 rrate=0.00030
  13.22s  t=13036 phase=1 freq=89.9 | I[A]: A=0.90 B=0.94 C=0.96 D=0.71 | duty[%]: A=71.5 B=68.2 C=88.7 D=58.4 | spread=0.252 dir=1 r=2.000 rmax=2.000 rrate=0.00030
  13.72s  t=13536 phase=1 freq=97.7 | I[A]: A=1.03 B=1.02 C=1.18 D=0.95 | duty[%]: A=76.9 B=73.3 C=91.3 D=62.4 | spread=0.234 dir=1 r=2.000 rmax=2.000 rrate=0.00030
  14.22s  t=14037 phase=1 freq=105.5 | I[A]: A=1.26 B=1.29 C=1.38 D=1.22 | duty[%]: A=81.0 B=77.4 C=93.8 D=64.9 | spread=0.156 dir=1 r=2.000 rmax=2.000 rrate=0.00030
  14.72s  t=14537 phase=1 freq=113.3 | I[A]: A=1.50 B=1.53 C=1.64 D=1.56 | duty[%]: A=82.8 B=78.9 C=96.7 D=67.3 | spread=0.136 dir=1 r=2.000 rmax=2.000 rrate=0.00030
  15.22s  t=15038 phase=1 freq=121.1 | I[A]: A=1.87 B=1.88 C=1.85 D=1.88 | duty[%]: A=85.1 B=80.4 C=97.1 D=68.4 | spread=0.038 dir=1 r=2.000 rmax=2.000 rrate=0.00030
  15.72s  t=15539 phase=1 freq=128.8 | I[A]: A=2.10 B=2.13 C=2.02 D=2.27 | duty[%]: A=84.1 B=79.3 C=98.5 D=66.5 | spread=0.245 dir=1 r=2.000 rmax=2.000 rrate=0.00030
  16.22s  t=16039 phase=1 freq=136.4 | I[A]: A=2.32 B=2.33 C=2.27 D=2.56 | duty[%]: A=84.2 B=78.6 C=97.7 D=62.7 | spread=0.294 dir=1 r=2.000 rmax=2.000 rrate=0.00030
  16.72s  t=16539 phase=1 freq=143.9 | I[A]: A=2.47 B=2.45 C=2.42 D=2.67 | duty[%]: A=81.7 B=77.3 C=97.2 D=57.3 | spread=0.251 dir=1 r=2.000 rmax=2.000 rrate=0.00030
  17.22s  t=17040 phase=1 freq=151.1 | I[A]: A=2.55 B=2.49 C=2.43 D=2.75 | duty[%]: A=78.8 B=73.7 C=96.8 D=52.7 | spread=0.328 dir=1 r=2.000 rmax=2.000 rrate=0.00030
  17.72s  t=17540 phase=1 freq=158.1 | I[A]: A=2.59 B=2.51 C=2.31 D=2.64 | duty[%]: A=75.3 B=71.3 C=96.3 D=48.1 | spread=0.327 dir=1 r=2.000 rmax=2.000 rrate=0.00030
  18.22s  t=18041 phase=1 freq=164.9 | I[A]: A=2.15 B=2.63 C=2.58 D=2.39 | duty[%]: A=73.1 B=67.9 C=95.3 D=46.2 | spread=0.478 dir=1 r=2.000 rmax=2.000 rrate=0.00030
  18.72s  t=18541 phase=1 freq=171.3 | I[A]: A=2.36 B=2.22 C=2.29 D=2.46 | duty[%]: A=70.7 B=65.5 C=94.4 D=44.2 | spread=0.240 dir=1 r=2.000 rmax=2.000 rrate=0.00030
  19.22s  t=19042 phase=1 freq=177.4 | I[A]: A=2.22 B=2.19 C=2.23 D=2.26 | duty[%]: A=68.3 B=65.0 C=93.7 D=42.4 | spread=0.073 dir=1 r=2.000 rmax=2.000 rrate=0.00030
  19.72s  t=19542 phase=1 freq=183.0 | I[A]: A=2.11 B=2.11 C=2.07 D=2.06 | duty[%]: A=67.4 B=64.1 C=93.0 D=42.4 | spread=0.054 dir=1 r=2.000 rmax=2.000 rrate=0.00030
  20.22s  t=20043 phase=1 freq=188.3 | I[A]: A=2.00 B=2.02 C=1.97 D=1.99 | duty[%]: A=67.2 B=64.1 C=92.5 D=42.3 | spread=0.047 dir=1 r=2.000 rmax=2.000 rrate=0.00030
  20.72s  t=20543 phase=1 freq=193.1 | I[A]: A=1.96 B=1.95 C=1.98 D=1.90 | duty[%]: A=67.0 B=64.1 C=92.7 D=43.5 | spread=0.077 dir=1 r=2.000 rmax=2.000 rrate=0.00030
  21.23s  t=21044 phase=1 freq=197.3 | I[A]: A=1.83 B=1.96 C=1.83 D=1.84 | duty[%]: A=67.2 B=64.2 C=93.2 D=44.1 | spread=0.138 dir=1 r=2.000 rmax=2.000 rrate=0.00030
  21.73s  t=21544 phase=1 freq=201.0 | I[A]: A=1.85 B=1.83 C=1.84 D=1.78 | duty[%]: A=67.9 B=65.0 C=93.4 D=45.3 | spread=0.078 dir=1 r=2.000 rmax=2.000 rrate=0.00030
  22.23s  t=22044 phase=1 freq=204.2 | I[A]: A=1.78 B=1.80 C=1.75 D=1.70 | duty[%]: A=68.7 B=66.6 C=93.4 D=46.4 | spread=0.104 dir=1 r=2.000 rmax=2.000 rrate=0.00030
  22.73s  t=22545 phase=1 freq=206.7 | I[A]: A=1.71 B=1.74 C=1.83 D=1.74 | duty[%]: A=69.3 B=66.1 C=95.0 D=47.5 | spread=0.126 dir=1 r=2.000 rmax=2.000 rrate=0.00030
  23.23s  t=23045 phase=1 freq=208.5 | I[A]: A=1.76 B=1.78 C=1.82 D=1.74 | duty[%]: A=69.7 B=66.7 C=95.9 D=48.8 | spread=0.071 dir=1 r=2.000 rmax=2.000 rrate=0.00030
  23.73s  t=23546 phase=2 freq=209.6 | I[A]: A=1.82 B=1.85 C=1.78 D=1.74 | duty[%]: A=70.9 B=67.9 C=96.5 D=49.8 | spread=0.109 dir=1 r=2.000 rmax=2.000 rrate=0.00030
  24.23s  t=24046 phase=2 freq=210.0 | I[A]: A=1.85 B=1.88 C=1.82 D=1.75 | duty[%]: A=71.9 B=69.0 C=96.8 D=50.2 | spread=0.130 dir=1 r=2.000 rmax=2.000 rrate=0.00030
  24.73s  t=24547 phase=2 freq=210.0 | I[A]: A=1.85 B=1.86 C=1.84 D=1.93 | duty[%]: A=71.6 B=69.1 C=98.0 D=50.8 | spread=0.082 dir=1 r=2.000 rmax=2.000 rrate=0.00030
  25.23s  t=25047 phase=2 freq=210.0 | I[A]: A=1.87 B=1.82 C=1.88 D=1.86 | duty[%]: A=72.3 B=69.2 C=99.4 D=51.1 | spread=0.057 dir=1 r=2.000 rmax=2.000 rrate=0.00030
  25.73s  t=25547 phase=2 freq=210.0 | I[A]: A=1.86 B=1.85 C=1.86 D=1.79 | duty[%]: A=72.3 B=69.0 C=100.0 D=51.2 | spread=0.076 dir=1 r=2.000 rmax=2.000 rrate=0.00030
  26.23s  t=26048 phase=2 freq=210.0 | I[A]: A=1.85 B=1.80 C=1.85 D=1.89 | duty[%]: A=72.4 B=69.2 C=100.0 D=51.2 | spread=0.087 dir=1 r=2.000 rmax=2.000 rrate=0.00030
  26.73s  t=26548 phase=2 freq=210.0 | I[A]: A=1.81 B=1.86 C=1.84 D=1.80 | duty[%]: A=72.5 B=69.2 C=100.0 D=51.2 | spread=0.054 dir=1 r=2.000 rmax=2.000 rrate=0.00030
  27.23s  t=27049 phase=2 freq=210.0 | I[A]: A=1.92 B=1.90 C=1.83 D=1.82 | duty[%]: A=72.6 B=70.5 C=100.0 D=50.5 | spread=0.105 dir=1 r=2.000 rmax=2.000 rrate=0.00030
  27.73s  t=27549 phase=2 freq=210.0 | I[A]: A=1.88 B=1.88 C=1.84 D=1.90 | duty[%]: A=73.1 B=70.5 C=100.0 D=51.0 | spread=0.066 dir=1 r=2.000 rmax=2.000 rrate=0.00030
  28.23s  t=28050 phase=2 freq=210.0 | I[A]: A=1.82 B=1.81 C=1.83 D=1.84 | duty[%]: A=73.1 B=70.5 C=100.0 D=50.9 | spread=0.022 dir=1 r=2.000 rmax=2.000 rrate=0.00030
  28.73s  t=28550 phase=3 freq=210.0 | I[A]: A=1.72 B=1.74 C=1.74 D=1.58 | duty[%]: A=73.1 B=70.6 C=100.0 D=51.0 | spread=0.158 dir=1 r=2.000 rmax=2.000 rrate=0.00030
  29.23s  t=29051 phase=3 freq=210.0 | I[A]: A=0.05 B=0.04 C=0.42 D=0.00 | duty[%]: A=73.1 B=70.6 C=100.0 D=51.0 | spread=0.421 dir=1 r=2.000 rmax=2.000 rrate=0.00030
  29.67s  coils off
  29.73s  t=29552 phase=4 freq=210.0 | I[A]: A=0.00 B=0.00 C=0.00 D=0.00 | duty[%]: A=73.1 B=70.6 C=100.0 D=51.0 | spread=0.000 dir=1 r=2.000 rmax=2.000 rrate=0.00030
  30.23s  t=30053 phase=4 freq=210.0 | I[A]: A=0.00 B=0.00 C=0.00 D=0.00 | duty[%]: A=73.1 B=70.6 C=100.0 D=51.0 | spread=0.000 dir=1 r=2.000 rmax=2.000 rrate=0.00030
  30.74s  t=30553 phase=4 freq=210.0 | I[A]: A=0.00 B=0.00 C=0.00 D=0.00 | duty[%]: A=73.1 B=70.6 C=100.0 D=51.0 | spread=0.000 dir=1 r=2.000 rmax=2.000 rrate=0.00030
  31.24s  t=31053 phase=4 freq=210.0 | I[A]: A=0.00 B=0.00 C=0.00 D=0.00 | duty[%]: A=73.1 B=70.6 C=100.0 D=51.0 | spread=0.000 dir=1 r=2.000 rmax=2.000 rrate=0.00030
  31.74s  t=31554 phase=4 freq=210.0 | I[A]: A=0.00 B=0.00 C=0.00 D=0.00 | duty[%]: A=73.1 B=70.6 C=100.0 D=51.0 | spread=0.000 dir=1 r=2.000 rmax=2.000 rrate=0.00030
  32.24s  t=32055 phase=4 freq=210.0 | I[A]: A=0.00 B=0.00 C=0.00 D=0.00 | duty[%]: A=73.1 B=70.6 C=100.0 D=51.0 | spread=0.000 dir=1 r=2.000 rmax=2.000 rrate=0.00030
  32.74s  t=32555 phase=4 freq=210.0 | I[A]: A=0.00 B=0.00 C=0.00 D=0.00 | duty[%]: A=73.1 B=70.6 C=100.0 D=51.0 | spread=0.000 dir=1 r=2.000 rmax=2.000 rrate=0.00030
  33.24s  t=33055 phase=4 freq=210.0 | I[A]: A=0.00 B=0.00 C=0.00 D=0.00 | duty[%]: A=73.1 B=70.6 C=100.0 D=51.0 | spread=0.000 dir=1 r=2.000 rmax=2.000 rrate=0.00030
  33.74s  t=33556 phase=4 freq=210.0 | I[A]: A=0.00 B=0.00 C=0.00 D=0.00 | duty[%]: A=73.1 B=70.6 C=100.0 D=51.0 | spread=0.000 dir=1 r=2.000 rmax=2.000 rrate=0.00030
  34.24s  t=34057 phase=4 freq=210.0 | I[A]: A=0.00 B=0.00 C=0.00 D=0.00 | duty[%]: A=73.1 B=70.6 C=100.0 D=51.0 | spread=0.000 dir=1 r=2.000 rmax=2.000 rrate=0.00030
  34.74s  t=34558 phase=4 freq=210.0 | I[A]: A=0.00 B=0.00 C=0.00 D=0.00 | duty[%]: A=73.1 B=70.6 C=100.0 D=51.0 | spread=0.000 dir=1 r=2.000 rmax=2.000 rrate=0.00030
  35.24s  t=35059 phase=4 freq=210.0 | I[A]: A=0.00 B=0.00 C=0.00 D=0.00 | duty[%]: A=73.1 B=70.6 C=100.0 D=51.0 | spread=0.000 dir=1 r=2.000 rmax=2.000 rrate=0.00030
  35.74s  t=35560 phase=4 freq=210.0 | I[A]: A=0.00 B=0.00 C=0.00 D=0.00 | duty[%]: A=73.1 B=70.6 C=100.0 D=51.0 | spread=0.000 dir=1 r=2.000 rmax=2.000 rrate=0.00030
  36.24s  t=36060 phase=4 freq=210.0 | I[A]: A=0.00 B=0.00 C=0.00 D=0.00 | duty[%]: A=73.1 B=70.6 C=100.0 D=51.0 | spread=0.000 dir=1 r=2.000 rmax=2.000 rrate=0.00030
  36.74s  t=36560 phase=4 freq=210.0 | I[A]: A=0.00 B=0.00 C=0.00 D=0.00 | duty[%]: A=73.1 B=70.6 C=100.0 D=51.0 | spread=0.000 dir=1 r=2.000 rmax=2.000 rrate=0.00030
  37.24s  t=37061 phase=4 freq=210.0 | I[A]: A=0.00 B=0.00 C=0.00 D=0.00 | duty[%]: A=73.1 B=70.6 C=100.0 D=51.0 | spread=0.000 dir=1 r=2.000 rmax=2.000 rrate=0.00030
  37.74s  t=37562 phase=4 freq=210.0 | I[A]: A=0.00 B=0.00 C=0.00 D=0.00 | duty[%]: A=73.1 B=70.6 C=100.0 D=51.0 | spread=0.000 dir=1 r=2.000 rmax=2.000 rrate=0.00030
  38.24s  t=38062 phase=4 freq=210.0 | I[A]: A=0.00 B=0.00 C=0.00 D=0.00 | duty[%]: A=73.1 B=70.6 C=100.0 D=51.0 | spread=0.000 dir=1 r=2.000 rmax=2.000 rrate=0.00030
  38.74s  t=38562 phase=4 freq=210.0 | I[A]: A=0.00 B=0.00 C=0.00 D=0.00 | duty[%]: A=73.1 B=70.6 C=100.0 D=51.0 | spread=0.000 dir=1 r=2.000 rmax=2.000 rrate=0.00030
  39.25s  t=39063 phase=4 freq=210.0 | I[A]: A=0.00 B=0.00 C=0.00 D=0.00 | duty[%]: A=73.1 B=70.6 C=100.0 D=51.0 | spread=0.000 dir=1 r=2.000 rmax=2.000 rrate=0.00030
  39.75s  t=39564 phase=4 freq=210.0 | I[A]: A=0.00 B=0.00 C=0.00 D=0.00 | duty[%]: A=73.1 B=70.6 C=100.0 D=51.0 | spread=0.000 dir=1 r=2.000 rmax=2.000 rrate=0.00030
  40.25s  t=40065 phase=4 freq=210.0 | I[A]: A=0.00 B=0.00 C=0.00 D=0.00 | duty[%]: A=73.1 B=70.6 C=100.0 D=51.0 | spread=0.000 dir=1 r=2.000 rmax=2.000 rrate=0.00030
