   0.00s  2.000 rmax=2.000 rrate=0.00030
   0.00s  2.000 rmax=2.000 rrate=0.00030
   0.00s  2.000 rmax=2.000 rrate=0.00030
   0.00s  2.000 rmax=2.000 rrate=0.00030
   0.00s  2.000 rmax=2.000 rrate=0.00030
   0.00s  2.000 rmax=2.000 rrate=0.00030
   0.00s  2.000 rmax=2.000 rrate=0.00030
   0.00s  2.000 rmax=2.000 rrate=0.00030
   0.00s  2.000 rmax=2.000 rrate=0.00030
   0.00s  2.000 rmax=2.000 rrate=0.00030
   0.00s  2.000 rmax=2.000 rrate=0.00030
   0.00s  2.000 rmax=2.000 rrate=0.00030
   0.00s  2.000 rmax=2.000 rrate=0.00030
   0.00s  2.000 rmax=2.000 rrate=0.00030
   0.00s  2.000 rmax=2.000 rrate=0.00030
   0.00s  2.000 rmax=2.000 rrate=0.00030
   0.00s  2.000 rmax=2.000 rrate=0.00030
   0.00s  2.000 rmax=2.000 rrate=0.00030
   0.00s  2.000 rmax=2.000 rrate=0.00030
   0.00s  2.000 rmax=2.000 rrate=0.00030
   0.00s  2.000 rmax=2.000 rrate=0.00030
   0.00s  2.000 rmax=2.000 rrate=0.00030
   0.00s  2.000 rmax=2.000 rrate=0.00030
   0.00s  2.000 rmax=2.000 rrate=0.00030
   0.00s  2.000 rmax=2.000 rrate=0.00030
   0.00s  2.000 rmax=2.000 rrate=0.00030
   0.00s  2.000 rmax=2.000 rrate=0.00030
   0.00s  2.000 rmax=2.000 rrate=0.00030
   0.00s  2.000 rmax=2.000 rrate=0.00030
   0.00s  2.000 rmax=2.000 rrate=0.00030
   0.00s  2.000 rmax=2.000 rrate=0.00030
   0.00s  2.000 rmax=2.000 rrate=0.00030
   0.00s  2.000 rmax=2.000 rrate=0.00030
   0.00s  2.000 rmax=2.000 rrate=0.00030
   0.00s  2.000 rmax=2.000 rrate=0.00030
   0.00s  2.000 rmax=2.000 rrate=0.00030
   0.00s  2.000 rmax=2.000 rrate=0.00030
   0.00s  2.000 rmax=2.000 rrate=0.00030
   0.00s  2.000 rmax=2.000 rrate=0.00030
   0.00s  2.000 rmax=2.000 rrate=0.00030
   0.00s  2.000 rmax=2.000 rrate=0.00030
   0.00s  2.000 rmax=2.000 rrate=0.00030
   0.00s  2.000 rmax=2.000 rrate=0.00030
   0.00s  2.000 rmax=2.000 rrate=0.00030
   0.00s  2.000 rmax=2.000 rrate=0.00030
   0.00s  2.000 rmax=2.000 rrate=0.00030
   0.00s  2.000 rmax=2.000 rrate=0.00030
   0.00s  2.000 rmax=2.000 rrate=0.00030
   0.00s  2.000 rmax=2.000 rrate=0.00030
   0.00s  2.000 rmax=2.000 rrate=0.00030
   0.00s  2.000 rmax=2.000 rrate=0.00030
   0.00s  2.000 rmax=2.000 rrate=0.00030
   0.00s  2.000 rmax=2.000 rrate=0.00030
   0.00s  2.000 rmax=2.000 rrate=0.00030
   0.00s  2.000 rmax=2.000 rrate=0.00030
   0.00s  2.000 rmax=2.000 rrate=0.00030
   0.00s  2.000 rmax=2.000 rrate=0.00030
   0.00s  2.000 rmax=2.000 rrate=0.00030
   0.00s  2.000 rmax=2.000 rrate=0.00030
   0.00s  2.000 rmax=2.000 rrate=0.00030
   0.00s  2.000 rmax=2.000 rrate=0.00030
   0.00s  2.000 rmax=2.000 rrate=0.00030
   0.00s  2.000 rmax=2.000 rrate=0.00030
   0.00s  2.000 rmax=2.000 rrate=0.00030
   0.00s  2.000 rmax=2.000 rrate=0.00030
   0.00s  2.000 rmax=2.000 rrate=0.00030
   0.00s  2.000 rmax=2.000 rrate=0.00030
   0.00s  2.000 rmax=2.000 rrate=0.00030
   0.00s  2.000 rmax=2.000 rrate=0.00030
   0.00s  2.000 rmax=2.000 rrate=0.00030
   0.00s  2.000 rmax=2.000 rrate=0.00030
   0.00s  2.000 rmax=2.000 rrate=0.00030
   0.01s  2.000 rmax=2.000 rrate=0.00030
   0.01s  2.000 rmax=2.000 rrate=0.00030
   0.01s  2.000 rmax=2.000 rrate=0.00030
   0.01s  2.000 rmax=2.000 rrate=0.00030
   0.01s  2.000 rmax=2.000 rrate=0.00030
   0.01s  2.000 rmax=2.000 rrate=0.00030
   0.01s  2.000 rmax=2.000 rrate=0.00030
   0.01s  2.000 rmax=2.000 rrate=0.00030
   0.01s  2.000 rmax=2.000 rrate=0.00030
   0.01s  2.000 rmax=2.000 rrate=0.00030
   0.01s  2.000 rmax=2.000 rrate=0.00030
   0.01s  2.000 rmax=2.000 rrate=0.00030
   0.01s  2.000 rmax=2.000 rrate=0.00030
   0.01s  2.000 rmax=2.000 rrate=0.00030
   0.01s  2.000 rmax=2.000 rrate=0.00030
   0.01s  2.000 rmax=2.000 rrate=0.00030
   0.01s  2.000 rmax=2.000 rrate=0.00030
   0.01s  2.000 rmax=2.000 rrate=0.00030
   0.01s  2.000 rmax=2.000 rrate=0.00030
   0.01s  2.000 rmax=2.000 rrate=0.00030
   0.01s  2.000 rmax=2.000 rrate=0.00030
   0.01s  2.000 rmax=2.000 rrate=0.00030
   0.01s  2.000 rmax=2.000 rrate=0.00030
   0.01s  2.000 rmax=2.000 rrate=0.00030
   0.01s  2.000 rmax=2.000 rrate=0.00030
   0.01s  2.000 rmax=2.000 rrate=0.00030
   0.01s  2.000 rmax=2.000 rrate=0.00030
   0.01s  2.000 rmax=2.000 rrate=0.00030
   0.01s  2.000 rmax=2.000 rrate=0.00030
   0.01s  2.000 rmax=2.000 rrate=0.00030
   0.01s  2.000 rmax=2.000 rrate=0.00030
   0.01s  2.000 rmax=2.000 rrate=0.00030
   0.01s  2.000 rmax=2.000 rrate=0.00030
   0.01s  2.000 rmax=2.000 rrate=0.00030
   0.01s  2.000 rmax=2.000 rrate=0.00030
   0.01s  2.000 rmax=2.000 rrate=0.00030
   0.01s  2.000 rmax=2.000 rrate=0.00030
   0.01s  2.000 rmax=2.000 rrate=0.00030
   0.01s  2.000 rmax=2.000 rrate=0.00030
   0.01s  2.000 rmax=2.000 rrate=0.00030
   0.01s  2.000 rmax=2.000 rrate=0.00030
   0.01s  2.000 rmax=2.000 rrate=0.00030
   0.01s  2.000 rmax=2.000 rrate=0.00030
   0.01s  2.000 rmax=2.000 rrate=0.00030
   0.01s  2.000 rmax=2.000 rrate=0.00030
   0.01s  2.000 rmax=2.000 rrate=0.00030
   0.01s  2.000 rmax=2.000 rrate=0.00030
   0.01s  2.000 rmax=2.000 rrate=0.00030
   0.01s  2.000 rmax=2.000 rrate=0.00030
   0.01s  2.000 rmax=2.000 rrate=0.00030
   0.01s  2.000 rmax=2.000 rrate=0.00030
   0.01s  2.000 rmax=2.000 rrate=0.00030
   0.01s  2.000 rmax=2.000 rrate=0.00030
   0.01s  2.000 rmax=2.000 rrate=0.00030
   0.01s  2.000 rmax=2.000 rrate=0.00030
   0.01s  2.000 rmax=2.000 rrate=0.00030
   0.01s  2.000 rmax=2.000 rrate=0.00030
   0.01s  2.000 rmax=2.000 rrate=0.00030
   0.01s  2.000 rmax=2.000 rrate=0.00030
   0.01s  ets Jul 29 2019 12:21:46
   0.01s  
   0.01s  rst:0x1 (POWERON_RESET),boot:0x13 (SPI_FAST_FLASH_BOOT)
   0.01s  configsip: 0, SPIWP:0xee
   0.02s  clk_drv:0x00,q_drv:0x00,d_drv:0x00,cs0_drv:0x00,hd_drv:0x00,wp_drv:0x00
   0.02s  mode:DIO, clock div:2
   0.02s  load:0x3fff0030,len:1184
   0.03s  load:0x40078000,len:13232
   0.03s  load:0x40080400,len:3028
   0.03s  entry 0x400805e4
   1.20s  state_space: arming 3s, then autonomous 1->210Hz ramp + LQR, bounded run
   1.21s  commands: dir=cw|ccw  rmax=/rrate=<val>  gains?
   1.21s  direction=CW
   1.22s  t=1031 phase=0 freq=1.0 | I[A]: A=0.00 B=0.00 C=0.00 D=0.00 | duty[%]: A=50.0 B=50.0 C=50.0 D=50.0 | spread=0.000 dir=0 r=0.000 rmax=8.000 rrate=0.00030
   1.22s  R_MAX=2.000 R_RAMP=0.00030
   1.71s  t=1531 phase=0 freq=1.0 | I[A]: A=0.00 B=0.00 C=0.00 D=0.00 | duty[%]: A=50.0 B=50.0 C=50.0 D=50.0 | spread=0.000 dir=0 r=0.000 rmax=2.000 rrate=0.00030
   2.21s  t=2031 phase=0 freq=1.0 | I[A]: A=0.00 B=0.00 C=0.00 D=0.00 | duty[%]: A=50.0 B=50.0 C=50.0 D=50.0 | spread=0.000 dir=0 r=0.000 rmax=2.000 rrate=0.00030
   2.71s  t=2531 phase=0 freq=1.0 | I[A]: A=0.00 B=0.00 C=0.00 D=0.00 | duty[%]: A=50.0 B=50.0 C=50.0 D=50.0 | spread=0.000 dir=0 r=0.000 rmax=2.000 rrate=0.00030
   3.21s  t=3031 phase=0 freq=1.0 | I[A]: A=0.00 B=0.00 C=0.00 D=0.00 | duty[%]: A=50.0 B=50.0 C=50.0 D=50.0 | spread=0.000 dir=0 r=0.000 rmax=2.000 rrate=0.00030
   3.71s  t=3531 phase=0 freq=1.0 | I[A]: A=0.00 B=0.00 C=0.00 D=0.00 | duty[%]: A=50.0 B=50.0 C=50.0 D=50.0 | spread=0.000 dir=0 r=0.000 rmax=2.000 rrate=0.00030
   4.20s  ARMED -> ramping
   4.21s  t=4031 phase=1 freq=1.0 | I[A]: A=0.00 B=0.00 C=0.00 D=0.00 | duty[%]: A=0.0 B=0.0 C=0.0 D=0.0 | spread=0.000 dir=0 r=0.000 rmax=2.000 rrate=0.00030
   4.71s  t=4531 phase=1 freq=1.3 | I[A]: A=0.00 B=0.00 C=0.00 D=0.00 | duty[%]: A=5.0 B=5.0 C=5.0 D=5.0 | spread=0.000 dir=0 r=0.135 rmax=2.000 rrate=0.00030
   5.21s  t=5032 phase=1 freq=2.5 | I[A]: A=0.00 B=0.00 C=0.00 D=0.00 | duty[%]: A=5.0 B=5.0 C=5.0 D=5.0 | spread=0.000 dir=0 r=0.285 rmax=2.000 rrate=0.00030
   5.71s  t=5532 phase=1 freq=4.4 | I[A]: A=0.00 B=0.00 C=0.00 D=0.00 | duty[%]: A=5.0 B=5.0 C=5.0 D=5.0 | spread=0.000 dir=0 r=0.435 rmax=2.000 rrate=0.00030
   6.21s  t=6033 phase=1 freq=6.9 | I[A]: A=0.00 B=0.00 C=0.00 D=0.00 | duty[%]: A=5.0 B=5.0 C=5.0 D=8.0 | spread=0.000 dir=0 r=0.585 rmax=2.000 rrate=0.00030
   6.71s  t=6533 phase=1 freq=10.0 | I[A]: A=0.00 B=0.00 C=0.00 D=0.00 | duty[%]: A=5.7 B=5.1 C=5.0 D=12.3 | spread=0.000 dir=0 r=0.735 rmax=2.000 rrate=0.00030
   7.21s  t=7033 phase=1 freq=13.7 | I[A]: A=0.00 B=0.00 C=0.00 D=0.00 | duty[%]: A=8.0 B=7.1 C=5.0 D=17.5 | spread=0.000 dir=0 r=0.885 rmax=2.000 rrate=0.00030
   7.71s  t=7533 phase=1 freq=18.0 | I[A]: A=0.00 B=0.00 C=0.00 D=0.00 | duty[%]: A=10.6 B=9.4 C=5.6 D=23.6 | spread=0.000 dir=0 r=1.035 rmax=2.000 rrate=0.00030
   8.21s  t=8033 phase=1 freq=22.7 | I[A]: A=0.00 B=0.00 C=0.00 D=0.02 | duty[%]: A=13.7 B=12.2 C=7.1 D=30.5 | spread=0.019 dir=0 r=1.185 rmax=2.000 rrate=0.00030
   8.72s  t=8534 phase=1 freq=28.0 | I[A]: A=0.00 B=0.00 C=0.00 D=0.06 | duty[%]: A=17.8 B=16.0 C=9.0 D=37.6 | spread=0.060 dir=0 r=1.335 rmax=2.000 rrate=0.00030
   9.22s  t=9035 phase=1 freq=33.7 | I[A]: A=0.01 B=0.00 C=0.00 D=0.17 | duty[%]: A=23.3 B=21.0 C=11.4 D=44.4 | spread=0.171 dir=0 r=1.485 rmax=2.000 rrate=0.00030
   9.72s  t=9535 phase=1 freq=39.7 | I[A]: A=0.05 B=0.04 C=0.00 D=0.29 | duty[%]: A=30.1 B=27.6 C=14.7 D=50.9 | spread=0.286 dir=0 r=1.635 rmax=2.000 rrate=0.00030
  10.22s  t=10036 phase=1 freq=46.1 | I[A]: A=0.15 B=0.12 C=0.00 D=0.38 | duty[%]: A=37.0 B=34.5 C=19.2 D=57.6 | spread=0.378 dir=0 r=1.785 rmax=2.000 rrate=0.00030
  10.72s  t=10536 phase=1 freq=52.9 | I[A]: A=0.24 B=0.21 C=0.01 D=0.40 | duty[%]: A=43.5 B=41.3 C=25.3 D=64.8 | spread=0.388 dir=0 r=1.935 rmax=2.000 rrate=0.00030
  11.22s  t=11037 phase=1 freq=59.9 | I[A]: A=0.42 B=0.40 C=0.10 D=0.46 | duty[%]: A=49.6 B=47.3 C=32.0 D=72.4 | spread=0.359 dir=0 r=2.000 rmax=2.000 rrate=0.00030
  11.72s  t=11538 phase=1 freq=67.1 | I[A]: A=0.48 B=0.54 C=0.26 D=0.68 | duty[%]: A=54.7 B=52.4 C=38.8 D=79.6 | spread=0.428 dir=0 r=2.000 rmax=2.000 rrate=0.00030
  12.22s  t=12038 phase=1 freq=74.6 | I[A]: A=0.65 B=0.64 C=0.44 D=0.79 | duty[%]: A=60.7 B=58.3 C=45.0 D=84.7 | spread=0.351 dir=0 r=2.000 rmax=2.000 rrate=0.00030
  12.72s  t=12538 phase=1 freq=82.2 | I[A]: A=0.73 B=0.76 C=0.56 D=0.88 | duty[%]: A=65.9 B=63.2 C=50.9 D=89.9 | spread=0.319 dir=0 r=2.000 rmax=2.000 rrate=0.00030
  13.22s  t=13039 phase=1 freq=89.9 | I[A]: A=0.87 B=0.89 C=0.74 D=1.06 | duty[%]: A=71.0 B=68.0 C=55.8 D=94.4 | spread=0.322 dir=0 r=2.000 rmax=2.000 rrate=0.00030
  13.72s  t=13539 phase=1 freq=97.7 | I[A]: A=1.06 B=1.04 C=0.95 D=1.26 | duty[%]: A=74.9 B=71.8 C=60.8 D=98.4 | spread=0.314 dir=0 r=2.000 rmax=2.000 rrate=0.00030
  14.22s  t=14039 phase=1 freq=105.5 | I[A]: A=1.20 B=1.22 C=1.14 D=1.39 | duty[%]: A=76.7 B=73.1 C=63.0 D=100.0 | spread=0.254 dir=0 r=2.000 rmax=2.000 rrate=0.00030
  14.72s  t=14539 phase=1 freq=113.3 | I[A]: A=1.53 B=1.52 C=1.39 D=1.62 | duty[%]: A=78.6 B=74.8 C=64.0 D=100.0 | spread=0.230 dir=0 r=2.000 rmax=2.000 rrate=0.00030
  15.22s  t=15039 phase=1 freq=121.1 | I[A]: A=1.83 B=1.78 C=1.83 D=1.98 | duty[%]: A=81.2 B=77.5 C=64.9 D=99.1 | spread=0.205 dir=0 r=2.000 rmax=2.000 rrate=0.00030
  15.72s  t=15540 phase=1 freq=128.8 | I[A]: A=2.13 B=2.20 C=2.14 D=2.19 | duty[%]: A=83.9 B=80.4 C=64.2 D=97.1 | spread=0.071 dir=0 r=2.000 rmax=2.000 rrate=0.00030
  16.22s  t=16040 phase=1 freq=136.4 | I[A]: A=2.36 B=2.38 C=2.48 D=2.23 | duty[%]: A=82.6 B=79.5 C=62.1 D=96.6 | spread=0.250 dir=0 r=2.000 rmax=2.000 rrate=0.00030
  16.72s  t=16540 phase=1 freq=143.9 | I[A]: A=2.54 B=2.63 C=2.55 D=2.30 | duty[%]: A=80.8 B=77.8 C=57.1 D=95.5 | spread=0.329 dir=0 r=2.000 rmax=2.000 rrate=0.00030
  17.22s  t=17040 phase=1 freq=151.1 | I[A]: A=2.62 B=2.59 C=2.71 D=2.46 | duty[%]: A=76.7 B=74.1 C=53.4 D=95.7 | spread=0.254 dir=0 r=2.000 rmax=2.000 rrate=0.00030
  17.72s  t=17540 phase=1 freq=158.1 | I[A]: A=2.58 B=2.53 C=2.63 D=2.38 | duty[%]: A=73.5 B=71.8 C=48.8 D=94.3 | spread=0.251 dir=0 r=2.000 rmax=2.000 rrate=0.00030
  18.22s  t=18041 phase=1 freq=164.9 | I[A]: A=2.37 B=2.26 C=2.49 D=2.51 | duty[%]: A=70.5 B=69.3 C=45.5 D=93.2 | spread=0.246 dir=0 r=2.000 rmax=2.000 rrate=0.00030
  18.72s  t=18541 phase=1 freq=171.3 | I[A]: A=2.23 B=2.34 C=2.54 D=2.29 | duty[%]: A=67.2 B=66.4 C=44.1 D=93.1 | spread=0.306 dir=0 r=2.000 rmax=2.000 rrate=0.00030
  19.22s  t=19042 phase=1 freq=177.4 | I[A]: A=2.21 B=2.22 C=2.26 D=2.28 | duty[%]: A=66.0 B=65.8 C=42.6 D=91.8 | spread=0.065 dir=0 r=2.000 rmax=2.000 rrate=0.00030
  19.72s  t=19542 phase=1 freq=183.0 | I[A]: A=2.06 B=2.06 C=2.15 D=2.10 | duty[%]: A=65.3 B=64.1 C=42.9 D=91.3 | spread=0.095 dir=0 r=2.000 rmax=2.000 rrate=0.00030
  20.22s  t=20043 phase=1 freq=188.3 | I[A]: A=2.03 B=1.97 C=2.00 D=1.99 | duty[%]: A=65.1 B=64.0 C=42.5 D=91.2 | spread=0.053 dir=0 r=2.000 rmax=2.000 rrate=0.00030
  20.72s  t=20543 phase=1 freq=193.1 | I[A]: A=1.96 B=1.96 C=1.89 D=2.02 | duty[%]: A=64.6 B=64.5 C=43.2 D=91.2 | spread=0.127 dir=0 r=2.000 rmax=2.000 rrate=0.00030
  21.22s  t=21043 phase=1 freq=197.3 | I[A]: A=1.86 B=1.91 C=1.81 D=1.87 | duty[%]: A=64.9 B=64.8 C=44.2 D=91.5 | spread=0.095 dir=0 r=2.000 rmax=2.000 rrate=0.00030
  21.72s  t=21543 phase=1 freq=201.0 | I[A]: A=1.80 B=1.81 C=1.73 D=1.86 | duty[%]: A=66.2 B=65.0 C=44.5 D=92.2 | spread=0.131 dir=0 r=2.000 rmax=2.000 rrate=0.00030
  22.22s  t=22043 phase=1 freq=204.2 | I[A]: A=1.77 B=1.75 C=1.74 D=1.82 | duty[%]: A=66.7 B=65.3 C=46.2 D=93.3 | spread=0.070 dir=0 r=2.000 rmax=2.000 rrate=0.00030
  22.73s  t=22544 phase=1 freq=206.7 | I[A]: A=1.87 B=1.84 C=1.67 D=1.79 | duty[%]: A=66.9 B=66.6 C=46.6 D=94.5 | spread=0.201 dir=0 r=2.000 rmax=2.000 rrate=0.00030
  23.23s  t=23044 phase=1 freq=208.5 | I[A]: A=1.80 B=1.86 C=1.64 D=1.80 | duty[%]: A=67.8 B=67.4 C=47.7 D=95.4 | spread=0.217 dir=0 r=2.000 rmax=2.000 rrate=0.00030
  23.73s  t=23544 phase=2 freq=209.6 | I[A]: A=1.81 B=1.77 C=1.68 D=1.78 | duty[%]: A=68.2 B=68.2 C=48.8 D=96.4 | spread=0.132 dir=0 r=2.000 rmax=2.000 rrate=0.00030
  24.23s  t=24044 phase=2 freq=210.0 | I[A]: A=1.79 B=1.87 C=1.75 D=1.90 | duty[%]: A=69.1 B=69.2 C=50.2 D=96.8 | spread=0.148 dir=0 r=2.000 rmax=2.000 rrate=0.00030
  24.73s  t=24545 phase=2 freq=210.0 | I[A]: A=1.93 B=1.88 C=1.77 D=1.88 | duty[%]: A=70.0 B=69.3 C=50.7 D=97.4 | spread=0.158 dir=0 r=2.000 rmax=2.000 rrate=0.00030
  25.23s  t=25045 phase=2 freq=210.0 | I[A]: A=1.95 B=1.83 C=1.84 D=1.91 | duty[%]: A=70.0 B=69.5 C=51.5 D=98.6 | spread=0.123 dir=0 r=2.000 rmax=2.000 rrate=0.00030
  25.73s  t=25545 phase=2 freq=210.0 | I[A]: A=1.90 B=1.84 C=1.91 D=1.88 | duty[%]: A=70.5 B=70.2 C=52.2 D=99.1 | spread=0.073 dir=0 r=2.000 rmax=2.000 rrate=0.00030
  26.23s  t=26045 phase=2 freq=210.0 | I[A]: A=1.89 B=1.85 C=1.95 D=1.86 | duty[%]: A=70.7 B=70.0 C=52.6 D=99.9 | spread=0.097 dir=0 r=2.000 rmax=2.000 rrate=0.00030
  26.73s  t=26546 phase=2 freq=210.0 | I[A]: A=1.88 B=1.90 C=1.90 D=1.84 | duty[%]: A=70.5 B=70.1 C=53.6 D=100.0 | spread=0.055 dir=0 r=2.000 rmax=2.000 rrate=0.00030
  27.23s  t=27047 phase=2 freq=210.0 | I[A]: A=1.90 B=1.96 C=1.91 D=1.87 | duty[%]: A=70.2 B=70.9 C=52.7 D=100.0 | spread=0.088 dir=0 r=2.000 rmax=2.000 rrate=0.00030
  27.73s  t=27547 phase=2 freq=210.0 | I[A]: A=1.90 B=1.85 C=1.93 D=1.87 | duty[%]: A=70.2 B=71.1 C=52.6 D=100.0 | spread=0.073 dir=0 r=2.000 rmax=2.000 rrate=0.00030
  28.23s  t=28048 phase=2 freq=210.0 | I[A]: A=1.83 B=1.91 C=1.94 D=1.84 | duty[%]: A=70.4 B=70.9 C=52.7 D=100.0 | spread=0.110 dir=0 r=2.000 rmax=2.000 rrate=0.00030
  28.73s  t=28548 phase=3 freq=210.0 | I[A]: A=1.71 B=1.74 C=1.75 D=1.81 | duty[%]: A=70.4 B=71.1 C=52.8 D=100.0 | spread=0.101 dir=0 r=2.000 rmax=2.000 rrate=0.00030
  29.23s  t=29048 phase=3 freq=210.0 | I[A]: A=0.02 B=0.03 C=0.00 D=0.39 | duty[%]: A=70.4 B=71.1 C=52.8 D=100.0 | spread=0.390 dir=0 r=2.000 rmax=2.000 rrate=0.00030
  29.66s  coils off
  29.73s  t=29548 phase=4 freq=210.0 | I[A]: A=0.00 B=0.00 C=0.00 D=0.00 | duty[%]: A=70.4 B=71.1 C=52.8 D=100.0 | spread=0.000 dir=0 r=2.000 rmax=2.000 rrate=0.00030
  30.23s  t=30048 phase=4 freq=210.0 | I[A]: A=0.00 B=0.00 C=0.00 D=0.00 | duty[%]: A=70.4 B=71.1 C=52.8 D=100.0 | spread=0.000 dir=0 r=2.000 rmax=2.000 rrate=0.00030
  30.73s  t=30549 phase=4 freq=210.0 | I[A]: A=0.00 B=0.00 C=0.00 D=0.00 | duty[%]: A=70.4 B=71.1 C=52.8 D=100.0 | spread=0.000 dir=0 r=2.000 rmax=2.000 rrate=0.00030
  31.23s  t=31049 phase=4 freq=210.0 | I[A]: A=0.00 B=0.00 C=0.00 D=0.00 | duty[%]: A=70.4 B=71.1 C=52.8 D=100.0 | spread=0.000 dir=0 r=2.000 rmax=2.000 rrate=0.00030
  31.73s  t=31549 phase=4 freq=210.0 | I[A]: A=0.00 B=0.00 C=0.00 D=0.00 | duty[%]: A=70.4 B=71.1 C=52.8 D=100.0 | spread=0.000 dir=0 r=2.000 rmax=2.000 rrate=0.00030
  32.23s  t=32050 phase=4 freq=210.0 | I[A]: A=0.00 B=0.00 C=0.00 D=0.00 | duty[%]: A=70.4 B=71.1 C=52.8 D=100.0 | spread=0.000 dir=0 r=2.000 rmax=2.000 rrate=0.00030
  32.73s  t=32550 phase=4 freq=210.0 | I[A]: A=0.00 B=0.00 C=0.00 D=0.00 | duty[%]: A=70.4 B=71.1 C=52.8 D=100.0 | spread=0.000 dir=0 r=2.000 rmax=2.000 rrate=0.00030
  33.23s  t=33050 phase=4 freq=210.0 | I[A]: A=0.00 B=0.00 C=0.00 D=0.00 | duty[%]: A=70.4 B=71.1 C=52.8 D=100.0 | spread=0.000 dir=0 r=2.000 rmax=2.000 rrate=0.00030
  33.73s  t=33551 phase=4 freq=210.0 | I[A]: A=0.00 B=0.00 C=0.00 D=0.00 | duty[%]: A=70.4 B=71.1 C=52.8 D=100.0 | spread=0.000 dir=0 r=2.000 rmax=2.000 rrate=0.00030
  34.23s  t=34051 phase=4 freq=210.0 | I[A]: A=0.00 B=0.00 C=0.00 D=0.00 | duty[%]: A=70.4 B=71.1 C=52.8 D=100.0 | spread=0.000 dir=0 r=2.000 rmax=2.000 rrate=0.00030
  34.73s  t=34551 phase=4 freq=210.0 | I[A]: A=0.00 B=0.00 C=0.00 D=0.00 | duty[%]: A=70.4 B=71.1 C=52.8 D=100.0 | spread=0.000 dir=0 r=2.000 rmax=2.000 rrate=0.00030
  35.23s  t=35052 phase=4 freq=210.0 | I[A]: A=0.00 B=0.00 C=0.00 D=0.00 | duty[%]: A=70.4 B=71.1 C=52.8 D=100.0 | spread=0.000 dir=0 r=2.000 rmax=2.000 rrate=0.00030
  35.73s  t=35553 phase=4 freq=210.0 | I[A]: A=0.00 B=0.00 C=0.00 D=0.00 | duty[%]: A=70.4 B=71.1 C=52.8 D=100.0 | spread=0.000 dir=0 r=2.000 rmax=2.000 rrate=0.00030
  36.24s  t=36054 phase=4 freq=210.0 | I[A]: A=0.00 B=0.00 C=0.00 D=0.00 | duty[%]: A=70.4 B=71.1 C=52.8 D=100.0 | spread=0.000 dir=0 r=2.000 rmax=2.000 rrate=0.00030
  36.74s  t=36554 phase=4 freq=210.0 | I[A]: A=0.00 B=0.00 C=0.00 D=0.00 | duty[%]: A=70.4 B=71.1 C=52.8 D=100.0 | spread=0.000 dir=0 r=2.000 rmax=2.000 rrate=0.00030
  37.24s  t=37054 phase=4 freq=210.0 | I[A]: A=0.00 B=0.00 C=0.00 D=0.00 | duty[%]: A=70.4 B=71.1 C=52.8 D=100.0 | spread=0.000 dir=0 r=2.000 rmax=2.000 rrate=0.00030
  37.74s  t=37555 phase=4 freq=210.0 | I[A]: A=0.00 B=0.00 C=0.00 D=0.00 | duty[%]: A=70.4 B=71.1 C=52.8 D=100.0 | spread=0.000 dir=0 r=2.000 rmax=2.000 rrate=0.00030
  38.24s  t=38056 phase=4 freq=210.0 | I[A]: A=0.00 B=0.00 C=0.00 D=0.00 | duty[%]: A=70.4 B=71.1 C=52.8 D=100.0 | spread=0.000 dir=0 r=2.000 rmax=2.000 rrate=0.00030
  38.74s  t=38556 phase=4 freq=210.0 | I[A]: A=0.00 B=0.00 C=0.00 D=0.00 | duty[%]: A=70.4 B=71.1 C=52.8 D=100.0 | spread=0.000 dir=0 r=2.000 rmax=2.000 rrate=0.00030
  39.24s  t=39056 phase=4 freq=210.0 | I[A]: A=0.00 B=0.00 C=0.00 D=0.00 | duty[%]: A=70.4 B=71.1 C=52.8 D=100.0 | spread=0.000 dir=0 r=2.000 rmax=2.000 rrate=0.00030
  39.74s  t=39557 phase=4 freq=210.0 | I[A]: A=0.00 B=0.00 C=0.00 D=0.00 | duty[%]: A=70.4 B=71.1 C=52.8 D=100.0 | spread=0.000 dir=0 r=2.000 rmax=2.000 rrate=0.00030
  40.24s  t=40057 phase=4 freq=210.0 | I[A]: A=0.00 B=0.00 C=0.00 D=0.00 | duty[%]: A=70.4 B=71.1 C=52.8 D=100.0 | spread=0.000 dir=0 r=2.000 rmax=2.000 rrate=0.00030
