   0.00s  00 rmax=1.000 rrate=0.00030
   0.00s  00 rmax=1.000 rrate=0.00030
   0.00s  00 rmax=1.000 rrate=0.00030
   0.00s  00 rmax=1.000 rrate=0.00030
   0.00s  00 rmax=1.000 rrate=0.00030
   0.00s  00 rmax=1.000 rrate=0.00030
   0.00s  00 rmax=1.000 rrate=0.00030
   0.00s  00 rmax=1.000 rrate=0.00030
   0.00s  00 rmax=1.000 rrate=0.00030
   0.00s  00 rmax=1.000 rrate=0.00030
   0.00s  00 rmax=1.000 rrate=0.00030
   0.00s  00 rmax=1.000 rrate=0.00030
   0.00s  00 rmax=1.000 rrate=0.00030
   0.00s  00 rmax=1.000 rrate=0.00030
   0.00s  00 rmax=1.000 rrate=0.00030
   0.00s  00 rmax=1.000 rrate=0.00030
   0.00s  00 rmax=1.000 rrate=0.00030
   0.00s  00 rmax=1.000 rrate=0.00030
   0.00s  00 rmax=1.000 rrate=0.00030
   0.00s  00 rmax=1.000 rrate=0.00030
   0.00s  00 rmax=1.000 rrate=0.00030
   0.00s  00 rmax=1.000 rrate=0.00030
   0.00s  00 rmax=1.000 rrate=0.00030
   0.00s  00 rmax=1.000 rrate=0.00030
   0.00s  00 rmax=1.000 rrate=0.00030
   0.00s  00 rmax=1.000 rrate=0.00030
   0.00s  00 rmax=1.000 rrate=0.00030
   0.00s  00 rmax=1.000 rrate=0.00030
   0.00s  00 rmax=1.000 rrate=0.00030
   0.00s  00 rmax=1.000 rrate=0.00030
   0.00s  00 rmax=1.000 rrate=0.00030
   0.00s  00 rmax=1.000 rrate=0.00030
   0.00s  00 rmax=1.000 rrate=0.00030
   0.00s  00 rmax=1.000 rrate=0.00030
   0.00s  00 rmax=1.000 rrate=0.00030
   0.00s  00 rmax=1.000 rrate=0.00030
   0.00s  00 rmax=1.000 rrate=0.00030
   0.00s  00 rmax=1.000 rrate=0.00030
   0.00s  00 rmax=1.000 rrate=0.00030
   0.00s  00 rmax=1.000 rrate=0.00030
   0.00s  00 rmax=1.000 rrate=0.00030
   0.00s  00 rmax=1.000 rrate=0.00030
   0.00s  00 rmax=1.000 rrate=0.00030
   0.00s  00 rmax=1.000 rrate=0.00030
   0.00s  00 rmax=1.000 rrate=0.00030
   0.00s  00 rmax=1.000 rrate=0.00030
   0.00s  00 rmax=1.000 rrate=0.00030
   0.00s  00 rmax=1.000 rrate=0.00030
   0.00s  00 rmax=1.000 rrate=0.00030
   0.00s  00 rmax=1.000 rrate=0.00030
   0.00s  00 rmax=1.000 rrate=0.00030
   0.00s  00 rmax=1.000 rrate=0.00030
   0.00s  00 rmax=1.000 rrate=0.00030
   0.00s  00 rmax=1.000 rrate=0.00030
   0.00s  00 rmax=1.000 rrate=0.00030
   0.00s  00 rmax=1.000 rrate=0.00030
   0.00s  00 rmax=1.000 rrate=0.00030
   0.00s  00 rmax=1.000 rrate=0.00030
   0.00s  00 rmax=1.000 rrate=0.00030
   0.00s  00 rmax=1.000 rrate=0.00030
   0.00s  00 rmax=1.000 rrate=0.00030
   0.00s  00 rmax=1.000 rrate=0.00030
   0.00s  00 rmax=1.000 rrate=0.00030
   0.00s  00 rmax=1.000 rrate=0.00030
   0.00s  00 rmax=1.000 rrate=0.00030
   0.00s  00 rmax=1.000 rrate=0.00030
   0.00s  00 rmax=1.000 rrate=0.00030
   0.00s  00 rmax=1.000 rrate=0.00030
   0.00s  00 rmax=1.000 rrate=0.00030
   0.00s  00 rmax=1.000 rrate=0.00030
   0.00s  00 rmax=1.000 rrate=0.00030
   0.00s  00 rmax=1.000 rrate=0.00030
   0.00s  00 rmax=1.000 rrate=0.00030
   0.00s  00 rmax=1.000 rrate=0.00030
   0.00s  00 rmax=1.000 rrate=0.00030
   0.00s  00 rmax=1.000 rrate=0.00030
   0.00s  00 rmax=1.000 rrate=0.00030
   0.00s  00 rmax=1.000 rrate=0.00030
   0.00s  00 rmax=1.000 rrate=0.00030
   0.01s  00 rmax=1.000 rrate=0.00030
   0.01s  00 rmax=1.000 rrate=0.00030
   0.01s  00 rmax=1.000 rrate=0.00030
   0.01s  00 rmax=1.000 rrate=0.00030
   0.01s  00 rmax=1.000 rrate=0.00030
   0.01s  00 rmax=1.000 rrate=0.00030
   0.01s  00 rmax=1.000 rrate=0.00030
   0.01s  00 rmax=1.000 rrate=0.00030
   0.01s  00 rmax=1.000 rrate=0.00030
   0.01s  00 rmax=1.000 rrate=0.00030
   0.01s  00 rmax=1.000 rrate=0.00030
   0.01s  00 rmax=1.000 rrate=0.00030
   0.01s  00 rmax=1.000 rrate=0.00030
   0.01s  00 rmax=1.000 rrate=0.00030
   0.01s  00 rmax=1.000 rrate=0.00030
   0.01s  00 rmax=1.000 rrate=0.00030
   0.01s  00 rmax=1.000 rrate=0.00030
   0.01s  00 rmax=1.000 rrate=0.00030
   0.01s  00 rmax=1.000 rrate=0.00030
   0.01s  00 rmax=1.000 rrate=0.00030
   0.01s  00 rmax=1.000 rrate=0.00030
   0.01s  00 rmax=1.000 rrate=0.00030
   0.01s  00 rmax=1.000 rrate=0.00030
   0.01s  00 rmax=1.000 rrate=0.00030
   0.01s  00 rmax=1.000 rrate=0.00030
   0.01s  00 rmax=1.000 rrate=0.00030
   0.01s  00 rmax=1.000 rrate=0.00030
   0.01s  00 rmax=1.000 rrate=0.00030
   0.01s  00 rmax=1.000 rrate=0.00030
   0.01s  00 rmax=1.000 rrate=0.00030
   0.01s  00 rmax=1.000 rrate=0.00030
   0.01s  00 rmax=1.000 rrate=0.00030
   0.01s  00 rmax=1.000 rrate=0.00030
   0.01s  00 rmax=1.000 rrate=0.00030
   0.01s  00 rmax=1.000 rrate=0.00030
   0.01s  00 rmax=1.000 rrate=0.00030
   0.01s  00 rmax=1.000 rrate=0.00030
   0.01s  00 rmax=1.000 rrate=0.00030
   0.01s  00 rmax=1.000 rrate=0.00030
   0.01s  00 rmax=1.000 rrate=0.00030
   0.01s  00 rmax=1.000 rrate=0.00030
   0.01s  00 rmax=1.000 rrate=0.00030
   0.01s  00 rmax=1.000 rrate=0.00030
   0.01s  00 rmax=1.000 rrate=0.00030
   0.01s  00 rmax=1.000 rrate=0.00030
   0.01s  00 rmax=1.000 rrate=0.00030
   0.01s  00 rmax=1.000 rrate=0.00030
   0.01s  00 rmax=1.000 rrate=0.00030
   0.01s  00 rmax=1.000 rrate=0.00030
   0.01s  00 rmax=1.000 rrate=0.00030
   0.01s  00 rmax=1.000 rrate=0.00030
   0.01s  00 rmax=1.000 rrate=0.00030
   0.01s  00 rmax=1.000 rrate=0.00030
   0.01s  00 rmax=1.000 rrate=0.00030
   0.01s  00 rmax=1.000 rrate=0.00030
   0.01s  00 rmax=1.000 rrate=0.00030
   0.01s  00 rmax=1.000 rrate=0.00030
   0.01s  00 rmax=1.000 rrate=0.00030
   0.01s  00 rmax=1.000 rrate=0.00030
   0.01s  00 rmax=1.000 rrate=0.00030
   0.01s  00 rmax=1.000 rrate=0.00030
   0.01s  00 rmax=1.000 rrate=0.00030
   0.01s  00 rmax=1.000 rrate=0.00030
   0.01s  00 rmax=1.000 rrate=0.00030
   0.01s  00 rmax=1.000 rrate=0.00030
   0.01s  ets Jul 29 2019 12:21:46
   0.01s  
   0.01s  rst:0x1 (POWERON_RESET),boot:0x13 (SPI_FAST_FLASH_BOOT)
   0.01s  configsip: 0, SPIWP:0xee
   0.02s  clk_drv:0x00,q_drv:0x00,d_drv:0x00,cs0_drv:0x00,hd_drv:0x00,wp_drv:0x00
   0.02s  mode:DIO, clock div:2
   0.02s  load:0x3fff0030,len:1184
   0.03s  load:0x40078000,len:13232
   0.03s  load:0x40080400,len:3028
   0.03s  entry 0x400805e4
   1.20s  state_space: dual-core, arming 3s, then autonomous 1->210Hz ramp + LQID, bounded run
   1.21s  commands: dir=cw|ccw  rmax=/rrate=<val>  gains?
   1.21s  direction=CW
   1.22s  t=1038 phase=0 freq=1.0 | I[A]: A=0.00 B=0.00 C=0.00 D=0.00 | duty[%]: A=50.0 B=50.0 C=50.0 D=50.0 | spread=0.000 dir=0 r=0.000 rmax=8.000 rrate=0.00030
   1.22s  R_MAX=2.000 R_RAMP=0.00030
   1.72s  t=1538 phase=0 freq=1.0 | I[A]: A=0.00 B=0.00 C=0.00 D=0.00 | duty[%]: A=50.0 B=50.0 C=50.0 D=50.0 | spread=0.000 dir=0 r=0.000 rmax=2.000 rrate=0.00030
   2.22s  t=2038 phase=0 freq=1.0 | I[A]: A=0.00 B=0.00 C=0.00 D=0.00 | duty[%]: A=50.0 B=50.0 C=50.0 D=50.0 | spread=0.000 dir=0 r=0.000 rmax=2.000 rrate=0.00030
   2.72s  t=2538 phase=0 freq=1.0 | I[A]: A=0.00 B=0.00 C=0.00 D=0.00 | duty[%]: A=50.0 B=50.0 C=50.0 D=50.0 | spread=0.000 dir=0 r=0.000 rmax=2.000 rrate=0.00030
   3.22s  t=3038 phase=0 freq=1.0 | I[A]: A=0.00 B=0.00 C=0.00 D=0.00 | duty[%]: A=50.0 B=50.0 C=50.0 D=50.0 | spread=0.000 dir=0 r=0.000 rmax=2.000 rrate=0.00030
   3.72s  t=3538 phase=0 freq=1.0 | I[A]: A=0.00 B=0.00 C=0.00 D=0.00 | duty[%]: A=50.0 B=50.0 C=50.0 D=50.0 | spread=0.000 dir=0 r=0.000 rmax=2.000 rrate=0.00030
   4.22s  t=4038 phase=0 freq=1.0 | I[A]: A=0.00 B=0.00 C=0.00 D=0.00 | duty[%]: A=50.0 B=50.0 C=50.0 D=50.0 | spread=0.000 dir=0 r=0.000 rmax=2.000 rrate=0.00030
   4.72s  t=4538 phase=1 freq=1.3 | I[A]: A=0.00 B=0.00 C=0.00 D=0.00 | duty[%]: A=5.0 B=5.0 C=5.0 D=6.7 | spread=0.000 dir=0 r=0.150 rmax=2.000 rrate=0.00030
   5.22s  t=5038 phase=1 freq=2.4 | I[A]: A=0.00 B=0.00 C=0.00 D=0.00 | duty[%]: A=5.2 B=5.0 C=5.0 D=14.3 | spread=0.000 dir=0 r=0.300 rmax=2.000 rrate=0.00030
   5.72s  t=5538 phase=1 freq=4.2 | I[A]: A=0.00 B=0.00 C=0.00 D=0.00 | duty[%]: A=8.0 B=7.0 C=5.0 D=21.8 | spread=0.000 dir=0 r=0.450 rmax=2.000 rrate=0.00030
   6.22s  t=6038 phase=1 freq=6.7 | I[A]: A=0.00 B=0.00 C=0.00 D=0.00 | duty[%]: A=10.7 B=9.5 C=5.0 D=29.3 | spread=0.001 dir=0 r=0.600 rmax=2.000 rrate=0.00030
   6.72s  t=6538 phase=1 freq=9.8 | I[A]: A=0.00 B=0.00 C=0.00 D=0.02 | duty[%]: A=13.5 B=11.9 C=5.7 D=36.8 | spread=0.020 dir=0 r=0.750 rmax=2.000 rrate=0.00030
   7.22s  t=7038 phase=1 freq=13.5 | I[A]: A=0.00 B=0.00 C=0.00 D=0.01 | duty[%]: A=16.3 B=14.4 C=6.9 D=44.4 | spread=0.014 dir=0 r=0.900 rmax=2.000 rrate=0.00030
   7.72s  t=7538 phase=1 freq=17.7 | I[A]: A=0.00 B=0.00 C=0.00 D=0.03 | duty[%]: A=19.1 B=16.9 C=8.1 D=51.9 | spread=0.026 dir=0 r=1.050 rmax=2.000 rrate=0.00030
   8.22s  t=8038 phase=1 freq=22.5 | I[A]: A=0.02 B=0.00 C=0.00 D=0.02 | duty[%]: A=22.0 B=19.4 C=9.3 D=59.5 | spread=0.018 dir=0 r=1.200 rmax=2.000 rrate=0.00030
   8.72s  t=8538 phase=1 freq=27.7 | I[A]: A=0.03 B=0.02 C=0.00 D=0.49 | duty[%]: A=24.8 B=22.0 C=10.6 D=67.0 | spread=0.492 dir=0 r=1.350 rmax=2.000 rrate=0.00030
   9.22s  t=9038 phase=1 freq=33.4 | I[A]: A=0.03 B=0.04 C=0.00 D=0.06 | duty[%]: A=27.7 B=24.5 C=11.9 D=74.6 | spread=0.061 dir=0 r=1.500 rmax=2.000 rrate=0.00030
   9.72s  t=9538 phase=1 freq=39.4 | I[A]: A=0.06 B=0.08 C=0.00 D=0.42 | duty[%]: A=30.6 B=27.1 C=13.2 D=82.2 | spread=0.423 dir=0 r=1.650 rmax=2.000 rrate=0.00030
  10.22s  t=10038 phase=1 freq=45.8 | I[A]: A=0.10 B=0.03 C=0.00 D=1.00 | duty[%]: A=33.5 B=29.8 C=14.6 D=89.8 | spread=0.999 dir=0 r=1.800 rmax=2.000 rrate=0.00030
  10.72s  t=10538 phase=1 freq=52.5 | I[A]: A=0.12 B=0.05 C=0.00 D=0.99 | duty[%]: A=36.5 B=32.5 C=16.0 D=97.4 | spread=0.993 dir=0 r=1.950 rmax=2.000 rrate=0.00030
  11.22s  t=11038 phase=1 freq=59.5 | I[A]: A=0.27 B=0.07 C=0.00 D=0.68 | duty[%]: A=38.1 B=34.0 C=17.0 D=100.0 | spread=0.684 dir=0 r=1.995 rmax=2.000 rrate=0.00030
  11.72s  t=11538 phase=1 freq=66.8 | I[A]: A=0.12 B=0.20 C=0.00 D=0.81 | duty[%]: A=38.7 B=34.6 C=17.7 D=100.0 | spread=0.809 dir=0 r=1.995 rmax=2.000 rrate=0.00030
  12.22s  t=12038 phase=1 freq=74.2 | I[A]: A=0.18 B=0.23 C=0.00 D=0.48 | duty[%]: A=39.2 B=35.2 C=18.3 D=100.0 | spread=0.482 dir=0 r=1.995 rmax=2.000 rrate=0.00030
  12.72s  t=12538 phase=1 freq=81.8 | I[A]: A=0.44 B=0.60 C=0.00 D=1.37 | duty[%]: A=39.8 B=35.8 C=19.0 D=100.0 | spread=1.370 dir=0 r=1.995 rmax=2.000 rrate=0.00030
  13.22s  t=13038 phase=1 freq=89.5 | I[A]: A=0.59 B=0.54 C=0.00 D=1.67 | duty[%]: A=40.2 B=36.4 C=19.7 D=100.0 | spread=1.668 dir=0 r=1.995 rmax=2.000 rrate=0.00030
  13.72s  t=13538 phase=1 freq=97.3 | I[A]: A=0.70 B=0.49 C=0.04 D=1.33 | duty[%]: A=40.7 B=37.0 C=20.4 D=100.0 | spread=1.287 dir=0 r=1.995 rmax=2.000 rrate=0.00030
  14.22s  t=14038 phase=1 freq=105.1 | I[A]: A=0.77 B=0.55 C=0.13 D=1.27 | duty[%]: A=41.2 B=37.5 C=21.1 D=100.0 | spread=1.138 dir=0 r=1.995 rmax=2.000 rrate=0.00030
  14.72s  t=14538 phase=1 freq=112.9 | I[A]: A=0.59 B=0.86 C=0.19 D=2.02 | duty[%]: A=41.6 B=38.1 C=21.8 D=100.0 | spread=1.830 dir=0 r=1.995 rmax=2.000 rrate=0.00030
  15.22s  t=15038 phase=1 freq=120.7 | I[A]: A=1.02 B=0.66 C=0.35 D=1.88 | duty[%]: A=42.0 B=38.5 C=22.4 D=100.0 | spread=1.530 dir=0 r=1.995 rmax=2.000 rrate=0.00030
  15.72s  t=15538 phase=1 freq=128.5 | I[A]: A=0.99 B=0.94 C=0.48 D=2.46 | duty[%]: A=42.3 B=39.0 C=23.0 D=100.0 | spread=1.987 dir=0 r=1.995 rmax=2.000 rrate=0.00030
  16.22s  t=16038 phase=1 freq=136.1 | I[A]: A=1.25 B=0.95 C=0.60 D=2.66 | duty[%]: A=42.6 B=39.4 C=23.5 D=100.0 | spread=2.058 dir=0 r=1.995 rmax=2.000 rrate=0.00030
  16.72s  t=16538 phase=1 freq=143.5 | I[A]: A=1.38 B=1.15 C=0.71 D=2.56 | duty[%]: A=42.8 B=39.8 C=24.1 D=100.0 | spread=1.858 dir=0 r=1.995 rmax=2.000 rrate=0.00030
  17.22s  t=17038 phase=1 freq=150.8 | I[A]: A=1.26 B=1.15 C=0.72 D=3.49 | duty[%]: A=43.0 B=40.2 C=24.5 D=100.0 | spread=2.766 dir=0 r=1.995 rmax=2.000 rrate=0.00030
  17.72s  t=17538 phase=1 freq=157.8 | I[A]: A=1.62 B=1.00 C=1.01 D=2.96 | duty[%]: A=43.2 B=40.5 C=24.9 D=100.0 | spread=1.960 dir=0 r=1.995 rmax=2.000 rrate=0.00030
  18.22s  t=18038 phase=1 freq=164.5 | I[A]: A=1.77 B=0.64 C=0.28 D=4.90 | duty[%]: A=43.5 B=40.8 C=25.4 D=100.0 | spread=4.621 dir=0 r=1.995 rmax=2.000 rrate=0.00030
  18.72s  t=18538 phase=1 freq=171.0 | I[A]: A=1.16 B=1.67 C=1.35 D=2.37 | duty[%]: A=43.4 B=41.1 C=25.6 D=100.0 | spread=1.206 dir=0 r=1.995 rmax=2.000 rrate=0.00030
  19.22s  t=19038 phase=1 freq=177.1 | I[A]: A=1.00 B=1.65 C=1.19 D=2.60 | duty[%]: A=43.6 B=41.3 C=26.0 D=100.0 | spread=1.603 dir=0 r=1.995 rmax=2.000 rrate=0.00030
  19.72s  t=19538 phase=1 freq=182.7 | I[A]: A=1.29 B=1.30 C=1.02 D=2.83 | duty[%]: A=43.8 B=41.6 C=26.4 D=100.0 | spread=1.811 dir=0 r=1.995 rmax=2.000 rrate=0.00030
  20.22s  t=20038 phase=1 freq=188.0 | I[A]: A=1.29 B=1.18 C=0.76 D=3.08 | duty[%]: A=44.0 B=41.9 C=26.8 D=100.0 | spread=2.318 dir=0 r=1.995 rmax=2.000 rrate=0.00030
  20.72s  t=20538 phase=1 freq=192.8 | I[A]: A=1.11 B=1.18 C=0.81 D=2.56 | duty[%]: A=44.3 B=42.1 C=27.2 D=100.0 | spread=1.749 dir=0 r=1.995 rmax=2.000 rrate=0.00030
  21.22s  t=21038 phase=1 freq=197.1 | I[A]: A=1.31 B=1.06 C=0.71 D=2.99 | duty[%]: A=44.5 B=42.4 C=27.7 D=100.0 | spread=2.288 dir=0 r=1.995 rmax=2.000 rrate=0.00030
  21.72s  t=21538 phase=1 freq=200.9 | I[A]: A=1.25 B=1.19 C=0.84 D=2.41 | duty[%]: A=44.8 B=42.8 C=28.2 D=100.0 | spread=1.570 dir=0 r=1.995 rmax=2.000 rrate=0.00030
  22.22s  t=22038 phase=1 freq=204.0 | I[A]: A=1.11 B=1.05 C=0.75 D=2.38 | duty[%]: A=45.0 B=43.1 C=28.6 D=100.0 | spread=1.628 dir=0 r=1.995 rmax=2.000 rrate=0.00030
  22.72s  t=22538 phase=1 freq=206.6 | I[A]: A=1.20 B=0.98 C=0.68 D=2.84 | duty[%]: A=45.3 B=43.5 C=29.1 D=100.0 | spread=2.166 dir=0 r=1.995 rmax=2.000 rrate=0.00030
  23.22s  t=23038 phase=1 freq=208.4 | I[A]: A=0.98 B=0.79 C=0.55 D=2.21 | duty[%]: A=45.6 B=43.9 C=29.6 D=100.0 | spread=1.665 dir=0 r=1.995 rmax=2.000 rrate=0.00030
  23.72s  t=23538 phase=2 freq=209.6 | I[A]: A=1.11 B=0.85 C=0.57 D=2.38 | duty[%]: A=45.9 B=44.3 C=30.1 D=100.0 | spread=1.815 dir=0 r=1.995 rmax=2.000 rrate=0.00030
  24.22s  t=24038 phase=2 freq=210.0 | I[A]: A=1.07 B=1.09 C=0.63 D=2.62 | duty[%]: A=46.2 B=44.6 C=30.5 D=100.0 | spread=1.983 dir=0 r=1.995 rmax=2.000 rrate=0.00030
  24.72s  t=24538 phase=2 freq=210.0 | I[A]: A=1.09 B=1.03 C=0.71 D=2.25 | duty[%]: A=46.5 B=45.0 C=31.0 D=100.0 | spread=1.543 dir=0 r=1.995 rmax=2.000 rrate=0.00030
  25.22s  t=25038 phase=2 freq=210.0 | I[A]: A=1.08 B=1.10 C=0.80 D=2.63 | duty[%]: A=46.8 B=45.3 C=31.4 D=100.0 | spread=1.826 dir=0 r=1.995 rmax=2.000 rrate=0.00030
  25.72s  t=25538 phase=2 freq=210.0 | I[A]: A=1.05 B=0.97 C=0.78 D=2.16 | duty[%]: A=47.1 B=45.6 C=31.8 D=100.0 | spread=1.381 dir=0 r=1.995 rmax=2.000 rrate=0.00030
  26.22s  t=26038 phase=2 freq=210.0 | I[A]: A=1.11 B=1.04 C=0.97 D=2.27 | duty[%]: A=47.4 B=46.0 C=32.3 D=100.0 | spread=1.297 dir=0 r=1.995 rmax=2.000 rrate=0.00030
  26.72s  t=26538 phase=2 freq=210.0 | I[A]: A=1.28 B=1.07 C=0.83 D=2.52 | duty[%]: A=47.7 B=46.3 C=32.7 D=100.0 | spread=1.689 dir=0 r=1.995 rmax=2.000 rrate=0.00030
  27.22s  t=27038 phase=2 freq=210.0 | I[A]: A=1.13 B=1.11 C=0.86 D=2.33 | duty[%]: A=48.0 B=46.6 C=33.1 D=100.0 | spread=1.471 dir=0 r=1.995 rmax=2.000 rrate=0.00030
  27.72s  t=27538 phase=2 freq=210.0 | I[A]: A=1.24 B=1.10 C=0.91 D=2.75 | duty[%]: A=48.3 B=47.0 C=33.5 D=100.0 | spread=1.838 dir=0 r=1.995 rmax=2.000 rrate=0.00030
  28.22s  t=28038 phase=2 freq=210.0 | I[A]: A=1.06 B=1.10 C=0.90 D=2.16 | duty[%]: A=48.5 B=47.3 C=33.9 D=100.0 | spread=1.261 dir=0 r=1.995 rmax=2.000 rrate=0.00030
  28.72s  t=28538 phase=3 freq=210.0 | I[A]: A=1.22 B=1.15 C=0.88 D=2.31 | duty[%]: A=48.8 B=47.6 C=34.2 D=100.0 | spread=1.432 dir=0 r=1.995 rmax=2.000 rrate=0.00030
  29.22s  t=29038 phase=3 freq=210.0 | I[A]: A=0.00 B=0.00 C=0.00 D=0.99 | duty[%]: A=48.8 B=47.6 C=34.2 D=100.0 | spread=0.989 dir=0 r=1.995 rmax=2.000 rrate=0.00030
  29.72s  t=29538 phase=3 freq=210.0 | I[A]: A=0.00 B=0.00 C=0.00 D=0.00 | duty[%]: A=48.8 B=47.6 C=34.2 D=100.0 | spread=0.001 dir=0 r=1.995 rmax=2.000 rrate=0.00030
  30.22s  t=30038 phase=4 freq=210.0 | I[A]: A=0.00 B=0.00 C=0.00 D=0.00 | duty[%]: A=48.8 B=47.6 C=34.2 D=100.0 | spread=0.000 dir=0 r=1.995 rmax=2.000 rrate=0.00030
  30.72s  t=30538 phase=4 freq=210.0 | I[A]: A=0.00 B=0.00 C=0.00 D=0.00 | duty[%]: A=48.8 B=47.6 C=34.2 D=100.0 | spread=0.000 dir=0 r=1.995 rmax=2.000 rrate=0.00030
  31.22s  t=31038 phase=4 freq=210.0 | I[A]: A=0.00 B=0.00 C=0.00 D=0.00 | duty[%]: A=48.8 B=47.6 C=34.2 D=100.0 | spread=0.000 dir=0 r=1.995 rmax=2.000 rrate=0.00030
  31.72s  t=31538 phase=4 freq=210.0 | I[A]: A=0.00 B=0.00 C=0.00 D=0.00 | duty[%]: A=48.8 B=47.6 C=34.2 D=100.0 | spread=0.000 dir=0 r=1.995 rmax=2.000 rrate=0.00030
  32.22s  t=32038 phase=4 freq=210.0 | I[A]: A=0.00 B=0.00 C=0.00 D=0.00 | duty[%]: A=48.8 B=47.6 C=34.2 D=100.0 | spread=0.000 dir=0 r=1.995 rmax=2.000 rrate=0.00030
  32.72s  t=32538 phase=4 freq=210.0 | I[A]: A=0.00 B=0.00 C=0.00 D=0.00 | duty[%]: A=48.8 B=47.6 C=34.2 D=100.0 | spread=0.000 dir=0 r=1.995 rmax=2.000 rrate=0.00030
  33.22s  t=33038 phase=4 freq=210.0 | I[A]: A=0.00 B=0.00 C=0.00 D=0.00 | duty[%]: A=48.8 B=47.6 C=34.2 D=100.0 | spread=0.000 dir=0 r=1.995 rmax=2.000 rrate=0.00030
  33.72s  t=33538 phase=4 freq=210.0 | I[A]: A=0.00 B=0.00 C=0.00 D=0.00 | duty[%]: A=48.8 B=47.6 C=34.2 D=100.0 | spread=0.000 dir=0 r=1.995 rmax=2.000 rrate=0.00030
  34.22s  t=34038 phase=4 freq=210.0 | I[A]: A=0.00 B=0.00 C=0.00 D=0.00 | duty[%]: A=48.8 B=47.6 C=34.2 D=100.0 | spread=0.000 dir=0 r=1.995 rmax=2.000 rrate=0.00030
  34.72s  t=34538 phase=4 freq=210.0 | I[A]: A=0.00 B=0.00 C=0.00 D=0.00 | duty[%]: A=48.8 B=47.6 C=34.2 D=100.0 | spread=0.000 dir=0 r=1.995 rmax=2.000 rrate=0.00030
  35.22s  t=35038 phase=4 freq=210.0 | I[A]: A=0.00 B=0.00 C=0.00 D=0.00 | duty[%]: A=48.8 B=47.6 C=34.2 D=100.0 | spread=0.000 dir=0 r=1.995 rmax=2.000 rrate=0.00030
  35.72s  t=35538 phase=4 freq=210.0 | I[A]: A=0.00 B=0.00 C=0.00 D=0.00 | duty[%]: A=48.8 B=47.6 C=34.2 D=100.0 | spread=0.000 dir=0 r=1.995 rmax=2.000 rrate=0.00030
  36.22s  t=36038 phase=4 freq=210.0 | I[A]: A=0.00 B=0.00 C=0.00 D=0.00 | duty[%]: A=48.8 B=47.6 C=34.2 D=100.0 | spread=0.000 dir=0 r=1.995 rmax=2.000 rrate=0.00030
  36.72s  t=36538 phase=4 freq=210.0 | I[A]: A=0.00 B=0.00 C=0.00 D=0.00 | duty[%]: A=48.8 B=47.6 C=34.2 D=100.0 | spread=0.000 dir=0 r=1.995 rmax=2.000 rrate=0.00030
  37.22s  t=37038 phase=4 freq=210.0 | I[A]: A=0.00 B=0.00 C=0.00 D=0.00 | duty[%]: A=48.8 B=47.6 C=34.2 D=100.0 | spread=0.000 dir=0 r=1.995 rmax=2.000 rrate=0.00030
  37.72s  t=37538 phase=4 freq=210.0 | I[A]: A=0.00 B=0.00 C=0.00 D=0.00 | duty[%]: A=48.8 B=47.6 C=34.2 D=100.0 | spread=0.000 dir=0 r=1.995 rmax=2.000 rrate=0.00030
  38.22s  t=38038 phase=4 freq=210.0 | I[A]: A=0.00 B=0.00 C=0.00 D=0.00 | duty[%]: A=48.8 B=47.6 C=34.2 D=100.0 | spread=0.000 dir=0 r=1.995 rmax=2.000 rrate=0.00030
  38.72s  t=38538 phase=4 freq=210.0 | I[A]: A=0.00 B=0.00 C=0.00 D=0.00 | duty[%]: A=48.8 B=47.6 C=34.2 D=100.0 | spread=0.000 dir=0 r=1.995 rmax=2.000 rrate=0.00030
  39.22s  t=39038 phase=4 freq=210.0 | I[A]: A=0.00 B=0.00 C=0.00 D=0.00 | duty[%]: A=48.8 B=47.6 C=34.2 D=100.0 | spread=0.000 dir=0 r=1.995 rmax=2.000 rrate=0.00030
  39.72s  t=39538 phase=4 freq=210.0 | I[A]: A=0.00 B=0.00 C=0.00 D=0.00 | duty[%]: A=48.8 B=47.6 C=34.2 D=100.0 | spread=0.000 dir=0 r=1.995 rmax=2.000 rrate=0.00030
  40.22s  t=40038 phase=4 freq=210.0 | I[A]: A=0.00 B=0.00 C=0.00 D=0.00 | duty[%]: A=48.8 B=47.6 C=34.2 D=100.0 | spread=0.000 dir=0 r=1.995 rmax=2.000 rrate=0.00030
