   0.00s  .440 rmax=2.000 rrate=0.00030
   0.00s  .440 rmax=2.000 rrate=0.00030
   0.00s  .440 rmax=2.000 rrate=0.00030
   0.00s  .440 rmax=2.000 rrate=0.00030
   0.00s  .440 rmax=2.000 rrate=0.00030
   0.00s  .440 rmax=2.000 rrate=0.00030
   0.00s  .440 rmax=2.000 rrate=0.00030
   0.00s  .440 rmax=2.000 rrate=0.00030
   0.00s  .440 rmax=2.000 rrate=0.00030
   0.00s  .440 rmax=2.000 rrate=0.00030
   0.00s  .440 rmax=2.000 rrate=0.00030
   0.00s  .440 rmax=2.000 rrate=0.00030
   0.00s  .440 rmax=2.000 rrate=0.00030
   0.00s  .440 rmax=2.000 rrate=0.00030
   0.00s  .440 rmax=2.000 rrate=0.00030
   0.00s  .440 rmax=2.000 rrate=0.00030
   0.00s  .440 rmax=2.000 rrate=0.00030
   0.00s  .440 rmax=2.000 rrate=0.00030
   0.00s  .440 rmax=2.000 rrate=0.00030
   0.00s  .440 rmax=2.000 rrate=0.00030
   0.00s  .440 rmax=2.000 rrate=0.00030
   0.00s  .440 rmax=2.000 rrate=0.00030
   0.00s  .440 rmax=2.000 rrate=0.00030
   0.00s  .440 rmax=2.000 rrate=0.00030
   0.00s  .440 rmax=2.000 rrate=0.00030
   0.00s  .440 rmax=2.000 rrate=0.00030
   0.00s  .440 rmax=2.000 rrate=0.00030
   0.00s  .440 rmax=2.000 rrate=0.00030
   0.00s  .440 rmax=2.000 rrate=0.00030
   0.00s  .440 rmax=2.000 rrate=0.00030
   0.00s  .440 rmax=2.000 rrate=0.00030
   0.00s  .440 rmax=2.000 rrate=0.00030
   0.00s  .440 rmax=2.000 rrate=0.00030
   0.00s  .440 rmax=2.000 rrate=0.00030
   0.00s  .440 rmax=2.000 rrate=0.00030
   0.00s  .440 rmax=2.000 rrate=0.00030
   0.00s  .440 rmax=2.000 rrate=0.00030
   0.00s  .440 rmax=2.000 rrate=0.00030
   0.00s  .440 rmax=2.000 rrate=0.00030
   0.00s  .440 rmax=2.000 rrate=0.00030
   0.00s  .440 rmax=2.000 rrate=0.00030
   0.00s  .440 rmax=2.000 rrate=0.00030
   0.00s  .440 rmax=2.000 rrate=0.00030
   0.00s  .440 rmax=2.000 rrate=0.00030
   0.00s  .440 rmax=2.000 rrate=0.00030
   0.00s  .440 rmax=2.000 rrate=0.00030
   0.00s  .440 rmax=2.000 rrate=0.00030
   0.00s  .440 rmax=2.000 rrate=0.00030
   0.00s  .440 rmax=2.000 rrate=0.00030
   0.00s  .440 rmax=2.000 rrate=0.00030
   0.00s  .440 rmax=2.000 rrate=0.00030
   0.00s  .440 rmax=2.000 rrate=0.00030
   0.00s  .440 rmax=2.000 rrate=0.00030
   0.00s  .440 rmax=2.000 rrate=0.00030
   0.00s  .440 rmax=2.000 rrate=0.00030
   0.00s  .440 rmax=2.000 rrate=0.00030
   0.00s  .440 rmax=2.000 rrate=0.00030
   0.00s  .440 rmax=2.000 rrate=0.00030
   0.00s  .440 rmax=2.000 rrate=0.00030
   0.00s  .440 rmax=2.000 rrate=0.00030
   0.00s  .440 rmax=2.000 rrate=0.00030
   0.00s  .440 rmax=2.000 rrate=0.00030
   0.00s  .440 rmax=2.000 rrate=0.00030
   0.00s  .440 rmax=2.000 rrate=0.00030
   0.00s  .440 rmax=2.000 rrate=0.00030
   0.00s  .440 rmax=2.000 rrate=0.00030
   0.00s  .440 rmax=2.000 rrate=0.00030
   0.00s  .440 rmax=2.000 rrate=0.00030
   0.00s  .440 rmax=2.000 rrate=0.00030
   0.00s  .440 rmax=2.000 rrate=0.00030
   0.00s  .440 rmax=2.000 rrate=0.00030
   0.00s  .440 rmax=2.000 rrate=0.00030
   0.00s  .440 rmax=2.000 rrate=0.00030
   0.01s  .440 rmax=2.000 rrate=0.00030
   0.01s  .440 rmax=2.000 rrate=0.00030
   0.01s  .440 rmax=2.000 rrate=0.00030
   0.01s  .440 rmax=2.000 rrate=0.00030
   0.01s  .440 rmax=2.000 rrate=0.00030
   0.01s  .440 rmax=2.000 rrate=0.00030
   0.01s  .440 rmax=2.000 rrate=0.00030
   0.01s  .440 rmax=2.000 rrate=0.00030
   0.01s  .440 rmax=2.000 rrate=0.00030
   0.01s  .440 rmax=2.000 rrate=0.00030
   0.01s  .440 rmax=2.000 rrate=0.00030
   0.01s  .440 rmax=2.000 rrate=0.00030
   0.01s  .440 rmax=2.000 rrate=0.00030
   0.01s  .440 rmax=2.000 rrate=0.00030
   0.01s  .440 rmax=2.000 rrate=0.00030
   0.01s  .440 rmax=2.000 rrate=0.00030
   0.01s  .440 rmax=2.000 rrate=0.00030
   0.01s  .440 rmax=2.000 rrate=0.00030
   0.01s  .440 rmax=2.000 rrate=0.00030
   0.01s  .440 rmax=2.000 rrate=0.00030
   0.01s  .440 rmax=2.000 rrate=0.00030
   0.01s  .440 rmax=2.000 rrate=0.00030
   0.01s  .440 rmax=2.000 rrate=0.00030
   0.01s  .440 rmax=2.000 rrate=0.00030
   0.01s  .440 rmax=2.000 rrate=0.00030
   0.01s  .440 rmax=2.000 rrate=0.00030
   0.01s  .440 rmax=2.000 rrate=0.00030
   0.01s  .440 rmax=2.000 rrate=0.00030
   0.01s  .440 rmax=2.000 rrate=0.00030
   0.01s  .440 rmax=2.000 rrate=0.00030
   0.01s  .440 rmax=2.000 rrate=0.00030
   0.01s  .440 rmax=2.000 rrate=0.00030
   0.01s  .440 rmax=2.000 rrate=0.00030
   0.01s  .440 rmax=2.000 rrate=0.00030
   0.01s  .440 rmax=2.000 rrate=0.00030
   0.01s  .440 rmax=2.000 rrate=0.00030
   0.01s  .440 rmax=2.000 rrate=0.00030
   0.01s  .440 rmax=2.000 rrate=0.00030
   0.01s  .440 rmax=2.000 rrate=0.00030
   0.01s  .440 rmax=2.000 rrate=0.00030
   0.01s  .440 rmax=2.000 rrate=0.00030
   0.01s  .440 rmax=2.000 rrate=0.00030
   0.01s  .440 rmax=2.000 rrate=0.00030
   0.01s  .440 rmax=2.000 rrate=0.00030
   0.01s  .440 rmax=2.000 rrate=0.00030
   0.01s  .440 rmax=2.000 rrate=0.00030
   0.01s  .440 rmax=2.000 rrate=0.00030
   0.01s  .440 rmax=2.000 rrate=0.00030
   0.01s  .440 rmax=2.000 rrate=0.00030
   0.01s  .440 rmax=2.000 rrate=0.00030
   0.01s  .440 rmax=2.000 rrate=0.00030
   0.01s  .440 rmax=2.000 rrate=0.00030
   0.01s  .440 rmax=2.000 rrate=0.00030
   0.01s  .440 rmax=2.000 rrate=0.00030
   0.01s  .440 rmax=2.000 rrate=0.00030
   0.01s  .440 rmax=2.000 rrate=0.00030
   0.01s  .440 rmax=2.000 rrate=0.00030
   0.01s  .440 rmax=2.000 rrate=0.00030
   0.01s  .440 rmax=2.000 rrate=0.00030
   0.01s  .440 rmax=2.000 rrate=0.00030
   0.01s  .440 rmax=2.000 rrate=0.00030
   0.01s  .440 rmax=2.000 rrate=0.00030
   0.01s  .440 rmax=2.000 rrate=0.00030
   0.01s  .440 rmax=2.000 rrate=0.00030
   0.01s  .440 rmax=2.000 rrate=0.00030
   0.01s  .440 rmax=2.000 rrate=0.00030
   0.01s  .440 rmax=2.000 rrate=0.00030
   0.01s  ets Jul 29 2019 12:21:46
   0.01s  
   0.01s  rst:0x1 (POWERON_RESET),boot:0x13 (SPI_FAST_FLASH_BOOT)
   0.01s  configsip: 0, SPIWP:0xee
   0.02s  clk_drv:0x00,q_drv:0x00,d_drv:0x00,cs0_drv:0x00,hd_drv:0x00,wp_drv:0x00
   0.02s  mode:DIO, clock div:2
   0.02s  load:0x3fff0030,len:1184
   0.03s  load:0x40078000,len:13232
   0.03s  load:0x40080400,len:3028
   0.03s  entry 0x400805e4
   1.20s  state_space: arming 3s, then autonomous 1->210Hz ramp + LQR, bounded run
   1.21s  commands: dir=cw|ccw  rmax=/rrate=<val>  gains?
   1.21s  direction=CW
   1.22s  t=1031 phase=0 freq=1.0 | I[A]: A=0.00 B=0.00 C=0.00 D=0.00 | duty[%]: A=50.0 B=50.0 C=50.0 D=50.0 | spread=0.000 dir=0 r=0.000 rmax=8.000 rrate=0.00030
   1.22s  R_MAX=2.000 R_RAMP=0.00030
   1.71s  t=1531 phase=0 freq=1.0 | I[A]: A=0.00 B=0.00 C=0.00 D=0.00 | duty[%]: A=50.0 B=50.0 C=50.0 D=50.0 | spread=0.000 dir=0 r=0.000 rmax=2.000 rrate=0.00030
   2.21s  t=2031 phase=0 freq=1.0 | I[A]: A=0.00 B=0.00 C=0.00 D=0.00 | duty[%]: A=50.0 B=50.0 C=50.0 D=50.0 | spread=0.000 dir=0 r=0.000 rmax=2.000 rrate=0.00030
   2.71s  t=2532 phase=0 freq=1.0 | I[A]: A=0.00 B=0.00 C=0.00 D=0.00 | duty[%]: A=50.0 B=50.0 C=50.0 D=50.0 | spread=0.000 dir=0 r=0.000 rmax=2.000 rrate=0.00030
   3.21s  t=3032 phase=0 freq=1.0 | I[A]: A=0.00 B=0.00 C=0.00 D=0.00 | duty[%]: A=50.0 B=50.0 C=50.0 D=50.0 | spread=0.000 dir=0 r=0.000 rmax=2.000 rrate=0.00030
   3.71s  t=3532 phase=0 freq=1.0 | I[A]: A=0.00 B=0.00 C=0.00 D=0.00 | duty[%]: A=50.0 B=50.0 C=50.0 D=50.0 | spread=0.000 dir=0 r=0.000 rmax=2.000 rrate=0.00030
   4.20s  ARMED -> ramping
   4.21s  t=4033 phase=1 freq=1.0 | I[A]: A=0.00 B=0.00 C=0.00 D=0.00 | duty[%]: A=0.0 B=0.0 C=0.0 D=0.0 | spread=0.000 dir=0 r=0.000 rmax=2.000 rrate=0.00030
   4.71s  t=4533 phase=1 freq=1.4 | I[A]: A=0.00 B=0.00 C=0.00 D=0.00 | duty[%]: A=5.0 B=5.0 C=5.0 D=7.0 | spread=0.000 dir=0 r=0.150 rmax=2.000 rrate=0.00030
   5.21s  t=5033 phase=1 freq=2.5 | I[A]: A=0.00 B=0.00 C=0.00 D=0.00 | duty[%]: A=6.0 B=5.3 C=5.0 D=15.8 | spread=0.000 dir=0 r=0.300 rmax=2.000 rrate=0.00030
   5.71s  t=5533 phase=1 freq=4.4 | I[A]: A=0.00 B=0.01 C=0.00 D=0.01 | duty[%]: A=9.3 B=8.3 C=5.0 D=24.5 | spread=0.008 dir=0 r=0.435 rmax=2.000 rrate=0.00030
   6.21s  t=6033 phase=1 freq=6.9 | I[A]: A=0.00 B=0.00 C=0.00 D=0.01 | duty[%]: A=13.5 B=11.9 C=5.6 D=34.8 | spread=0.014 dir=0 r=0.585 rmax=2.000 rrate=0.00030
   6.71s  t=6533 phase=1 freq=10.0 | I[A]: A=0.00 B=0.00 C=0.00 D=0.07 | duty[%]: A=18.3 B=16.2 C=7.6 D=45.7 | spread=0.065 dir=0 r=0.735 rmax=2.000 rrate=0.00030
   7.21s  t=7034 phase=1 freq=13.7 | I[A]: A=0.01 B=0.01 C=0.00 D=0.08 | duty[%]: A=23.9 B=21.4 C=9.9 D=57.0 | spread=0.082 dir=0 r=0.885 rmax=2.000 rrate=0.00030
   7.71s  t=7534 phase=1 freq=18.0 | I[A]: A=0.03 B=0.02 C=0.00 D=0.17 | duty[%]: A=30.4 B=27.5 C=12.9 D=68.4 | spread=0.167 dir=0 r=1.035 rmax=2.000 rrate=0.00030
   8.22s  t=8035 phase=1 freq=22.7 | I[A]: A=0.10 B=0.07 C=0.00 D=0.20 | duty[%]: A=37.4 B=34.2 C=16.8 D=80.0 | spread=0.197 dir=0 r=1.185 rmax=2.000 rrate=0.00030
   8.72s  t=8536 phase=1 freq=28.0 | I[A]: A=0.16 B=0.15 C=0.00 D=0.30 | duty[%]: A=45.2 B=41.7 C=21.8 D=91.6 | spread=0.296 dir=0 r=1.335 rmax=2.000 rrate=0.00030
   9.22s  t=9036 phase=1 freq=33.7 | I[A]: A=0.29 B=0.27 C=0.03 D=0.42 | duty[%]: A=51.8 B=47.9 C=26.7 D=100.0 | spread=0.392 dir=0 r=1.440 rmax=2.000 rrate=0.00030
   9.72s  t=9536 phase=1 freq=39.7 | I[A]: A=0.30 B=0.27 C=0.04 D=0.55 | duty[%]: A=51.8 B=48.0 C=26.8 D=100.0 | spread=0.510 dir=0 r=1.440 rmax=2.000 rrate=0.00030
  10.22s  t=10036 phase=1 freq=46.1 | I[A]: A=0.34 B=0.31 C=0.05 D=0.66 | duty[%]: A=51.8 B=47.9 C=26.9 D=100.0 | spread=0.616 dir=0 r=1.440 rmax=2.000 rrate=0.00030
  10.72s  t=10537 phase=1 freq=52.9 | I[A]: A=0.35 B=0.31 C=0.05 D=0.83 | duty[%]: A=52.0 B=48.2 C=27.0 D=100.0 | spread=0.779 dir=0 r=1.440 rmax=2.000 rrate=0.00030
  11.22s  t=11038 phase=1 freq=59.9 | I[A]: A=0.44 B=0.40 C=0.05 D=0.87 | duty[%]: A=52.1 B=48.3 C=27.1 D=100.0 | spread=0.821 dir=0 r=1.440 rmax=2.000 rrate=0.00030
  11.72s  t=11538 phase=1 freq=67.1 | I[A]: A=0.52 B=0.45 C=0.05 D=0.96 | duty[%]: A=51.9 B=48.1 C=27.2 D=100.0 | spread=0.904 dir=0 r=1.440 rmax=2.000 rrate=0.00030
  12.22s  t=12038 phase=1 freq=74.6 | I[A]: A=0.63 B=0.61 C=0.12 D=0.85 | duty[%]: A=55.0 B=51.3 C=29.7 D=100.0 | spread=0.723 dir=0 r=1.470 rmax=2.000 rrate=0.00030
  12.72s  t=12538 phase=1 freq=82.2 | I[A]: A=0.71 B=0.64 C=0.17 D=0.98 | duty[%]: A=54.7 B=51.1 C=29.8 D=100.0 | spread=0.808 dir=0 r=1.470 rmax=2.000 rrate=0.00030
  13.22s  t=13038 phase=1 freq=89.9 | I[A]: A=0.81 B=0.77 C=0.22 D=1.02 | duty[%]: A=54.8 B=51.2 C=29.8 D=100.0 | spread=0.800 dir=0 r=1.470 rmax=2.000 rrate=0.00030
  13.72s  t=13538 phase=1 freq=97.7 | I[A]: A=0.89 B=0.87 C=0.32 D=1.17 | duty[%]: A=54.8 B=51.1 C=29.8 D=100.0 | spread=0.849 dir=0 r=1.470 rmax=2.000 rrate=0.00030
  14.22s  t=14039 phase=1 freq=105.5 | I[A]: A=0.98 B=0.91 C=0.45 D=1.41 | duty[%]: A=54.8 B=51.2 C=29.8 D=100.0 | spread=0.956 dir=0 r=1.470 rmax=2.000 rrate=0.00030
  14.72s  t=14539 phase=1 freq=113.3 | I[A]: A=1.12 B=1.17 C=0.78 D=1.64 | duty[%]: A=62.5 B=59.3 C=36.7 D=100.0 | spread=0.862 dir=0 r=1.575 rmax=2.000 rrate=0.00030
  15.22s  t=15040 phase=1 freq=121.1 | I[A]: A=1.48 B=1.40 C=1.04 D=1.95 | duty[%]: A=64.3 B=61.3 C=38.8 D=100.0 | spread=0.914 dir=0 r=1.590 rmax=2.000 rrate=0.00030
  15.72s  t=15541 phase=1 freq=128.8 | I[A]: A=1.90 B=1.85 C=1.68 D=2.25 | duty[%]: A=73.1 B=71.0 C=46.1 D=98.9 | spread=0.571 dir=0 r=1.740 rmax=2.000 rrate=0.00030
  16.22s  t=16042 phase=1 freq=136.4 | I[A]: A=2.33 B=2.21 C=1.95 D=2.33 | duty[%]: A=75.1 B=72.9 C=48.7 D=100.0 | spread=0.378 dir=0 r=1.785 rmax=2.000 rrate=0.00030
  16.72s  t=16542 phase=1 freq=143.9 | I[A]: A=2.48 B=2.43 C=2.36 D=2.59 | duty[%]: A=75.3 B=73.0 C=48.8 D=100.0 | spread=0.237 dir=0 r=1.800 rmax=2.000 rrate=0.00030
  17.22s  t=17042 phase=1 freq=151.1 | I[A]: A=2.65 B=2.72 C=2.63 D=2.58 | duty[%]: A=76.2 B=75.0 C=49.4 D=100.0 | spread=0.141 dir=0 r=1.860 rmax=2.000 rrate=0.00030
  17.72s  t=17543 phase=1 freq=158.1 | I[A]: A=2.74 B=2.76 C=2.91 D=2.64 | duty[%]: A=76.0 B=74.7 C=49.0 D=100.0 | spread=0.269 dir=0 r=1.860 rmax=2.000 rrate=0.00030
  18.22s  t=18044 phase=1 freq=164.9 | I[A]: A=2.91 B=2.90 C=2.97 D=2.58 | duty[%]: A=76.1 B=74.6 C=48.9 D=100.0 | spread=0.398 dir=0 r=1.860 rmax=2.000 rrate=0.00030
  18.73s  t=18545 phase=1 freq=171.3 | I[A]: A=2.59 B=2.80 C=3.11 D=2.65 | duty[%]: A=76.3 B=75.5 C=49.0 D=99.9 | spread=0.512 dir=0 r=1.875 rmax=2.000 rrate=0.00030
  19.23s  t=19046 phase=1 freq=177.4 | I[A]: A=2.80 B=2.87 C=3.00 D=2.47 | duty[%]: A=75.7 B=75.0 C=48.5 D=100.0 | spread=0.530 dir=0 r=1.875 rmax=2.000 rrate=0.00030
  19.73s  t=19546 phase=1 freq=183.0 | I[A]: A=2.73 B=2.86 C=2.81 D=2.28 | duty[%]: A=75.7 B=75.0 C=48.7 D=100.0 | spread=0.574 dir=0 r=1.875 rmax=2.000 rrate=0.00030
  20.23s  t=20046 phase=1 freq=188.3 | I[A]: A=2.68 B=2.71 C=2.74 D=2.29 | duty[%]: A=75.8 B=74.9 C=48.7 D=100.0 | spread=0.446 dir=0 r=1.875 rmax=2.000 rrate=0.00030
  20.73s  t=20546 phase=1 freq=193.1 | I[A]: A=2.61 B=2.59 C=2.62 D=2.19 | duty[%]: A=75.6 B=74.8 C=49.0 D=100.0 | spread=0.431 dir=0 r=1.875 rmax=2.000 rrate=0.00030
  21.23s  t=21046 phase=1 freq=197.3 | I[A]: A=2.50 B=2.56 C=2.37 D=2.08 | duty[%]: A=75.7 B=75.0 C=49.1 D=100.0 | spread=0.482 dir=0 r=1.875 rmax=2.000 rrate=0.00030
  21.73s  t=21546 phase=1 freq=201.0 | I[A]: A=2.38 B=2.34 C=2.25 D=1.97 | duty[%]: A=75.9 B=75.1 C=49.0 D=100.0 | spread=0.412 dir=0 r=1.875 rmax=2.000 rrate=0.00030
  22.23s  t=22046 phase=1 freq=204.2 | I[A]: A=2.48 B=2.26 C=2.07 D=1.90 | duty[%]: A=75.5 B=75.2 C=49.2 D=100.0 | spread=0.580 dir=0 r=1.875 rmax=2.000 rrate=0.00030
  22.73s  t=22546 phase=1 freq=206.7 | I[A]: A=2.30 B=2.22 C=2.05 D=1.83 | duty[%]: A=75.7 B=75.0 C=49.3 D=100.0 | spread=0.469 dir=0 r=1.875 rmax=2.000 rrate=0.00030
  23.23s  t=23047 phase=1 freq=208.5 | I[A]: A=2.24 B=2.17 C=1.97 D=1.82 | duty[%]: A=75.8 B=75.0 C=49.4 D=100.0 | spread=0.419 dir=0 r=1.875 rmax=2.000 rrate=0.00030
  23.73s  t=23547 phase=2 freq=209.6 | I[A]: A=2.27 B=2.20 C=1.91 D=1.81 | duty[%]: A=75.9 B=75.0 C=49.4 D=100.0 | spread=0.458 dir=0 r=1.875 rmax=2.000 rrate=0.00030
  24.23s  t=24048 phase=2 freq=210.0 | I[A]: A=2.28 B=2.26 C=1.87 D=1.80 | duty[%]: A=75.7 B=75.1 C=49.5 D=100.0 | spread=0.474 dir=0 r=1.875 rmax=2.000 rrate=0.00030
  24.73s  t=24548 phase=2 freq=210.0 | I[A]: A=2.27 B=2.23 C=1.96 D=1.82 | duty[%]: A=75.8 B=75.1 C=49.3 D=100.0 | spread=0.447 dir=0 r=1.875 rmax=2.000 rrate=0.00030
  25.23s  t=25048 phase=2 freq=210.0 | I[A]: A=2.23 B=2.22 C=1.94 D=1.84 | duty[%]: A=75.8 B=75.1 C=49.4 D=100.0 | spread=0.383 dir=0 r=1.875 rmax=2.000 rrate=0.00030
  25.73s  t=25549 phase=2 freq=210.0 | I[A]: A=2.17 B=2.18 C=1.91 D=1.78 | duty[%]: A=75.8 B=75.0 C=49.5 D=100.0 | spread=0.400 dir=0 r=1.875 rmax=2.000 rrate=0.00030
  26.23s  t=26049 phase=2 freq=210.0 | I[A]: A=2.18 B=2.24 C=1.90 D=1.77 | duty[%]: A=75.7 B=75.0 C=49.4 D=100.0 | spread=0.463 dir=0 r=1.875 rmax=2.000 rrate=0.00030
  26.73s  t=26549 phase=2 freq=210.0 | I[A]: A=2.26 B=2.24 C=1.89 D=1.79 | duty[%]: A=75.9 B=75.2 C=49.3 D=100.0 | spread=0.464 dir=0 r=1.875 rmax=2.000 rrate=0.00030
  27.23s  t=27050 phase=2 freq=210.0 | I[A]: A=2.26 B=2.22 C=1.89 D=1.79 | duty[%]: A=75.8 B=75.0 C=49.4 D=100.0 | spread=0.469 dir=0 r=1.875 rmax=2.000 rrate=0.00030
  27.73s  t=27550 phase=2 freq=210.0 | I[A]: A=2.23 B=2.34 C=1.96 D=1.81 | duty[%]: A=75.8 B=75.1 C=49.5 D=100.0 | spread=0.524 dir=0 r=1.875 rmax=2.000 rrate=0.00030
  28.23s  t=28051 phase=2 freq=210.0 | I[A]: A=2.19 B=2.18 C=1.95 D=1.79 | duty[%]: A=75.9 B=75.1 C=49.4 D=100.0 | spread=0.401 dir=0 r=1.875 rmax=2.000 rrate=0.00030
  28.73s  t=28551 phase=3 freq=210.0 | I[A]: A=2.01 B=2.01 C=1.73 D=1.74 | duty[%]: A=75.8 B=74.9 C=49.5 D=100.0 | spread=0.282 dir=0 r=1.875 rmax=2.000 rrate=0.00030
  29.23s  t=29052 phase=3 freq=210.0 | I[A]: A=0.08 B=0.08 C=0.00 D=0.32 | duty[%]: A=75.8 B=74.9 C=49.5 D=100.0 | spread=0.320 dir=0 r=1.875 rmax=2.000 rrate=0.00030
  29.64s  coils off
  29.73s  t=29553 phase=4 freq=210.0 | I[A]: A=0.00 B=0.00 C=0.00 D=0.00 | duty[%]: A=75.8 B=74.9 C=49.5 D=100.0 | spread=0.000 dir=0 r=1.875 rmax=2.000 rrate=0.00030
  30.23s  t=30054 phase=4 freq=210.0 | I[A]: A=0.00 B=0.00 C=0.00 D=0.00 | duty[%]: A=75.8 B=74.9 C=49.5 D=100.0 | spread=0.000 dir=0 r=1.875 rmax=2.000 rrate=0.00030
  30.73s  t=30554 phase=4 freq=210.0 | I[A]: A=0.00 B=0.00 C=0.00 D=0.00 | duty[%]: A=75.8 B=74.9 C=49.5 D=100.0 | spread=0.000 dir=0 r=1.875 rmax=2.000 rrate=0.00030
  31.24s  t=31055 phase=4 freq=210.0 | I[A]: A=0.00 B=0.00 C=0.00 D=0.00 | duty[%]: A=75.8 B=74.9 C=49.5 D=100.0 | spread=0.000 dir=0 r=1.875 rmax=2.000 rrate=0.00030
  31.74s  t=31555 phase=4 freq=210.0 | I[A]: A=0.00 B=0.00 C=0.00 D=0.00 | duty[%]: A=75.8 B=74.9 C=49.5 D=100.0 | spread=0.000 dir=0 r=1.875 rmax=2.000 rrate=0.00030
  32.24s  t=32056 phase=4 freq=210.0 | I[A]: A=0.00 B=0.00 C=0.00 D=0.00 | duty[%]: A=75.8 B=74.9 C=49.5 D=100.0 | spread=0.000 dir=0 r=1.875 rmax=2.000 rrate=0.00030
  32.74s  t=32556 phase=4 freq=210.0 | I[A]: A=0.00 B=0.00 C=0.00 D=0.00 | duty[%]: A=75.8 B=74.9 C=49.5 D=100.0 | spread=0.000 dir=0 r=1.875 rmax=2.000 rrate=0.00030
  33.24s  t=33057 phase=4 freq=210.0 | I[A]: A=0.00 B=0.00 C=0.00 D=0.00 | duty[%]: A=75.8 B=74.9 C=49.5 D=100.0 | spread=0.000 dir=0 r=1.875 rmax=2.000 rrate=0.00030
  33.74s  t=33558 phase=4 freq=210.0 | I[A]: A=0.00 B=0.00 C=0.00 D=0.00 | duty[%]: A=75.8 B=74.9 C=49.5 D=100.0 | spread=0.000 dir=0 r=1.875 rmax=2.000 rrate=0.00030
  34.24s  t=34058 phase=4 freq=210.0 | I[A]: A=0.00 B=0.00 C=0.00 D=0.00 | duty[%]: A=75.8 B=74.9 C=49.5 D=100.0 | spread=0.000 dir=0 r=1.875 rmax=2.000 rrate=0.00030
  34.74s  t=34559 phase=4 freq=210.0 | I[A]: A=0.00 B=0.00 C=0.00 D=0.00 | duty[%]: A=75.8 B=74.9 C=49.5 D=100.0 | spread=0.000 dir=0 r=1.875 rmax=2.000 rrate=0.00030
  35.24s  t=35059 phase=4 freq=210.0 | I[A]: A=0.00 B=0.00 C=0.00 D=0.00 | duty[%]: A=75.8 B=74.9 C=49.5 D=100.0 | spread=0.000 dir=0 r=1.875 rmax=2.000 rrate=0.00030
  35.74s  t=35560 phase=4 freq=210.0 | I[A]: A=0.00 B=0.00 C=0.00 D=0.00 | duty[%]: A=75.8 B=74.9 C=49.5 D=100.0 | spread=0.000 dir=0 r=1.875 rmax=2.000 rrate=0.00030
  36.24s  t=36061 phase=4 freq=210.0 | I[A]: A=0.00 B=0.00 C=0.00 D=0.00 | duty[%]: A=75.8 B=74.9 C=49.5 D=100.0 | spread=0.000 dir=0 r=1.875 rmax=2.000 rrate=0.00030
  36.74s  t=36562 phase=4 freq=210.0 | I[A]: A=0.00 B=0.00 C=0.00 D=0.00 | duty[%]: A=75.8 B=74.9 C=49.5 D=100.0 | spread=0.000 dir=0 r=1.875 rmax=2.000 rrate=0.00030
  37.24s  t=37062 phase=4 freq=210.0 | I[A]: A=0.00 B=0.00 C=0.00 D=0.00 | duty[%]: A=75.8 B=74.9 C=49.5 D=100.0 | spread=0.000 dir=0 r=1.875 rmax=2.000 rrate=0.00030
  37.74s  t=37563 phase=4 freq=210.0 | I[A]: A=0.00 B=0.00 C=0.00 D=0.00 | duty[%]: A=75.8 B=74.9 C=49.5 D=100.0 | spread=0.000 dir=0 r=1.875 rmax=2.000 rrate=0.00030
  38.24s  t=38064 phase=4 freq=210.0 | I[A]: A=0.00 B=0.00 C=0.00 D=0.00 | duty[%]: A=75.8 B=74.9 C=49.5 D=100.0 | spread=0.000 dir=0 r=1.875 rmax=2.000 rrate=0.00030
  38.74s  t=38564 phase=4 freq=210.0 | I[A]: A=0.00 B=0.00 C=0.00 D=0.00 | duty[%]: A=75.8 B=74.9 C=49.5 D=100.0 | spread=0.000 dir=0 r=1.875 rmax=2.000 rrate=0.00030
  39.24s  t=39064 phase=4 freq=210.0 | I[A]: A=0.00 B=0.00 C=0.00 D=0.00 | duty[%]: A=75.8 B=74.9 C=49.5 D=100.0 | spread=0.000 dir=0 r=1.875 rmax=2.000 rrate=0.00030
  39.75s  t=39565 phase=4 freq=210.0 | I[A]: A=0.00 B=0.00 C=0.00 D=0.00 | duty[%]: A=75.8 B=74.9 C=49.5 D=100.0 | spread=0.000 dir=0 r=1.875 rmax=2.000 rrate=0.00030
  40.25s  t=40065 phase=4 freq=210.0 | I[A]: A=0.00 B=0.00 C=0.00 D=0.00 | duty[%]: A=75.8 B=74.9 C=49.5 D=100.0 | spread=0.000 dir=0 r=1.875 rmax=2.000 rrate=0.00030
