   0.00s  000 rmax=2.000 rrate=0.00030
   0.00s  000 rmax=2.000 rrate=0.00030
   0.00s  000 rmax=2.000 rrate=0.00030
   0.00s  000 rmax=2.000 rrate=0.00030
   0.00s  000 rmax=2.000 rrate=0.00030
   0.00s  000 rmax=2.000 rrate=0.00030
   0.00s  000 rmax=2.000 rrate=0.00030
   0.00s  000 rmax=2.000 rrate=0.00030
   0.00s  000 rmax=2.000 rrate=0.00030
   0.00s  000 rmax=2.000 rrate=0.00030
   0.00s  000 rmax=2.000 rrate=0.00030
   0.00s  000 rmax=2.000 rrate=0.00030
   0.00s  000 rmax=2.000 rrate=0.00030
   0.00s  000 rmax=2.000 rrate=0.00030
   0.00s  000 rmax=2.000 rrate=0.00030
   0.00s  000 rmax=2.000 rrate=0.00030
   0.00s  000 rmax=2.000 rrate=0.00030
   0.00s  000 rmax=2.000 rrate=0.00030
   0.00s  000 rmax=2.000 rrate=0.00030
   0.00s  000 rmax=2.000 rrate=0.00030
   0.00s  000 rmax=2.000 rrate=0.00030
   0.00s  000 rmax=2.000 rrate=0.00030
   0.00s  000 rmax=2.000 rrate=0.00030
   0.00s  000 rmax=2.000 rrate=0.00030
   0.00s  000 rmax=2.000 rrate=0.00030
   0.00s  000 rmax=2.000 rrate=0.00030
   0.00s  000 rmax=2.000 rrate=0.00030
   0.00s  000 rmax=2.000 rrate=0.00030
   0.00s  000 rmax=2.000 rrate=0.00030
   0.00s  000 rmax=2.000 rrate=0.00030
   0.00s  000 rmax=2.000 rrate=0.00030
   0.00s  000 rmax=2.000 rrate=0.00030
   0.00s  000 rmax=2.000 rrate=0.00030
   0.00s  000 rmax=2.000 rrate=0.00030
   0.00s  000 rmax=2.000 rrate=0.00030
   0.00s  000 rmax=2.000 rrate=0.00030
   0.00s  000 rmax=2.000 rrate=0.00030
   0.00s  000 rmax=2.000 rrate=0.00030
   0.00s  000 rmax=2.000 rrate=0.00030
   0.00s  000 rmax=2.000 rrate=0.00030
   0.00s  000 rmax=2.000 rrate=0.00030
   0.00s  000 rmax=2.000 rrate=0.00030
   0.00s  000 rmax=2.000 rrate=0.00030
   0.00s  000 rmax=2.000 rrate=0.00030
   0.00s  000 rmax=2.000 rrate=0.00030
   0.00s  000 rmax=2.000 rrate=0.00030
   0.00s  000 rmax=2.000 rrate=0.00030
   0.00s  000 rmax=2.000 rrate=0.00030
   0.00s  000 rmax=2.000 rrate=0.00030
   0.00s  000 rmax=2.000 rrate=0.00030
   0.00s  000 rmax=2.000 rrate=0.00030
   0.00s  000 rmax=2.000 rrate=0.00030
   0.00s  000 rmax=2.000 rrate=0.00030
   0.00s  000 rmax=2.000 rrate=0.00030
   0.00s  000 rmax=2.000 rrate=0.00030
   0.00s  000 rmax=2.000 rrate=0.00030
   0.00s  000 rmax=2.000 rrate=0.00030
   0.00s  000 rmax=2.000 rrate=0.00030
   0.00s  000 rmax=2.000 rrate=0.00030
   0.00s  000 rmax=2.000 rrate=0.00030
   0.00s  000 rmax=2.000 rrate=0.00030
   0.00s  000 rmax=2.000 rrate=0.00030
   0.00s  000 rmax=2.000 rrate=0.00030
   0.00s  000 rmax=2.000 rrate=0.00030
   0.00s  000 rmax=2.000 rrate=0.00030
   0.00s  000 rmax=2.000 rrate=0.00030
   0.00s  000 rmax=2.000 rrate=0.00030
   0.00s  000 rmax=2.000 rrate=0.00030
   0.00s  000 rmax=2.000 rrate=0.00030
   0.00s  000 rmax=2.000 rrate=0.00030
   0.01s  000 rmax=2.000 rrate=0.00030
   0.01s  000 rmax=2.000 rrate=0.00030
   0.01s  000 rmax=2.000 rrate=0.00030
   0.01s  000 rmax=2.000 rrate=0.00030
   0.01s  000 rmax=2.000 rrate=0.00030
   0.01s  000 rmax=2.000 rrate=0.00030
   0.01s  000 rmax=2.000 rrate=0.00030
   0.01s  000 rmax=2.000 rrate=0.00030
   0.01s  000 rmax=2.000 rrate=0.00030
   0.01s  000 rmax=2.000 rrate=0.00030
   0.01s  000 rmax=2.000 rrate=0.00030
   0.01s  000 rmax=2.000 rrate=0.00030
   0.01s  000 rmax=2.000 rrate=0.00030
   0.01s  000 rmax=2.000 rrate=0.00030
   0.01s  000 rmax=2.000 rrate=0.00030
   0.01s  000 rmax=2.000 rrate=0.00030
   0.01s  000 rmax=2.000 rrate=0.00030
   0.01s  000 rmax=2.000 rrate=0.00030
   0.01s  000 rmax=2.000 rrate=0.00030
   0.01s  000 rmax=2.000 rrate=0.00030
   0.01s  000 rmax=2.000 rrate=0.00030
   0.01s  000 rmax=2.000 rrate=0.00030
   0.01s  000 rmax=2.000 rrate=0.00030
   0.01s  000 rmax=2.000 rrate=0.00030
   0.01s  000 rmax=2.000 rrate=0.00030
   0.01s  000 rmax=2.000 rrate=0.00030
   0.01s  000 rmax=2.000 rrate=0.00030
   0.01s  000 rmax=2.000 rrate=0.00030
   0.01s  000 rmax=2.000 rrate=0.00030
   0.01s  000 rmax=2.000 rrate=0.00030
   0.01s  000 rmax=2.000 rrate=0.00030
   0.01s  000 rmax=2.000 rrate=0.00030
   0.01s  000 rmax=2.000 rrate=0.00030
   0.01s  000 rmax=2.000 rrate=0.00030
   0.01s  000 rmax=2.000 rrate=0.00030
   0.01s  000 rmax=2.000 rrate=0.00030
   0.01s  000 rmax=2.000 rrate=0.00030
   0.01s  000 rmax=2.000 rrate=0.00030
   0.01s  000 rmax=2.000 rrate=0.00030
   0.01s  000 rmax=2.000 rrate=0.00030
   0.01s  000 rmax=2.000 rrate=0.00030
   0.01s  000 rmax=2.000 rrate=0.00030
   0.01s  000 rmax=2.000 rrate=0.00030
   0.01s  000 rmax=2.000 rrate=0.00030
   0.01s  000 rmax=2.000 rrate=0.00030
   0.01s  000 rmax=2.000 rrate=0.00030
   0.01s  000 rmax=2.000 rrate=0.00030
   0.01s  000 rmax=2.000 rrate=0.00030
   0.01s  000 rmax=2.000 rrate=0.00030
   0.01s  000 rmax=2.000 rrate=0.00030
   0.01s  000 rmax=2.000 rrate=0.00030
   0.01s  000 rmax=2.000 rrate=0.00030
   0.01s  000 rmax=2.000 rrate=0.00030
   0.01s  000 rmax=2.000 rrate=0.00030
   0.01s  000 rmax=2.000 rrate=0.00030
   0.01s  000 rmax=2.000 rrate=0.00030
   0.01s  000 rmax=2.000 rrate=0.00030
   0.01s  000 rmax=2.000 rrate=0.00030
   0.01s  000 rmax=2.000 rrate=0.00030
   0.01s  000 rmax=2.000 rrate=0.00030
   0.01s  000 rmax=2.000 rrate=0.00030
   0.01s  000 rmax=2.000 rrate=0.00030
   0.01s  000 rmax=2.000 rrate=0.00030
   0.01s  000 rmax=2.000 rrate=0.00030
   0.01s  000 rmax=2.000 rrate=0.00030
   0.01s  000 rmax=2.000 rrate=0.00030
   0.01s  000 rmax=2.000 rrate=0.00030
   0.01s  000 rmax=2.000 rrate=0.00030
   0.01s  000 rmax=2.000 rrate=0.00030
   0.01s  ets Jul 29 2019 12:21:46
   0.01s  
   0.01s  rst:0x1 (POWERON_RESET),boot:0x13 (SPI_FAST_FLASH_BOOT)
   0.01s  configsip: 0, SPIWP:0xee
   0.02s  clk_drv:0x00,q_drv:0x00,d_drv:0x00,cs0_drv:0x00,hd_drv:0x00,wp_drv:0x00
   0.02s  mode:DIO, clock div:2
   0.02s  load:0x3fff0030,len:1184
   0.03s  load:0x40078000,len:13232
   0.03s  load:0x40080400,len:3028
   0.03s  entry 0x400805e4
   1.20s  state_space: dual-core, arming 3s, then autonomous 1->210Hz ramp + LQID, bounded run
   1.21s  commands: dir=cw|ccw  rmax=/rrate=<val>  gains?
   1.21s  direction=CCW
   1.22s  t=1038 phase=0 freq=1.0 | I[A]: A=0.00 B=0.00 C=0.00 D=0.00 | duty[%]: A=50.0 B=50.0 C=50.0 D=50.0 | spread=0.000 dir=1 r=0.000 rmax=8.000 rrate=0.00030
   1.22s  R_MAX=2.000 R_RAMP=0.00030
   1.72s  t=1538 phase=0 freq=1.0 | I[A]: A=0.00 B=0.00 C=0.00 D=0.00 | duty[%]: A=50.0 B=50.0 C=50.0 D=50.0 | spread=0.000 dir=1 r=0.000 rmax=2.000 rrate=0.00030
   2.22s  t=2038 phase=0 freq=1.0 | I[A]: A=0.00 B=0.00 C=0.00 D=0.00 | duty[%]: A=50.0 B=50.0 C=50.0 D=50.0 | spread=0.000 dir=1 r=0.000 rmax=2.000 rrate=0.00030
   2.72s  t=2538 phase=0 freq=1.0 | I[A]: A=0.00 B=0.00 C=0.00 D=0.00 | duty[%]: A=50.0 B=50.0 C=50.0 D=50.0 | spread=0.000 dir=1 r=0.000 rmax=2.000 rrate=0.00030
   3.22s  t=3038 phase=0 freq=1.0 | I[A]: A=0.00 B=0.00 C=0.00 D=0.00 | duty[%]: A=50.0 B=50.0 C=50.0 D=50.0 | spread=0.000 dir=1 r=0.000 rmax=2.000 rrate=0.00030
   3.72s  t=3538 phase=0 freq=1.0 | I[A]: A=0.00 B=0.00 C=0.00 D=0.00 | duty[%]: A=50.0 B=50.0 C=50.0 D=50.0 | spread=0.000 dir=1 r=0.000 rmax=2.000 rrate=0.00030
   4.22s  t=4038 phase=0 freq=1.0 | I[A]: A=0.00 B=0.00 C=0.00 D=0.00 | duty[%]: A=50.0 B=50.0 C=50.0 D=50.0 | spread=0.000 dir=1 r=0.000 rmax=2.000 rrate=0.00030
   4.72s  t=4538 phase=1 freq=1.3 | I[A]: A=0.00 B=0.00 C=0.00 D=0.00 | duty[%]: A=5.0 B=5.0 C=5.6 D=5.0 | spread=0.000 dir=1 r=0.150 rmax=2.000 rrate=0.00030
   5.22s  t=5038 phase=1 freq=2.4 | I[A]: A=0.00 B=0.00 C=0.00 D=0.00 | duty[%]: A=6.2 B=5.9 C=14.2 D=5.0 | spread=0.000 dir=1 r=0.300 rmax=2.000 rrate=0.00030
   5.72s  t=5538 phase=1 freq=4.2 | I[A]: A=0.00 B=0.00 C=0.00 D=0.00 | duty[%]: A=10.1 B=9.9 C=22.3 D=5.0 | spread=0.000 dir=1 r=0.450 rmax=2.000 rrate=0.00030
   6.22s  t=6038 phase=1 freq=6.7 | I[A]: A=0.00 B=0.00 C=0.00 D=0.00 | duty[%]: A=14.2 B=14.0 C=30.6 D=6.8 | spread=0.000 dir=1 r=0.600 rmax=2.000 rrate=0.00030
   6.72s  t=6538 phase=1 freq=9.8 | I[A]: A=0.00 B=0.00 C=0.01 D=0.00 | duty[%]: A=18.9 B=18.6 C=39.0 D=9.2 | spread=0.005 dir=1 r=0.750 rmax=2.000 rrate=0.00030
   7.22s  t=7038 phase=1 freq=13.5 | I[A]: A=0.00 B=0.03 C=0.18 D=0.00 | duty[%]: A=23.8 B=23.4 C=47.9 D=11.7 | spread=0.179 dir=1 r=0.900 rmax=2.000 rrate=0.00030
   7.72s  t=7538 phase=1 freq=17.7 | I[A]: A=0.00 B=0.00 C=0.00 D=0.00 | duty[%]: A=29.9 B=29.4 C=56.5 D=15.1 | spread=0.003 dir=1 r=1.050 rmax=2.000 rrate=0.00030
   8.22s  t=8038 phase=1 freq=22.5 | I[A]: A=0.05 B=0.04 C=0.27 D=0.00 | duty[%]: A=36.5 B=35.7 C=65.3 D=19.0 | spread=0.268 dir=1 r=1.200 rmax=2.000 rrate=0.00030
   8.72s  t=8538 phase=1 freq=27.7 | I[A]: A=0.06 B=0.38 C=0.09 D=0.00 | duty[%]: A=42.7 B=42.0 C=74.3 D=23.7 | spread=0.378 dir=1 r=1.350 rmax=2.000 rrate=0.00030
   9.22s  t=9038 phase=1 freq=33.4 | I[A]: A=0.37 B=0.15 C=0.54 D=0.02 | duty[%]: A=48.4 B=47.9 C=83.8 D=29.1 | spread=0.516 dir=1 r=1.500 rmax=2.000 rrate=0.00030
   9.72s  t=9538 phase=1 freq=39.4 | I[A]: A=0.10 B=0.24 C=0.62 D=0.18 | duty[%]: A=56.7 B=55.0 C=92.5 D=36.2 | spread=0.524 dir=1 r=1.650 rmax=2.000 rrate=0.00030
  10.22s  t=10038 phase=1 freq=45.8 | I[A]: A=0.49 B=0.67 C=0.82 D=0.16 | duty[%]: A=66.4 B=63.0 C=100.0 D=45.8 | spread=0.653 dir=1 r=1.785 rmax=2.000 rrate=0.00030
  10.72s  t=10538 phase=1 freq=52.5 | I[A]: A=0.54 B=0.34 C=0.59 D=0.33 | duty[%]: A=79.3 B=74.1 C=100.0 D=56.0 | spread=0.257 dir=1 r=1.830 rmax=2.000 rrate=0.00030
  11.22s  t=11038 phase=1 freq=59.5 | I[A]: A=0.77 B=0.79 C=1.09 D=0.40 | duty[%]: A=90.3 B=85.5 C=100.0 D=65.4 | spread=0.695 dir=1 r=1.860 rmax=2.000 rrate=0.00030
  11.72s  t=11538 phase=1 freq=66.8 | I[A]: A=0.61 B=0.64 C=1.13 D=0.23 | duty[%]: A=99.5 B=96.5 C=100.0 D=76.1 | spread=0.903 dir=1 r=1.890 rmax=2.000 rrate=0.00030
  12.22s  t=12038 phase=1 freq=74.2 | I[A]: A=0.45 B=0.64 C=1.13 D=0.41 | duty[%]: A=100.0 B=100.0 C=100.0 D=90.7 | spread=0.728 dir=1 r=1.890 rmax=2.000 rrate=0.00030
  12.72s  t=12538 phase=1 freq=81.8 | I[A]: A=1.14 B=0.18 C=2.31 D=0.23 | duty[%]: A=100.0 B=100.0 C=100.0 D=100.0 | spread=2.128 dir=1 r=1.890 rmax=2.000 rrate=0.00030
  13.22s  t=13038 phase=1 freq=89.5 | I[A]: A=0.63 B=1.63 C=0.60 D=1.56 | duty[%]: A=100.0 B=99.9 C=100.0 D=100.0 | spread=1.035 dir=1 r=1.890 rmax=2.000 rrate=0.00030
  13.72s  t=13538 phase=1 freq=97.3 | I[A]: A=1.22 B=1.32 C=1.20 D=1.19 | duty[%]: A=100.0 B=100.0 C=100.0 D=100.0 | spread=0.136 dir=1 r=1.890 rmax=2.000 rrate=0.00030
  14.22s  t=14038 phase=1 freq=105.1 | I[A]: A=1.36 B=1.83 C=1.34 D=1.73 | duty[%]: A=100.0 B=100.0 C=100.0 D=100.0 | spread=0.486 dir=1 r=1.890 rmax=2.000 rrate=0.00030
  14.72s  t=14538 phase=1 freq=112.9 | I[A]: A=1.69 B=2.11 C=1.51 D=2.26 | duty[%]: A=99.8 B=100.0 C=100.0 D=100.0 | spread=0.749 dir=1 r=1.890 rmax=2.000 rrate=0.00030
  15.22s  t=15038 phase=1 freq=120.7 | I[A]: A=1.96 B=2.50 C=1.68 D=2.78 | duty[%]: A=99.7 B=98.4 C=100.0 D=95.2 | spread=1.098 dir=1 r=1.905 rmax=2.000 rrate=0.00030
  15.72s  t=15538 phase=1 freq=128.5 | I[A]: A=2.21 B=2.44 C=1.87 D=3.05 | duty[%]: A=98.7 B=92.0 C=100.0 D=88.5 | spread=1.182 dir=1 r=1.905 rmax=2.000 rrate=0.00030
  16.22s  t=16038 phase=1 freq=136.1 | I[A]: A=2.59 B=2.79 C=2.39 D=3.09 | duty[%]: A=93.0 B=88.2 C=100.0 D=78.6 | spread=0.696 dir=1 r=1.905 rmax=2.000 rrate=0.00030
  16.72s  t=16538 phase=1 freq=143.5 | I[A]: A=2.85 B=2.97 C=2.62 D=3.23 | duty[%]: A=89.2 B=84.2 C=100.0 D=68.3 | spread=0.617 dir=1 r=1.905 rmax=2.000 rrate=0.00030
  17.22s  t=17038 phase=1 freq=150.8 | I[A]: A=2.86 B=2.93 C=2.61 D=2.70 | duty[%]: A=83.0 B=79.4 C=100.0 D=59.4 | spread=0.327 dir=1 r=1.905 rmax=2.000 rrate=0.00030
  17.72s  t=17538 phase=1 freq=157.8 | I[A]: A=2.31 B=2.77 C=2.07 D=3.59 | duty[%]: A=77.1 B=75.5 C=100.0 D=52.4 | spread=1.516 dir=1 r=1.905 rmax=2.000 rrate=0.00030
  18.22s  t=18038 phase=1 freq=164.5 | I[A]: A=1.17 B=3.82 C=2.99 D=3.36 | duty[%]: A=74.8 B=71.9 C=100.0 D=49.4 | spread=2.656 dir=1 r=1.905 rmax=2.000 rrate=0.00030
  18.72s  t=18538 phase=1 freq=171.0 | I[A]: A=2.08 B=2.62 C=1.87 D=2.91 | duty[%]: A=64.8 B=76.6 C=100.0 D=40.6 | spread=1.035 dir=1 r=1.905 rmax=2.000 rrate=0.00030
  19.22s  t=19038 phase=1 freq=177.1 | I[A]: A=1.96 B=3.12 C=2.87 D=1.72 | duty[%]: A=66.4 B=70.7 C=100.0 D=43.9 | spread=1.393 dir=1 r=1.905 rmax=2.000 rrate=0.00030
  19.72s  t=19538 phase=1 freq=182.7 | I[A]: A=2.12 B=2.50 C=2.62 D=2.21 | duty[%]: A=69.4 B=68.7 C=100.0 D=45.3 | spread=0.500 dir=1 r=1.920 rmax=2.000 rrate=0.00030
  20.22s  t=20038 phase=1 freq=188.0 | I[A]: A=2.48 B=1.86 C=1.91 D=2.37 | duty[%]: A=69.8 B=68.5 C=100.0 D=44.7 | spread=0.624 dir=1 r=1.950 rmax=2.000 rrate=0.00030
  20.72s  t=20538 phase=1 freq=192.8 | I[A]: A=2.05 B=2.23 C=2.30 D=1.97 | duty[%]: A=69.7 B=68.1 C=100.0 D=46.8 | spread=0.332 dir=1 r=1.950 rmax=2.000 rrate=0.00030
  21.22s  t=21038 phase=1 freq=197.1 | I[A]: A=2.02 B=2.06 C=2.22 D=1.99 | duty[%]: A=69.8 B=68.5 C=100.0 D=47.7 | spread=0.228 dir=1 r=1.965 rmax=2.000 rrate=0.00030
  21.72s  t=21538 phase=1 freq=200.9 | I[A]: A=1.94 B=2.14 C=2.18 D=1.88 | duty[%]: A=71.6 B=69.2 C=100.0 D=50.3 | spread=0.292 dir=1 r=1.980 rmax=2.000 rrate=0.00030
  22.22s  t=22038 phase=1 freq=204.0 | I[A]: A=2.03 B=1.90 C=1.89 D=1.97 | duty[%]: A=73.3 B=69.3 C=100.0 D=51.1 | spread=0.143 dir=1 r=1.995 rmax=2.000 rrate=0.00030
  22.72s  t=22538 phase=1 freq=206.6 | I[A]: A=2.02 B=1.98 C=1.79 D=1.72 | duty[%]: A=73.1 B=69.7 C=100.0 D=51.0 | spread=0.308 dir=1 r=1.995 rmax=2.000 rrate=0.00030
  23.22s  t=23038 phase=1 freq=208.4 | I[A]: A=2.30 B=2.48 C=2.57 D=2.12 | duty[%]: A=73.0 B=70.2 C=100.0 D=54.5 | spread=0.449 dir=1 r=1.995 rmax=2.000 rrate=0.00030
  23.72s  t=23538 phase=2 freq=209.6 | I[A]: A=2.10 B=2.04 C=2.08 D=2.11 | duty[%]: A=74.0 B=71.0 C=100.0 D=53.9 | spread=0.072 dir=1 r=2.000 rmax=2.000 rrate=0.00030
  24.22s  t=24038 phase=2 freq=210.0 | I[A]: A=1.97 B=1.71 C=1.59 D=2.01 | duty[%]: A=74.9 B=71.3 C=99.9 D=54.5 | spread=0.418 dir=1 r=2.000 rmax=2.000 rrate=0.00030
  24.72s  t=24538 phase=2 freq=210.0 | I[A]: A=2.09 B=2.08 C=1.84 D=1.87 | duty[%]: A=75.6 B=71.1 C=99.9 D=55.0 | spread=0.242 dir=1 r=2.000 rmax=2.000 rrate=0.00030
  25.22s  t=25038 phase=2 freq=210.0 | I[A]: A=2.21 B=2.03 C=1.66 D=2.17 | duty[%]: A=73.9 B=72.8 C=100.0 D=53.5 | spread=0.551 dir=1 r=2.000 rmax=2.000 rrate=0.00030
  25.72s  t=25538 phase=2 freq=210.0 | I[A]: A=1.93 B=1.66 C=1.58 D=2.03 | duty[%]: A=73.3 B=73.5 C=100.0 D=52.1 | spread=0.458 dir=1 r=2.000 rmax=2.000 rrate=0.00030
  26.22s  t=26038 phase=2 freq=210.0 | I[A]: A=1.87 B=1.83 C=1.62 D=2.04 | duty[%]: A=73.0 B=74.4 C=100.0 D=52.6 | spread=0.417 dir=1 r=2.000 rmax=2.000 rrate=0.00030
  26.72s  t=26538 phase=2 freq=210.0 | I[A]: A=1.82 B=1.93 C=1.67 D=2.00 | duty[%]: A=72.8 B=74.6 C=100.0 D=53.4 | spread=0.337 dir=1 r=2.000 rmax=2.000 rrate=0.00030
  27.22s  t=27038 phase=2 freq=210.0 | I[A]: A=1.71 B=1.97 C=1.69 D=1.84 | duty[%]: A=74.4 B=73.3 C=100.0 D=55.1 | spread=0.284 dir=1 r=2.000 rmax=2.000 rrate=0.00030
  27.72s  t=27538 phase=2 freq=210.0 | I[A]: A=2.02 B=1.83 C=1.60 D=1.95 | duty[%]: A=74.7 B=73.8 C=99.9 D=54.0 | spread=0.419 dir=1 r=2.000 rmax=2.000 rrate=0.00030
  28.22s  t=28038 phase=2 freq=210.0 | I[A]: A=2.07 B=2.31 C=2.12 D=1.91 | duty[%]: A=74.4 B=73.9 C=100.0 D=53.2 | spread=0.397 dir=1 r=2.000 rmax=2.000 rrate=0.00030
  28.72s  t=28538 phase=3 freq=210.0 | I[A]: A=2.10 B=2.07 C=1.65 D=2.32 | duty[%]: A=73.7 B=73.8 C=100.0 D=53.5 | spread=0.665 dir=1 r=2.000 rmax=2.000 rrate=0.00030
  29.22s  t=29038 phase=3 freq=210.0 | I[A]: A=0.21 B=0.20 C=0.60 D=0.02 | duty[%]: A=73.7 B=73.8 C=100.0 D=53.5 | spread=0.580 dir=1 r=2.000 rmax=2.000 rrate=0.00030
  29.72s  t=29538 phase=3 freq=210.0 | I[A]: A=0.00 B=0.00 C=0.00 D=0.00 | duty[%]: A=73.7 B=73.8 C=100.0 D=53.5 | spread=0.001 dir=1 r=2.000 rmax=2.000 rrate=0.00030
  30.22s  t=30038 phase=4 freq=210.0 | I[A]: A=0.00 B=0.00 C=0.00 D=0.00 | duty[%]: A=73.7 B=73.8 C=100.0 D=53.5 | spread=0.000 dir=1 r=2.000 rmax=2.000 rrate=0.00030
  30.72s  t=30538 phase=4 freq=210.0 | I[A]: A=0.00 B=0.00 C=0.00 D=0.00 | duty[%]: A=73.7 B=73.8 C=100.0 D=53.5 | spread=0.000 dir=1 r=2.000 rmax=2.000 rrate=0.00030
  31.22s  t=31038 phase=4 freq=210.0 | I[A]: A=0.00 B=0.00 C=0.00 D=0.00 | duty[%]: A=73.7 B=73.8 C=100.0 D=53.5 | spread=0.000 dir=1 r=2.000 rmax=2.000 rrate=0.00030
  31.72s  t=31538 phase=4 freq=210.0 | I[A]: A=0.00 B=0.00 C=0.00 D=0.00 | duty[%]: A=73.7 B=73.8 C=100.0 D=53.5 | spread=0.000 dir=1 r=2.000 rmax=2.000 rrate=0.00030
  32.22s  t=32038 phase=4 freq=210.0 | I[A]: A=0.00 B=0.00 C=0.00 D=0.00 | duty[%]: A=73.7 B=73.8 C=100.0 D=53.5 | spread=0.000 dir=1 r=2.000 rmax=2.000 rrate=0.00030
  32.72s  t=32538 phase=4 freq=210.0 | I[A]: A=0.00 B=0.00 C=0.00 D=0.00 | duty[%]: A=73.7 B=73.8 C=100.0 D=53.5 | spread=0.000 dir=1 r=2.000 rmax=2.000 rrate=0.00030
  33.22s  t=33038 phase=4 freq=210.0 | I[A]: A=0.00 B=0.00 C=0.00 D=0.00 | duty[%]: A=73.7 B=73.8 C=100.0 D=53.5 | spread=0.000 dir=1 r=2.000 rmax=2.000 rrate=0.00030
  33.72s  t=33538 phase=4 freq=210.0 | I[A]: A=0.00 B=0.00 C=0.00 D=0.00 | duty[%]: A=73.7 B=73.8 C=100.0 D=53.5 | spread=0.000 dir=1 r=2.000 rmax=2.000 rrate=0.00030
  34.22s  t=34038 phase=4 freq=210.0 | I[A]: A=0.00 B=0.00 C=0.00 D=0.00 | duty[%]: A=73.7 B=73.8 C=100.0 D=53.5 | spread=0.000 dir=1 r=2.000 rmax=2.000 rrate=0.00030
  34.72s  t=34538 phase=4 freq=210.0 | I[A]: A=0.00 B=0.00 C=0.00 D=0.00 | duty[%]: A=73.7 B=73.8 C=100.0 D=53.5 | spread=0.000 dir=1 r=2.000 rmax=2.000 rrate=0.00030
  35.22s  t=35038 phase=4 freq=210.0 | I[A]: A=0.00 B=0.00 C=0.00 D=0.00 | duty[%]: A=73.7 B=73.8 C=100.0 D=53.5 | spread=0.000 dir=1 r=2.000 rmax=2.000 rrate=0.00030
  35.72s  t=35538 phase=4 freq=210.0 | I[A]: A=0.00 B=0.00 C=0.00 D=0.00 | duty[%]: A=73.7 B=73.8 C=100.0 D=53.5 | spread=0.000 dir=1 r=2.000 rmax=2.000 rrate=0.00030
  36.22s  t=36038 phase=4 freq=210.0 | I[A]: A=0.00 B=0.00 C=0.00 D=0.00 | duty[%]: A=73.7 B=73.8 C=100.0 D=53.5 | spread=0.000 dir=1 r=2.000 rmax=2.000 rrate=0.00030
  36.72s  t=36538 phase=4 freq=210.0 | I[A]: A=0.00 B=0.00 C=0.00 D=0.00 | duty[%]: A=73.7 B=73.8 C=100.0 D=53.5 | spread=0.000 dir=1 r=2.000 rmax=2.000 rrate=0.00030
  37.22s  t=37038 phase=4 freq=210.0 | I[A]: A=0.00 B=0.00 C=0.00 D=0.00 | duty[%]: A=73.7 B=73.8 C=100.0 D=53.5 | spread=0.000 dir=1 r=2.000 rmax=2.000 rrate=0.00030
  37.72s  t=37538 phase=4 freq=210.0 | I[A]: A=0.00 B=0.00 C=0.00 D=0.00 | duty[%]: A=73.7 B=73.8 C=100.0 D=53.5 | spread=0.000 dir=1 r=2.000 rmax=2.000 rrate=0.00030
  38.22s  t=38038 phase=4 freq=210.0 | I[A]: A=0.00 B=0.00 C=0.00 D=0.00 | duty[%]: A=73.7 B=73.8 C=100.0 D=53.5 | spread=0.000 dir=1 r=2.000 rmax=2.000 rrate=0.00030
  38.72s  t=38538 phase=4 freq=210.0 | I[A]: A=0.00 B=0.00 C=0.00 D=0.00 | duty[%]: A=73.7 B=73.8 C=100.0 D=53.5 | spread=0.000 dir=1 r=2.000 rmax=2.000 rrate=0.00030
  39.22s  t=39038 phase=4 freq=210.0 | I[A]: A=0.00 B=0.00 C=0.00 D=0.00 | duty[%]: A=73.7 B=73.8 C=100.0 D=53.5 | spread=0.000 dir=1 r=2.000 rmax=2.000 rrate=0.00030
  39.72s  t=39538 phase=4 freq=210.0 | I[A]: A=0.00 B=0.00 C=0.00 D=0.00 | duty[%]: A=73.7 B=73.8 C=100.0 D=53.5 | spread=0.000 dir=1 r=2.000 rmax=2.000 rrate=0.00030
  40.22s  t=40038 phase=4 freq=210.0 | I[A]: A=0.00 B=0.00 C=0.00 D=0.00 | duty[%]: A=73.7 B=73.8 C=100.0 D=53.5 | spread=0.000 dir=1 r=2.000 rmax=2.000 rrate=0.00030
