   0.02s  ets Jul 29 2019 12:21:46
   0.02s  rst:0x1 (POWERON_RESET),boot:0x13 (SPI_FAST_FLASH_BOOT)
   0.02s  configsip: 0, SPIWP:0xee
   0.02s  clk_drv:0x00,q_drv:0x00,d_drv:0x00,cs0_drv:0x00,hd_drv:0x00,wp_drv:0x00
   0.04s  mode:DIO, clock div:2
   0.04s  load:0x3fff0030,len:1184
   0.04s  load:0x40078000,len:13232
   0.04s  load:0x40080400,len:3028
   0.04s  entry 0x400805e4
   1.35s  main_experiment: arming 3000ms, then loading /experiment.json
   4.35s  ARMED -> running experiment
   4.37s  t=4163 label=STEP_A_BASELINE | I[A]: A=0.00 B=0.00 C=0.00 D=0.00 | duty[%]: A=30.0 B=30.0 C=30.0 D=30.0
   4.37s  t=4163 label=STEP_A_BASELINE | I[A]: A=0.00 B=0.00 C=0.00 D=0.00 | duty[%]: A=30.0 B=30.0 C=30.0 D=30.0
   4.56s  t=4364 label=STEP_A_BASELINE | I[A]: A=0.03 B=0.03 C=0.00 D=0.40 | duty[%]: A=30.0 B=30.0 C=30.0 D=30.0
   4.76s  t=4564 label=STEP_A_BASELINE | I[A]: A=0.02 B=0.03 C=0.00 D=0.40 | duty[%]: A=30.0 B=30.0 C=30.0 D=30.0
   4.96s  t=4765 label=STEP_A_BASELINE | I[A]: A=0.02 B=0.02 C=0.00 D=0.42 | duty[%]: A=30.0 B=30.0 C=30.0 D=30.0
   5.16s  t=4965 label=STEP_A_BASELINE | I[A]: A=0.02 B=0.02 C=0.00 D=0.40 | duty[%]: A=30.0 B=30.0 C=30.0 D=30.0
   5.36s  t=5165 label=STEP_A_BASELINE | I[A]: A=0.02 B=0.03 C=0.00 D=0.41 | duty[%]: A=30.0 B=30.0 C=30.0 D=30.0
   5.56s  t=5365 label=STEP_A_BASELINE | I[A]: A=0.02 B=0.02 C=0.00 D=0.41 | duty[%]: A=30.0 B=30.0 C=30.0 D=30.0
   5.77s  t=5565 label=STEP_A_BASELINE | I[A]: A=0.02 B=0.03 C=0.00 D=0.44 | duty[%]: A=30.0 B=30.0 C=30.0 D=30.0
   5.97s  t=5766 label=STEP_A_BASELINE | I[A]: A=0.03 B=0.03 C=0.00 D=0.47 | duty[%]: A=30.0 B=30.0 C=30.0 D=30.0
   6.17s  t=5966 label=STEP_A_BASELINE | I[A]: A=0.02 B=0.03 C=0.00 D=0.39 | duty[%]: A=30.0 B=30.0 C=30.0 D=30.0
   6.37s  t=6166 label=STEP_A_BASELINE | I[A]: A=0.02 B=0.03 C=0.00 D=0.43 | duty[%]: A=30.0 B=30.0 C=30.0 D=30.0
   6.57s  t=6366 label=STEP_A_BASELINE | I[A]: A=0.03 B=0.04 C=0.00 D=0.55 | duty[%]: A=30.0 B=30.0 C=30.0 D=30.0
   6.77s  t=6566 label=STEP_A_BASELINE | I[A]: A=0.03 B=0.03 C=0.00 D=0.41 | duty[%]: A=30.0 B=30.0 C=30.0 D=30.0
   6.98s  t=6766 label=STEP_A_BASELINE | I[A]: A=0.02 B=0.04 C=0.00 D=0.41 | duty[%]: A=30.0 B=30.0 C=30.0 D=30.0
   7.18s  t=6966 label=STEP_A_BASELINE | I[A]: A=0.01 B=0.03 C=0.00 D=0.40 | duty[%]: A=30.0 B=30.0 C=30.0 D=30.0
   7.38s  t=7165 label=STEP_A_STEPPED | I[A]: A=0.03 B=0.03 C=0.00 D=0.38 | duty[%]: A=45.0 B=30.0 C=30.0 D=30.0
   7.38s  t=7169 label=STEP_A_STEPPED | I[A]: A=0.06 B=0.04 C=0.00 D=0.38 | duty[%]: A=45.0 B=30.0 C=30.0 D=30.0
   7.58s  t=7370 label=STEP_A_STEPPED | I[A]: A=0.61 B=0.02 C=0.00 D=0.55 | duty[%]: A=45.0 B=30.0 C=30.0 D=30.0
   7.76s  t=7570 label=STEP_A_STEPPED | I[A]: A=0.60 B=0.01 C=0.00 D=0.53 | duty[%]: A=45.0 B=30.0 C=30.0 D=30.0
   7.96s  t=7770 label=STEP_A_STEPPED | I[A]: A=0.67 B=0.02 C=0.00 D=0.52 | duty[%]: A=45.0 B=30.0 C=30.0 D=30.0
   8.17s  t=7970 label=STEP_A_STEPPED | I[A]: A=0.61 B=0.02 C=0.00 D=0.56 | duty[%]: A=45.0 B=30.0 C=30.0 D=30.0
   8.37s  t=8170 label=STEP_A_STEPPED | I[A]: A=0.61 B=0.02 C=0.00 D=0.56 | duty[%]: A=45.0 B=30.0 C=30.0 D=30.0
   8.57s  t=8370 label=STEP_A_STEPPED | I[A]: A=0.63 B=0.02 C=0.00 D=0.56 | duty[%]: A=45.0 B=30.0 C=30.0 D=30.0
   8.77s  t=8570 label=STEP_A_STEPPED | I[A]: A=0.64 B=0.02 C=0.00 D=0.58 | duty[%]: A=45.0 B=30.0 C=30.0 D=30.0
   8.97s  t=8770 label=STEP_A_STEPPED | I[A]: A=0.62 B=0.03 C=0.00 D=0.58 | duty[%]: A=45.0 B=30.0 C=30.0 D=30.0
   9.17s  t=8971 label=STEP_A_STEPPED | I[A]: A=0.63 B=0.03 C=0.00 D=0.54 | duty[%]: A=45.0 B=30.0 C=30.0 D=30.0
   9.37s  t=9171 label=STEP_A_STEPPED | I[A]: A=0.65 B=0.03 C=0.00 D=0.52 | duty[%]: A=45.0 B=30.0 C=30.0 D=30.0
   9.58s  t=9371 label=STEP_A_STEPPED | I[A]: A=0.63 B=0.01 C=0.00 D=0.55 | duty[%]: A=45.0 B=30.0 C=30.0 D=30.0
   9.78s  t=9571 label=STEP_A_STEPPED | I[A]: A=0.63 B=0.03 C=0.00 D=0.51 | duty[%]: A=45.0 B=30.0 C=30.0 D=30.0
   9.98s  t=9771 label=STEP_A_STEPPED | I[A]: A=0.62 B=0.03 C=0.00 D=0.56 | duty[%]: A=45.0 B=30.0 C=30.0 D=30.0
  10.18s  t=9971 label=STEP_A_STEPPED | I[A]: A=0.64 B=0.02 C=0.00 D=0.55 | duty[%]: A=45.0 B=30.0 C=30.0 D=30.0
  10.36s  t=10166 label=STEP_A_RECOVER | I[A]: A=0.61 B=0.02 C=0.00 D=0.56 | duty[%]: A=30.0 B=30.0 C=30.0 D=30.0
  10.38s  t=10171 label=STEP_A_RECOVER | I[A]: A=0.59 B=0.03 C=0.00 D=0.55 | duty[%]: A=30.0 B=30.0 C=30.0 D=30.0
  10.56s  t=10372 label=STEP_A_RECOVER | I[A]: A=0.04 B=0.03 C=0.00 D=0.45 | duty[%]: A=30.0 B=30.0 C=30.0 D=30.0
  10.77s  t=10572 label=STEP_A_RECOVER | I[A]: A=0.03 B=0.02 C=0.00 D=0.43 | duty[%]: A=30.0 B=30.0 C=30.0 D=30.0
  10.97s  t=10772 label=STEP_A_RECOVER | I[A]: A=0.03 B=0.02 C=0.00 D=0.44 | duty[%]: A=30.0 B=30.0 C=30.0 D=30.0
  11.17s  t=10972 label=STEP_A_RECOVER | I[A]: A=0.02 B=0.03 C=0.00 D=0.44 | duty[%]: A=30.0 B=30.0 C=30.0 D=30.0
  11.37s  t=11166 label=STEP_B_BASELINE | I[A]: A=0.02 B=0.03 C=0.00 D=0.46 | duty[%]: A=30.0 B=30.0 C=30.0 D=30.0
  11.37s  t=11173 label=STEP_B_BASELINE | I[A]: A=0.03 B=0.03 C=0.00 D=0.47 | duty[%]: A=30.0 B=30.0 C=30.0 D=30.0
  11.57s  t=11373 label=STEP_B_BASELINE | I[A]: A=0.04 B=0.03 C=0.00 D=0.42 | duty[%]: A=30.0 B=30.0 C=30.0 D=30.0
  11.78s  t=11573 label=STEP_B_BASELINE | I[A]: A=0.03 B=0.03 C=0.00 D=0.40 | duty[%]: A=30.0 B=30.0 C=30.0 D=30.0
  11.98s  t=11773 label=STEP_B_BASELINE | I[A]: A=0.03 B=0.03 C=0.00 D=0.80 | duty[%]: A=30.0 B=30.0 C=30.0 D=30.0
  12.18s  t=11974 label=STEP_B_BASELINE | I[A]: A=0.03 B=0.03 C=0.00 D=0.43 | duty[%]: A=30.0 B=30.0 C=30.0 D=30.0
  12.38s  t=12175 label=STEP_B_BASELINE | I[A]: A=0.03 B=0.03 C=0.00 D=0.42 | duty[%]: A=30.0 B=30.0 C=30.0 D=30.0
  12.58s  t=12375 label=STEP_B_BASELINE | I[A]: A=0.03 B=0.05 C=0.00 D=0.40 | duty[%]: A=30.0 B=30.0 C=30.0 D=30.0
  12.78s  t=12575 label=STEP_B_BASELINE | I[A]: A=0.02 B=0.02 C=0.00 D=0.42 | duty[%]: A=30.0 B=30.0 C=30.0 D=30.0
  12.99s  t=12775 label=STEP_B_BASELINE | I[A]: A=0.03 B=0.02 C=0.00 D=0.41 | duty[%]: A=30.0 B=30.0 C=30.0 D=30.0
  13.17s  t=12975 label=STEP_B_BASELINE | I[A]: A=0.03 B=0.03 C=0.00 D=0.51 | duty[%]: A=30.0 B=30.0 C=30.0 D=30.0
  13.37s  t=13175 label=STEP_B_BASELINE | I[A]: A=0.02 B=0.02 C=0.00 D=0.42 | duty[%]: A=30.0 B=30.0 C=30.0 D=30.0
  13.57s  t=13376 label=STEP_B_BASELINE | I[A]: A=0.03 B=0.03 C=0.00 D=0.41 | duty[%]: A=30.0 B=30.0 C=30.0 D=30.0
  13.77s  t=13576 label=STEP_B_BASELINE | I[A]: A=0.03 B=0.02 C=0.00 D=0.42 | duty[%]: A=30.0 B=30.0 C=30.0 D=30.0
  13.98s  t=13776 label=STEP_B_BASELINE | I[A]: A=0.02 B=0.02 C=0.00 D=0.42 | duty[%]: A=30.0 B=30.0 C=30.0 D=30.0
  14.18s  t=13976 label=STEP_B_BASELINE | I[A]: A=0.03 B=0.03 C=0.00 D=0.39 | duty[%]: A=30.0 B=30.0 C=30.0 D=30.0
  14.38s  t=14168 label=STEP_B_STEPPED | I[A]: A=0.02 B=0.02 C=0.00 D=0.61 | duty[%]: A=30.0 B=45.0 C=30.0 D=30.0
  14.38s  t=14177 label=STEP_B_STEPPED | I[A]: A=0.02 B=0.11 C=0.00 D=0.60 | duty[%]: A=30.0 B=45.0 C=30.0 D=30.0
  14.58s  t=14377 label=STEP_B_STEPPED | I[A]: A=0.01 B=0.62 C=0.00 D=0.59 | duty[%]: A=30.0 B=45.0 C=30.0 D=30.0
  14.78s  t=14577 label=STEP_B_STEPPED | I[A]: A=0.02 B=0.63 C=0.00 D=0.57 | duty[%]: A=30.0 B=45.0 C=30.0 D=30.0
  14.99s  t=14777 label=STEP_B_STEPPED | I[A]: A=0.03 B=0.61 C=0.00 D=0.58 | duty[%]: A=30.0 B=45.0 C=30.0 D=30.0
  15.19s  t=14977 label=STEP_B_STEPPED | I[A]: A=0.03 B=0.63 C=0.00 D=0.55 | duty[%]: A=30.0 B=45.0 C=30.0 D=30.0
  15.39s  t=15177 label=STEP_B_STEPPED | I[A]: A=0.02 B=0.61 C=0.00 D=0.58 | duty[%]: A=30.0 B=45.0 C=30.0 D=30.0
  15.57s  t=15377 label=STEP_B_STEPPED | I[A]: A=0.02 B=0.60 C=0.00 D=0.57 | duty[%]: A=30.0 B=45.0 C=30.0 D=30.0
  15.77s  t=15577 label=STEP_B_STEPPED | I[A]: A=0.02 B=0.60 C=0.00 D=0.59 | duty[%]: A=30.0 B=45.0 C=30.0 D=30.0
  15.97s  t=15777 label=STEP_B_STEPPED | I[A]: A=0.02 B=0.61 C=0.00 D=0.63 | duty[%]: A=30.0 B=45.0 C=30.0 D=30.0
  16.17s  t=15977 label=STEP_B_STEPPED | I[A]: A=0.02 B=0.62 C=0.00 D=0.57 | duty[%]: A=30.0 B=45.0 C=30.0 D=30.0
  16.38s  t=16177 label=STEP_B_STEPPED | I[A]: A=0.02 B=0.63 C=0.02 D=0.56 | duty[%]: A=30.0 B=45.0 C=30.0 D=30.0
  16.58s  t=16377 label=STEP_B_STEPPED | I[A]: A=0.02 B=0.61 C=0.00 D=0.56 | duty[%]: A=30.0 B=45.0 C=30.0 D=30.0
  16.78s  t=16577 label=STEP_B_STEPPED | I[A]: A=0.01 B=0.62 C=0.00 D=0.57 | duty[%]: A=30.0 B=45.0 C=30.0 D=30.0
  16.98s  t=16777 label=STEP_B_STEPPED | I[A]: A=0.01 B=0.62 C=0.00 D=0.58 | duty[%]: A=30.0 B=45.0 C=30.0 D=30.0
  17.18s  t=16977 label=STEP_B_STEPPED | I[A]: A=0.02 B=0.63 C=0.00 D=0.56 | duty[%]: A=30.0 B=45.0 C=30.0 D=30.0
  17.36s  t=17170 label=STEP_B_RECOVER | I[A]: A=0.01 B=0.64 C=0.00 D=0.57 | duty[%]: A=30.0 B=30.0 C=30.0 D=30.0
  17.38s  t=17177 label=STEP_B_RECOVER | I[A]: A=0.02 B=0.56 C=0.00 D=0.56 | duty[%]: A=30.0 B=30.0 C=30.0 D=30.0
  17.59s  t=17377 label=STEP_B_RECOVER | I[A]: A=0.02 B=0.04 C=0.00 D=0.45 | duty[%]: A=30.0 B=30.0 C=30.0 D=30.0
  17.79s  t=17577 label=STEP_B_RECOVER | I[A]: A=0.03 B=0.03 C=0.00 D=0.46 | duty[%]: A=30.0 B=30.0 C=30.0 D=30.0
  17.97s  t=17777 label=STEP_B_RECOVER | I[A]: A=0.02 B=0.03 C=0.00 D=0.44 | duty[%]: A=30.0 B=30.0 C=30.0 D=30.0
  18.17s  t=17977 label=STEP_B_RECOVER | I[A]: A=0.02 B=0.03 C=0.00 D=0.43 | duty[%]: A=30.0 B=30.0 C=30.0 D=30.0
  18.37s  t=18171 label=STEP_C_BASELINE | I[A]: A=0.02 B=0.04 C=0.00 D=0.43 | duty[%]: A=30.0 B=30.0 C=30.0 D=30.0
  18.37s  t=18178 label=STEP_C_BASELINE | I[A]: A=0.03 B=0.04 C=0.00 D=0.43 | duty[%]: A=30.0 B=30.0 C=30.0 D=30.0
  18.58s  t=18378 label=STEP_C_BASELINE | I[A]: A=0.02 B=0.04 C=0.00 D=0.42 | duty[%]: A=30.0 B=30.0 C=30.0 D=30.0
  18.78s  t=18578 label=STEP_C_BASELINE | I[A]: A=0.03 B=0.03 C=0.00 D=0.42 | duty[%]: A=30.0 B=30.0 C=30.0 D=30.0
  18.98s  t=18778 label=STEP_C_BASELINE | I[A]: A=0.02 B=0.03 C=0.00 D=0.42 | duty[%]: A=30.0 B=30.0 C=30.0 D=30.0
  19.18s  t=18978 label=STEP_C_BASELINE | I[A]: A=0.03 B=0.03 C=0.00 D=0.39 | duty[%]: A=30.0 B=30.0 C=30.0 D=30.0
  19.38s  t=19178 label=STEP_C_BASELINE | I[A]: A=0.03 B=0.03 C=0.00 D=0.40 | duty[%]: A=30.0 B=30.0 C=30.0 D=30.0
  19.58s  t=19378 label=STEP_C_BASELINE | I[A]: A=0.03 B=0.02 C=0.00 D=0.39 | duty[%]: A=30.0 B=30.0 C=30.0 D=30.0
  19.79s  t=19578 label=STEP_C_BASELINE | I[A]: A=0.03 B=0.04 C=0.00 D=0.43 | duty[%]: A=30.0 B=30.0 C=30.0 D=30.0
  19.99s  t=19778 label=STEP_C_BASELINE | I[A]: A=0.03 B=0.03 C=0.01 D=0.40 | duty[%]: A=30.0 B=30.0 C=30.0 D=30.0
  20.17s  t=19978 label=STEP_C_BASELINE | I[A]: A=0.02 B=0.04 C=0.00 D=0.42 | duty[%]: A=30.0 B=30.0 C=30.0 D=30.0
  20.37s  t=20178 label=STEP_C_BASELINE | I[A]: A=0.03 B=0.04 C=0.00 D=0.40 | duty[%]: A=30.0 B=30.0 C=30.0 D=30.0
  20.57s  t=20378 label=STEP_C_BASELINE | I[A]: A=0.02 B=0.03 C=0.00 D=0.40 | duty[%]: A=30.0 B=30.0 C=30.0 D=30.0
  20.78s  t=20578 label=STEP_C_BASELINE | I[A]: A=0.03 B=0.03 C=0.00 D=0.41 | duty[%]: A=30.0 B=30.0 C=30.0 D=30.0
  20.98s  t=20778 label=STEP_C_BASELINE | I[A]: A=0.03 B=0.03 C=0.00 D=0.41 | duty[%]: A=30.0 B=30.0 C=30.0 D=30.0
  21.18s  t=20979 label=STEP_C_BASELINE | I[A]: A=0.03 B=0.05 C=0.00 D=0.43 | duty[%]: A=30.0 B=30.0 C=30.0 D=30.0
  21.38s  t=21171 label=STEP_C_STEPPED | I[A]: A=0.03 B=0.03 C=0.00 D=0.44 | duty[%]: A=30.0 B=30.0 C=45.0 D=30.0
  21.38s  t=21180 label=STEP_C_STEPPED | I[A]: A=0.04 B=0.03 C=0.05 D=0.47 | duty[%]: A=30.0 B=30.0 C=45.0 D=30.0
  21.58s  t=21380 label=STEP_C_STEPPED | I[A]: A=0.09 B=0.10 C=0.31 D=0.64 | duty[%]: A=30.0 B=30.0 C=45.0 D=30.0
  21.78s  t=21580 label=STEP_C_STEPPED | I[A]: A=0.10 B=0.11 C=0.32 D=0.44 | duty[%]: A=30.0 B=30.0 C=45.0 D=30.0
  21.99s  t=21780 label=STEP_C_STEPPED | I[A]: A=0.09 B=0.10 C=0.30 D=0.49 | duty[%]: A=30.0 B=30.0 C=45.0 D=30.0
  22.19s  t=21981 label=STEP_C_STEPPED | I[A]: A=0.10 B=0.10 C=0.31 D=0.45 | duty[%]: A=30.0 B=30.0 C=45.0 D=30.0
  22.39s  t=22181 label=STEP_C_STEPPED | I[A]: A=0.08 B=0.11 C=0.29 D=0.46 | duty[%]: A=30.0 B=30.0 C=45.0 D=30.0
  22.59s  t=22381 label=STEP_C_STEPPED | I[A]: A=0.08 B=0.11 C=0.31 D=0.43 | duty[%]: A=30.0 B=30.0 C=45.0 D=30.0
  22.79s  t=22582 label=STEP_C_STEPPED | I[A]: A=0.09 B=0.11 C=0.33 D=0.49 | duty[%]: A=30.0 B=30.0 C=45.0 D=30.0
  22.97s  t=22782 label=STEP_C_STEPPED | I[A]: A=0.09 B=0.11 C=0.31 D=0.48 | duty[%]: A=30.0 B=30.0 C=45.0 D=30.0
  23.18s  t=22983 label=STEP_C_STEPPED | I[A]: A=0.08 B=0.13 C=0.30 D=0.45 | duty[%]: A=30.0 B=30.0 C=45.0 D=30.0
  23.38s  t=23183 label=STEP_C_STEPPED | I[A]: A=0.09 B=0.11 C=0.30 D=0.41 | duty[%]: A=30.0 B=30.0 C=45.0 D=30.0
  23.58s  t=23383 label=STEP_C_STEPPED | I[A]: A=0.09 B=0.10 C=0.32 D=0.48 | duty[%]: A=30.0 B=30.0 C=45.0 D=30.0
  23.78s  t=23583 label=STEP_C_STEPPED | I[A]: A=0.08 B=0.10 C=0.32 D=0.47 | duty[%]: A=30.0 B=30.0 C=45.0 D=30.0
  23.98s  t=23784 label=STEP_C_STEPPED | I[A]: A=0.09 B=0.12 C=0.30 D=0.45 | duty[%]: A=30.0 B=30.0 C=45.0 D=30.0
  24.18s  t=23984 label=STEP_C_STEPPED | I[A]: A=0.10 B=0.11 C=0.31 D=0.46 | duty[%]: A=30.0 B=30.0 C=45.0 D=30.0
  24.36s  t=24172 label=STEP_C_RECOVER | I[A]: A=0.09 B=0.10 C=0.32 D=0.47 | duty[%]: A=30.0 B=30.0 C=30.0 D=30.0
  24.39s  t=24185 label=STEP_C_RECOVER | I[A]: A=0.07 B=0.08 C=0.25 D=0.47 | duty[%]: A=30.0 B=30.0 C=30.0 D=30.0
  24.59s  t=24385 label=STEP_C_RECOVER | I[A]: A=0.03 B=0.03 C=0.00 D=0.45 | duty[%]: A=30.0 B=30.0 C=30.0 D=30.0
  24.79s  t=24585 label=STEP_C_RECOVER | I[A]: A=0.03 B=0.04 C=0.00 D=0.44 | duty[%]: A=30.0 B=30.0 C=30.0 D=30.0
  24.99s  t=24786 label=STEP_C_RECOVER | I[A]: A=0.03 B=0.04 C=0.00 D=0.44 | duty[%]: A=30.0 B=30.0 C=30.0 D=30.0
  25.19s  t=24986 label=STEP_C_RECOVER | I[A]: A=0.03 B=0.03 C=0.00 D=0.44 | duty[%]: A=30.0 B=30.0 C=30.0 D=30.0
  25.37s  t=25173 label=STEP_D_BASELINE | I[A]: A=0.03 B=0.03 C=0.00 D=0.43 | duty[%]: A=30.0 B=30.0 C=30.0 D=30.0
  25.39s  t=25186 label=STEP_D_BASELINE | I[A]: A=0.03 B=0.04 C=0.00 D=0.42 | duty[%]: A=30.0 B=30.0 C=30.0 D=30.0
  25.60s  t=25386 label=STEP_D_BASELINE | I[A]: A=0.03 B=0.05 C=0.00 D=0.43 | duty[%]: A=30.0 B=30.0 C=30.0 D=30.0
  25.80s  t=25586 label=STEP_D_BASELINE | I[A]: A=0.03 B=0.04 C=0.00 D=0.44 | duty[%]: A=30.0 B=30.0 C=30.0 D=30.0
  25.98s  t=25786 label=STEP_D_BASELINE | I[A]: A=0.03 B=0.05 C=0.00 D=0.41 | duty[%]: A=30.0 B=30.0 C=30.0 D=30.0
  26.18s  t=25986 label=STEP_D_BASELINE | I[A]: A=0.02 B=0.04 C=0.00 D=0.43 | duty[%]: A=30.0 B=30.0 C=30.0 D=30.0
  26.38s  t=26186 label=STEP_D_BASELINE | I[A]: A=0.03 B=0.02 C=0.00 D=0.40 | duty[%]: A=30.0 B=30.0 C=30.0 D=30.0
  26.58s  t=26386 label=STEP_D_BASELINE | I[A]: A=0.03 B=0.03 C=0.00 D=0.39 | duty[%]: A=30.0 B=30.0 C=30.0 D=30.0
  26.79s  t=26586 label=STEP_D_BASELINE | I[A]: A=0.04 B=0.04 C=0.00 D=0.41 | duty[%]: A=30.0 B=30.0 C=30.0 D=30.0
  26.99s  t=26786 label=STEP_D_BASELINE | I[A]: A=0.03 B=0.04 C=0.00 D=0.42 | duty[%]: A=30.0 B=30.0 C=30.0 D=30.0
  27.19s  t=26986 label=STEP_D_BASELINE | I[A]: A=0.03 B=0.04 C=0.00 D=0.42 | duty[%]: A=30.0 B=30.0 C=30.0 D=30.0
  27.39s  t=27186 label=STEP_D_BASELINE | I[A]: A=0.03 B=0.05 C=0.00 D=0.42 | duty[%]: A=30.0 B=30.0 C=30.0 D=30.0
  27.59s  t=27386 label=STEP_D_BASELINE | I[A]: A=0.03 B=0.04 C=0.00 D=0.42 | duty[%]: A=30.0 B=30.0 C=30.0 D=30.0
  27.79s  t=27586 label=STEP_D_BASELINE | I[A]: A=0.03 B=0.04 C=0.00 D=0.42 | duty[%]: A=30.0 B=30.0 C=30.0 D=30.0
  27.99s  t=27786 label=STEP_D_BASELINE | I[A]: A=0.02 B=0.03 C=0.00 D=0.43 | duty[%]: A=30.0 B=30.0 C=30.0 D=30.0
  28.20s  t=27986 label=STEP_D_BASELINE | I[A]: A=0.03 B=0.03 C=0.00 D=0.43 | duty[%]: A=30.0 B=30.0 C=30.0 D=30.0
  28.38s  t=28175 label=STEP_D_STEPPED | I[A]: A=0.05 B=0.02 C=0.00 D=0.43 | duty[%]: A=30.0 B=30.0 C=30.0 D=45.0
  28.38s  t=28186 label=STEP_D_STEPPED | I[A]: A=0.04 B=0.02 C=0.00 D=0.50 | duty[%]: A=30.0 B=30.0 C=30.0 D=45.0
  28.58s  t=28386 label=STEP_D_STEPPED | I[A]: A=0.07 B=0.01 C=0.00 D=1.11 | duty[%]: A=30.0 B=30.0 C=30.0 D=45.0
  28.78s  t=28586 label=STEP_D_STEPPED | I[A]: A=0.00 B=0.02 C=0.00 D=1.12 | duty[%]: A=30.0 B=30.0 C=30.0 D=45.0
  28.98s  t=28786 label=STEP_D_STEPPED | I[A]: A=0.00 B=0.00 C=0.00 D=1.16 | duty[%]: A=30.0 B=30.0 C=30.0 D=45.0
  29.19s  t=28986 label=STEP_D_STEPPED | I[A]: A=0.00 B=0.00 C=0.01 D=1.15 | duty[%]: A=30.0 B=30.0 C=30.0 D=45.0
  29.39s  t=29187 label=STEP_D_STEPPED | I[A]: A=0.00 B=0.01 C=0.00 D=1.22 | duty[%]: A=30.0 B=30.0 C=30.0 D=45.0
  29.59s  t=29387 label=STEP_D_STEPPED | I[A]: A=0.00 B=0.00 C=0.00 D=1.20 | duty[%]: A=30.0 B=30.0 C=30.0 D=45.0
  29.79s  t=29587 label=STEP_D_STEPPED | I[A]: A=0.01 B=0.00 C=0.00 D=1.23 | duty[%]: A=30.0 B=30.0 C=30.0 D=45.0
  29.99s  t=29787 label=STEP_D_STEPPED | I[A]: A=0.00 B=0.01 C=0.00 D=1.21 | duty[%]: A=30.0 B=30.0 C=30.0 D=45.0
  30.19s  t=29987 label=STEP_D_STEPPED | I[A]: A=0.00 B=0.00 C=0.00 D=1.22 | duty[%]: A=30.0 B=30.0 C=30.0 D=45.0
  30.40s  t=30187 label=STEP_D_STEPPED | I[A]: A=0.00 B=0.00 C=0.00 D=1.21 | duty[%]: A=30.0 B=30.0 C=30.0 D=45.0
  30.60s  t=30387 label=STEP_D_STEPPED | I[A]: A=0.00 B=0.01 C=0.00 D=1.21 | duty[%]: A=30.0 B=30.0 C=30.0 D=45.0
  30.80s  t=30587 label=STEP_D_STEPPED | I[A]: A=0.00 B=0.00 C=0.00 D=1.19 | duty[%]: A=30.0 B=30.0 C=30.0 D=45.0
  30.98s  t=30787 label=STEP_D_STEPPED | I[A]: A=0.00 B=0.00 C=0.00 D=1.22 | duty[%]: A=30.0 B=30.0 C=30.0 D=45.0
  31.18s  t=30987 label=STEP_D_STEPPED | I[A]: A=0.00 B=0.01 C=0.00 D=1.20 | duty[%]: A=30.0 B=30.0 C=30.0 D=45.0
  31.39s  t=31176 label=STEP_D_RECOVER | I[A]: A=0.00 B=0.00 C=0.00 D=1.21 | duty[%]: A=30.0 B=30.0 C=30.0 D=30.0
  31.39s  t=31187 label=STEP_D_RECOVER | I[A]: A=0.01 B=0.00 C=0.00 D=1.10 | duty[%]: A=30.0 B=30.0 C=30.0 D=30.0
  31.59s  t=31387 label=STEP_D_RECOVER | I[A]: A=0.03 B=0.03 C=0.00 D=0.45 | duty[%]: A=30.0 B=30.0 C=30.0 D=30.0
  31.79s  t=31587 label=STEP_D_RECOVER | I[A]: A=0.04 B=0.03 C=0.00 D=0.42 | duty[%]: A=30.0 B=30.0 C=30.0 D=30.0
  31.99s  t=31787 label=STEP_D_RECOVER | I[A]: A=0.04 B=0.04 C=0.00 D=0.43 | duty[%]: A=30.0 B=30.0 C=30.0 D=30.0
  32.19s  t=31987 label=STEP_D_RECOVER | I[A]: A=0.04 B=0.03 C=0.00 D=0.44 | duty[%]: A=30.0 B=30.0 C=30.0 D=30.0
  32.38s  t=32177 label= | I[A]: A=0.02 B=0.03 C=0.00 D=0.44 | duty[%]: A=30.0 B=30.0 C=30.0 D=30.0
  32.38s  experiment complete -> DONE (coils latched OFF)
