   0.00s  ets Jul 29 2019 12:21:46
   0.00s  
   0.01s  rst:0x1 (POWERON_RESET),boot:0x13 (SPI_FAST_FLASH_BOOT)
   0.01s  configsip: 0, SPIWP:0xee
   0.02s  clk_drv:0x00,q_drv:0x00,d_drv:0x00,cs0_drv:0x00,hd_drv:0x00,wp_drv:0x00
   0.02s  mode:DIO, clock div:2
   0.02s  load:0x3fff0030,len:1184
   0.03s  load:0x40078000,len:13232
   0.03s  load:0x40080400,len:3028
   0.03s  entry 0x400805e4
   1.20s  current_pid: arming 3s, then autonomous 1->210Hz ramp + PI, bounded run
   1.21s  t=1031 phase=0 freq=1.0 | I[A]: A=0.00 B=0.00 C=0.00 D=0.00 | duty[%]: A=50.0 B=50.0 C=50.0 D=50.0 | spread=0.000
   1.71s  t=1532 phase=0 freq=1.0 | I[A]: A=0.00 B=0.00 C=0.00 D=0.00 | duty[%]: A=50.0 B=50.0 C=50.0 D=50.0 | spread=0.000
   2.21s  t=2033 phase=0 freq=1.0 | I[A]: A=0.00 B=0.00 C=0.00 D=0.00 | duty[%]: A=50.0 B=50.0 C=50.0 D=50.0 | spread=0.000
   2.71s  t=2533 phase=0 freq=1.0 | I[A]: A=0.00 B=0.00 C=0.00 D=0.00 | duty[%]: A=50.0 B=50.0 C=50.0 D=50.0 | spread=0.000
   3.21s  t=3034 phase=0 freq=1.0 | I[A]: A=0.00 B=0.00 C=0.00 D=0.00 | duty[%]: A=50.0 B=50.0 C=50.0 D=50.0 | spread=0.000
   3.71s  t=3534 phase=0 freq=1.0 | I[A]: A=0.00 B=0.00 C=0.00 D=0.00 | duty[%]: A=50.0 B=50.0 C=50.0 D=50.0 | spread=0.000
   4.20s  ARMED -> ramping
   4.21s  t=4035 phase=1 freq=1.0 | I[A]: A=0.00 B=0.00 C=0.00 D=0.00 | duty[%]: A=100.0 B=50.0 C=50.0 D=50.0 | spread=0.000
   4.71s  t=4535 phase=1 freq=2.5 | I[A]: A=0.01 B=0.00 C=0.00 D=0.01 | duty[%]: A=100.0 B=50.3 C=50.3 D=50.3 | spread=0.009
   5.21s  t=5035 phase=1 freq=6.9 | I[A]: A=0.03 B=0.01 C=0.00 D=0.00 | duty[%]: A=100.0 B=50.7 C=50.8 D=50.8 | spread=0.027
   5.71s  t=5535 phase=1 freq=13.7 | I[A]: A=0.08 B=0.03 C=0.02 D=0.00 | duty[%]: A=100.0 B=51.6 C=51.7 D=51.7 | spread=0.083
   6.21s  t=6035 phase=1 freq=22.7 | I[A]: A=0.11 B=0.02 C=0.02 D=0.01 | duty[%]: A=100.0 B=53.1 C=53.4 D=53.5 | spread=0.100
   6.71s  t=6535 phase=1 freq=33.7 | I[A]: A=0.15 B=0.07 C=0.06 D=0.06 | duty[%]: A=100.0 B=55.3 C=55.6 D=56.0 | spread=0.099
   7.21s  t=7035 phase=1 freq=46.1 | I[A]: A=0.20 B=0.11 C=0.06 D=0.05 | duty[%]: A=100.0 B=57.7 C=58.8 D=59.3 | spread=0.155
   7.71s  t=7535 phase=1 freq=59.9 | I[A]: A=0.27 B=0.09 C=0.11 D=0.07 | duty[%]: A=100.0 B=61.3 C=63.0 D=63.5 | spread=0.200
   8.21s  t=8036 phase=1 freq=74.6 | I[A]: A=0.33 B=0.25 C=0.13 D=0.08 | duty[%]: A=100.0 B=63.2 C=66.5 D=67.4 | spread=0.255
   8.71s  t=8537 phase=1 freq=89.9 | I[A]: A=0.32 B=0.25 C=0.20 D=0.19 | duty[%]: A=100.0 B=65.1 C=69.6 D=70.7 | spread=0.129
   9.21s  t=9037 phase=1 freq=105.5 | I[A]: A=0.52 B=0.33 C=0.39 D=0.41 | duty[%]: A=99.1 B=67.8 C=72.0 D=100.0 | spread=0.189
   9.71s  t=9538 phase=1 freq=121.1 | I[A]: A=0.80 B=0.50 C=0.70 D=0.66 | duty[%]: A=95.6 B=71.5 C=72.8 D=100.0 | spread=0.298
  10.21s  t=10038 phase=1 freq=136.4 | I[A]: A=1.07 B=0.76 C=0.99 D=0.79 | duty[%]: A=91.5 B=74.9 C=69.3 D=100.0 | spread=0.316
  10.71s  t=10539 phase=1 freq=151.1 | I[A]: A=1.06 B=0.86 C=1.19 D=0.84 | duty[%]: A=85.0 B=75.4 C=61.9 D=100.0 | spread=0.350
  11.21s  t=11039 phase=1 freq=164.9 | I[A]: A=1.00 B=0.87 C=1.07 D=0.81 | duty[%]: A=80.2 B=74.1 C=54.4 D=100.0 | spread=0.253
  11.71s  t=11540 phase=1 freq=177.4 | I[A]: A=0.91 B=0.84 C=0.86 D=0.75 | duty[%]: A=75.9 B=71.9 C=49.6 D=100.0 | spread=0.159
  12.21s  t=12040 phase=1 freq=188.3 | I[A]: A=0.76 B=0.74 C=0.71 D=0.68 | duty[%]: A=73.3 B=70.3 C=48.2 D=100.0 | spread=0.083
  12.71s  t=12540 phase=1 freq=197.3 | I[A]: A=0.66 B=0.64 C=0.57 D=0.63 | duty[%]: A=71.8 B=69.2 C=48.0 D=100.0 | spread=0.089
  13.22s  t=13041 phase=1 freq=204.2 | I[A]: A=0.63 B=0.61 C=0.49 D=0.59 | duty[%]: A=71.1 B=69.5 C=49.1 D=100.0 | spread=0.139
  13.71s  t=13541 phase=1 freq=208.5 | I[A]: A=0.55 B=0.54 C=0.52 D=0.55 | duty[%]: A=71.0 B=69.7 C=50.8 D=100.0 | spread=0.035
  14.22s  t=14041 phase=2 freq=210.0 | I[A]: A=0.56 B=0.52 C=0.49 D=0.54 | duty[%]: A=70.7 B=69.5 C=52.0 D=100.0 | spread=0.070
  14.72s  t=14541 phase=2 freq=210.0 | I[A]: A=0.53 B=0.55 C=0.51 D=0.53 | duty[%]: A=70.4 B=69.5 C=52.7 D=100.0 | spread=0.038
  15.22s  t=15042 phase=2 freq=210.0 | I[A]: A=0.54 B=0.49 C=0.55 D=0.51 | duty[%]: A=70.5 B=69.9 C=52.9 D=100.0 | spread=0.060
  15.72s  t=15542 phase=2 freq=210.0 | I[A]: A=0.49 B=0.50 C=0.54 D=0.50 | duty[%]: A=70.1 B=69.8 C=52.7 D=100.0 | spread=0.052
  16.22s  t=16043 phase=2 freq=210.0 | I[A]: A=0.54 B=0.55 C=0.54 D=0.53 | duty[%]: A=70.3 B=69.7 C=52.7 D=100.0 | spread=0.015
  16.72s  t=16543 phase=2 freq=210.0 | I[A]: A=0.52 B=0.55 C=0.53 D=0.55 | duty[%]: A=70.1 B=69.6 C=52.8 D=100.0 | spread=0.032
  17.22s  t=17044 phase=2 freq=210.0 | I[A]: A=0.54 B=0.54 C=0.56 D=0.55 | duty[%]: A=70.1 B=69.7 C=53.1 D=100.0 | spread=0.026
  17.72s  t=17544 phase=2 freq=210.0 | I[A]: A=0.55 B=0.53 C=0.53 D=0.57 | duty[%]: A=70.0 B=69.6 C=52.8 D=100.0 | spread=0.041
  18.22s  t=18045 phase=2 freq=210.0 | I[A]: A=0.53 B=0.53 C=0.50 D=0.53 | duty[%]: A=69.8 B=69.9 C=53.0 D=100.0 | spread=0.029
  18.72s  t=18546 phase=2 freq=210.0 | I[A]: A=0.49 B=0.51 C=0.55 D=0.53 | duty[%]: A=69.8 B=69.6 C=52.8 D=100.0 | spread=0.057
  19.22s  t=19046 phase=3 freq=210.0 | I[A]: A=0.06 B=0.07 C=0.03 D=0.22 | duty[%]: A=69.9 B=69.5 C=52.9 D=100.0 | spread=0.194
  19.72s  t=19546 phase=3 freq=210.0 | I[A]: A=0.00 B=0.00 C=0.00 D=0.00 | duty[%]: A=69.9 B=69.5 C=52.9 D=100.0 | spread=0.000
  19.93s  coils off
  20.22s  t=20046 phase=4 freq=210.0 | I[A]: A=0.00 B=0.00 C=0.00 D=0.00 | duty[%]: A=69.9 B=69.5 C=52.9 D=100.0 | spread=0.000
  20.72s  t=20547 phase=4 freq=210.0 | I[A]: A=0.00 B=0.00 C=0.00 D=0.00 | duty[%]: A=69.9 B=69.5 C=52.9 D=100.0 | spread=0.000
  21.22s  t=21048 phase=4 freq=210.0 | I[A]: A=0.00 B=0.00 C=0.00 D=0.00 | duty[%]: A=69.9 B=69.5 C=52.9 D=100.0 | spread=0.000
  21.72s  t=21549 phase=4 freq=210.0 | I[A]: A=0.00 B=0.00 C=0.00 D=0.00 | duty[%]: A=69.9 B=69.5 C=52.9 D=100.0 | spread=0.000
  22.22s  t=22050 phase=4 freq=210.0 | I[A]: A=0.00 B=0.00 C=0.00 D=0.00 | duty[%]: A=69.9 B=69.5 C=52.9 D=100.0 | spread=0.000
  22.72s  t=22550 phase=4 freq=210.0 | I[A]: A=0.00 B=0.00 C=0.00 D=0.00 | duty[%]: A=69.9 B=69.5 C=52.9 D=100.0 | spread=0.000
  23.22s  t=23050 phase=4 freq=210.0 | I[A]: A=0.00 B=0.00 C=0.00 D=0.00 | duty[%]: A=69.9 B=69.5 C=52.9 D=100.0 | spread=0.000
  23.72s  t=23550 phase=4 freq=210.0 | I[A]: A=0.00 B=0.00 C=0.00 D=0.00 | duty[%]: A=69.9 B=69.5 C=52.9 D=100.0 | spread=0.000
  24.23s  t=24051 phase=4 freq=210.0 | I[A]: A=0.00 B=0.00 C=0.00 D=0.00 | duty[%]: A=69.9 B=69.5 C=52.9 D=100.0 | spread=0.000
  24.73s  t=24552 phase=4 freq=210.0 | I[A]: A=0.00 B=0.00 C=0.00 D=0.00 | duty[%]: A=69.9 B=69.5 C=52.9 D=100.0 | spread=0.000
  25.23s  t=25053 phase=4 freq=210.0 | I[A]: A=0.00 B=0.00 C=0.00 D=0.00 | duty[%]: A=69.9 B=69.5 C=52.9 D=100.0 | spread=0.000
  25.73s  t=25553 phase=4 freq=210.0 | I[A]: A=0.00 B=0.00 C=0.00 D=0.00 | duty[%]: A=69.9 B=69.5 C=52.9 D=100.0 | spread=0.000
  26.23s  t=26054 phase=4 freq=210.0 | I[A]: A=0.00 B=0.00 C=0.00 D=0.00 | duty[%]: A=69.9 B=69.5 C=52.9 D=100.0 | spread=0.000
  26.73s  t=26555 phase=4 freq=210.0 | I[A]: A=0.00 B=0.00 C=0.00 D=0.00 | duty[%]: A=69.9 B=69.5 C=52.9 D=100.0 | spread=0.000
  27.23s  t=27056 phase=4 freq=210.0 | I[A]: A=0.00 B=0.00 C=0.00 D=0.00 | duty[%]: A=69.9 B=69.5 C=52.9 D=100.0 | spread=0.000
  27.73s  t=27556 phase=4 freq=210.0 | I[A]: A=0.00 B=0.00 C=0.00 D=0.00 | duty[%]: A=69.9 B=69.5 C=52.9 D=100.0 | spread=0.000
