   0.00s  ets Jul 29 2019 12:21:46
   0.00s  
   0.01s  rst:0x1 (POWERON_RESET),boot:0x13 (SPI_FAST_FLASH_BOOT)
   0.01s  configsip: 0, SPIWP:0xee
   0.02s  clk_drv:0x00,q_drv:0x00,d_drv:0x00,cs0_drv:0x00,hd_drv:0x00,wp_drv:0x00
   0.02s  mode:DIO, clock div:2
   0.02s  load:0x3fff0030,len:1184
   0.03s  load:0x40078000,len:13232
   0.03s  load:0x40080400,len:3028
   0.03s  entry 0x400805e4
   1.20s  current_pid: arming 3s, then autonomous 1->210Hz ramp + PI, bounded run
   1.21s  t=1030 phase=0 freq=1.0 | I[A]: A=0.00 B=0.00 C=0.00 D=0.00 | duty[%]: A=50.0 B=50.0 C=50.0 D=50.0 | spread=0.000
   1.70s  t=1530 phase=0 freq=1.0 | I[A]: A=0.00 B=0.00 C=0.00 D=0.00 | duty[%]: A=50.0 B=50.0 C=50.0 D=50.0 | spread=0.000
   2.20s  t=2030 phase=0 freq=1.0 | I[A]: A=0.00 B=0.00 C=0.00 D=0.00 | duty[%]: A=50.0 B=50.0 C=50.0 D=50.0 | spread=0.000
   2.70s  t=2530 phase=0 freq=1.0 | I[A]: A=0.00 B=0.00 C=0.00 D=0.00 | duty[%]: A=50.0 B=50.0 C=50.0 D=50.0 | spread=0.000
   3.20s  t=3030 phase=0 freq=1.0 | I[A]: A=0.00 B=0.00 C=0.00 D=0.00 | duty[%]: A=50.0 B=50.0 C=50.0 D=50.0 | spread=0.000
   3.70s  t=3530 phase=0 freq=1.0 | I[A]: A=0.00 B=0.00 C=0.00 D=0.00 | duty[%]: A=50.0 B=50.0 C=50.0 D=50.0 | spread=0.000
   4.20s  ARMED -> ramping
   4.20s  t=4030 phase=1 freq=1.0 | I[A]: A=0.00 B=0.00 C=0.00 D=0.00 | duty[%]: A=50.0 B=50.0 C=50.0 D=50.0 | spread=0.000
   4.70s  t=4530 phase=1 freq=15.1 | I[A]: A=0.07 B=0.02 C=0.01 D=0.01 | duty[%]: A=100.0 B=50.2 C=50.2 D=50.3 | spread=0.064
   5.20s  t=5030 phase=1 freq=52.9 | I[A]: A=0.23 B=0.07 C=0.05 D=0.05 | duty[%]: A=100.0 B=50.9 C=51.0 D=51.0 | spread=0.182
   5.70s  t=5530 phase=1 freq=102.9 | I[A]: A=0.48 B=0.17 C=0.17 D=0.37 | duty[%]: A=99.5 B=51.7 C=51.9 D=100.0 | spread=0.307
   6.20s  t=6030 phase=1 freq=153.5 | I[A]: A=1.15 B=1.38 C=2.12 D=0.75 | duty[%]: A=97.7 B=97.1 C=94.6 D=100.0 | spread=1.377
   6.70s  t=6530 phase=1 freq=193.1 | I[A]: A=0.97 B=1.15 C=1.77 D=0.45 | duty[%]: A=95.2 B=93.5 C=87.3 D=100.0 | spread=1.317
   7.20s  t=7030 phase=2 freq=210.0 | I[A]: A=0.84 B=1.01 C=1.20 D=0.33 | duty[%]: A=92.5 B=90.3 C=82.7 D=100.0 | spread=0.876
   7.70s  t=7530 phase=2 freq=210.0 | I[A]: A=0.82 B=0.85 C=1.10 D=0.35 | duty[%]: A=90.3 B=87.9 C=78.8 D=100.0 | spread=0.756
   8.20s  t=8030 phase=2 freq=210.0 | I[A]: A=0.73 B=0.81 C=1.02 D=0.36 | duty[%]: A=88.3 B=85.6 C=75.4 D=100.0 | spread=0.654
   8.70s  t=8530 phase=2 freq=210.0 | I[A]: A=0.75 B=0.78 C=0.97 D=0.36 | duty[%]: A=86.4 B=83.5 C=72.4 D=100.0 | spread=0.609
   9.20s  t=9030 phase=2 freq=210.0 | I[A]: A=0.75 B=0.75 C=0.90 D=0.39 | duty[%]: A=84.7 B=81.8 C=69.9 D=100.0 | spread=0.502
   9.70s  t=9530 phase=2 freq=210.0 | I[A]: A=0.70 B=0.70 C=0.85 D=0.40 | duty[%]: A=83.2 B=80.2 C=67.6 D=100.0 | spread=0.453
  10.20s  t=10030 phase=2 freq=210.0 | I[A]: A=0.67 B=0.66 C=0.82 D=0.40 | duty[%]: A=82.0 B=78.9 C=65.8 D=100.0 | spread=0.417
  10.70s  t=10530 phase=2 freq=210.0 | I[A]: A=0.68 B=0.66 C=0.77 D=0.43 | duty[%]: A=80.9 B=77.7 C=64.2 D=100.0 | spread=0.336
  11.20s  t=11030 phase=2 freq=210.0 | I[A]: A=0.63 B=0.63 C=0.72 D=0.44 | duty[%]: A=79.9 B=76.8 C=62.8 D=100.0 | spread=0.278
  11.70s  t=11530 phase=2 freq=210.0 | I[A]: A=0.59 B=0.60 C=0.67 D=0.45 | duty[%]: A=79.1 B=75.9 C=61.5 D=100.0 | spread=0.226
  12.20s  t=12030 phase=2 freq=210.0 | I[A]: A=0.58 B=0.59 C=0.73 D=0.46 | duty[%]: A=78.3 B=75.1 C=60.2 D=100.0 | spread=0.266
  12.70s  t=12530 phase=2 freq=210.0 | I[A]: A=0.58 B=0.66 C=0.63 D=0.48 | duty[%]: A=77.7 B=74.3 C=59.4 D=100.0 | spread=0.175
  13.20s  t=13030 phase=2 freq=210.0 | I[A]: A=0.58 B=0.61 C=0.62 D=0.47 | duty[%]: A=77.0 B=73.8 C=58.7 D=100.0 | spread=0.152
  13.70s  t=13530 phase=2 freq=210.0 | I[A]: A=0.56 B=0.55 C=0.61 D=0.48 | duty[%]: A=76.6 B=73.4 C=58.0 D=100.0 | spread=0.131
  14.20s  t=14030 phase=2 freq=210.0 | I[A]: A=0.57 B=0.56 C=0.58 D=0.47 | duty[%]: A=76.1 B=73.0 C=57.4 D=100.0 | spread=0.113
  14.70s  t=14530 phase=2 freq=210.0 | I[A]: A=0.55 B=0.54 C=0.61 D=0.51 | duty[%]: A=75.8 B=72.7 C=56.7 D=100.0 | spread=0.097
  15.20s  t=15030 phase=2 freq=210.0 | I[A]: A=0.56 B=0.56 C=0.58 D=0.46 | duty[%]: A=75.3 B=72.2 C=56.2 D=100.0 | spread=0.118
  15.70s  t=15530 phase=2 freq=210.0 | I[A]: A=0.56 B=0.52 C=0.55 D=0.49 | duty[%]: A=75.0 B=72.0 C=55.9 D=100.0 | spread=0.069
  16.20s  t=16030 phase=2 freq=210.0 | I[A]: A=0.57 B=0.53 C=0.56 D=0.48 | duty[%]: A=74.6 B=71.7 C=55.5 D=100.0 | spread=0.088
  16.70s  t=16530 phase=2 freq=210.0 | I[A]: A=0.53 B=0.55 C=0.52 D=0.49 | duty[%]: A=74.4 B=71.5 C=55.3 D=100.0 | spread=0.060
  17.20s  t=17030 phase=2 freq=210.0 | I[A]: A=0.53 B=0.51 C=0.55 D=0.48 | duty[%]: A=74.2 B=71.3 C=55.0 D=100.0 | spread=0.070
  17.70s  t=17530 phase=2 freq=210.0 | I[A]: A=0.52 B=0.53 C=0.52 D=0.48 | duty[%]: A=74.0 B=71.1 C=54.8 D=100.0 | spread=0.044
  18.20s  t=18030 phase=2 freq=210.0 | I[A]: A=0.55 B=0.54 C=0.52 D=0.51 | duty[%]: A=73.8 B=71.0 C=54.7 D=100.0 | spread=0.044
  18.70s  t=18530 phase=2 freq=210.0 | I[A]: A=0.51 B=0.52 C=0.52 D=0.49 | duty[%]: A=73.7 B=70.8 C=54.5 D=100.0 | spread=0.032
  19.20s  t=19030 phase=2 freq=210.0 | I[A]: A=0.51 B=0.51 C=0.49 D=0.49 | duty[%]: A=73.5 B=70.7 C=54.5 D=100.0 | spread=0.027
  19.70s  t=19530 phase=2 freq=210.0 | I[A]: A=0.53 B=0.51 C=0.51 D=0.49 | duty[%]: A=73.3 B=70.6 C=54.3 D=100.0 | spread=0.036
  20.20s  t=20030 phase=2 freq=210.0 | I[A]: A=0.53 B=0.51 C=0.50 D=0.48 | duty[%]: A=73.1 B=70.4 C=54.2 D=100.0 | spread=0.052
  20.70s  t=20530 phase=2 freq=210.0 | I[A]: A=0.53 B=0.54 C=0.50 D=0.49 | duty[%]: A=73.0 B=70.3 C=54.2 D=100.0 | spread=0.048
  21.20s  t=21030 phase=2 freq=210.0 | I[A]: A=0.51 B=0.54 C=0.48 D=0.48 | duty[%]: A=72.9 B=70.2 C=54.1 D=100.0 | spread=0.062
  21.71s  t=21530 phase=2 freq=210.0 | I[A]: A=0.50 B=0.50 C=0.51 D=0.50 | duty[%]: A=72.8 B=70.2 C=54.1 D=100.0 | spread=0.013
  22.20s  t=22030 phase=2 freq=210.0 | I[A]: A=0.50 B=0.53 C=0.49 D=0.51 | duty[%]: A=72.8 B=70.2 C=54.1 D=100.0 | spread=0.034
  22.70s  t=22530 phase=2 freq=210.0 | I[A]: A=0.52 B=0.49 C=0.49 D=0.49 | duty[%]: A=72.6 B=70.1 C=54.0 D=100.0 | spread=0.037
  23.20s  t=23030 phase=2 freq=210.0 | I[A]: A=0.50 B=0.54 C=0.50 D=0.51 | duty[%]: A=72.7 B=70.0 C=54.0 D=100.0 | spread=0.044
  23.70s  t=23530 phase=2 freq=210.0 | I[A]: A=0.50 B=0.52 C=0.48 D=0.51 | duty[%]: A=72.6 B=70.0 C=54.0 D=100.0 | spread=0.036
  24.20s  t=24030 phase=2 freq=210.0 | I[A]: A=0.49 B=0.48 C=0.50 D=0.51 | duty[%]: A=72.5 B=70.0 C=54.0 D=100.0 | spread=0.027
  24.70s  t=24530 phase=2 freq=210.0 | I[A]: A=0.50 B=0.49 C=0.51 D=0.51 | duty[%]: A=72.5 B=70.0 C=54.0 D=100.0 | spread=0.017
  25.20s  t=25030 phase=2 freq=210.0 | I[A]: A=0.48 B=0.48 C=0.49 D=0.51 | duty[%]: A=72.5 B=70.1 C=54.0 D=100.0 | spread=0.026
  25.70s  t=25530 phase=2 freq=210.0 | I[A]: A=0.52 B=0.50 C=0.51 D=0.49 | duty[%]: A=72.4 B=70.1 C=54.0 D=100.0 | spread=0.028
  26.20s  t=26030 phase=2 freq=210.0 | I[A]: A=0.51 B=0.49 C=0.50 D=0.49 | duty[%]: A=72.5 B=70.1 C=54.0 D=100.0 | spread=0.016
  26.71s  t=26530 phase=2 freq=210.0 | I[A]: A=0.49 B=0.50 C=0.49 D=0.50 | duty[%]: A=72.4 B=70.1 C=54.0 D=100.0 | spread=0.016
  27.20s  t=27030 phase=2 freq=210.0 | I[A]: A=0.49 B=0.51 C=0.49 D=0.49 | duty[%]: A=72.4 B=70.0 C=54.0 D=100.0 | spread=0.021
  27.70s  t=27530 phase=2 freq=210.0 | I[A]: A=0.51 B=0.48 C=0.52 D=0.49 | duty[%]: A=72.4 B=70.0 C=54.0 D=100.0 | spread=0.037
  28.20s  t=28030 phase=2 freq=210.0 | I[A]: A=0.50 B=0.49 C=0.51 D=0.50 | duty[%]: A=72.4 B=70.0 C=53.9 D=100.0 | spread=0.016
  28.70s  t=28530 phase=2 freq=210.0 | I[A]: A=0.51 B=0.49 C=0.51 D=0.48 | duty[%]: A=72.3 B=70.0 C=53.9 D=100.0 | spread=0.028
  29.20s  t=29030 phase=2 freq=210.0 | I[A]: A=0.50 B=0.53 C=0.48 D=0.49 | duty[%]: A=72.4 B=70.0 C=54.0 D=100.0 | spread=0.052
  29.70s  t=29530 phase=2 freq=210.0 | I[A]: A=0.49 B=0.49 C=0.49 D=0.51 | duty[%]: A=72.4 B=70.1 C=54.0 D=100.0 | spread=0.020
  30.20s  t=30030 phase=2 freq=210.0 | I[A]: A=0.49 B=0.50 C=0.49 D=0.47 | duty[%]: A=72.3 B=70.0 C=53.9 D=100.0 | spread=0.027
  30.70s  t=30530 phase=2 freq=210.0 | I[A]: A=0.49 B=0.50 C=0.46 D=0.50 | duty[%]: A=72.4 B=70.0 C=54.1 D=100.0 | spread=0.039
  31.21s  t=31030 phase=2 freq=210.0 | I[A]: A=0.51 B=0.51 C=0.47 D=0.49 | duty[%]: A=72.3 B=70.0 C=54.0 D=100.0 | spread=0.038
  31.70s  t=31530 phase=2 freq=210.0 | I[A]: A=0.50 B=0.50 C=0.49 D=0.48 | duty[%]: A=72.3 B=69.9 C=54.0 D=100.0 | spread=0.020
  32.20s  t=32030 phase=2 freq=210.0 | I[A]: A=0.51 B=0.51 C=0.50 D=0.48 | duty[%]: A=72.3 B=69.9 C=54.0 D=100.0 | spread=0.033
  32.70s  t=32530 phase=2 freq=210.0 | I[A]: A=0.51 B=0.49 C=0.49 D=0.49 | duty[%]: A=72.3 B=70.0 C=54.0 D=100.0 | spread=0.016
  33.20s  t=33030 phase=2 freq=210.0 | I[A]: A=0.52 B=0.48 C=0.50 D=0.48 | duty[%]: A=72.2 B=70.0 C=54.0 D=100.0 | spread=0.040
  33.70s  t=33530 phase=2 freq=210.0 | I[A]: A=0.50 B=0.49 C=0.50 D=0.52 | duty[%]: A=72.3 B=70.0 C=54.1 D=100.0 | spread=0.029
  34.20s  t=34030 phase=2 freq=210.0 | I[A]: A=0.52 B=0.50 C=0.50 D=0.48 | duty[%]: A=72.2 B=69.9 C=53.9 D=100.0 | spread=0.042
  34.70s  t=34530 phase=2 freq=210.0 | I[A]: A=0.50 B=0.51 C=0.48 D=0.51 | duty[%]: A=72.3 B=69.9 C=54.0 D=100.0 | spread=0.030
  35.20s  t=35030 phase=2 freq=210.0 | I[A]: A=0.50 B=0.49 C=0.50 D=0.50 | duty[%]: A=72.2 B=70.0 C=54.0 D=100.0 | spread=0.015
  35.70s  t=35530 phase=2 freq=210.0 | I[A]: A=0.49 B=0.50 C=0.51 D=0.50 | duty[%]: A=72.2 B=69.9 C=54.0 D=100.0 | spread=0.023
  36.20s  t=36030 phase=2 freq=210.0 | I[A]: A=0.53 B=0.50 C=0.49 D=0.48 | duty[%]: A=72.1 B=69.9 C=54.0 D=100.0 | spread=0.042
  36.70s  t=36530 phase=2 freq=210.0 | I[A]: A=0.54 B=0.48 C=0.51 D=0.49 | duty[%]: A=72.1 B=69.9 C=54.0 D=100.0 | spread=0.058
  37.21s  t=37030 phase=3 freq=210.0 | I[A]: A=0.47 B=0.42 C=0.43 D=0.46 | duty[%]: A=72.2 B=70.0 C=54.1 D=100.0 | spread=0.048
  37.70s  t=37530 phase=3 freq=210.0 | I[A]: A=0.00 B=0.00 C=0.00 D=0.01 | duty[%]: A=72.2 B=70.0 C=54.1 D=100.0 | spread=0.008
  38.12s  coils off
  38.20s  t=38030 phase=4 freq=210.0 | I[A]: A=0.00 B=0.00 C=0.00 D=0.00 | duty[%]: A=72.2 B=70.0 C=54.1 D=100.0 | spread=0.000
  38.71s  t=38530 phase=4 freq=210.0 | I[A]: A=0.00 B=0.00 C=0.00 D=0.00 | duty[%]: A=72.2 B=70.0 C=54.1 D=100.0 | spread=0.000
  39.20s  t=39030 phase=4 freq=210.0 | I[A]: A=0.00 B=0.00 C=0.00 D=0.00 | duty[%]: A=72.2 B=70.0 C=54.1 D=100.0 | spread=0.000
  39.71s  t=39530 phase=4 freq=210.0 | I[A]: A=0.00 B=0.00 C=-0.00 D=0.00 | duty[%]: A=72.2 B=70.0 C=54.1 D=100.0 | spread=0.000
  40.21s  t=40030 phase=4 freq=210.0 | I[A]: A=0.00 B=-0.00 C=-0.00 D=0.00 | duty[%]: A=72.2 B=70.0 C=54.1 D=100.0 | spread=0.000
  40.71s  t=40530 phase=4 freq=210.0 | I[A]: A=0.00 B=-0.00 C=-0.00 D=0.00 | duty[%]: A=72.2 B=70.0 C=54.1 D=100.0 | spread=0.000
  41.21s  t=41030 phase=4 freq=210.0 | I[A]: A=0.00 B=-0.00 C=-0.00 D=0.00 | duty[%]: A=72.2 B=70.0 C=54.1 D=100.0 | spread=0.000
  41.71s  t=41530 phase=4 freq=210.0 | I[A]: A=0.00 B=-0.00 C=-0.00 D=0.00 | duty[%]: A=72.2 B=70.0 C=54.1 D=100.0 | spread=0.000
  42.21s  t=42030 phase=4 freq=210.0 | I[A]: A=0.00 B=-0.00 C=-0.00 D=0.00 | duty[%]: A=72.2 B=70.0 C=54.1 D=100.0 | spread=0.000
  42.71s  t=42530 phase=4 freq=210.0 | I[A]: A=0.00 B=-0.00 C=-0.00 D=0.00 | duty[%]: A=72.2 B=70.0 C=54.1 D=100.0 | spread=0.000
  43.21s  t=43030 phase=4 freq=210.0 | I[A]: A=0.00 B=-0.00 C=-0.00 D=0.00 | duty[%]: A=72.2 B=70.0 C=54.1 D=100.0 | spread=0.000
  43.71s  t=43530 phase=4 freq=210.0 | I[A]: A=0.00 B=-0.00 C=-0.00 D=0.00 | duty[%]: A=72.2 B=70.0 C=54.1 D=100.0 | spread=0.000
  44.21s  t=44030 phase=4 freq=210.0 | I[A]: A=0.00 B=-0.00 C=-0.00 D=0.00 | duty[%]: A=72.2 B=70.0 C=54.1 D=100.0 | spread=0.000
  44.71s  t=44530 phase=4 freq=210.0 | I[A]: A=0.00 B=0.00 C=-0.00 D=0.00 | duty[%]: A=72.2 B=70.0 C=54.1 D=100.0 | spread=0.000
  45.21s  t=45030 phase=4 freq=210.0 | I[A]: A=0.00 B=0.00 C=-0.00 D=0.00 | duty[%]: A=72.2 B=70.0 C=54.1 D=100.0 | spread=0.000
