   0.00s  ets Jul 29 2019 12:21:46
   0.00s  
   0.01s  rst:0x1 (POWERON_RESET),boot:0x13 (SPI_FAST_FLASH_BOOT)
   0.01s  configsip: 0, SPIWP:0xee
   0.02s  clk_drv:0x00,q_drv:0x00,d_drv:0x00,cs0_drv:0x00,hd_drv:0x00,wp_drv:0x00
   0.02s  mode:DIO, clock div:2
   0.02s  load:0x3fff0030,len:1184
   0.03s  load:0x40078000,len:13232
   0.03s  load:0x40080400,len:3028
   0.03s  entry 0x400805e4
   1.20s  current_pid: arming 3s, then autonomous 1->210Hz ramp + PI, bounded run
   1.21s  t=1030 phase=0 freq=1.0 | I[A]: A=0.00 B=0.00 C=0.00 D=0.00 | duty[%]: A=50.0 B=50.0 C=50.0 D=50.0 | spread=0.000
   1.70s  t=1530 phase=0 freq=1.0 | I[A]: A=0.00 B=0.00 C=-0.00 D=0.00 | duty[%]: A=50.0 B=50.0 C=50.0 D=50.0 | spread=0.000
   2.20s  t=2030 phase=0 freq=1.0 | I[A]: A=0.00 B=-0.00 C=0.00 D=0.00 | duty[%]: A=50.0 B=50.0 C=50.0 D=50.0 | spread=0.000
   2.70s  t=2530 phase=0 freq=1.0 | I[A]: A=0.00 B=0.00 C=0.00 D=0.00 | duty[%]: A=50.0 B=50.0 C=50.0 D=50.0 | spread=0.000
   3.20s  t=3030 phase=0 freq=1.0 | I[A]: A=0.00 B=0.00 C=0.00 D=0.00 | duty[%]: A=50.0 B=50.0 C=50.0 D=50.0 | spread=0.000
   3.70s  t=3530 phase=0 freq=1.0 | I[A]: A=0.00 B=0.00 C=0.00 D=0.00 | duty[%]: A=50.0 B=50.0 C=50.0 D=50.0 | spread=0.000
   4.20s  ARMED -> ramping
   4.20s  t=4030 phase=1 freq=1.0 | I[A]: A=0.00 B=0.00 C=0.00 D=0.00 | duty[%]: A=50.0 B=50.0 C=50.0 D=50.0 | spread=0.000
   4.70s  t=4530 phase=1 freq=1.2 | I[A]: A=0.00 B=0.00 C=0.02 D=0.00 | duty[%]: A=100.0 B=50.0 C=50.0 D=50.0 | spread=0.023
   5.20s  t=5030 phase=1 freq=1.6 | I[A]: A=0.00 B=0.00 C=0.00 D=0.00 | duty[%]: A=100.0 B=50.0 C=50.0 D=50.0 | spread=0.002
   5.70s  t=5530 phase=1 freq=2.5 | I[A]: A=0.00 B=0.00 C=0.00 D=0.00 | duty[%]: A=100.0 B=50.0 C=50.0 D=50.0 | spread=0.002
   6.20s  t=6030 phase=1 freq=3.6 | I[A]: A=0.08 B=0.04 C=0.01 D=0.01 | duty[%]: A=100.0 B=50.0 C=50.0 D=50.0 | spread=0.076
   6.70s  t=6530 phase=1 freq=5.0 | I[A]: A=0.04 B=0.02 C=0.06 D=0.01 | duty[%]: A=100.0 B=50.1 C=50.1 D=50.1 | spread=0.052
   7.20s  t=7030 phase=1 freq=6.8 | I[A]: A=0.06 B=0.03 C=0.01 D=0.01 | duty[%]: A=100.0 B=50.1 C=50.1 D=50.1 | spread=0.055
   7.70s  t=7530 phase=1 freq=8.8 | I[A]: A=0.09 B=0.05 C=0.02 D=0.02 | duty[%]: A=100.0 B=50.1 C=50.2 D=50.2 | spread=0.075
   8.20s  t=8030 phase=1 freq=11.0 | I[A]: A=0.05 B=0.02 C=0.03 D=0.03 | duty[%]: A=100.0 B=50.2 C=50.2 D=50.2 | spread=0.025
   8.70s  t=8530 phase=1 freq=13.6 | I[A]: A=0.11 B=0.05 C=0.03 D=0.02 | duty[%]: A=100.0 B=50.3 C=50.3 D=50.4 | spread=0.093
   9.20s  t=9030 phase=1 freq=16.3 | I[A]: A=0.13 B=0.05 C=0.03 D=0.03 | duty[%]: A=100.0 B=50.4 C=50.4 D=50.5 | spread=0.103
   9.70s  t=9530 phase=1 freq=19.3 | I[A]: A=0.17 B=0.07 C=0.04 D=0.07 | duty[%]: A=100.0 B=50.5 C=50.5 D=50.6 | spread=0.127
  10.20s  t=10030 phase=1 freq=22.6 | I[A]: A=0.18 B=0.09 C=0.04 D=0.04 | duty[%]: A=100.0 B=50.6 C=50.7 D=50.7 | spread=0.142
  10.70s  t=10530 phase=1 freq=26.0 | I[A]: A=0.18 B=0.07 C=0.05 D=0.05 | duty[%]: A=100.0 B=50.8 C=50.9 D=51.0 | spread=0.134
  11.20s  t=11030 phase=1 freq=29.6 | I[A]: A=0.22 B=0.10 C=0.06 D=0.05 | duty[%]: A=100.0 B=50.9 C=51.0 D=51.1 | spread=0.173
  11.70s  t=11530 phase=1 freq=33.5 | I[A]: A=0.21 B=0.08 C=0.09 D=0.06 | duty[%]: A=100.0 B=51.2 C=51.3 D=51.4 | spread=0.151
  12.20s  t=12030 phase=1 freq=37.5 | I[A]: A=0.26 B=0.12 C=0.07 D=0.07 | duty[%]: A=100.0 B=51.3 C=51.5 D=51.7 | spread=0.191
  12.70s  t=12530 phase=1 freq=41.6 | I[A]: A=0.31 B=0.14 C=0.08 D=0.07 | duty[%]: A=100.0 B=51.6 C=51.8 D=52.0 | spread=0.236
  13.20s  t=13030 phase=1 freq=45.9 | I[A]: A=0.28 B=0.14 C=0.11 D=0.10 | duty[%]: A=100.0 B=51.8 C=52.1 D=52.3 | spread=0.177
  13.70s  t=13530 phase=1 freq=50.4 | I[A]: A=0.39 B=0.16 C=0.10 D=0.21 | duty[%]: A=99.0 B=52.0 C=52.4 D=100.0 | spread=0.285
  14.20s  t=14030 phase=1 freq=55.0 | I[A]: A=0.34 B=0.33 C=0.29 D=0.52 | duty[%]: A=99.0 B=99.0 C=100.0 D=99.0 | spread=0.238
  14.70s  t=14530 phase=1 freq=59.7 | I[A]: A=0.38 B=0.40 C=0.24 D=0.47 | duty[%]: A=99.0 B=99.0 C=100.0 D=99.0 | spread=0.227
  15.20s  t=15030 phase=1 freq=64.4 | I[A]: A=0.39 B=0.38 C=0.28 D=0.44 | duty[%]: A=99.0 B=99.0 C=100.0 D=98.9 | spread=0.162
  15.70s  t=15530 phase=1 freq=69.3 | I[A]: A=0.40 B=0.40 C=0.28 D=0.41 | duty[%]: A=99.0 B=99.0 C=100.0 D=98.7 | spread=0.128
  16.20s  t=16030 phase=1 freq=74.3 | I[A]: A=0.43 B=0.44 C=0.32 D=0.39 | duty[%]: A=99.0 B=99.0 C=100.0 D=98.6 | spread=0.119
  16.70s  t=16530 phase=1 freq=79.4 | I[A]: A=0.45 B=0.45 C=0.36 D=0.37 | duty[%]: A=99.0 B=99.0 C=100.0 D=98.6 | spread=0.091
  17.20s  t=17030 phase=1 freq=84.5 | I[A]: A=0.49 B=0.51 C=0.50 D=0.41 | duty[%]: A=99.0 B=99.0 C=100.0 D=98.7 | spread=0.100
  17.70s  t=17530 phase=1 freq=89.6 | I[A]: A=0.53 B=0.55 C=0.50 D=0.46 | duty[%]: A=99.0 B=99.0 C=100.0 D=98.7 | spread=0.088
  18.20s  t=18030 phase=1 freq=94.8 | I[A]: A=0.59 B=0.60 C=0.64 D=0.54 | duty[%]: A=99.0 B=99.0 C=100.0 D=98.9 | spread=0.107
  18.70s  t=18530 phase=1 freq=100.0 | I[A]: A=0.70 B=0.72 C=0.73 D=0.59 | duty[%]: A=99.0 B=99.0 C=100.0 D=99.0 | spread=0.139
  19.20s  t=19030 phase=1 freq=105.2 | I[A]: A=0.76 B=0.77 C=0.88 D=0.69 | duty[%]: A=99.0 B=99.0 C=100.0 D=99.0 | spread=0.195
  19.70s  t=19530 phase=1 freq=110.5 | I[A]: A=0.90 B=0.96 C=1.09 D=0.79 | duty[%]: A=99.0 B=98.9 C=99.0 D=100.0 | spread=0.297
  20.20s  t=20030 phase=1 freq=115.7 | I[A]: A=1.04 B=1.15 C=1.28 D=0.86 | duty[%]: A=98.9 B=98.6 C=99.0 D=100.0 | spread=0.416
  20.70s  t=20530 phase=1 freq=120.9 | I[A]: A=1.18 B=1.26 C=1.56 D=0.97 | duty[%]: A=98.6 B=98.2 C=98.4 D=100.0 | spread=0.587
  21.20s  t=21030 phase=1 freq=126.0 | I[A]: A=1.33 B=1.42 C=1.81 D=1.03 | duty[%]: A=98.1 B=97.6 C=97.3 D=100.0 | spread=0.785
  21.70s  t=21530 phase=1 freq=131.1 | I[A]: A=1.39 B=1.53 C=2.04 D=1.13 | duty[%]: A=97.7 B=97.0 C=96.0 D=100.0 | spread=0.907
  22.20s  t=22030 phase=1 freq=136.2 | I[A]: A=1.56 B=1.60 C=2.31 D=1.18 | duty[%]: A=97.1 B=96.3 C=94.4 D=100.0 | spread=1.123
  22.70s  t=22530 phase=1 freq=141.2 | I[A]: A=1.60 B=1.71 C=2.56 D=1.17 | duty[%]: A=96.4 B=95.5 C=92.4 D=100.0 | spread=1.388
  23.20s  t=23030 phase=1 freq=146.1 | I[A]: A=1.62 B=1.78 C=2.68 D=1.16 | duty[%]: A=95.7 B=94.5 C=90.2 D=100.0 | spread=1.515
  23.70s  t=23530 phase=1 freq=150.9 | I[A]: A=1.77 B=1.85 C=2.74 D=1.15 | duty[%]: A=94.9 B=93.5 C=87.9 D=100.0 | spread=1.598
  24.20s  t=24030 phase=1 freq=155.6 | I[A]: A=1.66 B=1.82 C=2.81 D=1.15 | duty[%]: A=94.2 B=92.5 C=85.4 D=100.0 | spread=1.658
  24.70s  t=24530 phase=1 freq=160.2 | I[A]: A=1.68 B=1.79 C=2.91 D=1.10 | duty[%]: A=93.3 B=91.4 C=82.7 D=100.0 | spread=1.811
  25.20s  t=25030 phase=1 freq=164.7 | I[A]: A=1.67 B=1.79 C=2.75 D=1.09 | duty[%]: A=92.4 B=90.3 C=80.3 D=100.0 | spread=1.654
  25.70s  t=25530 phase=1 freq=169.0 | I[A]: A=1.65 B=1.81 C=2.68 D=1.06 | duty[%]: A=91.6 B=89.2 C=77.8 D=100.0 | spread=1.615
  26.20s  t=26030 phase=1 freq=173.2 | I[A]: A=1.59 B=1.70 C=2.59 D=1.04 | duty[%]: A=90.7 B=88.2 C=75.5 D=100.0 | spread=1.547
  26.71s  t=26530 phase=1 freq=177.1 | I[A]: A=1.52 B=1.67 C=2.46 D=0.97 | duty[%]: A=89.8 B=87.1 C=73.3 D=100.0 | spread=1.486
  27.20s  t=27030 phase=1 freq=181.0 | I[A]: A=1.53 B=1.60 C=2.28 D=0.94 | duty[%]: A=89.0 B=86.1 C=71.2 D=100.0 | spread=1.333
  27.70s  t=27530 phase=1 freq=184.7 | I[A]: A=1.44 B=1.56 C=2.18 D=0.93 | duty[%]: A=88.1 B=85.1 C=69.3 D=100.0 | spread=1.249
  28.20s  t=28030 phase=1 freq=188.1 | I[A]: A=1.48 B=1.55 C=1.87 D=0.98 | duty[%]: A=87.4 B=84.3 C=67.8 D=100.0 | spread=0.895
  28.70s  t=28530 phase=1 freq=191.4 | I[A]: A=1.39 B=1.44 C=1.84 D=0.87 | duty[%]: A=86.5 B=83.4 C=66.3 D=100.0 | spread=0.965
  29.20s  t=29030 phase=1 freq=194.4 | I[A]: A=1.37 B=1.37 C=1.69 D=0.85 | duty[%]: A=85.7 B=82.6 C=64.9 D=100.0 | spread=0.844
  29.70s  t=29530 phase=1 freq=197.2 | I[A]: A=1.35 B=1.31 C=1.64 D=0.83 | duty[%]: A=84.9 B=81.9 C=63.7 D=100.0 | spread=0.808
  30.20s  t=30030 phase=1 freq=199.8 | I[A]: A=1.30 B=1.28 C=1.39 D=0.83 | duty[%]: A=84.2 B=81.2 C=62.7 D=100.0 | spread=0.564
  30.70s  t=30530 phase=1 freq=202.1 | I[A]: A=1.25 B=1.24 C=1.39 D=0.78 | duty[%]: A=83.5 B=80.5 C=61.8 D=100.0 | spread=0.615
  31.20s  t=31030 phase=1 freq=204.1 | I[A]: A=1.20 B=1.18 C=1.23 D=0.80 | duty[%]: A=82.9 B=80.0 C=61.0 D=100.0 | spread=0.427
  31.70s  t=31530 phase=1 freq=205.8 | I[A]: A=1.17 B=1.13 C=1.23 D=0.79 | duty[%]: A=82.3 B=79.4 C=60.2 D=100.0 | spread=0.442
  32.20s  t=32030 phase=1 freq=207.3 | I[A]: A=1.15 B=1.12 C=1.20 D=0.72 | duty[%]: A=81.6 B=78.8 C=59.5 D=100.0 | spread=0.480
  32.70s  t=32530 phase=1 freq=208.5 | I[A]: A=1.16 B=1.10 C=1.11 D=0.74 | duty[%]: A=81.1 B=78.3 C=59.0 D=100.0 | spread=0.418
  33.20s  t=33030 phase=1 freq=209.3 | I[A]: A=1.18 B=1.06 C=1.09 D=0.72 | duty[%]: A=80.5 B=77.8 C=58.4 D=100.0 | spread=0.459
  33.70s  t=33530 phase=2 freq=209.8 | I[A]: A=1.12 B=1.06 C=1.09 D=0.76 | duty[%]: A=80.0 B=77.3 C=57.9 D=100.0 | spread=0.357
  34.20s  t=34030 phase=2 freq=210.0 | I[A]: A=1.08 B=1.05 C=1.03 D=0.76 | duty[%]: A=79.5 B=76.9 C=57.5 D=100.0 | spread=0.327
  34.70s  t=34530 phase=2 freq=210.0 | I[A]: A=1.09 B=1.05 C=1.04 D=0.76 | duty[%]: A=79.0 B=76.5 C=57.0 D=100.0 | spread=0.326
  35.20s  t=35030 phase=2 freq=210.0 | I[A]: A=1.05 B=1.02 C=1.06 D=0.76 | duty[%]: A=78.5 B=76.1 C=56.6 D=100.0 | spread=0.297
  35.70s  t=35530 phase=2 freq=210.0 | I[A]: A=1.02 B=1.01 C=1.01 D=0.77 | duty[%]: A=78.1 B=75.7 C=56.2 D=100.0 | spread=0.254
  36.20s  t=36030 phase=2 freq=210.0 | I[A]: A=1.06 B=0.99 C=0.98 D=0.78 | duty[%]: A=77.7 B=75.4 C=55.9 D=100.0 | spread=0.278
  36.70s  t=36530 phase=2 freq=210.0 | I[A]: A=1.00 B=0.99 C=0.98 D=0.80 | duty[%]: A=77.4 B=75.1 C=55.6 D=100.0 | spread=0.197
  37.21s  t=37030 phase=2 freq=210.0 | I[A]: A=1.02 B=0.98 C=0.98 D=0.79 | duty[%]: A=77.0 B=74.8 C=55.3 D=100.0 | spread=0.232
  37.70s  t=37530 phase=2 freq=210.0 | I[A]: A=1.00 B=0.98 C=0.97 D=0.79 | duty[%]: A=76.7 B=74.5 C=55.0 D=100.0 | spread=0.210
  38.20s  t=38030 phase=2 freq=210.0 | I[A]: A=0.99 B=0.94 C=0.94 D=0.80 | duty[%]: A=76.4 B=74.3 C=54.7 D=100.0 | spread=0.189
  38.70s  t=38530 phase=2 freq=210.0 | I[A]: A=0.98 B=0.94 C=0.94 D=0.78 | duty[%]: A=76.0 B=74.0 C=54.5 D=100.0 | spread=0.203
  39.20s  t=39030 phase=2 freq=210.0 | I[A]: A=0.95 B=0.98 C=0.90 D=0.77 | duty[%]: A=75.7 B=73.7 C=54.3 D=100.0 | spread=0.210
  39.70s  t=39530 phase=2 freq=210.0 | I[A]: A=0.96 B=0.92 C=0.94 D=0.79 | duty[%]: A=75.4 B=73.5 C=54.0 D=100.0 | spread=0.174
  40.20s  t=40030 phase=2 freq=210.0 | I[A]: A=0.97 B=0.90 C=0.91 D=0.78 | duty[%]: A=75.2 B=73.3 C=53.8 D=100.0 | spread=0.192
  40.70s  t=40530 phase=2 freq=210.0 | I[A]: A=0.97 B=0.91 C=0.94 D=0.79 | duty[%]: A=74.9 B=73.1 C=53.6 D=100.0 | spread=0.180
  41.20s  t=41030 phase=2 freq=210.0 | I[A]: A=0.97 B=0.91 C=0.91 D=0.80 | duty[%]: A=74.7 B=72.9 C=53.4 D=100.0 | spread=0.168
  41.70s  t=41530 phase=2 freq=210.0 | I[A]: A=0.95 B=0.92 C=0.91 D=0.77 | duty[%]: A=74.4 B=72.7 C=53.2 D=100.0 | spread=0.177
  42.20s  t=42030 phase=2 freq=210.0 | I[A]: A=0.96 B=0.90 C=0.91 D=0.80 | duty[%]: A=74.2 B=72.6 C=53.1 D=100.0 | spread=0.161
  42.70s  t=42530 phase=2 freq=210.0 | I[A]: A=0.94 B=0.93 C=0.88 D=0.81 | duty[%]: A=74.0 B=72.4 C=53.0 D=100.0 | spread=0.139
  43.20s  t=43030 phase=2 freq=210.0 | I[A]: A=0.95 B=0.93 C=0.84 D=0.84 | duty[%]: A=73.8 B=72.2 C=52.9 D=100.0 | spread=0.114
  43.70s  t=43530 phase=2 freq=210.0 | I[A]: A=0.96 B=0.91 C=0.90 D=0.81 | duty[%]: A=73.6 B=72.1 C=52.7 D=100.0 | spread=0.143
  44.20s  t=44030 phase=2 freq=210.0 | I[A]: A=0.94 B=0.93 C=0.86 D=0.79 | duty[%]: A=73.4 B=71.9 C=52.6 D=100.0 | spread=0.149
  44.70s  t=44530 phase=2 freq=210.0 | I[A]: A=0.94 B=0.91 C=0.90 D=0.81 | duty[%]: A=73.2 B=71.8 C=52.5 D=100.0 | spread=0.135
  45.20s  t=45030 phase=2 freq=210.0 | I[A]: A=0.94 B=0.87 C=0.89 D=0.81 | duty[%]: A=73.0 B=71.7 C=52.4 D=100.0 | spread=0.130
  45.70s  t=45530 phase=2 freq=210.0 | I[A]: A=0.96 B=0.88 C=0.89 D=0.81 | duty[%]: A=72.8 B=71.5 C=52.3 D=100.0 | spread=0.152
  46.20s  t=46030 phase=2 freq=210.0 | I[A]: A=0.93 B=0.88 C=0.83 D=0.82 | duty[%]: A=72.7 B=71.4 C=52.3 D=100.0 | spread=0.113
  46.70s  t=46530 phase=2 freq=210.0 | I[A]: A=0.92 B=0.88 C=0.86 D=0.80 | duty[%]: A=72.5 B=71.3 C=52.2 D=100.0 | spread=0.115
  47.20s  t=47030 phase=2 freq=210.0 | I[A]: A=0.92 B=0.89 C=0.95 D=0.86 | duty[%]: A=72.4 B=71.2 C=52.1 D=100.0 | spread=0.093
  47.70s  t=47530 phase=2 freq=210.0 | I[A]: A=0.89 B=0.86 C=0.90 D=0.81 | duty[%]: A=72.3 B=71.1 C=52.0 D=100.0 | spread=0.086
  48.20s  t=48030 phase=2 freq=210.0 | I[A]: A=0.92 B=0.87 C=0.85 D=0.83 | duty[%]: A=72.1 B=71.0 C=52.0 D=100.0 | spread=0.089
  48.70s  t=48530 phase=2 freq=210.0 | I[A]: A=0.92 B=0.87 C=0.85 D=0.83 | duty[%]: A=72.0 B=71.0 C=51.9 D=100.0 | spread=0.081
  49.20s  t=49030 phase=2 freq=210.0 | I[A]: A=0.90 B=0.87 C=0.88 D=0.86 | duty[%]: A=71.9 B=70.9 C=51.9 D=100.0 | spread=0.041
  49.70s  t=49530 phase=2 freq=210.0 | I[A]: A=0.88 B=0.86 C=0.86 D=0.83 | duty[%]: A=71.8 B=70.8 C=51.9 D=100.0 | spread=0.052
  50.20s  t=50030 phase=2 freq=210.0 | I[A]: A=0.91 B=0.88 C=0.87 D=0.85 | duty[%]: A=71.7 B=70.8 C=51.8 D=100.0 | spread=0.064
  50.70s  t=50530 phase=2 freq=210.0 | I[A]: A=0.89 B=0.87 C=0.79 D=0.85 | duty[%]: A=71.6 B=70.7 C=51.8 D=100.0 | spread=0.099
  51.20s  t=51030 phase=2 freq=210.0 | I[A]: A=0.86 B=0.88 C=0.87 D=0.80 | duty[%]: A=71.5 B=70.6 C=51.7 D=100.0 | spread=0.075
  51.70s  t=51530 phase=2 freq=210.0 | I[A]: A=0.87 B=0.85 C=0.79 D=0.81 | duty[%]: A=71.4 B=70.6 C=51.7 D=100.0 | spread=0.083
  52.20s  t=52030 phase=2 freq=210.0 | I[A]: A=0.89 B=0.87 C=0.86 D=0.82 | duty[%]: A=71.4 B=70.6 C=51.7 D=100.0 | spread=0.065
  52.70s  t=52530 phase=2 freq=210.0 | I[A]: A=0.90 B=0.87 C=0.81 D=0.83 | duty[%]: A=71.3 B=70.6 C=51.7 D=100.0 | spread=0.093
  53.20s  t=53030 phase=2 freq=210.0 | I[A]: A=0.85 B=0.90 C=0.83 D=0.81 | duty[%]: A=71.2 B=70.5 C=51.7 D=100.0 | spread=0.086
  53.70s  t=53530 phase=2 freq=210.0 | I[A]: A=0.86 B=0.89 C=0.83 D=0.81 | duty[%]: A=71.1 B=70.4 C=51.6 D=100.0 | spread=0.084
  54.20s  t=54030 phase=2 freq=210.0 | I[A]: A=0.88 B=0.84 C=0.88 D=0.83 | duty[%]: A=71.1 B=70.4 C=51.6 D=100.0 | spread=0.044
  54.70s  t=54530 phase=2 freq=210.0 | I[A]: A=0.87 B=0.87 C=0.84 D=0.83 | duty[%]: A=71.0 B=70.3 C=51.6 D=100.0 | spread=0.039
  55.20s  t=55030 phase=2 freq=210.0 | I[A]: A=0.88 B=0.83 C=0.81 D=0.81 | duty[%]: A=70.9 B=70.3 C=51.6 D=100.0 | spread=0.067
  55.70s  t=55530 phase=2 freq=210.0 | I[A]: A=0.88 B=0.86 C=0.83 D=0.83 | duty[%]: A=70.8 B=70.2 C=51.6 D=100.0 | spread=0.051
  56.20s  t=56030 phase=2 freq=210.0 | I[A]: A=0.87 B=0.90 C=0.81 D=0.83 | duty[%]: A=70.8 B=70.2 C=51.6 D=100.0 | spread=0.086
  56.70s  t=56530 phase=2 freq=210.0 | I[A]: A=0.85 B=0.86 C=0.80 D=0.85 | duty[%]: A=70.8 B=70.2 C=51.6 D=100.0 | spread=0.068
  57.20s  t=57030 phase=2 freq=210.0 | I[A]: A=0.86 B=0.86 C=0.85 D=0.84 | duty[%]: A=70.7 B=70.1 C=51.6 D=100.0 | spread=0.014
  57.70s  t=57530 phase=2 freq=210.0 | I[A]: A=0.86 B=0.85 C=0.86 D=0.81 | duty[%]: A=70.7 B=70.1 C=51.6 D=100.0 | spread=0.051
  58.20s  t=58030 phase=2 freq=210.0 | I[A]: A=0.87 B=0.84 C=0.84 D=0.84 | duty[%]: A=70.6 B=70.0 C=51.6 D=100.0 | spread=0.034
  58.70s  t=58530 phase=2 freq=210.0 | I[A]: A=0.90 B=0.85 C=0.81 D=0.83 | duty[%]: A=70.5 B=70.0 C=51.6 D=100.0 | spread=0.081
  59.20s  t=59030 phase=2 freq=210.0 | I[A]: A=0.88 B=0.87 C=0.83 D=0.84 | duty[%]: A=70.5 B=70.0 C=51.5 D=100.0 | spread=0.050
  59.70s  t=59530 phase=2 freq=210.0 | I[A]: A=0.87 B=0.90 C=0.82 D=0.84 | duty[%]: A=70.5 B=70.0 C=51.6 D=100.0 | spread=0.078
  60.20s  t=60030 phase=2 freq=210.0 | I[A]: A=0.89 B=0.86 C=0.83 D=0.84 | duty[%]: A=70.4 B=70.0 C=51.6 D=100.0 | spread=0.060
  60.70s  t=60530 phase=2 freq=210.0 | I[A]: A=0.86 B=0.84 C=0.84 D=0.85 | duty[%]: A=70.4 B=70.0 C=51.6 D=100.0 | spread=0.023
  61.20s  t=61030 phase=2 freq=210.0 | I[A]: A=0.83 B=0.84 C=0.84 D=0.82 | duty[%]: A=70.4 B=69.9 C=51.6 D=100.0 | spread=0.015
  61.70s  t=61530 phase=2 freq=210.0 | I[A]: A=0.85 B=0.83 C=0.84 D=0.82 | duty[%]: A=70.4 B=70.0 C=51.6 D=100.0 | spread=0.034
  62.20s  t=62030 phase=2 freq=210.0 | I[A]: A=0.84 B=0.84 C=0.86 D=0.85 | duty[%]: A=70.3 B=70.0 C=51.6 D=100.0 | spread=0.021
  62.70s  t=62530 phase=2 freq=210.0 | I[A]: A=0.85 B=0.85 C=0.82 D=0.85 | duty[%]: A=70.3 B=70.0 C=51.7 D=100.0 | spread=0.038
  63.20s  t=63030 phase=2 freq=210.0 | I[A]: A=0.83 B=0.86 C=0.80 D=0.84 | duty[%]: A=70.3 B=69.9 C=51.7 D=100.0 | spread=0.058
  63.70s  t=63530 phase=3 freq=210.0 | I[A]: A=0.05 B=0.06 C=0.01 D=0.25 | duty[%]: A=70.3 B=69.9 C=51.7 D=100.0 | spread=0.244
  64.20s  t=64030 phase=3 freq=210.0 | I[A]: A=0.00 B=0.00 C=0.00 D=0.00 | duty[%]: A=70.3 B=69.9 C=51.7 D=100.0 | spread=0.000
  64.32s  coils off
  64.71s  t=64530 phase=4 freq=210.0 | I[A]: A=0.00 B=0.00 C=0.00 D=0.00 | duty[%]: A=70.3 B=69.9 C=51.7 D=100.0 | spread=0.000
  65.20s  t=65030 phase=4 freq=210.0 | I[A]: A=0.00 B=0.00 C=0.00 D=0.00 | duty[%]: A=70.3 B=69.9 C=51.7 D=100.0 | spread=0.001
  65.70s  t=65530 phase=4 freq=210.0 | I[A]: A=0.00 B=0.00 C=0.00 D=0.00 | duty[%]: A=70.3 B=69.9 C=51.7 D=100.0 | spread=0.000
  66.20s  t=66030 phase=4 freq=210.0 | I[A]: A=0.00 B=0.00 C=0.00 D=0.00 | duty[%]: A=70.3 B=69.9 C=51.7 D=100.0 | spread=0.000
  66.70s  t=66530 phase=4 freq=210.0 | I[A]: A=0.00 B=0.00 C=-0.00 D=0.00 | duty[%]: A=70.3 B=69.9 C=51.7 D=100.0 | spread=0.000
  67.20s  t=67030 phase=4 freq=210.0 | I[A]: A=0.00 B=0.00 C=-0.00 D=0.00 | duty[%]: A=70.3 B=69.9 C=51.7 D=100.0 | spread=0.000
  67.70s  t=67530 phase=4 freq=210.0 | I[A]: A=0.00 B=0.00 C=-0.00 D=0.00 | duty[%]: A=70.3 B=69.9 C=51.7 D=100.0 | spread=0.000
  68.20s  t=68030 phase=4 freq=210.0 | I[A]: A=0.00 B=0.00 C=-0.00 D=0.00 | duty[%]: A=70.3 B=69.9 C=51.7 D=100.0 | spread=0.001
  68.70s  t=68530 phase=4 freq=210.0 | I[A]: A=0.00 B=0.00 C=-0.00 D=0.00 | duty[%]: A=70.3 B=69.9 C=51.7 D=100.0 | spread=0.000
  69.21s  t=69030 phase=4 freq=210.0 | I[A]: A=0.00 B=0.00 C=-0.00 D=0.00 | duty[%]: A=70.3 B=69.9 C=51.7 D=100.0 | spread=0.000
  69.70s  t=69530 phase=4 freq=210.0 | I[A]: A=0.00 B=0.00 C=0.03 D=0.00 | duty[%]: A=70.3 B=69.9 C=51.7 D=100.0 | spread=0.025
  70.20s  t=70030 phase=4 freq=210.0 | I[A]: A=0.00 B=-0.00 C=0.00 D=0.00 | duty[%]: A=70.3 B=69.9 C=51.7 D=100.0 | spread=0.000
  70.70s  t=70530 phase=4 freq=210.0 | I[A]: A=0.00 B=-0.00 C=0.00 D=0.00 | duty[%]: A=70.3 B=69.9 C=51.7 D=100.0 | spread=0.000
  71.20s  t=71030 phase=4 freq=210.0 | I[A]: A=0.00 B=-0.00 C=0.00 D=0.00 | duty[%]: A=70.3 B=69.9 C=51.7 D=100.0 | spread=0.000
  71.71s  t=71530 phase=4 freq=210.0 | I[A]: A=0.00 B=-0.00 C=0.00 D=0.00 | duty[%]: A=70.3 B=69.9 C=51.7 D=100.0 | spread=0.000
  72.20s  t=72030 phase=4 freq=210.0 | I[A]: A=0.00 B=-0.00 C=-0.00 D=0.00 | duty[%]: A=70.3 B=69.9 C=51.7 D=100.0 | spread=0.000
  72.70s  t=72530 phase=4 freq=210.0 | I[A]: A=0.00 B=0.00 C=-0.00 D=0.00 | duty[%]: A=70.3 B=69.9 C=51.7 D=100.0 | spread=0.000
  73.20s  t=73030 phase=4 freq=210.0 | I[A]: A=0.00 B=0.00 C=-0.00 D=0.00 | duty[%]: A=70.3 B=69.9 C=51.7 D=100.0 | spread=0.000
  73.70s  t=73530 phase=4 freq=210.0 | I[A]: A=0.00 B=0.00 C=-0.00 D=0.00 | duty[%]: A=70.3 B=69.9 C=51.7 D=100.0 | spread=0.000
  74.20s  t=74030 phase=4 freq=210.0 | I[A]: A=0.00 B=0.00 C=-0.00 D=0.00 | duty[%]: A=70.3 B=69.9 C=51.7 D=100.0 | spread=0.000
  74.71s  t=74530 phase=4 freq=210.0 | I[A]: A=0.00 B=0.00 C=-0.00 D=0.00 | duty[%]: A=70.3 B=69.9 C=51.7 D=100.0 | spread=0.000
  75.20s  t=75030 phase=4 freq=210.0 | I[A]: A=0.00 B=0.00 C=-0.00 D=0.00 | duty[%]: A=70.3 B=69.9 C=51.7 D=100.0 | spread=0.000
  75.70s  t=75530 phase=4 freq=210.0 | I[A]: A=0.00 B=0.00 C=-0.00 D=0.00 | duty[%]: A=70.3 B=69.9 C=51.7 D=100.0 | spread=0.000
  76.20s  t=76030 phase=4 freq=210.0 | I[A]: A=0.00 B=0.00 C=-0.00 D=0.00 | duty[%]: A=70.3 B=69.9 C=51.7 D=100.0 | spread=0.000
  76.70s  t=76530 phase=4 freq=210.0 | I[A]: A=0.00 B=0.00 C=0.00 D=0.00 | duty[%]: A=70.3 B=69.9 C=51.7 D=100.0 | spread=0.000
  77.20s  t=77030 phase=4 freq=210.0 | I[A]: A=0.00 B=-0.00 C=0.00 D=0.00 | duty[%]: A=70.3 B=69.9 C=51.7 D=100.0 | spread=0.000
  77.70s  t=77530 phase=4 freq=210.0 | I[A]: A=0.00 B=-0.00 C=0.00 D=0.00 | duty[%]: A=70.3 B=69.9 C=51.7 D=100.0 | spread=0.000
  78.20s  t=78030 phase=4 freq=210.0 | I[A]: A=0.00 B=-0.00 C=0.00 D=0.00 | duty[%]: A=70.3 B=69.9 C=51.7 D=100.0 | spread=0.000
