   0.35s  x嚙踝蕭嚙踝蕭嚙踝蕭x嚙踝蕭x嚙綞嚙踝蕭x嚙綞x嚙踝蕭嚙踝蕭嚙踝蕭x嚙踝蕭x嚙綞嚙踝蕭x嚙綞x嚙踝蕭嚙踝蕭嚙踝蕭x嚙踝蕭x嚙綞嚙踝蕭x嚙綞x嚙踝蕭嚙踝蕭嚙踝蕭x嚙踝蕭x嚙綞嚙踝蕭x嚙綞x嚙踝蕭嚙踝蕭嚙踝蕭x嚙踝蕭x嚙綞嚙踝蕭x嚙綞x嚙踝蕭嚙踝蕭嚙踝蕭x嚙踝蕭x嚙綞嚙踝蕭x嚙綞x嚙踝蕭嚙踝蕭嚙踝蕭x嚙踝蕭x嚙綞嚙踝蕭x嚙綞x嚙踝蕭嚙踝蕭嚙踝蕭x嚙踝蕭x嚙綞嚙踝蕭x嚙綞x嚙踝蕭嚙踝蕭嚙踝蕭x嚙踝蕭x嚙綞嚙踝蕭x嚙綞x嚙踝蕭嚙踝蕭嚙踝蕭x嚙踝蕭x嚙綞嚙踝蕭x嚙綞x嚙踝蕭嚙踝蕭嚙踝蕭x嚙踝蕭x嚙綞嚙踝蕭x嚙綞x嚙踝蕭嚙踝蕭嚙踝蕭x嚙踝蕭x嚙綞嚙踝蕭x嚙綞x嚙踝蕭嚙踝蕭嚙踝蕭x嚙踝蕭x嚙綞嚙踝蕭x嚙綞x嚙踝蕭嚙踝蕭嚙踝蕭x嚙踝蕭x嚙綞嚙踝蕭x嚙綞x嚙踝蕭嚙踝蕭嚙踝蕭x嚙踝蕭x嚙綞嚙踝蕭x嚙綞x嚙踝蕭嚙踝蕭嚙踝蕭x嚙踝蕭x嚙綞嚙踝蕭x嚙綞x嚙踝蕭嚙踝蕭嚙踝蕭x嚙踝蕭x嚙綞嚙踝蕭x嚙綞x嚙踝蕭嚙踝蕭嚙踝蕭x嚙踝蕭x嚙綞嚙踝蕭x嚙綞x嚙踝蕭嚙踝蕭嚙踝蕭x嚙踝蕭x嚙綞嚙踝蕭x嚙綞x嚙踝蕭嚙踝蕭嚙踝蕭x嚙踝蕭x嚙綞嚙踝蕭x嚙綞x嚙踝蕭嚙踝蕭嚙踝蕭x嚙踝蕭x嚙綞嚙踝蕭x嚙綞x嚙踝蕭嚙踝蕭嚙踝蕭x嚙踝蕭x嚙綞嚙踝蕭x嚙綞x嚙踝蕭嚙踝蕭嚙踝蕭x嚙踝蕭x嚙綞嚙踝蕭x嚙綞x嚙踝蕭嚙踝蕭嚙踝蕭x嚙踝蕭x嚙綞嚙踝蕭x嚙綞x嚙踝蕭嚙踝蕭嚙踝蕭x嚙踝蕭x嚙綞嚙踝蕭x嚙綞x嚙踝蕭嚙踝蕭嚙踝蕭x嚙踝蕭x嚙綞嚙踝蕭x嚙綞x嚙踝蕭嚙踝蕭嚙踝蕭x嚙踝蕭x嚙綞嚙踝蕭x嚙綞x嚙踝蕭嚙踝蕭嚙踝蕭x嚙踝蕭x嚙綞嚙踝蕭x嚙綞x嚙踝蕭嚙踝蕭嚙踝蕭x嚙踝蕭x嚙綞嚙踝蕭x嚙綞x嚙踝蕭嚙踝蕭嚙踝蕭x嚙踝蕭x嚙綞嚙踝蕭x嚙綞x嚙踝蕭嚙踝蕭嚙踝蕭x嚙踝蕭x嚙綞嚙踝蕭x嚙綞x嚙踝蕭嚙踝蕭嚙踝蕭x嚙踝蕭x嚙綞嚙踝蕭x嚙綞x嚙踝蕭嚙踝蕭嚙踝蕭x嚙踝蕭x嚙綞嚙踝蕭x嚙綞x嚙踝蕭嚙踝蕭嚙踝蕭x嚙踝蕭x嚙綞嚙踝蕭x嚙綞x嚙踝蕭嚙踝蕭嚙踝蕭x嚙踝蕭x嚙綞嚙踝蕭x嚙綞x嚙踝蕭嚙踝蕭嚙踝蕭x嚙踝蕭x嚙綞嚙踝蕭x嚙綞x嚙踝蕭嚙踝蕭嚙踝蕭x嚙踝蕭x嚙綞嚙踝蕭x嚙綞x嚙踝蕭嚙踝蕭嚙踝蕭x嚙踝蕭x嚙綞嚙踝蕭x嚙綞x嚙踝蕭嚙踝蕭嚙踝蕭x嚙踝蕭x嚙綞嚙踝蕭x嚙綞x嚙踝蕭嚙踝蕭嚙踝蕭x嚙踝蕭x嚙綞嚙踝蕭x嚙綞x嚙踝蕭嚙踝蕭嚙踝蕭x嚙踝蕭x嚙綞嚙踝蕭x嚙綞x嚙踝蕭嚙踝蕭嚙踝蕭x嚙踝蕭x嚙綞嚙踝蕭x嚙綞x嚙踝蕭嚙踝蕭嚙踝蕭x嚙踝蕭x嚙綞嚙踝蕭x嚙綞x嚙踝蕭嚙踝蕭嚙踝蕭x嚙踝蕭x嚙綞嚙踝蕭x嚙綞x嚙踝蕭嚙踝蕭嚙踝蕭x嚙踝蕭x嚙綞嚙踝蕭x嚙綞x嚙踝蕭嚙踝蕭嚙踝蕭x嚙踝蕭x嚙綞嚙踝蕭x嚙綞x嚙踝蕭嚙踝蕭嚙踝蕭x嚙踝蕭x嚙綞嚙踝蕭x嚙綞x嚙踝蕭嚙踝蕭嚙踝蕭x嚙踝蕭x嚙綞嚙踝蕭x嚙綞x嚙踝蕭嚙踝蕭嚙踝蕭x嚙踝蕭x嚙綞嚙踝蕭x嚙綞x嚙踝蕭嚙踝蕭嚙踝蕭x嚙踝蕭x嚙綞嚙踝蕭x嚙綞x嚙踝蕭嚙踝蕭嚙踝蕭x嚙踝蕭x嚙綞嚙踝蕭x嚙綞x嚙踝蕭嚙踝蕭嚙踝蕭x嚙踝蕭x嚙綞嚙踝蕭x嚙綞x嚙踝蕭嚙踝蕭嚙踝蕭x嚙踝蕭x嚙綞嚙踝蕭x嚙綞x嚙踝蕭嚙踝蕭嚙踝蕭x嚙踝蕭x嚙綞嚙踝蕭x嚙綞x嚙踝蕭嚙踝蕭嚙踝蕭x嚙踝蕭x嚙綞嚙踝蕭x嚙綞x嚙踝蕭嚙踝蕭嚙踝蕭x嚙踝蕭x嚙綞嚙踝蕭x嚙綞x嚙踝蕭嚙踝蕭嚙踝蕭x嚙踝蕭x嚙綞嚙踝蕭x嚙綞x嚙踝蕭嚙踝蕭嚙踝蕭x嚙踝蕭x嚙綞嚙踝蕭x嚙綞x嚙踝蕭嚙踝蕭嚙踝蕭x嚙踝蕭x嚙綞嚙踝蕭x嚙綞x嚙踝蕭嚙踝蕭嚙踝蕭x嚙踝蕭x嚙綞嚙踝蕭x嚙綞x嚙踝蕭嚙踝蕭嚙踝蕭x嚙踝蕭x嚙綞嚙踝蕭x嚙綞x嚙踝蕭嚙踝蕭嚙踝蕭x嚙踝蕭x嚙綞嚙踝蕭x嚙綞x嚙踝蕭嚙踝蕭嚙踝蕭x嚙踝蕭x嚙綞嚙踝蕭x嚙綞x嚙踝蕭嚙踝蕭嚙踝蕭x嚙踝蕭x嚙綞嚙踝蕭x嚙綞x嚙踝蕭嚙踝蕭嚙踝蕭x嚙踝蕭x嚙綞嚙踝蕭x嚙綞x嚙踝蕭嚙踝蕭嚙踝蕭x嚙踝蕭x嚙綞嚙踝蕭x嚙綞x嚙踝蕭嚙踝蕭嚙踝蕭x嚙踝蕭x嚙綞嚙踝蕭x嚙綞x嚙踝蕭嚙踝蕭嚙踝蕭x嚙踝蕭x嚙綞嚙踝蕭x嚙綞x嚙踝蕭嚙踝蕭嚙踝蕭x嚙踝蕭x嚙綞嚙踝蕭x嚙綞x嚙踝蕭嚙踝蕭嚙踝蕭x嚙踝蕭x嚙綞嚙踝蕭x嚙綞x嚙踝蕭嚙踝蕭嚙踝蕭x嚙踝蕭x嚙綞嚙踝蕭x嚙綞x嚙踝蕭嚙踝蕭嚙踝蕭x嚙踝蕭x嚙綞嚙踝蕭x嚙綞x嚙踝蕭嚙踝蕭嚙踝蕭x嚙踝蕭x嚙綞嚙踝蕭x嚙綞x嚙踝蕭嚙踝蕭嚙踝蕭x嚙踝蕭x嚙綞嚙踝蕭x嚙綞x嚙踝蕭嚙踝蕭嚙踝蕭x嚙踝蕭x嚙綞嚙踝蕭x嚙綞x嚙踝蕭嚙踝蕭嚙踝蕭x嚙踝蕭x嚙綞嚙踝蕭x嚙綞x嚙踝蕭嚙踝蕭嚙踝蕭x嚙踝蕭x嚙綞嚙踝蕭x嚙綞x嚙踝蕭嚙踝蕭嚙踝蕭x嚙踝蕭x嚙綞嚙踝蕭x嚙綞x嚙踝蕭嚙踝蕭嚙踝蕭x嚙踝蕭x嚙綞嚙踝蕭x嚙綞x嚙踝蕭嚙踝蕭嚙踝蕭x嚙踝蕭x嚙綞嚙踝蕭x嚙綞x嚙踝蕭嚙踝蕭嚙踝蕭x嚙踝蕭x嚙綞嚙踝蕭x嚙綞x嚙踝蕭嚙踝蕭嚙踝蕭x嚙踝蕭x嚙綞嚙踝蕭x嚙綞x嚙踝蕭嚙踝蕭嚙踝蕭x嚙踝蕭x嚙綞嚙踝蕭x嚙綞x嚙踝蕭嚙踝蕭嚙踝蕭x嚙踝蕭x嚙綞嚙踝蕭x嚙綞x嚙踝蕭嚙踝蕭嚙踝蕭x嚙踝蕭x嚙綞嚙踝蕭x嚙綞x嚙踝蕭嚙踝蕭嚙踝蕭x嚙踝蕭x嚙綞嚙踝蕭x嚙綞x嚙踝蕭嚙踝蕭嚙踝蕭x嚙踝蕭x嚙綞嚙踝蕭x嚙綞x嚙踝蕭嚙踝蕭嚙踝蕭x嚙踝蕭x嚙綞嚙踝蕭x嚙綞x嚙踝蕭嚙踝蕭嚙踝蕭x嚙踝蕭x嚙綞嚙踝蕭x嚙綞x嚙踝蕭嚙踝蕭嚙踝蕭x嚙踝蕭x嚙綞嚙踝蕭x嚙綞x嚙踝蕭嚙踝蕭嚙踝蕭x嚙踝蕭x嚙綞嚙踝蕭x嚙綞x嚙踝蕭嚙踝蕭嚙踝蕭x嚙踝蕭x嚙綞嚙踝蕭x嚙綞x嚙踝蕭嚙踝蕭嚙踝蕭x嚙踝蕭x嚙綞嚙踝蕭x嚙綞x嚙踝蕭嚙踝蕭嚙踝蕭x嚙踝蕭x嚙綞嚙踝蕭x嚙綞x嚙踝蕭嚙踝蕭嚙踝蕭x嚙踝蕭x嚙綞嚙踝蕭x嚙綞x嚙踝蕭嚙踝蕭嚙踝蕭x嚙踝蕭x嚙綞嚙踝蕭x嚙綞x嚙踝蕭嚙踝蕭嚙踝蕭x嚙踝蕭x嚙綞嚙踝蕭x嚙綞x嚙踝蕭嚙踝蕭嚙踝蕭x嚙踝蕭x嚙綞嚙踝蕭x嚙綞x嚙踝蕭嚙踝蕭嚙踝蕭x嚙踝蕭x嚙綞嚙踝蕭x嚙綞x嚙踝蕭嚙踝蕭嚙踝蕭x嚙踝蕭x嚙綞嚙踝蕭x嚙綞x嚙踝蕭嚙踝蕭嚙踝蕭x嚙踝蕭x嚙綞嚙踝蕭x嚙綞x嚙踝蕭嚙踝蕭嚙踝蕭x嚙踝蕭x嚙綞嚙踝蕭x嚙綞x嚙踝蕭嚙踝蕭嚙踝蕭x嚙踝蕭x嚙綞嚙踝蕭x嚙綞x嚙踝蕭嚙踝蕭嚙踝蕭x嚙踝蕭x嚙綞嚙踝蕭x嚙綞x嚙踝蕭嚙踝蕭嚙踝蕭x嚙踝蕭x嚙綞嚙踝蕭x嚙綞x嚙踝蕭嚙踝蕭嚙踝蕭x嚙踝蕭x嚙綞嚙踝蕭x嚙綞x嚙踝蕭嚙踝蕭嚙踝蕭x嚙踝蕭x嚙綞嚙踝蕭x嚙綞x嚙踝蕭嚙踝蕭嚙踝蕭x嚙踝蕭x嚙綞嚙踝蕭x嚙綞x嚙踝蕭嚙踝蕭嚙踝蕭x嚙踝蕭x嚙綞嚙踝蕭x嚙綞x嚙踝蕭嚙踝蕭嚙踝蕭x嚙踝蕭x嚙綞嚙踝蕭x嚙綞x嚙踝蕭嚙踝蕭嚙踝蕭x嚙踝蕭x嚙綞嚙踝蕭x嚙綞x嚙踝蕭嚙踝蕭嚙踝蕭x嚙踝蕭x嚙綞嚙踝蕭x嚙綞x嚙踝蕭嚙踝蕭嚙踝蕭x嚙踝蕭x嚙綞嚙踝蕭x嚙綞x嚙踝蕭嚙踝蕭嚙踝蕭x嚙踝蕭x嚙綞嚙踝蕭x嚙綞x嚙踝蕭嚙踝蕭嚙踝蕭x嚙踝蕭x嚙綞嚙踝蕭x嚙綞x嚙踝蕭嚙踝蕭嚙踝蕭x嚙踝蕭x嚙綞嚙踝蕭x嚙綞x嚙踝蕭嚙踝蕭嚙踝蕭x嚙踝蕭x嚙綞嚙踝蕭x嚙綞x嚙踝蕭嚙踝蕭嚙踝蕭x嚙踝蕭x嚙綞嚙踝蕭x嚙綞x嚙踝蕭嚙踝蕭嚙踝蕭x嚙踝蕭x嚙綞嚙踝蕭x嚙綞x嚙踝蕭嚙踝蕭嚙踝蕭x嚙踝蕭x嚙綞嚙踝蕭x嚙綞x嚙踝蕭嚙踝蕭嚙踝蕭x嚙踝蕭x嚙綞嚙踝蕭x嚙綞x嚙踝蕭嚙踝蕭嚙踝蕭x嚙踝蕭x嚙綞嚙踝蕭x嚙綞x嚙踝蕭嚙踝蕭嚙踝蕭x嚙踝蕭x嚙綞嚙踝蕭x嚙綞x嚙踝蕭嚙踝蕭嚙踝蕭x嚙踝蕭x嚙綞嚙踝蕭x嚙綞x嚙踝蕭嚙踝蕭嚙踝蕭x嚙踝蕭x嚙綞嚙踝蕭x嚙綞x嚙踝蕭嚙踝蕭嚙踝蕭x嚙踝蕭x嚙綞嚙踝蕭x嚙綞x嚙踝蕭嚙踝蕭嚙踝蕭x嚙踝蕭x嚙綞嚙踝蕭x嚙綞x嚙踝蕭嚙踝蕭嚙踝蕭x嚙踝蕭x嚙綞嚙踝蕭x嚙綞x嚙踝蕭嚙踝蕭嚙踝蕭x嚙踝蕭x嚙綞嚙踝蕭x嚙綞x嚙踝蕭嚙踝蕭嚙踝蕭x嚙踝蕭x嚙綞嚙踝蕭x嚙綞x嚙踝蕭嚙踝蕭嚙踝蕭x嚙踝蕭x嚙綞嚙踝蕭x嚙綞x嚙踝蕭嚙踝蕭嚙踝蕭x嚙踝蕭x嚙綞嚙踝蕭x嚙綞x嚙踝蕭嚙踝蕭嚙踝蕭x嚙踝蕭x嚙綞嚙踝蕭x嚙綞x嚙踝蕭嚙踝蕭嚙踝蕭x嚙踝蕭x嚙綞嚙踝蕭x嚙綞x嚙踝蕭嚙踝蕭嚙踝蕭x嚙踝蕭x嚙綞嚙踝蕭x嚙綞x嚙踝蕭嚙踝蕭嚙踝蕭x嚙踝蕭x嚙綞嚙踝蕭x嚙綞x嚙踝蕭嚙踝蕭嚙踝蕭x嚙踝蕭x嚙綞嚙踝蕭x嚙綞x嚙踝蕭嚙踝蕭嚙踝蕭x嚙踝蕭x嚙綞嚙踝蕭x嚙綞x嚙踝蕭嚙踝蕭嚙踝蕭x嚙踝蕭x嚙綞嚙踝蕭x嚙綞x嚙踝蕭嚙踝蕭嚙踝蕭x嚙踝蕭x嚙綞嚙踝蕭x嚙綞x嚙踝蕭嚙踝蕭嚙踝蕭x嚙踝蕭x嚙綞嚙踝蕭x嚙綞x嚙踝蕭嚙踝蕭嚙踝蕭x嚙踝蕭x嚙綞嚙踝蕭x嚙綞x嚙踝蕭嚙踝蕭嚙踝蕭x嚙踝蕭x嚙綞嚙踝蕭x嚙綞x嚙踝蕭嚙踝蕭嚙踝蕭x嚙踝蕭x嚙綞嚙踝蕭x嚙綞x嚙踝蕭嚙踝蕭嚙踝蕭x嚙踝蕭x嚙綞嚙踝蕭x嚙綞x嚙踝蕭嚙踝蕭嚙踝蕭x嚙踝蕭x嚙綞嚙踝蕭x嚙綞x嚙踝蕭嚙踝蕭嚙踝蕭x嚙踝蕭x嚙綞嚙踝蕭x嚙綞x嚙踝蕭嚙踝蕭嚙踝蕭x嚙踝蕭x嚙綞嚙踝蕭x嚙綞x嚙踝蕭嚙踝蕭嚙踝蕭x嚙踝蕭x嚙綞嚙踝蕭x嚙綞x嚙踝蕭嚙踝蕭嚙踝蕭x嚙踝蕭x嚙綞嚙踝蕭x嚙綞x嚙踝蕭嚙踝蕭嚙踝蕭x嚙踝蕭x嚙綞嚙踝蕭x嚙綞x嚙踝蕭嚙踝蕭嚙踝蕭x嚙踝蕭x嚙綞嚙踝蕭x嚙綞x嚙踝蕭嚙踝蕭嚙踝蕭x嚙踝蕭x嚙綞嚙踝蕭x嚙綞x嚙踝蕭嚙踝蕭嚙踝蕭x嚙踝蕭x嚙綞嚙踝蕭x嚙綞x嚙踝蕭嚙踝蕭嚙踝蕭x嚙踝蕭x嚙綞嚙踝蕭x嚙綞x嚙踝蕭嚙踝蕭嚙踝蕭x嚙踝蕭x嚙綞嚙踝蕭x嚙綞x嚙踝蕭嚙踝蕭嚙踝蕭x嚙踝蕭x嚙綞嚙踝蕭x嚙綞x嚙踝蕭嚙踝蕭嚙踝蕭x嚙踝蕭x嚙綞嚙踝蕭x嚙綞x嚙踝蕭嚙踝蕭嚙踝蕭x嚙踝蕭x嚙綞嚙踝蕭x嚙綞x嚙踝蕭嚙踝蕭嚙踝蕭x嚙踝蕭x嚙綞嚙踝蕭x嚙綞x嚙踝蕭嚙踝蕭嚙踝蕭x嚙踝蕭x嚙綞嚙踝蕭x嚙綞x嚙踝蕭嚙踝蕭嚙踝蕭x嚙踝蕭x嚙綞嚙踝蕭x嚙綞x嚙踝蕭嚙踝蕭嚙踝蕭x嚙踝蕭x嚙綞嚙踝蕭x嚙綞x嚙踝蕭嚙踝蕭嚙踝蕭x嚙踝蕭x嚙綞嚙踝蕭x嚙綞x嚙踝蕭嚙踝蕭嚙踝蕭x嚙踝蕭x嚙綞嚙踝蕭x嚙綞x嚙踝蕭嚙踝蕭嚙踝蕭x嚙踝蕭x嚙綞嚙踝蕭x嚙綞x嚙踝蕭嚙踝蕭嚙踝蕭x嚙踝蕭x嚙綞嚙踝蕭x嚙綞x嚙踝蕭嚙踝蕭嚙踝蕭x嚙踝蕭x嚙綞嚙踝蕭x嚙綞x嚙踝蕭嚙踝蕭嚙踝蕭x嚙踝蕭x嚙綞嚙踝蕭x嚙綞x嚙踝蕭嚙踝蕭嚙踝蕭x嚙踝蕭x嚙綞嚙踝蕭x嚙綞x嚙踝蕭嚙踝蕭嚙踝蕭x嚙踝蕭x嚙綞嚙踝蕭x嚙綞x嚙踝蕭嚙踝蕭嚙踝蕭x嚙踝蕭x嚙綞嚙踝蕭x嚙綞x嚙踝蕭嚙踝蕭嚙踝蕭x嚙踝蕭x嚙綞嚙踝蕭x嚙綞x嚙踝蕭嚙踝蕭嚙踝蕭x嚙踝蕭x嚙綞嚙踝蕭x嚙綞x嚙踝蕭嚙踝蕭嚙踝蕭x嚙踝蕭x嚙綞嚙踝蕭x嚙綞32
   0.38s  load:0x40080400,len:3028
   0.41s  entry 0x400805e4
   0.44s  try 0x400805e4
   0.47s  try 0x400805e4
   0.50s  try 0x400805e4
   0.53s  try 0x400805e4
   0.56s  try 0x400805e4
   0.59s  try 0x400805e4
   0.62s  try 0x400805e4
   0.65s  try 0x400805e4
   0.68s  try 0x400805e4
   0.71s  try 0x400805e4
   0.74s  try 0x400805e4
   0.77s  try 0x400805e4
   0.80s  try 0x400805e4
   0.83s  try 0x400805e4
   0.86s  try 0x400805e4
   0.89s  try 0x400805e4
   0.92s  try 0x400805e4
   0.95s  try 0x400805e4
   0.98s  try 0x400805e4
   1.01s  try 0x400805e4
   1.04s  try 0x400805e4
   1.08s  try 0x400805e4
   1.11s  try 0x400805e4
   1.14s  try 0x400805e4
   1.17s  try 0x400805e4
   1.20s  try 0x400805e4
   1.23s  try 0x400805e4
   1.26s  try 0x400805e4
   1.29s  try 0x400805e4
   1.32s  try 0x400805e4
   1.35s  try 0x400805e4
   1.38s  try 0x400805e4
   1.41s  try 0x400805e4
   1.44s  try 0x400805e4
   1.47s  try 0x400805e4
   1.50s  try 0x400805e4
   1.53s  try 0x400805e4
   1.56s  try 0x400805e4
   1.59s  try 0x400805e4
   1.62s  try 0x400805e4
   1.65s  try 0x400805e4
   1.68s  try 0x400805e4
   1.71s  try 0x400805e4
   1.74s  try 0x400805e4
   1.77s  try 0x400805e4
   1.80s  try 0x400805e4
   1.83s  try 0x400805e4
   1.86s  try 0x400805e4
   1.89s  try 0x400805e4
   1.93s  try 0x400805e4
   1.96s  try 0x400805e4
   1.99s  try 0x400805e4
   2.02s  try 0x400805e4
   2.05s  try 0x400805e4
   2.08s  try 0x400805e4
   2.11s  try 0x400805e4
   2.14s  try 0x400805e4
   2.17s  try 0x400805e4
   2.20s  try 0x400805e4
   2.23s  try 0x400805e4
   2.26s  try 0x400805e4
   2.29s  try 0x400805e4
   2.32s  try 0x400805e4
   2.35s  try 0x400805e4
   2.38s  try 0x400805e4
   2.41s  try 0x400805e4
   2.44s  try 0x400805e4
   2.47s  try 0x400805e4
   2.50s  try 0x400805e4
   2.53s  try 0x400805e4
   2.56s  try 0x400805e4
   2.59s  try 0x400805e4
   2.62s  try 0x400805e4
   2.65s  try 0x400805e4
   2.68s  try 0x400805e4
   2.71s  try 0x400805e4
   2.74s  try 0x400805e4
   2.77s  try 0x400805e4
   2.80s  try 0x400805e4
   2.83s  try 0x400805e4
   2.86s  try 0x400805e4
   2.90s  try 0x400805e4
   2.93s  try 0x400805e4
   2.96s  try 0x400805e4
   2.99s  try 0x400805e4
   3.02s  try 0x400805e4
   3.05s  try 0x400805e4
   3.08s  try 0x400805e4
   3.11s  try 0x400805e4
   3.14s  try 0x400805e4
   3.17s  try 0x400805e4
   3.20s  try 0x400805e4
   3.23s  try 0x400805e4
   3.26s  try 0x400805e4
   3.29s  try 0x400805e4
   3.32s  try 0x400805e4
   3.35s  try 0x400805e4
   3.38s  try 0x400805e4
   3.41s  try 0x400805e4
   3.44s  try 0x400805e4
   3.47s  try 0x400805e4
   3.50s  try 0x400805e4
   3.53s  try 0x400805e4
   3.56s  try 0x400805e4
   3.59s  try 0x400805e4
   3.62s  try 0x400805e4
   3.65s  try 0x400805e4
   3.68s  try 0x400805e4
   3.71s  try 0x400805e4
   3.74s  try 0x400805e4
   3.77s  try 0x400805e4
   3.80s  try 0x400805e4
   3.84s  try 0x400805e4
   3.87s  try 0x400805e4
   3.90s  try 0x400805e4
   3.93s  try 0x400805e4
   3.96s  try 0x400805e4
   3.99s  try 0x400805e4
   4.02s  try 0x400805e4
   4.05s  try 0x400805e4
   4.08s  try 0x400805e4
   4.11s  try 0x400805e4
   4.14s  try 0x400805e4
   4.17s  try 0x400805e4
   4.20s  try 0x400805e4
   4.23s  try 0x400805e4
   4.26s  try 0x400805e4
   4.29s  try 0x400805e4
   4.32s  try 0x400805e4
   4.35s  try 0x400805e4
   4.38s  try 0x400805e4
   4.41s  try 0x400805e4
   4.44s  try 0x400805e4
   4.47s  try 0x400805e4
   4.50s  try 0x400805e4
   4.53s  try 0x400805e4
   4.56s  try 0x400805e4
   4.59s  try 0x400805e4
   4.62s  try 0x400805e4
   4.65s  try 0x400805e4
   4.68s  try 0x400805e4
   4.72s  try 0x400805e4
   4.75s  try 0x400805e4
   4.78s  try 0x400805e4
   4.81s  try 0x400805e4
   4.84s  try 0x400805e4
   4.87s  try 0x400805e4
   4.90s  try 0x400805e4
   4.93s  try 0x400805e4
   4.96s  try 0x400805e4
   4.99s  try 0x400805e4
   5.02s  try 0x400805e4
   5.05s  try 0x400805e4
   5.08s  try 0x400805e4
   5.11s  try 0x400805e4
   5.14s  try 0x400805e4
   5.17s  try 0x400805e4
   5.20s  try 0x400805e4
   5.23s  try 0x400805e4
   5.26s  try 0x400805e4
   5.29s  try 0x400805e4
   5.32s  try 0x400805e4
   5.35s  try 0x400805e4
   5.38s  try 0x400805e4
   5.41s  try 0x400805e4
   5.44s  try 0x400805e4
   5.47s  try 0x400805e4
   5.50s  try 0x400805e4
   5.53s  try 0x400805e4
   5.56s  try 0x400805e4
   5.59s  try 0x400805e4
   5.63s  try 0x400805e4
   5.66s  try 0x400805e4
   5.69s  try 0x400805e4
   5.72s  try 0x400805e4
   5.75s  try 0x400805e4
   5.78s  try 0x400805e4
   5.81s  try 0x400805e4
   5.84s  try 0x400805e4
   5.87s  try 0x400805e4
   5.90s  try 0x400805e4
   5.93s  try 0x400805e4
   5.96s  try 0x400805e4
   5.99s  try 0x400805e4
   6.02s  try 0x400805e4
   6.05s  try 0x400805e4
   6.08s  try 0x400805e4
   6.11s  try 0x400805e4
   6.14s  try 0x400805e4
   6.17s  try 0x400805e4
   6.20s  try 0x400805e4
   6.23s  try 0x400805e4
   6.26s  try 0x400805e4
   6.29s  try 0x400805e4
   6.32s  try 0x400805e4
   6.35s  try 0x400805e4
   6.38s  try 0x400805e4
   6.41s  try 0x400805e4
   6.45s  try 0x400805e4
   6.48s  try 0x400805e4
   6.51s  try 0x400805e4
   6.54s  try 0x400805e4
   6.57s  try 0x400805e4
   6.60s  try 0x400805e4
   6.63s  try 0x400805e4
   6.66s  try 0x400805e4
   6.69s  try 0x400805e4
   6.72s  try 0x400805e4
   6.75s  try 0x400805e4
   6.78s  try 0x400805e4
   6.81s  try 0x400805e4
   6.84s  try 0x400805e4
   6.87s  try 0x400805e4
   6.90s  try 0x400805e4
   6.93s  try 0x400805e4
   6.96s  try 0x400805e4
   6.99s  try 0x400805e4
   7.02s  try 0x400805e4
   7.05s  try 0x400805e4
   7.08s  try 0x400805e4
   7.11s  try 0x400805e4
   7.14s  try 0x400805e4
   7.17s  try 0x400805e4
   7.20s  try 0x400805e4
   7.23s  try 0x400805e4
   7.26s  try 0x400805e4
   7.29s  try 0x400805e4
   7.32s  try 0x400805e4
   7.36s  try 0x400805e4
   7.39s  try 0x400805e4
   7.42s  try 0x400805e4
   7.45s  try 0x400805e4
   7.48s  try 0x400805e4
   7.51s  try 0x400805e4
   7.54s  try 0x400805e4
   7.57s  try 0x400805e4
   7.60s  try 0x400805e4
   7.63s  try 0x400805e4
   7.66s  try 0x400805e4
   7.69s  try 0x400805e4
   7.72s  try 0x400805e4
   7.75s  try 0x400805e4
   7.78s  try 0x400805e4
   7.81s  try 0x400805e4
   7.84s  try 0x400805e4
   7.87s  try 0x400805e4
   7.90s  try 0x400805e4
   7.93s  try 0x400805e4
   7.96s  try 0x400805e4
   7.99s  try 0x400805e4
   8.02s  try 0x400805e4
   8.05s  try 0x400805e4
   8.08s  try 0x400805e4
   8.11s  try 0x400805e4
   8.14s  try 0x400805e4
   8.17s  try 0x400805e4
   8.20s  try 0x400805e4
   8.23s  try 0x400805e4
   8.26s  try 0x400805e4
   8.29s  try 0x400805e4
   8.32s  try 0x400805e4
   8.36s  try 0x400805e4
   8.39s  try 0x400805e4
   8.42s  try 0x400805e4
   8.45s  try 0x400805e4
   8.48s  try 0x400805e4
   8.51s  try 0x400805e4
   8.54s  try 0x400805e4
   8.57s  try 0x400805e4
   8.60s  try 0x400805e4
   8.63s  try 0x400805e4
   8.66s  try 0x400805e4
   8.69s  try 0x400805e4
   8.72s  try 0x400805e4
   8.75s  try 0x400805e4
   8.78s  try 0x400805e4
   8.81s  try 0x400805e4
   8.84s  try 0x400805e4
   8.87s  try 0x400805e4
   8.90s  try 0x400805e4
   8.93s  try 0x400805e4
   8.96s  try 0x400805e4
   8.99s  try 0x400805e4
   9.02s  try 0x400805e4
   9.05s  try 0x400805e4
   9.08s  try 0x400805e4
   9.11s  try 0x400805e4
   9.14s  try 0x400805e4
   9.17s  try 0x400805e4
   9.20s  try 0x400805e4
   9.23s  try 0x400805e4
   9.26s  try 0x400805e4
   9.29s  try 0x400805e4
   9.32s  try 0x400805e4
   9.35s  try 0x400805e4
   9.38s  try 0x400805e4
   9.41s  try 0x400805e4
   9.44s  try 0x400805e4
   9.48s  try 0x400805e4
   9.51s  try 0x400805e4
   9.54s  try 0x400805e4
   9.57s  try 0x400805e4
   9.60s  try 0x400805e4
   9.63s  try 0x400805e4
   9.66s  try 0x400805e4
   9.69s  try 0x400805e4
   9.72s  try 0x400805e4
   9.75s  try 0x400805e4
   9.78s  try 0x400805e4
   9.81s  try 0x400805e4
   9.84s  try 0x400805e4
   9.87s  try 0x400805e4
   9.90s  try 0x400805e4
   9.93s  try 0x400805e4
   9.96s  try 0x400805e4
   9.99s  try 0x400805e4
  10.02s  try 0x400805e4
  10.05s  try 0x400805e4
  10.08s  try 0x400805e4
  10.11s  try 0x400805e4
  10.14s  try 0x400805e4
  10.17s  try 0x400805e4
  10.20s  try 0x400805e4
  10.23s  try 0x400805e4
  10.26s  try 0x400805e4
  10.29s  try 0x400805e4
  10.32s  try 0x400805e4
  10.35s  try 0x400805e4
  10.38s  try 0x400805e4
  10.41s  try 0x400805e4
  10.44s  try 0x400805e4
  10.47s  try 0x400805e4
  10.51s  try 0x400805e4
  10.54s  try 0x400805e4
  10.57s  try 0x400805e4
  10.60s  try 0x400805e4
  10.63s  try 0x400805e4
  10.66s  try 0x400805e4
  10.69s  try 0x400805e4
  10.72s  try 0x400805e4
  10.75s  try 0x400805e4
  10.78s  try 0x400805e4
  10.81s  try 0x400805e4
  10.84s  try 0x400805e4
  10.87s  try 0x400805e4
  10.90s  try 0x400805e4
  10.93s  try 0x400805e4
  10.96s  try 0x400805e4
  10.99s  try 0x400805e4
  11.02s  try 0x400805e4
  11.05s  try 0x400805e4
  11.08s  try 0x400805e4
  11.11s  try 0x400805e4
  11.14s  try 0x400805e4
  11.17s  try 0x400805e4
  11.20s  try 0x400805e4
  11.23s  try 0x400805e4
  11.26s  try 0x400805e4
  11.29s  try 0x400805e4
  11.32s  try 0x400805e4
  11.35s  try 0x400805e4
  11.38s  try 0x400805e4
  11.41s  try 0x400805e4
  11.44s  try 0x400805e4
  11.47s  try 0x400805e4
  11.51s  try 0x400805e4
  11.54s  try 0x400805e4
  11.57s  try 0x400805e4
  11.60s  try 0x400805e4
  11.63s  try 0x400805e4
  11.66s  try 0x400805e4
  11.69s  try 0x400805e4
  11.72s  try 0x400805e4
  11.75s  try 0x400805e4
  11.78s  try 0x400805e4
  11.81s  try 0x400805e4
  11.84s  try 0x400805e4
  11.87s  try 0x400805e4
  11.90s  try 0x400805e4
  11.93s  try 0x400805e4
  11.96s  try 0x400805e4
  11.99s  try 0x400805e4
  12.02s  try 0x400805e4
  12.05s  try 0x400805e4
  12.08s  try 0x400805e4
  12.11s  try 0x400805e4
  12.14s  try 0x400805e4
  12.17s  try 0x400805e4
  12.20s  try 0x400805e4
  12.23s  try 0x400805e4
  12.26s  try 0x400805e4
  12.29s  try 0x400805e4
  12.32s  try 0x400805e4
  12.35s  try 0x400805e4
  12.38s  try 0x400805e4
  12.41s  try 0x400805e4
  12.45s  try 0x400805e4
  12.48s  try 0x400805e4
  12.51s  try 0x400805e4
  12.54s  try 0x400805e4
  12.57s  try 0x400805e4
  12.60s  try 0x400805e4
  12.63s  try 0x400805e4
  12.66s  try 0x400805e4
  12.69s  try 0x400805e4
  12.72s  try 0x400805e4
  12.75s  try 0x400805e4
  12.78s  try 0x400805e4
  12.81s  try 0x400805e4
  12.84s  try 0x400805e4
  12.87s  try 0x400805e4
  12.90s  try 0x400805e4
  12.93s  try 0x400805e4
  12.96s  try 0x400805e4
  12.99s  try 0x400805e4
  13.02s  try 0x400805e4
  13.04s  try 0x400805e4
  13.07s  try 0x400805e4
  13.10s  try 0x400805e4
  13.13s  try 0x400805e4
  13.16s  try 0x400805e4
  13.19s  try 0x400805e4
  13.22s  try 0x400805e4
  13.25s  try 0x400805e4
  13.28s  try 0x400805e4
  13.31s  try 0x400805e4
  13.34s  try 0x400805e4
  13.37s  try 0x400805e4
  13.40s  try 0x400805e4
  13.43s  try 0x400805e4
  13.46s  try 0x400805e4
  13.49s  try 0x400805e4
  13.52s  try 0x400805e4
  13.55s  try 0x400805e4
  13.58s  try 0x400805e4
  13.62s  try 0x400805e4
  13.65s  try 0x400805e4
  13.68s  try 0x400805e4
  13.71s  try 0x400805e4
  13.74s  try 0x400805e4
  13.77s  try 0x400805e4
  13.80s  try 0x400805e4
  13.83s  try 0x400805e4
  13.86s  try 0x400805e4
  13.89s  try 0x400805e4
  13.92s  try 0x400805e4
  13.95s  try 0x400805e4
  13.98s  try 0x400805e4
  14.01s  try 0x400805e4
  14.04s  try 0x400805e4
  14.07s  try 0x400805e4
  14.10s  try 0x400805e4
  14.13s  try 0x400805e4
  14.16s  try 0x400805e4
  14.19s  try 0x400805e4
  14.22s  try 0x400805e4
  14.25s  try 0x400805e4
  14.28s  try 0x400805e4
  14.31s  try 0x400805e4
  14.34s  try 0x400805e4
  14.37s  try 0x400805e4
  14.40s  try 0x400805e4
  14.43s  try 0x400805e4
  14.46s  try 0x400805e4
  14.49s  try 0x400805e4
  14.52s  try 0x400805e4
  14.55s  try 0x400805e4
  14.58s  try 0x400805e4
  14.61s  try 0x400805e4
  14.64s  try 0x400805e4
  14.68s  try 0x400805e4
  14.71s  try 0x400805e4
  14.74s  try 0x400805e4
  14.77s  try 0x400805e4
  14.80s  try 0x400805e4
  14.83s  try 0x400805e4
  14.86s  try 0x400805e4
  14.89s  try 0x400805e4
  14.92s  try 0x400805e4
  14.95s  try 0x400805e4
  14.98s  try 0x400805e4
  15.01s  try 0x400805e4
  15.04s  try 0x400805e4
  15.07s  try 0x400805e4
  15.10s  try 0x400805e4
  15.13s  try 0x400805e4
  15.16s  try 0x400805e4
  15.19s  try 0x400805e4
  15.22s  try 0x400805e4
  15.25s  try 0x400805e4
  15.28s  try 0x400805e4
  15.31s  try 0x400805e4
  15.34s  try 0x400805e4
  15.37s  try 0x400805e4
  15.40s  try 0x400805e4
  15.43s  try 0x400805e4
  15.46s  try 0x400805e4
  15.49s  try 0x400805e4
  15.52s  try 0x400805e4
  15.55s  try 0x400805e4
  15.58s  try 0x400805e4
  15.61s  try 0x400805e4
  15.64s  try 0x400805e4
  15.67s  try 0x400805e4
  15.71s  try 0x400805e4
  15.74s  try 0x400805e4
  15.77s  try 0x400805e4
  15.77s  try 0x400805e4
  15.80s  try 0x400805e4
  15.83s  try 0x400805e4
  15.86s  try 0x400805e4
  15.89s  try 0x400805e4
  15.92s  try 0x400805e4
  15.95s  try 0x400805e4
  15.99s  try 0x400805e4
  16.02s  try 0x400805e4
  16.05s  try 0x400805e4
  16.08s  try 0x400805e4
  16.11s  try 0x400805e4
  16.14s  try 0x400805e4
  16.17s  try 0x400805e4
  16.20s  try 0x400805e4
  16.23s  try 0x400805e4
  16.26s  try 0x400805e4
  16.29s  try 0x400805e4
  16.32s  try 0x400805e4
  16.35s  try 0x400805e4
  16.38s  try 0x400805e4
  16.41s  try 0x400805e4
  16.44s  try 0x400805e4
  16.47s  try 0x400805e4
  16.50s  try 0x400805e4
  16.53s  try 0x400805e4
  16.56s  try 0x400805e4
  16.59s  try 0x400805e4
  16.62s  try 0x400805e4
  16.65s  try 0x400805e4
  16.68s  try 0x400805e4
  16.71s  try 0x400805e4
  16.74s  try 0x400805e4
  16.77s  try 0x400805e4
  16.80s  try 0x400805e4
  16.83s  try 0x400805e4
  16.86s  try 0x400805e4
  16.90s  try 0x400805e4
  16.93s  try 0x400805e4
  16.96s  try 0x400805e4
  16.99s  try 0x400805e4
  17.02s  try 0x400805e4
  17.05s  try 0x400805e4
  17.08s  try 0x400805e4
  17.11s  try 0x400805e4
  17.14s  try 0x400805e4
  17.17s  try 0x400805e4
  17.20s  try 0x400805e4
  17.23s  try 0x400805e4
  17.26s  try 0x400805e4
  17.29s  try 0x400805e4
  17.32s  try 0x400805e4
  17.35s  try 0x400805e4
  17.38s  try 0x400805e4
  17.41s  try 0x400805e4
  17.44s  try 0x400805e4
  17.47s  try 0x400805e4
  17.50s  try 0x400805e4
  17.53s  try 0x400805e4
  17.56s  try 0x400805e4
  17.59s  try 0x400805e4
  17.62s  try 0x400805e4
  17.65s  try 0x400805e4
  17.68s  try 0x400805e4
  17.71s  try 0x400805e4
  17.75s  try 0x400805e4
  17.78s  try 0x400805e4
  17.81s  try 0x400805e4
  17.84s  try 0x400805e4
  17.87s  try 0x400805e4
  17.90s  try 0x400805e4
  17.93s  try 0x400805e4
  17.96s  try 0x400805e4
  17.99s  try 0x400805e4
  18.02s  try 0x400805e4
  18.05s  try 0x400805e4
  18.08s  try 0x400805e4
  18.11s  try 0x400805e4
  18.14s  try 0x400805e4
  18.17s  try 0x400805e4
  18.20s  try 0x400805e4
  18.23s  try 0x400805e4
  18.26s  try 0x400805e4
  18.29s  try 0x400805e4
  18.32s  try 0x400805e4
  18.35s  try 0x400805e4
  18.38s  try 0x400805e4
  18.41s  try 0x400805e4
  18.44s  try 0x400805e4
  18.47s  try 0x400805e4
  18.50s  try 0x400805e4
  18.53s  try 0x400805e4
  18.56s  try 0x400805e4
  18.59s  try 0x400805e4
  18.62s  try 0x400805e4
  18.65s  try 0x400805e4
  18.69s  try 0x400805e4
  18.72s  try 0x400805e4
  18.75s  try 0x400805e4
  18.78s  try 0x400805e4
  18.81s  try 0x400805e4
  18.84s  try 0x400805e4
  18.87s  try 0x400805e4
  18.90s  try 0x400805e4
  18.93s  try 0x400805e4
  18.96s  try 0x400805e4
  18.99s  try 0x400805e4
  19.02s  try 0x400805e4
  19.05s  try 0x400805e4
  19.08s  try 0x400805e4
  19.11s  try 0x400805e4
  19.14s  try 0x400805e4
  19.17s  try 0x400805e4
  19.20s  try 0x400805e4
  19.23s  try 0x400805e4
  19.26s  try 0x400805e4
  19.29s  try 0x400805e4
  19.32s  try 0x400805e4
  19.35s  try 0x400805e4
  19.38s  try 0x400805e4
  19.41s  try 0x400805e4
  19.44s  try 0x400805e4
  19.47s  try 0x400805e4
  19.50s  try 0x400805e4
  19.53s  try 0x400805e4
  19.56s  try 0x400805e4
  19.59s  try 0x400805e4
  19.63s  try 0x400805e4
  19.66s  try 0x400805e4
  19.69s  try 0x400805e4
  19.72s  try 0x400805e4
  19.75s  try 0x400805e4
  19.78s  try 0x400805e4
  19.81s  try 0x400805e4
  19.84s  try 0x400805e4
  19.87s  try 0x400805e4
  19.90s  try 0x400805e4
  19.93s  try 0x400805e4
  19.96s  try 0x400805e4
  19.99s  try 0x400805e4
  20.02s  try 0x400805e4
  20.05s  try 0x400805e4
  20.08s  try 0x400805e4
  20.11s  try 0x400805e4
  20.14s  try 0x400805e4
  20.17s  try 0x400805e4
  20.20s  try 0x400805e4
  20.23s  try 0x400805e4
  20.26s  try 0x400805e4
  20.29s  try 0x400805e4
  20.32s  try 0x400805e4
  20.35s  try 0x400805e4
  20.38s  try 0x400805e4
  20.41s  try 0x400805e4
  20.44s  try 0x400805e4
  20.47s  try 0x400805e4
  20.50s  try 0x400805e4
  20.53s  try 0x400805e4
  20.56s  try 0x400805e4
  20.59s  try 0x400805e4
  20.62s  try 0x400805e4
  20.66s  try 0x400805e4
  20.69s  try 0x400805e4
  20.72s  try 0x400805e4
  20.75s  try 0x400805e4
  20.78s  try 0x400805e4
  20.81s  try 0x400805e4
  20.84s  try 0x400805e4
  20.87s  try 0x400805e4
  20.90s  try 0x400805e4
  20.93s  try 0x400805e4
  20.96s  try 0x400805e4
  20.99s  try 0x400805e4
  21.02s  try 0x400805e4
  21.05s  try 0x400805e4
  21.08s  try 0x400805e4
  21.11s  try 0x400805e4
  21.14s  try 0x400805e4
  21.17s  try 0x400805e4
  21.20s  try 0x400805e4
  21.23s  try 0x400805e4
  21.26s  try 0x400805e4
  21.29s  try 0x400805e4
  21.32s  try 0x400805e4
  21.35s  try 0x400805e4
  21.38s  try 0x400805e4
  21.41s  try 0x400805e4
  21.44s  try 0x400805e4
  21.47s  try 0x400805e4
  21.50s  try 0x400805e4
  21.53s  try 0x400805e4
  21.56s  try 0x400805e4
  21.60s  try 0x400805e4
  21.62s  try 0x400805e4
  21.65s  try 0x400805e4
  21.68s  try 0x400805e4
  21.71s  try 0x400805e4
  21.74s  try 0x400805e4
  21.77s  try 0x400805e4
  21.80s  try 0x400805e4
  21.83s  try 0x400805e4
  21.86s  try 0x400805e4
  21.89s  try 0x400805e4
  21.92s  try 0x400805e4
  21.95s  try 0x400805e4
  21.98s  try 0x400805e4
  22.01s  try 0x400805e4
  22.04s  try 0x400805e4
  22.07s  try 0x400805e4
  22.10s  try 0x400805e4
  22.13s  try 0x400805e4
  22.16s  try 0x400805e4
  22.19s  try 0x400805e4
  22.22s  try 0x400805e4
  22.25s  try 0x400805e4
  22.28s  try 0x400805e4
  22.31s  try 0x400805e4
  22.34s  try 0x400805e4
  22.38s  try 0x400805e4
  22.41s  try 0x400805e4
  22.44s  try 0x400805e4
  22.46s  try 0x400805e4
  22.49s  try 0x400805e4
  22.52s  try 0x400805e4
  22.55s  try 0x400805e4
  22.58s  try 0x400805e4
  22.61s  try 0x400805e4
  22.64s  try 0x400805e4
  22.67s  try 0x400805e4
  22.70s  try 0x400805e4
  22.73s  try 0x400805e4
  22.76s  try 0x400805e4
  22.79s  try 0x400805e4
  22.81s  try 0x400805e4
  22.84s  try 0x400805e4
  22.87s  try 0x400805e4
  22.90s  try 0x400805e4
  22.93s  try 0x400805e4
  22.96s  try 0x400805e4
  22.99s  try 0x400805e4
  23.02s  try 0x400805e4
  23.05s  try 0x400805e4
  23.08s  try 0x400805e4
  23.12s  try 0x400805e4
  23.15s  try 0x400805e4
  23.15s  try 0x400805e4
  23.18s  try 0x400805e4
  23.21s  try 0x400805e4
  23.25s  try 0x400805e4
  23.28s  try 0x400805e4
  23.31s  try 0x400805e4
  23.34s  try 0x400805e4
  23.37s  try 0x400805e4
  23.40s  try 0x400805e4
  23.43s  try 0x400805e4
  23.46s  try 0x400805e4
  23.49s  try 0x400805e4
  23.52s  try 0x400805e4
  23.55s  try 0x400805e4
  23.58s  try 0x400805e4
  23.61s  try 0x400805e4
  23.64s  try 0x400805e4
  23.66s  try 0x400805e4
  23.69s  try 0x400805e4
  23.72s  try 0x400805e4
  23.75s  try 0x400805e4
  23.79s  try 0x400805e4
  23.82s  try 0x400805e4
  23.82s  try 0x400805e4
  23.85s  try 0x400805e4
  23.88s  try 0x400805e4
  23.91s  try 0x400805e4
  23.94s  try 0x400805e4
  23.97s  try 0x400805e4
  24.00s  try 0x400805e4
  24.03s  try 0x400805e4
  24.07s  try 0x400805e4
  24.10s  try 0x400805e4
  24.12s  try 0x400805e4
  24.15s  try 0x400805e4
  24.18s  try 0x400805e4
  24.21s  try 0x400805e4
  24.24s  try 0x400805e4
  24.25s  try 0x400805e4
  24.28s  try 0x400805e4
  24.31s  try 0x400805e4
  24.34s  try 0x400805e4
  24.37s  try 0x400805e4
  24.40s  try 0x400805e4
  24.43s  try 0x400805e4
  24.46s  try 0x400805e4
  24.49s  try 0x400805e4
  24.50s  try 0x400805e4
  24.53s  try 0x400805e4
  24.56s  try 0x400805e4
  24.59s  try 0x400805e4
  24.59s  try 0x400805e4
  24.62s  try 0x400805e4
  24.65s  try 0x400805e4
  24.68s  try 0x400805e4
  24.71s  try 0x400805e4
  24.74s  try 0x400805e4
  24.77s  try 0x400805e4
  24.80s  try 0x400805e4
  24.83s  try 0x400805e4
  24.84s  try 0x400805e4
  24.87s  try 0x400805e4
  24.90s  try 0x400805e4
  24.93s  try 0x400805e4
  24.96s  try 0x400805e4
  24.98s  try 0x400805e4
  25.01s  try 0x400805e4
  25.05s  try 0x400805e4
  25.08s  try 0x400805e4
  25.11s  try 0x400805e4
  25.13s  try 0x400805e4
  25.16s  try 0x400805e4
  25.19s  try 0x400805e4
  25.22s  try 0x400805e4
  25.25s  try 0x400805e4
  25.27s  try 0x400805e4
  25.30s  try 0x400805e4
  25.33s  try 0x400805e4
  25.36s  try 0x400805e4
  25.39s  try 0x400805e4
  25.39s  try 0x400805e4
  25.42s  try 0x400805e4
  25.45s  try 0x400805e4
  25.48s  try 0x400805e4
  25.51s  try 0x400805e4
  25.54s  try 0x400805e4
  25.57s  try 0x400805e4
  25.60s  try 0x400805e4
  25.63s  try 0x400805e4
  25.66s  try 0x400805e4
  25.68s  try 0x400805e4
  25.71s  try 0x400805e4
  25.74s  try 0x400805e4
  25.77s  try 0x400805e4
  25.80s  try 0x400805e4
  25.80s  try 0x400805e4
  25.83s  try 0x400805e4
  25.86s  try 0x400805e4
  25.90s  try 0x400805e4
  25.93s  try 0x400805e4
  25.96s  try 0x400805e4
  25.99s  try 0x400805e4
  26.02s  try 0x400805e4
  26.05s  try 0x400805e4
  26.08s  try 0x400805e4
  26.08s  try 0x400805e4
  26.11s  try 0x400805e4
  26.14s  try 0x400805e4
  26.17s  try 0x400805e4
  26.20s  try 0x400805e4
  26.23s  try 0x400805e4
  26.26s  try 0x400805e4
  26.29s  try 0x400805e4
  26.32s  try 0x400805e4
  26.35s  try 0x400805e4
  26.38s  try 0x400805e4
  26.41s  try 0x400805e4
  26.44s  try 0x400805e4
  26.47s  try 0x400805e4
  26.49s  try 0x400805e4
  26.52s  try 0x400805e4
  26.55s  try 0x400805e4
  26.58s  try 0x400805e4
  26.61s  try 0x400805e4
  26.64s  try 0x400805e4
  26.67s  try 0x400805e4
  26.70s  try 0x400805e4
  26.74s  try 0x400805e4
  26.77s  try 0x400805e4
  26.80s  try 0x400805e4
  26.81s  try 0x400805e4
  26.84s  try 0x400805e4
  26.87s  try 0x400805e4
  26.90s  try 0x400805e4
  26.93s  try 0x400805e4
  26.96s  try 0x400805e4
  26.99s  try 0x400805e4
  27.02s  try 0x400805e4
  27.05s  try 0x400805e4
  27.08s  try 0x400805e4
  27.11s  try 0x400805e4
  27.14s  try 0x400805e4
  27.14s  try 0x400805e4
  27.17s  try 0x400805e4
  27.20s  try 0x400805e4
  27.23s  try 0x400805e4
  27.27s  try 0x400805e4
  27.30s  try 0x400805e4
  27.33s  try 0x400805e4
  27.36s  try 0x400805e4
  27.39s  try 0x400805e4
  27.42s  try 0x400805e4
  27.45s  try 0x400805e4
  27.48s  try 0x400805e4
  27.51s  try 0x400805e4
  27.51s  try 0x400805e4
  27.54s  try 0x400805e4
  27.57s  try 0x400805e4
  27.60s  try 0x400805e4
  27.63s  try 0x400805e4
  27.66s  try 0x400805e4
  27.69s  try 0x400805e4
  27.72s  try 0x400805e4
  27.75s  try 0x400805e4
  27.78s  try 0x400805e4
  27.81s  try 0x400805e4
  27.82s  try 0x400805e4
  27.85s  try 0x400805e4
  27.88s  try 0x400805e4
  27.91s  try 0x400805e4
  27.94s  try 0x400805e4
  27.97s  try 0x400805e4
  28.00s  try 0x400805e4
  28.03s  try 0x400805e4
  28.06s  try 0x400805e4
  28.09s  try 0x400805e4
  28.09s  try 0x400805e4
  28.12s  try 0x400805e4
  28.15s  try 0x400805e4
  28.18s  try 0x400805e4
  28.21s  try 0x400805e4
  28.24s  try 0x400805e4
  28.27s  try 0x400805e4
  28.30s  try 0x400805e4
  28.34s  try 0x400805e4
  28.37s  try 0x400805e4
  28.40s  try 0x400805e4
  28.43s  try 0x400805e4
  28.46s  try 0x400805e4
  28.49s  try 0x400805e4
  28.52s  try 0x400805e4
  28.55s  try 0x400805e4
  28.58s  try 0x400805e4
  28.61s  try 0x400805e4
  28.64s  try 0x400805e4
  28.67s  try 0x400805e4
  28.70s  try 0x400805e4
  28.73s  try 0x400805e4
  28.76s  try 0x400805e4
  28.79s  try 0x400805e4
  28.82s  try 0x400805e4
  28.85s  try 0x400805e4
  28.88s  try 0x400805e4
  28.91s  try 0x400805e4
  28.94s  try 0x400805e4
  28.97s  try 0x400805e4
  29.00s  try 0x400805e4
  29.03s  try 0x400805e4
  29.06s  try 0x400805e4
  29.09s  try 0x400805e4
  29.12s  try 0x400805e4
  29.15s  try 0x400805e4
  29.18s  try 0x400805e4
  29.22s  try 0x400805e4
  29.25s  try 0x400805e4
  29.28s  try 0x400805e4
  29.31s  try 0x400805e4
  29.34s  try 0x400805e4
  29.37s  try 0x400805e4
  29.40s  try 0x400805e4
  29.43s  try 0x400805e4
  29.46s  try 0x400805e4
  29.49s  try 0x400805e4
  29.52s  try 0x400805e4
  29.55s  try 0x400805e4
  29.58s  try 0x400805e4
  29.61s  try 0x400805e4
  29.64s  try 0x400805e4
  29.67s  try 0x400805e4
  29.70s  try 0x400805e4
  29.73s  try 0x400805e4
  29.73s  try 0x400805e4
  29.76s  try 0x400805e4
  29.79s  try 0x400805e4
  29.82s  try 0x400805e4
  29.85s  try 0x400805e4
  29.89s  try 0x400805e4
  29.92s  try 0x400805e4
  29.93s  try 0x400805e4
  29.97s  try 0x400805e4
  30.00s  try 0x400805e4
  30.03s  try 0x400805e4
  30.06s  try 0x400805e4
  30.09s  try 0x400805e4
  30.09s  try 0x400805e4
  30.12s  try 0x400805e4
  30.15s  try 0x400805e4
  30.18s  try 0x400805e4
  30.21s  try 0x400805e4
  30.24s  try 0x400805e4
  30.27s  try 0x400805e4
  30.28s  try 0x400805e4
  30.31s  try 0x400805e4
  30.34s  try 0x400805e4
  30.37s  try 0x400805e4
  30.40s  try 0x400805e4
  30.43s  try 0x400805e4
  30.46s  try 0x400805e4
  30.49s  try 0x400805e4
  30.52s  try 0x400805e4
  30.55s  try 0x400805e4
  30.58s  try 0x400805e4
  30.61s  try 0x400805e4
  30.64s  try 0x400805e4
  30.66s  try 0x400805e4
  30.69s  try 0x400805e4
  30.72s  try 0x400805e4
  30.75s  try 0x400805e4
  30.78s  try 0x400805e4
  30.81s  try 0x400805e4
  30.84s  try 0x400805e4
  30.87s  try 0x400805e4
  30.90s  try 0x400805e4
  30.93s  try 0x400805e4
  30.96s  try 0x400805e4
  30.99s  try 0x400805e4
  31.02s  try 0x400805e4
  31.05s  try 0x400805e4
  31.08s  try 0x400805e4
  31.12s  try 0x400805e4
  31.15s  try 0x400805e4
  31.18s  try 0x400805e4
  31.21s  try 0x400805e4
  31.24s  try 0x400805e4
  31.27s  try 0x400805e4
  31.30s  try 0x400805e4
  31.33s  try 0x400805e4
  31.36s  try 0x400805e4
  31.39s  try 0x400805e4
  31.42s  try 0x400805e4
  31.45s  try 0x400805e4
  31.48s  try 0x400805e4
  31.51s  try 0x400805e4
  31.54s  try 0x400805e4
  31.57s  try 0x400805e4
  31.60s  try 0x400805e4
  31.63s  try 0x400805e4
  31.66s  try 0x400805e4
  31.69s  try 0x400805e4
  31.72s  try 0x400805e4
  31.75s  try 0x400805e4
  31.75s  try 0x400805e4
  31.78s  try 0x400805e4
  31.81s  try 0x400805e4
  31.84s  try 0x400805e4
  31.88s  try 0x400805e4
  31.91s  try 0x400805e4
  31.94s  try 0x400805e4
  31.97s  try 0x400805e4
  32.00s  try 0x400805e4
  32.03s  try 0x400805e4
  32.06s  try 0x400805e4
  32.09s  try 0x400805e4
  32.12s  try 0x400805e4
  32.15s  try 0x400805e4
  32.15s  try 0x400805e4
  32.18s  try 0x400805e4
  32.21s  try 0x400805e4
  32.24s  try 0x400805e4
  32.27s  try 0x400805e4
  32.31s  try 0x400805e4
  32.34s  try 0x400805e4
  32.36s  try 0x400805e4
  32.39s  try 0x400805e4
  32.42s  try 0x400805e4
  32.45s  try 0x400805e4
  32.48s  try 0x400805e4
  32.51s  try 0x400805e4
  32.54s  try 0x400805e4
  32.54s  try 0x400805e4
  32.57s  try 0x400805e4
  32.60s  try 0x400805e4
  32.63s  try 0x400805e4
  32.66s  try 0x400805e4
  32.69s  try 0x400805e4
  32.72s  try 0x400805e4
  32.75s  try 0x400805e4
  32.78s  try 0x400805e4
  32.81s  try 0x400805e4
  32.84s  try 0x400805e4
  32.87s  try 0x400805e4
  32.90s  try 0x400805e4
  32.93s  try 0x400805e4
  32.96s  try 0x400805e4
  32.97s  try 0x400805e4
  33.00s  try 0x400805e4
  33.03s  try 0x400805e4
  33.06s  try 0x400805e4
  33.09s  try 0x400805e4
  33.12s  try 0x400805e4
  33.15s  try 0x400805e4
  33.18s  try 0x400805e4
  33.21s  try 0x400805e4
  33.24s  try 0x400805e4
  33.27s  try 0x400805e4
  33.30s  try 0x400805e4
  33.30s  try 0x400805e4
  33.33s  try 0x400805e4
  33.36s  try 0x400805e4
  33.39s  try 0x400805e4
  33.42s  try 0x400805e4
  33.45s  try 0x400805e4
  33.48s  try 0x400805e4
  33.52s  try 0x400805e4
  33.55s  try 0x400805e4
  33.58s  try 0x400805e4
  33.61s  try 0x400805e4
  33.64s  try 0x400805e4
  33.67s  try 0x400805e4
  33.70s  try 0x400805e4
  33.73s  try 0x400805e4
  33.76s  try 0x400805e4
  33.79s  try 0x400805e4
  33.82s  try 0x400805e4
  33.85s  try 0x400805e4
  33.88s  try 0x400805e4
  33.91s  try 0x400805e4
  33.94s  try 0x400805e4
  33.97s  try 0x400805e4
  34.00s  try 0x400805e4
  34.03s  try 0x400805e4
  34.06s  try 0x400805e4
  34.09s  try 0x400805e4
  34.12s  try 0x400805e4
  34.15s  try 0x400805e4
  34.18s  try 0x400805e4
  34.21s  try 0x400805e4
  34.24s  try 0x400805e4
  34.27s  try 0x400805e4
